Tried aggregator 2 times.
MIP Presolve eliminated 1005 rows and 114 columns.
MIP Presolve modified 483 coefficients.
Aggregator did 37 substitutions.
Reduced MIP has 1068 rows, 1892 columns, and 6796 nonzeros.
Reduced MIP has 967 binaries, 2 generals, 0 SOSs, and 0 indicators.
Presolve time = 0.01 sec. (8.29 ticks)
Found incumbent of value 3950.000000 after 0.02 sec. (18.97 ticks)
Probing time = 0.01 sec. (9.40 ticks)
Tried aggregator 2 times.
MIP Presolve eliminated 3 rows and 2 columns.
MIP Presolve modified 3 coefficients.
Aggregator did 1 substitutions.
Reduced MIP has 1064 rows, 1889 columns, and 6789 nonzeros.
Reduced MIP has 965 binaries, 20 generals, 0 SOSs, and 0 indicators.
Presolve time = 0.01 sec. (7.35 ticks)
Probing time = 0.00 sec. (3.09 ticks)
Clique table members: 1498.
MIP emphasis: balance optimality and feasibility.
MIP search method: dynamic search.
Parallel mode: none, using 1 thread.
Root relaxation solution time = 0.02 sec. (37.74 ticks)

        Nodes                                         Cuts/
   Node  Left     Objective  IInf  Best Integer    Best Bound    ItCnt     Gap

*     0+    0                         3950.0000        0.0000      758  100.00%
      0     0      110.7813   119     3950.0000      110.7813      758   97.20%
      0     0      112.2015   130     3950.0000      Cuts: 55     1439   97.16%
      0     0      187.0201   112     3950.0000      Cuts: 86     1804   95.27%
      0     0      209.6824   116     3950.0000      Cuts: 66     2068   94.69%
*     0+    0                         2020.0000      209.6824     2068   89.62%
*     0+    0                         1590.0000      209.6824     2068   86.81%
*     0+    0                         1460.0000      209.6824     2068   85.64%
*     0+    0                         1100.0000      209.6824     2068   80.94%
      0     0      210.0749   112     1100.0000      Cuts: 32     2185   80.90%
      0     0      211.4426   111     1100.0000      Cuts: 61     2377   80.78%
      0     0      211.4426   109     1100.0000      Cuts: 14     2412   80.78%
      0     0      211.4426   104     1100.0000       Cuts: 7     2452   80.78%
      0     2      211.4426   102     1100.0000      211.4426     2452   80.78%
Elapsed time = 0.81 sec. (1005.70 ticks, tree = 0.00 MB, solutions = 5)
     10    12      214.4501   103     1100.0000      214.3177     3198   80.52%
     30    32      257.3276    76     1100.0000      214.3706     5425   80.51%
     63    65      270.3671    73     1100.0000      214.3706     9680   80.51%
    120   120      332.2083    49     1100.0000      214.3706    13453   80.51%
    162   160      450.3266    40     1100.0000      214.3706    16753   80.51%
    200   191     1070.8893    11     1100.0000      214.3706    22744   80.51%
*   203+  185                         1040.0000      214.3706    23174   79.39%
    212   196      320.0000   101     1040.0000      214.3706    26308   79.39%
    240   224      466.1038    45     1040.0000      214.3706    29901   79.39%
    293   277      553.8074    28     1040.0000      214.3706    33465   79.39%
*   492+  306                         1000.0000      353.5180    51178   64.65%
*   492+  204                          960.0000      353.5180    51178   63.18%
*   492+  136                          910.0000      353.5180    51178   61.15%
    492   137      619.0000   105      910.0000      619.0000    60561   31.98%
Elapsed time = 6.24 sec. (8005.34 ticks, tree = 1.64 MB, solutions = 9)
    506   144      755.7490    73      910.0000      620.0000    65000   31.87%
    532   154      770.0000    60      910.0000      620.0000    72991   31.87%
    592   174      827.8686    37      910.0000      620.0000    86965   31.87%
    667   187      882.4157    19      910.0000      620.0000   105757   31.87%
    747   198      852.0000    30      910.0000      620.4812   125279   31.82%
    812   248      634.6958    88      910.0000      620.4812   141571   31.82%
    967   388      626.1803   118      910.0000      621.8767   156009   31.66%
   1101   513      895.0232    29      910.0000      621.8767   165160   31.66%
   1207   603      850.0953    37      910.0000      621.9532   179409   31.65%
   1312   690      888.0000    11      910.0000      621.9532   192824   31.65%
Elapsed time = 13.75 sec. (17943.99 ticks, tree = 4.57 MB, solutions = 9)
   1411   783      882.7006    34      910.0000      623.5004   204931   31.48%
   1586   946      865.2754    46      910.0000      623.5795   216570   31.47%
   1698  1040      807.2283    46      910.0000      623.6345   228652   31.47%
   1851  1176      650.7681    79      910.0000      623.6817   240737   31.46%
   2040  1353      903.1915    31      910.0000      623.6817   251621   31.46%
   2163  1471      866.1753    22      910.0000      624.1220   263912   31.42%
   2360  1648      868.0000    43      910.0000      624.6341   276348   31.36%
   2549  1824      865.4425    27      910.0000      625.0000   288082   31.32%
   2760  2013      908.2781    34      910.0000      625.2564   299039   31.29%
   2974  2204      769.0461    54      910.0000      625.3463   311072   31.28%
Elapsed time = 20.98 sec. (27665.57 ticks, tree = 25.67 MB, solutions = 9)
   3215  2413      862.3091    39      910.0000      625.3463   322552   31.28%
   3431  2610    infeasible            910.0000      625.4160   335248   31.27%
   3637  2798      842.7226    38      910.0000      625.4673   348255   31.27%
   3834  2984      845.2390    26      910.0000      625.4881   360196   31.27%
   3950  3091      796.7088    56      910.0000      625.5446   372246   31.26%
   4178  3303      841.8619    44      910.0000      625.6198   382804   31.25%
   4444  3537      654.7863    83      910.0000      626.1803   393467   31.19%
   4594  3683      889.6977    23      910.0000      626.1803   400512   31.19%
   4708  3787      878.7363    46      910.0000      626.1803   410082   31.19%
   4892  3949      665.2374    90      910.0000      626.1803   417879   31.19%
Elapsed time = 27.95 sec. (37277.83 ticks, tree = 53.13 MB, solutions = 9)
   5206  4255      865.0000    23      910.0000      627.1676   427206   31.08%
   5357  4399      852.5017    22      910.0000      627.1838   437762   31.08%
   5492  4519      865.5383    29      910.0000      627.2445   448198   31.07%
   5767  4783      890.3878    29      910.0000      627.2807   457613   31.07%
   5969  4962      667.4023    81      910.0000      627.8185   468640   31.01%
   6196  5173      852.8859    52      910.0000      628.0537   478498   30.98%
   6442  5404      860.6369    35      910.0000      628.2716   489492   30.96%
   6725  5670      887.0000    36      910.0000      628.6890   499792   30.91%
   6983  5911      651.2046    82      910.0000      629.2569   512388   30.85%
   7147  6057      855.2557    46      910.0000      629.3958   524925   30.84%
Elapsed time = 35.09 sec. (46989.97 ticks, tree = 81.96 MB, solutions = 9)
   7492  6381      880.3040    19      910.0000      629.6201   534961   30.81%
   7692  6564      875.0232    53      910.0000      629.9280   544939   30.78%
   7942  6781      875.0442    43      910.0000      630.0170   554003   30.77%
   8231  7056      900.0000    22      910.0000      630.0669   563416   30.76%
   8476  7278      743.9548    83      910.0000      630.4657   574064   30.72%
   8547  7345      662.3671    72      910.0000      630.5259   577476   30.71%
   8677  7466      801.3774    46      910.0000      630.5308   589084   30.71%
   8981  7747      890.9857    27      910.0000      630.8759   599663   30.67%
   9176  7929      882.9466    20      910.0000      630.9410   610320   30.67%
   9425  8152      843.3680    49      910.0000      631.5644   622532   30.60%
Elapsed time = 42.57 sec. (57187.04 ticks, tree = 108.16 MB, solutions = 9)
   9701  8420      900.4249    30      910.0000      631.7338   632089   30.58%
   9940  8646      641.9314    86      910.0000      632.0116   643515   30.55%
  10077  8778      811.2037    61      910.0000      632.0778   656261   30.54%
* 10332+ 8538                          900.0000      632.1124   661876   29.77%
  10332  8540      868.1215    49      900.0000      632.1124   661876   29.77%
  10333  8541      632.1338    99      900.0000      632.1338   661898   29.76%
  10509  8702        cutoff            900.0000      632.2348   674229   29.75%
  10787  8960      876.3797    48      900.0000      632.6273   684792   29.71%
  11048  9203      741.2571    58      900.0000      633.2625   695181   29.64%
  11287  9419      898.1514    29      900.0000      633.3417   707234   29.63%
  11597  9717      892.2641    30      900.0000      633.3521   719734   29.63%
Elapsed time = 56.58 sec. (74168.32 ticks, tree = 126.73 MB, solutions = 10)
  11817  9910      852.3444    36      900.0000      633.4644   731818   29.62%
  12124 10198      648.7409    78      900.0000      633.8477   744384   29.57%
  12324 10384      847.5412    36      900.0000      633.8832   757601   29.57%
  12558 10598      752.5677    65      900.0000      633.9988   771343   29.56%
  12848 10879      678.1042    74      900.0000      634.1302   783261   29.54%
  13129 11127      870.4636    31      900.0000      634.2407   795941   29.53%
  13304 11280      755.4908    59      900.0000      634.3814   808788   29.51%
  13608 11570      893.9748    28      900.0000      634.3861   819438   29.51%
  13739 11689      877.3333    47      900.0000      634.3861   829281   29.51%
  14067 11993      880.4362    27      900.0000      634.4698   839215   29.50%
Elapsed time = 63.68 sec. (83784.16 ticks, tree = 162.09 MB, solutions = 10)
  14337 12247      892.7421    32      900.0000      634.6068   849863   29.49%
  14452 12346      890.6369    34      900.0000      634.6496   860201   29.48%
  14616 12490      842.7228    53      900.0000      634.6525   867081   29.48%
  14804 12665      840.5752    38      900.0000      634.6958   877563   29.48%
  14982 12831      855.8874    30      900.0000      634.7992   890401   29.47%
  15104 12932      701.5753    72      900.0000      634.9862   901766   29.45%
  15261 13078      875.1387    42      900.0000      635.0632   912975   29.44%
  15398 13203      867.6038    32      900.0000      635.8125   926059   29.35%
  15520 13309      845.1928    51      900.0000      635.8355   938824   29.35%
  15836 13617      876.1095    34      900.0000      635.8355   949117   29.35%
Elapsed time = 70.82 sec. (93422.53 ticks, tree = 176.95 MB, solutions = 10)
  16072 13832      857.5206    34      900.0000      635.8736   960430   29.35%
  16284 14028      876.2909    25      900.0000      635.8736   974521   29.35%
  16492 14220      873.4354    31      900.0000      635.8736   983475   29.35%
  16777 14486        cutoff            900.0000      635.9892   994009   29.33%
  16918 14603      643.5361    91      900.0000      636.1344  1008744   29.32%
  17143 14814      705.8268    71      900.0000      636.3003  1021175   29.30%
  17369 15028      734.8435    61      900.0000      636.4485  1034733   29.28%
  17584 15230      848.1388    49      900.0000      636.4485  1044627   29.28%
  17796 15426      860.5322    34      900.0000      636.4485  1057702   29.28%
  18808 16353        cutoff            900.0000      636.6756  1106452   29.26%
Elapsed time = 80.31 sec. (105998.46 ticks, tree = 218.86 MB, solutions = 10)
  19759 17251      847.8333    30      900.0000      637.1523  1152910   29.21%
  20591 18030      748.7672    72      900.0000      637.7084  1196320   29.14%
  21458 18849      870.6528    22      900.0000      638.2262  1240386   29.09%
  22460 19790      853.3747    48      900.0000      638.4609  1283662   29.06%
  23564 20832      840.6050    46      900.0000      638.6893  1320342   29.03%
  24448 21645        cutoff            900.0000      639.1987  1371196   28.98%
  25608 22744      844.0306    46      900.0000      639.6234  1415729   28.93%
  26525 23604      843.2970    39      900.0000      639.9894  1461106   28.89%
  27469 24465      888.2963    30      900.0000      640.3444  1506318   28.85%
  28252 25189      775.1616    62      900.0000      641.4001  1555017   28.73%
Elapsed time = 108.82 sec. (144214.23 ticks, tree = 356.20 MB, solutions = 10)
  29072 25948      861.8788    48      900.0000      641.9314  1598946   28.67%
  29860 26681      864.6065    45      900.0000      642.5287  1636967   28.61%
  30570 27331      664.5021    74      900.0000      642.8980  1678840   28.57%
  31459 28136      860.8046    27      900.0000      643.3571  1721691   28.52%
  32151 28777      885.3594    36      900.0000      643.7373  1763249   28.47%
  32990 29552        cutoff            900.0000      644.2035  1807954   28.42%
  33713 30212      872.2016    46      900.0000      644.5339  1852232   28.39%
  34911 31323      884.2299    30      900.0000      644.9384  1896952   28.34%
  35742 32102      868.0944    34      900.0000      645.6244  1943549   28.26%
  36541 32835      892.9931    56      900.0000      646.2181  1987948   28.20%
Elapsed time = 136.84 sec. (182456.78 ticks, tree = 479.63 MB, solutions = 10)
  37381 33610      646.9585    97      900.0000      646.3855  2036100   28.18%
  38265 34421        cutoff            900.0000      646.8722  2079301   28.13%
  38992 35098      860.5000    24      900.0000      647.0972  2120649   28.10%
  39820 35855      888.8036    37      900.0000      647.3365  2165026   28.07%
  40894 36840      851.6144    51      900.0000      647.5991  2207351   28.04%
  41859 37716      865.0286    36      900.0000      647.7272  2249224   28.03%
  42798 38604      651.1136    71      900.0000      648.2854  2292827   27.97%
  43647 39406      858.7080    37      900.0000      649.0445  2343748   27.88%
  44675 40377      855.0000    29      900.0000      649.3064  2386447   27.85%
  45834 41470      679.0561    63      900.0000      649.4388  2432927   27.84%
Elapsed time = 164.80 sec. (220685.42 ticks, tree = 604.72 MB, solutions = 10)
  46766 42335      857.7349    53      900.0000      650.0938  2481195   27.77%
  47644 43136      872.8251    24      900.0000      650.4419  2523873   27.73%
  48492 43929      853.0799    32      900.0000      650.5716  2565052   27.71%
  49300 44688      778.0030    58      900.0000      650.6803  2606712   27.70%
  50227 45562      870.6055    20      900.0000      650.9478  2649111   27.67%
  51282 46564        cutoff            900.0000      651.3333  2688492   27.63%
  52211 47432      660.3303    91      900.0000      651.5867  2734620   27.60%
* 52492+43316                          890.0000      651.6885  2743907   26.78%
  53067 43855      826.6466    48      890.0000      651.7714  2778784   26.77%
  54063 44781      771.4699    58      890.0000      651.8448  2821713   26.76%
  55089 45747      854.1639    32      890.0000      651.9681  2868086   26.75%
Elapsed time = 193.25 sec. (259142.34 ticks, tree = 675.68 MB, solutions = 11)
  55928 46506      855.0000    29      890.0000      652.2573  2913490   26.71%
  56892 47421      736.2851    45      890.0000      652.2603  2960497   26.71%
  57707 48177      876.5015    30      890.0000      652.3812  3009927   26.70%
  58745 49127      873.3922    29      890.0000      652.5024  3056324   26.69%
  59521 49842      858.0868    35      890.0000      653.3597  3100392   26.59%
  60391 50648      870.0515    24      890.0000      653.4777  3147043   26.58%
  61292 51498      667.0788    79      890.0000      653.7920  3189124   26.54%
  62103 52234      670.7981    78      890.0000      653.9766  3229810   26.52%
  63265 53349      778.3068    59      890.0000      654.2108  3276546   26.49%
  64017 54051      656.8125    93      890.0000      654.3182  3322360   26.48%
Elapsed time = 221.53 sec. (297406.56 ticks, tree = 809.03 MB, solutions = 11)
  65102 55081      877.9748    36      890.0000      654.6900  3366548   26.44%
  66125 56016      847.7579    44      890.0000      655.1130  3411299   26.39%
  67138 56957      772.1505    66      890.0000      655.3678  3457560   26.36%
  68222 57958      866.2500    30      890.0000      655.6361  3500353   26.33%
  69122 58769      839.1642    65      890.0000      656.1933  3544673   26.27%
  70123 59702      867.7025    29      890.0000      656.4128  3593087   26.25%
  71167 60659      796.3132    46      890.0000      656.8581  3635822   26.20%
  72102 61537      773.7248    60      890.0000      656.8890  3679270   26.19%
  72994 62371      868.5534    50      890.0000      656.9215  3720975   26.19%
  74198 63493      878.9334    43      890.0000      657.0274  3761595   26.18%
Elapsed time = 249.98 sec. (335605.33 ticks, tree = 953.86 MB, solutions = 11)
  75190 64406      881.4896    54      890.0000      657.1834  3803853   26.16%
  76092 65227      879.3529    33      890.0000      657.3679  3853108   26.14%
  76977 66056      870.3034    26      890.0000      657.5680  3896555   26.12%
  78124 67133      880.5396    26      890.0000      657.7914  3940360   26.09%
  79122 68057      858.8748    30      890.0000      657.9818  3988001   26.07%
  80166 69027      886.5287    40      890.0000      658.2730  4036201   26.04%
  81061 69835      873.4508    29      890.0000      659.1259  4084403   25.94%
  82126 70827      872.7353    23      890.0000      659.2574  4133186   25.93%
  83228 71848      664.4451    73      890.0000      659.7199  4176034   25.87%
  84075 72622      749.0187    70      890.0000      660.2596  4221842   25.81%
Elapsed time = 278.33 sec. (373803.69 ticks, tree = 1094.80 MB, solutions = 11)
  84841 73306      863.2708    46      890.0000      660.9310  4267349   25.74%
  85786 74164      888.6672    31      890.0000      661.8110  4310394   25.64%
  86629 74956      872.6996    38      890.0000      662.1637  4354718   25.60%
  87762 76040      855.5581    36      890.0000      662.6659  4397066   25.54%
  88956 77168      867.2696    58      890.0000      662.7560  4437802   25.53%
  89851 77989      867.5587    34      890.0000      662.8258  4480869   25.53%
  90915 78978      840.3012    44      890.0000      662.9160  4525393   25.52%
  91998 79995      852.8271    47      890.0000      663.2256  4568993   25.48%
  93184 81104      776.7240    62      890.0000      663.3165  4612067   25.47%
  94146 82002      846.2820    45      890.0000      663.3396  4660697   25.47%
Elapsed time = 306.75 sec. (412012.78 ticks, tree = 1249.23 MB, solutions = 11)
  95084 82882      858.0622    28      890.0000      663.3761  4703006   25.46%
  96099 83825      857.5000    21      890.0000      663.4932  4750804   25.45%
  97120 84778      776.5183    76      890.0000      663.6173  4795322   25.44%
  98079 85664      869.0458    27      890.0000      663.6248  4841212   25.44%
  98972 86481      778.9539    60      890.0000      663.7031  4888296   25.43%
  99932 87379      857.5000    31      890.0000      663.7313  4931501   25.42%
 100932 88334      843.1116    42      890.0000      663.8648  4974591   25.41%
 101914 89251      781.2265    56      890.0000      664.0372  5020150   25.39%
 102910 90195      795.4904    68      890.0000      664.2083  5061149   25.37%
 104126 91317      860.1271    27      890.0000      664.3614  5106478   25.35%
Elapsed time = 335.18 sec. (450216.92 ticks, tree = 1379.26 MB, solutions = 11)
 105050 92150      861.5778    42      890.0000      664.8429  5152401   25.30%
 106051 93072      867.8426    19      890.0000      665.3097  5197180   25.25%
 107027 93959      748.4183    77      890.0000      665.7154  5240951   25.20%
 108273 95103      869.0084    34      890.0000      666.1869  5283656   25.15%
 109184 95942      789.7117    62      890.0000      666.3616  5329841   25.13%
 110155 96838      806.0000    52      890.0000      666.9200  5375693   25.07%
 111157 97771      885.2949    22      890.0000      667.5153  5423008   25.00%
 112266 98803      857.6296    33      890.0000      667.8735  5469420   24.96%
 113320 99787      877.2207    41      890.0000      668.4612  5515210   24.89%
 114416 100828      862.7841    16      890.0000      668.8076  5562579   24.85%
Elapsed time = 363.49 sec. (488432.74 ticks, tree = 1505.36 MB, solutions = 11)
 115280 101623      846.1562    47      890.0000      669.4744  5611702   24.78%
 116319 102622        cutoff            890.0000      669.6477  5652118   24.76%
 117415 103640      872.0833    48      890.0000      669.7942  5696866   24.74%
 118411 104579      860.3024    24      890.0000      670.0969  5742554   24.71%
*118492+91436                          880.0000      670.1622  5748450   23.85%
 119395 92259      859.4873    45      880.0000      670.2218  5787535   23.84%
 120089 92870      860.2788    43      880.0000      670.3901  5829101   23.82%
 120945 93637      842.8484    52      880.0000      670.4408  5874172   23.81%
 121927 94541      771.8898    43      880.0000      670.5049  5916671   23.81%
 123016 95565      872.8020    45      880.0000      670.5939  5961553   23.80%
 124420 96849      845.6080    50      880.0000      670.7107  6008003   23.78%
Elapsed time = 391.96 sec. (526703.08 ticks, tree = 1449.62 MB, solutions = 12)
 125479 97832      855.9197    33      880.0000      670.7467  6054184   23.78%
 126492 98772      799.7269    55      880.0000      670.7981  6100042   23.77%
 127738 99928      857.6296    36      880.0000      670.9468  6146281   23.76%
 129024 101103      843.1244    27      880.0000      671.0138  6196216   23.75%
 130153 102166      859.2502    46      880.0000      671.1520  6243530   23.73%
 131165 103108      862.9167    26      880.0000      671.1818  6291874   23.73%
 132242 104119      858.7136    48      880.0000      671.3377  6333980   23.71%
 133114 104931      858.3878    55      880.0000      671.3865  6378865   23.71%
 134100 105858      778.3068    70      880.0000      671.5682  6420781   23.69%
 135246 106936      846.0338    57      880.0000      671.5726  6466361   23.68%
Elapsed time = 420.43 sec. (564979.66 ticks, tree = 1582.27 MB, solutions = 12)
 136278 107908      851.3820    51      880.0000      671.5968  6511291   23.68%
 137182 108750      875.6526    38      880.0000      671.7780  6558346   23.66%
 138492 109945      857.7349    42      880.0000      672.1202  6601118   23.62%
 139551 110883      777.1582    61      880.0000      672.2846  6646935   23.60%
 140636 111895      764.0503    67      880.0000      672.4863  6693530   23.58%
 141799 112928      855.3871    32      880.0000      673.0000  6733619   23.52%
 142970 114033      860.4528    40      880.0000      673.0428  6783675   23.52%
 144172 115067      858.0176    45      880.0000      673.9141  6828938   23.42%
 145249 116048      808.1610    65      880.0000      674.5615  6871092   23.35%
 146459 117186      858.3142    28      880.0000      675.3226  6918492   23.26%
Elapsed time = 448.70 sec. (603430.34 ticks, tree = 1734.97 MB, solutions = 12)
 147724 118370      726.6766    68      880.0000      676.0001  6963914   23.18%
 148830 119400      845.9315    59      880.0000      676.5355  7009735   23.12%
 150009 120480      794.0270    58      880.0000      676.8069  7058256   23.09%
 150982 121373      779.5170    70      880.0000      676.9709  7101790   23.07%
 152074 122374      854.3087    54      880.0000      677.4724  7146824   23.01%
 152848 123075      775.1016    57      880.0000      677.6829  7191469   22.99%
 153632 123776      864.3666    42      880.0000      677.7163  7233799   22.99%
 154705 124765      850.8244    28      880.0000      677.8336  7279281   22.97%
 155699 125696      843.1124    34      880.0000      678.0144  7322584   22.95%
 156858 126799      859.3592    40      880.0000      678.0552  7370537   22.95%
Elapsed time = 476.85 sec. (641628.92 ticks, tree = 1877.87 MB, solutions = 12)
 158012 127829      857.6296    41      880.0000      678.2663  7414579   22.92%
 158935 128657        cutoff            880.0000      678.2702  7459844   22.92%
 160016 129652      860.5754    24      880.0000      678.4324  7508707   22.91%
 161082 130620      872.3329    43      880.0000      678.4751  7555294   22.90%
 162046 131513      851.4983    52      880.0000      678.5678  7602513   22.89%
*162492+104195                          870.0000      678.6000  7620600   22.00%
 163116 104775      779.2122    64      870.0000      678.6990  7645049   21.99%
 164140 105693      846.2436    33      870.0000      678.8052  7690126   21.98%
 164924 106391      847.9623    47      870.0000      678.8486  7735725   21.97%
 166173 107568      757.6291    68      870.0000      678.9549  7776066   21.96%
 166906 108171      850.7585    42      870.0000      679.0199  7824483   21.95%
Elapsed time = 505.52 sec. (679854.11 ticks, tree = 1609.84 MB, solutions = 13)
 167963 109151      858.3980    32      870.0000      679.0561  7867105   21.95%
 169038 110163      848.2299    38      870.0000      679.0561  7908906   21.95%
 169974 111045      845.5062    44      870.0000      679.0648  7953788   21.95%
 170880 111874        cutoff            870.0000      679.1382  7996820   21.94%
 171746 112664      776.7488    38      870.0000      679.2239  8042051   21.93%
 172831 113682      858.9366    27      870.0000      679.3469  8083375   21.91%
 173966 114713      780.2502    61      870.0000      679.4935  8133760   21.90%
 175284 115950      838.0366    69      870.0000      679.5756  8177408   21.89%
 176449 117016      855.2557    42      870.0000      679.6517  8224702   21.88%
 177689 118168      846.4071    34      870.0000      679.7155  8271177   21.87%
Elapsed time = 534.07 sec. (718050.28 ticks, tree = 1734.72 MB, solutions = 13)
 178678 119053      855.6234    43      870.0000      679.8614  8316511   21.86%
 180084 120357      757.6291    58      870.0000      679.9485  8361485   21.85%
 180792 120999      845.1586    48      870.0000      679.9965  8387147   21.84%
 181281 121428      850.1978    42      870.0000      680.0228  8413840   21.84%
 181992 122098      860.0863    36      870.0000      680.1129  8434898   21.83%
 182392 122470      858.0721    47      870.0000      680.1147  8448918   21.83%
 183092 123087      782.9277    59      870.0000      680.1147  8476573   21.83%
 183592 123554      858.3363    45      870.0000      680.1168  8495931   21.83%
 184092 124001      848.3987    36      870.0000      680.1552  8514720   21.82%
 184592 124466      786.0737    63      870.0000      680.1918  8530958   21.82%
Elapsed time = 566.92 sec. (757695.44 ticks, tree = 1834.11 MB, solutions = 13)
 185177 125011      782.9277    45      870.0000      680.2127  8552448   21.81%
 185592 125391      847.7089    30      870.0000      680.2295  8571348   21.81%
 186092 125863      859.6461    30      870.0000      680.2331  8591201   21.81%
 186516 126235      866.2706    25      870.0000      680.3027  8611597   21.80%
 186950 126643      850.8668    35      870.0000      680.3365  8628539   21.80%
 187392 127036      849.6668    37      870.0000      680.3712  8650119   21.80%
 187792 127405      856.8376    40      870.0000      680.3987  8667815   21.79%
 188366 127941      847.6226    25      870.0000      680.5013  8688997   21.78%
 188754 128312      763.2754    60      870.0000      680.5497  8697634   21.78%
 189643 129139      857.7567    31      870.0000      680.6531  8731015   21.76%
Elapsed time = 599.72 sec. (796833.16 ticks, tree = 1895.12 MB, solutions = 13)

GUB cover cuts applied:  9
Clique cuts applied:  1
Cover cuts applied:  6
Implied bound cuts applied:  67
Flow cuts applied:  160
Mixed integer rounding cuts applied:  61
Zero-half cuts applied:  2
Lift and project cuts applied:  16
Gomory fractional cuts applied:  1

Root node processing (before b&c):
  Real time             =    0.81 sec. (1005.81 ticks)
Sequential b&c:
  Real time             =  599.19 sec. (796235.66 ticks)
                          ------------
Total (root+branch&cut) =  600.00 sec. (797241.47 ticks)
