Tried aggregator 3 times.
MIP Presolve eliminated 2817 rows and 388 columns.
MIP Presolve modified 594 coefficients.
Aggregator did 62 substitutions.
Reduced MIP has 2852 rows, 5242 columns, and 19524 nonzeros.
Reduced MIP has 2691 binaries, 2 generals, 0 SOSs, and 0 indicators.
Presolve time = 0.03 sec. (24.86 ticks)
Found incumbent of value 6700.000000 after 0.05 sec. (50.40 ticks)
Probing time = 0.01 sec. (4.00 ticks)
Tried aggregator 1 time.
Reduced MIP has 2852 rows, 5242 columns, and 19524 nonzeros.
Reduced MIP has 2691 binaries, 51 generals, 0 SOSs, and 0 indicators.
Presolve time = 0.01 sec. (10.00 ticks)
Probing time = 0.01 sec. (4.61 ticks)
Clique table members: 11374.
MIP emphasis: balance optimality and feasibility.
MIP search method: dynamic search.
Parallel mode: none, using 1 thread.
Root relaxation solution time = 0.12 sec. (212.46 ticks)

        Nodes                                         Cuts/
   Node  Left     Objective  IInf  Best Integer    Best Bound    ItCnt     Gap

*     0+    0                         6700.0000        0.0000     1737  100.00%
      0     0      134.0022   233     6700.0000      134.0022     1737   98.00%
      0     0      135.0000   227     6700.0000      Cuts: 11     2732   97.99%
      0     0      241.5325   219     6700.0000     Cuts: 108     4336   96.40%
      0     0      260.9000   193     6700.0000      Cuts: 48     5857   96.11%
      0     0      260.9000   202     6700.0000      Cuts: 40     6858   96.11%
      0     0      260.9000   184     6700.0000      Cuts: 16     7358   96.11%
      0     0      260.9000   207     6700.0000      Cuts: 47     8223   96.11%
*     0+    0                         3300.0000      260.9000     8223   92.09%
      0     2      260.9000   171     3300.0000      260.9000     8223   92.09%
Elapsed time = 3.17 sec. (4732.18 ticks, tree = 0.00 MB, solutions = 2)
      3     5      263.4699   178     3300.0000      260.9000    10914   92.09%
     10    12      263.4699   171     3300.0000      260.9012    14929   92.09%
     20    22      260.9057   186     3300.0000      260.9012    20776   92.09%
     36    38      261.0485   196     3300.0000      260.9012    24188   92.09%
     60    62      261.0844   211     3300.0000      260.9012    26068   92.09%
     76    78      261.0418   187     3300.0000      260.9012    27944   92.09%
     84    86      260.9544   203     3300.0000      260.9012    30046   92.09%
     94    96      263.5249   195     3300.0000      260.9012    31562   92.09%
    109   111      261.0844   197     3300.0000      260.9012    33280   92.09%
    200   202      261.0971   181     3300.0000      260.9012    38161   92.09%
Elapsed time = 5.35 sec. (8162.70 ticks, tree = 2.40 MB, solutions = 2)
    224   226      261.0971   185     3300.0000      260.9012    41611   92.09%
    280   282      261.0971   180     3300.0000      260.9012    47796   92.09%
    325   327      263.8144   199     3300.0000      260.9012    53038   92.09%
    372   374      261.0971   179     3300.0000      260.9012    60069   92.09%
    418   420      261.0971   175     3300.0000      260.9012    66731   92.09%
    454   456      263.8144   182     3300.0000      260.9012    73728   92.09%
*   478+  478                         2330.0000      260.9012    77395   88.80%
    478   480      261.0971   183     2330.0000      260.9012    77395   88.80%
    480   482      794.0241   188     2330.0000      794.0241   108906   65.92%
    487   484      806.6067   178     2330.0000      796.0000   109045   65.84%
    490   487      811.5907   180     2330.0000      796.0000   111972   65.84%
Elapsed time = 21.82 sec. (31412.32 ticks, tree = 8.36 MB, solutions = 3)
    494   488      820.0514   241     2330.0000      796.0000   114215   65.84%
    497   490      826.4405   246     2330.0000      796.0000   119478   65.84%
    500   491      833.5581   234     2330.0000      796.0000   123792   65.84%
    505   493      855.4727   224     2330.0000      796.0000   125200   65.84%
    510   495      886.2405   217     2330.0000      796.0000   127082   65.84%
    516   498      944.3965   200     2330.0000      796.0000   128000   65.84%
    520   502     1009.0165   201     2330.0000      796.0000   128562   65.84%
    527   505     1278.0072   196     2330.0000      796.0000   130705   65.84%
    534   506     2240.0000   156     2330.0000      796.0000   132399   65.84%
    550   514     2240.0000   141     2330.0000      796.0000   134330   65.84%
Elapsed time = 31.08 sec. (44342.57 ticks, tree = 8.00 MB, solutions = 3)
    570   528     2240.0000   131     2330.0000      796.0000   136880   65.84%
    610   551     2240.0000   117     2330.0000      796.0000   140751   65.84%
    644   572     2242.6468   125     2330.0000      796.0000   146041   65.84%
    683   583     2249.0000    97     2330.0000      796.0000   157492   65.84%
    708   595     2251.2637    55     2330.0000      796.0000   167347   65.84%
    744   608     2252.0000    70     2330.0000      796.0000   188122   65.84%
    764   612     2254.6517    52     2330.0000      796.0000   204483   65.84%
    797   628     2256.9023    51     2330.0000      796.0000   229756   65.84%
    824   639     2252.0000    67     2330.0000      796.0000   249340   65.84%
    861   651     2261.0000    40     2330.0000      796.0000   263867   65.84%
Elapsed time = 39.25 sec. (54052.87 ticks, tree = 6.56 MB, solutions = 3)
    908   655    infeasible           2330.0000      796.0000   287410   65.84%
    954   657     1680.1994   151     2330.0000      797.8715   311775   65.76%
    965   661     2186.6276   140     2330.0000      797.8715   314990   65.76%
    977   669     2186.6276   145     2330.0000      797.8715   320193   65.76%
    999   682     2235.0000   143     2330.0000      797.8715   323103   65.76%
   1042   708     2235.0000    97     2330.0000      797.8715   326398   65.76%
   1106   739     2238.0000   113     2330.0000      797.8715   333372   65.76%
   1171   769     2244.0000    52     2330.0000      797.8715   350795   65.76%
   1197   777     2257.1457    31     2330.0000      797.8715   373218   65.76%
   1233   793     2257.1527    13     2330.0000      797.8715   402925   65.76%
Elapsed time = 47.24 sec. (64106.01 ticks, tree = 4.45 MB, solutions = 3)
   1268   795     2044.2552   127     2330.0000      799.9184   422113   65.67%
   1275   798     2044.2552   157     2330.0000      804.5191   428625   65.47%
   1283   804     2044.8209   162     2330.0000      806.6327   432992   65.38%
   1293   809     2053.3845   176     2330.0000      806.6327   440394   65.38%
   1319   830     2187.3458   147     2330.0000      806.6327   444408   65.38%
   1360   850     2235.0000   132     2330.0000      806.6327   448179   65.38%
   1433   878     2237.6412   109     2330.0000      806.6327   457818   65.38%
*  1480+  881                         2290.0000      806.6327   462980   64.78%
*  1480+  859                         2270.0000      806.6327   462980   64.47%
   1482   862     2044.2552   135     2270.0000      811.6165   466422   64.25%
   1495   867     2045.7728   131     2270.0000      811.6165   478020   64.25%
   1520   882     2062.0000   148     2270.0000      811.6165   487629   64.25%
Elapsed time = 55.52 sec. (74536.98 ticks, tree = 2.34 MB, solutions = 5)
   1618   965     2243.0000   145     2270.0000      811.6165   494441   64.25%
   1691  1038     2044.2552   157     2270.0000      815.0000   505687   64.10%
   1709  1056     2044.8209   130     2270.0000      815.0000   515957   64.10%
   1772  1110     2243.0000   139     2270.0000      815.0000   523884   64.10%
   1882  1220     2044.2552   121     2270.0000      817.0890   535879   64.00%
   1906  1244     2044.8209   154     2270.0000      817.0890   549838   64.00%
   1954  1280     2238.1949   113     2270.0000      817.0890   557476   64.00%
   2064  1390     2239.0000   122     2270.0000      817.0890   562508   64.00%
   2104  1430     2044.2552   148     2270.0000      824.0000   579516   63.70%
   2204  1517     2239.0000   148     2270.0000      824.0000   587877   63.70%
Elapsed time = 64.26 sec. (84633.67 ticks, tree = 3.76 MB, solutions = 5)
   2280  1592     2242.0000   138     2270.0000      824.0000   593303   63.70%
   2292  1604     2053.3845   154     2270.0000      837.7236   606707   63.10%
   2321  1632     2192.0000   172     2270.0000      837.7236   610617   63.10%
   2380  1690     2238.0000   119     2270.0000      837.7236   617988   63.10%
   2480  1776     2242.0000    92     2270.0000      837.7236   633368   63.10%
   2502  1798     2053.3845   151     2270.0000      845.9078   646437   62.74%
   2577  1868     2241.5316   128     2270.0000      845.9078   655516   62.74%
   2682  1973     2044.2552   138     2270.0000      850.8569   663099   62.52%
   2787  2068     2241.0000   140     2270.0000      850.8569   675750   62.52%
   2884  2157     2044.9104   142     2270.0000      861.1344   682898   62.06%
Elapsed time = 72.90 sec. (94724.74 ticks, tree = 5.33 MB, solutions = 5)
   2907  2180     2054.9104   145     2270.0000      861.1344   692008   62.06%
   3022  2281     2241.0000   129     2270.0000      861.1344   701166   62.06%
   3089  2348     2187.2394   146     2270.0000      879.5032   709510   61.26%
   3170  2421     2242.0000   151     2270.0000      879.5032   717700   61.26%
   3282  2532     2053.3845   164     2270.0000      886.2405   727336   60.96%
   3322  2570     2239.0000   126     2270.0000      886.2405   735311   60.96%
   3437  2677     2241.0000    79     2270.0000      886.2405   746640   60.96%
   3482  2718     2052.9731   156     2270.0000      894.3113   759691   60.60%
   3533  2765     2239.0000   134     2270.0000      894.3113   767871   60.60%
   3687  2911     2054.5380   157     2270.0000      902.6621   777345   60.24%
Elapsed time = 81.36 sec. (104670.31 ticks, tree = 7.19 MB, solutions = 5)
   3766  2989     2238.0000   133     2270.0000      902.6621   785767   60.24%
   3884  3100     2053.3845   149     2270.0000      911.7710   795352   59.83%
   3997  3213     2238.0000   115     2270.0000      911.7710   805046   59.83%
   4080  3294     2238.0000    81     2270.0000      911.7710   813191   59.83%
   4101  3315     2237.0825   143     2270.0000      921.7462   821681   59.39%
   4270  3468     2241.0000   112     2270.0000      921.7462   831807   59.39%
   4324  3521     2240.0000   130     2270.0000      932.7175   841069   58.91%
   4407  3591     2243.5586    75     2270.0000      932.7175   854671   58.91%
   4482  3659     2053.3845   174     2270.0000      944.7992   866195   58.38%
   4842  4009     2239.0000   137     2270.0000      958.2689   900531   57.79%
Elapsed time = 92.08 sec. (117248.08 ticks, tree = 9.78 MB, solutions = 5)
   5242  4373     2240.0000   134     2270.0000      990.2511   936402   56.38%
   5490  4596     2053.3845   155     2270.0000     1085.8340   973473   52.17%
   5795  4883     2240.0000   137     2270.0000     1120.7619  1005148   50.63%
   6107  5184     2046.5569   165     2270.0000     1311.8034  1049012   42.21%
   6429  5469     2249.0000    95     2270.0000     1314.6127  1085396   42.09%
   6647  5675     2241.0000   134     2270.0000     1314.6127  1110822   42.09%
   6882  5906     2044.8209   145     2270.0000     1434.3310  1142860   36.81%
   7094  6100     2044.2552   152     2270.0000     1470.4437  1180531   35.22%
   7430  6402     2242.0000    90     2270.0000     1955.1699  1221270   13.87%
   7691  6644     2187.1948   153     2270.0000     2008.6031  1255220   11.52%
Elapsed time = 125.04 sec. (155798.51 ticks, tree = 16.10 MB, solutions = 5)
   8065  7003     2236.0000   119     2270.0000     2014.6107  1290061   11.25%
   8234  7164     2236.0000   121     2270.0000     2034.1205  1310528   10.39%
   8480  7393     2244.0000    63     2270.0000     2036.9206  1355707   10.27%
   8817  7705     2238.0000   126     2270.0000     2044.2552  1388734    9.94%
   9280  8144     2242.0000   126     2270.0000     2044.2552  1430262    9.94%
   9680  8514     2238.0000   119     2270.0000     2044.2552  1483560    9.94%
  10043  8859     2187.8908   138     2270.0000     2044.2552  1526314    9.94%
  10390  9166     2264.0355    37     2270.0000     2044.2552  1620806    9.94%
  10647  9413     2242.0000    95     2270.0000     2044.2552  1660400    9.94%
  11021  9744     2241.7065   143     2270.0000     2044.2552  1700901    9.94%
Elapsed time = 160.06 sec. (195113.38 ticks, tree = 23.72 MB, solutions = 5)
  11426 10108    infeasible           2270.0000     2044.2552  1742522    9.94%
  11706 10378     2191.9104   148     2270.0000     2044.2552  1774701    9.94%
  12105 10742     2240.0000   160     2270.0000     2044.2552  1816795    9.94%
  12415 11032     2241.0000    90     2270.0000     2044.2552  1851788    9.94%
  12782 11370     2238.0000   128     2270.0000     2044.2552  1888367    9.94%
  13115 11680     2047.0000   149     2270.0000     2044.2552  1928673    9.94%
  13412 11952     2244.0000   119     2270.0000     2044.2552  1974295    9.94%
  13680 12209     2238.0000   110     2270.0000     2044.2552  2014333    9.94%
  14098 12605     2045.5433   155     2270.0000     2044.2552  2061511    9.94%
  14693 13149     2189.0000   158     2270.0000     2044.2552  2118911    9.94%
Elapsed time = 194.00 sec. (233393.00 ticks, tree = 31.68 MB, solutions = 5)
  15095 13516    infeasible           2270.0000     2044.2552  2166844    9.94%
  15777 14153     2240.0000   149     2270.0000     2044.2552  2241327    9.94%
  16371 14719     2239.0000   120     2270.0000     2044.2552  2297177    9.94%
  17082 15373     2188.4333   151     2270.0000     2044.2552  2364727    9.94%
  17693 15948     2187.0000   154     2270.0000     2044.2552  2435306    9.94%
  18305 16513     2188.0000   148     2270.0000     2044.2552  2490540    9.94%
  18506 16697     2191.9649   158     2270.0000     2044.2552  2536994    9.94%
  18916 17075     2194.0000   152     2270.0000     2044.2552  2580395    9.94%
  19374 17517     2237.2253    95     2270.0000     2044.2552  2622269    9.94%
  19564 17691     2240.1969   117     2270.0000     2044.2552  2659145    9.94%
Elapsed time = 230.21 sec. (272148.63 ticks, tree = 42.68 MB, solutions = 5)
  19882 18000     2186.9104   149     2270.0000     2044.2552  2695721    9.94%
  20286 18371     2187.8908   140     2270.0000     2044.2552  2738343    9.94%
  20525 18555     2235.0000   155     2270.0000     2044.2552  2768058    9.94%
  20920 18914     2192.0000   170     2270.0000     2044.2552  2810837    9.94%
  21280 19243     2238.0000   114     2270.0000     2044.2552  2837057    9.94%
  21662 19596     2240.0000   132     2270.0000     2044.2552  2875437    9.94%
  22088 19991     2187.1948   163     2270.0000     2044.2552  2911995    9.94%
  22482 20375     2186.9104   154     2270.0000     2044.2552  2957641    9.94%
  23116 20994     2190.0665   174     2270.0000     2044.2552  3021920    9.94%
  23702 21527     2189.0000   135     2270.0000     2044.2552  3078936    9.94%
Elapsed time = 265.24 sec. (310761.57 ticks, tree = 51.70 MB, solutions = 5)
  24393 22197     2237.4689   125     2270.0000     2044.2552  3140223    9.94%
  25082 22835     2188.4333   142     2270.0000     2044.2552  3199086    9.94%
  25506 23237     2193.1443   132     2270.0000     2044.2552  3265035    9.94%
  26155 23846     2237.0000   128     2270.0000     2044.2552  3342214    9.94%
  26540 24215     2235.0000   146     2270.0000     2044.2552  3398673    9.94%
  27255 24896     2240.0000   124     2270.0000     2044.2552  3466224    9.94%
  27621 25229     2243.1754   127     2270.0000     2044.2552  3512667    9.94%
  28119 25705     2235.0000   139     2270.0000     2044.2552  3559921    9.94%
  28493 26045     2188.2896   147     2270.0000     2044.2552  3607128    9.94%
  28912 26442     2194.0000   161     2270.0000     2044.2552  3650964    9.94%
Elapsed time = 304.09 sec. (349496.69 ticks, tree = 63.09 MB, solutions = 5)
  29358 26865     2239.0000   108     2270.0000     2044.2552  3696031    9.94%
  29700 27185     2188.0000   131     2270.0000     2044.2552  3747436    9.94%
  30080 27538     2238.0000   113     2270.0000     2044.2552  3783669    9.94%
  30480 27896     2238.0000    87     2270.0000     2044.2552  3833764    9.94%
  30973 28365     2236.0000   120     2270.0000     2044.2552  3879263    9.94%
  31333 28703     2235.0000   113     2270.0000     2044.2552  3914223    9.94%
  31798 29119     2238.0000   144     2270.0000     2044.2552  3970459    9.94%
  32304 29589     2238.0000   111     2270.0000     2044.2552  4015356    9.94%
  32882 30133     2186.9104   133     2270.0000     2044.2552  4074425    9.94%
  33480 30671     2239.0000   102     2270.0000     2044.2552  4134563    9.94%
Elapsed time = 339.84 sec. (388438.42 ticks, tree = 72.81 MB, solutions = 5)
  34006 31172     2244.0000   132     2270.0000     2044.2552  4196179    9.94%
* 34480+31538                         2260.0000     2044.2552  4254400    9.55%
  34480 31540     2236.0000   101     2260.0000     2044.2552  4254400    9.55%
  34968 32020     2241.0000   131     2260.0000     2044.2552  4303647    9.55%
  35598 32630     2238.0000   139     2260.0000     2044.2552  4377414    9.55%
  36286 33308     2186.9104   146     2260.0000     2044.2552  4454342    9.55%
  36837 33844     2238.0000   111     2260.0000     2044.2552  4518988    9.55%
  37320 34311     2238.0000   126     2260.0000     2044.2552  4565882    9.55%
  37929 34887     2237.6412   127     2260.0000     2044.2552  4625145    9.55%
  38401 35344     2238.0000   118     2260.0000     2044.2552  4665453    9.55%
  38726 35658     2237.0825   128     2260.0000     2044.2552  4705819    9.55%
Elapsed time = 377.38 sec. (427439.07 ticks, tree = 85.21 MB, solutions = 6)
  39234 36126     2238.0000   109     2260.0000     2044.2552  4756245    9.55%
  39496 36363     2238.9225   138     2260.0000     2044.2552  4805832    9.55%
  40056 36907     2241.0000   108     2260.0000     2044.2552  4848457    9.55%
  40451 37273     2240.0000   127     2260.0000     2044.2552  4896315    9.55%
  40883 37687     2187.8908   160     2260.0000     2044.2552  4942360    9.55%
  41280 38062     2238.0000   111     2260.0000     2044.8209  4981815    9.52%
  41688 38455     2187.0000   147     2260.0000     2044.8209  5025571    9.52%
  42114 38869     2239.0000   139     2260.0000     2044.8209  5068081    9.52%
  42666 39404     2242.0000   120     2260.0000     2044.8209  5114218    9.52%
  43083 39787     2186.9104   136     2260.0000     2044.8209  5147448    9.52%
Elapsed time = 412.73 sec. (466553.10 ticks, tree = 94.84 MB, solutions = 6)
  43471 40151     2241.0000    85     2260.0000     2044.8209  5194230    9.52%
  44080 40725     2238.0000   104     2260.0000     2044.8209  5244384    9.52%
  44653 41286     2240.0000   103     2260.0000     2044.8209  5310969    9.52%
  45235 41845     2238.0000   122     2260.0000     2044.8209  5359993    9.52%
  45825 42418     2238.0000   115     2260.0000     2044.8209  5417699    9.52%
  46480 43041     2241.0000    85     2260.0000     2044.8209  5483288    9.52%
  47280 43789     2238.0000   118     2260.0000     2044.8209  5544345    9.52%
  47905 44378     2192.0000   163     2260.0000     2044.8209  5607454    9.52%
  48480 44925     2240.0000   115     2260.0000     2044.8209  5663320    9.52%
  49284 45683     2187.1948   157     2260.0000     2044.8209  5732388    9.52%
Elapsed time = 451.36 sec. (506924.68 ticks, tree = 108.56 MB, solutions = 6)
  49948 46325     2238.0000   125     2260.0000     2044.8209  5809689    9.52%
  50682 47026     2189.5236   157     2260.0000     2044.8209  5875994    9.52%
  51334 47646     2238.0914   132     2260.0000     2044.8209  5929996    9.52%
  51872 48161     2241.0000   111     2260.0000     2044.8209  5982108    9.52%
  52375 48648     2240.0000   106     2260.0000     2044.8209  6032012    9.52%
  52685 48937     2186.9104   123     2260.0000     2044.8209  6075022    9.52%
  53204 49431     2240.0000   125     2260.0000     2044.8209  6123663    9.52%
  53529 49727     2235.0000   138     2260.0000     2044.8209  6165025    9.52%
  53858 50040     2241.0000   122     2260.0000     2044.8209  6186962    9.52%
  54394 50540     2241.0000   128     2260.0000     2044.8209  6231516    9.52%
Elapsed time = 487.34 sec. (545527.50 ticks, tree = 119.81 MB, solutions = 6)
  54895 51011     2192.0000   155     2260.0000     2044.8209  6282199    9.52%
  55369 51457     2240.0000    96     2260.0000     2044.8209  6326625    9.52%
  55766 51836     2238.0000   113     2260.0000     2044.8209  6376733    9.52%
  56328 52383     2235.0000   113     2260.0000     2044.8209  6423559    9.52%
  56743 52772     2238.0233   176     2260.0000     2044.8623  6470111    9.52%
  57258 53273     2241.0000   119     2260.0000     2044.8623  6506381    9.52%
  57684 53676     2190.0665   160     2260.0000     2044.8623  6556314    9.52%
  58125 54085     2240.0000   150     2260.0000     2044.9104  6597072    9.52%
  58538 54491     2238.0000   135     2260.0000     2044.9104  6647478    9.52%
  58895 54834     2188.2896   145     2260.0000     2044.9104  6688033    9.52%
Elapsed time = 522.01 sec. (583855.25 ticks, tree = 129.76 MB, solutions = 6)
  59396 55311     2238.0000    99     2260.0000     2044.9104  6747463    9.52%
  59707 55607     2193.1443   157     2260.0000     2044.9104  6797030    9.52%
  60158 56040     2241.0000   136     2260.0000     2044.9104  6854324    9.52%
  60634 56491     2240.0000   147     2260.0000     2044.9104  6907778    9.52%
  61308 57149     2195.5000   141     2260.0000     2045.0000  6963383    9.51%
  61680 57517     2236.0000   144     2260.0000     2045.0000  7000745    9.51%
  62080 57910     2236.0000   107     2260.0000     2045.0000  7042022    9.51%
  62380 58210     2235.0000   110     2260.0000     2045.0000  7068038    9.51%
  62682 58508     2053.3845   150     2260.0000     2045.4523  7100821    9.49%
  63106 58921     2191.0000   179     2260.0000     2045.4523  7149615    9.49%
Elapsed time = 558.81 sec. (622651.77 ticks, tree = 139.08 MB, solutions = 6)
  63847 59644     2238.0000   128     2260.0000     2045.4523  7216401    9.49%
  64538 60329     2235.0000   162     2260.0000     2045.4523  7279288    9.49%
  65200 60981     2239.0000   148     2260.0000     2045.4523  7334882    9.49%
  65780 61549     2236.0000   138     2260.0000     2045.4523  7400253    9.49%
  66487 62244     2189.0000   144     2260.0000     2045.4523  7472213    9.49%
  66980 62730     2238.0000   129     2260.0000     2045.5433  7514672    9.49%
  67434 63172     2238.0000   129     2260.0000     2045.5433  7559033    9.49%
  67921 63639     2238.0000   144     2260.0000     2045.5433  7604951    9.49%
  68415 64124     2241.0000   107     2260.0000     2045.5433  7651031    9.49%
  68889 64587     2189.0000   143     2260.0000     2045.5433  7698965    9.49%
Elapsed time = 595.43 sec. (661241.06 ticks, tree = 152.12 MB, solutions = 6)
  69461 65141     2241.0000    80     2260.0000     2045.5433  7753183    9.49%

Implied bound cuts applied:  66
Flow cuts applied:  226
Mixed integer rounding cuts applied:  75
Lift and project cuts applied:  5

Root node processing (before b&c):
  Real time             =    3.13 sec. (4699.16 ticks)
Sequential b&c:
  Real time             =  596.87 sec. (661544.82 ticks)
                          ------------
Total (root+branch&cut) =  600.00 sec. (666243.99 ticks)
