Tried aggregator 2 times.
MIP Presolve eliminated 2736 rows and 284 columns.
MIP Presolve modified 808 coefficients.
Aggregator did 61 substitutions.
Reduced MIP has 2837 rows, 5221 columns, and 19353 nonzeros.
Reduced MIP has 2672 binaries, 2 generals, 0 SOSs, and 0 indicators.
Presolve time = 0.02 sec. (21.23 ticks)
Found incumbent of value 7400.000000 after 0.05 sec. (53.22 ticks)
Probing fixed 0 vars, tightened 2 bounds.
Probing time = 0.02 sec. (12.80 ticks)
Tried aggregator 2 times.
MIP Presolve eliminated 1 rows and 1 columns.
Aggregator did 1 substitutions.
Reduced MIP has 2835 rows, 5219 columns, and 19349 nonzeros.
Reduced MIP has 2671 binaries, 37 generals, 0 SOSs, and 0 indicators.
Presolve time = 0.02 sec. (15.44 ticks)
Probing time = 0.00 sec. (3.75 ticks)
Clique table members: 7134.
MIP emphasis: balance optimality and feasibility.
MIP search method: dynamic search.
Parallel mode: none, using 1 thread.
Root relaxation solution time = 0.11 sec. (189.32 ticks)

        Nodes                                         Cuts/
   Node  Left     Objective  IInf  Best Integer    Best Bound    ItCnt     Gap

*     0+    0                         7400.0000        0.0000     1563  100.00%
      0     0      128.7343   231     7400.0000      128.7343     1563   98.26%
      0     0      130.4052   218     7400.0000      Cuts: 37     2610   98.24%
      0     0      246.5648   222     7400.0000     Cuts: 113     4797   96.67%
      0     0      250.7563   211     7400.0000     Cuts: 112     5347   96.61%
      0     0      250.9844   212     7400.0000      Cuts: 64     5630   96.61%
      0     0      251.0086   203     7400.0000      Cuts: 58     5960   96.61%
      0     0      251.0086   210     7400.0000      Cuts: 54     6253   96.61%
      0     0      251.0086   188     7400.0000      Cuts: 14     6352   96.61%
      0     0      251.0086   193     7400.0000      Cuts: 20     6429   96.61%
      0     2      251.0086   182     7400.0000      251.0086     6429   96.61%
Elapsed time = 3.12 sec. (4560.94 ticks, tree = 0.00 MB, solutions = 1)
     11    13      251.0086   186     7400.0000      251.0086     7966   96.61%
     22    24      253.4668   178     7400.0000      251.0086     9497   96.61%
     35    37      251.0086   192     7400.0000      251.0086    11160   96.61%
     40    42      253.4668   184     7400.0000      251.0086    12814   96.61%
     52    54      253.7970   194     7400.0000      251.0086    14295   96.61%
     61    63      270.0000   213     7400.0000      251.0086    17330   96.61%
     69    71      253.6478   196     7400.0000      251.0086    18903   96.61%
     77    79      253.6487   190     7400.0000      251.0086    20451   96.61%
     80    82      340.0000   208     7400.0000      251.0086    25425   96.61%
    107   109      254.0729   195     7400.0000      251.0086    32855   96.61%
Elapsed time = 5.97 sec. (8633.93 ticks, tree = 1.85 MB, solutions = 1)
    123   125      254.3775   194     7400.0000      251.0086    37354   96.61%
    149   151      251.9691   203     7400.0000      251.0086    43669   96.61%
    162   164      356.8072   130     7400.0000      251.0086    50996   96.61%
    190   192      420.0000   150     7400.0000      251.0086    57713   96.61%
    258   256      420.0000    83     7400.0000      251.0086    77973   96.61%
    297   289     2197.4686    41     7400.0000      251.0086   104307   96.61%
*   320+  310                         5530.0000      251.0086   121313   95.46%
    340   332      447.4139    79     5530.0000      251.0086   132105   95.46%
*   360+  350                         4930.0000      251.0086   151386   94.91%
    360   352      467.0079    67     4930.0000      251.0086   151386   94.91%
*   370+  358                         3570.0000      251.0086   159206   92.97%
    393   383      475.7808    68     3570.0000      251.0086   178405   92.97%
    425   415      980.0000    42     3570.0000      251.0086   188886   92.97%
Elapsed time = 13.92 sec. (18603.08 ticks, tree = 3.97 MB, solutions = 4)
*   470+  456                         3390.0000      251.0086   199889   92.60%
    472   460     3290.0000     6     3390.0000      251.0086   201812   92.60%
*   475   459      integral     0     3090.0000      251.0086   204316   91.88%
    500   474      263.7866   168     3090.0000      251.0086   211161   91.88%
    551   525      264.3417   166     3090.0000      251.0086   219148   91.88%
*   585+  538                         2140.0000      251.0086   223138   88.27%
*   585+  533                         1880.0000      251.0086   223138   86.65%
    585   535      261.4455   154     1880.0000      251.0086   223138   86.65%
    587   537      706.0000   180     1880.0000      706.0000   250494   62.45%
    593   541      708.0000   231     1880.0000      706.0000   253692   62.45%
    596   541      712.0000   220     1880.0000      706.0000   257679   62.45%
    600   540      713.0000   210     1880.0000      706.0000   260952   62.45%
    603   542      715.3647   216     1880.0000      706.0000   263111   62.45%
Elapsed time = 31.76 sec. (42730.26 ticks, tree = 4.48 MB, solutions = 8)
    607   543      719.4917   205     1880.0000      706.0000   264915   62.45%
    610   544      721.7112   209     1880.0000      706.0000   267842   62.45%
    614   547      908.0160   128     1880.0000      706.0000   272286   62.45%
    621   551      744.3540   183     1880.0000      706.0000   275652   62.45%
    624   552      746.3337   190     1880.0000      706.0000   279845   62.45%
    631   557      751.6654   190     1880.0000      706.0000   282580   62.45%
    640   562      975.3941   109     1880.0000      706.0000   285279   62.45%
    655   570      964.4129   109     1880.0000      706.0000   289486   62.45%
    664   575     1044.7486   132     1880.0000      706.0000   293668   62.45%
    674   578     1069.4221   145     1880.0000      706.0000   299351   62.45%
Elapsed time = 38.95 sec. (53034.91 ticks, tree = 5.83 MB, solutions = 8)
    685   580     1079.1336   125     1880.0000      706.0000   303849   62.45%
    691   583     1135.9848   117     1880.0000      706.0000   307525   62.45%
    699   588     1135.9848   105     1880.0000      706.0000   313408   62.45%
    713   596     1147.0000   111     1880.0000      706.0000   317319   62.45%
    747   609     1252.0000    80     1880.0000      706.0000   327951   62.45%
    775   619     1252.0000    75     1880.0000      706.0000   333498   62.45%
    806   630     1253.0000    72     1880.0000      706.0000   341053   62.45%
    823   637     1303.4310    73     1880.0000      706.0000   350068   62.45%
    846   644     1793.3256    44     1880.0000      706.0000   361255   62.45%
    877   651     1794.0000    52     1880.0000      706.0000   372927   62.45%
Elapsed time = 47.43 sec. (63585.46 ticks, tree = 9.59 MB, solutions = 8)
*   887+  518                         1860.0000      706.0000   379653   62.04%
    904   530     1796.0000    44     1860.0000      706.0000   384880   62.04%
    937   541     1797.0000    35     1860.0000      706.0000   401862   62.04%
    968   550     1807.1150    30     1860.0000      706.0000   421761   62.04%
   1001   551     1825.0000    24     1860.0000      706.0000   438037   62.04%
   1017   554      709.0013   194     1860.0000      706.0000   449356   62.04%
   1026   559      714.6596   188     1860.0000      706.0000   453691   62.04%
   1034   565      720.1481   195     1860.0000      706.0000   460905   62.04%
   1044   572      827.0548   136     1860.0000      706.0000   469603   62.04%
   1056   577      727.4563   179     1860.0000      706.0000   478079   62.04%
   1071   586      739.1476   174     1860.0000      706.0000   487309   62.04%
Elapsed time = 54.73 sec. (73830.18 ticks, tree = 12.77 MB, solutions = 9)
   1086   597      753.3819   165     1860.0000      706.0000   497877   62.04%
   1094   604      771.6847   152     1860.0000      706.0000   504482   62.04%
   1104   607      795.2502   127     1860.0000      706.0000   515310   62.04%
   1107   608      811.2888   124     1860.0000      706.0000   518351   62.04%
   1119   614      815.3732   132     1860.0000      706.0000   531437   62.04%
   1139   626      882.8768    98     1860.0000      706.0000   545398   62.04%
   1157   633     1149.1091    78     1860.0000      706.0000   564632   62.04%
   1170   642     1319.2247    68     1860.0000      706.0000   580716   62.04%
   1187   650     1735.0000    61     1860.0000      706.0000   596947   62.04%
   1218   666     1748.0000    42     1860.0000      706.0000   608125   62.04%
Elapsed time = 62.69 sec. (84283.42 ticks, tree = 16.99 MB, solutions = 9)
   1260   686    infeasible           1860.0000      706.0000   622219   62.04%
   1293   702     1753.1497    29     1860.0000      706.0000   640788   62.04%
   1323   710     1777.5000    21     1860.0000      706.0000   664500   62.04%
   1347   708      706.0000   193     1860.0000      706.0000   674872   62.04%
   1353   711     1453.4117   124     1860.0000      706.0000   682946   62.04%
   1364   718     1598.8142   115     1860.0000      706.0000   689661   62.04%
   1383   728     1598.8142   104     1860.0000      706.0000   696602   62.04%
   1391   733      706.9921   202     1860.0000      706.9921   699939   61.99%
   1400   736      873.5346   134     1860.0000      706.9921   707240   61.99%
   1412   742      878.2335   143     1860.0000      706.9921   715512   61.99%
Elapsed time = 70.27 sec. (94442.65 ticks, tree = 21.81 MB, solutions = 9)
   1432   753      884.4252   136     1860.0000      706.9921   723979   61.99%
   1448   762      890.3945   114     1860.0000      706.9921   730404   61.99%
   1462   773      895.8509   116     1860.0000      706.9921   740710   61.99%
   1480   782      952.7860   100     1860.0000      706.9921   754114   61.99%
*  1487+  738                         1800.0000      706.9921   756959   60.72%
   1494   742      958.8646   111     1800.0000      706.9921   761015   60.72%
   1510   753      969.8700   106     1800.0000      706.9921   770073   60.72%
   1530   771     1039.2567    95     1800.0000      706.9921   780332   60.72%
   1554   791     1221.8761    53     1800.0000      706.9921   790720   60.72%
   1589   823      708.7413   200     1800.0000      706.9921   801382   60.72%
   1602   836      723.1665   179     1800.0000      706.9921   810483   60.72%
Elapsed time = 77.83 sec. (104521.17 ticks, tree = 25.93 MB, solutions = 10)
   1622   856      739.9356   187     1800.0000      706.9921   817142   60.72%
   1644   878      759.6304   184     1800.0000      706.9921   824299   60.72%
   1664   898      774.8331   180     1800.0000      706.9921   829738   60.72%
   1686   920      780.7281   184     1800.0000      706.9921   834869   60.72%
   1694   928      793.7126   169     1800.0000      706.9921   837128   60.72%
   1717   951      826.7498   160     1800.0000      706.9921   843097   60.72%
   1738   972      900.6981   139     1800.0000      706.9921   851709   60.72%
   1753   987      920.6164   139     1800.0000      706.9921   860315   60.72%
   1778  1011     1144.8833   127     1800.0000      706.9921   868467   60.72%
   1867  1100      889.9696   133     1800.0000      707.2070   901936   60.71%
Elapsed time = 87.24 sec. (117313.55 ticks, tree = 33.63 MB, solutions = 10)
   1947  1180     1013.8539   120     1800.0000      707.2070   925618   60.71%
   2051  1284      759.5693   174     1800.0000      707.2116   960661   60.71%
   2150  1382     1203.7535   118     1800.0000      707.2116  1000777   60.71%
   2260  1490      755.2434   182     1800.0000      707.3332  1039655   60.70%
   2358  1588     1032.1580   108     1800.0000      707.3332  1087393   60.70%
   2424  1645      881.7562   133     1800.0000      707.7966  1128906   60.68%
   2480  1690     1135.2437   113     1800.0000      707.7966  1169263   60.68%
   2540  1729     1663.0000    82     1800.0000      707.7966  1211237   60.68%
   2616  1799      991.0000   130     1800.0000      708.0000  1241798   60.67%
   2700  1873     1689.0000   128     1800.0000      708.0000  1274326   60.67%
Elapsed time = 117.06 sec. (155760.95 ticks, tree = 54.07 MB, solutions = 10)
   2854  2020      790.8009   167     1800.0000      708.0000  1306929   60.67%
*  2887+ 1918                         1750.0000      708.0000  1318944   59.54%
*  2887+ 1850                         1740.0000      708.0000  1318944   59.31%
   2989  1950      708.0000   232     1740.0000      708.0000  1328742   59.31%
   3070  2023      851.0262   146     1740.0000      708.0000  1368542   59.31%
   3190  2138      874.8370   161     1740.0000      708.2771  1394330   59.29%
   3290  2229     1631.0000   117     1740.0000      708.2771  1440115   59.29%
   3409  2346     1484.0000   114     1740.0000      708.5986  1468745   59.28%
*  3487+ 2400                         1710.0000      708.5986  1508698   58.56%
   3557  2467     1701.0000    68     1710.0000      708.5986  1523886   58.56%
   3681  2576      828.2046   165     1710.0000      708.5986  1572139   58.56%
   3821  2709      736.9415   179     1710.0000      708.6243  1599816   58.56%
   3995  2876     1563.5950    99     1710.0000      708.7413  1648640   58.55%
Elapsed time = 147.83 sec. (194248.22 ticks, tree = 74.73 MB, solutions = 13)
   4231  3109      887.0000   149     1710.0000      708.7413  1696101   58.55%
*  4387+ 3183                         1700.0000      708.7413  1720532   58.31%
   4394  3192      940.0553   141     1700.0000      708.7413  1728308   58.31%
   4586  3379     1652.0000    48     1700.0000      708.7413  1785498   58.31%
   4777  3567     1636.0000    96     1700.0000      708.7461  1834039   58.31%
   4996  3782      873.7521   132     1700.0000      708.9702  1875743   58.30%
   5231  4014      751.0990   174     1700.0000      708.9803  1940832   58.30%
   5392  4170     1032.8689   129     1700.0000      708.9803  1983633   58.30%
   5455  4232     1057.2130   128     1700.0000      708.9803  2031462   58.30%
   5561  4327     1032.8689   147     1700.0000      709.0013  2087686   58.29%
   5635  4401     1202.6658   142     1700.0000      709.0013  2123952   58.29%
Elapsed time = 179.83 sec. (232758.30 ticks, tree = 100.15 MB, solutions = 14)
*  5687+ 4367                         1690.0000      709.0013  2130803   58.05%
   5824  4505     1386.2495   112     1690.0000      709.9557  2169012   57.99%
   5989  4669      711.8090   191     1690.0000      709.9557  2199892   57.99%
   6087  4760     1649.0000   127     1690.0000      709.9557  2237885   57.99%
   6252  4923      783.2521   171     1690.0000      709.9771  2271495   57.99%
   6418  5085      952.0851   125     1690.0000      710.1597  2312334   57.98%
   6589  5243     1032.8689   110     1690.0000      710.3037  2377048   57.97%
   6734  5387     1676.0000    71     1690.0000      710.3037  2430050   57.97%
   6896  5515     1486.1009   130     1690.0000      710.5057  2484357   57.96%
   6993  5600     1429.7133   111     1690.0000      710.5708  2533136   57.95%
   7277  5883     1653.0000   118     1690.0000      710.5708  2577318   57.95%
Elapsed time = 212.11 sec. (271475.54 ticks, tree = 126.82 MB, solutions = 15)
   7464  6070     1403.8675   100     1690.0000      710.5708  2641750   57.95%
   7600  6200      940.0553   155     1690.0000      710.5759  2690641   57.95%
   7797  6397      875.5469   143     1690.0000      710.8047  2738695   57.94%
   8025  6625      744.0000   174     1690.0000      710.8422  2790603   57.94%
   8189  6789      874.0882   146     1690.0000      711.2234  2831231   57.92%
   8325  6924     1631.0000    74     1690.0000      711.2234  2873608   57.92%
   8456  7049     1641.0493   100     1690.0000      711.2234  2927433   57.92%
   8517  7103     1159.0112   113     1690.0000      711.2675  2969708   57.91%
   8594  7174     1003.4781   130     1690.0000      711.7084  3012049   57.89%
   8848  7426     1676.0000    77     1690.0000      711.7084  3049647   57.89%
Elapsed time = 244.26 sec. (310174.46 ticks, tree = 149.83 MB, solutions = 15)
   9039  7616     1028.8700   140     1690.0000      711.8267  3096970   57.88%
   9195  7771      940.0553   142     1690.0000      711.9032  3123725   57.88%
   9317  7890     1663.0000   114     1690.0000      711.9032  3159363   57.88%
   9472  8045     1655.0000    69     1690.0000      711.9251  3205191   57.87%
   9627  8195      964.0187   132     1690.0000      711.9762  3263425   57.87%
*  9687+ 8156                         1680.0000      711.9762  3276998   57.62%
   9800  8271      942.4284   142     1680.0000      711.9813  3293660   57.62%
   9991  8462      940.0553   124     1680.0000      712.0000  3336675   57.62%
  10230  8701      763.0766   178     1680.0000      712.0000  3388292   57.62%
  10420  8890      742.6991   162     1680.0000      712.0000  3429331   57.62%
  10526  8988      767.9069   174     1680.0000      712.0000  3482950   57.62%
Elapsed time = 275.39 sec. (348455.43 ticks, tree = 174.26 MB, solutions = 16)
  10658  9118     1661.0000    99     1680.0000      712.0000  3506105   57.62%
  10876  9333     1659.0000    99     1680.0000      712.1227  3549397   57.61%
  11034  9491     1077.2089   148     1680.0000      712.2198  3587495   57.61%
* 11247+ 8925                         1670.0000      712.3672  3636308   57.34%
  11247  8927      924.8052   148     1670.0000      712.3672  3636308   57.34%
  11486  9165     1652.0000    57     1670.0000      712.3724  3708776   57.34%
  11664  9330     1653.0000   122     1670.0000      712.3724  3780702   57.34%
  12044  9709      909.3850   148     1670.0000      712.3776  3840085   57.34%
  12311  9976     1636.0000    86     1670.0000      712.3906  3901301   57.34%
  12443 10107      983.2400   122     1670.0000      712.4759  3949800   57.34%
  12552 10209      890.8911   134     1670.0000      712.4759  4005064   57.34%
Elapsed time = 331.30 sec. (413505.39 ticks, tree = 186.39 MB, solutions = 17)
  12805 10462      952.4772   128     1670.0000      712.4812  4052992   57.34%
  13010 10666      743.5676   176     1670.0000      712.4944  4097881   57.34%
  13206 10862      948.9216   146     1670.0000      712.4944  4135884   57.34%
  13396 11050      724.2004   173     1670.0000      712.7646  4178800   57.32%
  13467 11121     1568.6135    88     1670.0000      712.7646  4246269   57.32%
  13619 11270      886.8828   135     1670.0000      713.2148  4303273   57.29%
  13806 11456     1006.9423   135     1670.0000      713.5340  4340382   57.27%
  13989 11637      933.2128   128     1670.0000      713.6464  4388707   57.27%
  14194 11841      940.0553   139     1670.0000      713.9151  4437357   57.25%
  14406 12053      949.2916   141     1670.0000      714.0200  4500280   57.24%
Elapsed time = 363.22 sec. (452139.88 ticks, tree = 213.17 MB, solutions = 17)
  14528 12171     1323.7095   130     1670.0000      714.0887  4570738   57.24%
  14760 12394     1634.0000   105     1670.0000      714.1965  4629709   57.23%
  15033 12667      959.9732   135     1670.0000      714.2028  4695935   57.23%
  15241 12874     1435.4959   143     1670.0000      714.2423  4749052   57.23%
  15346 12969      873.7521   118     1670.0000      714.2505  4823512   57.23%
* 15387+12006                         1660.0000      714.2505  4850439   56.97%
  15587 12206     1636.0000    92     1660.0000      714.2505  4880915   56.97%
  15873 12491     1636.0000   117     1660.0000      714.3585  4945893   56.97%
  16072 12689     1654.0000    96     1660.0000      714.3585  4987923   56.97%
  16389 13006      873.5061   129     1660.0000      714.3640  5041803   56.97%
  16555 13164     1643.0000    56     1660.0000      714.3640  5102182   56.97%
Elapsed time = 397.93 sec. (490788.72 ticks, tree = 215.69 MB, solutions = 18)
  16748 13357     1636.0000   104     1660.0000      714.3640  5146564   56.97%
  16865 13474     1636.0000    92     1660.0000      714.3872  5198081   56.96%
  17087 13696     1651.0000   113     1660.0000      714.6596  5242160   56.95%
  17294 13903     1636.0000    90     1660.0000      714.6596  5285082   56.95%
  17457 14055     1628.7557    97     1660.0000      714.6791  5343839   56.95%
  17523 14111      714.7464   206     1660.0000      714.7074  5381569   56.95%
  17628 14208      790.7727   172     1660.0000      714.8693  5419225   56.94%
  17733 14304     1633.3058   101     1660.0000      715.0716  5470229   56.92%
  18177 14741      999.3568   144     1660.0000      715.5466  5520265   56.89%
  18247 14803      933.2128   126     1660.0000      715.7488  5588923   56.88%
Elapsed time = 430.70 sec. (530347.13 ticks, tree = 237.91 MB, solutions = 18)
  18517 15071     1654.0000   100     1660.0000      715.7488  5632228   56.88%
  18772 15319     1653.0000    93     1660.0000      715.8471  5693638   56.88%
  19084 15631     1653.0000    93     1660.0000      715.9541  5749875   56.87%
  19389 15935     1093.9772   133     1660.0000      716.0592  5811158   56.86%
  19503 16021     1058.0000   132     1660.0000      716.1136  5873835   56.86%
  19609 16111     1051.2468   111     1660.0000      716.1526  5941726   56.86%
  19722 16210     1214.7923   136     1660.0000      716.1580  6007165   56.86%
  19856 16334     1647.0000    81     1660.0000      716.1580  6083596   56.86%
  20134 16574      874.8370   142     1660.0000      716.1791  6202921   56.86%
  20583 17022     1647.0000    75     1660.0000      716.1791  6270239   56.86%
Elapsed time = 465.80 sec. (569306.90 ticks, tree = 261.45 MB, solutions = 18)
  20799 17214     1139.6404   132     1660.0000      716.2176  6359434   56.85%
  20889 17297     1064.1630   118     1660.0000      716.3229  6419845   56.85%
  20955 17351     1382.5933   113     1660.0000      716.3286  6477421   56.85%
  21106 17498     1641.3243    61     1660.0000      716.3286  6530359   56.85%
  21306 17664      881.0000   147     1660.0000      716.3286  6619124   56.85%
  21579 17936     1638.0000   101     1660.0000      716.3286  6656910   56.85%
  21831 18183      902.8005   141     1660.0000      716.3513  6711578   56.85%
  22023 18369      895.4047   148     1660.0000      716.3571  6760406   56.85%
  22189 18533      874.3061   148     1660.0000      716.4304  6795691   56.84%
  22350 18687     1636.0000   100     1660.0000      716.4304  6835701   56.84%
Elapsed time = 498.60 sec. (607857.63 ticks, tree = 280.70 MB, solutions = 18)
  22453 18786     1652.6893   111     1660.0000      716.4416  6883729   56.84%
  22625 18947      781.3816   177     1660.0000      716.4416  6938025   56.84%
  22820 19142      804.4361   179     1660.0000      716.4416  6980323   56.84%
  23046 19367     1636.0000   101     1660.0000      716.4416  7039408   56.84%
  23342 19663     1639.0000   104     1660.0000      716.4416  7096307   56.84%
  23458 19779     1647.8462    91     1660.0000      716.4473  7154775   56.84%
  23649 19963     1650.2452   119     1660.0000      716.4473  7233704   56.84%
  23853 20161     1044.4274   117     1660.0000      716.6133  7280759   56.83%
  23983 20279     1044.4274   135     1660.0000      716.6671  7349291   56.83%
  24080 20363      991.0961   106     1660.0000      716.7398  7432411   56.82%
Elapsed time = 531.87 sec. (646754.45 ticks, tree = 301.10 MB, solutions = 18)
  24349 20624      876.0000   136     1660.0000      716.7398  7483169   56.82%
  24888 21163     1639.0000    49     1660.0000      716.7398  7547286   56.82%
  25189 21463      716.7589   194     1660.0000      717.6137  7624685   56.77%
  25287 21547     1603.1970   114     1660.0000      717.6448  7683754   56.77%
  25544 21798     1649.0000    79     1660.0000      717.9346  7752881   56.75%
  25834 22080      990.8825   130     1660.0000      717.9404  7821784   56.75%
  26082 22328     1651.0000    88     1660.0000      717.9655  7877489   56.75%
  26387 22632     1642.0000    86     1660.0000      717.9655  7915956   56.75%
  26454 22697     1657.9762    74     1660.0000      717.9917  7981812   56.75%
  26587 22817     1205.6413   120     1660.0000      718.0161  8035578   56.75%
Elapsed time = 567.43 sec. (686474.70 ticks, tree = 318.75 MB, solutions = 18)
  26680 22895     1045.2017   114     1660.0000      718.1880  8088067   56.74%
  26764 22975     1084.6827   143     1660.0000      718.3245  8133671   56.73%
  26826 23029      962.2377   115     1660.0000      718.3305  8184436   56.73%
  27013 23199     1646.0000    30     1660.0000      718.3305  8232539   56.73%
  27130 23295     1636.0000    92     1660.0000      718.4869  8299877   56.72%
  27492 23652     1653.0769    56     1660.0000      718.4869  8343031   56.72%
  27668 23803      720.7609   191     1660.0000      718.4869  8419493   56.72%
  27841 23973     1636.0000    85     1660.0000      718.4869  8456197   56.72%
  28235 24360     1316.6261   112     1660.0000      718.4869  8537417   56.72%

GUB cover cuts applied:  2
Implied bound cuts applied:  94
Flow cuts applied:  144
Mixed integer rounding cuts applied:  82

Root node processing (before b&c):
  Real time             =    3.06 sec. (4512.06 ticks)
Sequential b&c:
  Real time             =  596.94 sec. (719657.60 ticks)
                          ------------
Total (root+branch&cut) =  600.00 sec. (724169.66 ticks)
