Tried aggregator 2 times.
MIP Presolve eliminated 139 rows and 37 columns.
MIP Presolve modified 82 coefficients.
Aggregator did 12 substitutions.
Reduced MIP has 146 rows, 219 columns, and 733 nonzeros.
Reduced MIP has 113 binaries, 2 generals, 0 SOSs, and 0 indicators.
Presolve time = 0.00 sec. (1.07 ticks)
Found incumbent of value 1100.000000 after 0.00 sec. (2.15 ticks)
Probing time = 0.00 sec. (0.46 ticks)
Cover probing fixed 0 vars, tightened 72 bounds.
Tried aggregator 1 time.
MIP Presolve modified 72 coefficients.
Reduced MIP has 146 rows, 219 columns, and 733 nonzeros.
Reduced MIP has 113 binaries, 6 generals, 0 SOSs, and 0 indicators.
Presolve time = 0.00 sec. (0.46 ticks)
Probing time = 0.00 sec. (0.44 ticks)
Clique table members: 38.
MIP emphasis: balance optimality and feasibility.
MIP search method: dynamic search.
Parallel mode: none, using 1 thread.
Root relaxation solution time = 0.00 sec. (0.90 ticks)

        Nodes                                         Cuts/
   Node  Left     Objective  IInf  Best Integer    Best Bound    ItCnt     Gap

*     0+    0                         1100.0000        0.0000       79  100.00%
      0     0      110.2705    34     1100.0000      110.2705       79   89.98%
      0     0      112.1420    36     1100.0000      Cuts: 16      182   89.81%
      0     0      179.9785    34     1100.0000      Cuts: 42      308   83.64%
      0     0      190.4351    37     1100.0000      Cuts: 23      340   82.69%
      0     0      190.4351    38     1100.0000      Cuts: 14      351   82.69%
      0     0      190.4351    37     1100.0000       Cuts: 4      358   82.69%
*     0+    0                          520.0000      190.4351      358   63.38%
*     0+    0                          519.0000      190.4351      358   63.31%
*     0+    0                          430.0000      190.4351      358   55.71%
      0     2      190.4351    37      430.0000      190.4351      358   55.71%
Elapsed time = 0.09 sec. (76.58 ticks, tree = 0.00 MB, solutions = 4)
*   120+   93                          410.0000      190.8451     2494   53.45%
*   719   496      integral     0      400.0000      198.9658    11303   50.26%
*  1058+  486                          390.0000      361.3130    18501    7.36%
   1058   487      362.0000    37      390.0000      362.0000    18501    7.18%
   1167   433      373.0000    17      390.0000      362.0000    22535    7.18%
   1609   501      378.0057    12      390.0000      363.4375    31623    6.81%
   2086   674      386.8049    13      390.0000      364.3345    40912    6.58%
   2549   907      371.9235    21      390.0000      365.0212    50192    6.40%
   3077  1203      380.2844    19      390.0000      365.8616    59672    6.19%
   3656  1510      377.7243    19      390.0000      366.3333    69650    6.07%
   4128  1745        cutoff            390.0000      366.8830    80140    5.93%
   6218  2709      371.0333    29      390.0000      368.9896   118605    5.39%
Elapsed time = 3.50 sec. (3491.67 ticks, tree = 5.78 MB, solutions = 7)
   8365  3579      388.4786    11      390.0000      370.7561   162840    4.93%
  10553  4364      376.2812    19      390.0000      371.4427   203627    4.76%
  11638  4740        cutoff            390.0000      371.8260   226622    4.66%
  13877  5310      382.4944    19      390.0000      372.8632   267012    4.39%
  16080  5826        cutoff            390.0000      374.2892   309757    4.03%
  18195  6495      384.5075    10      390.0000      375.0725   351449    3.83%
  20222  6873      376.2812    22      390.0000      376.0588   393314    3.57%
  22259  7441        cutoff            390.0000      376.2812   434778    3.52%
  24265  7949      377.8388    10      390.0000      376.6667   478033    3.42%
  26550  8481        cutoff            390.0000      376.9576   518478    3.34%
Elapsed time = 13.64 sec. (13310.15 ticks, tree = 5.67 MB, solutions = 7)
  28848  8761        cutoff            390.0000      377.3104   559579    3.25%
  30912  8724      388.5326    15      390.0000      377.8388   601929    3.12%
  32971  8483        cutoff            390.0000      378.4151   646864    2.97%
  35060  8176      380.1163    10      390.0000      379.1448   691211    2.78%
  37311  7552      387.9709    17      390.0000      380.1051   736795    2.54%
  39500  7178      384.0154    20      390.0000      380.6740   781064    2.39%
  41708  6595      384.8299    13      390.0000      381.8987   825968    2.08%
  43885  6115        cutoff            390.0000      383.2614   870212    1.73%
  46198  5214      385.4244    14      390.0000      383.7455   917682    1.60%
  48945  3664        cutoff            390.0000      385.3333   958866    1.20%
Elapsed time = 22.92 sec. (22850.01 ticks, tree = 2.02 MB, solutions = 7)
  51310  2529        cutoff            390.0000      386.6667  1006236    0.85%
  53646  1337        cutoff            390.0000      387.2071  1055644    0.72%

GUB cover cuts applied:  6
Cover cuts applied:  8
Implied bound cuts applied:  55
Flow cuts applied:  56
Mixed integer rounding cuts applied:  20
Zero-half cuts applied:  4
Lift and project cuts applied:  22

Root node processing (before b&c):
  Real time             =    0.09 sec. (76.60 ticks)
Sequential b&c:
  Real time             =   25.08 sec. (25114.55 ticks)
                          ------------
Total (root+branch&cut) =   25.17 sec. (25191.15 ticks)
