Tried aggregator 2 times.
MIP Presolve eliminated 472 rows and 72 columns.
MIP Presolve modified 294 coefficients.
Aggregator did 23 substitutions.
Reduced MIP has 500 rows, 847 columns, and 2933 nonzeros.
Reduced MIP has 435 binaries, 2 generals, 0 SOSs, and 0 indicators.
Presolve time = 0.00 sec. (3.87 ticks)
Found incumbent of value 2400.000000 after 0.01 sec. (7.77 ticks)
Probing fixed 0 vars, tightened 1 bounds.
Probing time = 0.01 sec. (4.10 ticks)
Cover probing fixed 0 vars, tightened 255 bounds.
Tried aggregator 1 time.
MIP Presolve eliminated 1 rows and 1 columns.
MIP Presolve modified 247 coefficients.
Reduced MIP has 499 rows, 846 columns, and 2931 nonzeros.
Reduced MIP has 434 binaries, 9 generals, 0 SOSs, and 0 indicators.
Presolve time = 0.00 sec. (1.78 ticks)
Probing fixed 0 vars, tightened 3 bounds.
Probing time = 0.01 sec. (3.90 ticks)
Cover probing fixed 0 vars, tightened 20 bounds.
Clique table members: 438.
MIP emphasis: balance optimality and feasibility.
MIP search method: dynamic search.
Parallel mode: none, using 1 thread.
Root relaxation solution time = 0.01 sec. (6.83 ticks)

        Nodes                                         Cuts/
   Node  Left     Objective  IInf  Best Integer    Best Bound    ItCnt     Gap

*     0+    0                         2400.0000        0.0000      261  100.00%
      0     0      100.4879    73     2400.0000      100.4879      261   95.81%
      0     0      102.0670    78     2400.0000      Cuts: 30      645   95.75%
      0     0      154.5151    77     2400.0000      Cuts: 75     1189   93.56%
      0     0      178.5847    70     2400.0000      Cuts: 52     1384   92.56%
      0     0      179.2157    71     2400.0000      Cuts: 43     1572   92.53%
      0     0      179.2157    70     2400.0000      Cuts: 24     1599   92.53%
      0     0      179.2157    67     2400.0000      Cuts: 11     1626   92.53%
*     0+    0                          650.0000      179.2157     1626   72.43%
*     0+    0                          610.0000      179.2157     1626   70.62%
*     0+    0                          500.0000      179.2157     1626   64.16%
*     0+    0                          450.0000      179.2157     1626   60.17%
      0     2      179.2157    67      450.0000      179.2157     1626   60.17%
Elapsed time = 0.65 sec. (723.02 ticks, tree = 0.00 MB, solutions = 5)
     70    72      194.2565    59      450.0000      179.4414     5658   60.12%
    197   179      295.2238    28      450.0000      179.4414    12650   60.12%
    328   301      412.4146    31      450.0000      179.4531    20112   60.12%
*   489+  300                          440.0000      340.6196    29691   22.59%
    489   301      394.0000    52      440.0000      394.0000    33543   10.45%
    500   307      395.0000    52      440.0000      394.0000    34229   10.45%
    509   312      398.0000    39      440.0000      394.0000    35583   10.45%
    524   316      399.7677    48      440.0000      394.0000    38505   10.45%
    561   330      408.2531    30      440.0000      394.0000    42987   10.45%
    596   336      411.0000    28      440.0000      394.0000    48618   10.45%
    879   394      406.0000    34      440.0000      394.0000    70823   10.45%
Elapsed time = 5.67 sec. (6577.24 ticks, tree = 0.74 MB, solutions = 6)
   1246   604      394.6667    55      440.0000      394.2500    97603   10.40%
   1591   905      417.0000    20      440.0000      394.2500   120509   10.40%
   2012  1261      408.2097    42      440.0000      394.2500   143637   10.40%
   2416  1608      394.6990    54      440.0000      394.2500   168270   10.40%
   2763  1907      396.3333    46      440.0000      394.2500   190781   10.40%
   3193  2295      398.3629    38      440.0000      394.2500   213495   10.40%
   3489  2562      421.0000    27      440.0000      394.2500   231820   10.40%
   3914  2925      436.2625    17      440.0000      394.2897   253988   10.39%
   4469  3427      411.0359    29      440.0000      394.2898   277723   10.39%
   4889  3775      410.1413    34      440.0000      394.3421   302146   10.38%
Elapsed time = 13.71 sec. (16309.76 ticks, tree = 2.56 MB, solutions = 6)
   5246  4079      399.1988    53      440.0000      394.3784   324320   10.37%
   5567  4340      398.1106    43      440.0000      394.3962   346109   10.36%
   5913  4602      394.4538    68      440.0000      394.4317   370105   10.36%
   6341  4961      394.6900    61      440.0000      394.4538   394689   10.35%
   6739  5303      410.6667    26      440.0000      394.4903   416638   10.34%
   7110  5611      423.3493    41      440.0000      394.6667   441738   10.30%
   7439  5884      394.7778    58      440.0000      394.6667   463190   10.30%
   7755  6149      396.4509    47      440.0000      394.6667   481664   10.30%
   8146  6486      419.7547    43      440.0000      394.6667   503572   10.30%
   8576  6851      423.3053    27      440.0000      394.6667   527944   10.30%
Elapsed time = 21.45 sec. (25903.67 ticks, tree = 4.31 MB, solutions = 6)
   9088  7294      396.1122    53      440.0000      394.6667   554115   10.30%
   9483  7637      395.8022    44      440.0000      394.6667   582016   10.30%
   9845  7961      419.6405    35      440.0000      394.6667   606949   10.30%
  10269  8331      399.8062    41      440.0000      394.6667   629835   10.30%
  10323  8378      395.2129    50      440.0000      394.6667   634723   10.30%
  10674  8684      424.4425    27      440.0000      394.6667   656781   10.30%
  11078  9037      420.2825    14      440.0000      394.6667   680984   10.30%
  11439  9355      396.5998    42      440.0000      394.6667   703098   10.30%
  11826  9671      395.1938    50      440.0000      394.6667   727026   10.30%
  12337 10120      396.3953    49      440.0000      394.6667   753594   10.30%
Elapsed time = 29.82 sec. (36213.18 ticks, tree = 6.27 MB, solutions = 6)
  12810 10529      399.0295    40      440.0000      394.6667   781000   10.30%
  13302 10963      403.0886    54      440.0000      394.6667   807211   10.30%
  13703 11291      396.3444    42      440.0000      394.6667   833944   10.30%
  14089 11608      407.0356    31      440.0000      394.6752   861708   10.30%
  14479 11943      422.5000    19      440.0000      394.6820   885711   10.30%
  14876 12277      412.4655    22      440.0000      394.6881   904980   10.30%
  15346 12677      422.3660    17      440.0000      394.6990   928142   10.30%
  15624 12905      396.7920    58      440.0000      394.6990   946103   10.30%
  16011 13234      396.0310    58      440.0000      394.6990   972122   10.30%
  16386 13545      436.4642    20      440.0000      394.7061   998600   10.29%
Elapsed time = 37.55 sec. (45787.30 ticks, tree = 8.08 MB, solutions = 6)
  16754 13866      396.3220    49      440.0000      394.7127  1016903   10.29%
  17177 14229      398.7259    37      440.0000      394.7127  1043780   10.29%
  17626 14612      425.3302    38      440.0000      394.7127  1071335   10.29%
  18096 15022      417.2807    23      440.0000      394.7127  1099514   10.29%
  18365 15247      408.5618    21      440.0000      394.7127  1124547   10.29%
  18709 15537      423.0000    43      440.0000      394.7127  1148816   10.29%
  19089 15872      436.0000    42      440.0000      394.7128  1173384   10.29%
  19489 16206      415.4363    13      440.0000      394.7128  1195344   10.29%
  19813 16454      400.2222    39      440.0000      394.7129  1220670   10.29%
  20167 16743      402.6183    50      440.0000      394.7171  1247731   10.29%
Elapsed time = 45.42 sec. (55388.17 ticks, tree = 10.27 MB, solutions = 6)
  20503 17013      396.9490    46      440.0000      394.7313  1268269   10.29%
  20861 17310      401.4109    37      440.0000      394.7440  1294467   10.29%
  21275 17672      410.0000    20      440.0000      394.7490  1321106   10.28%
  21763 18095      404.1546    34      440.0000      394.7601  1349177   10.28%
  22173 18447      430.2500    40      440.0000      394.7715  1378255   10.28%
  22489 18690      395.8602    56      440.0000      394.7778  1404231   10.28%
  22786 18933      396.5696    48      440.0000      394.7778  1430394   10.28%
  23208 19306      400.1438    35      440.0000      394.7954  1455105   10.27%
  23548 19558      422.2661    23      440.0000      394.8021  1480565   10.27%
  23939 19888      401.3597    40      440.0000      394.8040  1504294   10.27%
Elapsed time = 53.34 sec. (65151.58 ticks, tree = 11.97 MB, solutions = 6)
  24316 20206      406.8063    36      440.0000      394.8065  1529307   10.27%
  24671 20485      402.1789    34      440.0000      394.8176  1555664   10.27%
  25098 20840      420.0000    21      440.0000      394.8176  1583972   10.27%
  25528 21195      397.3401    41      440.0000      394.8176  1610006   10.27%
  25909 21510      420.0000    48      440.0000      394.8176  1638464   10.27%
  26313 21842      395.3061    55      440.0000      394.8212  1665941   10.27%
  26680 22169      415.8314    25      440.0000      394.8259  1688605   10.27%
  27073 22500      397.6821    44      440.0000      394.8367  1716228   10.26%
  27487 22849      437.3333    38      440.0000      394.8501  1741334   10.26%
  27779 23088      420.0000    28      440.0000      394.8660  1765208   10.26%
Elapsed time = 61.19 sec. (74714.11 ticks, tree = 13.73 MB, solutions = 6)
  28146 23394      432.8570    17      440.0000      394.8700  1790114   10.26%
  28489 23689      430.0000    20      440.0000      394.8711  1809870   10.26%
  28913 24055      408.7987    28      440.0000      394.8826  1834100   10.25%
  29269 24322      425.4105    13      440.0000      394.8876  1860296   10.25%
  29602 24590      400.8559    33      440.0000      394.8927  1887445   10.25%
  30005 24935      418.1876    24      440.0000      394.9011  1914284   10.25%
  30383 25237      409.0850    27      440.0000      394.9255  1941779   10.24%
  30854 25638      417.8068    30      440.0000      394.9327  1968019   10.24%
  31257 25966      398.0017    39      440.0000      394.9426  1995889   10.24%
  31638 26278      395.9178    51      440.0000      394.9574  2020975   10.24%
Elapsed time = 69.15 sec. (84346.99 ticks, tree = 15.47 MB, solutions = 6)
  32055 26637      396.6675    57      440.0000      394.9819  2049140   10.23%
  32413 26936      395.6638    42      440.0000      394.9846  2076408   10.23%
  32690 27163      424.5845    31      440.0000      394.9924  2096604   10.23%
  33015 27433      400.7770    43      440.0000      394.9963  2121386   10.23%
  33342 27712      416.5112    27      440.0000      395.0000  2144041   10.23%
  33556 27888      395.0000    55      440.0000      395.0000  2160312   10.23%
  33842 28141      433.0238    22      440.0000      395.0000  2182815   10.23%
  34165 28406      401.0891    33      440.0000      395.0000  2208398   10.23%
  34445 28641      396.3176    45      440.0000      395.0000  2234275   10.23%
  35873 29828      396.5404    44      440.0000      395.0000  2337822   10.23%
Elapsed time = 79.59 sec. (96767.99 ticks, tree = 17.43 MB, solutions = 6)
  37137 30926      397.4498    60      440.0000      395.0000  2428441   10.23%
  38502 32082      395.2476    57      440.0000      395.0000  2517280   10.23%
  39863 33223      412.4972    50      440.0000      395.0000  2609435   10.23%
  41279 34435      405.0502    31      440.0000      395.0143  2697166   10.22%
  42979 35874      422.6839    17      440.0000      395.0607  2803615   10.21%
  44446 37112      398.3072    34      440.0000      395.0930  2900404   10.21%
  45914 38315      398.9787    43      440.0000      395.1345  2995140   10.20%
  47532 39705      403.9067    37      440.0000      395.1429  3093694   10.19%
  49406 41322      395.1429    48      440.0000      395.1429  3202285   10.19%
  51040 42763      416.2173    22      440.0000      395.1429  3301417   10.19%
Elapsed time = 110.71 sec. (134953.52 ticks, tree = 25.59 MB, solutions = 6)
  52907 44410      406.3411    39      440.0000      395.1429  3398697   10.19%
  54436 45707      396.8937    44      440.0000      395.1429  3497784   10.19%
  56194 47246      433.3319    36      440.0000      395.1429  3603984   10.19%
  57799 48619      403.2178    27      440.0000      395.1429  3707176   10.19%
  59266 49909      395.7925    59      440.0000      395.1429  3805706   10.19%
  60792 51243      405.7421    21      440.0000      395.1429  3900364   10.19%
  62613 52801      401.2824    32      440.0000      395.1429  4001068   10.19%
  64278 54250      420.0426    14      440.0000      395.1429  4107887   10.19%
  65702 55461      396.6592    50      440.0000      395.1429  4201985   10.19%
  67329 56873      422.5785    23      440.0000      395.1448  4297309   10.19%
Elapsed time = 141.76 sec. (173154.11 ticks, tree = 33.32 MB, solutions = 6)
  69088 58368      412.9566    29      440.0000      395.1455  4395536   10.19%
  70908 59909      430.0000    14      440.0000      395.1486  4503354   10.19%
  72489 61234      409.1217    22      440.0000      395.1539  4602929   10.19%
  74390 62899      396.5129    42      440.0000      395.1569  4701195   10.19%
  76079 64322      424.2381    25      440.0000      395.1580  4804141   10.19%
  77748 65708      395.7112    47      440.0000      395.1637  4903662   10.19%
  79703 67375      427.2923    36      440.0000      395.1658  5010278   10.19%
  81397 68812      395.2053    49      440.0000      395.1694  5111778   10.19%
  83027 70174      399.9223    32      440.0000      395.1807  5206535   10.19%
  84718 71606      414.0000    27      440.0000      395.1809  5302301   10.19%
Elapsed time = 172.79 sec. (211480.51 ticks, tree = 43.42 MB, solutions = 6)
  86464 73089      397.6714    47      440.0000      395.1819  5410511   10.19%
  88224 74567      414.3916    18      440.0000      395.1861  5515600   10.18%
  89854 75908      395.9550    46      440.0000      395.1967  5613522   10.18%
  91489 77311      395.8562    46      440.0000      395.1967  5712668   10.18%
  93265 78788      436.0000    36      440.0000      395.1978  5819718   10.18%
  95124 80376      396.4231    44      440.0000      395.2032  5921804   10.18%
  96727 81700      395.2080    47      440.0000      395.2080  6021391   10.18%
  98225 82971      413.5043    39      440.0000      395.2105  6120392   10.18%
  99835 84333      396.5552    42      440.0000      395.2144  6215612   10.18%
 101608 85827      555.7416    24      440.0000      395.2218  6319595   10.18%
Elapsed time = 205.14 sec. (249734.26 ticks, tree = 52.68 MB, solutions = 6)
 103363 87349      398.4928    43      440.0000      395.2275  6417230   10.18%
 105225 88938      410.5090    20      440.0000      395.2284  6523621   10.18%
 106937 90403      397.6501    46      440.0000      395.2361  6622963   10.17%
 108567 91770      437.9378    34      440.0000      395.2430  6723337   10.17%
 110030 92971      415.4070    35      440.0000      395.2478  6824450   10.17%
 111794 94498      400.6725    38      440.0000      395.2528  6921805   10.17%
 113501 95946      399.0688    42      440.0000      395.2533  7026373   10.17%
 115318 97522      396.3926    50      440.0000      395.2600  7133377   10.17%
 116651 98629      397.3843    62      440.0000      395.2615  7224153   10.17%
 118437 100166      396.4127    45      440.0000      395.2671  7325693   10.17%
Elapsed time = 238.19 sec. (287906.51 ticks, tree = 60.76 MB, solutions = 6)
 120021 101519      396.3201    46      440.0000      395.2706  7419738   10.17%
 121595 102860      429.0655    38      440.0000      395.2759  7516901   10.16%
 123338 104346      397.1667    43      440.0000      395.2821  7621164   10.16%
 124944 105671      397.5023    47      440.0000      395.2885  7720470   10.16%
 126452 106954      395.8293    61      440.0000      395.2941  7815709   10.16%
 127911 108202      428.3389    22      440.0000      395.2985  7909943   10.16%
 129607 109615      396.0961    48      440.0000      395.2995  8013429   10.16%
 131118 110896      400.0000    52      440.0000      395.3042  8106968   10.16%
 132719 112262      414.1011    28      440.0000      395.3073  8211344   10.16%
 134449 113674      413.6362    31      440.0000      395.3141  8319642   10.16%
Elapsed time = 277.67 sec. (326139.51 ticks, tree = 68.39 MB, solutions = 6)
 135885 114890      396.1010    47      440.0000      395.3141  8419059   10.16%
 137443 116225      399.5209    41      440.0000      395.3181  8519437   10.15%
 138951 117460      402.9851    46      440.0000      395.3240  8612573   10.15%
 140676 118922      428.8557    18      440.0000      395.3279  8713194   10.15%
 142165 120182      420.0000    23      440.0000      395.3340  8809531   10.15%
 143824 121599      423.7500    10      440.0000      395.3384  8913680   10.15%
 145410 122931      412.0570    23      440.0000      395.3447  9015881   10.15%
 147260 124492      432.6732    11      440.0000      395.3459  9115615   10.15%
 148759 125728      413.0676    24      440.0000      395.3480  9207858   10.15%
 150751 127375      412.2130    23      440.0000      395.3521  9311862   10.15%
Elapsed time = 324.37 sec. (364301.24 ticks, tree = 76.08 MB, solutions = 6)
 152473 128814      412.0000    18      440.0000      395.3539  9407947   10.15%
 153949 130055      410.0000    15      440.0000      395.3591  9502530   10.15%
 155608 131445      407.5798    45      440.0000      395.3631  9601399   10.14%
 157454 132986      430.1487    20      440.0000      395.3650  9701036   10.14%
 159246 134451      396.2730    43      440.0000      395.3703  9803261   10.14%
 160649 135626      412.0000    19      440.0000      395.3768  9899081   10.14%
 162278 137005        cutoff            440.0000      395.3834  9996511   10.14%
 164159 138595      395.9249    52      440.0000      395.3877 10090779   10.14%
 165637 139793      404.6277    45      440.0000      395.3930 10193461   10.14%
 167279 141193      396.0163    55      440.0000      395.4008 10290099   10.14%
Elapsed time = 363.74 sec. (402502.10 ticks, tree = 85.54 MB, solutions = 6)
 169007 142633        cutoff            440.0000      395.4029 10390755   10.14%
 170302 143699      396.5060    46      440.0000      395.4046 10483193   10.14%
 172029 145091      411.2156    29      440.0000      395.4100 10589971   10.13%
 173489 146297      407.1131    31      440.0000      395.4174 10689704   10.13%
 175337 147843      427.8914    36      440.0000      395.4287 10797008   10.13%
 177229 149453      396.5837    51      440.0000      395.4390 10902991   10.13%
 179059 150970      436.0087    19      440.0000      395.4445 10999749   10.13%
 180733 152342      400.1469    33      440.0000      395.4495 11095320   10.13%
 182465 153788      397.0315    49      440.0000      395.4590 11197640   10.12%
 183769 154813      420.2533    20      440.0000      395.4618 11291895   10.12%
Elapsed time = 394.74 sec. (440838.81 ticks, tree = 93.26 MB, solutions = 6)
 185314 156081      402.3565    41      440.0000      395.4679 11399869   10.12%
 186925 157398      401.1935    34      440.0000      395.4824 11501149   10.12%
 188376 158593      432.1213    27      440.0000      395.4912 11595622   10.12%
 189945 159885      412.5926    22      440.0000      395.4996 11699099   10.11%
 191651 161293      434.0000    15      440.0000      395.5074 11800242   10.11%
 193077 162457      396.3572    56      440.0000      395.5091 11892348   10.11%
 194731 163810      399.3496    47      440.0000      395.5178 11998707   10.11%
 196317 165149      426.2853    26      440.0000      395.5227 12092024   10.11%
 198082 166629      414.1679    26      440.0000      395.5250 12196349   10.11%
 199823 168039      420.2500    22      440.0000      395.5286 12299614   10.11%
Elapsed time = 426.39 sec. (479023.25 ticks, tree = 101.73 MB, solutions = 6)
 201489 169428      422.8481    26      440.0000      395.5376 12395325   10.11%
 203203 170872      410.3362    28      440.0000      395.5453 12470881   10.10%
 204690 172116      413.7893    25      440.0000      395.5518 12537433   10.10%
 206328 173455      410.7657    22      440.0000      395.5573 12612327   10.10%
 208071 174914      396.7952    45      440.0000      395.5674 12684601   10.10%
 209508 176092      396.2887    45      440.0000      395.5794 12754198   10.10%
 211092 177392      396.7942    42      440.0000      395.5871 12830337   10.09%
 212684 178711      400.0813    37      440.0000      395.5920 12902334   10.09%
 214401 180165      412.3549    26      440.0000      395.5937 12981348   10.09%
 215968 181447      399.8691    30      440.0000      395.6027 13059329   10.09%
Elapsed time = 456.85 sec. (517271.89 ticks, tree = 183.22 MB, solutions = 6)
 217411 182628      414.6948    26      440.0000      395.6063 13133472   10.09%
 218848 183807      399.7720    42      440.0000      395.6152 13204053   10.09%
 220405 185095      398.4031    46      440.0000      395.6285 13277676   10.08%
 221889 186300      422.0931    24      440.0000      395.6341 13350124   10.08%
 223418 187581      409.0456    23      440.0000      395.6345 13427401   10.08%
 224983 188884      418.8833    30      440.0000      395.6439 13501958   10.08%
 226193 189836      420.3333    29      440.0000      395.6543 13575451   10.08%
 227619 190970      423.4406    35      440.0000      395.6660 13668060   10.08%
 229533 192551      398.2882    43      440.0000      395.6773 13775906   10.07%
 231177 193930      426.1430    18      440.0000      395.6799 13870948   10.07%
Elapsed time = 487.24 sec. (555438.81 ticks, tree = 242.66 MB, solutions = 6)
 232889 195371      405.5876    33      440.0000      395.6826 13972744   10.07%
 234434 196665      398.0422    41      440.0000      395.6826 14077155   10.07%
 235936 197889      420.2745    25      440.0000      395.6917 14174705   10.07%
 237717 199424      396.4774    46      440.0000      395.6923 14273771   10.07%
 239360 200824      436.8851    36      440.0000      395.6923 14377199   10.07%
 241126 202341      424.5708    19      440.0000      395.6923 14485367   10.07%
 242641 203622      406.3629    22      440.0000      395.6923 14583014   10.07%
 244447 205180      395.6923    47      440.0000      395.6923 14684930   10.07%
 245862 206398      416.1630    17      440.0000      395.6923 14790061   10.07%
 247593 207876      398.2099    51      440.0000      395.6923 14889175   10.07%
Elapsed time = 518.22 sec. (593619.82 ticks, tree = 250.34 MB, solutions = 6)
 249229 209294      409.2264    35      440.0000      395.6923 14984980   10.07%
 250992 210829      412.7904    23      440.0000      395.6923 15092690   10.07%
 252912 212506      414.0000    19      440.0000      395.6923 15199138   10.07%
 254470 213836      435.4020    27      440.0000      395.6923 15302338   10.07%
*254489+194831                          430.0000      395.6923 15303502    7.98%
 256013 196140      401.3057    34      430.0000      395.6923 15402406    7.98%
 257480 197357      396.5441    46      430.0000      395.6923 15496437    7.98%
 258953 198612      396.4206    51      430.0000      395.6923 15595194    7.98%
 259589 199154      422.7873    26      430.0000      395.6923 15633758    7.98%
 260189 199668      426.5284    18      430.0000      395.6923 15669525    7.98%
 260789 200188      397.3808    43      430.0000      395.6923 15700995    7.98%
Elapsed time = 551.22 sec. (633016.27 ticks, tree = 231.72 MB, solutions = 7)
 261489 200794      410.0000    31      430.0000      395.6923 15742788    7.98%
 261991 201224      398.4296    42      430.0000      395.6923 15775185    7.98%
 262689 201817      422.3483    28      430.0000      395.6923 15816086    7.98%
 263189 202266      412.0682    19      430.0000      395.6923 15847343    7.98%
 263689 202694      415.0000    21      430.0000      395.6923 15877265    7.98%
 264389 203282      399.4919    41      430.0000      395.6923 15928010    7.98%
 264989 203788      396.4283    50      430.0000      395.6923 15969406    7.98%
 265589 204306      403.2416    26      430.0000      395.6923 15997324    7.98%
 266189 204831      412.2877    22      430.0000      395.6923 16032117    7.98%
 266904 205463      402.0377    37      430.0000      395.6923 16067683    7.98%
Elapsed time = 588.67 sec. (675063.16 ticks, tree = 234.69 MB, solutions = 7)
 267412 205910      411.4865    39      430.0000      395.6923 16095308    7.98%
 267789 206239      397.3189    44      430.0000      395.6923 16119963    7.98%
 268459 206813      414.2555    18      430.0000      395.6923 16168784    7.98%

GUB cover cuts applied:  1
Clique cuts applied:  1
Cover cuts applied:  18
Implied bound cuts applied:  40
Flow cuts applied:  103
Mixed integer rounding cuts applied:  24
Zero-half cuts applied:  3
Lift and project cuts applied:  41

Root node processing (before b&c):
  Real time             =    0.65 sec. (723.03 ticks)
Sequential b&c:
  Real time             =  599.35 sec. (687395.63 ticks)
                          ------------
Total (root+branch&cut) =  600.00 sec. (688118.66 ticks)
