Tried aggregator 2 times.
MIP Presolve eliminated 473 rows and 88 columns.
MIP Presolve modified 183 coefficients.
Aggregator did 24 substitutions.
Reduced MIP has 538 rows, 890 columns, and 3200 nonzeros.
Reduced MIP has 471 binaries, 2 generals, 0 SOSs, and 0 indicators.
Presolve time = 0.00 sec. (4.01 ticks)
Found incumbent of value 2800.000000 after 0.01 sec. (8.42 ticks)
Probing time = 0.00 sec. (2.60 ticks)
Tried aggregator 1 time.
Reduced MIP has 538 rows, 890 columns, and 3200 nonzeros.
Reduced MIP has 471 binaries, 10 generals, 0 SOSs, and 0 indicators.
Presolve time = 0.00 sec. (1.79 ticks)
Probing time = 0.00 sec. (2.57 ticks)
Clique table members: 1581.
MIP emphasis: balance optimality and feasibility.
MIP search method: dynamic search.
Parallel mode: none, using 1 thread.
Root relaxation solution time = 0.01 sec. (9.28 ticks)

        Nodes                                         Cuts/
   Node  Left     Objective  IInf  Best Integer    Best Bound    ItCnt     Gap

*     0+    0                         2800.0000        0.0000      339  100.00%
      0     0       96.5111    95     2800.0000       96.5111      339   96.55%
      0     0       99.4339    76     2800.0000      Cuts: 24      456   96.45%
      0     0      149.4690    84     2800.0000      Cuts: 52      828   94.66%
      0     0      173.3632    77     2800.0000      Cuts: 61      996   93.81%
      0     0      174.0934    77     2800.0000      Cuts: 30     1239   93.78%
      0     0      174.0934    80     2800.0000      Cuts: 19     1271   93.78%
      0     0      174.0970    73     2800.0000       Cuts: 4     1329   93.78%
      0     0      174.1242    78     2800.0000      Cuts: 21     1415   93.78%
      0     0      174.1243    84     2800.0000      Cuts: 17     1433   93.78%
*     0+    0                          820.0000      174.1243     1433   78.77%
*     0+    0                          660.0000      174.1243     1433   73.62%
*     0+    0                          640.0000      174.1243     1433   72.79%
*     0+    0                          510.0000      174.1243     1433   65.86%
*     0+    0                          500.0000      174.1243     1433   65.18%
*     0+    0                          480.0000      174.1243     1433   63.72%
*     0+    0                          450.0000      174.1243     1433   61.31%
*     0+    0                          440.0000      174.1243     1433   60.43%
      0     2      174.1243    84      440.0000      174.1243     1433   60.43%
Elapsed time = 0.71 sec. (756.14 ticks, tree = 0.00 MB, solutions = 9)
     36    38      202.9302    64      440.0000      174.1366     3811   60.42%
    111   112      277.3997    41      440.0000      174.1366     8293   60.42%
    240   231      281.0685    31      440.0000      174.1366    14806   60.42%
    464   437      204.4073    76      440.0000      174.1366    21080   60.42%
    477   450      383.0000    50      440.0000      383.0000    28566   12.95%
    484   451      385.0000    51      440.0000      383.1616    29921   12.92%
    491   453      389.0000    38      440.0000      383.1616    30864   12.92%
    501   455      391.6528    37      440.0000      383.1616    32943   12.92%
    517   465      399.0000    28      440.0000      383.1616    34657   12.92%
    707   488      403.0000    27      440.0000      383.3644    51177   12.87%
Elapsed time = 5.13 sec. (5980.84 ticks, tree = 1.46 MB, solutions = 9)
   1100   625      398.5922    39      440.0000      384.0000    68767   12.73%
   1520   853      419.3180    29      440.0000      384.0806    86677   12.71%
   2032  1294      400.0143    37      440.0000      384.1109   104119   12.70%
   2470  1685      430.0000    19      440.0000      384.1355   122063   12.70%
   3007  2151      406.3053    18      440.0000      384.3385   138779   12.65%
   3508  2586      408.6832    28      440.0000      384.5360   152418   12.61%
   4161  3168      388.5432    26      440.0000      384.7507   168393   12.56%
   4628  3570      396.3740    23      440.0000      384.8144   184077   12.54%
   5089  3981      389.5373    32      440.0000      384.8155   201079   12.54%
   5531  4383      404.3595    30      440.0000      384.8471   213721   12.53%
Elapsed time = 12.71 sec. (15544.56 ticks, tree = 35.47 MB, solutions = 9)
   6085  4878      419.0420    28      440.0000      384.8566   228438   12.53%
   6657  5393      395.8573    37      440.0000      384.8802   243828   12.53%
   7235  5903      424.4763    35      440.0000      384.8861   262067   12.53%
   7882  6474      394.0000    24      440.0000      384.8972   279489   12.52%
   8437  6971      402.3811    16      440.0000      384.9071   296038   12.52%
   9033  7500      425.3500    42      440.0000      384.9155   311389   12.52%
   9532  7934      428.7614    26      440.0000      384.9405   327533   12.51%
   9997  8325      414.8795    39      440.0000      384.9771   345598   12.51%
  10017  8338      387.1524    45      440.0000      384.9895   346232   12.50%
  10349  8639      403.1604    34      440.0000      384.9938   355683   12.50%
Elapsed time = 20.54 sec. (25403.65 ticks, tree = 71.18 MB, solutions = 9)
  10785  9007      427.8755    22      440.0000      385.0000   369579   12.50%
  11209  9363      422.5000    23      440.0000      385.0000   389519   12.50%
  11645  9741      387.3563    41      440.0000      385.0028   408473   12.50%
  12189 10216      423.4351    35      440.0000      385.0219   425436   12.50%
  12574 10550      412.3701    34      440.0000      385.0558   442278   12.49%
  13035 10921      407.0149    21      440.0000      385.0655   459631   12.49%
  13477 11288      387.1608    37      440.0000      385.0744   475273   12.48%
  14012 11758        cutoff            440.0000      385.0859   494690   12.48%
  14535 12214      390.5892    39      440.0000      385.1139   513434   12.47%
  15058 12653      407.4784    26      440.0000      385.1421   530196   12.47%
Elapsed time = 27.97 sec. (35098.24 ticks, tree = 101.09 MB, solutions = 9)
  15535 13066        cutoff            440.0000      385.1552   548969   12.46%
  16012 13463      390.8383    43      440.0000      385.1946   567653   12.46%
  16492 13882      399.1574    26      440.0000      385.2183   584621   12.45%
  17024 14351      427.5551    12      440.0000      385.2637   600730   12.44%
  17502 14770      422.9480    19      440.0000      385.2718   615470   12.44%
  18051 15223      415.1528    30      440.0000      385.2957   632678   12.43%
  18635 15722      397.6307    34      440.0000      385.3670   648305   12.42%
  19168 16183      396.5786    33      440.0000      385.4130   666538   12.41%
  19509 16454      412.4711    33      440.0000      385.4589   681890   12.40%
  20003 16865      390.1764    37      440.0000      385.5595   701136   12.37%
Elapsed time = 35.30 sec. (44653.12 ticks, tree = 133.29 MB, solutions = 9)
  20574 17353      415.3280    42      440.0000      385.6035   720379   12.36%
  21187 17861      413.1526    27      440.0000      385.6202   738225   12.36%
  21709 18322        cutoff            440.0000      385.6213   753009   12.36%
  22231 18784      405.4794    33      440.0000      385.6439   771525   12.35%
  22768 19244      420.5606    13      440.0000      385.6630   790360   12.35%
  23261 19658      387.7517    28      440.0000      385.6748   807756   12.35%
  23578 19919      385.8968    39      440.0000      385.6819   819804   12.35%
  24098 20386      398.8001    32      440.0000      385.6903   836104   12.34%
  24577 20787        cutoff            440.0000      385.7109   852804   12.34%
  25090 21217      387.8877    37      440.0000      385.7300   870003   12.33%
Elapsed time = 42.64 sec. (54211.90 ticks, tree = 161.81 MB, solutions = 9)
  25693 21742      388.2142    47      440.0000      385.7364   887816   12.33%
  26295 22259      393.2588    42      440.0000      385.7588   905080   12.33%
  26873 22751      387.8200    38      440.0000      385.7829   923603   12.32%
  27417 23241      404.0491    19      440.0000      385.7912   940965   12.32%
  27859 23639      388.5585    41      440.0000      385.7965   955377   12.32%
  28427 24137      399.1857    37      440.0000      385.8081   974337   12.32%
  28911 24543      400.9210    20      440.0000      385.8224   993622   12.31%
  29342 24896      432.2379    20      440.0000      385.8224  1014268   12.31%
  29824 25308      392.1585    26      440.0000      385.8320  1031693   12.31%
  30318 25716      418.4155    16      440.0000      385.8413  1049591   12.31%
Elapsed time = 49.97 sec. (63774.15 ticks, tree = 194.19 MB, solutions = 9)
  30713 26037        cutoff            440.0000      385.8476  1064860   12.31%
  31146 26394      416.5261    32      440.0000      385.8545  1081005   12.31%
  31749 26911      431.2480    21      440.0000      385.8583  1098491   12.30%
  32266 27344      401.4727    29      440.0000      385.8691  1117081   12.30%
  32824 27821      432.6010    27      440.0000      385.8744  1134188   12.30%
  33423 28353      388.9282    30      440.0000      385.8835  1153291   12.30%
  33882 28747      416.0171    19      440.0000      385.8892  1170863   12.30%
  34413 29209      435.9979    22      440.0000      385.8963  1189096   12.30%
  34983 29690      389.2117    35      440.0000      385.9036  1207149   12.29%
  35477 30120      394.9750    24      440.0000      385.9084  1222891   12.29%
Elapsed time = 57.39 sec. (73406.74 ticks, tree = 231.85 MB, solutions = 9)
  35968 30530      393.9867    26      440.0000      385.9101  1241735   12.29%
  36407 30903      394.2157    30      440.0000      385.9145  1260190   12.29%
  36795 31231      400.3932    31      440.0000      385.9182  1278206   12.29%
  37225 31590      398.5428    45      440.0000      385.9239  1295941   12.29%
  37572 31881      392.0200    37      440.0000      385.9311  1310568   12.29%
  38022 32272      400.7982    25      440.0000      385.9354  1328345   12.29%
  38461 32628      438.9394    40      440.0000      385.9478  1347840   12.28%
  38889 32972      395.6423    30      440.0000      385.9603  1365957   12.28%
  39382 33395        cutoff            440.0000      385.9653  1385411   12.28%
  39757 33699      386.2454    49      440.0000      385.9685  1405314   12.28%
Elapsed time = 64.70 sec. (82989.09 ticks, tree = 262.98 MB, solutions = 9)
  40194 34064      389.2234    32      440.0000      385.9774  1424571   12.28%
  40630 34422      406.3269    42      440.0000      385.9892  1443425   12.28%
  41078 34809      423.3333    14      440.0000      385.9947  1462114   12.27%
  41477 35151      386.9660    46      440.0000      386.0000  1478726   12.27%
  41917 35540      397.7118    34      440.0000      386.0046  1496973   12.27%
  42347 35919      403.5638    26      440.0000      386.0073  1515435   12.27%
  42826 36329      399.8531    31      440.0000      386.0132  1532693   12.27%
  43236 36686      394.6204    29      440.0000      386.0209  1551515   12.27%
  43604 37016      399.0325    38      440.0000      386.0243  1566102   12.27%
  45232 38359      407.8897    42      440.0000      386.0566  1640315   12.26%
Elapsed time = 74.43 sec. (95610.42 ticks, tree = 299.90 MB, solutions = 9)
  47022 39865      396.9160    26      440.0000      386.0776  1713007   12.26%
  48692 41242      403.1408    26      440.0000      386.1112  1784619   12.25%
  50449 42762      428.1337    18      440.0000      386.1500  1858705   12.24%
  52277 44287      394.0311    35      440.0000      386.1756  1930715   12.23%
  53937 45725      388.5057    42      440.0000      386.2015  2000304   12.23%
  55766 47271      408.5000    28      440.0000      386.2391  2077610   12.22%
  57477 48693      408.4096    29      440.0000      386.2604  2142636   12.21%
  59231 50138      414.0000    14      440.0000      386.2821  2214275   12.21%
  60975 51575      414.1050    22      440.0000      386.3227  2287813   12.20%
  62924 53209      401.0379    25      440.0000      386.3682  2360175   12.19%
Elapsed time = 103.84 sec. (133782.21 ticks, tree = 412.90 MB, solutions = 9)
  64964 54914      404.8543    36      440.0000      386.3963  2451585   12.18%
  66945 56569      396.2668    24      440.0000      386.4537  2546309   12.17%
  69030 58323      410.5581    20      440.0000      386.4984  2641934   12.16%
  71093 60063      397.6507    34      440.0000      386.5354  2738698   12.15%
  73156 61799      430.6208    31      440.0000      386.5879  2832122   12.14%
  75407 63719      433.2923    18      440.0000      386.6447  2926517   12.13%
  77417 65404      431.9757    20      440.0000      386.6849  3019917   12.12%
  79459 67124      423.9303    25      440.0000      386.7564  3112731   12.10%
  81489 68815      438.9374    36      440.0000      386.8342  3214374   12.08%
  83424 70417      403.0000    21      440.0000      386.8914  3305218   12.07%
Elapsed time = 133.89 sec. (171985.23 ticks, tree = 422.37 MB, solutions = 9)
  85459 72093      405.2396    34      440.0000      386.9190  3406322   12.06%
  87318 73632      420.0163    18      440.0000      386.9437  3502460   12.06%
  89243 75213      410.1889    28      440.0000      386.9741  3602229   12.05%
  90914 76608      430.0000    33      440.0000      386.9984  3692671   12.05%
  92658 78117      393.7511    34      440.0000      387.0101  3774791   12.04%
  94716 79852      405.4410    43      440.0000      387.0274  3874403   12.04%
  96631 81458      426.5976    29      440.0000      387.0419  3972149   12.04%
  98555 83038      387.1038    54      440.0000      387.0551  4061193   12.03%
 100456 84564      391.5082    39      440.0000      387.0645  4155332   12.03%
 102253 86036      420.5336    28      440.0000      387.0746  4251703   12.03%
Elapsed time = 163.59 sec. (210166.64 ticks, tree = 428.22 MB, solutions = 9)
 104262 87747      404.4432    39      440.0000      387.0858  4343874   12.03%
 106163 89313      420.6068    33      440.0000      387.1042  4446841   12.02%
 107706 90579      417.1274    45      440.0000      387.1155  4536067   12.02%
 109477 92049      422.3900    32      440.0000      387.1256  4625143   12.02%
 111298 93561      389.8003    37      440.0000      387.1376  4705442   12.01%
 113317 95237      398.3558    27      440.0000      387.1439  4790662   12.01%
 115206 96833      431.3436    27      440.0000      387.1585  4883234   12.01%
 116957 98321      422.7056    25      440.0000      387.1708  4963204   12.01%
 118434 99517      395.9228    26      440.0000      387.1852  5044009   12.00%
 120197 100975      430.0000    35      440.0000      387.1965  5135611   12.00%
Elapsed time = 193.41 sec. (248474.81 ticks, tree = 461.12 MB, solutions = 9)
 122093 102554      414.0515    21      440.0000      387.2085  5224403   12.00%
 123677 103840      411.9800    41      440.0000      387.2209  5305513   12.00%
 125547 105359      400.6791    24      440.0000      387.2319  5396539   11.99%
 127202 106734      421.1542    35      440.0000      387.2430  5479327   11.99%
 129077 108283      404.2900    20      440.0000      387.2549  5566672   11.99%
 130996 109865      400.7158    39      440.0000      387.2655  5655268   11.99%
 133076 111646      418.0000    16      440.0000      387.2793  5752783   11.98%
 135040 113297      393.5743    25      440.0000      387.2917  5851811   11.98%
 136804 114766      402.4688    27      440.0000      387.3051  5939416   11.98%
 138477 116153      436.8942    19      440.0000      387.3148  6026564   11.97%
Elapsed time = 223.38 sec. (286790.47 ticks, tree = 480.16 MB, solutions = 9)
 140362 117697      420.0766    16      440.0000      387.3271  6123039   11.97%
 142136 119216      418.9338    27      440.0000      387.3358  6209727   11.97%
 143977 120742      418.0596    19      440.0000      387.3514  6304516   11.97%
 145863 122323      400.3570    32      440.0000      387.3638  6397435   11.96%
 147347 123544      427.2378    37      440.0000      387.3791  6479213   11.96%
 149157 125048      435.8429    17      440.0000      387.3937  6571489   11.96%
 150900 126504      409.4368    32      440.0000      387.4070  6661076   11.95%
 152621 127948      387.4190    35      440.0000      387.4188  6743028   11.95%
 154398 129408      410.7018    21      440.0000      387.4343  6836792   11.95%
 156107 130811      388.9292    44      440.0000      387.4481  6923369   11.94%
Elapsed time = 253.09 sec. (324954.44 ticks, tree = 502.29 MB, solutions = 9)
 157983 132412      391.2047    28      440.0000      387.4588  7005909   11.94%
 159870 133973      406.4819    31      440.0000      387.4766  7096871   11.94%
 161512 135292      417.6930    20      440.0000      387.4996  7187154   11.93%
 163315 136737      430.0000    41      440.0000      387.5181  7278220   11.93%
 164801 137954      409.2109    30      440.0000      387.5341  7362955   11.92%
 166576 139420      418.6731    32      440.0000      387.5565  7458418   11.92%
 168508 141023      430.0126    19      440.0000      387.5718  7548678   11.92%
 170477 142644      409.5804    24      440.0000      387.5880  7642935   11.91%
 172384 144204      401.5784    40      440.0000      387.6092  7738413   11.91%
 174281 145764      405.8326    19      440.0000      387.6273  7834140   11.90%
Elapsed time = 282.96 sec. (363356.27 ticks, tree = 517.81 MB, solutions = 9)
 176074 147257      410.0000     2      440.0000      387.6466  7920960   11.90%
*177477+128368                          430.0000      387.6600  7993884    9.85%
 177800 128628      389.5175    36      430.0000      387.6632  8012429    9.85%
 179386 129896      405.7754    41      430.0000      387.6882  8100914    9.84%
 180883 131084      424.0357    23      430.0000      387.7024  8188717    9.84%
 182491 132367      412.9191    21      430.0000      387.7278  8276479    9.83%
 184338 133823      398.3483    31      430.0000      387.7490  8373710    9.83%
 186042 135209      405.1952    39      430.0000      387.7655  8462001    9.82%
 187698 136553      398.7859    41      430.0000      387.7853  8552021    9.82%
 189125 137687      411.4073    18      430.0000      387.7984  8633321    9.81%
 190605 138867      391.3524    28      430.0000      387.8144  8719746    9.81%
Elapsed time = 312.97 sec. (401538.93 ticks, tree = 465.40 MB, solutions = 10)
 192079 140017      420.3258    35      430.0000      387.8373  8800785    9.81%
 193784 141372      420.1868    31      430.0000      387.8592  8886260    9.80%
 195417 142683      424.1484    16      430.0000      387.8815  8970166    9.80%
 197266 144167      400.1956    48      430.0000      387.8991  9067545    9.79%
 199082 145671      403.9334    17      430.0000      387.9205  9157531    9.79%
 200666 146934      400.0143    20      430.0000      387.9424  9245325    9.78%
 202317 148253      406.0092    25      430.0000      387.9627  9335666    9.78%
 203913 149525      413.0091    44      430.0000      387.9860  9422427    9.77%
 205468 150746      412.9060    29      430.0000      388.0076  9504444    9.77%
 207110 152046      414.6509    31      430.0000      388.0214  9597622    9.76%
Elapsed time = 342.82 sec. (439706.95 ticks, tree = 478.01 MB, solutions = 10)
 208708 153345      428.0743    29      430.0000      388.0357  9683748    9.76%
 210477 154731      412.5307    30      430.0000      388.0552  9777029    9.75%
 212188 156051      424.0315    22      430.0000      388.0866  9869687    9.75%
 213859 157370      390.4461    37      430.0000      388.1026  9958965    9.74%
 215338 158545      427.0330    17      430.0000      388.1135 10047480    9.74%
 216834 159707      398.2628    28      430.0000      388.1265 10127342    9.74%
 218397 160950      404.2910    22      430.0000      388.1463 10214045    9.73%
 219978 162204      390.2294    39      430.0000      388.1615 10301774    9.73%
 221799 163646      403.7107    23      430.0000      388.1803 10397188    9.73%
 223277 164837      395.1163    36      430.0000      388.1947 10481776    9.72%
Elapsed time = 372.91 sec. (478029.51 ticks, tree = 492.24 MB, solutions = 10)
 224690 165900      402.5604    36      430.0000      388.2151 10572654    9.72%
 226063 166963      408.6667    30      430.0000      388.2321 10650464    9.71%
 227666 168225        cutoff            430.0000      388.2470 10731050    9.71%
 229393 169572      410.1358    22      430.0000      388.2637 10822022    9.71%
 231242 171037      389.6238    27      430.0000      388.2804 10914577    9.70%
 232758 172236      393.6720    33      430.0000      388.2904 11002704    9.70%
 234332 173502      408.6275    20      430.0000      388.3075 11086384    9.70%
 236086 174927      401.4250    37      430.0000      388.3312 11177642    9.69%
 237717 176237      414.5098    10      430.0000      388.3435 11264150    9.69%
 239325 177517      426.6667     9      430.0000      388.3643 11352924    9.68%
Elapsed time = 402.75 sec. (516206.74 ticks, tree = 506.49 MB, solutions = 10)
 240927 178807      406.5724    25      430.0000      388.3797 11431198    9.68%
 242767 180294      404.1617    33      430.0000      388.3975 11522273    9.68%
 244278 181512      405.1437    27      430.0000      388.4118 11605762    9.67%
 245971 182861      401.9093    36      430.0000      388.4266 11699003    9.67%
 247577 184176      389.1618    30      430.0000      388.4418 11782613    9.66%
 249293 185542      401.2633    25      430.0000      388.4577 11873306    9.66%
 250924 186858      405.8307    36      430.0000      388.4733 11965310    9.66%
 252356 188022      405.7176    33      430.0000      388.4855 12048576    9.65%
 254075 189377      389.1091    40      430.0000      388.5007 12141187    9.65%
 255477 190487      396.8419    29      430.0000      388.5106 12224120    9.65%
Elapsed time = 432.29 sec. (554376.73 ticks, tree = 522.82 MB, solutions = 10)
 257075 191752      389.9931    37      430.0000      388.5193 12317934    9.65%
 258633 192973      403.9759    35      430.0000      388.5326 12400590    9.64%
 260255 194212      400.0286    21      430.0000      388.5428 12491189    9.64%
 261861 195449      401.8383    23      430.0000      388.5505 12582413    9.64%
 263452 196703      400.0509    35      430.0000      388.5590 12671350    9.64%
 264878 197811      397.9527    40      430.0000      388.5701 12755759    9.63%
 266301 198921        cutoff            430.0000      388.5791 12842108    9.63%
 267946 200261      396.0984    22      430.0000      388.5890 12930647    9.63%
 269412 201413      421.1643    24      430.0000      388.5977 13014504    9.63%
 270932 202590      411.3594    26      430.0000      388.6061 13098616    9.63%
Elapsed time = 461.87 sec. (592540.29 ticks, tree = 535.78 MB, solutions = 10)
 272607 203880      406.7346    43      430.0000      388.6184 13191398    9.62%
 274269 205213      406.0058    15      430.0000      388.6303 13283038    9.62%
 275873 206515      395.2722    34      430.0000      388.6392 13368782    9.62%
 277433 207733      402.2189    32      430.0000      388.6510 13460108    9.62%
 278970 208931      395.6624    28      430.0000      388.6604 13546644    9.61%
 280725 210324      416.4540    38      430.0000      388.6730 13636683    9.61%
 282335 211571      411.3451    25      430.0000      388.6859 13726202    9.61%
 283981 212886      390.3833    40      430.0000      388.7026 13819187    9.60%
 285692 214218      402.5397    31      430.0000      388.7124 13911814    9.60%
 287438 215640      420.0455    16      430.0000      388.7284 14001314    9.60%
Elapsed time = 491.55 sec. (630725.12 ticks, tree = 543.65 MB, solutions = 10)
 289105 216978      392.3291    35      430.0000      388.7404 14090886    9.60%
 290631 218209      418.9453    29      430.0000      388.7494 14175408    9.59%
 292343 219622      400.2277    28      430.0000      388.7615 14267389    9.59%
 293810 220750      401.7128    14      430.0000      388.7751 14352594    9.59%
 295443 222036      394.1029    31      430.0000      388.7879 14442901    9.58%
 297025 223252      403.0546    25      430.0000      388.8018 14535711    9.58%
 298530 224474      399.3889    39      430.0000      388.8119 14619589    9.58%
 300290 225885      407.0695    42      430.0000      388.8217 14710720    9.58%
 301720 227006      405.6640    30      430.0000      388.8297 14793214    9.57%
 303520 228471      414.6480    36      430.0000      388.8397 14886239    9.57%
Elapsed time = 521.29 sec. (668899.36 ticks, tree = 554.69 MB, solutions = 10)
 305024 229636      398.1993    36      430.0000      388.8499 14976823    9.57%
 306517 230856        cutoff            430.0000      388.8610 15053797    9.57%
 307987 231982      413.1891    40      430.0000      388.8689 15141846    9.57%
 309477 233175      400.6204    29      430.0000      388.8805 15225563    9.56%
 311155 234535        cutoff            430.0000      388.8887 15314364    9.56%
 312715 235791      404.3441    35      430.0000      388.8948 15405419    9.56%
 313577 236496      416.2155    26      430.0000      388.8988 15453800    9.56%
 314077 236901      421.6094    19      430.0000      388.9021 15482561    9.56%
 314577 237309      404.0512    21      430.0000      388.9066 15510777    9.56%
 315195 237821      396.4160    27      430.0000      388.9117 15540421    9.56%
Elapsed time = 552.60 sec. (707677.88 ticks, tree = 564.50 MB, solutions = 10)
 315677 238216      396.9781    38      430.0000      388.9154 15566762    9.55%
 316272 238669      424.0572    32      430.0000      388.9228 15599458    9.55%
 316677 238979      406.1982    28      430.0000      388.9261 15620877    9.55%
 317077 239297      420.0000    25      430.0000      388.9288 15647176    9.55%
 317877 239950      410.4642    20      430.0000      388.9321 15693973    9.55%
 318277 240255      413.7857    36      430.0000      388.9367 15718104    9.55%
 318777 240635      403.0704    24      430.0000      388.9410 15748989    9.55%
 319277 241038      426.9493    26      430.0000      388.9429 15777347    9.55%
 319884 241536      412.2132    27      430.0000      388.9483 15808902    9.55%
 320441 241977      409.4012    27      430.0000      388.9527 15840067    9.55%
Elapsed time = 587.99 sec. (749917.77 ticks, tree = 567.95 MB, solutions = 10)
 321077 242513      411.7434    38      430.0000      388.9585 15873092    9.54%
 321677 243003      428.2145    19      430.0000      388.9636 15907000    9.54%
 322077 243334      412.8853    44      430.0000      388.9644 15929417    9.54%

GUB cover cuts applied:  11
Clique cuts applied:  2
Cover cuts applied:  33
Implied bound cuts applied:  30
Flow cuts applied:  78
Mixed integer rounding cuts applied:  33
Zero-half cuts applied:  7
Lift and project cuts applied:  23

Root node processing (before b&c):
  Real time             =    0.71 sec. (756.16 ticks)
Sequential b&c:
  Real time             =  599.29 sec. (763377.68 ticks)
                          ------------
Total (root+branch&cut) =  600.00 sec. (764133.84 ticks)
