Tried aggregator 2 times.
MIP Presolve eliminated 471 rows and 69 columns.
MIP Presolve modified 308 coefficients.
Aggregator did 22 substitutions.
Reduced MIP has 497 rows, 843 columns, and 2923 nonzeros.
Reduced MIP has 431 binaries, 2 generals, 0 SOSs, and 0 indicators.
Presolve time = 0.00 sec. (3.77 ticks)
Found incumbent of value 2750.000000 after 0.01 sec. (7.67 ticks)
Probing fixed 0 vars, tightened 2 bounds.
Probing time = 0.01 sec. (3.91 ticks)
Cover probing fixed 0 vars, tightened 247 bounds.
Tried aggregator 1 time.
MIP Presolve eliminated 1 rows and 1 columns.
MIP Presolve modified 247 coefficients.
Reduced MIP has 496 rows, 842 columns, and 2921 nonzeros.
Reduced MIP has 430 binaries, 10 generals, 0 SOSs, and 0 indicators.
Presolve time = 0.00 sec. (1.78 ticks)
Probing fixed 0 vars, tightened 2 bounds.
Probing time = 0.00 sec. (3.60 ticks)
Cover probing fixed 0 vars, tightened 20 bounds.
Clique table members: 297.
MIP emphasis: balance optimality and feasibility.
MIP search method: dynamic search.
Parallel mode: none, using 1 thread.
Root relaxation solution time = 0.01 sec. (8.39 ticks)

        Nodes                                         Cuts/
   Node  Left     Objective  IInf  Best Integer    Best Bound    ItCnt     Gap

*     0+    0                         2750.0000        0.0000      329  100.00%
      0     0      116.5057    75     2750.0000      116.5057      329   95.76%
      0     0      117.0000    79     2750.0000      Cuts: 38      606   95.75%
      0     0      182.5805    68     2750.0000      Cuts: 70     1094   93.36%
      0     0      204.8749    70     2750.0000      Cuts: 38     1169   92.55%
      0     0      205.1357    71     2750.0000      Cuts: 25     1203   92.54%
      0     0      205.1357    72     2750.0000      Cuts: 15     1214   92.54%
      0     0      205.1357    75     2750.0000      Cuts: 21     1229   92.54%
*     0+    0                          750.0000      205.1357     1229   72.65%
*     0+    0                          710.0000      205.1357     1229   71.11%
*     0+    0                          620.0000      205.1357     1229   66.91%
*     0+    0                          540.0000      205.1357     1229   62.01%
      0     2      205.1357    75      540.0000      205.1357     1229   62.01%
Elapsed time = 0.43 sec. (457.84 ticks, tree = 0.00 MB, solutions = 5)
    100    91      209.5496    70      540.0000      205.1471     5976   62.01%
    196   178      470.8104    19      540.0000      205.1471    12023   62.01%
    392   355      321.5196    57      540.0000      205.5408    18425   61.94%
    482   441      443.0000    57      540.0000      443.0000    28195   17.96%
    488   443      444.0000    56      540.0000      443.0000    28747   17.96%
    492   443      461.0534    49      540.0000      443.0000    29740   17.96%
    513   447      466.0000    51      540.0000      443.0000    31283   17.96%
    555   448      444.0000    64      540.0000      443.0000    34871   17.96%
    582   450      471.0000    31      540.0000      443.0000    39197   17.96%
    853   502      493.7938    20      540.0000      443.5180    64471   17.87%
Elapsed time = 5.46 sec. (6233.02 ticks, tree = 0.44 MB, solutions = 5)
   1179   588      497.0000    29      540.0000      443.6183    90264   17.85%
   1442   714      446.7426    53      540.0000      443.7721   113970   17.82%
   1778   973      444.0000    64      540.0000      444.0000   138762   17.78%
   2162  1294      462.0967    40      540.0000      444.0000   163799   17.78%
   2527  1591      459.8090    42      540.0000      444.0000   188155   17.78%
   2890  1898      446.5568    48      540.0000      444.0000   206723   17.78%
   3268  2213      504.2743    19      540.0000      444.0000   225533   17.78%
   3679  2556      492.0000    18      540.0000      444.0000   243877   17.78%
   4048  2865      445.6717    48      540.0000      444.0000   264380   17.78%
   4477  3244      489.0000    31      540.0000      444.0211   286439   17.77%
Elapsed time = 13.06 sec. (15822.94 ticks, tree = 9.55 MB, solutions = 5)
   4883  3582      505.0000    30      540.0000      444.0211   305519   17.77%
   5329  3969      480.7437    36      540.0000      444.0211   324469   17.77%
   5743  4332      496.7455    20      540.0000      444.0696   342865   17.76%
   6224  4767      463.3980    41      540.0000      444.0909   362107   17.76%
   6569  5062      470.8091    18      540.0000      444.0909   376594   17.76%
   7148  5552      449.5265    48      540.0000      444.1148   398564   17.76%
*  7482+ 4174                          500.0000      444.1330   413406   11.17%
   7613  4287      454.2887    40      500.0000      444.1588   418424   11.17%
   8052  4679      458.9403    30      500.0000      444.1921   437334   11.16%
   8482  5046      445.0289    50      500.0000      444.2115   452867   11.16%
   8993  5473      444.9704    55      500.0000      444.2332   470406   11.15%
Elapsed time = 20.72 sec. (25546.31 ticks, tree = 25.05 MB, solutions = 6)
   9437  5843      444.4353    55      500.0000      444.2886   489877   11.14%
   9831  6171        cutoff            500.0000      444.3295   507188   11.13%
  10122  6422        cutoff            500.0000      444.3571   517788   11.13%
  10544  6794      479.7096    26      500.0000      444.3871   535674   11.12%
  11122  7290      445.2823    47      500.0000      444.4341   558099   11.11%
  11552  7658      492.0000    23      500.0000      444.4353   573985   11.11%
  12117  8145      488.0801    15      500.0000      444.5003   596276   11.10%
  12581  8554      481.0000    14      500.0000      444.5098   616576   11.10%
  13039  8949      447.1494    47      500.0000      444.5204   636901   11.10%
  13541  9396      445.4121    48      500.0000      444.5699   654131   11.09%
Elapsed time = 29.36 sec. (36188.55 ticks, tree = 54.20 MB, solutions = 6)
  13963  9743      475.8501    24      500.0000      444.5982   673406   11.08%
* 14482+ 8905                          490.0000      444.6258   692267    9.26%
  14482  8907      461.5740    29      490.0000      444.6258   692267    9.26%
  15055  9402      460.7709    31      490.0000      444.6622   712575    9.25%
  15555  9817      449.9334    41      490.0000      444.6846   732024    9.25%
  16048 10250      451.0352    42      490.0000      444.6891   752640    9.25%
  16592 10712      446.9218    49      490.0000      444.7418   772106    9.24%
  17105 11162      450.2901    46      490.0000      444.7754   793362    9.23%
  17596 11590    infeasible            490.0000      444.8058   812660    9.22%
  18143 12080      477.0000    36      490.0000      444.8089   830949    9.22%
  18482 12376      447.0532    46      490.0000      444.8089   844120    9.22%
Elapsed time = 36.97 sec. (45883.46 ticks, tree = 70.88 MB, solutions = 7)
  18995 12823      445.5662    48      490.0000      444.8176   862760    9.22%
  19482 13240      446.0668    44      490.0000      444.8454   879569    9.22%
  19989 13669      480.2252    22      490.0000      444.8576   898762    9.21%
  20563 14160      449.7357    44      490.0000      444.8657   919562    9.21%
  21093 14617      445.8810    51      490.0000      444.8891   938938    9.21%
  21779 15226      451.1169    38      490.0000      444.8891   958593    9.21%
  22402 15776      448.9790    48      490.0000      444.8910   978041    9.21%
  22887 16193      484.4522    22      490.0000      444.8980   994628    9.20%
  23417 16630      457.2814    39      490.0000      444.9177  1015560    9.20%
  23960 17099      467.1089    24      490.0000      444.9372  1035534    9.20%
Elapsed time = 45.70 sec. (55613.70 ticks, tree = 102.11 MB, solutions = 7)
  24454 17514      451.2027    31      490.0000      444.9467  1054871    9.19%
  24764 17781      448.3926    46      490.0000      444.9485  1067014    9.19%
  25287 18211      480.0959    25      490.0000      444.9585  1085048    9.19%
  25755 18604      446.0845    49      490.0000      444.9672  1104039    9.19%
  26295 19069      449.7098    41      490.0000      444.9704  1123000    9.19%
  26893 19587      469.5990    27      490.0000      444.9877  1141978    9.19%
  27416 20024      480.1773    31      490.0000      445.0000  1161717    9.18%
  27823 20361      445.5238    54      490.0000      445.0000  1181294    9.18%
  28270 20740      449.3987    52      490.0000      445.0033  1201382    9.18%
  28816 21218      445.2364    49      490.0000      445.0198  1217729    9.18%
Elapsed time = 53.55 sec. (65191.27 ticks, tree = 127.06 MB, solutions = 7)
  29415 21744      466.9573    32      490.0000      445.0289  1237697    9.18%
  29843 22100      447.6200    42      490.0000      445.0289  1254616    9.18%
  30395 22566      670.0000    30      490.0000      445.0409  1275885    9.18%
  30915 23017      448.0000    54      490.0000      445.0570  1295037    9.17%
  31434 23475      481.2884    20      490.0000      445.0664  1314775    9.17%
  32045 23997      482.5277    21      490.0000      445.0910  1333633    9.17%
  32482 24368      484.9953    27      490.0000      445.1122  1348726    9.16%
  33015 24806      457.0164    36      490.0000      445.1166  1368224    9.16%
  33533 25228      472.5874    27      490.0000      445.1301  1386951    9.16%
  34089 25705      486.0411    46      490.0000      445.1372  1407259    9.16%
Elapsed time = 61.79 sec. (74821.75 ticks, tree = 157.17 MB, solutions = 7)
  34616 26152      446.3488    50      490.0000      445.1466  1427551    9.15%
  35285 26721        cutoff            490.0000      445.1757  1447975    9.15%
  35679 27061      471.7020    32      490.0000      445.1900  1462225    9.14%
  36163 27468      460.4757    37      490.0000      445.2000  1482811    9.14%
  36654 27889      474.6060    22      490.0000      445.2054  1503313    9.14%
  37214 28367      452.6970    43      490.0000      445.2156  1523905    9.14%
  37830 28895      484.0254    18      490.0000      445.2414  1543967    9.13%
  38381 29365      480.0000    20      490.0000      445.2533  1563803    9.13%
  38874 29774      474.1796    17      490.0000      445.2749  1583903    9.13%
  39423 30242      480.5421    23      490.0000      445.2809  1603190    9.13%
Elapsed time = 69.39 sec. (84379.13 ticks, tree = 188.57 MB, solutions = 7)
  39762 30532      447.2141    48      490.0000      445.2869  1615649    9.13%
  40271 30952      448.8246    43      490.0000      445.2922  1634896    9.12%
  40787 31371      482.6055    16      490.0000      445.2948  1654334    9.12%
  41321 31820      472.7794    23      490.0000      445.2975  1672873    9.12%
  41861 32258      480.6932    19      490.0000      445.3097  1692191    9.12%
  42497 32802      470.8301    26      490.0000      445.3370  1712503    9.11%
  43030 33258      464.7933    27      490.0000      445.3530  1732945    9.11%
  43496 33641      467.7584    32      490.0000      445.3604  1750851    9.11%
  44060 34094      453.8184    37      490.0000      445.3663  1771675    9.11%
  46082 35798      474.4353    27      490.0000      445.3985  1847407    9.10%
Elapsed time = 79.20 sec. (96797.93 ticks, tree = 229.65 MB, solutions = 7)
  47982 37391      469.0856    38      490.0000      445.4353  1918947    9.09%
  50003 39121      464.0696    27      490.0000      445.4612  1996718    9.09%
  51797 40596      487.3602    26      490.0000      445.5142  2070173    9.08%
  54052 42486      478.2821    29      490.0000      445.5506  2149459    9.07%
  56132 44231      476.7007    30      490.0000      445.5848  2223081    9.06%
  58196 45962        cutoff            490.0000      445.6190  2299746    9.06%
  60179 47641      467.0651    41      490.0000      445.6470  2374376    9.05%
  62096 49266      483.2057    33      490.0000      445.6833  2447090    9.04%
  64398 51229      459.5161    33      490.0000      445.7057  2525270    9.04%
  66209 52753      461.6266    31      490.0000      445.7145  2596147    9.04%
Elapsed time = 109.25 sec. (134958.38 ticks, tree = 351.47 MB, solutions = 7)
  68323 54520      467.0168    21      490.0000      445.7300  2670189    9.03%
  70336 56201      467.0076    26      490.0000      445.7594  2742942    9.03%
  72560 58084      466.8692    32      490.0000      445.7851  2819333    9.02%
  74557 59741      445.8870    52      490.0000      445.8065  2892939    9.02%
  76545 61442      476.0110    21      490.0000      445.8190  2967536    9.02%
  78432 63011      448.1339    41      490.0000      445.8303  3037735    9.01%
  80524 64786      460.3387    48      490.0000      445.8537  3115304    9.01%
  82604 66593      480.2711    26      490.0000      445.8792  3193031    9.00%
  84588 68251      448.2811    40      490.0000      445.8930  3265172    9.00%
  86571 69952      480.8506    23      490.0000      445.9056  3333510    9.00%
Elapsed time = 139.81 sec. (173132.60 ticks, tree = 479.52 MB, solutions = 7)
  88845 71842      447.5012    50      490.0000      445.9247  3409049    8.99%
  90896 73553      474.4025    22      490.0000      445.9446  3481886    8.99%
  93049 75358      447.8847    42      490.0000      445.9748  3560003    8.98%
  95029 77026      460.2471    30      490.0000      445.9794  3634289    8.98%
  96906 78542      467.2342    38      490.0000      445.9924  3704563    8.98%
  99010 80300      475.6690    30      490.0000      446.0104  3778439    8.98%
 101057 81977      447.0744    47      490.0000      446.0267  3851139    8.97%
 103136 83749      482.9521    23      490.0000      446.0446  3923069    8.97%
 105381 85642      471.9600    33      490.0000      446.0717  3999295    8.96%
 107389 87318      485.0000    13      490.0000      446.0817  4069644    8.96%
Elapsed time = 171.18 sec. (211309.51 ticks, tree = 608.85 MB, solutions = 7)
 109620 89199      449.2424    38      490.0000      446.0993  4146282    8.96%
 111482 90722      450.1831    42      490.0000      446.1229  4222124    8.95%
 113641 92499      480.0750    20      490.0000      446.1342  4301607    8.95%
 115673 94190      486.2495    24      490.0000      446.1556  4377980    8.95%
 117853 96045        cutoff            490.0000      446.1740  4452920    8.94%
 119794 97661      481.9859    24      490.0000      446.1875  4528013    8.94%
 121914 99437      482.8835    24      490.0000      446.2002  4600767    8.94%
 123785 100956      453.8033    38      490.0000      446.2186  4668992    8.93%
 126004 102809      455.6592    43      490.0000      446.2367  4745954    8.93%
 127896 104363      476.3281    32      490.0000      446.2595  4815041    8.93%
Elapsed time = 201.94 sec. (249710.87 ticks, tree = 735.97 MB, solutions = 7)
 130050 106158      474.5227    20      490.0000      446.2734  4894026    8.92%
 132082 107851      454.9224    34      490.0000      446.2847  4969531    8.92%
 134035 109456      472.1452    29      490.0000      446.2974  5039845    8.92%
 135880 110945      463.1190    28      490.0000      446.3166  5111318    8.91%
 138039 112704      448.0909    45      490.0000      446.3362  5190358    8.91%
 139812 114148      472.1944    40      490.0000      446.3519  5263168    8.91%
 141953 115915      447.5964    49      490.0000      446.3680  5340404    8.90%
 143839 117442      484.1626    33      490.0000      446.3764  5414334    8.90%
 145843 119087      460.0634    44      490.0000      446.3929  5491086    8.90%
 147704 120610      479.6217    24      490.0000      446.4038  5562122    8.90%
Elapsed time = 233.53 sec. (287894.33 ticks, tree = 857.71 MB, solutions = 7)
 149635 122190      480.2303    24      490.0000      446.4161  5634546    8.89%
 151601 123789      452.9702    38      490.0000      446.4441  5711926    8.89%
 153676 125495      476.7520    20      490.0000      446.4615  5786942    8.89%
 155556 127022      447.3478    46      490.0000      446.4735  5858856    8.88%
 157580 128701      460.6591    35      490.0000      446.4869  5933880    8.88%
 159815 130579      486.0971    21      490.0000      446.4984  6006795    8.88%
 161687 132101      449.4448    44      490.0000      446.5096  6079365    8.88%
 163778 133820      482.0000    22      490.0000      446.5199  6156851    8.87%
 165708 135410      454.4185    30      490.0000      446.5363  6231698    8.87%
 167543 136932      448.2018    36      490.0000      446.5500  6303825    8.87%
Elapsed time = 264.83 sec. (326066.07 ticks, tree = 974.14 MB, solutions = 7)
 169334 138414      450.5925    36      490.0000      446.5599  6377350    8.87%
 171354 140082      483.2063    28      490.0000      446.5775  6452588    8.86%
 173018 141402      446.9261    47      490.0000      446.5837  6517863    8.86%
 175144 143111      464.5627    28      490.0000      446.5953  6592703    8.86%
 176955 144564      458.6444    40      490.0000      446.6017  6664122    8.86%
 179138 146435      474.6174    19      490.0000      446.6082  6741500    8.86%
 181073 148043      462.7971    52      490.0000      446.6175  6811240    8.85%
 183087 149702      481.6200    30      490.0000      446.6299  6889383    8.85%
 184826 151139      474.6620    19      490.0000      446.6427  6962128    8.85%
 186815 152749      463.0981    41      490.0000      446.6637  7038010    8.84%
Elapsed time = 296.96 sec. (364232.84 ticks, tree = 1094.32 MB, solutions = 7)
 188731 154340      455.6397    34      490.0000      446.6744  7113011    8.84%
 190678 155956      467.6047    34      490.0000      446.6834  7183738    8.84%
 192503 157468      484.7763    23      490.0000      446.6917  7253708    8.84%
 194532 159129      480.2441    22      490.0000      446.7001  7329723    8.84%
 196482 160708      471.1626    35      490.0000      446.7152  7404413    8.83%
 198372 162253      478.1725    20      490.0000      446.7267  7476235    8.83%
 200132 163710      464.9047    36      490.0000      446.7374  7545687    8.83%
 201750 165049      480.0000    25      490.0000      446.7508  7613148    8.83%
 203687 166611      459.2856    32      490.0000      446.7611  7689938    8.82%
 205542 168120      454.4045    38      490.0000      446.7691  7760852    8.82%
Elapsed time = 328.67 sec. (402453.96 ticks, tree = 1202.49 MB, solutions = 7)
 207456 169705      457.2958    26      490.0000      446.7747  7836526    8.82%
 209202 171136      452.3485    39      490.0000      446.7789  7906089    8.82%
 211147 172685      478.1598    16      490.0000      446.7851  7980056    8.82%
 212948 174185      484.0503    14      490.0000      446.7934  8050375    8.82%
 214765 175652      473.4397    28      490.0000      446.8022  8124289    8.82%
 216719 177210      451.4276    39      490.0000      446.8114  8198256    8.81%
 218503 178674      484.3216    22      490.0000      446.8213  8267930    8.81%
 220500 180314      470.0791    29      490.0000      446.8325  8343651    8.81%
 222363 181819      486.7147    20      490.0000      446.8561  8417926    8.80%
 224165 183295      478.3866    30      490.0000      446.8609  8488777    8.80%
Elapsed time = 358.32 sec. (440617.55 ticks, tree = 1317.84 MB, solutions = 7)
 225898 184709      481.1759    23      490.0000      446.8657  8563625    8.80%
 227725 186196        cutoff            490.0000      446.8790  8632820    8.80%
 229448 187566      480.6482    26      490.0000      446.8839  8701466    8.80%
 231308 189093      448.9300    36      490.0000      446.8894  8774212    8.80%
 233245 190707      469.7993    39      490.0000      446.8997  8847888    8.80%
 235082 192248      450.4392    47      490.0000      446.9030  8917677    8.80%
 236888 193733      455.8176    33      490.0000      446.9106  8986915    8.79%
 238682 195207      475.9542    16      490.0000      446.9196  9051636    8.79%
 240771 196963      449.8182    37      490.0000      446.9239  9122706    8.79%
 242409 198315      474.6020    38      490.0000      446.9310  9190571    8.79%
Elapsed time = 388.78 sec. (478799.47 ticks, tree = 1434.03 MB, solutions = 7)
 244397 199981      476.9495    23      490.0000      446.9410  9263713    8.79%
 246086 201370      474.3663    24      490.0000      446.9474  9331056    8.79%
 248059 202956      449.1813    42      490.0000      446.9599  9406541    8.78%
 250069 204607      449.5005    40      490.0000      446.9684  9480578    8.78%
 251724 205957      479.2337    24      490.0000      446.9696  9546461    8.78%
 253636 207476      475.5940    42      490.0000      446.9786  9621705    8.78%
 255589 209099      456.9848    37      490.0000      446.9816  9695239    8.78%
 257441 210598      481.7821    23      490.0000      446.9858  9769822    8.78%
 259182 212028      480.5694    17      490.0000      446.9886  9836725    8.78%
 260976 213461      459.1759    30      490.0000      446.9949  9907099    8.78%
Elapsed time = 417.95 sec. (516960.10 ticks, tree = 1550.71 MB, solutions = 7)
 262736 214929      448.2618    38      490.0000      447.0073  9975820    8.77%
 264616 216473      450.1520    51      490.0000      447.0131 10050383    8.77%
 266401 217933      473.9347    24      490.0000      447.0179 10120545    8.77%
 268101 219327      476.3587    23      490.0000      447.0252 10185727    8.77%
 270011 220870      448.7271    36      490.0000      447.0328 10259543    8.77%
 271851 222384      480.7429    33      490.0000      447.0392 10332965    8.77%
 273535 223755      484.3661    23      490.0000      447.0473 10400361    8.77%
 275596 225462      479.0187    27      490.0000      447.0549 10473500    8.76%
 277523 227016      448.5077    38      490.0000      447.0629 10546548    8.76%
 279400 228535      474.5461    36      490.0000      447.0735 10621960    8.76%
Elapsed time = 447.21 sec. (555128.70 ticks, tree = 1669.67 MB, solutions = 7)
 281130 229958      449.4748    45      490.0000      447.0820 10691449    8.76%
 282848 231367      488.2877    18      490.0000      447.0821 10765423    8.76%
 284625 232827      448.9840    44      490.0000      447.0877 10831352    8.76%
 286436 234272      477.2091    26      490.0000      447.0943 10904288    8.76%
 288211 235713      448.3319    39      490.0000      447.0997 10975614    8.76%
 290136 237267      478.5098    35      490.0000      447.1043 11043050    8.75%
 291897 238716        cutoff            490.0000      447.1118 11118075    8.75%
 293717 240233      482.6434    20      490.0000      447.1175 11187673    8.75%
 295578 241756      449.3662    41      490.0000      447.1271 11256407    8.75%
 297437 243272      482.3740    21      490.0000      447.1315 11331535    8.75%
Elapsed time = 476.63 sec. (593295.39 ticks, tree = 1786.42 MB, solutions = 7)
 299181 244672      452.9941    40      490.0000      447.1394 11400257    8.75%
 301100 246217      450.5362    44      490.0000      447.1477 11475421    8.75%
 302810 247573      476.4029    33      490.0000      447.1554 11545585    8.74%
 304464 248907      450.3957    40      490.0000      447.1623 11610837    8.74%
 306329 250403      487.3158    20      490.0000      447.1691 11684418    8.74%
 308160 251919      449.0902    39      490.0000      447.1746 11758783    8.74%
 310066 253471      448.8617    47      490.0000      447.1820 11832908    8.74%
 311796 254867      472.5146    31      490.0000      447.1882 11906386    8.74%
 313560 256289      455.2410    39      490.0000      447.1964 11974667    8.74%
 315423 257816      484.0835    34      490.0000      447.2000 12049355    8.73%
Elapsed time = 506.19 sec. (631473.20 ticks, tree = 1902.52 MB, solutions = 7)
 317318 259385      475.0223    25      490.0000      447.2060 12118353    8.73%
 319035 260777      464.8344    18      490.0000      447.2112 12184658    8.73%
 320670 262088      452.3947    39      490.0000      447.2141 12250736    8.73%
 322527 263580      447.2189    46      490.0000      447.2189 12323998    8.73%
 324566 265265      462.5810    31      490.0000      447.2259 12397257    8.73%
 326299 266696      485.2493    22      490.0000      447.2316 12467169    8.73%
 328005 268113      478.2562    21      490.0000      447.2385 12535441    8.73%
 329991 269728      454.6329    39      490.0000      447.2427 12611984    8.73%
 331801 271221      448.7381    47      490.0000      447.2483 12680977    8.72%
 333482 272585      456.1722    36      490.0000      447.2536 12748752    8.72%
Elapsed time = 536.71 sec. (669754.91 ticks, tree = 2024.73 MB, solutions = 7)
 335266 274045      452.0831    41      490.0000      447.2618 12819160    8.72%
 336182 274803      476.4628    26      490.0000      447.2653 12854677    8.72%
 336815 275332      478.7126    22      490.0000      447.2708 12882836    8.72%
 337382 275787      479.2365    29      490.0000      447.2722 12907827    8.72%
 337882 276175      448.3787    48      490.0000      447.2739 12925728    8.72%
 338582 276758      478.3541    22      490.0000      447.2762 12953127    8.72%
 339082 277175      478.4619    17      490.0000      447.2778 12970975    8.72%
 339794 277732      470.6630    36      490.0000      447.2803 13001894    8.72%
 340182 278029      476.4931    31      490.0000      447.2811 13019648    8.72%
 340782 278518      456.4690    35      490.0000      447.2836 13043617    8.72%
Elapsed time = 584.95 sec. (710245.91 ticks, tree = 2071.07 MB, solutions = 7)
Nodefile size = 23.59 MB (15.51 MB after compression)
 341282 278904      459.6081    30      490.0000      447.2853 13064479    8.72%
 341590 279154      457.6707    31      490.0000      447.2867 13075888    8.72%
 342082 279557      468.9913    28      490.0000      447.2868 13094204    8.72%

GUB cover cuts applied:  3
Cover cuts applied:  17
Implied bound cuts applied:  55
Flow cuts applied:  92
Mixed integer rounding cuts applied:  37
Zero-half cuts applied:  3
Lift and project cuts applied:  40

Root node processing (before b&c):
  Real time             =    0.43 sec. (457.84 ticks)
Sequential b&c:
  Real time             =  599.58 sec. (722090.14 ticks)
                          ------------
Total (root+branch&cut) =  600.00 sec. (722547.98 ticks)
