Tried aggregator 2 times.
MIP Presolve eliminated 461 rows and 66 columns.
MIP Presolve modified 207 coefficients.
Aggregator did 27 substitutions.
Reduced MIP has 522 rows, 873 columns, and 3094 nonzeros.
Reduced MIP has 453 binaries, 2 generals, 0 SOSs, and 0 indicators.
Presolve time = 0.00 sec. (4.11 ticks)
Found incumbent of value 2900.000000 after 0.01 sec. (8.23 ticks)
Probing fixed 0 vars, tightened 1 bounds.
Probing time = 0.01 sec. (4.12 ticks)
Cover probing fixed 0 vars, tightened 164 bounds.
Tried aggregator 1 time.
MIP Presolve modified 152 coefficients.
Reduced MIP has 522 rows, 873 columns, and 3094 nonzeros.
Reduced MIP has 453 binaries, 16 generals, 0 SOSs, and 0 indicators.
Presolve time = 0.00 sec. (1.77 ticks)
Probing fixed 0 vars, tightened 1 bounds.
Probing time = 0.01 sec. (3.97 ticks)
Cover probing fixed 0 vars, tightened 3 bounds.
Clique table members: 1292.
MIP emphasis: balance optimality and feasibility.
MIP search method: dynamic search.
Parallel mode: none, using 1 thread.
Root relaxation solution time = 0.01 sec. (9.62 ticks)

        Nodes                                         Cuts/
   Node  Left     Objective  IInf  Best Integer    Best Bound    ItCnt     Gap

*     0+    0                         2900.0000        0.0000      345  100.00%
      0     0      117.1466    82     2900.0000      117.1466      345   95.96%
      0     0      118.0000    87     2900.0000      Cuts: 29      569   95.93%
      0     0      207.1927    83     2900.0000      Cuts: 87     1098   92.86%
      0     0      218.9880    78     2900.0000      Cuts: 37     1234   92.45%
      0     0      219.0214    78     2900.0000      Cuts: 28     1285   92.45%
      0     0      219.1916    78     2900.0000      Cuts: 25     1561   92.44%
      0     0      219.1916    77     2900.0000      Cuts: 13     1580   92.44%
      0     0      219.1916    78     2900.0000      Cuts: 16     1601   92.44%
*     0+    0                          910.0000      219.1916     1601   75.91%
      0     2      219.1916    75      910.0000      219.1916     1601   75.91%
Elapsed time = 0.71 sec. (768.36 ticks, tree = 0.00 MB, solutions = 2)
     71    73      219.5680    78      910.0000      219.5680     4547   75.87%
    180   171      253.2633    57      910.0000      219.7841    10303   75.85%
    403   379      301.8713    49      910.0000      219.7841    17364   75.85%
*   499+  316                          880.0000      623.9920    28137   29.09%
    499   317      623.9920    83      880.0000      624.9679    28137   28.98%
    510   317      656.0000    56      880.0000      628.0000    29262   28.64%
    518   321      672.4844    58      880.0000      628.0000    30221   28.64%
    555   344      831.0000    24      880.0000      628.0000    30985   28.64%
    591   347      722.4658    36      880.0000      628.0000    33807   28.64%
    639   370      804.0000    16      880.0000      628.0000    37733   28.64%
   1023   504    infeasible            880.0000      631.9524    60233   28.19%
Elapsed time = 6.26 sec. (7396.93 ticks, tree = 1.44 MB, solutions = 3)
*  1099+  468                          850.0000      632.8080    63503   25.55%
   1459   759      635.8506    60      850.0000      635.8506    80395   25.19%
   2070  1306      723.1603    47      850.0000      638.3390    99042   24.90%
   2742  1911      803.6667    30      850.0000      641.9205   119951   24.48%
   3392  2480      642.8089    60      850.0000      642.8089   142429   24.38%
   4174  3173      796.7927    25      850.0000      644.2612   164799   24.20%
   4964  3869      676.1991    66      850.0000      646.9139   185030   23.89%
   5547  4382      666.0897    47      850.0000      647.2104   205885   23.86%
   6209  4941      794.7254    24      850.0000      647.5360   230480   23.82%
   6867  5499      733.1356    32      850.0000      648.3403   253016   23.72%
   7499  6054      806.3333    24      850.0000      649.4341   274128   23.60%
Elapsed time = 13.98 sec. (16992.09 ticks, tree = 4.58 MB, solutions = 4)
   8174  6652      728.2040    45      850.0000      651.5470   296617   23.35%
   8840  7220      710.1887    47      850.0000      652.5114   320111   23.23%
   9442  7748      730.3972    43      850.0000      652.8572   344711   23.19%
   9952  8171      803.6667    25      850.0000      653.2545   366887   23.15%
* 10479+ 8350                          840.0000      654.4683   386231   22.09%
* 10479+ 7906                          830.0000      654.4683   386231   21.15%
  10479  7907      807.4675    19      830.0000      654.4683   386231   21.15%
  10979  8342      821.3806    26      830.0000      656.0000   401428   20.96%
  11432  8708      806.6667    27      830.0000      656.6270   421328   20.89%
  11985  9162      734.5094    54      830.0000      657.4272   445798   20.79%
  12694  9748      813.6667    20      830.0000      658.2245   470670   20.70%
  13491 10392      677.7170    52      830.0000      659.5386   496380   20.54%
Elapsed time = 24.05 sec. (28621.06 ticks, tree = 6.78 MB, solutions = 6)
  14112 10901      797.7456    28      830.0000      660.0469   518164   20.48%
  14785 11439        cutoff            830.0000      661.3987   538309   20.31%
  15371 11929      814.2874    36      830.0000      662.8401   559582   20.14%
  15974 12410      766.2628    29      830.0000      663.9463   580503   20.01%
  16541 12860      822.8989    51      830.0000      665.3667   601524   19.84%
  17079 13297      810.0000    23      830.0000      665.6313   622729   19.80%
  17793 13866      729.7441    41      830.0000      666.4444   647010   19.71%
  18409 14335      802.6239    27      830.0000      667.0248   670123   19.64%
  19139 14943      803.7024    30      830.0000      668.2327   693762   19.49%
  19738 15443      726.3973    54      830.0000      669.1562   715617   19.38%
Elapsed time = 32.02 sec. (38218.91 ticks, tree = 9.51 MB, solutions = 6)
  20304 15899      772.1071    30      830.0000      671.0006   736730   19.16%
  20727 16202      820.0000    16      830.0000      675.7993   756462   18.58%
  21428 16782      820.0000    39      830.0000      677.3797   778277   18.39%
  22004 17271      813.3333    27      830.0000      678.2936   799782   18.28%
  22646 17768      823.3333    25      830.0000      679.4657   821165   18.14%
  23317 18338      806.2479    24      830.0000      680.0226   844253   18.07%
  24050 18930      789.0740    42      830.0000      682.3428   866743   17.79%
  24614 19374      827.6852    27      830.0000      686.3833   890052   17.30%
  25355 19991      817.2229    22      830.0000      689.0081   913078   16.99%
  26010 20526      792.4551    40      830.0000      690.0025   935535   16.87%
Elapsed time = 39.97 sec. (47790.87 ticks, tree = 12.73 MB, solutions = 6)
  26571 21017      810.1284    29      830.0000      690.6050   957294   16.79%
  27142 21492      796.9266    22      830.0000      691.4338   979369   16.69%
  27817 22057      696.3112    41      830.0000      691.6489  1002646   16.67%
  28503 22609      709.6398    59      830.0000      692.5061  1024313   16.57%
  29294 23268      793.9581    26      830.0000      693.5976  1047027   16.43%
  29953 23791      751.1317    46      830.0000      694.7368  1070880   16.30%
  30650 24339      804.7399    50      830.0000      695.6336  1093811   16.19%
  31323 24882      792.6212    25      830.0000      698.8761  1117674   15.80%
  31943 25371      799.3847    27      830.0000      702.3846  1139506   15.38%
  32548 25863      791.0810    22      830.0000      708.4254  1161502   14.65%
Elapsed time = 48.00 sec. (57368.11 ticks, tree = 15.63 MB, solutions = 6)
  33241 26445      744.4549    41      830.0000      709.4007  1184390   14.53%
  33890 26985      804.6209    12      830.0000      710.1887  1205591   14.44%
  34595 27581      790.3096    44      830.0000      710.3439  1227230   14.42%
  35294 28147      746.1220    51      830.0000      711.0452  1250992   14.33%
  36013 28738      806.9247    37      830.0000      711.6965  1274485   14.25%
  36772 29386      820.8256    28      830.0000      712.1326  1298232   14.20%
  37589 30013      810.2294    22      830.0000      712.7099  1319755   14.13%
  38499 30754      822.3448    35      830.0000      713.6391  1344434   14.02%
  39273 31388      804.5556    19      830.0000      714.8174  1368803   13.88%
  39960 31941      799.0476    32      830.0000      716.6801  1392110   13.65%
Elapsed time = 55.91 sec. (66939.36 ticks, tree = 18.92 MB, solutions = 6)
  40727 32589      753.4678    34      830.0000      721.1079  1413538   13.12%
  41346 33083      790.3096    29      830.0000      722.4738  1435381   12.95%
  42090 33707      739.6844    39      830.0000      723.1603  1456232   12.87%
  42773 34301      813.5160    42      830.0000      723.1603  1478317   12.87%
  43499 34911      811.2532    22      830.0000      723.7088  1500212   12.81%
  44213 35532      743.7987    45      830.0000      724.0254  1523149   12.77%
  44820 36063      797.1724    18      830.0000      724.5723  1542949   12.70%
  45624 36767      744.4021    39      830.0000      724.6623  1563806   12.69%
  46321 37373        cutoff            830.0000      724.8381  1587777   12.67%
  47134 38071      790.6228    22      830.0000      725.0063  1610330   12.65%
Elapsed time = 63.90 sec. (76516.42 ticks, tree = 23.16 MB, solutions = 6)
  47789 38635      815.6243    28      830.0000      725.2079  1629250   12.63%
  48499 39238      803.4817    22      830.0000      725.2494  1654413   12.62%
  49347 39969      739.3046    40      830.0000      725.6743  1678971   12.57%
  49949 40492      799.1199    24      830.0000      726.0942  1698778   12.52%
  50562 41023      749.0714    48      830.0000      726.3973  1720911   12.48%
  51363 41728      744.5613    43      830.0000      726.5044  1742238   12.47%
  52043 42318      823.0750    25      830.0000      726.6402  1761806   12.45%
  52601 42805      811.9636    27      830.0000      727.0131  1781111   12.41%
  53314 43402      816.6667    20      830.0000      728.2040  1803759   12.26%
  53999 44002      820.0000    28      830.0000      728.5963  1824155   12.22%
Elapsed time = 72.04 sec. (86166.94 ticks, tree = 26.38 MB, solutions = 6)
  54837 44713      803.3333    14      830.0000      728.9340  1848447   12.18%
  55499 45275      800.4684    15      830.0000      729.4066  1869698   12.12%
  56536 46162      793.3214    30      830.0000      729.7441  1892990   12.08%
  57499 47006      809.9771    22      830.0000      729.7441  1915641   12.08%
  58286 47671      797.0588    43      830.0000      729.7910  1940379   12.07%
  58919 48227      823.3410    15      830.0000      729.8142  1960544   12.07%
  59686 48899      804.1466    17      830.0000      730.3018  1979182   12.01%
  60488 49605      817.0000    20      830.0000      730.4146  2003006   12.00%
  61252 50265      798.5780    36      830.0000      730.5445  2024151   11.98%
  64177 52739      803.3333    32      830.0000      731.4972  2109935   11.87%
Elapsed time = 82.57 sec. (98816.09 ticks, tree = 31.13 MB, solutions = 6)
  66877 55098      792.3810    35      830.0000      732.3182  2196736   11.77%
  70031 57861      806.6667    19      830.0000      733.1356  2288437   11.67%
  73007 60318      807.2050    25      830.0000      734.0884  2371505   11.56%
  76453 63353      824.7877    19      830.0000      734.6318  2458954   11.49%
  80157 66447      803.3333    41      830.0000      737.1506  2549313   11.19%
  83227 69084      825.2920    27      830.0000      738.9687  2637018   10.97%
  86482 71895      826.7474    35      830.0000      739.6844  2725852   10.88%
  89739 74756      796.8333    27      830.0000      739.8819  2816150   10.86%
  93128 77748      807.6586    20      830.0000      740.1913  2906842   10.82%
  96754 80887      810.0000    23      830.0000      740.9678  2994286   10.73%
Elapsed time = 113.71 sec. (136979.14 ticks, tree = 48.39 MB, solutions = 6)
 100116 83808      810.4293    26      830.0000      741.6591  3084041   10.64%
 103153 86446      820.6617    30      830.0000      742.5357  3176148   10.54%
 106485 89339      793.5234    34      830.0000      742.5363  3271628   10.54%
 109412 91850      810.0000    33      830.0000      742.9974  3361901   10.48%
 112469 94499      803.9573    27      830.0000      743.7987  3452768   10.39%
 116124 97688      792.7410    43      830.0000      743.8284  3543086   10.38%
 119323 100475      813.9005    28      830.0000      743.9992  3638860   10.36%
 122540 103295      803.3333    16      830.0000      744.4021  3726582   10.31%
 125658 105979      799.5304    25      830.0000      744.4549  3813082   10.31%
 128853 108752      810.3436    33      830.0000      744.5613  3907496   10.29%
Elapsed time = 144.97 sec. (175161.71 ticks, tree = 63.56 MB, solutions = 6)
 132031 111513      796.9266    15      830.0000      744.6180  4004341   10.29%
 134957 114037      793.8052    31      830.0000      745.3631  4090559   10.20%
 137796 116456      828.7037    16      830.0000      746.1196  4183130   10.11%
 141058 119266      799.0476    33      830.0000      746.6995  4273737   10.04%
 144000 121779      803.3333    29      830.0000      749.0714  4367379    9.75%
 147053 124463      810.0000    25      830.0000      749.0714  4458700    9.75%
 150107 127119      750.1005    46      830.0000      749.0714  4549468    9.75%
 153126 129757      798.1865    33      830.0000      749.0714  4641270    9.75%
 156280 132513      793.1650    43      830.0000      749.0714  4735526    9.75%
 159201 135065      802.2454    28      830.0000      749.1589  4825603    9.74%
Elapsed time = 176.03 sec. (213341.31 ticks, tree = 79.65 MB, solutions = 6)
 162169 137691      811.0613    28      830.0000      749.2745  4916357    9.73%
 165877 140938      811.4636    19      830.0000      749.4790  5002280    9.70%
 169413 143996      810.8273    15      830.0000      749.6806  5092024    9.68%
 172132 146343      810.0000    40      830.0000      749.7220  5186970    9.67%
 175297 149123      810.0000    27      830.0000      749.8386  5277145    9.66%
 178021 151496      803.3333    23      830.0000      750.5553  5366484    9.57%
 181337 154389      803.3333    28      830.0000      750.9422  5459792    9.53%
 184210 156851      814.3519    31      830.0000      751.4272  5552446    9.47%
 187065 159259      820.0000    26      830.0000      753.4609  5649846    9.22%
 189954 161694      811.0453    27      830.0000      753.9772  5737468    9.16%
Elapsed time = 207.19 sec. (251504.74 ticks, tree = 95.37 MB, solutions = 6)
 192847 164249      803.5290    25      830.0000      754.1642  5829895    9.14%
 196343 167356      820.8323    19      830.0000      754.1754  5923876    9.14%
 199452 169986      827.1249    12      830.0000      757.4897  6017563    8.74%
 202366 172427      820.8834    17      830.0000      759.0714  6108919    8.55%
 205005 174635      803.3333    24      830.0000      759.0714  6202863    8.55%
 207749 176979      827.3672    24      830.0000      759.0714  6291538    8.55%
 211179 179847      816.6667    21      830.0000      760.7487  6375663    8.34%
 214191 182267      806.8208    23      830.0000      763.3236  6464054    8.03%
 217372 184985      808.1193    24      830.0000      764.1813  6553528    7.93%
 220725 187927        cutoff            830.0000      765.5000  6634634    7.77%
Elapsed time = 238.59 sec. (289674.89 ticks, tree = 109.85 MB, solutions = 6)
 224226 191002      813.7270    32      830.0000      765.5000  6714570    7.77%
 227612 193922        cutoff            830.0000      765.7543  6792311    7.74%
 230584 196425      823.4039    30      830.0000      766.4777  6874840    7.65%
 233200 198581      822.0755    22      830.0000      767.4029  6962521    7.54%
 236378 201134      826.8958    27      830.0000      770.0399  7046450    7.22%
 239590 203697      820.5862    24      830.0000      770.6209  7123239    7.15%
 242732 206119      820.0000    32      830.0000      775.5000  7201336    6.57%
 245517 208200      822.0381    32      830.0000      775.5000  7286437    6.57%
 248316 210381      814.6414    36      830.0000      780.5000  7367753    5.96%
 251177 212791      814.7257    37      830.0000      780.5000  7454383    5.96%
Elapsed time = 270.59 sec. (327839.58 ticks, tree = 125.13 MB, solutions = 6)
 254072 215190      813.4554    27      830.0000      780.6402  7538833    5.95%
 257822 218299      823.8339    29      830.0000      781.3249  7614262    5.86%
 260907 220652      826.6667    23      830.0000      781.6959  7693018    5.82%
 264137 223290      813.5160    34      830.0000      782.4406  7778025    5.73%
 267426 226049      791.1161    20      830.0000      784.4429  7858793    5.49%
 271067 229138      807.1842    24      830.0000      784.8279  7941850    5.44%
 274787 232370      823.3333    24      830.0000      785.4086  8029763    5.37%
 277954 234969      822.0997    29      830.0000      785.5000  8113131    5.36%
 281107 237507      791.1107    42      830.0000      785.7143  8194825    5.34%
 285043 241009      800.0210    37      830.0000      785.7436  8280308    5.33%
Elapsed time = 302.29 sec. (366004.12 ticks, tree = 142.41 MB, solutions = 6)
 288557 244033      870.0000    26      830.0000      785.8122  8363395    5.32%
 291996 247037      796.7995    21      830.0000      785.9478  8450865    5.31%
 295645 250242      810.1284    24      830.0000      785.9994  8537002    5.30%
 299221 253375      813.8643    19      830.0000      785.9994  8620119    5.30%
 302656 256357      816.8333    28      830.0000      785.9994  8706729    5.30%
 306242 259487      790.9442    35      830.0000      785.9994  8793738    5.30%
 309709 262551      790.6311    19      830.0000      785.9994  8873726    5.30%
 313510 265904      790.9642    25      830.0000      785.9994  8960567    5.30%
 317238 269198      785.9994    31      830.0000      785.9994  9045696    5.30%
 320587 272134      790.3257    30      830.0000      785.9994  9124217    5.30%
Elapsed time = 333.02 sec. (404160.73 ticks, tree = 161.49 MB, solutions = 6)
 324555 275578      786.1953    22      830.0000      785.9994  9213103    5.30%
 328289 278894      803.3333    29      830.0000      785.9994  9300797    5.30%
 331998 282124      820.2062    22      830.0000      785.9994  9380412    5.30%
 335441 285146      797.2612    28      830.0000      785.9994  9467731    5.30%
 339125 288338      816.6667    16      830.0000      786.0035  9550463    5.30%
 342913 291655      805.9459    40      830.0000      786.0586  9634806    5.29%
 347549 295677      810.0000    22      830.0000      786.0586  9719344    5.29%
 352019 299569      790.6468    21      830.0000      786.0586  9800016    5.29%
 356297 303286      803.4822    21      830.0000      786.1811  9876748    5.28%
 360343 306752      790.6228    28      830.0000      786.1953  9958012    5.28%
Elapsed time = 363.56 sec. (442331.60 ticks, tree = 180.61 MB, solutions = 6)
 364418 310293      790.6514    22      830.0000      786.1953 10042932    5.28%
 368216 313557      796.9468    34      830.0000      786.1953 10124857    5.28%
 372125 316971      790.6553    26      830.0000      786.1953 10211022    5.28%
 375820 320191      786.2916    28      830.0000      786.1991 10292041    5.28%
 379825 323671      804.3291    33      830.0000      786.2877 10373436    5.27%
 384085 327294      797.1923    18      830.0000      786.3823 10451236    5.26%
 387906 330562      820.0000    25      830.0000      786.5794 10531350    5.23%
 391552 333705      806.9699    25      830.0000      786.8560 10613945    5.20%
 395161 336903      813.5741    34      830.0000      786.8737 10703356    5.20%
 397955 339371      816.6667    22      830.0000      786.9587 10791292    5.19%
Elapsed time = 394.75 sec. (480511.47 ticks, tree = 200.95 MB, solutions = 6)
 401168 342086      813.8710    27      830.0000      787.0358 10872224    5.18%
 404956 345432      820.4124    18      830.0000      787.0546 10956956    5.17%
 408309 348356      812.6490    40      830.0000      787.0546 11041073    5.17%
 411520 351100      824.3801    28      830.0000      787.0932 11124236    5.17%
 414941 353973      793.4094    28      830.0000      787.1164 11202185    5.17%
 418307 356903      807.6053    23      830.0000      787.1387 11293352    5.16%
 421499 359566      804.0856    33      830.0000      787.2778 11374060    5.15%
 425005 362462      800.1958    33      830.0000      787.3635 11457301    5.14%
 428594 365545      793.0492    38      830.0000      787.4160 11538812    5.13%
 431623 368056      796.9468    41      830.0000      787.5278 11621207    5.12%
Elapsed time = 426.84 sec. (518775.68 ticks, tree = 217.17 MB, solutions = 6)
 434908 370826      807.0718    29      830.0000      787.6008 11699418    5.11%
 438537 373884      827.5243    29      830.0000      787.6639 11782317    5.10%
 442454 377184      810.4365    41      830.0000      787.7028 11865782    5.10%
 445432 379714      803.3333    19      830.0000      787.7788 11953490    5.09%
 448393 382178      813.5231    12      830.0000      787.8979 12037570    5.07%
 451567 384782      820.0000    31      830.0000      788.0949 12122357    5.05%
 454602 387291        cutoff            830.0000      788.3534 12200679    5.02%
 457697 389772      814.0974    25      830.0000      788.5287 12281413    5.00%
 460885 392425      807.3322    24      830.0000      788.6686 12369657    4.98%
 464052 395073        cutoff            830.0000      789.1538 12450030    4.92%
Elapsed time = 458.52 sec. (556938.12 ticks, tree = 235.43 MB, solutions = 6)
 467347 397791      807.3157    25      830.0000      789.4351 12531779    4.89%
 471003 400885      790.5281    28      830.0000      789.4351 12610800    4.89%
 474643 403944      813.5160    22      830.0000      789.4351 12691591    4.89%
 478154 406904      807.1610    18      830.0000      789.4351 12768076    4.89%
 481517 409751      821.5324    33      830.0000      789.4394 12844893    4.89%
 485130 412812      807.4920    29      830.0000      789.5021 12928740    4.88%
 489366 416408      826.8171    29      830.0000      789.5021 13008795    4.88%
 493436 419835      826.8958    24      830.0000      789.5021 13086099    4.88%
 497469 423274      814.0393    23      830.0000      789.5102 13167949    4.88%
 501468 426603        cutoff            830.0000      789.6388 13245639    4.86%
Elapsed time = 490.14 sec. (595099.93 ticks, tree = 253.79 MB, solutions = 6)
 505153 429684      808.9038    27      830.0000      789.6388 13324636    4.86%
 509058 432954      826.8958    26      830.0000      789.6388 13398258    4.86%
 512983 436146      820.2062    18      830.0000      789.7432 13480511    4.85%
 516896 439299      814.0056    28      830.0000      789.7432 13556109    4.85%
 520394 442134      801.4640    32      830.0000      790.2449 13640623    4.79%
 523216 444491      796.8685    28      830.0000      790.3096 13726900    4.78%
 526268 447049        cutoff            830.0000      790.3096 13815042    4.78%
 529390 449613      814.1284    31      830.0000      790.3096 13906913    4.78%
 532506 452260      797.3202    29      830.0000      790.3096 13995026    4.78%
 535463 454748        cutoff            830.0000      790.3096 14080108    4.78%
Elapsed time = 521.40 sec. (633260.73 ticks, tree = 270.22 MB, solutions = 6)
 538665 457475        cutoff            830.0000      790.3096 14162366    4.78%
 542431 460652      797.1742    29      830.0000      790.3096 14250792    4.78%
 545279 463041      800.2288    11      830.0000      790.3096 14334810    4.78%
 548890 465986      826.4530    21      830.0000      790.3096 14425662    4.78%
 551946 468504        cutoff            830.0000      790.3096 14510891    4.78%
 554936 470911      804.0943    33      830.0000      790.3096 14596261    4.78%
 556399 472121      797.2558    30      830.0000      790.3096 14636880    4.78%
 556999 472621      808.7450    27      830.0000      790.3096 14655758    4.78%
 558099 473537      813.3333    34      830.0000      790.3096 14680484    4.78%
 559099 474387      802.1792    37      830.0000      790.3096 14713177    4.78%
Elapsed time = 554.64 sec. (672899.26 ticks, tree = 284.84 MB, solutions = 6)
 559999 475123      797.1497    21      830.0000      790.3096 14734764    4.78%
 561099 476041      797.6139    28      830.0000      790.3096 14758803    4.78%
 561799 476617      824.1160    24      830.0000      790.3096 14775948    4.78%
 562415 477117      791.5351    29      830.0000      790.3096 14791525    4.78%
 563299 477860      807.0047    19      830.0000      790.3096 14818134    4.78%
 564148 478549      810.0000    30      830.0000      790.3096 14843372    4.78%
 564899 479201      820.4128    26      830.0000      790.3096 14862478    4.78%
 565599 479796      790.4015    28      830.0000      790.3096 14882295    4.78%
 566499 480577      816.0281    29      830.0000      790.3096 14903212    4.78%
 567699 481576      790.4372    18      830.0000      790.3096 14934394    4.78%
Elapsed time = 589.94 sec. (712212.46 ticks, tree = 289.57 MB, solutions = 6)
 569810 483326      790.5707    25      830.0000      790.3096 14991417    4.78%
 572708 485757      826.8025    24      830.0000      790.3096 15075550    4.78%
 575499 488030      790.8419    22      830.0000      790.3096 15153828    4.78%

GUB cover cuts applied:  2
Cover cuts applied:  11
Implied bound cuts applied:  51
Flow cuts applied:  130
Mixed integer rounding cuts applied:  42
Zero-half cuts applied:  2
Lift and project cuts applied:  23

Root node processing (before b&c):
  Real time             =    0.71 sec. (768.36 ticks)
Sequential b&c:
  Real time             =  599.30 sec. (723640.45 ticks)
                          ------------
Total (root+branch&cut) =  600.00 sec. (724408.80 ticks)
