Tried aggregator 2 times.
MIP Presolve eliminated 470 rows and 70 columns.
MIP Presolve modified 247 coefficients.
Aggregator did 25 substitutions.
Reduced MIP has 502 rows, 851 columns, and 2970 nonzeros.
Reduced MIP has 435 binaries, 2 generals, 0 SOSs, and 0 indicators.
Presolve time = 0.00 sec. (3.83 ticks)
Found incumbent of value 2500.000000 after 0.01 sec. (7.87 ticks)
Probing fixed 0 vars, tightened 1 bounds.
Probing time = 0.00 sec. (3.44 ticks)
Cover probing fixed 0 vars, tightened 209 bounds.
Tried aggregator 1 time.
MIP Presolve modified 209 coefficients.
Reduced MIP has 502 rows, 851 columns, and 2970 nonzeros.
Reduced MIP has 435 binaries, 15 generals, 0 SOSs, and 0 indicators.
Presolve time = 0.00 sec. (1.72 ticks)
Probing fixed 0 vars, tightened 1 bounds.
Probing time = 0.00 sec. (3.19 ticks)
Clique table members: 437.
MIP emphasis: balance optimality and feasibility.
MIP search method: dynamic search.
Parallel mode: none, using 1 thread.
Root relaxation solution time = 0.01 sec. (7.64 ticks)

        Nodes                                         Cuts/
   Node  Left     Objective  IInf  Best Integer    Best Bound    ItCnt     Gap

*     0+    0                         2500.0000        0.0000      270  100.00%
      0     0      115.0381    84     2500.0000      115.0381      270   95.40%
      0     0      116.0000    81     2500.0000      Cuts: 28      470   95.36%
      0     0      203.0292    80     2500.0000      Cuts: 77      942   91.88%
      0     0      214.1904    72     2500.0000      Cuts: 43     1106   91.43%
      0     0      214.4156    80     2500.0000      Cuts: 27     1257   91.42%
      0     0      214.4156    74     2500.0000      Cuts: 34     1310   91.42%
      0     0      214.5172    73     2500.0000      Cuts: 24     1363   91.42%
      0     0      214.5172    72     2500.0000      Cuts: 47     1409   91.42%
      0     0      214.5172    77     2500.0000      Cuts: 24     1467   91.42%
*     0+    0                          970.0000      214.5172     1467   77.88%
*     0+    0                          820.0000      214.5172     1467   73.84%
      0     2      214.5172    77      820.0000      214.5172     1467   73.84%
Elapsed time = 1.00 sec. (1097.95 ticks, tree = 0.00 MB, solutions = 3)
    100   102      221.1483    74      820.0000      214.6524     5571   73.82%
    220   219      330.0774    37      820.0000      214.6524    11462   73.82%
    330   321      783.6387    13      820.0000      214.6524    17160   73.82%
    496   475      783.5024    16      820.0000      214.7508    24176   73.81%
    497   476      624.9997    67      820.0000      626.4867    34195   23.60%
    504   476      635.0000    77      820.0000      628.3621    35383   23.37%
    510   480      672.0000    57      820.0000      628.3621    36248   23.37%
    533   490      772.2667    43      820.0000      628.3621    37079   23.37%
    581   514      776.6667    30      820.0000      628.3621    39811   23.37%
    955   628        cutoff            820.0000      640.8644    62782   21.85%
Elapsed time = 5.84 sec. (6907.74 ticks, tree = 1.88 MB, solutions = 3)
   1633   976        cutoff            820.0000      671.7143    85371   18.08%
   2356  1606      773.7464    25      820.0000      672.0000   106957   18.05%
   3179  2345      773.3333    31      820.0000      672.0000   127235   18.05%
   3988  3083      781.0253    29      820.0000      672.0000   147541   18.05%
*  4364  3403      integral     0      810.0000      672.0000   156966   17.04%
*  5045  3900      integral     0      790.0000      673.2311   174001   14.78%
   5824  4601      745.5000    44      790.0000      673.5801   192657   14.74%
   6696  5387      780.2530    18      790.0000      673.5801   212694   14.74%
   7698  6284      748.0000    51      790.0000      675.0290   234561   14.55%
   8519  7017      771.0000    35      790.0000      675.2522   255160   14.53%
Elapsed time = 12.93 sec. (15726.59 ticks, tree = 51.31 MB, solutions = 5)
   9504  7890      780.5874     9      790.0000      676.6610   275125   14.35%
* 10437+ 7011                          780.0000      677.7548   296322   13.11%
  10437  7013      776.8617    25      780.0000      677.7548   296322   13.11%
  10850  7361      775.2090    34      780.0000      681.0501   304561   12.69%
  11938  8264      770.7590    25      780.0000      684.1411   327921   12.29%
  12929  9095      770.0000    36      780.0000      684.6535   348517   12.22%
  13916  9885      774.1889    24      780.0000      684.9840   371647   12.18%
  15177 10936      753.0000    55      780.0000      687.0000   394656   11.92%
  16221 11753      777.4781    16      780.0000      701.6691   418346   10.04%
  17255 12597        cutoff            780.0000      702.1425   442653    9.98%
  18345 13426      702.2000    40      780.0000      702.2000   464151    9.97%
Elapsed time = 22.47 sec. (27106.05 ticks, tree = 98.29 MB, solutions = 6)
  19474 14332      773.6948    22      780.0000      704.6477   487080    9.66%
  20418 15038      770.7217    31      780.0000      727.4282   508044    6.74%
  21522 15897      771.6667    33      780.0000      727.7338   529830    6.70%
  22693 16816      776.6667    16      780.0000      728.4760   552246    6.61%
  23561 17519      773.4135    29      780.0000      728.9909   572468    6.54%
  24651 18347      773.6884    43      780.0000      729.5000   591616    6.47%
  25601 19001      775.0000    23      780.0000      730.7500   611761    6.31%
  26596 19659      776.9519    23      780.0000      731.5051   632485    6.22%
  27697 20433      748.7942    38      780.0000      743.0766   652669    4.73%
  28564 21111      773.5239    26      780.0000      743.8501   671671    4.63%
Elapsed time = 30.36 sec. (36664.42 ticks, tree = 155.13 MB, solutions = 6)
  29517 21877        cutoff            780.0000      745.4945   690882    4.42%
  30497 22699      771.6667    31      780.0000      745.5000   709236    4.42%
  31590 23537      770.0000    39      780.0000      745.5000   728075    4.42%
  32542 24313      745.5000    38      780.0000      745.5000   749356    4.42%
  33627 25137      771.6667    39      780.0000      745.5000   770437    4.42%
  34569 25880      770.6892    26      780.0000      745.5000   789814    4.42%
  35501 26639      770.0000    38      780.0000      745.5000   811085    4.42%
  36234 27241      771.6667    50      780.0000      745.5000   831517    4.42%
  37152 27920      773.3333    27      780.0000      745.5000   849463    4.42%
  37936 28559      770.3457    27      780.0000      745.5000   867631    4.42%
Elapsed time = 38.18 sec. (46212.44 ticks, tree = 215.47 MB, solutions = 6)
  38844 29237      774.0346    19      780.0000      745.5000   882974    4.42%
  39669 29888      776.6667    22      780.0000      745.5000   898559    4.42%
  40632 30635      774.0346    27      780.0000      745.5000   919356    4.42%
  41592 31428      776.8617    32      780.0000      745.5000   939450    4.42%
  42550 32217      773.3333    26      780.0000      745.5000   960249    4.42%
  43497 32998      770.0000    32      780.0000      745.5000   977391    4.42%
  44452 33766      773.3333    24      780.0000      745.5000   996581    4.42%
  45176 34342      748.0000    35      780.0000      745.5000  1014426    4.42%
  46216 35201      776.6667    26      780.0000      745.5000  1034375    4.42%
  47122 35927      773.4918    15      780.0000      745.5000  1055101    4.42%
Elapsed time = 45.98 sec. (55833.29 ticks, tree = 275.25 MB, solutions = 6)
  47928 36538      777.3768    28      780.0000      745.5000  1073914    4.42%
  48931 37361      770.9587    29      780.0000      745.5000  1093361    4.42%
  49986 38207      773.6835    42      780.0000      745.5000  1113779    4.42%
  50921 38951      770.9842    42      780.0000      745.5000  1131023    4.42%
  51771 39670      770.0000    34      780.0000      745.5000  1150713    4.42%
  52837 40557        cutoff            780.0000      745.5000  1169809    4.42%
  53558 41150      773.3333    35      780.0000      745.5000  1187928    4.42%
  54673 42081      770.0000    40      780.0000      745.5000  1206361    4.42%
  55497 42728      773.7226    24      780.0000      745.5000  1223202    4.42%
  56525 43551      773.4487    24      780.0000      745.5000  1242721    4.42%
Elapsed time = 53.66 sec. (65405.10 ticks, tree = 336.17 MB, solutions = 6)
  57643 44485      777.2010    29      780.0000      745.5000  1263176    4.42%
  58628 45289      747.2662    38      780.0000      746.1155  1280146    4.34%
  59882 46345      775.0000    36      780.0000      746.3221  1299732    4.32%
  60849 47122      773.3333    25      780.0000      746.3221  1319913    4.32%
  61676 47776        cutoff            780.0000      746.3221  1337516    4.32%
  62579 48487      773.3333    32      780.0000      746.3221  1356687    4.32%
  63500 49263      773.3333    21      780.0000      746.3221  1375440    4.32%
  64461 50010      776.6667    10      780.0000      746.3221  1394586    4.32%
  65282 50664      773.3333    18      780.0000      746.3221  1411868    4.32%
  66307 51545      774.0454    26      780.0000      746.3221  1430627    4.32%
Elapsed time = 61.25 sec. (74963.80 ticks, tree = 403.10 MB, solutions = 6)
  67323 52381        cutoff            780.0000      746.3221  1449270    4.32%
  68162 53110      773.3333    34      780.0000      746.3221  1465290    4.32%
  69195 53921      773.3930    20      780.0000      746.3221  1485415    4.32%
  70076 54596      751.9832    59      780.0000      746.3221  1505393    4.32%
  70852 55158      774.5373    27      780.0000      746.3221  1522401    4.32%
  71817 55945      773.3333    45      780.0000      746.3221  1540556    4.32%
  72736 56683      773.3333    44      780.0000      746.3221  1560529    4.32%
  73727 57484      773.3672    28      780.0000      746.3221  1579637    4.32%
  74618 58208      776.6667    25      780.0000      746.3221  1598059    4.32%
  75561 58931      773.3333    22      780.0000      746.3221  1614340    4.32%
Elapsed time = 68.83 sec. (84520.40 ticks, tree = 468.84 MB, solutions = 6)
  76644 59803      773.3333    30      780.0000      746.3221  1633692    4.32%
  77718 60727      773.3333    26      780.0000      746.3221  1652456    4.32%
  78770 61570      774.0072    40      780.0000      746.3221  1671048    4.32%
  79770 62408      776.6667    15      780.0000      746.6894  1688760    4.27%
  80851 63303      773.3333    24      780.0000      747.1261  1707548    4.21%
  81638 63921      777.6792    24      780.0000      747.1261  1726555    4.21%
  82497 64616      773.3333    38      780.0000      747.1261  1744324    4.21%
  83380 65275      773.3333    36      780.0000      747.1261  1762990    4.21%
  84248 65916      770.9587    36      780.0000      747.1261  1778676    4.21%
  88040 68971      747.2098    32      780.0000      747.2098  1852129    4.20%
Elapsed time = 78.55 sec. (96940.04 ticks, tree = 557.88 MB, solutions = 6)
  92212 72275      773.3333    31      780.0000      748.0000  1929554    4.10%
  96037 75383      773.3333    28      780.0000      748.0000  2001374    4.10%
 100194 78772      777.2294    33      780.0000      748.0000  2074869    4.10%
 104293 82118      777.2363    27      780.0000      748.0000  2150271    4.10%
 108225 85290      776.6758    18      780.0000      748.0000  2220741    4.10%
 112341 88613      778.6567    21      780.0000      748.0000  2294424    4.10%
 116304 91858      773.3511    27      780.0000      748.0000  2368786    4.10%
 119948 94839      774.3009    35      780.0000      748.0000  2440038    4.10%
 123496 97765      773.5239    23      780.0000      748.4271  2516352    4.05%
 127348 100806        cutoff            780.0000      748.7942  2591125    4.00%
Elapsed time = 108.79 sec. (135111.87 ticks, tree = 802.80 MB, solutions = 6)
 131173 103946      773.3333    21      780.0000      750.5000  2665913    3.78%
 134787 106812      774.4011    11      780.0000      750.5000  2739364    3.78%
 138777 110086      777.5104    23      780.0000      750.5000  2816768    3.78%
 142896 113444      773.3333    30      780.0000      750.5000  2890835    3.78%
 146649 116442      750.5000    30      780.0000      750.5000  2964447    3.78%
 150381 119386      776.6667    15      780.0000      750.5000  3038732    3.78%
 153680 122045      777.0856    24      780.0000      750.5000  3114758    3.78%
 157249 124971      774.2971    28      780.0000      750.5000  3189136    3.78%
 160910 127897        cutoff            780.0000      750.5000  3260397    3.78%
 164911 131115      773.3333    41      780.0000      750.5000  3333598    3.78%
Elapsed time = 138.93 sec. (173286.48 ticks, tree = 975.88 MB, solutions = 6)
 168754 134206        cutoff            780.0000      750.5000  3406587    3.78%
 172838 137587      773.3333    27      780.0000      750.5000  3477051    3.78%
 176167 140184      774.1944    22      780.0000      750.5000  3550737    3.78%
 180144 143377      773.3333    24      780.0000      750.5000  3627748    3.78%
 184522 147004      776.8617    24      780.0000      750.5000  3697872    3.78%
 188214 149994      776.6667    15      780.0000      750.5000  3765426    3.78%
 192472 153456      773.3333    26      780.0000      750.5000  3839454    3.78%
 196370 156527        cutoff            780.0000      750.5000  3910378    3.78%
 200646 159767      777.3370    45      780.0000      751.2662  3980311    3.68%
 204767 162826      776.6667    34      780.0000      751.2662  4047570    3.68%
Elapsed time = 168.95 sec. (211452.34 ticks, tree = 1263.72 MB, solutions = 6)
 208497 165660      776.6667    31      780.0000      752.0155  4121256    3.59%
 212214 168334      776.7643    22      780.0000      752.1347  4195084    3.57%
 216030 171125      776.7819    34      780.0000      753.0000  4269376    3.46%
 219575 173657      777.8515    30      780.0000      754.4841  4339270    3.27%
 223250 176253      776.6667    28      780.0000      755.5000  4411707    3.14%
 227421 179221      776.6667    30      780.0000      755.5000  4490013    3.14%
 231086 181906      776.6667    31      780.0000      755.5000  4558527    3.14%
 234576 184405      776.6667    20      780.0000      755.5000  4633016    3.14%
 238038 186772      776.6667    35      780.0000      755.5000  4704657    3.14%
 241584 189365      776.8613    28      780.0000      755.5000  4777500    3.14%
Elapsed time = 199.28 sec. (249686.04 ticks, tree = 1468.67 MB, solutions = 6)
 245623 192140      776.6667    32      780.0000      755.5000  4847846    3.14%
 249367 194618      776.9197    20      780.0000      755.5000  4921338    3.14%
 253273 197162        cutoff            780.0000      770.0000  4994578    1.28%
 255964 199332      773.3333    20      780.0000      770.0000  5068408    1.28%
 259240 201824      773.3644    35      780.0000      770.0000  5143278    1.28%
 262348 204164      774.0346    20      780.0000      770.0000  5220430    1.28%
 265559 206557      774.0000    18      780.0000      770.0000  5297691    1.28%
 268813 208968      776.8763    17      780.0000      770.0000  5372478    1.28%
 272232 211503      777.3369    32      780.0000      770.0000  5450981    1.28%
 275695 214145      770.3457    36      780.0000      770.0000  5521884    1.28%
Elapsed time = 229.51 sec. (287851.57 ticks, tree = 1687.14 MB, solutions = 6)
 278790 216493      776.6667    11      780.0000      770.0000  5597434    1.28%
 281960 218889        cutoff            780.0000      770.0000  5673550    1.28%
 285236 221284      774.5619    27      780.0000      770.0000  5748381    1.28%
 288391 223705      771.2426    28      780.0000      770.0000  5826437    1.28%
 291473 226106      773.6898    39      780.0000      770.0000  5899558    1.28%
 294694 228442      776.6667    20      780.0000      770.0000  5975049    1.28%
 297906 230843      774.3009    28      780.0000      770.0000  6050458    1.28%
 301453 233574      776.6667     9      780.0000      770.0000  6125834    1.28%
 304586 235923      774.3220    29      780.0000      770.0000  6199149    1.28%
 307829 238356      770.7590    36      780.0000      770.0000  6272877    1.28%
Elapsed time = 259.56 sec. (326018.02 ticks, tree = 1926.84 MB, solutions = 6)
 311444 241099      773.3333    28      780.0000      770.0000  6349616    1.28%
 314551 243485      770.3457    51      780.0000      770.0000  6422906    1.28%
 317726 245767      773.9373    23      780.0000      770.0000  6496287    1.28%
 320682 247971      770.9587    40      780.0000      770.0000  6567247    1.28%
 324032 250525      773.3644    30      780.0000      770.0000  6644085    1.28%
 326837 252666      770.9587    25      780.0000      770.0000  6713088    1.28%
 329707 254887      774.0809    32      780.0000      770.0000  6779890    1.28%
 332847 257424      770.3457    37      780.0000      770.0000  6853112    1.28%
 335787 259657      777.2570    31      780.0000      770.0000  6922048    1.28%
 338948 262069      770.6924    33      780.0000      770.0000  6994527    1.28%
Elapsed time = 292.99 sec. (364199.00 ticks, tree = 2161.35 MB, solutions = 6)
Nodefile size = 113.58 MB (59.01 MB after compression)
 342034 264443      770.3457    19      780.0000      770.0000  7061875    1.28%
 345000 266796      775.5674    30      780.0000      770.0000  7131320    1.28%
 348275 269310      770.0000    20      780.0000      770.0000  7201567    1.28%
 351256 271605      774.3835    40      780.0000      770.0000  7268240    1.28%
 354240 273825      770.9587    28      780.0000      770.0000  7334653    1.28%
 357707 276537      776.6667    31      780.0000      770.0000  7405566    1.28%
 360922 279043      770.7081    31      780.0000      770.0000  7470935    1.28%
 363503 281017      773.6835    42      780.0000      770.0000  7538224    1.28%
 366696 283569      770.6924    23      780.0000      770.0000  7609092    1.28%
 369905 286049      773.9281    37      780.0000      770.0000  7678315    1.28%
Elapsed time = 330.95 sec. (402367.88 ticks, tree = 2399.19 MB, solutions = 6)
Nodefile size = 351.66 MB (181.92 MB after compression)
 373017 288513      773.5239    31      780.0000      770.0000  7747772    1.28%
 376087 290915      777.0411    24      780.0000      770.0000  7814209    1.28%
 379120 293211      770.9587    32      780.0000      770.0000  7879476    1.28%
 382297 295661      773.7326    26      780.0000      770.0000  7949043    1.28%
 385380 298068      773.3333    18      780.0000      770.0000  8014383    1.28%
 388429 300494      774.2077    30      780.0000      770.0000  8082988    1.28%
 391612 302933      774.8895    32      780.0000      770.0000  8153806    1.28%
 394714 305208      773.6835    31      780.0000      770.0000  8219900    1.28%
 397331 307226        cutoff            780.0000      770.0000  8285056    1.28%
 400437 309701      770.3999    40      780.0000      770.0000  8353587    1.28%
Elapsed time = 369.98 sec. (440534.99 ticks, tree = 2634.37 MB, solutions = 6)
Nodefile size = 587.10 MB (311.06 MB after compression)
 403428 312024      776.9010    36      780.0000      770.0000  8420090    1.28%
 406497 314466      770.3457    27      780.0000      770.0000  8486388    1.28%
 409604 316932      775.0868    21      780.0000      770.0000  8559532    1.28%
 412366 318968      773.8503    15      780.0000      770.0000  8624217    1.28%
 415630 321541      776.6667    38      780.0000      770.0000  8689090    1.28%
 418816 324153      773.6835    57      780.0000      770.0000  8755054    1.28%
 421580 326343      774.0746    24      780.0000      770.0000  8820631    1.28%
 424412 328589      770.7590    29      780.0000      770.0000  8889984    1.28%
 427091 330765      770.6924    31      780.0000      770.0000  8954138    1.28%
 430003 333031      773.3333    28      780.0000      770.0000  9014678    1.28%
Elapsed time = 409.83 sec. (478728.12 ticks, tree = 2870.91 MB, solutions = 6)
Nodefile size = 823.26 MB (445.72 MB after compression)
 432807 335199      776.6667    27      780.0000      770.0000  9084307    1.28%
 435984 337683      770.0000    31      780.0000      770.0000  9147485    1.28%
 438776 339949      770.4787    38      780.0000      770.0000  9207384    1.28%
 441497 342011      776.6667    38      780.0000      770.0000  9272383    1.28%
 444261 344144      773.3511    29      780.0000      770.0000  9338267    1.28%
 446956 346167      770.3457    35      780.0000      770.0000  9402353    1.28%
 449697 348372      773.4000    24      780.0000      770.0000  9464773    1.28%
 452391 350487        cutoff            780.0000      770.0000  9537987    1.28%
 455300 352831      770.3457    33      780.0000      770.0000  9610396    1.28%
 457775 354683      770.3464    36      780.0000      770.0000  9681558    1.28%
Elapsed time = 448.51 sec. (516973.03 ticks, tree = 3096.79 MB, solutions = 6)
Nodefile size = 1048.86 MB (570.95 MB after compression)
 460507 356820      770.5768    30      780.0000      770.0000  9750595    1.28%
 463211 358908      771.0829    20      780.0000      770.0000  9820991    1.28%
 465673 360832      773.9229    18      780.0000      770.0000  9886104    1.28%
 468777 363348      773.8881    21      780.0000      770.0000  9955221    1.28%
 471545 365607      770.3457    41      780.0000      770.0000 10019215    1.28%
 474461 367882      773.3333    19      780.0000      770.0000 10085558    1.28%
 477079 369938      774.0454    27      780.0000      770.0000 10147985    1.28%
 480141 372433      773.3688    31      780.0000      770.0000 10213869    1.28%
 482535 374293      773.4243    16      780.0000      770.0000 10277635    1.28%
 485132 376319      770.9623    18      780.0000      770.0000 10347278    1.28%
Elapsed time = 486.93 sec. (555135.17 ticks, tree = 3324.63 MB, solutions = 6)
Nodefile size = 1277.50 MB (693.41 MB after compression)
 487457 378077      773.8162    19      780.0000      770.0000 10414347    1.28%
 490313 380398      776.6667    25      780.0000      770.0000 10478790    1.28%
 492635 382271      770.3457    18      780.0000      770.0000 10544270    1.28%
 495042 384084      773.5239    34      780.0000      770.0000 10614550    1.28%
 497497 385991      770.3457    35      780.0000      770.0000 10682612    1.28%
 500206 388047      770.9587    21      780.0000      770.0000 10752427    1.28%
 502661 390010      770.4511    34      780.0000      770.0000 10823744    1.28%
 505129 391930      770.3457    46      780.0000      770.0000 10899387    1.28%
 507791 394061      770.9587    31      780.0000      770.0000 10966469    1.28%
 510594 396324      773.3333    33      780.0000      770.0000 11030602    1.28%
Elapsed time = 525.31 sec. (593563.62 ticks, tree = 3535.13 MB, solutions = 6)
Nodefile size = 1487.30 MB (806.30 MB after compression)
 513157 398352        cutoff            780.0000      770.0000 11095101    1.28%
 515960 400599      773.3333    26      780.0000      770.0000 11163681    1.28%
 518645 402669      770.9587    31      780.0000      770.0000 11224389    1.28%
 520997 404475      773.3333    17      780.0000      770.0000 11288795    1.28%
 521897 405232      776.9774    13      780.0000      770.0000 11305397    1.28%
 522497 405707      773.7150    20      780.0000      770.0000 11322353    1.28%
 522897 406030      771.1215    29      780.0000      770.0000 11332318    1.28%
 523300 406350      770.4787    37      780.0000      770.0000 11341833    1.28%
 523892 406812      776.8984    19      780.0000      770.0000 11355539    1.28%
 524597 407349      770.3457    28      780.0000      770.0000 11373115    1.28%
Elapsed time = 564.18 sec. (634832.96 ticks, tree = 3651.45 MB, solutions = 6)
Nodefile size = 1603.81 MB (868.61 MB after compression)
 525197 407834      773.3333    21      780.0000      770.0000 11386528    1.28%
 525652 408203      770.0000    27      780.0000      770.0000 11397112    1.28%
 526097 408544      778.4379    25      780.0000      770.0000 11409225    1.28%
 526497 408853      770.9587    49      780.0000      770.0000 11422164    1.28%
 527197 409409      770.0000    32      780.0000      770.0000 11439910    1.28%
 527797 409881      773.4487    29      780.0000      770.0000 11454721    1.28%
 529828 411359      774.6595    26      780.0000      770.0000 11513749    1.28%
 532388 413340      773.6898    24      780.0000      770.0000 11580210    1.28%
 535097 415398      773.3697    22      780.0000      770.0000 11639354    1.28%

GUB cover cuts applied:  4
Cover cuts applied:  54
Implied bound cuts applied:  90
Flow cuts applied:  154
Mixed integer rounding cuts applied:  44
Zero-half cuts applied:  2
Lift and project cuts applied:  21

Root node processing (before b&c):
  Real time             =    1.00 sec. (1097.95 ticks)
Sequential b&c:
  Real time             =  599.00 sec. (672059.05 ticks)
                          ------------
Total (root+branch&cut) =  600.00 sec. (673157.00 ticks)
