Tried aggregator 2 times.
MIP Presolve eliminated 463 rows and 66 columns.
MIP Presolve modified 250 coefficients.
Aggregator did 25 substitutions.
Reduced MIP has 514 rows, 863 columns, and 3053 nonzeros.
Reduced MIP has 447 binaries, 2 generals, 0 SOSs, and 0 indicators.
Presolve time = 0.00 sec. (4.04 ticks)
Found incumbent of value 2850.000000 after 0.01 sec. (8.88 ticks)
Probing fixed 0 vars, tightened 2 bounds.
Probing time = 0.01 sec. (4.73 ticks)
Cover probing fixed 0 vars, tightened 187 bounds.
Tried aggregator 1 time.
MIP Presolve modified 171 coefficients.
Reduced MIP has 514 rows, 863 columns, and 3053 nonzeros.
Reduced MIP has 447 binaries, 10 generals, 0 SOSs, and 0 indicators.
Presolve time = 0.00 sec. (1.75 ticks)
Probing fixed 0 vars, tightened 6 bounds.
Probing time = 0.01 sec. (4.55 ticks)
Clique table members: 979.
MIP emphasis: balance optimality and feasibility.
MIP search method: dynamic search.
Parallel mode: none, using 1 thread.
Root relaxation solution time = 0.01 sec. (11.70 ticks)

        Nodes                                         Cuts/
   Node  Left     Objective  IInf  Best Integer    Best Bound    ItCnt     Gap

*     0+    0                         2850.0000        0.0000      443  100.00%
      0     0      110.9263    83     2850.0000      110.9263      443   96.11%
      0     0      113.8435    82     2850.0000      Cuts: 38      907   96.01%
      0     0      171.1453    80     2850.0000      Cuts: 75     1261   93.99%
      0     0      204.1891    71     2850.0000      Cuts: 59     1367   92.84%
      0     0      204.7897    74     2850.0000      Cuts: 31     1503   92.81%
      0     0      204.7930    72     2850.0000      Cuts: 18     1534   92.81%
      0     0      204.8580    72     2850.0000       Cuts: 8     1543   92.81%
      0     0      204.8580    73     2850.0000       Cuts: 7     1546   92.81%
*     0+    0                         2849.0000      204.8580     1546   92.81%
*     0+    0                          900.0000      204.8580     1546   77.24%
*     0+    0                          810.0000      204.8580     1546   74.71%
*     0+    0                          760.0000      204.8580     1546   73.04%
*     0+    0                          710.0000      204.8580     1546   71.15%
*     0+    0                          660.0000      204.8580     1546   68.96%
      0     2      204.8580    73      660.0000      204.8580     1546   68.96%
Elapsed time = 0.64 sec. (681.40 ticks, tree = 0.00 MB, solutions = 7)
     84    74      227.8318    67      660.0000      209.6816     5749   68.23%
    167   157      452.8352    21      660.0000      209.6816    11305   68.23%
    298   278      571.0000    22      660.0000      210.0000    16185   68.18%
    463   428      219.5273    74      660.0000      210.0000    20318   68.18%
    521   486      516.0000    73      660.0000      516.0000    29299   21.82%
    526   489      527.0000    59      660.0000      516.0000    30534   21.82%
    542   496      591.5818    41      660.0000      516.0000    31849   21.82%
    566   512      593.0000    25      660.0000      516.0000    33935   21.82%
    605   511      516.6381    55      660.0000      516.6381    37656   21.72%
    971   634      574.0000    31      660.0000      517.8850    54424   21.53%
Elapsed time = 5.89 sec. (7006.93 ticks, tree = 3.65 MB, solutions = 7)
   1340   785      580.4466    18      660.0000      518.1977    73868   21.49%
*  1417   771      integral     0      620.0000      518.1977    76627   16.42%
*  1521+  777                          610.0000      518.5607    82712   14.99%
   1859  1077      575.4231    33      610.0000      519.1764    97581   14.89%
   2331  1478      526.2598    42      610.0000      519.3453   116804   14.86%
   2792  1867      591.0000    24      610.0000      519.4679   133703   14.84%
   3264  2272      575.0609    23      610.0000      519.5686   153875   14.82%
   3819  2741      543.8056    37      610.0000      519.7595   174167   14.79%
   4351  3192      520.1142    49      610.0000      520.1390   192368   14.73%
   4873  3646      527.5108    48      610.0000      520.5060   211131   14.67%
   5346  4057      609.0000    27      610.0000      520.7815   228711   14.63%
Elapsed time = 12.86 sec. (15755.49 ticks, tree = 30.64 MB, solutions = 9)
   5781  4417      597.0042    36      610.0000      521.0240   246580   14.59%
   6257  4805      522.9417    48      610.0000      521.1531   266571   14.57%
   6708  5182      564.6653    31      610.0000      521.2865   284898   14.54%
   7233  5628      522.6879    53      610.0000      521.4485   301521   14.52%
   7758  6060      605.3756    29      610.0000      521.6213   318047   14.49%
   8297  6511      554.2035    32      610.0000      521.7740   335472   14.46%
*  8521+ 5841                          600.0000      521.8038   346681   13.03%
   8731  6024      580.7537    29      600.0000      521.8307   354730   13.03%
*  9102  5335      integral     0      590.0000      522.0000   369940   11.53%
   9605  5736      524.4896    51      590.0000      522.1781   389810   11.50%
  10106  6126      585.0000    11      590.0000      522.4957   408198   11.44%
Elapsed time = 20.15 sec. (25092.36 ticks, tree = 44.65 MB, solutions = 11)
  10539  6488      572.9137    27      590.0000      522.6305   422990   11.42%
  10941  6789      536.2363    39      590.0000      522.8618   436463   11.38%
  11136  6947      533.7308    36      590.0000      523.0367   444508   11.35%
  11611  7330      575.0613    19      590.0000      523.0367   464395   11.35%
  12118  7737      552.2547    26      590.0000      523.0367   486190   11.35%
  12702  8204      575.1488    29      590.0000      523.1055   509975   11.34%
  13249  8638        cutoff            590.0000      523.2754   535948   11.31%
  13818  9101      577.1723    21      590.0000      523.4126   559609   11.29%
  14298  9494      553.4778    37      590.0000      523.5311   581229   11.27%
  14699  9804      535.6323    33      590.0000      523.7817   596603   11.22%
Elapsed time = 30.78 sec. (37501.06 ticks, tree = 65.20 MB, solutions = 11)
  15159 10164      577.7054    22      590.0000      523.9617   614857   11.19%
  15692 10595      588.7123    17      590.0000      524.0299   633806   11.18%
  16293 11078      526.3226    36      590.0000      524.0442   653838   11.18%
  16711 11389      578.2527    21      590.0000      524.1169   670705   11.17%
  17255 11825      560.5321    40      590.0000      524.3076   693644   11.13%
  17735 12220      578.2238    27      590.0000      524.3604   715893   11.13%
  18246 12644      572.5000    28      590.0000      524.4709   738479   11.11%
  18711 13009      570.0000    18      590.0000      524.6624   760882   11.07%
  19129 13351      555.4393    20      590.0000      524.7055   780525   11.07%
  19521 13674      566.2385    33      590.0000      524.7977   799033   11.05%
Elapsed time = 38.43 sec. (47191.13 ticks, tree = 82.73 MB, solutions = 11)
  20074 14110      585.2257    15      590.0000      525.0286   823163   11.01%
  20490 14429      532.0864    43      590.0000      525.0567   846476   11.01%
  20921 14787      564.7029    24      590.0000      525.1009   863499   11.00%
  21371 15154      559.0549    36      590.0000      525.2085   882678   10.98%
  21759 15468      582.5000    23      590.0000      525.2899   899040   10.97%
  22295 15894      556.0385    42      590.0000      525.4016   919130   10.95%
  22684 16217      541.3990    35      590.0000      525.4622   935027   10.94%
  23108 16563        cutoff            590.0000      525.5511   957967   10.92%
  23513 16872      552.1771    34      590.0000      525.5819   978302   10.92%
  23971 17254      583.0557    23      590.0000      525.7039   995296   10.90%
Elapsed time = 46.01 sec. (56752.12 ticks, tree = 99.06 MB, solutions = 11)
  24477 17675      554.9515    28      590.0000      525.7930  1015351   10.88%
  24966 18068      570.2493    23      590.0000      525.8537  1033562   10.87%
  25511 18518      526.9787    43      590.0000      525.8898  1051046   10.87%
  25859 18794      575.0609    21      590.0000      525.9729  1065167   10.85%
  26331 19173      585.5401    21      590.0000      526.0139  1082645   10.85%
  26698 19443      572.5000    20      590.0000      526.0237  1100418   10.84%
  27241 19896      582.5000    18      590.0000      526.0399  1119127   10.84%
  27691 20260      580.0000    11      590.0000      526.0656  1136081   10.84%
  28227 20674      544.0722    39      590.0000      526.0776  1154734   10.83%
  28641 20994      582.5000    21      590.0000      526.1268  1173307   10.83%
Elapsed time = 53.57 sec. (66331.65 ticks, tree = 123.42 MB, solutions = 11)
  29208 21461      584.0000    33      590.0000      526.1810  1198724   10.82%
  29622 21790      575.4355    12      590.0000      526.1999  1220674   10.81%
  30021 22109      529.4898    45      590.0000      526.1999  1244747   10.81%
  30404 22416      530.3747    41      590.0000      526.2598  1264711   10.80%
  30781 22734      580.4720    18      590.0000      526.3043  1280734   10.80%
  31265 23134      582.0304    22      590.0000      526.3277  1300278   10.79%
  31587 23394      584.4263    37      590.0000      526.3536  1318181   10.79%
  31943 23668        cutoff            590.0000      526.3562  1339528   10.79%
  32378 24009      577.5000    20      590.0000      526.3969  1357972   10.78%
  32777 24336      588.7902    34      590.0000      526.4450  1375321   10.77%
Elapsed time = 61.13 sec. (75891.54 ticks, tree = 134.86 MB, solutions = 11)
  33242 24709      529.2448    50      590.0000      526.5417  1398420   10.76%
  33733 25096      581.1423    27      590.0000      526.6651  1416072   10.73%
  34223 25503      556.6993    32      590.0000      526.7519  1434625   10.72%
  34676 25873      573.9147    50      590.0000      526.8180  1453605   10.71%
  35159 26264      572.9856    19      590.0000      526.9378  1472517   10.69%
  35653 26665      575.1959    28      590.0000      527.0000  1496679   10.68%
  36223 27134      585.3659    23      590.0000      527.0636  1521978   10.67%
  36669 27494      570.5262    27      590.0000      527.0859  1543150   10.66%
  37095 27826      548.8794    42      590.0000      527.1013  1567941   10.66%
  37521 28165      534.2999    38      590.0000      527.1331  1586117   10.66%
Elapsed time = 68.75 sec. (85575.08 ticks, tree = 145.86 MB, solutions = 11)
  37970 28505      570.1793    33      590.0000      527.1629  1606977   10.65%
  38464 28892      568.3163    15      590.0000      527.2275  1631415   10.64%
  38835 29160      535.5100    45      590.0000      527.2433  1651996   10.64%
  39380 29561      610.0000    21      590.0000      527.3310  1672695   10.62%
  39721 29844      573.0154    12      590.0000      527.3614  1688173   10.62%
  40233 30257      573.0013    24      590.0000      527.3795  1712083   10.61%
  40703 30632      543.5403    32      590.0000      527.4190  1734436   10.61%
  41191 31028      578.2792    18      590.0000      527.4679  1753975   10.60%
  41685 31440      538.7103    32      590.0000      527.5290  1774634   10.59%
  43549 32917      571.3407    35      590.0000      527.8520  1864684   10.53%
Elapsed time = 78.58 sec. (98008.57 ticks, tree = 159.24 MB, solutions = 11)
  45406 34375      551.4131    31      590.0000      528.0362  1956799   10.50%
  47042 35641      581.3225    22      590.0000      528.0907  2031138   10.49%
  48826 36997      531.3117    28      590.0000      528.1224  2119308   10.49%
  50521 38324      534.2436    35      590.0000      528.1951  2205459   10.48%
  52271 39714      539.0571    34      590.0000      528.2722  2296655   10.46%
  54073 41178      578.6120    21      590.0000      528.4289  2378249   10.44%
  55817 42540      575.2215    28      590.0000      528.6302  2462806   10.40%
  57705 44014      582.5000    31      590.0000      528.8368  2551266   10.37%
  59651 45532      553.4545    20      590.0000      529.0115  2644724   10.34%
  61360 46866      567.0000    22      590.0000      529.0529  2735757   10.33%
Elapsed time = 108.75 sec. (136345.59 ticks, tree = 197.23 MB, solutions = 11)
  63447 48473      550.5746    37      590.0000      529.1162  2834470   10.32%
  65371 49951      575.4378    14      590.0000      529.2082  2935911   10.30%
  67049 51265        cutoff            590.0000      529.2347  3021153   10.30%
  68808 52636      570.0522    17      590.0000      529.2524  3113506   10.30%
  70747 54144      552.8352    27      590.0000      529.3034  3207894   10.29%
  72692 55688      580.0540    17      590.0000      529.3781  3305828   10.27%
  74521 57115      585.7936    19      590.0000      529.4113  3388692   10.27%
  76545 58693      529.5266    36      590.0000      529.4617  3488344   10.26%
  78521 60348      580.0876    19      590.0000      529.5266  3586511   10.25%
  80521 61948      553.3813    37      590.0000      529.6499  3682388   10.23%
Elapsed time = 139.10 sec. (174664.14 ticks, tree = 212.30 MB, solutions = 11)
  82470 63545      540.6026    35      590.0000      529.7439  3781853   10.21%
  84319 65015      544.6370    45      590.0000      529.8812  3877333   10.19%
  86157 66461      533.9650    37      590.0000      529.9667  3973983   10.18%
  88184 68086      530.1157    38      590.0000      530.0362  4067898   10.16%
  90331 69754      535.4907    30      590.0000      530.0842  4166948   10.16%
  92241 71214      572.0000    21      590.0000      530.1639  4262407   10.14%
  94280 72866      572.6703    13      590.0000      530.2111  4354991   10.13%
  96217 74386      621.0029    23      590.0000      530.2612  4453929   10.13%
  98394 76169      586.8509    17      590.0000      530.3226  4553393   10.11%
 100323 77653      584.1508    30      590.0000      530.3726  4654026   10.11%
Elapsed time = 169.51 sec. (212838.47 ticks, tree = 221.40 MB, solutions = 11)
 102331 79214      581.1192    19      590.0000      530.4490  4750577   10.09%
 104461 80893      587.6801    18      590.0000      530.4719  4845050   10.09%
 106521 82470      534.3167    35      590.0000      530.5206  4945863   10.08%
 108690 84201      543.0978    25      590.0000      530.5781  5049738   10.07%
 110788 85897      571.1029    29      590.0000      530.6720  5150914   10.06%
 112610 87393      587.3122    17      590.0000      530.7400  5246070   10.04%
 114619 88983      530.8656    36      590.0000      530.8656  5341670   10.02%
 116622 90600      575.3349    15      590.0000      530.9799  5440802   10.00%
 118388 91935      538.8791    45      590.0000      531.0195  5532914   10.00%
 120521 93636      560.5898    28      590.0000      531.0949  5634707    9.98%
Elapsed time = 200.24 sec. (251359.72 ticks, tree = 229.01 MB, solutions = 11)
 122568 95307        cutoff            590.0000      531.1181  5737427    9.98%
 124441 96768      585.0000    13      590.0000      531.1829  5830741    9.97%
 126398 98310      571.1369    14      590.0000      531.2158  5932103    9.96%
 128374 99822      561.8477    34      590.0000      531.2537  6024419    9.96%
 130360 101391      567.9820    17      590.0000      531.2945  6130444    9.95%
 132176 102849      575.4641    12      590.0000      531.3300  6225424    9.94%
 134132 104336      585.0000    19      590.0000      531.3650  6324913    9.94%
 135914 105767      585.0000    10      590.0000      531.4130  6420191    9.93%
 137806 107210      586.7184    27      590.0000      531.4485  6518029    9.92%
 139608 108656      585.0802    17      590.0000      531.4807  6616367    9.92%
Elapsed time = 230.99 sec. (289522.87 ticks, tree = 236.52 MB, solutions = 11)
 141634 110241      571.9542    32      590.0000      531.5866  6718560    9.90%
 143755 111983      587.7960    18      590.0000      531.6325  6815711    9.89%
 145995 113770      581.4147    21      590.0000      531.6701  6915603    9.89%
 147980 115331      582.6655    16      590.0000      531.7604  7019388    9.87%
 149764 116716      572.8757    21      590.0000      531.8000  7114820    9.86%
 151673 118230      537.7332    39      590.0000      531.9063  7211890    9.85%
 153536 119716      582.7431    19      590.0000      531.9593  7310787    9.84%
 155243 121084      532.0000    40      590.0000      532.0000  7407962    9.83%
 157143 122543      539.0933    36      590.0000      532.0134  7504448    9.83%
 158766 123804      577.5000    18      590.0000      532.0134  7604746    9.83%
Elapsed time = 261.70 sec. (327707.45 ticks, tree = 244.06 MB, solutions = 11)
 160523 125133      587.2344    29      590.0000      532.0334  7704021    9.82%
 162502 126691      532.4726    31      590.0000      532.0448  7802194    9.82%
 164180 127966      580.0000    21      590.0000      532.0721  7895892    9.82%
 166277 129651      532.8584    29      590.0000      532.0956  7996179    9.81%
 168049 131034      588.2006    17      590.0000      532.1154  8084142    9.81%
 170156 132666      582.7898    25      590.0000      532.1236  8182870    9.81%
 172160 134300      538.4798    34      590.0000      532.1369  8278467    9.81%
 174375 136006      587.6212    17      590.0000      532.1586  8379918    9.80%
 176324 137621      538.2836    56      590.0000      532.1813  8478847    9.80%
 178158 139105      578.4105    17      590.0000      532.1865  8573426    9.80%
Elapsed time = 291.90 sec. (365880.83 ticks, tree = 253.36 MB, solutions = 11)
 179662 140220      584.7097    23      590.0000      532.1865  8663080    9.80%
 181478 141651      588.0176    19      590.0000      532.2033  8758366    9.80%
 183216 143046      532.2269    41      590.0000      532.2084  8848099    9.80%
 185082 144511      585.4476    24      590.0000      532.2324  8947742    9.79%
 186853 145930      582.5000    22      590.0000      532.2609  9041786    9.79%
 188557 147307      567.9593    16      590.0000      532.2981  9129719    9.78%
 190324 148683      565.8755    20      590.0000      532.3215  9219938    9.78%
 192220 150236      573.2674    16      590.0000      532.3244  9317773    9.78%
 194111 151797      545.9636    24      590.0000      532.3356  9407569    9.77%
 195656 152964      543.6006    26      590.0000      532.3581  9500304    9.77%
Elapsed time = 322.44 sec. (404058.09 ticks, tree = 269.08 MB, solutions = 11)
 197521 154409      583.5229    20      590.0000      532.3734  9597548    9.77%
 199426 155894      572.9268    27      590.0000      532.3879  9688647    9.76%
 201575 157619      538.6855    53      590.0000      532.4062  9791725    9.76%
 203538 159125      582.5398    25      590.0000      532.4490  9891204    9.75%
 205184 160404      587.5000    16      590.0000      532.4718  9986972    9.75%
 206891 161704      586.5936    22      590.0000      532.4981 10085178    9.75%
 208829 163301      575.2562    17      590.0000      532.5177 10180420    9.74%
 210589 164687      533.5004    31      590.0000      532.5397 10273702    9.74%
 212442 166190      580.2289    12      590.0000      532.5528 10361644    9.74%
 214219 167651        cutoff            590.0000      532.5652 10454440    9.73%
Elapsed time = 353.41 sec. (442321.02 ticks, tree = 288.58 MB, solutions = 11)
 216029 169152      580.0698    23      590.0000      532.5659 10551558    9.73%
 217865 170677      543.6629    24      590.0000      532.5750 10649232    9.73%
 219661 172100      582.5000    23      590.0000      532.5750 10747306    9.73%
 221324 173390      572.7194    22      590.0000      532.6002 10841102    9.73%
 223320 174963      549.8779    33      590.0000      532.6123 10938165    9.73%
 225260 176519      567.9614    17      590.0000      532.6226 11034807    9.72%
 227135 178009      532.9717    28      590.0000      532.6374 11128240    9.72%
 229092 179543      587.9605    23      590.0000      532.6676 11226483    9.72%
 230776 180859      572.7771    24      590.0000      532.6847 11315160    9.71%
 232639 182320      588.6592    26      590.0000      532.7112 11414575    9.71%
Elapsed time = 383.83 sec. (480489.61 ticks, tree = 300.46 MB, solutions = 11)
 234285 183634      585.0000    30      590.0000      532.7143 11515260    9.71%
 235887 184873      570.3655    26      590.0000      532.7245 11611278    9.71%
 237636 186218      577.7466    22      590.0000      532.7440 11695257    9.70%
 239521 187715      570.2087    21      590.0000      532.7563 11785365    9.70%
 241558 189350      580.0000    19      590.0000      532.7769 11889116    9.70%
 243273 190748      575.2912    17      590.0000      532.7848 11986035    9.70%
 245018 192137      561.1046    34      590.0000      532.8143 12077659    9.69%
 246910 193592      577.7003    17      590.0000      532.8588 12174669    9.68%
 248715 195017        cutoff            590.0000      532.8886 12271750    9.68%
 250616 196551      538.2948    37      590.0000      532.9084 12372036    9.68%
Elapsed time = 414.94 sec. (518774.83 ticks, tree = 318.99 MB, solutions = 11)
 252461 198032      533.0147    34      590.0000      532.9377 12470150    9.67%
 254121 199286      568.2486    18      590.0000      532.9476 12561418    9.67%
 255820 200580      572.5000    14      590.0000      532.9751 12651531    9.67%
 257771 202130      575.0000    15      590.0000      532.9935 12749557    9.66%
 259450 203444      577.5000    16      590.0000      533.0043 12843522    9.66%
 261161 204740      575.4367    27      590.0000      533.0146 12934725    9.66%
 263174 206322      539.8665    36      590.0000      533.0147 13039277    9.66%
 265067 207792      578.6346    27      590.0000      533.0196 13136787    9.66%
 267092 209348      566.2654    18      590.0000      533.0234 13239911    9.66%
 269180 210987      570.0522    21      590.0000      533.0329 13345201    9.66%
Elapsed time = 445.74 sec. (556949.05 ticks, tree = 328.97 MB, solutions = 11)
 270944 212400      536.5780    32      590.0000      533.0390 13441869    9.65%
 272996 214042      581.1439    21      590.0000      533.0686 13538714    9.65%
 274889 215539      585.0836    26      590.0000      533.0794 13633116    9.65%
 276903 217148      584.1750    22      590.0000      533.0947 13731927    9.64%
 278755 218540      577.5000    16      590.0000      533.1119 13830415    9.64%
 280521 219971      544.0640    27      590.0000      533.1188 13932343    9.64%
 282468 221476      537.3704    39      590.0000      533.1287 14033869    9.64%
 284404 223032      557.1429    37      590.0000      533.1444 14136907    9.64%
 286168 224405      545.0755    50      590.0000      533.1529 14230105    9.64%
 288171 225955      534.8465    31      590.0000      533.1809 14326041    9.63%
Elapsed time = 476.65 sec. (595261.25 ticks, tree = 337.42 MB, solutions = 11)
 289971 227301      577.5000    22      590.0000      533.1991 14417958    9.63%
 291718 228646      559.1393    21      590.0000      533.2168 14514204    9.62%
 293671 230191      575.5712    14      590.0000      533.2343 14613521    9.62%
 295694 231761      582.6448    27      590.0000      533.2426 14717181    9.62%
 297471 233151      542.3554    34      590.0000      533.2631 14809694    9.62%
 299137 234387      588.1676    27      590.0000      533.2850 14889516    9.61%
 300966 235861      575.0000    13      590.0000      533.2984 14992593    9.61%
 302675 237135      592.5000    19      590.0000      533.3118 15091253    9.61%
 304401 238462      572.2467    39      590.0000      533.3349 15181665    9.60%
 306395 240068      585.9877    20      590.0000      533.3545 15277420    9.60%
Elapsed time = 507.07 sec. (633440.71 ticks, tree = 351.10 MB, solutions = 11)
 308014 241302      537.9390    40      590.0000      533.3664 15371536    9.60%
 309822 242693      585.0000    18      590.0000      533.3787 15470154    9.60%
 311555 244051      583.9474    12      590.0000      533.3895 15562594    9.60%
 313628 245620      545.2345    39      590.0000      533.4258 15663798    9.59%
 315562 247151      572.6226    17      590.0000      533.4413 15762790    9.59%
 317373 248539      537.2450    46      590.0000      533.4485 15866336    9.58%
 319033 249827      584.9986    30      590.0000      533.4690 15958114    9.58%
 320833 251236      575.0628    18      590.0000      533.4937 16049939    9.58%
 322732 252728      556.3510    24      590.0000      533.5102 16152119    9.57%
 324509 254181      583.7638    21      590.0000      533.5145 16243728    9.57%
Elapsed time = 537.45 sec. (671628.97 ticks, tree = 361.03 MB, solutions = 11)
 326421 255620      570.8066    19      590.0000      533.5438 16332382    9.57%
 327330 256342      575.4386    16      590.0000      533.5552 16378741    9.57%
 328049 256901      539.4569    28      590.0000      533.5552 16419718    9.57%
 328621 257358      549.6578    29      590.0000      533.5567 16452431    9.57%
 329221 257843      575.4381    17      590.0000      533.5586 16479549    9.57%
 329921 258388      587.5000    20      590.0000      533.5648 16513601    9.57%
 330726 259067      580.0000    14      590.0000      533.5679 16553110    9.56%
 331221 259466      575.0609    21      590.0000      533.5696 16578489    9.56%
 331721 259873      575.5530    19      590.0000      533.5794 16603525    9.56%
 332521 260517      580.6752    17      590.0000      533.5825 16643364    9.56%
Elapsed time = 571.59 sec. (711391.33 ticks, tree = 364.39 MB, solutions = 11)
 333221 261033      545.2000    26      590.0000      533.5980 16682588    9.56%
 333785 261457      536.3608    29      590.0000      533.6016 16713062    9.56%
 334288 261806      587.5000    15      590.0000      533.6049 16743925    9.56%
 334821 262244      580.4959    25      590.0000      533.6076 16767191    9.56%
 335475 262769      585.3671    14      590.0000      533.6198 16799573    9.56%
 336121 263255      547.3550    30      590.0000      533.6275 16829531    9.55%
 336821 263811      580.4522    23      590.0000      533.6324 16868465    9.55%
 337797 264589      583.1183    19      590.0000      533.6471 16918033    9.55%

GUB cover cuts applied:  6
Cover cuts applied:  15
Implied bound cuts applied:  47
Flow cuts applied:  76
Mixed integer rounding cuts applied:  32
Zero-half cuts applied:  1
Lift and project cuts applied:  33

Root node processing (before b&c):
  Real time             =    0.64 sec. (681.43 ticks)
Sequential b&c:
  Real time             =  599.36 sec. (743618.41 ticks)
                          ------------
Total (root+branch&cut) =  600.00 sec. (744299.84 ticks)
