Tried aggregator 2 times.
MIP Presolve eliminated 466 rows and 69 columns.
MIP Presolve modified 204 coefficients.
Aggregator did 25 substitutions.
Reduced MIP has 516 rows, 868 columns, and 3047 nonzeros.
Reduced MIP has 448 binaries, 2 generals, 0 SOSs, and 0 indicators.
Presolve time = 0.00 sec. (4.04 ticks)
Found incumbent of value 2550.000000 after 0.01 sec. (8.56 ticks)
Probing fixed 0 vars, tightened 1 bounds.
Probing time = 0.01 sec. (3.79 ticks)
Cover probing fixed 0 vars, tightened 164 bounds.
Tried aggregator 1 time.
MIP Presolve eliminated 1 rows and 1 columns.
MIP Presolve modified 152 coefficients.
Reduced MIP has 515 rows, 867 columns, and 3045 nonzeros.
Reduced MIP has 447 binaries, 17 generals, 0 SOSs, and 0 indicators.
Presolve time = 0.00 sec. (1.81 ticks)
Probing fixed 0 vars, tightened 3 bounds.
Probing time = 0.00 sec. (3.56 ticks)
Clique table members: 907.
MIP emphasis: balance optimality and feasibility.
MIP search method: dynamic search.
Parallel mode: none, using 1 thread.
Root relaxation solution time = 0.01 sec. (8.04 ticks)

        Nodes                                         Cuts/
   Node  Left     Objective  IInf  Best Integer    Best Bound    ItCnt     Gap

*     0+    0                         2550.0000        0.0000      311  100.00%
      0     0      111.3777    76     2550.0000      111.3777      311   95.63%
      0     0      112.0000    85     2550.0000      Cuts: 24      565   95.61%
      0     0      185.5274    79     2550.0000      Cuts: 68     1111   92.72%
      0     0      201.2702    73     2550.0000      Cuts: 43     1282   92.11%
      0     0      201.3155    73     2550.0000      Cuts: 29     1335   92.11%
      0     0      201.3601    74     2550.0000      Cuts: 24     1413   92.10%
      0     0      201.3601    73     2550.0000      Cuts: 20     1446   92.10%
      0     0      201.3601    71     2550.0000       Cuts: 5     1454   92.10%
*     0+    0                          920.0000      201.3601     1454   78.11%
*     0+    0                          710.0000      201.3601     1454   71.64%
      0     2      201.3601    68      710.0000      201.3604     1454   71.64%
Elapsed time = 0.68 sec. (689.65 ticks, tree = 0.00 MB, solutions = 3)
*   100+   91                          660.0000      205.9730     7884   68.79%
    100    93      248.8477    53      660.0000      205.9730     7884   68.79%
    223   203      234.2752    76      660.0000      205.9730    13878   68.79%
    473   446      326.2286    45      660.0000      205.9997    19448   68.79%
*   526+  332                          620.0000      379.5654    23253   38.78%
*   526+  221                          600.0000      497.7465    29567   17.04%
    526   222      498.0000    74      600.0000      498.0000    29567   17.00%
    532   224      501.0000    80      600.0000      499.0376    30641   16.83%
    536   225      509.4047    68      600.0000      499.0376    30885   16.83%
    551   227      590.0000    38      600.0000      499.0376    32432   16.83%
    613   246      591.0000    26      600.0000      499.0376    34557   16.83%
    677   252      529.8271    32      600.0000      500.1981    39250   16.63%
   1078   464      585.1359    33      600.0000      500.6629    61832   16.56%
Elapsed time = 6.30 sec. (7392.96 ticks, tree = 0.32 MB, solutions = 6)
   1584   914      574.0000    22      600.0000      500.8613    86084   16.52%
   2046  1305      561.0000    36      600.0000      501.5183   107805   16.41%
   2565  1749      585.0000    16      600.0000      501.7725   130500   16.37%
   3054  2181      503.5263    73      600.0000      502.0725   150681   16.32%
   3506  2593      556.1845    48      600.0000      502.1389   172243   16.31%
   3933  2980      580.1883    48      600.0000      502.5007   193031   16.25%
   4398  3379      504.9343    57      600.0000      503.0334   214610   16.16%
   4876  3813      582.5000    23      600.0000      503.1271   235826   16.15%
   5321  4192      558.8647    42      600.0000      503.4234   258554   16.10%
   5829  4654      518.1682    57      600.0000      503.5263   279881   16.08%
Elapsed time = 14.39 sec. (16985.12 ticks, tree = 2.95 MB, solutions = 6)
   6251  5030      596.2934    35      600.0000      503.6225   301207   16.06%
   6707  5429    infeasible            600.0000      503.8198   324681   16.03%
   7129  5797      536.4992    56      600.0000      503.9381   345738   16.01%
*  7526+ 4213                          590.0000      504.0763   360589   14.56%
   7784  4428      506.3167    49      590.0000      504.3195   369308   14.52%
   8428  5007      580.0000    28      590.0000      504.6261   394830   14.47%
   8905  5424      582.5000    25      590.0000      504.8350   419059   14.43%
   9427  5893      576.0000    19      590.0000      504.8899   442216   14.43%
   9840  6249      587.5000    15      590.0000      504.9564   462607   14.41%
  10401  6732      535.8450    43      590.0000      505.0604   484328   14.40%
  10862  7125      587.6863    26      590.0000      505.1272   503883   14.39%
Elapsed time = 22.50 sec. (26552.95 ticks, tree = 4.36 MB, solutions = 7)
  11046  7280      509.6305    55      590.0000      505.1740   512015   14.38%
  11657  7820      583.6471    17      590.0000      505.2974   534213   14.36%
  12277  8351      585.7143    22      590.0000      505.4500   558974   14.33%
  12873  8872      574.8640    40      590.0000      505.6182   584648   14.30%
  13366  9253      572.5833    24      590.0000      506.0616   607287   14.23%
  13897  9718      531.0000    37      590.0000      506.2111   630636   14.20%
  14434 10202      570.0000    20      590.0000      506.3091   653616   14.18%
  15008 10707      572.6265    27      590.0000      506.4499   675795   14.16%
  15579 11203      559.2713    43      590.0000      506.5441   698315   14.15%
  16068 11604      507.2006    62      590.0000      506.7254   722234   14.11%
Elapsed time = 32.60 sec. (37926.24 ticks, tree = 7.14 MB, solutions = 7)
  16576 12060      537.9072    45      590.0000      506.8464   744870   14.09%
  17082 12502      580.0157    25      590.0000      506.9114   768986   14.08%
  17708 13069      583.0236    31      590.0000      507.0009   792247   14.07%
  18209 13483      562.5000    15      590.0000      507.0900   814748   14.05%
  18696 13893      584.0252    37      590.0000      507.1104   838141   14.05%
  19239 14353      578.0000    23      590.0000      507.1744   859704   14.04%
  19729 14758      544.0399    35      590.0000      507.2096   880488   14.03%
  20307 15252        cutoff            590.0000      507.2101   904644   14.03%
  20874 15737      585.0000    23      590.0000      507.3666   926627   14.01%
  21481 16251      565.1946    29      590.0000      507.4536   951853   13.99%
Elapsed time = 40.67 sec. (47485.51 ticks, tree = 9.77 MB, solutions = 7)
  22074 16762      572.7059    28      590.0000      507.5590   974674   13.97%
  22639 17255      577.9971    48      590.0000      507.6153   998892   13.96%
  23213 17730      513.3480    47      590.0000      507.7278  1022353   13.94%
  23714 18142      572.5000    28      590.0000      507.9377  1047163   13.91%
  24241 18592      514.0353    42      590.0000      508.0801  1070945   13.88%
  24720 19021      540.4949    42      590.0000      508.1597  1092133   13.87%
  25280 19500      572.6275    27      590.0000      508.2985  1114552   13.85%
  25784 19944      587.6863    32      590.0000      508.3553  1135461   13.84%
  26433 20495      580.5882    22      590.0000      508.4405  1158478   13.82%
  26974 20962        cutoff            590.0000      508.5388  1182281   13.81%
Elapsed time = 48.65 sec. (57050.96 ticks, tree = 12.91 MB, solutions = 7)
  27507 21417      575.0000    24      590.0000      508.5942  1207358   13.80%
  28052 21879      527.6216    37      590.0000      508.6446  1233413   13.79%
  28616 22360      582.5000    33      590.0000      508.7451  1256700   13.77%
  29198 22853      513.5760    69      590.0000      508.8169  1282245   13.76%
  29712 23297      509.9068    57      590.0000      508.8733  1305665   13.75%
  30149 23670      572.6275    24      590.0000      508.9004  1327950   13.75%
  30549 24024      526.1262    57      590.0000      508.9264  1345716   13.74%
  31115 24514      515.2974    50      590.0000      508.9810  1368082   13.73%
  31608 24948      587.9737    37      590.0000      509.0108  1387462   13.73%
  32105 25371      580.0000    26      590.0000      509.0569  1409619   13.72%
Elapsed time = 56.68 sec. (66644.35 ticks, tree = 15.43 MB, solutions = 7)
  32588 25800      532.1386    49      590.0000      509.0988  1431890   13.71%
  33040 26195      553.4276    41      590.0000      509.1471  1454777   13.70%
  33546 26625      587.5000    21      590.0000      509.1788  1478470   13.70%
  34149 27142      511.6550    53      590.0000      509.2446  1503664   13.69%
  34747 27672      572.6275    30      590.0000      509.2865  1527368   13.68%
  35240 28096      538.5097    57      590.0000      509.3182  1551363   13.67%
  35845 28609      512.5556    53      590.0000      509.3483  1573840   13.67%
  36433 29110      554.3254    30      590.0000      509.3888  1597390   13.66%
  36953 29531      566.2938    35      590.0000      509.4521  1619620   13.65%
  37430 29915      542.8881    43      590.0000      509.4974  1643532   13.64%
Elapsed time = 64.71 sec. (76202.25 ticks, tree = 18.51 MB, solutions = 7)
  37854 30275      510.3601    51      590.0000      509.5277  1662373   13.64%
  38353 30693      580.1262    38      590.0000      509.5747  1685445   13.63%
  38924 31193      544.6977    35      590.0000      509.6194  1707887   13.62%
  39472 31673      580.1181    35      590.0000      509.6305  1733287   13.62%
  40064 32200      577.6471    28      590.0000      509.6608  1757819   13.62%
  40650 32716      580.0000    30      590.0000      509.6678  1781317   13.62%
  41163 33157      580.1261    21      590.0000      509.7270  1806383   13.61%
  41649 33572      554.3067    48      590.0000      509.7877  1831685   13.60%
  42279 34140      580.2529    40      590.0000      509.7877  1856775   13.60%
  42763 34561      527.5644    48      590.0000      509.8106  1880107   13.59%
Elapsed time = 72.82 sec. (85783.97 ticks, tree = 22.08 MB, solutions = 7)
  43260 34968      580.0000    10      590.0000      509.8508  1904173   13.58%
  43740 35393      582.5000    20      590.0000      509.9033  1924590   13.58%
  44179 35764      539.6275    40      590.0000      510.0040  1947328   13.56%
  44626 36164      580.0000    26      590.0000      510.0202  1967865   13.56%
  45152 36616      518.4448    49      590.0000      510.0394  1989942   13.55%
  45628 37044      547.5587    40      590.0000      510.0994  2009988   13.54%
  46202 37552      540.0108    22      590.0000      510.1491  2035310   13.53%
  46674 37958      580.0000    32      590.0000      510.1941  2058180   13.53%
  47273 38465    infeasible            590.0000      510.2230  2083120   13.52%
* 47526+23250                          580.0000      510.2247  2091700   12.03%
  49344 24765      577.5000    33      580.0000      510.3313  2164111   12.01%
Elapsed time = 83.35 sec. (98192.98 ticks, tree = 16.03 MB, solutions = 8)
  51167 26246      516.6299    56      580.0000      510.5044  2250549   11.98%
  52898 27669      513.9508    55      580.0000      510.7610  2332122   11.94%
  54821 29167      577.6383    35      580.0000      511.0782  2420473   11.88%
  56834 30810      577.5000    26      580.0000      511.2654  2509721   11.85%
  58597 32208      575.3502    22      580.0000      511.4164  2595722   11.82%
  60652 33840      523.1209    55      580.0000      511.6329  2683686   11.79%
  62709 35512      567.5000    23      580.0000      511.8111  2774203   11.76%
  64712 37175      546.2101    62      580.0000      511.9375  2867079   11.73%
  66615 38670      533.1323    36      580.0000      512.1334  2953074   11.70%
  68721 40322      534.2902    53      580.0000      512.2434  3037239   11.68%
Elapsed time = 115.25 sec. (136359.00 ticks, tree = 24.99 MB, solutions = 8)
  70905 42055      567.0000    37      580.0000      512.4451  3131761   11.65%
  72879 43674      513.5518    62      580.0000      512.5639  3207773   11.63%
  75049 45462      520.8611    31      580.0000      512.7161  3278791   11.60%
  77121 47188      560.2000    44      580.0000      512.8380  3345553   11.58%
  79146 48799      577.5000    18      580.0000      512.9699  3411995   11.56%
  81092 50399        cutoff            580.0000      513.1159  3480662   11.53%
  83026 51951        cutoff            580.0000      513.1908  3551791   11.52%
  85287 53869      566.1986    24      580.0000      513.2902  3620894   11.50%
  87259 55511      577.5000    26      580.0000      513.4196  3691508   11.48%
  89176 57094      560.2156    15      580.0000      513.5297  3759407   11.46%
Elapsed time = 146.33 sec. (174531.09 ticks, tree = 112.07 MB, solutions = 8)
  91258 58792      572.5906    26      580.0000      513.6566  3824821   11.44%
  93310 60476      532.2838    49      580.0000      513.8000  3892727   11.41%
  95369 62186      556.4294    46      580.0000      513.9416  3960241   11.39%
  97464 63920      527.0937    35      580.0000      514.0893  4031188   11.36%
  99598 65652      540.4598    47      580.0000      514.2475  4095144   11.34%
 101696 67419      519.5928    46      580.0000      514.3282  4160796   11.32%
 103699 69073      577.7626    24      580.0000      514.4378  4232074   11.30%
 105872 70875      560.1751    20      580.0000      514.5374  4299760   11.29%
 107974 72630        cutoff            580.0000      514.6189  4370351   11.27%
 110352 74611      541.8075    46      580.0000      514.7269  4440193   11.25%
Elapsed time = 177.37 sec. (212743.25 ticks, tree = 216.16 MB, solutions = 8)
 112702 76639      567.9472    19      580.0000      514.8373  4509623   11.23%
 114766 78370      563.3228    34      580.0000      514.9733  4574594   11.21%
 117069 80266      557.3087    41      580.0000      515.1083  4643685   11.19%
 119517 82317      577.5634    26      580.0000      515.2067  4712600   11.17%
 121844 84301      526.2311    41      580.0000      515.3204  4779531   11.15%
 124120 86228      531.2368    67      580.0000      515.4718  4851396   11.13%
 126097 87855      572.8767    18      580.0000      515.5753  4920859   11.11%
 128437 89850      557.1084    36      580.0000      515.6876  4990493   11.09%
 130514 91535      523.3489    48      580.0000      515.7950  5055640   11.07%
 132808 93461      531.4339    57      580.0000      515.9235  5123200   11.05%
Elapsed time = 208.50 sec. (250939.67 ticks, tree = 333.81 MB, solutions = 8)
 134921 95227      539.5747    46      580.0000      516.1124  5192950   11.02%
 137273 97184      570.5588    23      580.0000      516.1806  5258184   11.00%
 139630 99236      567.9892    24      580.0000      516.2485  5326192   10.99%
 141814 101107      572.9680    29      580.0000      516.2832  5395255   10.99%
 143811 102786      542.7286    37      580.0000      516.3485  5462782   10.97%
 146085 104685      519.0404    49      580.0000      516.4515  5529699   10.96%
 148595 106802      578.7719    31      580.0000      516.5252  5601215   10.94%
 150922 108776      567.0000    18      580.0000      516.6389  5667237   10.92%
 153083 110518      577.5000    29      580.0000      516.7878  5733040   10.90%
 155413 112455      575.0000    32      580.0000      516.9222  5806656   10.88%
Elapsed time = 239.97 sec. (289100.41 ticks, tree = 453.84 MB, solutions = 8)
 157456 114106      575.2353    31      580.0000      517.0492  5875440   10.85%
 159782 116008      533.8664    41      580.0000      517.1512  5941303   10.84%
 161958 117855      563.1577    23      580.0000      517.2222  6012525   10.82%
 164388 119964      573.0059    15      580.0000      517.3158  6080139   10.81%
 166568 121752      577.5000    33      580.0000      517.4297  6149616   10.79%
 168851 123595      548.1545    48      580.0000      517.5699  6221849   10.76%
 171229 125552      567.5000    25      580.0000      517.7021  6287474   10.74%
 173454 127366        cutoff            580.0000      517.8429  6360369   10.72%
 175600 129174      572.5251    17      580.0000      517.9463  6424441   10.70%
 177695 130934      577.5000    15      580.0000      518.0617  6488602   10.68%
Elapsed time = 270.95 sec. (327262.24 ticks, tree = 567.90 MB, solutions = 8)
 180161 132980      577.5000    22      580.0000      518.1713  6560123   10.66%
 182618 135042      567.5000    30      580.0000      518.2362  6626810   10.65%
 185185 137172      567.5982    35      580.0000      518.3173  6697531   10.63%
 187517 139137      562.8180    35      580.0000      518.4131  6766554   10.62%
 189805 141021      560.1765    18      580.0000      518.5200  6832239   10.60%
 192073 142959      567.5000    21      580.0000      518.5996  6901211   10.59%
 194349 144854      550.3019    30      580.0000      518.6621  6972396   10.58%
 196602 146768      562.9305    21      580.0000      518.7306  7037378   10.56%
 199039 148859      574.3412    20      580.0000      518.8046  7108385   10.55%
 201398 150844      544.6977    37      580.0000      518.9237  7173429   10.53%
Elapsed time = 302.51 sec. (365450.67 ticks, tree = 695.41 MB, solutions = 8)
 203715 152795      565.0598    54      580.0000      519.0238  7243434   10.51%
 205845 154629      551.3036    28      580.0000      519.1293  7306948   10.49%
 208157 156610      567.6621    18      580.0000      519.2310  7379671   10.48%
 210347 158467      572.6275    21      580.0000      519.3075  7444779   10.46%
 212333 160036      546.8230    33      580.0000      519.3607  7514065   10.46%
 214526 161907      568.0292    23      580.0000      519.4477  7580925   10.44%
 216815 163865      570.0000    16      580.0000      519.5049  7646725   10.43%
 219415 166081      560.2750    20      580.0000      519.5789  7717682   10.42%
 221534 167869      565.3333    53      580.0000      519.6332  7786228   10.41%
 224206 170151      577.5889    29      580.0000      519.7639  7856285   10.39%
Elapsed time = 333.95 sec. (403762.02 ticks, tree = 826.04 MB, solutions = 8)
 226494 172055      556.1456    34      580.0000      519.8611  7924100   10.37%
 228799 173971      567.5000    30      580.0000      519.9382  7986210   10.36%
 231210 176042      566.2349    42      580.0000      520.0192  8054739   10.34%
 233467 177946      577.5000    21      580.0000      520.0970  8121525   10.33%
 235748 179791      525.5771    40      580.0000      520.1627  8184486   10.32%
 238008 181671      575.0000    17      580.0000      520.2335  8254825   10.30%
 240391 183697      575.0000    43      580.0000      520.2877  8320704   10.30%
 242592 185498      520.6298    54      580.0000      520.3640  8387450   10.28%
 245019 187511      520.7503    45      580.0000      520.4510  8454250   10.27%
 247327 189451      556.3551    39      580.0000      520.5283  8523507   10.25%
Elapsed time = 364.84 sec. (441935.52 ticks, tree = 958.15 MB, solutions = 8)
 249290 191054      565.1946    23      580.0000      520.5935  8585534   10.24%
 251526 192848      570.2140    21      580.0000      520.6455  8649884   10.23%
 253953 194896      570.0000    14      580.0000      520.7120  8718490   10.22%
 256199 196776      570.0000    14      580.0000      520.7808  8783178   10.21%
 258474 198685      569.0094    52      580.0000      520.8993  8854861   10.19%
 260593 200431      551.0000    46      580.0000      521.0116  8920624   10.17%
 262985 202479      575.0000    16      580.0000      521.0642  8990755   10.16%
 265272 204380        cutoff            580.0000      521.1703  9061613   10.14%
 267326 206144      575.0000    35      580.0000      521.2422  9125303   10.13%
 269526 207928      575.2353    20      580.0000      521.3304  9193309   10.12%
Elapsed time = 395.98 sec. (480161.73 ticks, tree = 1081.09 MB, solutions = 8)
 271549 209610      538.0513    49      580.0000      521.4150  9259802   10.10%
 273563 211262      572.5000    16      580.0000      521.4808  9326335   10.09%
 276242 213508      526.3618    53      580.0000      521.5933  9394630   10.07%
 278456 215407      571.1209    45      580.0000      521.6483  9462159   10.06%
 280677 217288      557.4489    41      580.0000      521.6947  9530703   10.05%
 283029 219251      559.2480    28      580.0000      521.7364  9596121   10.05%
 285385 221249      567.7495    20      580.0000      521.7500  9666280   10.04%
 287526 223031      576.6667     8      580.0000      521.8270  9732571   10.03%
 289822 224988      567.0000    33      580.0000      521.8742  9799695   10.02%
 292041 226871      548.8948    29      580.0000      521.8903  9865413   10.02%
Elapsed time = 427.09 sec. (518334.50 ticks, tree = 1213.48 MB, solutions = 8)
 294322 228803      565.1961    27      580.0000      521.9404  9937094   10.01%
 296362 230553      575.0000    26      580.0000      521.9733 10002369   10.00%
 298256 232177      565.1961    26      580.0000      522.0000 10073920   10.00%
 299725 233399      572.6717    31      580.0000      522.0227 10142441   10.00%
 301906 235237      567.5000    18      580.0000      522.1088 10208378    9.98%
 304265 237232      529.8063    45      580.0000      522.2069 10274761    9.96%
 306488 238997      575.3349    23      580.0000      522.2972 10338662    9.95%
 308390 240550      575.0195    13      580.0000      522.3741 10403107    9.94%
 310479 242279      575.2677    25      580.0000      522.4210 10470596    9.93%
 312731 244148      567.0000    28      580.0000      522.5099 10538902    9.91%
Elapsed time = 458.00 sec. (556494.17 ticks, tree = 1324.18 MB, solutions = 8)
 315074 246110      548.7047    37      580.0000      522.5899 10607423    9.90%
 317512 248184      562.5000    23      580.0000      522.6327 10676040    9.89%
 319585 249959      576.4609    43      580.0000      522.6745 10741811    9.88%
 321895 251894      573.3681    16      580.0000      522.7092 10808881    9.88%
 323812 253479      575.1434    27      580.0000      522.7766 10874969    9.87%
 326062 255335      560.3216    26      580.0000      522.8210 10939812    9.86%
 328329 257186      577.5000    32      580.0000      522.8836 11006270    9.85%
 330425 258870      563.4194    23      580.0000      522.9718 11068822    9.83%
 332591 260653      575.2941    41      580.0000      523.0457 11138613    9.82%
 334781 262494      540.5811    46      580.0000      523.1299 11202704    9.81%
Elapsed time = 489.24 sec. (594665.95 ticks, tree = 1450.19 MB, solutions = 8)
 337026 264251      556.2191    46      580.0000      523.2528 11270349    9.78%
 339171 266041      545.5802    31      580.0000      523.3676 11333064    9.76%
 341451 267912      572.9299    18      580.0000      523.4423 11398340    9.75%
 343541 269612      562.6863    23      580.0000      523.5205 11463771    9.74%
 345680 271373      567.3810    33      580.0000      523.6096 11528619    9.72%
 347596 272770      567.5000    38      580.0000      523.7322 11597907    9.70%
 349691 274556        cutoff            580.0000      523.7856 11667141    9.69%
 352097 276599      572.6265    17      580.0000      523.8806 11732886    9.68%
 354159 278347      578.2691    23      580.0000      523.9317 11799025    9.67%
 356724 280469        cutoff            580.0000      524.0120 11867260    9.65%
Elapsed time = 520.34 sec. (632834.72 ticks, tree = 1570.55 MB, solutions = 8)
 358918 282274      577.5000    18      580.0000      524.0921 11933362    9.64%
 361097 284040      529.8552    43      580.0000      524.1719 11997077    9.63%
 363526 286101      567.5000    22      580.0000      524.2234 12062868    9.62%
 365773 288028      550.3333    43      580.0000      524.2569 12131091    9.61%
 368012 289879      557.7480    34      580.0000      524.3176 12197420    9.60%
 370291 291843      577.5000    19      580.0000      524.3828 12264578    9.59%
 371526 292873      577.6459    29      580.0000      524.4129 12301972    9.58%
 372126 293330      573.2907    28      580.0000      524.4360 12315982    9.58%
 372626 293758      572.5000    22      580.0000      524.4428 12328595    9.58%
 373332 294367      525.2820    43      580.0000      524.4667 12346024    9.57%
Elapsed time = 554.24 sec. (672988.69 ticks, tree = 1667.56 MB, solutions = 8)
 374106 295010      562.6718    41      580.0000      524.4807 12371280    9.57%
 374626 295454      577.6463    37      580.0000      524.4882 12387915    9.57%
 375226 295926      567.5000    24      580.0000      524.5130 12405260    9.57%
 375738 296332      573.6667    31      580.0000      524.5288 12422630    9.56%
 376526 296927      577.5000    23      580.0000      524.5473 12447647    9.56%
 377326 297523      565.8125    57      580.0000      524.6000 12475185    9.55%
 378107 298154      570.5210    21      580.0000      524.6227 12504758    9.55%
 378726 298673      572.9117    29      580.0000      524.6641 12519986    9.54%
 379426 299239      565.8125    42      580.0000      524.6856 12542490    9.54%
 380091 299811      560.1765    19      580.0000      524.6990 12560755    9.53%
Elapsed time = 589.58 sec. (713000.71 ticks, tree = 1702.30 MB, solutions = 8)
 381001 300566      568.8905    22      580.0000      524.7332 12588227    9.53%
 382756 302123      531.9323    32      580.0000      524.7699 12632612    9.52%
 384765 303830      552.3612    42      580.0000      524.8256 12691945    9.51%

Clique cuts applied:  3
Cover cuts applied:  10
Implied bound cuts applied:  95
Flow cuts applied:  113
Mixed integer rounding cuts applied:  38
Zero-half cuts applied:  1
Lift and project cuts applied:  39

Root node processing (before b&c):
  Real time             =    0.68 sec. (689.67 ticks)
Sequential b&c:
  Real time             =  599.32 sec. (724299.83 ticks)
                          ------------
Total (root+branch&cut) =  600.00 sec. (724989.49 ticks)
