Tried aggregator 2 times.
MIP Presolve eliminated 470 rows and 69 columns.
MIP Presolve modified 267 coefficients.
Aggregator did 26 substitutions.
Reduced MIP has 498 rows, 846 columns, and 2958 nonzeros.
Reduced MIP has 431 binaries, 2 generals, 0 SOSs, and 0 indicators.
Presolve time = 0.01 sec. (3.99 ticks)
Found incumbent of value 2450.000000 after 0.01 sec. (7.92 ticks)
Probing time = 0.00 sec. (2.68 ticks)
Cover probing fixed 0 vars, tightened 1 bounds.
Tried aggregator 1 time.
Reduced MIP has 498 rows, 846 columns, and 2958 nonzeros.
Reduced MIP has 431 binaries, 14 generals, 0 SOSs, and 0 indicators.
Presolve time = 0.00 sec. (1.69 ticks)
Probing time = 0.00 sec. (2.65 ticks)
Clique table members: 195.
MIP emphasis: balance optimality and feasibility.
MIP search method: dynamic search.
Parallel mode: none, using 1 thread.
Root relaxation solution time = 0.01 sec. (8.87 ticks)

        Nodes                                         Cuts/
   Node  Left     Objective  IInf  Best Integer    Best Bound    ItCnt     Gap

*     0+    0                         2450.0000        0.0000      314  100.00%
      0     0      119.6831    80     2450.0000      119.6831      314   95.11%
      0     0      120.0000    80     2450.0000      Cuts: 32      506   95.10%
      0     0      181.8613    75     2450.0000      Cuts: 71      981   92.58%
      0     0      209.6831    67     2450.0000      Cuts: 51     1260   91.44%
      0     0      209.7605    71     2450.0000      Cuts: 27     1366   91.44%
      0     0      209.9517    70     2450.0000      Cuts: 25     1551   91.43%
      0     0      209.9517    69     2450.0000      Cuts: 16     1562   91.43%
      0     0      209.9517    69     2450.0000      Cuts: 18     1583   91.43%
*     0+    0                         2449.0000      209.9517     1583   91.43%
*     0+    0                          650.0000      209.9517     1583   67.70%
*     0+    0                          600.0000      209.9517     1583   65.01%
      0     2      209.9517    67      600.0000      209.9517     1583   65.01%
Elapsed time = 0.74 sec. (757.97 ticks, tree = 0.00 MB, solutions = 4)
    100    86      240.3081    52      600.0000      209.9517     5325   65.01%
    243   219      249.6261    52      600.0000      210.1338    12763   64.98%
    480   440      323.1859    47      600.0000      214.3797    17615   64.27%
*   488+  297                          550.0000      392.1978    20623   28.69%
    488   298      451.0000    65      550.0000      451.0000    25702   18.00%
    496   301      453.0000    63      550.0000      451.0000    26885   18.00%
    503   304      453.3009    62      550.0000      451.0000    28220   18.00%
    520   312      457.6940    50      550.0000      451.0000    29582   18.00%
    560   326      486.0000    28      550.0000      451.0000    33129   18.00%
    600   315      451.2896    60      550.0000      451.0000    37875   18.00%
    908   419      454.1700    55      550.0000      451.0000    57151   18.00%
Elapsed time = 5.64 sec. (6677.93 ticks, tree = 0.39 MB, solutions = 5)
   1221   583      482.0530    44      550.0000      451.0000    83738   18.00%
   1488   794      451.0000    80      550.0000      451.0000   101197   18.00%
   1775  1015      451.0000    73      550.0000      451.0000   122982   18.00%
   2090  1278      454.8765    58      550.0000      451.0000   144756   18.00%
   2442  1568      547.0000    34      550.0000      451.0000   170338   18.00%
   2848  1910      489.0388    22      550.0000      451.0156   192850   18.00%
   3223  2233      461.1583    50      550.0000      451.2862   214989   17.95%
*  3488+ 2331                          520.0000      451.2896   228865   13.21%
   3597  2430      474.0000    39      520.0000      451.2896   237270   13.21%
   4020  2788      501.0000    34      520.0000      451.2961   261392   13.21%
   4488  3173      452.2982    57      520.0000      451.3542   284670   13.20%
Elapsed time = 13.70 sec. (16499.12 ticks, tree = 1.94 MB, solutions = 6)
   4911  3534      514.0426    25      520.0000      451.3662   306852   13.20%
   5416  3954      500.1967    25      520.0000      451.4786   329815   13.18%
   5884  4363      504.0000    41      520.0000      451.4859   349842   13.18%
   6400  4808      453.7821    61      520.0000      451.4859   375118   13.18%
   6888  5221      496.0000    32      520.0000      451.5545   399014   13.16%
   7383  5649      513.2905    18      520.0000      451.5743   426535   13.16%
   7787  5998      464.2222    52      520.0000      451.5952   442938   13.15%
   8233  6368      519.0000    13      520.0000      451.6518   466763   13.14%
   8692  6769      458.0590    55      520.0000      451.6518   488797   13.14%
   9114  7130      509.0000    26      520.0000      451.7923   513918   13.12%
Elapsed time = 21.61 sec. (26121.38 ticks, tree = 4.14 MB, solutions = 6)
*  9488+ 6847                          510.0000      451.8821   533683   11.40%
   9491  6852      453.7054    64      510.0000      451.8821   533919   11.40%
   9979  7260      465.7174    51      510.0000      451.9510   560330   11.38%
  10248  7486      453.6023    55      510.0000      451.9548   571717   11.38%
  10388  7608      508.2100    29      510.0000      451.9548   578546   11.38%
  10912  8038    infeasible            510.0000      451.9742   603928   11.38%
  11372  8425      453.4871    62      510.0000      452.0000   626253   11.37%
  11693  8711      455.8390    47      510.0000      452.0000   643134   11.37%
  12100  9068      467.8052    48      510.0000      452.0000   664847   11.37%
  12461  9386      483.7752    30      510.0000      452.0000   686507   11.37%
  12791  9677      453.2066    60      510.0000      452.0000   706806   11.37%
Elapsed time = 32.42 sec. (38480.19 ticks, tree = 5.93 MB, solutions = 7)
  13258 10075      476.9103    38      510.0000      452.0000   732755   11.37%
  13679 10434      502.5407    26      510.0000      452.0000   757107   11.37%
  14155 10845        cutoff            510.0000      452.0000   781849   11.37%
  14575 11206      459.4282    48      510.0000      452.0000   804005   11.37%
  15049 11603      506.5987    19      510.0000      452.0000   828707   11.37%
  15410 11913      463.5394    67      510.0000      452.0000   850999   11.37%
  15740 12187      452.0268    73      510.0000      452.0000   868397   11.37%
  16173 12566      452.8106    65      510.0000      452.0000   890071   11.37%
  16661 12974      457.3677    42      510.0000      452.0170   914521   11.37%
  17262 13477      452.7766    57      510.0000      452.0244   940340   11.37%
Elapsed time = 40.44 sec. (48068.91 ticks, tree = 8.10 MB, solutions = 7)
  17685 13852      467.2664    42      510.0000      452.0244   961751   11.37%
  18305 14400      457.3147    48      510.0000      452.0244   988376   11.37%
  18874 14881      452.7917    63      510.0000      452.0379  1013854   11.37%
  19483 15394      495.5363    27      510.0000      452.0379  1040706   11.37%
  20014 15849      486.7208    31      510.0000      452.0407  1066043   11.36%
  20488 16261      496.0500    31      510.0000      452.0407  1086488   11.36%
  21062 16746      455.1314    51      510.0000      452.0407  1109802   11.36%
  21540 17142      457.8297    57      510.0000      452.0417  1133602   11.36%
  22028 17578      506.9636    29      510.0000      452.0450  1157173   11.36%
  22599 18074      489.0000    23      510.0000      452.0491  1182993   11.36%
Elapsed time = 48.56 sec. (57746.90 ticks, tree = 11.07 MB, solutions = 7)
  23195 18595        cutoff            510.0000      452.0520  1210018   11.36%
  23688 19031      504.0000    17      510.0000      452.0520  1228467   11.36%
  24364 19635      464.5322    41      510.0000      452.0623  1254749   11.36%
  24939 20126      462.5518    46      510.0000      452.0738  1281543   11.36%
  25621 20738      498.2038    24      510.0000      452.0862  1307205   11.36%
  26190 21233      491.0000    25      510.0000      452.0937  1332475   11.35%
  26713 21687      496.1326    21      510.0000      452.0970  1349213   11.35%
  27311 22200      489.4041    29      510.0000      452.1026  1367279   11.35%
  27929 22739      470.9046    43      510.0000      452.1132  1386047   11.35%
  28365 23099      461.8011    48      510.0000      452.1180  1402920   11.35%
Elapsed time = 56.44 sec. (67328.26 ticks, tree = 24.85 MB, solutions = 7)
  28766 23450      458.9400    45      510.0000      452.1280  1416827   11.35%
  29288 23901      452.9394    56      510.0000      452.1401  1435913   11.35%
  29824 24358      493.0000    20      510.0000      452.1438  1453880   11.34%
  30378 24843      454.0809    52      510.0000      452.1467  1472358   11.34%
  30796 25200      471.4683    38      510.0000      452.1467  1488299   11.34%
  31429 25739      459.6780    38      510.0000      452.1467  1504603   11.34%
  32017 26253      491.7412    32      510.0000      452.1584  1523950   11.34%
  32544 26711        cutoff            510.0000      452.1589  1540966   11.34%
  33018 27108      484.5779    23      510.0000      452.1617  1560590   11.34%
  33585 27585      484.5608    51      510.0000      452.1627  1581495   11.34%
Elapsed time = 64.20 sec. (76905.33 ticks, tree = 51.61 MB, solutions = 7)
  34168 28075      463.7928    46      510.0000      452.1703  1601627   11.34%
  34652 28482      487.3953    34      510.0000      452.1767  1621088   11.34%
  35187 28944      476.9013    41      510.0000      452.1853  1638955   11.34%
  35586 29291      492.0207    24      510.0000      452.1913  1651294   11.34%
  36010 29648      506.2195    21      510.0000      452.1948  1670407   11.33%
  36512 30076      453.5695    54      510.0000      452.2119  1688767   11.33%
  36999 30480      488.0000    21      510.0000      452.2132  1707351   11.33%
  37440 30858      453.8450    51      510.0000      452.2376  1727046   11.33%
  37880 31226      456.2250    56      510.0000      452.2423  1745670   11.33%
  38355 31624      506.6011    24      510.0000      452.2467  1765165   11.32%
Elapsed time = 71.92 sec. (86465.88 ticks, tree = 76.45 MB, solutions = 7)
  38718 31932      466.3238    57      510.0000      452.2551  1778240   11.32%
  39177 32325      463.1229    54      510.0000      452.2592  1797130   11.32%
  39776 32863      462.7409    50      510.0000      452.2651  1816368   11.32%
  40343 33348      468.3795    43      510.0000      452.2711  1836209   11.32%
  40834 33763      455.0077    57      510.0000      452.2804  1854873   11.32%
  41381 34221      455.9093    45      510.0000      452.2882  1873544   11.32%
  41772 34554      454.2783    54      510.0000      452.2929  1892037   11.32%
  42338 35050      480.0071    30      510.0000      452.2958  1910017   11.31%
  42767 35415      496.2048    27      510.0000      452.2979  1924753   11.31%
  44923 37303      484.2389    37      510.0000      452.3104  1997254   11.31%
Elapsed time = 81.89 sec. (98879.10 ticks, tree = 112.56 MB, solutions = 7)
  46881 38973      500.2986    47      510.0000      452.3522  2067994   11.30%
  49054 40840      452.6995    65      510.0000      452.3885  2143686   11.30%
  51118 42565      458.3032    49      510.0000      452.4169  2218900   11.29%
  53128 44311      454.5163    54      510.0000      452.4222  2289571   11.29%
  55318 46238      502.1887    20      510.0000      452.4222  2363303   11.29%
  57218 47847      461.0886    51      510.0000      452.4755  2433214   11.28%
  59413 49761      482.1437    34      510.0000      452.5004  2507699   11.27%
  61485 51552      465.1812    50      510.0000      452.5211  2578101   11.27%
  63482 53239      461.8698    55      510.0000      452.5372  2649790   11.27%
  65572 55040      488.2368    26      510.0000      452.5524  2720560   11.26%
Elapsed time = 112.14 sec. (137042.53 ticks, tree = 231.81 MB, solutions = 7)
  67663 56855      453.3449    54      510.0000      452.5602  2795712   11.26%
  69517 58419      478.4250    39      510.0000      452.5804  2868125   11.26%
  71494 60129      459.5548    52      510.0000      452.5862  2942441   11.26%
  73430 61777      495.6603    28      510.0000      452.6015  3010400   11.25%
  75701 63750      470.0899    39      510.0000      452.6054  3087104   11.25%
  77832 65591      495.8852    35      510.0000      452.6270  3158895   11.25%
  80023 67507      508.1060    30      510.0000      452.6478  3232632   11.25%
  82175 69373      454.8309    50      510.0000      452.6561  3302948   11.24%
  84309 71204      475.4685    30      510.0000      452.6771  3369549   11.24%
  86656 73243      502.0000    26      510.0000      452.6989  3446455   11.24%
Elapsed time = 142.20 sec. (175206.59 ticks, tree = 351.91 MB, solutions = 7)
  88794 75147      453.6145    54      510.0000      452.6989  3519375   11.24%
  90865 76946      479.3475    28      510.0000      452.6997  3593374   11.24%
  92795 78632      453.7435    57      510.0000      452.7032  3663664   11.23%
  94684 80262      464.1474    49      510.0000      452.7032  3730262   11.23%
  96890 82139      454.0871    60      510.0000      452.7108  3806931   11.23%
  98953 83912      490.7248    25      510.0000      452.7156  3880680   11.23%
 101128 85794      454.8376    54      510.0000      452.7219  3956083   11.23%
 103203 87535      462.4794    58      510.0000      452.7400  4032824   11.23%
*104488+71161                          500.0000      452.7523  4074138    9.45%
 105170 71723      468.6367    35      500.0000      452.7590  4097840    9.45%
 107152 73367      498.9286    29      500.0000      452.7708  4167534    9.45%
Elapsed time = 172.27 sec. (213379.30 ticks, tree = 366.56 MB, solutions = 8)
 109065 74975      469.9252    48      500.0000      452.7766  4235978    9.44%
 111244 76764      463.8167    38      500.0000      452.7798  4305482    9.44%
 113460 78586      494.6736    24      500.0000      452.7798  4380724    9.44%
 115288 80107      464.3241    43      500.0000      452.7859  4445284    9.44%
 117402 81861        cutoff            500.0000      452.7925  4517955    9.44%
 119208 83348      454.8031    53      500.0000      452.7950  4589285    9.44%
 121370 85176      453.5153    54      500.0000      452.7950  4666241    9.44%
 123422 86912      461.3886    47      500.0000      452.7983  4737236    9.44%
 125286 88475      475.9674    43      500.0000      452.8015  4807467    9.44%
 127488 90313      494.4575    25      500.0000      452.8077  4879703    9.44%
Elapsed time = 202.47 sec. (251696.70 ticks, tree = 481.63 MB, solutions = 8)
 129594 92062      498.3635    23      500.0000      452.8156  4950201    9.44%
 131756 93885      457.7368    46      500.0000      452.8316  5016544    9.43%
 134065 95852      485.6893    37      500.0000      452.8349  5084960    9.43%
 136488 97938      453.6879    52      500.0000      452.8442  5154416    9.43%
 138492 99598      496.0000    31      500.0000      452.8542  5223267    9.43%
 140694 101392      486.8961    31      500.0000      452.8619  5288743    9.43%
 142925 103263      454.8911    48      500.0000      452.8751  5358824    9.42%
 144930 104959      453.7473    69      500.0000      452.8870  5425040    9.42%
 147277 106969      471.7481    48      500.0000      452.8945  5497551    9.42%
 149269 108636      454.1767    55      500.0000      452.9114  5566098    9.42%
Elapsed time = 232.21 sec. (289860.52 ticks, tree = 601.39 MB, solutions = 8)
 151546 110547      498.9967    26      500.0000      452.9147  5637716    9.42%
 154046 112675      496.7742    28      500.0000      452.9194  5709558    9.42%
 156284 114593      488.0861    31      500.0000      452.9210  5779559    9.42%
 158399 116398      460.1760    44      500.0000      452.9243  5844654    9.42%
 160765 118436      455.6227    50      500.0000      452.9296  5919212    9.41%
 162858 120187        cutoff            500.0000      452.9414  5989663    9.41%
 164931 121932      486.4155    27      500.0000      452.9504  6060233    9.41%
 167166 123799      494.2650    29      500.0000      452.9599  6137316    9.41%
 169318 125605      496.7844    30      500.0000      452.9646  6207562    9.41%
 171329 127282      454.5445    56      500.0000      452.9720  6280178    9.41%
Elapsed time = 261.93 sec. (328020.38 ticks, tree = 726.97 MB, solutions = 8)
 173655 129248      477.8476    35      500.0000      452.9801  6350182    9.40%
 175497 130758      498.7349    27      500.0000      452.9870  6420453    9.40%
 177888 132757        cutoff            500.0000      452.9971  6497301    9.40%
 179958 134534      453.6418    52      500.0000      453.0000  6572811    9.40%
 181747 136111      456.6462    64      500.0000      453.0000  6643665    9.40%
 183488 137612      461.8373    50      500.0000      453.0000  6714680    9.40%
 185274 139159      453.1461    57      500.0000      453.0012  6781149    9.40%
 187476 141023      468.5442    42      500.0000      453.0184  6852018    9.40%
 189738 142913      453.9099    51      500.0000      453.0257  6924617    9.39%
 191867 144674      453.9548    59      500.0000      453.0341  6991212    9.39%
Elapsed time = 291.82 sec. (366297.13 ticks, tree = 854.70 MB, solutions = 8)
 194137 146592      492.2817    27      500.0000      453.0382  7067238    9.39%
 196396 148509      473.7465    44      500.0000      453.0434  7142681    9.39%
 198525 150295      492.0786    18      500.0000      453.0500  7211277    9.39%
 200924 152336      453.8954    55      500.0000      453.0511  7278760    9.39%
 203087 154139      464.9822    39      500.0000      453.0598  7348201    9.39%
 205220 155931      496.3062    29      500.0000      453.0671  7415458    9.39%
 207440 157813      496.0000    25      500.0000      453.0734  7488571    9.39%
 209467 159509        cutoff            500.0000      453.0771  7562826    9.38%
 211457 161142      456.8611    55      500.0000      453.0840  7632988    9.38%
 213488 162834      459.2216    48      500.0000      453.0914  7705912    9.38%
Elapsed time = 321.88 sec. (404641.66 ticks, tree = 982.72 MB, solutions = 8)
 215842 164789      498.7366    22      500.0000      453.1021  7778402    9.38%
*217846 123040      integral     0      490.0000      453.1131  7847646    7.53%
 220156 124876      469.0835    32      490.0000      453.1237  7914426    7.53%
 222511 126746      454.6315    48      490.0000      453.1335  7985127    7.52%
 224942 128656      461.7425    46      490.0000      453.1424  8056426    7.52%
 227247 130507      454.3898    56      490.0000      453.1506  8124720    7.52%
 229590 132401      453.5103    66      490.0000      453.1626  8192175    7.52%
 231972 134283      486.4755    34      490.0000      453.1718  8263837    7.52%
 234118 135969      458.1779    54      490.0000      453.1804  8332759    7.51%
 236487 137849      453.8728    58      490.0000      453.1941  8400182    7.51%
Elapsed time = 351.82 sec. (442755.15 ticks, tree = 842.49 MB, solutions = 9)
 238564 139536      488.1641    27      490.0000      453.1963  8464582    7.51%
 240598 141136      474.1737    36      490.0000      453.1996  8535172    7.51%
 242794 142885      468.7500    36      490.0000      453.1996  8607077    7.51%
 244949 144626      454.0862    59      490.0000      453.2007  8679906    7.51%
 246923 146201      481.8250    28      490.0000      453.2028  8749665    7.51%
 248795 147689      480.7492    39      490.0000      453.2077  8812625    7.51%
 250808 149272      488.1623    21      490.0000      453.2145  8877521    7.51%
 252494 150561      470.9404    41      490.0000      453.2268  8936563    7.50%
 254616 152222      472.5634    44      490.0000      453.2371  9004674    7.50%
 256513 153685      485.3353    31      490.0000      453.2474  9068784    7.50%
Elapsed time = 381.80 sec. (480918.53 ticks, tree = 955.28 MB, solutions = 9)
 258720 155442      466.0635    43      490.0000      453.2531  9139665    7.50%
 260868 157128        cutoff            490.0000      453.2628  9211095    7.50%
 263030 158843      454.3791    59      490.0000      453.2652  9281947    7.50%
 265150 160556      466.4799    51      490.0000      453.2691  9345417    7.50%
 267429 162334      478.3004    35      490.0000      453.2750  9414220    7.49%
 269268 163740        cutoff            490.0000      453.2785  9482786    7.49%
 271127 165166      488.7016    29      490.0000      453.2822  9545782    7.49%
 272957 166566      459.7498    38      490.0000      453.2883  9609942    7.49%
 275137 168323      488.2567    32      490.0000      453.2938  9679486    7.49%
 277343 170043        cutoff            490.0000      453.3035  9748942    7.49%
Elapsed time = 411.50 sec. (519086.88 ticks, tree = 1073.45 MB, solutions = 9)
 279454 171715      457.3375    45      490.0000      453.3191  9816429    7.49%
 281331 173188      473.7316    45      490.0000      453.3231  9879932    7.49%
 283399 174810      466.8309    34      490.0000      453.3281  9947515    7.48%
 285420 176417      455.7741    47      490.0000      453.3303 10013773    7.48%
 287401 177963      455.7753    64      490.0000      453.3313 10079559    7.48%
 289336 179469      458.8012    47      490.0000      453.3381 10144539    7.48%
 291514 181182      463.9022    48      490.0000      453.3425 10212292    7.48%
 293453 182660      459.8787    47      490.0000      453.3484 10277044    7.48%
 295619 184342      485.1377    29      490.0000      453.3532 10346478    7.48%
 297626 185873      465.1035    52      490.0000      453.3559 10408234    7.48%
Elapsed time = 441.19 sec. (557262.14 ticks, tree = 1193.53 MB, solutions = 9)
 299693 187500      456.9278    46      490.0000      453.3644 10478194    7.48%
 301926 189258      488.0000    19      490.0000      453.3706 10549090    7.48%
 303864 190762      466.9428    37      490.0000      453.3761 10613909    7.47%
 305926 192329      453.3815    55      490.0000      453.3815 10682861    7.47%
 307831 193800      478.6540    31      490.0000      453.3836 10747362    7.47%
 309645 195202      464.1765    45      490.0000      453.3855 10809479    7.47%
 311786 196850      486.7322    20      490.0000      453.3951 10876996    7.47%
 313702 198297      468.2428    35      490.0000      453.3987 10942351    7.47%
 315777 199922      486.4821    20      490.0000      453.4036 11007544    7.47%
 317958 201589      477.5530    36      490.0000      453.4084 11077004    7.47%
Elapsed time = 470.83 sec. (595420.99 ticks, tree = 1317.14 MB, solutions = 9)
 320027 203213      488.3987    40      490.0000      453.4084 11148389    7.47%
 321797 204567      467.6499    53      490.0000      453.4117 11211472    7.47%
 323841 206125      466.9955    40      490.0000      453.4182 11280878    7.47%
 325661 207516      456.9019    56      490.0000      453.4225 11342580    7.46%
 327518 208916        cutoff            490.0000      453.4284 11410704    7.46%
 329598 210547      484.7517    28      490.0000      453.4325 11477836    7.46%
 331486 211981      486.0595    23      490.0000      453.4360 11544902    7.46%
 333321 213373        cutoff            490.0000      453.4414 11609065    7.46%
 335258 214859      454.6885    57      490.0000      453.4476 11679691    7.46%
 337468 216530      466.5932    35      490.0000      453.4532 11749268    7.46%
Elapsed time = 500.94 sec. (633588.01 ticks, tree = 1429.31 MB, solutions = 9)
 339696 218211      475.9918    46      490.0000      453.4578 11817770    7.46%
 341916 220024      461.8404    45      490.0000      453.4604 11877956    7.46%
 343918 221605      485.1063    31      490.0000      453.4666 11943763    7.46%
 345793 223088      458.3296    50      490.0000      453.4718 12002080    7.45%
 347748 224588      454.6399    58      490.0000      453.4788 12066178    7.45%
 349442 225874      468.9802    42      490.0000      453.4852 12126782    7.45%
 351367 227347      457.7198    47      490.0000      453.4879 12193506    7.45%
 353300 228860      483.9940    26      490.0000      453.4928 12256070    7.45%
 355312 230379      487.1390    26      490.0000      453.4981 12323504    7.45%
 357328 231937      488.3599    18      490.0000      453.5041 12390949    7.45%
Elapsed time = 530.51 sec. (671748.38 ticks, tree = 1545.27 MB, solutions = 9)
 359111 233298      460.1898    47      490.0000      453.5123 12455111    7.45%
 361318 235014      459.3700    44      490.0000      453.5179 12524239    7.45%
 363252 236491      470.5088    34      490.0000      453.5270 12593942    7.44%
 364188 237204      484.4628    35      490.0000      453.5325 12623865    7.44%
 364888 237746      486.3205    27      490.0000      453.5349 12643191    7.44%
 365388 238127      454.6237    51      490.0000      453.5379 12661681    7.44%
 365688 238369      488.0845    23      490.0000      453.5400 12672976    7.44%
 365988 238603      460.4092    48      490.0000      453.5403 12683271    7.44%
 366688 239163      488.5137    30      490.0000      453.5418 12710318    7.44%
 366988 239388      483.1094    24      490.0000      453.5418 12721030    7.44%
Elapsed time = 566.74 sec. (716036.59 ticks, tree = 1597.39 MB, solutions = 9)
 367470 239796      453.6356    67      490.0000      453.5418 12740836    7.44%
 367688 239971      454.5046    47      490.0000      453.5418 12749023    7.44%
 368188 240367      461.5808    39      490.0000      453.5418 12765636    7.44%
 368688 240759      455.5119    51      490.0000      453.5423 12781562    7.44%
 369288 241207      488.3737    27      490.0000      453.5424 12802846    7.44%
 369688 241500      454.5897    49      490.0000      453.5444 12815692    7.44%
 371054 242581      466.5803    34      490.0000      453.5467 12860681    7.44%
 372920 244093      487.5584    32      490.0000      453.5467 12924475    7.44%
 374789 245611      484.7405    31      490.0000      453.5467 12988208    7.44%
 376669 247126      454.7405    58      490.0000      453.5467 13053222    7.44%
Elapsed time = 599.86 sec. (756979.28 ticks, tree = 1653.65 MB, solutions = 9)

GUB cover cuts applied:  5
Cover cuts applied:  21
Implied bound cuts applied:  54
Flow cuts applied:  128
Mixed integer rounding cuts applied:  26
Zero-half cuts applied:  5
Lift and project cuts applied:  42

Root node processing (before b&c):
  Real time             =    0.74 sec. (757.99 ticks)
Sequential b&c:
  Real time             =  599.26 sec. (756449.86 ticks)
                          ------------
Total (root+branch&cut) =  600.00 sec. (757207.84 ticks)
