Tried aggregator 2 times.
MIP Presolve eliminated 1093 rows and 257 columns.
MIP Presolve modified 256 coefficients.
Aggregator did 34 substitutions.
Reduced MIP has 1171 rows, 1996 columns, and 7317 nonzeros.
Reduced MIP has 1064 binaries, 2 generals, 0 SOSs, and 0 indicators.
Presolve time = 0.01 sec. (8.58 ticks)
Found incumbent of value 4050.000000 after 0.02 sec. (20.69 ticks)
Probing fixed 0 vars, tightened 2 bounds.
Probing time = 0.02 sec. (12.14 ticks)
Tried aggregator 2 times.
MIP Presolve eliminated 2 rows and 2 columns.
Aggregator did 5 substitutions.
Reduced MIP has 1164 rows, 1989 columns, and 7303 nonzeros.
Reduced MIP has 1062 binaries, 14 generals, 0 SOSs, and 0 indicators.
Presolve time = 0.01 sec. (6.05 ticks)
Probing time = 0.00 sec. (2.88 ticks)
Clique table members: 4763.
MIP emphasis: balance optimality and feasibility.
MIP search method: dynamic search.
Parallel mode: none, using 1 thread.
Root relaxation solution time = 0.03 sec. (40.79 ticks)

        Nodes                                         Cuts/
   Node  Left     Objective  IInf  Best Integer    Best Bound    ItCnt     Gap

*     0+    0                         4050.0000        0.0000      840  100.00%
      0     0       92.3941   146     4050.0000       92.3941      840   97.72%
      0     0       94.0356   133     4050.0000      Cuts: 45     1143   97.68%
      0     0      172.8668   143     4050.0000     Cuts: 101     1790   95.73%
      0     0      180.9826   132     4050.0000      Cuts: 76     2283   95.53%
*     0+    0                         1300.0000      180.9826     2283   86.08%
*     0+    0                         1240.0000      180.9826     2283   85.40%
      0     0      181.2430   127     1240.0000      Cuts: 31     2459   85.38%
      0     0      183.1039   129     1240.0000      Cuts: 86     2579   85.23%
      0     0      183.1046   124     1240.0000      Cuts: 29     2956   85.23%
      0     0      183.1046   120     1240.0000       Cuts: 7     3034   85.23%
      0     2      183.1046   116     1240.0000      185.6618     3034   85.03%
Elapsed time = 0.90 sec. (1141.40 ticks, tree = 0.00 MB, solutions = 3)
     22    24      199.9676   100     1240.0000      186.0057     6047   85.00%
     70    72      232.0012    74     1240.0000      186.0057     8510   85.00%
     93    95      472.2619    52     1240.0000      186.0057    10819   85.00%
    122   124      288.7556    48     1240.0000      186.0057    12876   85.00%
    174   176      301.7056    49     1240.0000      186.0057    15636   85.00%
    214   216      600.0000    28     1240.0000      186.0057    19046   85.00%
    262   264      636.7215    27     1240.0000      186.0057    23363   85.00%
*   302+  291                         1210.0000      186.0057    27210   84.63%
    302   293      186.0057   111     1210.0000      186.0057    27210   84.63%
    312   303      372.0000    37     1210.0000      186.0057    30271   84.63%
*   462+  301                         1150.0000      266.4639    44468   76.83%
*   462+  200                         1090.0000      266.4639    44468   75.55%
*   462+  133                         1020.0000      266.4639    44468   73.88%
    462   134      533.0413   120     1020.0000      534.8849    54735   47.56%
Elapsed time = 6.96 sec. (9070.77 ticks, tree = 1.47 MB, solutions = 7)
    476   141      567.0000    96     1020.0000      540.5614    55932   47.00%
    488   149      822.2961    62     1020.0000      540.5614    59179   47.00%
    530   156      988.0000    41     1020.0000      540.5614    64308   47.00%
    637   181      963.8042    18     1020.0000      542.7073    74709   46.79%
    772   244      993.3333    34     1020.0000      550.1116    84486   46.07%
    925   375      977.4445    42     1020.0000      562.4359    94621   44.86%
   1062   484      916.9351    53     1020.0000      582.1911   106621   42.92%
   1172   584     1007.4035    12     1020.0000      582.1911   119329   42.92%
   1359   744     1001.0000    23     1020.0000      595.6229   128234   41.61%
   1534   893      955.0000    23     1020.0000      618.5979   137801   39.35%
Elapsed time = 14.17 sec. (18799.10 ticks, tree = 11.47 MB, solutions = 7)
   1688  1024     1008.0000    39     1020.0000      619.6005   147882   39.25%
   1837  1147      822.3939    50     1020.0000      660.0331   157001   35.29%
   2022  1310      741.4567    68     1020.0000      667.1906   166903   34.59%
   2143  1419      815.6763    55     1020.0000      667.6477   179604   34.54%
   2451  1710     1018.0000    36     1020.0000      683.2962   189472   33.01%
   2666  1905      955.0000    17     1020.0000      733.1251   200545   28.12%
   2854  2074      931.5724    62     1020.0000      741.4567   212774   27.31%
   3144  2338      951.5535    49     1020.0000      812.9081   222905   20.30%
   3410  2570     1000.0000    29     1020.0000      812.9081   233616   20.30%
   3727  2840      960.0000    14     1020.0000      812.9162   245590   20.30%
Elapsed time = 21.56 sec. (28501.01 ticks, tree = 42.31 MB, solutions = 7)
   3953  3049      953.8355    27     1020.0000      813.1933   258477   20.28%
   4236  3300      977.0559    36     1020.0000      813.1933   269589   20.28%
*  4462+ 2495                         1000.0000      813.1933   276301   18.68%
   4522  2553      973.9167    16     1000.0000      813.1933   279095   18.68%
   4814  2816      981.0000    34     1000.0000      813.1933   288681   18.68%
   5101  3078      953.7089    18     1000.0000      813.1933   298204   18.68%
   5455  3404      954.8928    26     1000.0000      813.1933   307966   18.68%
   5735  3665      917.7112    44     1000.0000      813.1933   317738   18.68%
   6077  3990      955.6585    21     1000.0000      813.1933   327214   18.68%
   6361  4252      951.5551    49     1000.0000      813.1933   337066   18.68%
*  6462+ 3267                          980.0000      813.1933   340139   17.02%
*  6462+ 3012                          970.0000      813.1933   340139   16.17%
   6581  3126      953.7418    21      970.0000      813.6768   343816   16.12%
Elapsed time = 28.95 sec. (38143.60 ticks, tree = 50.96 MB, solutions = 10)
   6897  3412      966.6667    21      970.0000      813.6768   353422   16.12%
   7275  3741        cutoff            970.0000      813.8723   363469   16.10%
   7608  4038        cutoff            970.0000      814.5438   369536   16.03%
   8016  4407      957.8354    36      970.0000      815.6763   379851   15.91%
   8262  4633      956.6667    37      970.0000      815.6763   390055   15.91%
   8451  4810      958.0000    31      970.0000      815.6763   400700   15.91%
   8637  4985      918.4164    71      970.0000      815.6763   408004   15.91%
   8812  5135      918.2360    50      970.0000      815.6763   417623   15.91%
   9021  5328      953.7089    35      970.0000      815.6763   426029   15.91%
   9320  5606      920.5000    24      970.0000      815.6763   434521   15.91%
Elapsed time = 36.44 sec. (47755.31 ticks, tree = 88.08 MB, solutions = 10)
   9588  5859      957.8354    29      970.0000      815.6763   442543   15.91%
   9712  5977      824.7952    65      970.0000      815.6763   445989   15.91%
   9965  6186      930.4558    55      970.0000      815.6763   455519   15.91%
  10306  6507      957.8354    32      970.0000      815.6763   465728   15.91%
  10522  6692      960.6491    29      970.0000      815.6763   474239   15.91%
  10805  6951      918.2360    73      970.0000      816.0000   486217   15.88%
  11072  7201      953.7089    21      970.0000      816.0000   495644   15.88%
  11324  7415      816.0000    55      970.0000      816.0000   505668   15.88%
  11462  7531      953.7089    44      970.0000      816.0000   516787   15.88%
  11710  7749        cutoff            970.0000      816.0000   526625   15.88%
Elapsed time = 44.11 sec. (57570.82 ticks, tree = 120.78 MB, solutions = 10)
  11936  7955      920.5000    55      970.0000      817.0655   536233   15.77%
  12287  8293      960.0000    10      970.0000      817.3416   545729   15.74%
  12512  8508      963.7213    38      970.0000      817.3416   554887   15.74%
  12827  8801      960.7249    18      970.0000      817.3416   564433   15.74%
  13072  9017      920.5000    23      970.0000      817.9523   574244   15.68%
  13358  9282      920.5000    50      970.0000      817.9557   583053   15.67%
  13587  9498      953.7089    26      970.0000      817.9557   590587   15.67%
  13857  9747      964.5727    18      970.0000      817.9557   599528   15.67%
  14062  9927      953.7089    28      970.0000      817.9557   608478   15.67%
  14382 10220      957.5515    31      970.0000      817.9557   618119   15.67%
Elapsed time = 51.59 sec. (67222.50 ticks, tree = 158.85 MB, solutions = 10)
  14602 10420      953.7089    33      970.0000      817.9557   626495   15.67%
  14797 10586      961.0900    21      970.0000      818.0759   636884   15.66%
  15082 10839      953.7089    18      970.0000      818.0759   646265   15.66%
  15326 11065        cutoff            970.0000      818.2772   657122   15.64%
  15654 11369      957.8633    38      970.0000      818.2772   664982   15.64%
  15977 11658        cutoff            970.0000      818.2772   676325   15.64%
  16308 11952      956.6667    25      970.0000      818.3842   685546   15.63%
  16681 12303      953.7418    24      970.0000      818.3842   694821   15.63%
  16983 12587      960.6667    11      970.0000      818.3842   705330   15.63%
  17269 12842      920.5000    26      970.0000      822.0000   716122   15.26%
Elapsed time = 59.04 sec. (76785.08 ticks, tree = 203.67 MB, solutions = 10)
  17556 13114      956.6667    39      970.0000      822.0000   723387   15.26%
  17833 13363      921.1036    43      970.0000      822.0000   732290   15.26%
  18149 13645      928.2274    44      970.0000      822.0000   741306   15.26%
  18463 13924      921.1036    28      970.0000      822.2961   750373   15.23%
  18681 14130      931.7141    39      970.0000      822.2961   760571   15.23%
  19135 14551      955.9031    24      970.0000      822.3939   769099   15.22%
  19462 14839      953.7418    39      970.0000      822.3939   777673   15.22%
  19874 15239      955.0000    12      970.0000      822.3939   787784   15.22%
  20131 15459      968.7819    43      970.0000      823.6707   796324   15.09%
  20392 15666      949.6292    47      970.0000      824.4527   807372   15.00%
Elapsed time = 66.56 sec. (86410.00 ticks, tree = 250.88 MB, solutions = 10)
  20634 15878      953.7089    26      970.0000      825.6081   815853   14.89%
  20909 16111      951.0321    50      970.0000      827.1902   825195   14.72%
  21134 16287      956.5029    58      970.0000      828.7816   836700   14.56%
  21368 16491      961.0000    25      970.0000      829.2812   846289   14.51%
  21551 16651      829.9586    56      970.0000      829.2859   856383   14.51%
  21880 16955      960.0000    24      970.0000      840.1430   864936   13.39%
  22030 17012      954.4614    49      970.0000      850.3454   875604   12.34%
  22249 17112      948.0290    28      970.0000      864.8755   884428   10.84%
  22367 17190      931.4115    63      970.0000      865.3377   895118   10.79%
  23249 17842      954.1744    28      970.0000      872.2474   930978   10.08%
Elapsed time = 76.27 sec. (98957.13 ticks, tree = 279.13 MB, solutions = 10)
  24025 18329      965.7508    54      970.0000      892.2392   968893    8.02%
  25271 19435      955.0000    54      970.0000      897.1966  1003446    7.51%
  26462 20478      954.0857    32      970.0000      915.5340  1040899    5.62%
  27696 21608      960.4510     9      970.0000      916.3803  1080673    5.53%
  29085 22891      951.5150    54      970.0000      916.5043  1120633    5.52%
  30455 24139      956.6667    21      970.0000      916.9351  1164041    5.47%
  31704 25279      964.1351    38      970.0000      916.9351  1202942    5.47%
  33064 26542      957.5268    25      970.0000      916.9351  1242061    5.47%
  34433 27760      966.7107    21      970.0000      916.9351  1282354    5.47%
  35887 29050      956.6667    46      970.0000      916.9351  1318331    5.47%
Elapsed time = 106.05 sec. (137199.30 ticks, tree = 440.83 MB, solutions = 10)
  37636 30642      959.3622    47      970.0000      916.9351  1351771    5.47%
  39161 32029      954.9582    26      970.0000      916.9351  1393092    5.47%
  40776 33527        cutoff            970.0000      916.9351  1429306    5.47%
  42359 34998      953.7418    32      970.0000      916.9351  1472582    5.47%
  43591 36117      917.5392    61      970.0000      916.9351  1511905    5.47%
  45130 37536      953.7418    35      970.0000      916.9368  1553748    5.47%
  46462 38788      958.0802    37      970.0000      916.9368  1594595    5.47%
  47762 39966      957.0724    35      970.0000      916.9843  1631794    5.47%
  49462 41516      953.7418    39      970.0000      917.4716  1670132    5.42%
  51118 43038        cutoff            970.0000      917.4716  1714660    5.42%
Elapsed time = 135.77 sec. (175615.92 ticks, tree = 673.07 MB, solutions = 10)
  52747 44518      953.7418    23      970.0000      917.4716  1751142    5.42%
  54462 46121      957.4794    26      970.0000      917.4716  1791221    5.42%
  56165 47698      917.7112    51      970.0000      917.4716  1835518    5.42%
  57816 49225      960.0000    40      970.0000      917.4716  1876900    5.42%
  59602 50902      958.4522    28      970.0000      917.4716  1918380    5.42%
  61280 52430      956.7551    27      970.0000      917.4716  1956626    5.42%
  62832 53857        cutoff            970.0000      917.4720  1997780    5.42%
  64700 55572      957.0724    33      970.0000      917.4964  2031508    5.41%
  66338 57095      951.5150    53      970.0000      917.5392  2073088    5.41%
  67901 58532      966.7138    13      970.0000      917.5392  2112512    5.41%
Elapsed time = 165.31 sec. (213880.33 ticks, tree = 939.77 MB, solutions = 10)
  69658 60143      953.7089    30      970.0000      917.5392  2146044    5.41%
  71684 62068      966.6667    18      970.0000      917.5468  2184704    5.41%
  73767 63983      957.4794    40      970.0000      917.6488  2221748    5.40%
  75476 65559      960.0000    13      970.0000      917.6527  2266044    5.40%
  77214 67145      954.7989    41      970.0000      917.6811  2308675    5.39%
  78821 68657      966.6667    17      970.0000      917.7112  2353741    5.39%
  80392 70055      917.7112    56      970.0000      917.7112  2399132    5.39%
  81616 71182      960.0000     8      970.0000      917.7112  2437869    5.39%
  82872 72328      963.3333    41      970.0000      917.7188  2479709    5.39%
  84339 73659        cutoff            970.0000      917.7360  2524738    5.39%
Elapsed time = 195.08 sec. (252066.56 ticks, tree = 1189.11 MB, solutions = 10)
  85589 74787      957.5292    20      970.0000      918.2360  2561892    5.34%
  86942 76010      951.9147    38      970.0000      918.2360  2604149    5.34%
  88269 77225      953.7634    50      970.0000      918.4164  2641454    5.32%
  89752 78579      951.5549    65      970.0000      918.4164  2685070    5.32%
  91090 79795        cutoff            970.0000      918.4385  2723047    5.32%
  92359 80933      954.0857    38      970.0000      918.5342  2762157    5.31%
  93602 82075      960.3290    43      970.0000      918.5342  2802264    5.31%
  94962 83304      963.4728    23      970.0000      918.5342  2844026    5.31%
  96105 84359      963.3333    20      970.0000      918.5342  2885150    5.31%
  97246 85410      958.0000    27      970.0000      918.5342  2929568    5.31%
Elapsed time = 224.64 sec. (290273.23 ticks, tree = 1364.72 MB, solutions = 10)
  98388 86456      960.0000    29      970.0000      918.5342  2972540    5.31%
  99573 87518      954.3515    44      970.0000      918.5342  3006497    5.31%
 100955 88803      960.0000    28      970.0000      918.5342  3046318    5.31%
 102002 89720      918.5554    54      970.0000      918.5342  3085601    5.31%
 103186 90822      961.1687    21      970.0000      918.5342  3130136    5.31%
 104473 91994      921.1036    48      970.0000      918.5342  3169057    5.31%
 105637 93067      954.0857    24      970.0000      918.5342  3210530    5.31%
 107042 94343      954.0857    31      970.0000      918.5342  3249613    5.31%
 108281 95479      960.0000    18      970.0000      918.5414  3290305    5.31%
 109490 96583      925.4382    45      970.0000      918.5540  3331338    5.30%
Elapsed time = 254.17 sec. (328506.03 ticks, tree = 1523.50 MB, solutions = 10)
 110644 97632      954.0857    51      970.0000      918.5540  3374103    5.30%
 111816 98705      960.0000    15      970.0000      918.5540  3415227    5.30%
 112958 99753      960.0000    28      970.0000      918.5540  3454176    5.30%
 114282 100970      956.8305    38      970.0000      918.5540  3491965    5.30%
 115662 102256      963.3333    31      970.0000      918.5540  3540656    5.30%
 116981 103476      960.0000    16      970.0000      918.5540  3580951    5.30%
 118249 104662      954.0857    54      970.0000      918.5540  3619517    5.30%
 119462 105739      960.0000    26      970.0000      918.5554  3656379    5.30%
 120829 106995      957.4300    30      970.0000      918.5554  3699582    5.30%
 121933 107991      960.0000    26      970.0000      918.5605  3737657    5.30%
Elapsed time = 284.50 sec. (366884.26 ticks, tree = 1694.21 MB, solutions = 10)
 123281 109222      956.6667    34      970.0000      918.5905  3775998    5.30%
 124702 110488      962.8014    27      970.0000      918.5905  3813571    5.30%
 125856 111534      963.5268    39      970.0000      918.5905  3853853    5.30%
 127023 112587      956.6667    24      970.0000      918.6525  3895698    5.29%
 128307 113752      954.0857    35      970.0000      918.7162  3937009    5.29%
 129320 114659      956.8911    31      970.0000      918.7398  3977541    5.28%
 130579 115804      954.5267    58      970.0000      918.7398  4015119    5.28%
 131922 117045      956.6667    34      970.0000      918.7398  4054957    5.28%
 133471 118415      960.4605    29      970.0000      918.7398  4094106    5.28%
 135090 119885      956.6667    34      970.0000      918.7398  4136377    5.28%
Elapsed time = 314.70 sec. (405075.42 ticks, tree = 1902.09 MB, solutions = 10)
 136500 121199      952.3425    60      970.0000      918.7417  4174694    5.28%
 137717 122308      952.3654    42      970.0000      918.7475  4216086    5.28%
 139238 123690      960.0000    34      970.0000      918.7575  4256448    5.28%
 140587 124928      956.6667    34      970.0000      918.7689  4292953    5.28%
 142025 126253      957.0511    17      970.0000      918.7689  4332563    5.28%
 143662 127727      960.3624    34      970.0000      918.7710  4370134    5.28%
 145180 129109      960.0000    24      970.0000      918.7887  4410695    5.28%
 146512 130317      960.0000    23      970.0000      918.7887  4449702    5.28%
 148074 131761      957.2519    37      970.0000      918.7887  4487186    5.28%
 149562 133128      956.6667    21      970.0000      918.8248  4520604    5.28%
Elapsed time = 346.33 sec. (443271.01 ticks, tree = 2124.41 MB, solutions = 10)
Nodefile size = 77.26 MB (56.22 MB after compression)
 150462 133927      951.5204    53      970.0000      918.8248  4561415    5.28%
 151547 134880      959.0099    39      970.0000      918.8248  4604177    5.28%
 152656 135858      925.5000    34      970.0000      918.8248  4641248    5.28%
 153793 136865      931.7141    51      970.0000      918.8248  4681670    5.28%
 154869 137806      956.6667    35      970.0000      918.8248  4718597    5.28%
 156093 138884      922.3040    54      970.0000      918.8373  4757120    5.27%
 157266 139941      966.6667    19      970.0000      918.8716  4797253    5.27%
 158462 141047      956.6667    30      970.0000      918.8942  4832718    5.27%
 159997 142433      952.3286    39      970.0000      918.9100  4873891    5.27%
 161587 143879      960.0000    31      970.0000      918.9138  4918888    5.27%
Elapsed time = 381.10 sec. (481591.65 ticks, tree = 2294.20 MB, solutions = 10)
Nodefile size = 246.36 MB (179.34 MB after compression)
 163259 145422      953.7418    38      970.0000      918.9542  4960381    5.26%
 164709 146768      960.0000    13      970.0000      918.9819  5002442    5.26%
 165981 147942      953.7089    37      970.0000      919.0149  5037724    5.26%
 167183 148989      961.5570    37      970.0000      919.0288  5080981    5.25%
 168050 149741      953.7089    19      970.0000      919.0552  5121724    5.25%
 169242 150835      954.5571    49      970.0000      919.0552  5162224    5.25%
 170322 151813      960.0822     9      970.0000      919.0552  5202788    5.25%
 171499 152895      956.7476    14      970.0000      919.0641  5240532    5.25%
 172743 154012        cutoff            970.0000      919.0795  5278647    5.25%
 173927 155079      953.7089    54      970.0000      919.0795  5315598    5.25%
Elapsed time = 415.38 sec. (519851.21 ticks, tree = 2462.59 MB, solutions = 10)
Nodefile size = 414.79 MB (302.42 MB after compression)
 175124 156170      960.0000    28      970.0000      919.0795  5351910    5.25%
 176462 157418      954.0857    26      970.0000      919.0795  5387782    5.25%
 178075 158921      954.0857    45      970.0000      919.0795  5421100    5.25%
 179417 160152      954.0857    31      970.0000      919.0931  5459211    5.25%
 180754 161349      956.6667    31      970.0000      919.2180  5495598    5.24%
 182342 162801      960.0000    22      970.0000      919.2452  5532692    5.23%
 184144 164467        cutoff            970.0000      919.4438  5564329    5.21%
 185722 165921      955.3872    31      970.0000      919.4438  5600422    5.21%
 187364 167449      962.0417    36      970.0000      919.4438  5633858    5.21%
 189179 169112      966.9243    18      970.0000      919.6668  5667972    5.19%
Elapsed time = 450.81 sec. (558249.77 ticks, tree = 2684.05 MB, solutions = 10)
Nodefile size = 636.24 MB (463.90 MB after compression)
 190586 170413      956.6667     9      970.0000      919.6668  5705385    5.19%
 191814 171539        cutoff            970.0000      919.6668  5743614    5.19%
 193436 172990      966.6667    22      970.0000      919.6867  5783940    5.19%
 195149 174579      956.6667    35      970.0000      919.6867  5819043    5.19%
 196718 176024      960.0576    19      970.0000      919.7891  5855074    5.18%
 198062 177264      961.2760    34      970.0000      919.8091  5894902    5.17%
 199567 178646      953.7418    29      970.0000      919.8091  5929439    5.17%
 200870 179833      957.3109    19      970.0000      919.8991  5965723    5.17%
 202188 181002      956.6667    30      970.0000      919.9037  6008331    5.16%
 203679 182350      956.8094    25      970.0000      919.9037  6046881    5.16%
Elapsed time = 486.49 sec. (596470.28 ticks, tree = 2913.22 MB, solutions = 10)
Nodefile size = 865.63 MB (628.97 MB after compression)
 205046 183614      956.6667    51      970.0000      919.9406  6084345    5.16%
 206468 184941      963.1281    26      970.0000      920.0813  6118430    5.15%
 207826 186219      960.0000    28      970.0000      920.1275  6150817    5.14%
 209372 187662      958.5894    57      970.0000      920.1384  6184338    5.14%
 210858 189025      966.6667     9      970.0000      920.1384  6221834    5.14%
 212542 190602      960.2056    24      970.0000      920.1546  6256925    5.14%
 214357 192311      960.0000    13      970.0000      920.1628  6288198    5.14%
 216040 193860      954.0857    28      970.0000      920.1628  6320827    5.14%
 218002 195714      956.8224    26      970.0000      920.2142  6354940    5.13%
 219343 196920        cutoff            970.0000      920.3117  6394523    5.12%
Elapsed time = 523.16 sec. (634696.48 ticks, tree = 3152.62 MB, solutions = 10)
Nodefile size = 1104.79 MB (803.15 MB after compression)
 220796 198271      961.7384    19      970.0000      920.3729  6432589    5.12%
 222278 199609      956.6667    23      970.0000      920.5000  6469245    5.10%
 223680 200940      956.7545    22      970.0000      920.5000  6510258    5.10%
 224780 201952        cutoff            970.0000      920.5000  6550678    5.10%
 226104 203162      954.1516    34      970.0000      920.5000  6586609    5.10%
 227181 204127      963.3333    48      970.0000      920.5000  6627071    5.10%
 228426 205262      960.0000     8      970.0000      920.5000  6664095    5.10%
 229495 206228      956.6667    16      970.0000      920.5000  6705470    5.10%
 230880 207499      956.6667    35      970.0000      920.5000  6745562    5.10%
 232142 208668      956.6667    36      970.0000      920.5000  6788907    5.10%
Elapsed time = 558.76 sec. (672912.87 ticks, tree = 3341.03 MB, solutions = 10)
Nodefile size = 1293.63 MB (940.33 MB after compression)
 233518 209959      954.1516    41      970.0000      920.5000  6828933    5.10%
 234894 211255      963.7757    34      970.0000      920.5000  6868960    5.10%
 236157 212424      956.6667    29      970.0000      920.5000  6909181    5.10%
 237568 213727      925.3499    74      970.0000      920.5000  6948441    5.10%
 238992 215060      956.8983    18      970.0000      920.5000  6989017    5.10%
 240421 216399      953.7418    19      970.0000      920.5000  7031092    5.10%
 241668 217559      925.5960    57      970.0000      920.5000  7070476    5.10%
 243012 218798      953.7418    39      970.0000      920.5000  7109554    5.10%
 244247 219959      960.6019    16      970.0000      920.5000  7149812    5.10%
 245598 221209      961.1367    35      970.0000      920.5000  7192191    5.10%
Elapsed time = 593.68 sec. (711136.52 ticks, tree = 3541.52 MB, solutions = 10)
Nodefile size = 1493.98 MB (1085.24 MB after compression)
 247063 222527      953.7418    48      970.0000      920.5000  7227708    5.10%
 248263 223654      977.3696    46      970.0000      920.5000  7269689    5.10%
 249622 224900      953.7418    49      970.0000      920.5000  7308375    5.10%
 250758 225918      967.8367    28      970.0000      920.5000  7345389    5.10%
 252010 227070      956.6667    32      970.0000      920.5000  7385114    5.10%
 253262 228233      956.6667    36      970.0000      920.5000  7419868    5.10%
 254604 229440      953.7418    35      970.0000      920.5000  7453521    5.10%
 256169 230894      957.1735    42      970.0000      920.5000  7486576    5.10%
 257462 232089      956.6667    27      970.0000      920.5000  7521954    5.10%
 258837 233341      960.0000    30      970.0000      920.5000  7562765    5.10%
Elapsed time = 628.77 sec. (749496.66 ticks, tree = 3735.51 MB, solutions = 10)
Nodefile size = 1687.62 MB (1227.15 MB after compression)
 260482 234859      953.7418    28      970.0000      920.5000  7602644    5.10%
 261799 236064      953.7418    38      970.0000      920.5000  7640958    5.10%
 263262 237395      956.6667    41      970.0000      920.5000  7680892    5.10%
 264462 238502      957.0324    39      970.0000      920.5000  7717292    5.10%
 266132 240031      963.1281    39      970.0000      920.5000  7754411    5.10%
 267483 241274      956.6667    28      970.0000      920.5000  7792683    5.10%
 269037 242719      958.6262    34      970.0000      920.5000  7835465    5.10%
 270314 243881      963.7114    35      970.0000      920.5000  7873812    5.10%
 271708 245150      955.4853    43      970.0000      920.5000  7911996    5.10%
 273219 246521      960.3289    24      970.0000      920.5000  7946153    5.10%
Elapsed time = 663.59 sec. (787837.77 ticks, tree = 3909.13 MB, solutions = 10)
Nodefile size = 1861.52 MB (1353.18 MB after compression)
 274807 247985      953.7089    48      970.0000      920.5000  7980002    5.10%
 276021 249114      953.7418    47      970.0000      920.5000  8020044    5.10%
 277418 250422      962.1916    29      970.0000      920.5000  8055074    5.10%
 278661 251558      956.6708    36      970.0000      920.5000  8088856    5.10%
 280069 252837      955.2235    27      970.0000      920.5000  8122395    5.10%
 281488 254144      953.7418    33      970.0000      920.5000  8158860    5.10%
 282964 255498      960.0000    30      970.0000      920.5000  8190787    5.10%
 284376 256818      956.3727    40      970.0000      920.5000  8230241    5.10%
 285640 257967      963.3333    18      970.0000      920.5000  8269837    5.10%
 287302 259516      960.0000    40      970.0000      920.5000  8305963    5.10%
Elapsed time = 699.32 sec. (826031.07 ticks, tree = 4118.87 MB, solutions = 10)
Nodefile size = 2071.51 MB (1506.78 MB after compression)
 288817 260914        cutoff            970.0000      920.5000  8340192    5.10%
 290440 262374      956.7380    34      970.0000      920.5000  8370096    5.10%
 292266 264030      960.0000    34      970.0000      920.5000  8404054    5.10%
 293669 265323      953.7418    38      970.0000      920.5000  8437182    5.10%
 295345 266867      963.3333    18      970.0000      920.5000  8472210    5.10%
 296784 268186      963.2877    24      970.0000      920.5000  8500953    5.10%
 298309 269589      956.6667    26      970.0000      920.5000  8534386    5.10%
 299832 270999      956.6667    21      970.0000      920.5000  8570646    5.10%
 301421 272439      957.5421    50      970.0000      920.5000  8605913    5.10%
 303041 273918      954.1516    39      970.0000      920.7830  8638233    5.07%
Elapsed time = 736.29 sec. (864206.78 ticks, tree = 4378.55 MB, solutions = 10)
Nodefile size = 2331.39 MB (1697.01 MB after compression)
 304477 275275      954.1516    28      970.0000      920.7889  8669290    5.07%
 306203 276884      956.6667    22      970.0000      920.9232  8704544    5.06%
 307756 278331      960.0000    27      970.0000      920.9645  8742202    5.06%
 309612 280063      955.4045    27      970.0000      920.9672  8777223    5.05%
 311621 281898      954.1516    38      970.0000      920.9672  8811420    5.05%
 313550 283691      961.2760    40      970.0000      920.9804  8847016    5.05%
 315193 285203      954.0857    46      970.0000      920.9827  8880627    5.05%
 316889 286740      953.8157    60      970.0000      921.0113  8912154    5.05%
 318261 287976      961.2281    40      970.0000      921.0321  8952508    5.05%
 319781 289398      963.3333    26      970.0000      921.0321  8992030    5.05%
Elapsed time = 773.68 sec. (902376.03 ticks, tree = 4642.53 MB, solutions = 10)
Nodefile size = 2594.98 MB (1886.90 MB after compression)
 321316 290793      956.6667    39      970.0000      921.0321  9023499    5.05%
 322953 292304      955.2235    36      970.0000      921.1036  9061957    5.04%
 324786 294002      955.2235    36      970.0000      921.1036  9097278    5.04%
 327002 296093      954.0857    39      970.0000      921.1036  9131464    5.04%
 328778 297752      966.6667    25      970.0000      921.1036  9167664    5.04%
 330651 299508      953.7089    31      970.0000      921.1036  9201957    5.04%
 332567 301269      960.2740    27      970.0000      921.1036  9238582    5.04%
 334394 302991      960.0000    47      970.0000      921.1036  9274026    5.04%
 335850 304283      954.0857    42      970.0000      921.1036  9303752    5.04%
 337909 306187      954.0857    19      970.0000      921.1036  9336848    5.04%
Elapsed time = 811.02 sec. (940558.27 ticks, tree = 4926.63 MB, solutions = 10)
Nodefile size = 2879.52 MB (2092.10 MB after compression)
 339776 307925      960.8882    23      970.0000      921.1036  9370875    5.04%
 341617 309631        cutoff            970.0000      921.1036  9406477    5.04%
 343462 311320      956.3727    24      970.0000      921.1036  9435474    5.04%
 345702 313390      929.2989    49      970.0000      921.1036  9468977    5.04%
 347498 315052      960.5950    20      970.0000      921.1036  9502483    5.04%
 349886 317249      960.0000    19      970.0000      921.1036  9532230    5.04%
 351662 318835      957.4300    34      970.0000      921.1036  9562131    5.04%
 353293 320327      954.1744    27      970.0000      921.1529  9600317    5.04%
 354967 321886      959.9439    26      970.0000      921.1529  9635556    5.04%
 356199 323030      966.6667    12      970.0000      921.1529  9677633    5.04%
Elapsed time = 848.64 sec. (978856.44 ticks, tree = 5222.75 MB, solutions = 10)
Nodefile size = 3175.43 MB (2311.14 MB after compression)
 357825 324536      956.6667    33      970.0000      921.1529  9714319    5.04%
 359353 325970      954.1744    42      970.0000      921.1529  9746560    5.04%
 360703 327211      956.6667    46      970.0000      921.1529  9783156    5.04%
 362335 328678      957.3243    46      970.0000      921.1529  9813373    5.04%
 364100 330278      954.1516    30      970.0000      921.1529  9846812    5.04%
