Tried aggregator 3 times.
MIP Presolve eliminated 1181 rows and 352 columns.
MIP Presolve modified 230 coefficients.
Aggregator did 36 substitutions.
Reduced MIP has 1145 rows, 1982 columns, and 7191 nonzeros.
Reduced MIP has 1052 binaries, 2 generals, 0 SOSs, and 0 indicators.
Presolve time = 0.01 sec. (12.10 ticks)
Found incumbent of value 4250.000000 after 0.02 sec. (21.35 ticks)
Probing time = 0.00 sec. (3.34 ticks)
Tried aggregator 1 time.
Reduced MIP has 1145 rows, 1982 columns, and 7191 nonzeros.
Reduced MIP has 1052 binaries, 30 generals, 0 SOSs, and 0 indicators.
Presolve time = 0.00 sec. (3.78 ticks)
Probing time = 0.00 sec. (3.22 ticks)
Clique table members: 4935.
MIP emphasis: balance optimality and feasibility.
MIP search method: dynamic search.
Parallel mode: none, using 1 thread.
Root relaxation solution time = 0.01 sec. (22.78 ticks)

        Nodes                                         Cuts/
   Node  Left     Objective  IInf  Best Integer    Best Bound    ItCnt     Gap

*     0+    0                         4250.0000        0.0000      469  100.00%
      0     0      141.6813   142     4250.0000      141.6813      469   96.67%
      0     0      142.0000   136     4250.0000      Cuts: 14      775   96.66%
      0     0      256.1352   132     4250.0000      Cuts: 66     1545   93.97%
      0     0      269.6012   114     4250.0000      Cuts: 29     1666   93.66%
      0     0      269.6012   110     4250.0000      Cuts: 34     1739   93.66%
      0     0      269.6012   105     4250.0000      Cuts: 31     1784   93.66%
      0     0      269.6012   103     4250.0000      Cuts: 28     1818   93.66%
      0     0      269.6012   101     4250.0000      Cuts: 22     1863   93.66%
*     0+    0                         1890.0000      269.6012     1863   85.74%
*     0+    0                         1710.0000      269.6012     1863   84.23%
*     0+    0                         1580.0000      269.6012     1863   82.94%
      0     2      269.6012    99     1580.0000      269.6012     1863   82.94%
Elapsed time = 0.85 sec. (1060.74 ticks, tree = 0.00 MB, solutions = 4)
     34    36      273.9975    90     1580.0000      269.6012     5395   82.94%
     50    52      274.1017    92     1580.0000      269.6012     6408   82.94%
     81    83      274.3151    94     1580.0000      269.6012     7249   82.94%
    177   179      480.0000    64     1580.0000      269.6012    10070   82.94%
    267   269      940.7529    38     1580.0000      269.6012    12789   82.94%
*   334+  326                         1530.0000      269.6012    15372   82.38%
    351   345      567.7509    60     1530.0000      269.6012    15572   82.38%
    408   402      576.4191    43     1530.0000      269.6012    18562   82.38%
    449   443     1339.4758    16     1530.0000      269.6012    23643   82.38%
*   476+  432                         1440.0000      269.6012    25052   81.28%
    476   434      730.0673    78     1440.0000      269.6012    25052   81.28%
    478   436      659.0000   104     1440.0000      659.0000    36780   54.24%
Elapsed time = 5.15 sec. (6516.50 ticks, tree = 6.03 MB, solutions = 6)
    484   439     1278.0000    79     1440.0000      661.3611    38155   54.07%
    498   446     1407.0000   106     1440.0000      661.3611    42045   54.07%
    538   464     1418.0000    42     1440.0000      661.3611    44482   54.07%
    598   481     1418.0000    33     1440.0000      661.3611    49274   54.07%
    683   472     1406.0000    85     1440.0000      667.9043    64793   53.62%
    831   536     1430.0000    14     1440.0000      667.9043    74682   53.62%
    958   593     1424.0000    36     1440.0000      675.2565    81797   53.11%
   1108   641     1405.7892    58     1440.0000      684.2075    92612   52.49%
   1266   712     1374.6263    78     1440.0000      689.2012   105635   52.14%
   1438   835     1422.6241    66     1440.0000      694.6689   111658   51.76%
Elapsed time = 12.98 sec. (16439.33 ticks, tree = 8.25 MB, solutions = 6)
   1678  1041     1425.0000    29     1440.0000      707.2593   123183   50.88%
   1874  1218        cutoff           1440.0000      714.8255   137807   50.36%
   2178  1485     1420.0000    39     1440.0000      768.8241   150868   46.61%
   2453  1701     1372.4746    80     1440.0000      827.4073   167685   42.54%
   2839  2056     1374.3640    68     1440.0000     1207.0693   182040   16.18%
   3314  2455     1422.6667    31     1440.0000     1207.0693   192925   16.18%
   3600  2696     1432.0987    34     1440.0000     1207.0693   205878   16.18%
   3926  2985     1430.0000    56     1440.0000     1223.0259   216233   15.07%
   4296  3293        cutoff           1440.0000     1223.0259   229352   15.07%
   4551  3515     1374.3640    75     1440.0000     1223.0339   242369   15.07%
Elapsed time = 20.98 sec. (26105.69 ticks, tree = 34.83 MB, solutions = 6)
   4871  3826     1419.6314    52     1440.0000     1223.0582   253789   15.07%
   5187  4096     1437.0000     7     1440.0000     1223.0662   266061   15.06%
   5543  4416     1418.1540    43     1440.0000     1276.4227   276627   11.36%
   5828  4671     1423.3333    37     1440.0000     1278.0000   288060   11.25%
   6184  4989     1372.4746    67     1440.0000     1353.1517   300412    6.03%
   6632  5406     1423.3333    32     1440.0000     1372.4746   312004    4.69%
   7158  5890     1423.3333    27     1440.0000     1372.4746   326805    4.69%
   7729  6417     1418.1441    53     1440.0000     1372.4746   342866    4.69%
   7978  6650     1430.0000    34     1440.0000     1372.4746   352115    4.69%
   8507  7131     1420.0000    43     1440.0000     1372.4746   364194    4.69%
Elapsed time = 28.72 sec. (35779.09 ticks, tree = 49.43 MB, solutions = 6)
   8796  7396     1436.6667    37     1440.0000     1372.4746   377656    4.69%
   9259  7799     1423.3333    60     1440.0000     1372.4746   390568    4.69%
   9637  8136     1407.6347    73     1440.0000     1372.4746   404273    4.69%
  10039  8518     1417.4080    62     1440.0000     1372.4746   416755    4.69%
  10520  8969     1417.4080    55     1440.0000     1372.4746   429528    4.69%
  10896  9332     1424.0955    59     1440.0000     1372.4746   442711    4.69%
  11449  9845     1419.0000    42     1440.0000     1372.4746   455011    4.69%
  11959 10319     1424.4401    37     1440.0000     1372.4947   466957    4.69%
  12365 10694     1418.1441    54     1440.0000     1372.4947   481669    4.69%
  12578 10896     1418.1441    61     1440.0000     1372.4947   493190    4.69%
Elapsed time = 36.63 sec. (45434.33 ticks, tree = 54.42 MB, solutions = 6)
  13058 11342     1419.0000    55     1440.0000     1372.4947   506682    4.69%
  13499 11772     1430.1253    18     1440.0000     1372.4947   520566    4.69%
  14027 12270     1423.3333    46     1440.0000     1372.4947   532475    4.69%
  14379 12605        cutoff           1440.0000     1372.4947   546699    4.69%
  14939 13148     1418.1540    49     1440.0000     1372.5353   558441    4.69%
  15534 13710     1419.6308    49     1440.0000     1372.5353   569557    4.69%
  16196 14327     1406.6373    68     1440.0000     1372.5353   580811    4.69%
  16621 14712     1374.4262    74     1440.0000     1372.5353   592964    4.69%
  17225 15258     1437.2856    37     1440.0000     1372.5353   604913    4.69%
  17753 15746     1436.6667    13     1440.0000     1372.5353   618179    4.69%
Elapsed time = 44.29 sec. (54993.67 ticks, tree = 60.69 MB, solutions = 6)
  18253 16219     1430.0000    47     1440.0000     1372.5353   628496    4.69%
  18768 16707     1436.6667    49     1440.0000     1372.5353   643724    4.69%
  19413 17317     1438.1854    37     1440.0000     1372.5353   656581    4.69%
  19878 17739     1417.4080    49     1440.0000     1372.5353   673263    4.69%
  20541 18360     1419.6308    47     1440.0000     1372.5353   687131    4.69%
  21051 18847     1430.0000    37     1440.0000     1372.5353   696385    4.69%
  21550 19299     1407.6671    59     1440.0000     1372.5353   712132    4.69%
  22160 19858     1430.0000    32     1440.0000     1372.5353   725218    4.69%
  22717 20378     1430.2819    33     1440.0000     1372.5608   736895    4.68%
  23175 20795     1406.6062    55     1440.0000     1372.5608   749875    4.68%
Elapsed time = 52.10 sec. (64540.05 ticks, tree = 67.74 MB, solutions = 6)
  23696 21284     1430.0000    30     1440.0000     1372.5608   762599    4.68%
  24360 21913     1430.0000    47     1440.0000     1372.5608   774377    4.68%
  25000 22525     1418.1540    45     1440.0000     1372.5608   784208    4.68%
  25402 22905     1418.1540    55     1440.0000     1372.5608   796773    4.68%
  26043 23504     1432.0738    56     1440.0000     1372.5608   808358    4.68%
  26460 23876     1417.4080    62     1440.0000     1372.5608   820538    4.68%
  26907 24302     1418.1540    43     1440.0000     1372.5608   832341    4.68%
  27429 24790     1436.6667    42     1440.0000     1372.5608   843707    4.68%
  27783 25119     1430.0000    18     1440.0000     1372.5608   855328    4.68%
  28462 25743     1418.6667    63     1440.0000     1372.5608   868268    4.68%
Elapsed time = 59.91 sec. (74135.94 ticks, tree = 73.41 MB, solutions = 6)
  29019 26270        cutoff           1440.0000     1372.5608   881680    4.68%
  29666 26863     1425.4281    50     1440.0000     1372.5608   894308    4.68%
  30269 27416     1418.6667    55     1440.0000     1372.5608   908362    4.68%
  30865 27967     1430.0000    39     1440.0000     1372.5608   923431    4.68%
  31278 28355     1424.1895    56     1440.0000     1372.5608   939408    4.68%
  31721 28768     1417.4080    63     1440.0000     1372.5608   954375    4.68%
  32273 29281     1423.3333    62     1440.0000     1372.5608   969291    4.68%
  32903 29881    infeasible           1440.0000     1372.5809   984119    4.68%
  33474 30411     1436.6667    47     1440.0000     1372.5809   998457    4.68%
  34109 30988     1436.6667    26     1440.0000     1372.6215  1012285    4.68%
Elapsed time = 67.76 sec. (83812.00 ticks, tree = 79.20 MB, solutions = 6)
  34673 31523     1436.6667    54     1440.0000     1372.6215  1023787    4.68%
  35288 32096     1430.0000    30     1440.0000     1372.6215  1038429    4.68%
  35911 32676     1436.6667    58     1440.0000     1373.0098  1051744    4.65%
  36538 33260     1420.0000    64     1440.0000     1373.1352  1063506    4.64%
  37017 33714     1417.8834    71     1440.0000     1373.1352  1076827    4.64%
  37577 34236     1418.1441    69     1440.0000     1373.6361  1088570    4.61%
  38023 34668     1418.1441    69     1440.0000     1373.6361  1099731    4.61%
  38507 35131     1419.6308    75     1440.0000     1373.6361  1111664    4.61%
  39160 35751     1420.0000    46     1440.0000     1373.6361  1122810    4.61%
  41318 37764     1419.6308    67     1440.0000     1373.6361  1163306    4.61%
Elapsed time = 77.96 sec. (96376.91 ticks, tree = 87.66 MB, solutions = 6)
  43568 39894        cutoff           1440.0000     1373.6980  1215629    4.60%
  46088 42249     1430.0000    59     1440.0000     1373.6980  1269799    4.60%
  48462 44486     1436.6667    33     1440.0000     1373.6980  1326249    4.60%
  50593 46490     1419.6308    59     1440.0000     1373.6980  1387182    4.60%
  52678 48445     1417.4080    60     1440.0000     1374.3640  1438101    4.56%
  54655 50324     1418.6667    48     1440.0000     1374.3640  1494568    4.56%
  57241 52738     1425.7423    65     1440.0000     1374.3840  1543782    4.56%
  59676 54998     1430.0000    33     1440.0000     1374.4262  1590344    4.55%
  62448 57630     1430.0000    23     1440.0000     1374.4262  1643419    4.55%
  65366 60353     1430.0000    55     1440.0000     1374.4262  1693680    4.55%
Elapsed time = 109.98 sec. (134636.37 ticks, tree = 115.07 MB, solutions = 6)
  68338 63104     1424.0000    77     1440.0000     1374.4262  1741497    4.55%
  71102 65730     1430.0000    47     1440.0000     1374.4262  1795649    4.55%
  73315 67807     1406.6373    64     1440.0000     1374.4262  1850106    4.55%
  75748 70101     1436.6667    51     1440.0000     1374.4262  1895987    4.55%
  78254 72444     1430.0000    53     1440.0000     1374.5641  1941772    4.54%
  80261 74283     1437.0000    18     1440.0000     1374.5641  1996221    4.54%
  82515 76311     1430.0000    48     1440.0000     1374.5641  2050503    4.54%
  84837 78500     1430.7541    28     1440.0000     1374.5641  2110344    4.54%
  87391 80858     1417.4080    68     1440.0000     1374.5641  2160230    4.54%
  90071 83350     1430.0000    40     1440.0000     1374.5641  2215928    4.54%
Elapsed time = 141.90 sec. (172836.13 ticks, tree = 145.16 MB, solutions = 6)
  91878 85013     1430.0000    29     1440.0000     1374.5840  2269252    4.54%
  93807 86788     1419.6314    50     1440.0000     1374.5840  2325040    4.54%
  96327 89174     1430.7831    25     1440.0000     1374.6263  2373407    4.54%
  98937 91625     1436.6667    53     1440.0000     1374.6263  2422666    4.54%
 101360 93911     1418.6667    41     1440.0000     1374.6263  2476982    4.54%
 104211 96598     1431.6915    48     1440.0000     1374.6263  2530218    4.54%
 107003 99192     1424.0000    68     1440.0000     1374.6263  2583872    4.54%
 109866 101837     1406.6877    73     1440.0000     1374.6263  2634846    4.54%
 112524 104340     1423.3333    49     1440.0000     1374.6263  2689737    4.54%
 114897 106578     1430.0000    43     1440.0000     1374.6263  2742195    4.54%
Elapsed time = 175.77 sec. (211013.78 ticks, tree = 172.34 MB, solutions = 6)
 117704 109214     1418.6667    49     1440.0000     1374.6263  2791371    4.54%
 120394 111738     1426.0000    46     1440.0000     1374.6263  2834237    4.54%
 123125 114310     1418.6667    42     1440.0000     1374.6263  2890936    4.54%
 125533 116556     1430.0000    49     1440.0000     1374.6263  2940709    4.54%
 127985 118862     1417.4080    53     1440.0000     1374.6263  2999064    4.54%
 130521 121240     1437.1462    32     1440.0000     1374.6263  3053254    4.54%
 132707 123287     1423.3333    63     1440.0000     1374.6263  3111807    4.54%
 134762 125200     1431.3333    43     1440.0000     1375.2088  3166930    4.50%
 137666 127929     1418.6667    42     1440.0000     1375.2088  3217461    4.50%
 140475 130573     1436.6667    43     1440.0000     1375.2088  3267193    4.50%
Elapsed time = 209.09 sec. (249181.54 ticks, tree = 200.45 MB, solutions = 6)
 143072 132980     1418.1540    59     1440.0000     1375.2088  3312566    4.50%
 145629 135370     1423.3333    63     1440.0000     1375.2088  3365128    4.50%
 148090 137627     1418.1540    49     1440.0000     1376.2004  3414950    4.43%
 151015 140361     1435.4531    51     1440.0000     1380.8252  3468481    4.11%
 152934 142093     1432.0738    82     1440.0000     1380.8252  3524708    4.11%
 154683 143631     1437.0000    18     1440.0000     1380.8252  3577941    4.11%
 156965 145690     1423.3333    58     1440.0000     1380.8252  3634499    4.11%
 159085 147624     1424.2527    58     1440.0000     1380.8252  3691479    4.11%
 160763 149161     1423.3333    65     1440.0000     1380.8252  3739351    4.11%
 162354 150580     1423.3333    46     1440.0000     1380.8452  3793158    4.11%
Elapsed time = 245.94 sec. (287410.53 ticks, tree = 226.15 MB, solutions = 6)
 164032 152097     1436.6667    30     1440.0000     1380.8452  3847877    4.11%
 165711 153605     1424.6667    42     1440.0000     1380.8452  3901067    4.11%
 167364 155096     1436.6667    37     1440.0000     1380.8941  3959990    4.10%
 169137 156700     1436.6667    47     1440.0000     1380.8941  4014236    4.10%
 170888 158261     1423.3333    57     1440.0000     1380.8941  4067695    4.10%
 172710 159918     1431.0683    61     1440.0000     1380.8941  4126694    4.10%
 174488 161502     1436.6667    45     1440.0000     1380.8941  4181344    4.10%
 176428 163229     1419.6314    42     1440.0000     1380.8941  4236209    4.10%
 178280 164870     1414.3972    60     1440.0000     1389.7944  4283277    3.49%
 179730 166101     1430.0000    63     1440.0000     1389.7944  4337673    3.49%
Elapsed time = 284.43 sec. (325611.27 ticks, tree = 245.89 MB, solutions = 6)
 180918 167128     1430.0000    48     1440.0000     1389.8144  4390133    3.49%
 182401 168390     1422.6241    60     1440.0000     1389.8144  4442389    3.49%
 183748 169484     1432.6080    60     1440.0000     1389.8723  4493730    3.48%
 185791 171229     1432.4195    58     1440.0000     1389.8723  4547462    3.48%
 187490 172643     1430.0000    28     1440.0000     1389.8723  4603064    3.48%
 189531 174523     1430.2649    47     1440.0000     1391.9199  4656057    3.34%
 191629 176495     1425.3333    45     1440.0000     1391.9199  4713460    3.34%
 193782 178525     1436.6667    34     1440.0000     1391.9199  4772191    3.34%
 195717 180320     1430.0000    34     1440.0000     1391.9399  4828626    3.34%
 197700 182178     1436.6667    57     1440.0000     1392.0000  4880312    3.33%
Elapsed time = 318.17 sec. (363787.95 ticks, tree = 266.10 MB, solutions = 6)
 199234 183619     1424.0000    50     1440.0000     1392.0000  4935701    3.33%
 201617 185874     1423.3333    60     1440.0000     1392.0000  4990190    3.33%
 203747 187777     1424.0000    45     1440.0000     1392.0000  5040145    3.33%
 206048 189953     1436.6667    40     1440.0000     1392.0000  5096894    3.33%
 208236 191976     1423.3333    50     1440.0000     1392.0000  5154168    3.33%
 210248 193805     1423.3333    40     1440.0000     1393.0024  5209737    3.26%
 212059 195519     1436.6667    51     1440.0000     1405.7589  5263960    2.38%
 214393 197702     1430.0000    53     1440.0000     1405.7589  5314231    2.38%
 216538 199710     1430.0000    30     1440.0000     1405.7589  5369704    2.38%
 218815 201853     1405.7614    66     1440.0000     1405.7589  5420730    2.38%
Elapsed time = 350.78 sec. (401987.04 ticks, tree = 290.79 MB, solutions = 6)
 220801 203725     1418.1441    54     1440.0000     1405.7589  5470068    2.38%
 222824 205624     1430.6667    68     1440.0000     1405.7589  5526764    2.38%
 224378 207062     1419.6308    69     1440.0000     1405.7589  5574228    2.38%
 226381 208900     1419.6308    71     1440.0000     1405.7589  5629711    2.38%
 228510 210895     1436.6667    58     1440.0000     1405.7589  5678802    2.38%
 230655 212926     1418.1441    45     1440.0000     1405.7589  5729915    2.38%
 232474 214633     1436.6667    48     1440.0000     1405.7589  5777669    2.38%
 234364 216422     1436.6667    25     1440.0000     1405.7589  5829614    2.38%
 236393 218311     1418.1540    57     1440.0000     1405.7589  5883952    2.38%
 238066 219892     1423.3333    60     1440.0000     1405.7589  5940085    2.38%
Elapsed time = 382.17 sec. (440259.80 ticks, tree = 311.06 MB, solutions = 6)
 240008 221724     1436.6667    52     1440.0000     1405.7589  5997479    2.38%
 241795 223384     1423.3333    52     1440.0000     1405.7589  6050430    2.38%
 243764 225257     1418.1540    55     1440.0000     1405.7614  6099603    2.38%
 245403 226809     1436.6667    29     1440.0000     1405.7689  6156534    2.38%
 247468 228733     1436.6667    47     1440.0000     1405.7689  6204438    2.38%
 249487 230648     1417.4080    71     1440.0000     1405.7689  6257053    2.38%
 251678 232731     1418.1540    78     1440.0000     1405.7689  6304016    2.38%
 253533 234475     1418.1441    68     1440.0000     1405.7689  6349937    2.38%
 255512 236316     1430.0000    57     1440.0000     1405.7689  6399220    2.38%
 257845 238550     1430.0000    62     1440.0000     1405.7892  6454735    2.38%
Elapsed time = 413.83 sec. (478531.73 ticks, tree = 333.81 MB, solutions = 6)
 260304 240854     1418.6667    56     1440.0000     1405.7892  6500528    2.38%
 262699 243154     1430.0000    17     1440.0000     1405.7892  6552986    2.38%
 265169 245471     1423.3333    60     1440.0000     1405.7892  6603048    2.38%
 267460 247629     1430.0000    29     1440.0000     1405.7892  6656704    2.38%
 269668 249725     1436.6667    44     1440.0000     1405.7892  6710739    2.38%
 272078 252011     1418.1540    64     1440.0000     1405.7892  6756250    2.38%
 274037 253858     1417.4080    49     1440.0000     1405.7892  6806761    2.38%
 276078 255755     1423.3333    53     1440.0000     1405.7892  6856562    2.38%
 278732 258227        cutoff           1440.0000     1405.7892  6903956    2.38%
 280616 260008     1419.6308    56     1440.0000     1405.7892  6954304    2.38%
Elapsed time = 445.29 sec. (516741.33 ticks, tree = 359.03 MB, solutions = 6)
 282701 261871     1430.0000    51     1440.0000     1405.7892  7005821    2.38%
 284878 263896     1418.1540    61     1440.0000     1405.8648  7056235    2.37%
 287431 266242     1418.1540    66     1440.0000     1405.8648  7102578    2.37%
 289802 268511     1436.6667    78     1440.0000     1405.9729  7151297    2.36%
 291779 270378     1423.3333    63     1440.0000     1405.9729  7204816    2.36%
 293567 272072     1418.1441    87     1440.0000     1406.0000  7256926    2.36%
 295079 273505     1418.1441    83     1440.0000     1406.0000  7300420    2.36%
 296924 275245     1432.2310    45     1440.0000     1406.0000  7347322    2.36%
 298562 276789     1418.1441    66     1440.0000     1406.0000  7402556    2.36%
 299902 278051     1418.1441    67     1440.0000     1406.0000  7449649    2.36%
Elapsed time = 477.15 sec. (555023.91 ticks, tree = 382.35 MB, solutions = 6)
 301911 279969     1430.0000    35     1440.0000     1406.0103  7500218    2.36%
 303940 281885     1425.9287    64     1440.0000     1406.0372  7553158    2.36%
 305826 283660     1436.6667    62     1440.0000     1406.0372  7600234    2.36%
 307830 285520    infeasible           1440.0000     1406.0472  7652538    2.36%
 309748 287313     1418.1441    58     1440.0000     1406.0678  7703260    2.36%
 311593 289085     1430.0000    35     1440.0000     1406.0678  7755145    2.36%
 314016 291378        cutoff           1440.0000     1406.0889  7810216    2.35%
 315921 293154     1430.0000    84     1440.0000     1406.0889  7862019    2.35%
 317939 295039     1418.1540    55     1440.0000     1406.0889  7912438    2.35%
 319904 296892     1418.1441    63     1440.0000     1406.0889  7965078    2.35%
Elapsed time = 508.46 sec. (593230.53 ticks, tree = 404.22 MB, solutions = 6)
 322041 298913     1418.1540    49     1440.0000     1406.0889  8015147    2.35%
 323870 300634     1419.6308    70     1440.0000     1406.1196  8065297    2.35%
 326178 302819     1430.0000    63     1440.0000     1406.1196  8115882    2.35%
 328171 304681     1430.0000    62     1440.0000     1406.3626  8168941    2.34%
 329933 306364     1430.0000    29     1440.0000     1406.3626  8222465    2.34%
 331978 308271     1419.6308    55     1440.0000     1406.3626  8276260    2.34%
 333593 309765     1436.6667    62     1440.0000     1406.3626  8328164    2.34%
 335678 311727     1426.9992    43     1440.0000     1406.3626  8383498    2.34%
 337694 313597     1430.0000    33     1440.0000     1406.3626  8438775    2.34%
 340041 315771     1430.0000    48     1440.0000     1406.3626  8489694    2.34%
Elapsed time = 540.73 sec. (631489.87 ticks, tree = 425.40 MB, solutions = 6)
 342101 317676     1430.0000    38     1440.0000     1406.3626  8541920    2.34%
 344398 319836     1418.1441    86     1440.0000     1406.3626  8596288    2.34%
 346802 322085     1436.6667    50     1440.0000     1406.3726  8651417    2.34%
 348796 323941     1430.0000    27     1440.0000     1406.3726  8705566    2.34%
 351013 326026     1419.6308    65     1440.0000     1406.3726  8759248    2.34%
 353228 328095     1436.6667    77     1440.0000     1406.3726  8818743    2.34%
 355238 329974     1419.0000    55     1440.0000     1406.3726  8873165    2.34%
 356746 331404     1430.0000    30     1440.0000     1406.3726  8927886    2.34%
 358897 333436     1436.6667    42     1440.0000     1406.3936  8983340    2.33%
 361067 335467     1426.6667    53     1440.0000     1406.3936  9032171    2.33%
Elapsed time = 573.07 sec. (669700.18 ticks, tree = 449.58 MB, solutions = 6)
 363106 337383     1423.3333    61     1440.0000     1406.3936  9081781    2.33%
 365085 339209     1418.1441    65     1440.0000     1406.3936  9134031    2.33%
 367469 341445     1419.6308    46     1440.0000     1406.3936  9186079    2.33%
 369309 343139     1430.0000    12     1440.0000     1406.3936  9239734    2.33%
 371223 344888     1423.3333    34     1440.0000     1406.3936  9290012    2.33%
 373074 346619     1430.0000    61     1440.0000     1406.3936  9347063    2.33%
 374632 348081     1433.3524    11     1440.0000     1406.3936  9404361    2.33%
 376578 349905     1430.0000    56     1440.0000     1406.3936  9459471    2.33%
 378278 351478     1436.6667    33     1440.0000     1406.3936  9511852    2.33%
 380572 353651     1430.0000    25     1440.0000     1406.3936  9565590    2.33%
Elapsed time = 604.59 sec. (707898.67 ticks, tree = 470.52 MB, solutions = 6)
 382485 355460     1418.1441    67     1440.0000     1406.3936  9619127    2.33%
 384398 357274     1423.3333    45     1440.0000     1406.3936  9671837    2.33%
 386391 359164     1423.3333    54     1440.0000     1406.3936  9723230    2.33%
 388478 361108     1436.6667    55     1440.0000     1406.4036  9777864    2.33%
 390215 362725    infeasible           1440.0000     1406.4036  9833930    2.33%
 392096 364485     1437.2400    19     1440.0000     1406.4136  9877790    2.33%
 394068 366338     1431.0234    42     1440.0000     1406.5316  9929628    2.32%
 395844 368044     1423.3333    51     1440.0000     1406.5316  9980824    2.32%
 397783 369907     1430.0000    43     1440.0000     1406.5316 10038573    2.32%
 399554 371598     1418.1540    69     1440.0000     1406.5316 10092392    2.32%
Elapsed time = 636.21 sec. (746096.25 ticks, tree = 490.78 MB, solutions = 6)
 401218 373190     1423.3333    70     1440.0000     1406.5316 10149026    2.32%
 403172 375047     1431.3197    57     1440.0000     1406.5316 10202501    2.32%
 405132 376929     1436.6667    20     1440.0000     1406.5316 10253105    2.32%
 407051 378741     1437.8397    37     1440.0000     1406.5316 10308085    2.32%
 409450 381032     1430.0000    26     1440.0000     1406.5411 10359623    2.32%
 411224 382694     1423.3333    40     1440.0000     1406.5411 10412194    2.32%
 413178 384568     1418.6375    64     1440.0000     1406.5612 10459555    2.32%
 415684 386931     1418.1540    74     1440.0000     1406.5612 10508650    2.32%
 417973 389144     1436.6667    42     1440.0000     1406.5612 10560534    2.32%
 420315 391337     1418.1540    62     1440.0000     1406.5612 10605630    2.32%
Elapsed time = 667.46 sec. (784385.55 ticks, tree = 513.15 MB, solutions = 6)
 422950 393872     1424.0955    39     1440.0000     1406.6062 10655350    2.32%
 424933 395753     1423.3333    57     1440.0000     1406.6062 10707207    2.32%
 426878 397558     1430.0000    51     1440.0000     1406.6062 10762651    2.32%
 429148 399710     1430.0000    70     1440.0000     1406.6062 10811089    2.32%
 431259 401718     1438.9081    34     1440.0000     1406.6062 10864816    2.32%
 433430 403806     1430.0000    35     1440.0000     1406.6062 10916289    2.32%
 435351 405626     1423.3333    60     1440.0000     1406.6062 10968119    2.32%
 437827 407994     1430.0000    45     1440.0000     1406.6062 11019376    2.32%
 440628 410663     1430.0000    36     1440.0000     1406.6062 11065631    2.32%
 442795 412698     1417.4080    40     1440.0000     1406.6062 11119327    2.32%
Elapsed time = 702.29 sec. (822584.18 ticks, tree = 540.67 MB, solutions = 6)
 445088 414895     1418.1540    73     1440.0000     1406.6062 11166404    2.32%
 447442 417125     1418.1540    58     1440.0000     1406.6062 11214081    2.32%
 449963 419550     1418.1540    44     1440.0000     1406.6062 11263082    2.32%
 452167 421651     1430.0000    43     1440.0000     1406.6062 11310629    2.32%
 454436 423807     1418.1540    44     1440.0000     1406.6062 11359727    2.32%
 456946 426175     1417.4080    57     1440.0000     1406.6062 11405755    2.32%
*458178+238646                         1430.0000     1406.6062 11431782    1.64%
 458957 239322     1418.1540    57     1430.0000     1406.6062 11443306    1.64%
 462198 242221     1418.1540    51     1430.0000     1406.6062 11481661    1.64%
 465321 244998     1418.1540    55     1430.0000     1406.6062 11520021    1.64%
 468996 248401     1418.1540    51     1430.0000     1406.6062 11554283    1.64%
Elapsed time = 734.66 sec. (860742.67 ticks, tree = 323.87 MB, solutions = 7)
 472612 251719     1425.5224    60     1430.0000     1406.6062 11593103    1.64%
 474909 253836     1418.1540    57     1430.0000     1406.6062 11634460    1.64%
 477673 256330     1418.1540    58     1430.0000     1406.6062 11680227    1.64%
 480604 258947     1417.4080    49     1430.0000     1406.6062 11719785    1.64%
 483260 261319     1424.0000    35     1430.0000     1406.6062 11768677    1.64%
 485755 263560     1418.1540    55     1430.0000     1406.6062 11818573    1.64%
 488654 266234     1425.4510    71     1430.0000     1406.6062 11861985    1.64%
 490895 268226     1423.3333    41     1430.0000     1406.6062 11903622    1.64%
 493561 270616     1423.3333    42     1430.0000     1406.6062 11951863    1.64%
 495745 272611     1423.3333    36     1430.0000     1406.6062 11995217    1.64%
Elapsed time = 767.28 sec. (898909.44 ticks, tree = 350.38 MB, solutions = 7)
 497731 274369     1423.3333    26     1430.0000     1406.6062 12042802    1.64%
 499598 276052     1423.3333    48     1430.0000     1406.6062 12091616    1.64%
 501744 278020     1423.3333    52     1430.0000     1406.6062 12135833    1.64%
 504060 280061     1417.4080    49     1430.0000     1406.6062 12179180    1.64%
 506572 282360     1418.1540    67     1430.0000     1406.6062 12222793    1.64%
 508478 284089     1423.3333    47     1430.0000     1406.6062 12265263    1.64%
 510842 286206     1418.1540    35     1430.0000     1406.6062 12313092    1.64%
 513600 288664     1423.3333    64     1430.0000     1406.6062 12358993    1.64%
 516060 290753     1418.1540    49     1430.0000     1406.6066 12398118    1.64%
 518979 293368        cutoff           1430.0000     1406.6162 12440101    1.64%
Elapsed time = 808.08 sec. (937107.77 ticks, tree = 373.01 MB, solutions = 7)
 521534 295685     1418.1540    60     1430.0000     1406.6162 12485007    1.64%
 524556 298477     1407.7800    61     1430.0000     1406.6162 12523046    1.64%
 527980 301626     1423.3333    64     1430.0000     1406.6162 12562701    1.64%
 530515 303888     1425.1843    65     1430.0000     1406.6162 12609207    1.64%
 533252 306353     1417.4080    57     1430.0000     1406.6162 12649825    1.64%
 536039 308930     1423.3333    58     1430.0000     1406.6162 12698846    1.64%
 537883 310590     1423.3333    55     1430.0000     1406.6162 12750825    1.64%
 540189 312701     1418.1540    49     1430.0000     1406.6162 12799881    1.64%
 543418 315646     1418.1540    52     1430.0000     1406.6373 12837946    1.63%
 546501 318446     1424.0000    42     1430.0000     1406.6373 12881813    1.63%
Elapsed time = 840.27 sec. (975270.53 ticks, tree = 400.54 MB, solutions = 7)
 549628 321243     1418.1540    56     1430.0000     1406.6373 12920627    1.63%
 552424 323740     1418.1540    77     1430.0000     1406.6373 12957269    1.63%
 555591 326558     1424.1895    56     1430.0000     1406.6373 12996767    1.63%
 558730 329252     1423.3333    70     1430.0000     1406.6373 13035333    1.63%
 562084 332106     1418.1540    67     1430.0000     1406.6373 13066445    1.63%
 565546 335103    infeasible           1430.0000     1406.6373 13105952    1.63%
 568928 337929     1418.1540    47     1430.0000     1406.6373 13142002    1.63%
 571699 340338     1418.1540    55     1430.0000     1406.6373 13181771    1.63%
 575153 343435     1418.1540    59     1430.0000     1406.6373 13222087    1.63%
 577333 345380     1418.1540    56     1430.0000     1406.6373 13269247    1.63%
Elapsed time = 876.37 sec. (1013445.41 ticks, tree = 430.64 MB, solutions = 7)
 580466 348149     1418.6667    57     1430.0000     1406.6373 13312215    1.63%
 583678 350950     1418.1540    63     1430.0000     1406.6373 13352711    1.63%
 587035 353962     1424.0000    53     1430.0000     1406.6373 13394851    1.63%
 589864 356479     1407.7800    65     1430.0000     1406.6373 13435644    1.63%
 592593 358873     1407.7800    58     1430.0000     1406.6373 13480922    1.63%
 595438 361405     1418.1540    57     1430.0000     1406.6373 13520593    1.63%
 599058 364628     1418.1540    71     1430.0000     1406.6373 13557903    1.63%
 602090 367325     1418.1540    45     1430.0000     1406.6373 13592320    1.63%
 604832 369811     1425.6167    64     1430.0000     1406.6373 13638730    1.63%
 607574 372270     1418.1540    55     1430.0000     1406.6373 13680451    1.63%
Elapsed time = 906.80 sec. (1051661.80 ticks, tree = 460.12 MB, solutions = 7)
 610078 374517     1418.1540    64     1430.0000     1406.6373 13721207    1.63%
 612703 376826     1418.1540    42     1430.0000     1406.6373 13765602    1.63%
 615078 378929     1424.0000    25     1430.0000     1406.6373 13809321    1.63%
 617834 381457     1418.1540    49     1430.0000     1406.6373 13854976    1.63%
 620872 384147     1423.3333    60     1430.0000     1406.6373 13898540    1.63%
 623397 386403     1423.3333    46     1430.0000     1406.6373 13938628    1.63%
 626240 388943     1424.5195    60     1430.0000     1406.6373 13983848    1.63%
 629309 391746     1418.1540    52     1430.0000     1406.6373 14024618    1.63%
 632319 394468     1418.1540    54     1430.0000     1406.6373 14062669    1.63%
 635777 397555     1418.1540    46     1430.0000     1406.6373 14100636    1.63%
Elapsed time = 937.87 sec. (1090130.51 ticks, tree = 488.18 MB, solutions = 7)
 638782 400281     1424.4244    41     1430.0000     1406.6373 14138662    1.63%
 641574 402720     1418.1540    51     1430.0000     1406.6373 14182785    1.63%
 644504 405315     1418.2122    47     1430.0000     1406.6373 14225820    1.63%
 647529 408062        cutoff           1430.0000     1406.6373 14264101    1.63%
 650387 410616     1423.3333    27     1430.0000     1406.6373 14308764    1.63%
 653312 413115     1418.1540    47     1430.0000     1406.6373 14347631    1.63%
 655987 415547     1423.3333    72     1430.0000     1406.6373 14384838    1.63%
 658932 418011     1418.1540    64     1430.0000     1406.6373 14424283    1.63%
 661900 420632     1423.3333    46     1430.0000     1406.6373 14467230    1.63%
 664397 422870     1418.2122    52     1430.0000     1406.6373 14511084    1.63%
Elapsed time = 968.67 sec. (1128295.11 ticks, tree = 516.14 MB, solutions = 7)
 667146 425277     1418.1540    35     1430.0000     1406.6373 14553298    1.63%
 670844 428670     1418.1540    49     1430.0000     1406.6373 14587203    1.63%
 674057 431606     1424.0000    36     1430.0000     1406.6373 14622687    1.63%
 676496 433752     1424.0000    36     1430.0000     1406.6373 14668781    1.63%
 679498 436510     1418.1540    52     1430.0000     1406.6373 14709555    1.63%
 682454 439097     1423.3333    40     1430.0000     1406.6373 14751275    1.63%
 685398 441718     1423.3333    70     1430.0000     1406.6373 14789660    1.63%
 688080 444055     1406.6373    60     1430.0000     1406.6373 14828550    1.63%
 690981 446521     1418.1540    63     1430.0000     1406.6373 14868530    1.63%
 693563 448794     1418.1540    58     1430.0000     1406.6373 14913557    1.63%
Elapsed time = 998.95 sec. (1166470.21 ticks, tree = 544.61 MB, solutions = 7)
 696361 451268     1417.4080    42     1430.0000     1406.6373 14954165    1.63%
 699458 454052     1418.1540    68     1430.0000     1406.6373 14992478    1.63%
 702481 456632     1418.1540    54     1430.0000     1406.6373 15032176    1.63%
 704978 458776     1423.3333    51     1430.0000     1406.6373 15077786    1.63%
 707994 461321     1425.2941    75     1430.0000     1406.6373 15123534    1.63%
 711029 463929     1424.4244    68     1430.0000     1406.6373 15164456    1.63%
 713953 466542     1418.1540    52     1430.0000     1406.6373 15200428    1.63%
 716597 468864     1418.1540    38     1430.0000     1406.6373 15242605    1.63%
 719391 471331     1418.1540    59     1430.0000     1406.6373 15283265    1.63%
 722470 474035     1418.1540    51     1430.0000     1406.6373 15325212    1.63%
Elapsed time = 1030.36 sec. (1204945.64 ticks, tree = 576.33 MB, solutions = 7)
 725407 476559     1418.1540    38     1430.0000     1406.6373 15362691    1.63%
 727672 478623     1418.1540    66     1430.0000     1406.6373 15402910    1.63%
 731088 481688     1418.1540    78     1430.0000     1406.6373 15440530    1.63%
 733857 483820     1418.1540    58     1430.0000     1406.6373 15483112    1.63%
 736573 486175     1427.3333    48     1430.0000     1406.6373 15522894    1.63%
 739274 488609     1423.3333    46     1430.0000     1406.6373 15563567    1.63%
 741678 490779     1423.3333    70     1430.0000     1406.6373 15604088    1.63%
 744481 493250     1418.1540    54     1430.0000     1406.6373 15644952    1.63%
 747670 495973     1418.1540    58     1430.0000     1406.6373 15684971    1.63%
 750357 498404     1426.0000    59     1430.0000     1406.6373 15724829    1.63%
Elapsed time = 1061.17 sec. (1243162.85 ticks, tree = 604.03 MB, solutions = 7)
 753241 500964     1424.4244    34     1430.0000     1406.6373 15760176    1.63%
 756218 503573     1418.1540    44     1430.0000     1406.6373 15799535    1.63%
 759461 506493     1418.1540    64     1430.0000     1406.6373 15837441    1.63%
 762428 509167     1418.1540    48     1430.0000     1406.6373 15875403    1.63%
 765213 511587     1418.1540    47     1430.0000     1406.6373 15912652    1.63%
 768335 514223     1417.4080    58     1430.0000     1406.6373 15953282    1.63%
 771872 517251        cutoff           1430.0000     1406.6373 15993337    1.63%
 774680 519746     1418.1540    68     1430.0000     1406.6373 16035723    1.63%
 777884 522471     1417.4080    55     1430.0000     1406.6373 16073658    1.63%
 781172 525367     1423.3333    86     1430.0000     1406.6373 16113852    1.63%
Elapsed time = 1090.76 sec. (1281350.34 ticks, tree = 634.15 MB, solutions = 7)
 784384 528218     1418.1540    50     1430.0000     1406.6373 16153213    1.63%
 787210 530695     1425.3333    47     1430.0000     1406.6373 16191516    1.63%
 790204 533264     1407.7800    65     1430.0000     1406.6373 16236388    1.63%
 793014 535612     1423.3333    44     1430.0000     1406.6373 16280269    1.63%
 796338 538706     1417.4080    73     1430.0000     1406.6373 16316922    1.63%
 798807 540963     1418.1540    60     1430.0000     1406.6373 16361572    1.63%
 801860 543674     1406.6373    62     1430.0000     1406.6373 16401061    1.63%
 805067 546437     1418.1540    52     1430.0000     1406.6373 16436335    1.63%
 807501 548601     1424.0000    52     1430.0000     1406.6373 16476371    1.63%
 810463 551273     1418.1540    69     1430.0000     1406.6373 16514654    1.63%
Elapsed time = 1120.49 sec. (1319513.14 ticks, tree = 662.93 MB, solutions = 7)
 813442 553809        cutoff           1430.0000     1406.6373 16549308    1.63%
 816180 556267     1418.1540    70     1430.0000     1406.6373 16592128    1.63%
 819017 558833     1423.3333    45     1430.0000     1406.6373 16633133    1.63%
 821691 561095     1418.1540    64     1430.0000     1406.6373 16672919    1.63%
 824696 563737     1417.4080    77     1430.0000     1406.6373 16710060    1.63%
 827348 566025     1423.3333    43     1430.0000     1406.6373 16749220    1.63%
 829984 568266     1418.1540    40     1430.0000     1406.6373 16785746    1.63%
 833278 571171     1418.1540    46     1430.0000     1406.6373 16822723    1.63%
 836572 574126     1418.1540    49     1430.0000     1406.6373 16858016    1.63%
 839190 576399     1417.4080    71     1430.0000     1406.6373 16896456    1.63%
Elapsed time = 1150.32 sec. (1357700.51 ticks, tree = 694.79 MB, solutions = 7)
 841775 578630     1418.1540    35     1430.0000     1406.6373 16940642    1.63%
 844879 581394     1417.4080    38     1430.0000     1406.6373 16981360    1.63%
 847279 583526     1413.1243    55     1430.0000     1406.6373 17020055    1.63%
 849839 585848     1424.0000    43     1430.0000     1406.6373 17065057    1.63%
 852661 588354     1418.1540    60     1430.0000     1406.6373 17107061    1.63%
 854704 590116     1423.3333    64     1430.0000     1406.6373 17153351    1.63%
 857684 592663     1423.3333    58     1430.0000     1406.6373 17192648    1.63%
 860432 595019     1418.1540    58     1430.0000     1406.6373 17229523    1.63%
 862744 597049     1417.4080    39     1430.0000     1406.6373 17275406    1.63%
 865425 599289     1418.5590    82     1430.0000     1406.6373 17316775    1.63%
Elapsed time = 1180.50 sec. (1395888.78 ticks, tree = 720.19 MB, solutions = 7)
 868268 601785     1423.3333    54     1430.0000     1406.6373 17360927    1.63%
 870662 603852     1418.1540    52     1430.0000     1406.6373 17412512    1.63%
 873181 606059     1423.3333    55     1430.0000     1406.6373 17452665    1.63%
 875485 608103     1418.1540    38     1430.0000     1406.6373 17504058    1.63%
 878340 610611     1418.1540    51     1430.0000     1406.6373 17543014    1.63%
 881205 613179     1418.1540    44     1430.0000     1406.6373 17584023    1.63%
 884193 615660     1418.1540    49     1430.0000     1406.6373 17623629    1.63%
 887102 618232     1423.3333    64     1430.0000     1406.6373 17662057    1.63%
 889618 620468     1424.8392    72     1430.0000     1406.6373 17708015    1.63%
 892484 623013     1417.4080    63     1430.0000     1406.6373 17746932    1.63%
Elapsed time = 1210.69 sec. (1434112.37 ticks, tree = 746.69 MB, solutions = 7)
 895237 625394     1417.8155    68     1430.0000     1406.6373 17786524    1.63%
 897359 627247     1423.3333    53     1430.0000     1406.6373 17827584    1.63%
 899751 629269     1424.1895    54     1430.0000     1406.6373 17869253    1.63%
 902478 631572     1418.1540    45     1430.0000     1406.6373 17910678    1.63%
 905636 634257     1418.2122    53     1430.0000     1406.6373 17949324    1.63%
 908355 636692     1418.1540    49     1430.0000     1406.6373 17989877    1.63%
 910932 638921     1418.1540    47     1430.0000     1406.6373 18032284    1.63%
 913434 641166     1417.4080    79     1430.0000     1406.6373 18080325    1.63%
 916054 643475     1425.3653    48     1430.0000     1406.6373 18116526    1.63%
 918873 645885     1423.3333    37     1430.0000     1406.6373 18160010    1.63%
Elapsed time = 1240.85 sec. (1472336.08 ticks, tree = 772.20 MB, solutions = 7)
 921415 648060     1425.3653    59     1430.0000     1406.6373 18205752    1.63%
 924664 650791     1423.3333    55     1430.0000     1406.6373 18245630    1.63%
 927914 653497     1418.1540    62     1430.0000     1406.6373 18283917    1.63%
 930078 655373     1406.6373    65     1430.0000     1406.6373 18328189    1.63%
 932818 657524     1417.4080    53     1430.0000     1406.6373 18367368    1.63%
 935243 659585     1417.4080    58     1430.0000     1406.6373 18415176    1.63%
 937797 661807     1418.1540    64     1430.0000     1406.6373 18463243    1.63%
 940041 663701     1418.1540    35     1430.0000     1406.6373 18503679    1.63%
 942925 666193     1423.3333    55     1430.0000     1406.6373 18545142    1.63%
 945680 668558     1418.1540    51     1430.0000     1406.6373 18587413    1.63%
Elapsed time = 1271.10 sec. (1510569.46 ticks, tree = 798.15 MB, solutions = 7)
 948148 670717     1423.3333    57     1430.0000     1406.6373 18624154    1.63%
 950711 672864     1423.3333    56     1430.0000     1406.6373 18667680    1.63%
 952863 674777     1418.1540    54     1430.0000     1406.6373 18714568    1.63%
 954958 676667     1406.6373    62     1430.0000     1406.6373 18754921    1.63%
 957317 678675     1423.3333    47     1430.0000     1406.6373 18791058    1.63%
 960318 681361     1418.1540    54     1430.0000     1406.6373 18833427    1.63%
 963759 684403        cutoff           1430.0000     1406.6373 18870624    1.63%
 966202 686435        cutoff           1430.0000     1406.6373 18914196    1.63%
 969478 689386     1418.1540    57     1430.0000     1406.6373 18951704    1.63%
 972368 692002     1418.1540    58     1430.0000     1406.6373 18995411    1.63%
Elapsed time = 1301.37 sec. (1548972.59 ticks, tree = 828.77 MB, solutions = 7)
 975182 694402     1418.1540    48     1430.0000     1406.6373 19039867    1.63%
 978006 696912     1423.3333    55     1430.0000     1406.6373 19080651    1.63%
 980435 698965     1407.7800    63     1430.0000     1406.6373 19119264    1.63%
 983303 701056     1418.1540    59     1430.0000     1406.6373 19160960    1.63%
 986058 703428     1423.3333    61     1430.0000     1406.6373 19203518    1.63%
 989326 706359     1417.4080    48     1430.0000     1406.6373 19239072    1.63%
 992227 708867     1418.1540    44     1430.0000     1406.6373 19283805    1.63%
 995448 711812     1418.1540    45     1430.0000     1406.6373 19325875    1.63%
 998478 714534     1423.5399    46     1430.0000     1406.6373 19361574    1.63%
 1001209 716920     1418.1540    44     1430.0000     1406.6373 19403192    1.63%
Elapsed time = 1331.30 sec. (1587190.31 ticks, tree = 856.46 MB, solutions = 7)
 1004533 719923     1424.0000    29     1430.0000     1406.6373 19440362    1.63%
 1007265 722370     1418.1540    73     1430.0000     1406.6373 19485179    1.63%
 1010304 725058     1418.1540    36     1430.0000     1406.6373 19521902    1.63%
 1013568 727951     1425.3653    54     1430.0000     1406.6373 19562613    1.63%
 1016603 730500     1418.1540    66     1430.0000     1406.6373 19603074    1.63%
 1019291 732800     1418.1540    64     1430.0000     1406.6373 19642446    1.63%
 1022446 735541     1423.3333    33     1430.0000     1406.6373 19683627    1.63%
 1025554 738189     1424.3461    61     1430.0000     1406.6373 19721197    1.63%
 1028422 740513     1418.1540    65     1430.0000     1406.6373 19759487    1.63%
 1031777 743571     1418.1540    35     1430.0000     1406.6373 19798034    1.63%
Elapsed time = 1361.64 sec. (1625352.40 ticks, tree = 885.65 MB, solutions = 7)
 1034341 745813     1423.3333    46     1430.0000     1406.6373 19839463    1.63%
 1036778 747964     1418.1540    60     1430.0000     1406.6373 19880084    1.63%
 1040034 750702     1418.1540    56     1430.0000     1406.6373 19918380    1.63%
 1042730 753013     1423.3333    64     1430.0000     1406.6373 19959315    1.63%
 1045544 755398     1418.2133    61     1430.0000     1406.6373 19998360    1.63%
 1048086 757707     1418.1540    51     1430.0000     1406.6373 20040664    1.63%
 1050878 760019     1417.4080    65     1430.0000     1406.6373 20079298    1.63%
 1053449 762244     1423.3333    65     1430.0000     1406.6373 20116650    1.63%
 1056298 764660     1423.3333    80     1430.0000     1406.6373 20159459    1.63%
 1058894 766863     1418.1540    62     1430.0000     1406.6373 20201904    1.63%
Elapsed time = 1391.50 sec. (1663575.25 ticks, tree = 911.50 MB, solutions = 7)
 1061727 769438     1418.1540    73     1430.0000     1406.6373 20238026    1.63%
 1064449 771857     1423.3333    49     1430.0000     1406.6373 20280707    1.63%
 1067042 774130     1407.7800    80     1430.0000     1406.6373 20324520    1.63%
 1069327 776067     1423.3333    68     1430.0000     1406.6373 20364395    1.63%
 1071860 778286     1423.3333    37     1430.0000     1406.6373 20411047    1.63%
 1074798 780712    infeasible           1430.0000     1406.6373 20449429    1.63%
 1077179 782742     1417.4080    58     1430.0000     1406.6373 20494168    1.63%
 1080231 785443     1418.1540    46     1430.0000     1406.6373 20533516    1.63%
 1083383 788229     1418.1540    46     1430.0000     1406.6373 20573721    1.63%
 1085722 790182     1425.7318    43     1430.0000     1406.6373 20616066    1.63%
Elapsed time = 1421.54 sec. (1701730.31 ticks, tree = 937.38 MB, solutions = 7)
 1088748 792790     1418.1540    65     1430.0000     1406.6373 20656993    1.63%
 1091463 795171     1423.3333    49     1430.0000     1406.6373 20698886    1.63%
 1094115 797377     1417.4592    51     1430.0000     1406.6373 20738763    1.63%
 1096568 799542     1418.1540    34     1430.0000     1406.6373 20785419    1.63%
 1099384 801926     1418.1540    36     1430.0000     1406.6373 20828482    1.63%
 1102450 804504        cutoff           1430.0000     1406.6373 20863809    1.63%
 1105040 806709     1406.6373    84     1430.0000     1406.6373 20900899    1.63%
 1107060 808412     1423.3333    65     1430.0000     1406.6373 20944693    1.63%
 1109633 810747     1423.3333    63     1430.0000     1406.6373 20992174    1.63%
 1112178 812967     1418.1540    50     1430.0000     1406.6373 21038102    1.63%
Elapsed time = 1451.67 sec. (1740039.64 ticks, tree = 968.34 MB, solutions = 7)
 1115077 815526     1417.4080    58     1430.0000     1406.6373 21074459    1.63%
 1117994 818080     1418.1540    43     1430.0000     1406.6373 21116047    1.63%
 1121059 820892     1418.1540    72     1430.0000     1406.6373 21149697    1.63%
 1123869 823345     1418.1540    55     1430.0000     1406.6373 21191166    1.63%
 1126975 825808     1423.3333    53     1430.0000     1406.6373 21229889    1.63%
 1129473 827880     1418.1540    48     1430.0000     1406.6373 21267946    1.63%
 1132761 830683     1407.7800    58     1430.0000     1406.6373 21307406    1.63%
 1135783 833434     1418.1540    40     1430.0000     1406.6373 21346557    1.63%
 1138319 835607     1418.1540    53     1430.0000     1406.6373 21383978    1.63%
 1141444 838098     1417.4080    61     1430.0000     1406.6373 21423537    1.63%
Elapsed time = 1481.24 sec. (1778202.36 ticks, tree = 996.06 MB, solutions = 7)
 1143976 840218     1418.1540    61     1430.0000     1406.6373 21462157    1.63%
 1146995 842842     1418.1540    48     1430.0000     1406.6373 21501555    1.63%
 1149788 845252     1418.1540    47     1430.0000     1406.6373 21541100    1.63%
 1152638 847724     1424.2027    34     1430.0000     1406.6373 21580622    1.63%
 1155230 849988     1418.1540    40     1430.0000     1406.6373 21626628    1.63%
 1158383 852768     1418.1540    55     1430.0000     1406.6373 21662032    1.63%
 1161271 855243     1423.3333    46     1430.0000     1406.6373 21705334    1.63%
 1163595 857293     1417.4080    67     1430.0000     1406.6373 21752006    1.63%
 1165953 859345        cutoff           1430.0000     1406.6373 21792865    1.63%
 1168985 862045     1423.3333    90     1430.0000     1406.6373 21832484    1.63%
Elapsed time = 1511.07 sec. (1816383.74 ticks, tree = 1022.93 MB, solutions = 7)
 1171470 864276     1423.3333    79     1430.0000     1406.6373 21874672    1.63%
 1173974 866355     1406.6373    57     1430.0000     1406.6373 21921933    1.63%
 1176636 868568     1418.1540    62     1430.0000     1406.6373 21960934    1.63%
 1179626 870993     1418.1540    63     1430.0000     1406.6373 21997805    1.63%
 1181741 872745     1424.1895    39     1430.0000     1406.6373 22040432    1.63%
 1184423 875066     1423.3333    57     1430.0000     1406.6373 22084425    1.63%
 1187083 877366     1423.4171    54     1430.0000     1406.6373 22126832    1.63%
 1190079 879965     1417.4080    65     1430.0000     1406.6373 22161757    1.63%
 1192858 882469     1418.1540    68     1430.0000     1406.6373 22205417    1.63%
 1196187 885431     1423.3333    38     1430.0000     1406.6373 22240344    1.63%
Elapsed time = 1541.10 sec. (1854556.49 ticks, tree = 1048.90 MB, solutions = 7)
 1198748 887650     1418.1540    47     1430.0000     1406.6373 22278154    1.63%
 1201486 890048     1418.1540    28     1430.0000     1406.6373 22320149    1.63%
 1204202 892388     1417.4080    34     1430.0000     1406.6373 22361739    1.63%
 1207229 894924     1418.1540    52     1430.0000     1406.6566 22397355    1.63%
 1209151 896611     1424.0000    39     1430.0000     1406.6566 22444093    1.63%
 1210723 898006     1423.3333    62     1430.0000     1406.6566 22496728    1.63%
 1212722 899821     1423.3333    67     1430.0000     1406.6877 22544620    1.63%
 1215774 902609     1418.1540    40     1430.0000     1406.6877 22588352    1.63%
 1218278 904802     1418.1540    57     1430.0000     1406.6877 22627668    1.63%
 1220868 907067     1418.1540    48     1430.0000     1406.6877 22664214    1.63%
Elapsed time = 1571.79 sec. (1892859.55 ticks, tree = 1072.63 MB, solutions = 7)
 1223627 909476     1418.1540    72     1430.0000     1406.6877 22705643    1.63%
 1226489 912037     1418.1540    48     1430.0000     1406.6877 22743673    1.63%
 1229365 914552     1407.1044    77     1430.0000     1406.6877 22786310    1.63%
 1231524 916500     1418.1540    60     1430.0000     1406.6877 22828105    1.63%
 1234578 919180     1424.4244    51     1430.0000     1406.6877 22870373    1.63%
 1237412 921724     1418.1540    58     1430.0000     1406.6877 22913879    1.63%
 1240142 924136     1418.1540    54     1430.0000     1406.6877 22953895    1.63%
 1242556 926229     1418.1540    56     1430.0000     1406.6877 22999373    1.63%
 1245077 928491     1424.0000    30     1430.0000     1406.6877 23041096    1.63%
 1247430 930582     1426.0251    60     1430.0000     1406.6877 23088329    1.63%
Elapsed time = 1602.54 sec. (1931018.09 ticks, tree = 1098.38 MB, solutions = 7)
 1249172 932108     1418.1540    72     1430.0000     1406.6877 23135480    1.63%
 1250818 933582     1423.3333    27     1430.0000     1406.6877 23183644    1.63%
 1252762 935277     1418.1540    46     1430.0000     1406.6877 23230160    1.63%
 1254184 936516     1407.1044    59     1430.0000     1406.6877 23279126    1.63%
 1256222 938265     1418.1540    64     1430.0000     1406.6877 23321842    1.63%
 1258776 940497     1419.8399    56     1430.0000     1406.6877 23368340    1.63%
 1261020 942489        cutoff           1430.0000     1406.6877 23408243    1.63%
 1263077 944275     1425.3653    59     1430.0000     1406.6877 23453929    1.63%
 1265019 945955     1418.6667    44     1430.0000     1406.6877 23498461    1.63%
 1266778 947384     1418.1540    47     1430.0000     1406.6877 23540431    1.63%
Elapsed time = 1633.98 sec. (1969254.29 ticks, tree = 1117.45 MB, solutions = 7)
 1268808 949112     1419.6314    44     1430.0000     1406.6877 23590072    1.63%
 1270772 950774     1423.3333    43     1430.0000     1406.6877 23641642    1.63%
 1273278 953048     1418.1540    62     1430.0000     1406.6877 23679730    1.63%
 1275486 954959     1423.3333    68     1430.0000     1406.6877 23727508    1.63%
 1277997 957149     1423.3333    66     1430.0000     1406.6877 23766964    1.63%
 1280688 959500     1418.1540    76     1430.0000     1406.6877 23810132    1.63%
 1282440 960968     1423.3333    67     1430.0000     1406.6877 23853819    1.63%
 1284628 962841     1423.3333    57     1430.0000     1406.6877 23902378    1.63%
 1286090 964124     1422.6241    74     1430.0000     1406.6877 23947963    1.63%
 1287523 965338     1424.8558    43     1430.0000     1406.6877 24003302    1.63%
Elapsed time = 1674.34 sec. (2007449.45 ticks, tree = 1137.46 MB, solutions = 7)
 1289278 966918     1423.3333    68     1430.0000     1406.6877 24049653    1.63%
 1291148 968574     1423.3333    62     1430.0000     1406.6877 24102841    1.63%
 1292753 969976     1407.1044    44     1430.0000     1406.6877 24148959    1.63%
 1294372 971371     1423.3333    52     1430.0000     1406.6877 24200324    1.63%
 1296552 973322     1407.1044    49     1430.0000     1406.6877 24250946    1.63%
 1298278 974885     1419.8399    51     1430.0000     1406.6877 24300141    1.63%
 1300204 976507     1423.3333    63     1430.0000     1406.6877 24349369    1.63%
 1302027 978109     1423.3333    69     1430.0000     1406.6877 24390664    1.63%
 1304182 980021        cutoff           1430.0000     1406.6877 24436515    1.63%
 1306758 982302     1418.1540    49     1430.0000     1406.6877 24480969    1.63%
Elapsed time = 1720.14 sec. (2045780.85 ticks, tree = 1163.30 MB, solutions = 7)
 1308531 983921     1423.7931    50     1430.0000     1406.6877 24528755    1.63%
 1310179 985351     1423.3333    18     1430.0000     1406.6877 24574420    1.63%
 1312130 987097     1426.3708    52     1430.0000     1406.6877 24623058    1.63%
 1313549 988291     1423.3333    52     1430.0000     1406.6877 24669441    1.63%
 1315506 989926     1423.3333    49     1430.0000     1406.6877 24715041    1.63%
 1317330 991532     1407.1044    65     1430.0000     1406.6877 24759767    1.63%
 1319578 993514     1423.3333    50     1430.0000     1406.6877 24806069    1.63%
 1321661 995279     1419.8399    65     1430.0000     1406.6877 24849156    1.63%
 1323732 997086     1418.1540    64     1430.0000     1406.6877 24890132    1.63%
 1325696 998759     1423.3333    38     1430.0000     1406.7715 24938614    1.62%
Elapsed time = 1766.61 sec. (2083990.08 ticks, tree = 1182.03 MB, solutions = 7)
 1327442 1000295     1419.6308    53     1430.0000     1406.8029 24982304    1.62%
 1329374 1002018     1418.1441    69     1430.0000     1406.8029 25034989    1.62%
 1331572 1003943     1418.1441    53     1430.0000     1406.8029 25080840    1.62%
 1333259 1005386     1419.6308    72     1430.0000     1406.8029 25127638    1.62%
 1334407 1006406     1418.0405    45     1430.0000     1407.0000 25172868    1.61%
 1335297 1007152     1418.1540    49     1430.0000     1407.0000 25218468    1.61%
 1336392 1008081     1418.1441    76     1430.0000     1407.0000 25266061    1.61%
 1337183 1008765     1417.4080    54     1430.0000     1407.0000 25309334    1.61%
 1338209 1009665     1418.1441    78     1430.0000     1407.0000 25351173    1.61%
 1339424 1010761     1417.4080    57     1430.0000     1407.0000 25393833    1.61%
Elapsed time = 1812.10 sec. (2122302.96 ticks, tree = 1196.06 MB, solutions = 7)
 1341030 1012071     1417.4080    77     1430.0000     1407.0000 25438536    1.61%
 1341950 1012921     1407.0000    68     1430.0000     1407.0000 25481118    1.61%
 1343249 1014020     1417.4080    90     1430.0000     1407.0000 25523746    1.61%
 1344278 1014900     1418.1540    66     1430.0000     1407.0000 25566507    1.61%
 1345582 1015943     1418.1540    56     1430.0000     1407.0000 25605776    1.61%
 1346904 1017065     1417.4080    57     1430.0000     1407.0000 25651185    1.61%
 1348643 1018576     1423.3333    64     1430.0000     1407.1044 25700745    1.60%
 1350334 1020001     1419.6314    68     1430.0000     1407.1044 25746750    1.60%
 1352078 1021546     1423.3333    51     1430.0000     1407.1044 25795156    1.60%
 1353892 1023061     1423.3333    69     1430.0000     1407.1044 25841141    1.60%
Elapsed time = 1857.92 sec. (2160651.53 ticks, tree = 1209.82 MB, solutions = 7)
 1355596 1024507     1418.1540    58     1430.0000     1407.1044 25891957    1.60%
 1357478 1026107     1419.6314    88     1430.0000     1407.1044 25941423    1.60%
 1359190 1027562     1423.3333    55     1430.0000     1407.1044 25989442    1.60%
 1361473 1029580     1423.3333    50     1430.0000     1407.1044 26032678    1.60%
 1362715 1030599     1419.6314    44     1430.0000     1407.1044 26077315    1.60%
 1364838 1032457     1423.3333    59     1430.0000     1407.1044 26121327    1.60%
 1366369 1033771     1423.3333    62     1430.0000     1407.1044 26172346    1.60%
 1368345 1035550     1423.3333    68     1430.0000     1407.1044 26213716    1.60%
 1370560 1037410     1418.1540    55     1430.0000     1407.6324 26259858    1.56%
 1374118 1040590     1418.1540    61     1430.0000     1407.6324 26295434    1.56%
Elapsed time = 1903.43 sec. (2198850.10 ticks, tree = 1229.66 MB, solutions = 7)
 1377234 1043286     1418.2122    42     1430.0000     1407.6324 26328437    1.56%
 1380720 1046315     1418.1540    49     1430.0000     1407.6324 26366447    1.56%
 1384455 1049597     1418.1540    67     1430.0000     1407.6324 26403631    1.56%
 1388288 1053037     1418.1540    57     1430.0000     1407.6324 26438146    1.56%
 1392008 1056289     1418.1540    52     1430.0000     1407.6324 26470925    1.56%
 1394604 1058554     1415.5000    65     1430.0000     1407.6347 26514449    1.56%
 1396495 1060301     1423.3333    65     1430.0000     1407.6347 26559605    1.56%
 1398399 1062001     1423.3333    30     1430.0000     1407.6347 26608311    1.56%
 1400378 1063765     1419.6308    55     1430.0000     1407.6347 26659633    1.56%
 1402629 1065798     1418.1441    41     1430.0000     1407.6347 26710449    1.56%
Elapsed time = 1947.83 sec. (2237404.31 ticks, tree = 1258.44 MB, solutions = 7)
 1405320 1068238     1423.3333    74     1430.0000     1407.6347 26756218    1.56%
 1407737 1070416     1418.1441    63     1430.0000     1407.6347 26793616    1.56%
 1409888 1072365     1423.3333    37     1430.0000     1407.6347 26842342    1.56%
 1412171 1074401     1423.3333    62     1430.0000     1407.6347 26887407    1.56%
 1414713 1076648        cutoff           1430.0000     1407.6448 26935027    1.56%
 1417144 1078779     1424.9568    35     1430.0000     1407.6448 26976014    1.56%
 1419493 1080891     1423.7628    53     1430.0000     1407.6448 27025290    1.56%
 1421608 1082810     1423.3333    36     1430.0000     1407.6548 27069181    1.56%
 1423910 1084950     1423.3333    57     1430.0000     1407.6671 27117544    1.56%
 1426221 1087033        cutoff           1430.0000     1407.6671 27161840    1.56%
Elapsed time = 1993.05 sec. (2275613.01 ticks, tree = 1282.15 MB, solutions = 7)
 1428472 1089033     1423.3333    67     1430.0000     1407.6671 27210764    1.56%
 1430878 1091186     1426.3394    56     1430.0000     1407.6671 27255416    1.56%
 1433336 1093365     1424.7220    51     1430.0000     1407.6671 27302890    1.56%
 1435319 1095136     1423.3333    43     1430.0000     1407.6671 27356115    1.56%
 1437662 1097209     1423.3333    39     1430.0000     1407.6671 27396936    1.56%
 1439613 1098969     1423.3333    53     1430.0000     1407.6671 27450985    1.56%
 1441804 1100962     1423.3333    48     1430.0000     1407.6671 27502086    1.56%
 1443743 1102675     1418.1441    57     1430.0000     1407.6671 27548916    1.56%
 1445655 1104398     1423.3333    33     1430.0000     1407.6671 27599127    1.56%
 1447584 1106163     1419.6308    66     1430.0000     1407.6671 27644846    1.56%
Elapsed time = 2038.74 sec. (2313804.54 ticks, tree = 1305.41 MB, solutions = 7)
 1450347 1108673     1419.6308    74     1430.0000     1407.6671 27690979    1.56%
 1453013 1111103     1419.6308    52     1430.0000     1407.6671 27736509    1.56%
 1455008 1112921     1419.6308    67     1430.0000     1407.6671 27784866    1.56%
 1457747 1115370     1423.3333    64     1430.0000     1407.6671 27833071    1.56%
 1459944 1117329     1423.3333    44     1430.0000     1407.6671 27884633    1.56%
 1462040 1119171     1419.6308    59     1430.0000     1407.6671 27935766    1.56%
 1464419 1121228     1424.0000    23     1430.0000     1407.6671 27980191    1.56%
 1466693 1123285     1418.1441    50     1430.0000     1407.6671 28029350    1.56%
 1468706 1125126     1423.3333    62     1430.0000     1407.6671 28077746    1.56%
 1471470 1127636     1423.3333    39     1430.0000     1407.6671 28124255    1.56%
Elapsed time = 2083.81 sec. (2351971.63 ticks, tree = 1330.63 MB, solutions = 7)
 1473483 1129450     1423.3333    55     1430.0000     1407.6671 28180106    1.56%
 1475359 1131145    infeasible           1430.0000     1407.6671 28229634    1.56%
 1477554 1133132     1423.3333    35     1430.0000     1407.6671 28282986    1.56%
 1479908 1135226     1424.0000    13     1430.0000     1407.6671 28331240    1.56%
 1482243 1137349     1424.0000    55     1430.0000     1407.6671 28374503    1.56%
 1484581 1139460     1423.4215    54     1430.0000     1407.6671 28421087    1.56%
 1486344 1141038     1423.3333    78     1430.0000     1407.6671 28473870    1.56%
 1488408 1142865     1418.1441    60     1430.0000     1407.6671 28516838    1.56%
 1490506 1144761     1419.6308    44     1430.0000     1407.6671 28567902    1.56%
 1493040 1147029     1418.1441    38     1430.0000     1407.6671 28612673    1.56%
Elapsed time = 2129.26 sec. (2390175.59 ticks, tree = 1353.07 MB, solutions = 7)
 1494897 1148677     1423.3333    32     1430.0000     1407.6671 28660193    1.56%
 1497413 1150923     1423.3333    56     1430.0000     1407.6671 28708649    1.56%
 1499929 1153192     1426.3394    61     1430.0000     1407.6671 28759620    1.56%
 1502002 1155035     1423.3333    51     1430.0000     1407.6671 28807146    1.56%
 1504456 1157211     1419.6308    56     1430.0000     1407.6671 28860394    1.56%
 1507095 1159500     1423.3333    37     1430.0000     1407.6671 28903005    1.56%
 1509313 1161528     1426.9992    55     1430.0000     1407.6671 28955944    1.56%
 1511427 1163417     1419.6308    63     1430.0000     1407.6671 29000063    1.56%
 1513592 1165363     1424.0000    22     1430.0000     1407.6671 29057555    1.56%
 1515791 1167323        cutoff           1430.0000     1407.6671 29114440    1.56%
Elapsed time = 2174.97 sec. (2428351.27 ticks, tree = 1378.64 MB, solutions = 7)
 1518248 1169472     1423.3333    52     1430.0000     1407.6671 29156895    1.56%
 1520472 1171467     1426.3394    61     1430.0000     1407.6671 29207798    1.56%
 1522969 1173661     1426.3394    71     1430.0000     1407.6671 29258388    1.56%
 1525111 1175508     1423.3333    29     1430.0000     1407.6671 29308735    1.56%
 1527236 1177418     1423.3333    48     1430.0000     1407.6671 29359713    1.56%
 1529874 1179817     1423.3333    50     1430.0000     1407.6671 29404786    1.56%
 1531724 1181470     1423.3333    55     1430.0000     1407.6671 29457388    1.56%
 1533664 1183253     1423.8978    41     1430.0000     1407.6671 29502219    1.56%
 1536431 1185709     1423.3333    64     1430.0000     1407.6671 29547782    1.56%
 1539071 1188018     1423.3333    86     1430.0000     1407.6671 29595220    1.56%
Elapsed time = 2220.59 sec. (2466546.10 ticks, tree = 1411.59 MB, solutions = 7)
 1541174 1189875     1423.3333    65     1430.0000     1407.6671 29637365    1.56%
 1543572 1192026     1423.5742    31     1430.0000     1407.6671 29686704    1.56%
 1545839 1194062     1418.1441    55     1430.0000     1407.6671 29735275    1.56%
 1548138 1196097     1423.3333    49     1430.0000     1407.6671 29773975    1.56%
 1550148 1197868     1423.3333    52     1430.0000     1407.6671 29823353    1.56%
 1552361 1199863     1423.3333    53     1430.0000     1407.6671 29873003    1.56%
 1554503 1201814     1423.3333    67     1430.0000     1407.6671 29917364    1.56%
 1556842 1203908     1418.1441    31     1430.0000     1407.6671 29967497    1.56%
 1558712 1205545     1419.6308    75     1430.0000     1407.6671 30016059    1.56%
 1561103 1207708     1423.3333    53     1430.0000     1407.6671 30061331    1.56%
Elapsed time = 2264.24 sec. (2504776.87 ticks, tree = 1434.44 MB, solutions = 7)
 1563116 1209455     1423.3333    64     1430.0000     1407.6671 30110427    1.56%
 1565239 1211326     1407.7894    55     1430.0000     1407.6671 30155541    1.56%
 1567678 1213542     1419.6308    42     1430.0000     1407.6671 30198400    1.56%
 1570099 1215684     1423.3333    48     1430.0000     1407.6671 30245660    1.56%
 1572547 1217897     1419.6308    52     1430.0000     1407.6671 30297134    1.56%
 1574175 1219387     1423.3333    36     1430.0000     1407.6671 30345692    1.56%
 1576715 1221685     1418.1441    65     1430.0000     1407.6671 30395478    1.56%
 1579106 1223869     1423.3333    74     1430.0000     1407.6671 30438990    1.56%
 1581433 1225966     1423.3333    54     1430.0000     1407.6671 30488386    1.56%
 1583328 1227705     1423.3333    54     1430.0000     1407.6671 30539669    1.56%
Elapsed time = 2295.98 sec. (2543150.72 ticks, tree = 1457.27 MB, solutions = 7)
 1585671 1229806     1418.1540    61     1430.0000     1407.7478 30581753    1.56%
 1588590 1232362     1418.1540    64     1430.0000     1407.7478 30622402    1.56%
 1591226 1234665     1418.1540    40     1430.0000     1407.7478 30660140    1.56%
 1593928 1237005     1418.1540    50     1430.0000     1407.7478 30702595    1.56%
 1597404 1240118     1418.1540    52     1430.0000     1407.7478 30738864    1.56%
 1600699 1243070     1418.1540    57     1430.0000     1407.7478 30775358    1.56%
 1604097 1246152     1418.1540    68     1430.0000     1407.7478 30807896    1.56%
 1607493 1249150     1418.1540    56     1430.0000     1407.7478 30846325    1.56%
 1610478 1251765     1418.1540    63     1430.0000     1407.7478 30886729    1.56%
 1613958 1254750     1418.1540    60     1430.0000     1407.7478 30925207    1.56%
Elapsed time = 2326.15 sec. (2581428.56 ticks, tree = 1487.48 MB, solutions = 7)
 1617133 1257629        cutoff           1430.0000     1407.7478 30962404    1.56%
 1620682 1260832     1418.1540    30     1430.0000     1407.7478 30999309    1.56%
 1623763 1263538     1418.1540    60     1430.0000     1407.7478 31035182    1.56%
 1627278 1266693     1418.1540    66     1430.0000     1407.7478 31072393    1.56%
 1630117 1269126     1418.1540    58     1430.0000     1407.7478 31106849    1.56%
 1633158 1271783     1423.3333    84     1430.0000     1407.7571 31148925    1.56%
 1636079 1274431     1418.1540    47     1430.0000     1407.7578 31188128    1.56%
 1639528 1277561     1418.1540    72     1430.0000     1407.7578 31223206    1.56%
 1642458 1280104     1418.1540    39     1430.0000     1407.7578 31262391    1.56%
 1645278 1282581     1418.1540    48     1430.0000     1407.7578 31296497    1.56%
Elapsed time = 2356.46 sec. (2619723.15 ticks, tree = 1518.46 MB, solutions = 7)
 1648894 1285730     1418.1540    58     1430.0000     1407.7800 31332224    1.55%
 1652626 1288948     1418.1540    62     1430.0000     1407.7800 31368030    1.55%
 1655747 1291746     1418.1540    52     1430.0000     1407.7800 31401762    1.55%
 1658841 1294472     1418.1540    62     1430.0000     1407.7800 31440942    1.55%
 1662403 1297718     1418.1540    40     1430.0000     1407.7800 31477475    1.55%
 1665558 1300533     1418.1540    47     1430.0000     1407.7800 31511065    1.55%
 1669363 1303763     1418.1540    65     1430.0000     1407.7800 31546107    1.55%
 1673137 1306975     1424.6824    47     1430.0000     1407.7800 31583603    1.55%
 1676261 1309682     1418.1540    42     1430.0000     1407.7800 31618014    1.55%
 1679612 1312488     1418.1540    64     1430.0000     1407.7800 31657135    1.55%
Elapsed time = 2386.28 sec. (2657887.78 ticks, tree = 1552.12 MB, solutions = 7)
 1683505 1315775     1424.3461    66     1430.0000     1407.7800 31693964    1.55%
 1687046 1318907     1418.1540    35     1430.0000     1407.7800 31728121    1.55%
 1690977 1322445     1418.1540    46     1430.0000     1407.7800 31764861    1.55%
 1694476 1325536     1418.1540    43     1430.0000     1407.7800 31797241    1.55%
 1698478 1329073     1418.1540    51     1430.0000     1407.7800 31832055    1.55%
 1701954 1332075     1418.1540    54     1430.0000     1407.7800 31868023    1.55%
 1705223 1334787     1418.1540    46     1430.0000     1407.7800 31902836    1.55%
 1708848 1337857     1418.1540    44     1430.0000     1407.7800 31940712    1.55%
 1712498 1340946     1418.1540    50     1430.0000     1407.7800 31977914    1.55%
 1716268 1344358     1418.1540    68     1430.0000     1407.7800 32011714    1.55%
Elapsed time = 2415.66 sec. (2696056.58 ticks, tree = 1587.50 MB, solutions = 7)
 1719783 1347373     1418.1540    59     1430.0000     1407.7800 32047356    1.55%
 1723062 1350185     1418.1540    62     1430.0000     1407.7800 32081146    1.55%
 1726864 1353564     1418.1540    51     1430.0000     1407.7800 32118410    1.55%
 1730418 1356676     1418.1540    48     1430.0000     1407.7800 32153593    1.55%
 1734117 1359851        cutoff           1430.0000     1407.7800 32189940    1.55%
 1737456 1362714     1418.1540    46     1430.0000     1407.7800 32224569    1.55%
 1740800 1365664     1418.1540    63     1430.0000     1407.7800 32258901    1.55%
 1744284 1368654     1418.1540    47     1430.0000     1407.7800 32296025    1.55%
 1747445 1371253     1418.1540    36     1430.0000     1407.7800 32328716    1.55%
 1750779 1374115        cutoff           1430.0000     1407.7800 32365582    1.55%
Elapsed time = 2445.30 sec. (2734215.54 ticks, tree = 1620.52 MB, solutions = 7)
 1754237 1376891     1418.1540    58     1430.0000     1407.7800 32396998    1.55%
 1757818 1380026     1418.1540    54     1430.0000     1407.7800 32431938    1.55%
 1761173 1382924     1418.1540    50     1430.0000     1407.7800 32468641    1.55%
 1764523 1385864     1418.1540    74     1430.0000     1407.7800 32502472    1.55%
 1767802 1388699     1418.1540    48     1430.0000     1407.7800 32536401    1.55%
 1771813 1392248     1418.1540    67     1430.0000     1407.7800 32571179    1.55%
 1775683 1395519     1418.1540    42     1430.0000     1407.7800 32606973    1.55%
 1779208 1398642     1418.1540    52     1430.0000     1407.7800 32640993    1.55%
 1782625 1401530     1418.1540    52     1430.0000     1407.7800 32674264    1.55%
 1786458 1404895     1418.1540    50     1430.0000     1407.7800 32708893    1.55%
Elapsed time = 2474.74 sec. (2772372.93 ticks, tree = 1664.61 MB, solutions = 7)
 1789694 1407800        cutoff           1430.0000     1407.7800 32739104    1.55%
 1793337 1410987     1418.1540    50     1430.0000     1407.7800 32775642    1.55%
 1797118 1414324     1418.1540    49     1430.0000     1407.7800 32812167    1.55%
 1800557 1417248     1418.1540    44     1430.0000     1407.7800 32845116    1.55%
 1804453 1420673     1418.2122    48     1430.0000     1407.7800 32882029    1.55%
 1807991 1423655     1418.1540    68     1430.0000     1407.7800 32916717    1.55%
 1811903 1427143     1424.5184    53     1430.0000     1407.7800 32952929    1.55%
 1815716 1430616     1418.1540    54     1430.0000     1407.7800 32987814    1.55%
 1819543 1433991     1418.1540    42     1430.0000     1407.7800 33021623    1.55%
 1823108 1437087     1418.1540    50     1430.0000     1407.7800 33057253    1.55%
Elapsed time = 2504.48 sec. (2810546.77 ticks, tree = 1700.98 MB, solutions = 7)
 1826431 1439946     1418.1540    58     1430.0000     1407.7800 33090891    1.55%
 1829979 1443044     1418.1540    54     1430.0000     1407.7800 33128778    1.55%
 1833528 1445969     1418.1540    52     1430.0000     1407.7800 33166488    1.55%
 1837048 1449081     1418.1540    41     1430.0000     1407.7800 33200059    1.55%
 1840878 1452538     1418.1540    50     1430.0000     1407.7800 33234320    1.55%
 1844282 1455329     1418.1540    46     1430.0000     1407.7800 33266875    1.55%
 1848373 1458927     1418.1540    58     1430.0000     1407.7800 33301749    1.55%
 1852038 1462120     1418.1540    60     1430.0000     1407.7800 33337147    1.55%
 1855559 1465138     1418.1540    60     1430.0000     1407.7800 33368348    1.55%
 1858978 1467988     1418.1540    49     1430.0000     1407.7800 33405115    1.55%
Elapsed time = 2533.98 sec. (2848707.28 ticks, tree = 1735.89 MB, solutions = 7)
 1862274 1470740        cutoff           1430.0000     1407.7800 33440389    1.55%
 1866143 1474132        cutoff           1430.0000     1407.7800 33475892    1.55%
 1869318 1476776     1418.1540    54     1430.0000     1407.7800 33510996    1.55%
 1872768 1479678     1418.1540    47     1430.0000     1407.7800 33548883    1.55%
 1876666 1483055     1418.1540    42     1430.0000     1407.7800 33583102    1.55%
 1879978 1485853     1418.1540    48     1430.0000     1407.7800 33616113    1.55%
 1883247 1488672     1418.1540    72     1430.0000     1407.7800 33652282    1.55%
 1887120 1492084     1418.1540    65     1430.0000     1407.7800 33686243    1.55%
 1890831 1495191        cutoff           1430.0000     1407.7800 33718996    1.55%
 1894047 1497826     1418.6667    59     1430.0000     1407.7800 33752846    1.55%
Elapsed time = 2564.06 sec. (2886985.50 ticks, tree = 1769.18 MB, solutions = 7)
 1897548 1500846     1418.1540    50     1430.0000     1407.7800 33787503    1.55%
 1900650 1503313     1418.1540    64     1430.0000     1407.7800 33818775    1.55%
 1904181 1506184     1418.1540    48     1430.0000     1407.7800 33855498    1.55%
 1907947 1509347     1418.1540    54     1430.0000     1407.7800 33888422    1.55%
 1910816 1511731     1418.1540    64     1430.0000     1407.7800 33923241    1.55%
 1914532 1514830     1418.1540    68     1430.0000     1407.7800 33958432    1.55%
 1918297 1518039     1418.1540    68     1430.0000     1407.7800 33993906    1.55%
 1921570 1520697     1418.1540    74     1430.0000     1407.7800 34029174    1.55%
 1924967 1523662     1418.1540    52     1430.0000     1407.7800 34060955    1.55%
 1928366 1526430     1418.1540    48     1430.0000     1407.7800 34097570    1.55%
Elapsed time = 2593.55 sec. (2925140.15 ticks, tree = 1800.87 MB, solutions = 7)
 1932029 1529435     1418.2122    61     1430.0000     1407.7800 34132506    1.55%
 1935524 1532380     1418.1540    69     1430.0000     1407.7800 34165644    1.55%
 1939254 1535020     1418.1540    44     1430.0000     1407.7800 34200990    1.55%
 1942519 1537683     1424.2678    75     1430.0000     1407.7800 34235534    1.55%
 1946078 1540585     1418.1540    51     1430.0000     1407.7800 34271369    1.55%
 1949951 1543937     1418.1540    51     1430.0000     1407.7800 34305384    1.55%
 1953278 1546753     1418.1540    40     1430.0000     1407.7800 34340750    1.55%
 1957262 1550160     1418.1540    59     1430.0000     1407.7800 34376271    1.55%
 1960968 1553400     1418.1540    45     1430.0000     1407.7800 34411394    1.55%
 1964703 1556492     1418.1540    39     1430.0000     1407.7800 34444076    1.55%
Elapsed time = 2623.34 sec. (2963570.46 ticks, tree = 1834.58 MB, solutions = 7)
 1968571 1559645     1418.1540    62     1430.0000     1407.7800 34480059    1.55%
 1972272 1562636     1418.1540    61     1430.0000     1407.7800 34512918    1.55%
 1975789 1565538     1418.1540    79     1430.0000     1407.7800 34550352    1.55%
 1979199 1568180     1418.1540    42     1430.0000     1407.7800 34584447    1.55%
 1983228 1571660     1418.1540    63     1430.0000     1407.7800 34618943    1.55%
 1986532 1574239        cutoff           1430.0000     1407.7800 34653779    1.55%
 1990308 1577369     1424.4244    85     1430.0000     1407.7800 34689077    1.55%
 1993840 1580452     1418.1540    62     1430.0000     1407.7800 34724119    1.55%
 1997401 1583344     1418.1540    82     1430.0000     1407.7800 34757227    1.55%
 2001078 1586374     1418.1540    64     1430.0000     1407.7800 34792145    1.55%
Elapsed time = 2653.11 sec. (3002010.41 ticks, tree = 1867.91 MB, solutions = 7)
 2005001 1589729     1418.1540    61     1430.0000     1407.7800 34826709    1.55%
 2008882 1593068     1418.1540    60     1430.0000     1407.7800 34862267    1.55%
 2012532 1596150     1418.1540    45     1430.0000     1407.7800 34896246    1.55%
 2016177 1599232     1418.1540    54     1430.0000     1407.7800 34928889    1.55%
 2019488 1602035     1418.1540    65     1430.0000     1407.7800 34962277    1.55%
 2023097 1605202     1418.1540    48     1430.0000     1407.7800 34999294    1.55%
 2027012 1608335     1418.1540    56     1430.0000     1407.7800 35034225    1.55%
 2030314 1611175     1418.1540    70     1430.0000     1407.7800 35065355    1.55%
 2034082 1614248     1418.1540    58     1430.0000     1407.7800 35098827    1.55%
 2037595 1616962     1418.1540    52     1430.0000     1407.7800 35133399    1.55%
Elapsed time = 2682.58 sec. (3040162.59 ticks, tree = 1901.83 MB, solutions = 7)
 2041168 1619691     1418.1540    63     1430.0000     1407.7800 35166107    1.55%
 2044876 1622915     1418.1540    58     1430.0000     1407.7800 35202140    1.55%
 2048467 1626023     1418.1540    62     1430.0000     1407.7800 35236905    1.55%
 2051835 1628831     1418.1540    61     1430.0000     1407.7800 35270149    1.55%
 2055448 1631652     1418.1540    63     1430.0000     1407.7800 35306288    1.55%
 2059138 1634595     1418.1540    49     1430.0000     1407.7800 35338627    1.55%
 2062708 1637598     1418.1540    56     1430.0000     1407.7800 35372690    1.55%
 2065926 1640337     1418.1540    55     1430.0000     1407.7800 35405553    1.55%
 2069328 1643100     1418.1540    44     1430.0000     1407.7800 35440288    1.55%
 2072727 1645829     1418.1540    46     1430.0000     1407.7800 35474656    1.55%
Elapsed time = 2712.14 sec. (3078348.62 ticks, tree = 1933.73 MB, solutions = 7)
 2076248 1648693     1418.1540    49     1430.0000     1407.7800 35509631    1.55%
 2079422 1651263     1418.1540    59     1430.0000     1407.7800 35541467    1.55%
 2083431 1654049     1418.1540    68     1430.0000     1407.7800 35575353    1.55%
 2086891 1656961     1418.1540    71     1430.0000     1407.7800 35606331    1.55%
 2090475 1659716     1418.1540    73     1430.0000     1407.7800 35643795    1.55%
 2094078 1662423     1418.1540    65     1430.0000     1407.7800 35677990    1.55%
 2097368 1665091     1418.1540    68     1430.0000     1407.7800 35712150    1.55%
 2100707 1667715     1418.1540    56     1430.0000     1407.7800 35745202    1.55%
 2104361 1670611     1418.1540    54     1430.0000     1407.7800 35781776    1.55%
 2107651 1673297     1424.4244    52     1430.0000     1407.7800 35814806    1.55%
Elapsed time = 2741.97 sec. (3116555.29 ticks, tree = 1964.43 MB, solutions = 7)
 2111247 1676275     1418.1540    61     1430.0000     1407.7800 35851151    1.55%
 2114355 1678772     1418.1540    65     1430.0000     1407.7800 35885622    1.55%
 2117955 1681488     1418.1540    32     1430.0000     1407.7800 35921542    1.55%
 2121431 1684496     1418.1540    42     1430.0000     1407.7800 35958180    1.55%
 2124708 1687318     1418.1540    55     1430.0000     1407.7800 35989202    1.55%
 2128577 1690671     1418.1540    62     1430.0000     1407.7800 36025235    1.55%
 2132478 1693950     1418.1540    56     1430.0000     1407.7800 36060006    1.55%
 2136032 1696955     1418.1540    81     1430.0000     1407.7800 36097518    1.55%
 2138820 1699283     1418.1540    58     1430.0000     1407.7800 36132507    1.55%
 2142421 1702282     1425.3653    43     1430.0000     1407.7800 36170331    1.55%
Elapsed time = 2771.62 sec. (3154724.09 ticks, tree = 2008.35 MB, solutions = 7)
 2145857 1705316     1418.1540    52     1430.0000     1407.7800 36206332    1.55%
 2148857 1707891     1418.1540    59     1430.0000     1407.7800 36244671    1.55%
 2152061 1710771     1418.1540    54     1430.0000     1407.7800 36280090    1.55%
 2155678 1714029     1418.1540    50     1430.0000     1407.7800 36315881    1.55%
 2159181 1717116     1418.1540    73     1430.0000     1407.7800 36348079    1.55%
 2162779 1720069        cutoff           1430.0000     1407.7800 36385081    1.55%
 2166834 1723535     1418.1540    53     1430.0000     1407.7800 36420636    1.55%
 2170590 1726778     1418.1540    51     1430.0000     1407.7800 36451153    1.55%
 2174588 1729917     1418.1540    47     1430.0000     1407.7800 36485708    1.55%
 2178352 1732871     1418.1540    46     1430.0000     1407.7800 36519976    1.55%
Elapsed time = 2814.22 sec. (3192902.27 ticks, tree = 2043.48 MB, solutions = 7)
 2182158 1735609     1418.1540    61     1430.0000     1407.7800 36552173    1.55%
 2185902 1738776     1418.1540    49     1430.0000     1407.7800 36583555    1.55%
 2189278 1741496     1418.1540    66     1430.0000     1407.7800 36614379    1.55%
 2192658 1744180     1418.1540    51     1430.0000     1407.7800 36646024    1.55%
 2195929 1746867     1418.1540    59     1430.0000     1407.7800 36676549    1.55%
 2199561 1749564     1418.2122    67     1430.0000     1407.7800 36707800    1.55%
 2202995 1752492     1418.1540    64     1430.0000     1407.7800 36737768    1.55%
 2205171 1754332     1420.3686    66     1430.0000     1407.7894 36790181    1.55%
 2207166 1756123        cutoff           1430.0000     1407.7894 36846808    1.55%
 2209346 1758154     1423.3333    44     1430.0000     1407.7894 36899747    1.55%
Elapsed time = 2859.25 sec. (3231137.35 ticks, tree = 2072.14 MB, solutions = 7)
Nodefile size = 25.06 MB (9.64 MB after compression)
 2211216 1759886     1423.3333    59     1430.0000     1407.8659 36951603    1.55%
 2212838 1761424     1424.0000    28     1430.0000     1407.8659 37000328    1.55%
 2214348 1762840     1423.3333    34     1430.0000     1407.8659 37054644    1.55%
 2215878 1764284     1423.3333    29     1430.0000     1407.8659 37108902    1.55%
 2217571 1765917     1423.3333    49     1430.0000     1407.8662 37164534    1.55%
 2218744 1766999     1423.3333    61     1430.0000     1407.8978 37217171    1.55%
 2220698 1768867     1423.3333    56     1430.0000     1407.8978 37270493    1.55%
 2222464 1770530     1423.3333    41     1430.0000     1407.8978 37324720    1.55%
 2224352 1772326     1423.3333    44     1430.0000     1407.8978 37382459    1.55%
 2225952 1773851     1423.3333    73     1430.0000     1408.0000 37433620    1.54%
Elapsed time = 2906.65 sec. (3269449.58 ticks, tree = 2091.39 MB, solutions = 7)
Nodefile size = 44.18 MB (16.42 MB after compression)
 2227675 1775002     1423.3333    76     1430.0000     1408.0000 37479589    1.54%
 2229174 1776385     1423.3333    54     1430.0000     1408.0000 37531342    1.54%
 2230871 1777927     1423.3333    35     1430.0000     1409.7434 37574413    1.42%
 2232380 1779175     1423.3333    74     1430.0000     1409.9126 37625608    1.40%
 2233934 1780583     1423.3333    47     1430.0000     1409.9126 37669313    1.40%
 2235575 1781949     1423.3333    42     1430.0000     1409.9126 37716653    1.40%
 2236978 1783116     1422.6241    67     1430.0000     1409.9126 37765578    1.40%
 2238452 1784404     1419.6314    40     1430.0000     1409.9126 37812077    1.40%
 2239934 1785642     1423.3333    45     1430.0000     1409.9126 37861967    1.40%
 2241455 1786950     1426.7324    36     1430.0000     1409.9226 37915719    1.40%
Elapsed time = 2943.64 sec. (3307787.14 ticks, tree = 2106.25 MB, solutions = 7)
Nodefile size = 59.17 MB (21.82 MB after compression)
 2242802 1788091     1423.3333    76     1430.0000     1409.9226 37965555    1.40%
 2244279 1789389     1425.7109    60     1430.0000     1409.9226 38013205    1.40%
 2245591 1790505     1423.3333    51     1430.0000     1409.9226 38060968    1.40%
 2247126 1791815     1423.3333    51     1430.0000     1409.9471 38108117    1.40%
 2248457 1792932     1423.3333    69     1430.0000     1409.9471 38159354    1.40%
 2249957 1794239     1423.3333    66     1430.0000     1409.9471 38203749    1.40%
 2251667 1795729     1423.3333    60     1430.0000     1409.9471 38254162    1.40%
 2253125 1797045     1423.3333    85     1430.0000     1409.9471 38306352    1.40%
 2254544 1798201     1423.3333    79     1430.0000     1409.9471 38356112    1.40%
 2256181 1799664     1424.6750    42     1430.0000     1409.9471 38400410    1.40%
Elapsed time = 2976.00 sec. (3346016.26 ticks, tree = 2120.25 MB, solutions = 7)
Nodefile size = 73.16 MB (26.92 MB after compression)
 2258029 1801271     1423.3333    45     1430.0000     1409.9471 38446884    1.40%
 2259629 1802686     1419.6314    68     1430.0000     1409.9471 38497047    1.40%
 2261072 1803917     1423.3333    59     1430.0000     1409.9471 38542640    1.40%
 2262537 1805175     1423.3333    57     1430.0000     1409.9471 38593593    1.40%
 2263778 1806158     1422.6241    57     1430.0000     1409.9471 38645208    1.40%
 2265578 1807764     1423.3333    50     1430.0000     1409.9471 38692219    1.40%
 2267130 1809097     1419.6314    58     1430.0000     1409.9471 38740660    1.40%
 2268855 1810549     1422.6241    62     1430.0000     1409.9471 38784323    1.40%
 2270521 1811878     1428.6667    83     1430.0000     1409.9471 38834255    1.40%
 2272217 1813299     1423.3333    88     1430.0000     1409.9471 38880274    1.40%
Elapsed time = 3008.74 sec. (3384469.12 ticks, tree = 2134.99 MB, solutions = 7)
Nodefile size = 87.14 MB (31.95 MB after compression)
 2273767 1814640     1423.3333    70     1430.0000     1409.9471 38932498    1.40%
 2275141 1815851     1423.3333    58     1430.0000     1409.9471 38981060    1.40%
 2276818 1817309     1409.9471    83     1430.0000     1409.9471 39031643    1.40%
 2278270 1818599        cutoff           1430.0000     1409.9471 39079170    1.40%
 2279847 1819984     1425.3653    82     1430.0000     1409.9471 39132351    1.40%
 2281401 1821355     1423.3333    54     1430.0000     1409.9471 39184288    1.40%
 2282938 1822687     1426.4022    56     1430.0000     1409.9471 39231971    1.40%
 2284785 1824316     1419.6314    59     1430.0000     1409.9471 39282026    1.40%
 2286293 1825607     1425.0511    49     1430.0000     1409.9471 39329171    1.40%
 2288110 1827126     1423.3333    40     1430.0000     1409.9471 39377108    1.40%
Elapsed time = 3041.28 sec. (3422700.95 ticks, tree = 2149.94 MB, solutions = 7)
Nodefile size = 102.12 MB (37.53 MB after compression)
 2289690 1828484     1423.3333    75     1430.0000     1409.9471 39426041    1.40%
 2291283 1829858     1423.3333    59     1430.0000     1409.9471 39470656    1.40%
 2292708 1831105     1423.3333    62     1430.0000     1409.9471 39520610    1.40%
 2294226 1832351     1423.3333    78     1430.0000     1409.9471 39564692    1.40%
 2295856 1833787     1423.3333    55     1430.0000     1409.9471 39614074    1.40%
 2297282 1835036     1423.3333    56     1430.0000     1409.9471 39658000    1.40%
 2298895 1836446     1423.3333    54     1430.0000     1409.9471 39710247    1.40%
 2300453 1837784     1423.3333    73     1430.0000     1409.9471 39759534    1.40%
 2302183 1839242     1423.3333    56     1430.0000     1409.9471 39804107    1.40%
 2303772 1840636     1423.3333    51     1430.0000     1409.9471 39853127    1.40%
Elapsed time = 3073.58 sec. (3460891.78 ticks, tree = 2164.48 MB, solutions = 7)
Nodefile size = 117.08 MB (43.05 MB after compression)
 2305228 1841896     1423.3333    68     1430.0000     1409.9471 39897060    1.40%
 2306679 1843135     1419.6314    60     1430.0000     1409.9471 39947899    1.40%
 2308441 1844730     1425.5224    82     1430.0000     1409.9471 39994405    1.40%
 2310140 1846179     1419.6314    56     1430.0000     1409.9471 40036334    1.40%
 2311643 1847509     1419.6314    65     1430.0000     1409.9471 40088851    1.40%
 2313469 1849096     1424.4401    54     1430.0000     1409.9471 40136149    1.40%
 2315109 1850444        cutoff           1430.0000     1409.9471 40182887    1.40%
 2316499 1851661     1423.8998    55     1430.0000     1409.9471 40227562    1.40%
 2318319 1853274     1422.6241    61     1430.0000     1409.9471 40278261    1.40%
 2319846 1854633     1425.7109    61     1430.0000     1409.9471 40330940    1.40%
Elapsed time = 3105.82 sec. (3499099.35 ticks, tree = 2179.73 MB, solutions = 7)
Nodefile size = 132.01 MB (48.65 MB after compression)
 2321273 1855859     1423.3333    70     1430.0000     1409.9471 40376718    1.40%
 2322922 1857339        cutoff           1430.0000     1409.9471 40428625    1.40%
 2324352 1858570     1423.3333    37     1430.0000     1409.9471 40472529    1.40%
 2326159 1860145     1423.3333    49     1430.0000     1409.9471 40522400    1.40%
 2327560 1861335     1419.6314    50     1430.0000     1409.9471 40571569    1.40%
 2329107 1862690     1423.3333    47     1430.0000     1409.9471 40622472    1.40%
 2330793 1864159     1419.6314    66     1430.0000     1409.9471 40671971    1.40%
 2332378 1865467     1423.3333    63     1430.0000     1409.9471 40718339    1.40%
 2333819 1866724     1423.3333    19     1430.0000     1409.9471 40770053    1.40%
 2340081 1872048     1419.6314    56     1430.0000     1409.9471 40965347    1.40%
Elapsed time = 3148.45 sec. (3548857.78 ticks, tree = 2198.76 MB, solutions = 7)
Nodefile size = 150.97 MB (56.72 MB after compression)
 2346101 1877089     1423.3333    33     1430.0000     1409.9471 41153903    1.40%
 2352448 1882614     1419.6314    68     1430.0000     1409.9471 41350282    1.40%
 2358111 1887600     1426.4259    65     1430.0000     1409.9471 41541874    1.40%
 2363990 1892607     1423.3333    94     1430.0000     1409.9471 41732041    1.40%
 2369759 1897591     1423.3333    55     1430.0000     1409.9471 41927683    1.40%
 2375978 1902864     1423.3333    62     1430.0000     1409.9471 42125916    1.40%
