Tried aggregator 2 times.
MIP Presolve eliminated 1006 rows and 119 columns.
MIP Presolve modified 365 coefficients.
Aggregator did 37 substitutions.
Reduced MIP has 1084 rows, 1913 columns, and 6945 nonzeros.
Reduced MIP has 983 binaries, 2 generals, 0 SOSs, and 0 indicators.
Presolve time = 0.01 sec. (8.00 ticks)
Found incumbent of value 4500.000000 after 0.02 sec. (18.16 ticks)
Probing fixed 0 vars, tightened 4 bounds.
Probing time = 0.02 sec. (12.03 ticks)
Cover probing fixed 0 vars, tightened 5 bounds.
Tried aggregator 1 time.
MIP Presolve eliminated 2 rows and 2 columns.
Reduced MIP has 1082 rows, 1911 columns, and 6941 nonzeros.
Reduced MIP has 981 binaries, 21 generals, 0 SOSs, and 0 indicators.
Presolve time = 0.00 sec. (3.82 ticks)
Probing time = 0.00 sec. (3.07 ticks)
Clique table members: 2482.
MIP emphasis: balance optimality and feasibility.
MIP search method: dynamic search.
Parallel mode: none, using 1 thread.
Root relaxation solution time = 0.02 sec. (30.47 ticks)

        Nodes                                         Cuts/
   Node  Left     Objective  IInf  Best Integer    Best Bound    ItCnt     Gap

*     0+    0                         4500.0000        0.0000      646  100.00%
      0     0      117.1603   126     4500.0000      117.1603      646   97.40%
      0     0      120.5117   124     4500.0000      Cuts: 35     1220   97.32%
      0     0      210.9884   127     4500.0000      Cuts: 89     2019   95.31%
      0     0      224.6919   114     4500.0000      Cuts: 79     2387   95.01%
*     0+    0                         2170.0000      224.6919     2387   89.65%
*     0+    0                         1880.0000      224.6919     2387   88.05%
*     0+    0                         1520.0000      224.6919     2387   85.22%
*     0+    0                         1310.0000      224.6919     2387   82.85%
      0     0      224.8921   108     1310.0000      Cuts: 25     2444   82.83%
      0     0      226.8055   109     1310.0000      Cuts: 52     2544   82.69%
      0     0      226.8055   104     1310.0000      Cuts: 13     2568   82.69%
      0     0      226.8055   104     1310.0000      Cuts: 10     2614   82.69%
*     0+    0                         1100.0000      226.8055     2614   79.38%
*     0+    0                         1099.0000      226.8055     2614   79.36%
      0     2      226.8055   104     1099.0000      226.8055     2614   79.36%
Elapsed time = 0.98 sec. (1272.39 ticks, tree = 0.00 MB, solutions = 7)
     10    12      226.8055   110     1099.0000      226.8055     2992   79.36%
     40    42      267.5862    78     1099.0000      226.8116     4753   79.36%
     50    52      267.5862    85     1099.0000      226.8116     6400   79.36%
     70    72      590.0000    81     1099.0000      226.8116     9086   79.36%
    120   122      334.2594    61     1099.0000      226.8116    12103   79.36%
    147   149      580.0000    35     1099.0000      226.8116    16433   79.36%
    187   189      523.8872    39     1099.0000      226.8116    20586   79.36%
    230   228      808.4057    23     1099.0000      226.8116    24334   79.36%
*   241+  230                         1070.0000      226.8116    24713   78.80%
    245   236      355.5957    87     1070.0000      226.8116    25384   78.80%
    492   461      653.0000   110     1070.0000      653.0000    52423   38.97%
Elapsed time = 6.99 sec. (9034.29 ticks, tree = 5.62 MB, solutions = 8)
    502   464      657.0000   119     1070.0000      653.0000    54685   38.97%
    511   467      747.0467    70     1070.0000      653.0000    59670   38.97%
    559   491      750.2285    58     1070.0000      653.0000    66429   38.97%
    663   515      931.2297    22     1070.0000      653.0000    85818   38.97%
    768   528      834.3352    46     1070.0000      653.0000   103397   38.97%
    843   541     1001.8385    20     1070.0000      653.0000   117909   38.97%
    969   588      932.0000    45     1070.0000      653.0000   127238   38.97%
   1082   637     1004.0000    11     1070.0000      653.0000   145365   38.97%
   1264   729     1038.0000    24     1070.0000      654.1163   159630   38.87%
   1414   793      963.4911    10     1070.0000      654.8230   174753   38.80%
Elapsed time = 14.37 sec. (18755.09 ticks, tree = 1.95 MB, solutions = 8)
   1601   952      704.2558    74     1070.0000      656.0000   189141   38.69%
   1812  1146      656.0000   131     1070.0000      656.0000   203946   38.69%
   2124  1441      656.0000   130     1070.0000      656.0000   217299   38.69%
   2262  1567      740.6985    77     1070.0000      656.1630   231882   38.68%
   2566  1848      963.8342    38     1070.0000      656.2272   247059   38.67%
   2847  2103     1043.8156    31     1070.0000      656.2272   260936   38.67%
   3096  2329     1011.0000    39     1070.0000      656.5826   275387   38.64%
   3292  2515     1006.0385    22     1070.0000      657.6599   292323   38.54%
   3574  2781     1027.9408    37     1070.0000      657.6599   304535   38.54%
   3947  3132      716.5025    75     1070.0000      657.9987   317164   38.50%
Elapsed time = 21.87 sec. (28606.44 ticks, tree = 4.52 MB, solutions = 8)
   4091  3266      658.0585   116     1070.0000      657.9987   333415   38.50%
   4340  3497      976.6354    37     1070.0000      657.9987   346453   38.50%
   4640  3779      718.3349    71     1070.0000      658.0585   359453   38.50%
   4827  3956      963.2250    25     1070.0000      658.0585   371503   38.50%
   4958  4078      980.3566    37     1070.0000      658.0904   385791   38.50%
   5283  4384      768.3667    60     1070.0000      658.2644   398350   38.48%
   5561  4651      944.8044    30     1070.0000      658.3168   410869   38.48%
   5769  4838     1051.8899    19     1070.0000      658.3168   425088   38.48%
   6027  5082      898.4390    44     1070.0000      658.3760   438117   38.47%
   6331  5354      658.8400   114     1070.0000      658.6548   450920   38.44%
Elapsed time = 29.20 sec. (38202.33 ticks, tree = 6.98 MB, solutions = 8)
   6498  5502      767.3193    49     1070.0000      658.8054   466856   38.43%
   6822  5802      660.7631   114     1070.0000      658.8400   481517   38.43%
   7189  6154      742.5503    73     1070.0000      658.8521   492670   38.43%
   7348  6299     1036.2750    14     1070.0000      658.8521   510246   38.43%
*  7492+ 5921                         1040.0000      658.8521   516017   36.65%
   7609  6035      996.0000    44     1040.0000      659.3156   521544   36.60%
   7744  6145      662.2834   129     1040.0000      659.3156   538715   36.60%
   8067  6458      996.5508    32     1040.0000      659.4027   551434   36.60%
   8207  6583      990.6481    17     1040.0000      659.4027   565692   36.60%
   8435  6801      942.8252    48     1040.0000      659.5564   577866   36.58%
*  8492+ 6697                         1030.0000      659.5564   579248   35.97%
*  8592+ 4761                          980.0000      659.6574   584214   32.69%
   8592  4763      964.1685    34      980.0000      659.6574   584214   32.69%
Elapsed time = 36.88 sec. (48074.15 ticks, tree = 6.16 MB, solutions = 11)
   8789  4930      974.4023    68      980.0000      659.8535   597342   32.67%
   9071  5191      737.3807    80      980.0000      659.8955   608734   32.66%
   9287  5380      722.2964    65      980.0000      659.9342   623062   32.66%
   9462  5541      871.3677    63      980.0000      659.9418   635981   32.66%
   9632  5695      749.2866    65      980.0000      660.1396   644963   32.64%
   9800  5852      962.5000    16      980.0000      660.1396   657758   32.64%
  10122  6143      685.5666    94      980.0000      660.2586   669855   32.63%
  10268  6279      950.5367    19      980.0000      660.2996   686447   32.62%
* 10332+ 3552                          940.0000      660.3559   690826   29.75%
  10332  3551      939.5646    40      940.0000      660.3559   690826   29.75%
  10344  3561      690.8123    84      940.0000      660.3729   693015   29.75%
Elapsed time = 46.79 sec. (60173.43 ticks, tree = 4.70 MB, solutions = 12)
  10492  3696      925.1539    21      940.0000      660.4801   708040   29.74%
  10687  3864      866.8141    68      940.0000      660.6664   722341   29.72%
  10992  4133      838.5346    60      940.0000      660.7308   737149   29.71%
  11220  4325      665.6904   114      940.0000      660.8690   750900   29.69%
  11335  4433      913.0000    43      940.0000      660.8752   765490   29.69%
  11438  4521      873.5827    50      940.0000      660.8769   779636   29.69%
  11589  4646      922.7188    60      940.0000      660.9610   789399   29.68%
  11826  4859      907.5000    31      940.0000      661.1503   800976   29.66%
  11994  4985      777.0490    86      940.0000      661.2783   812985   29.65%
  12123  5097      920.2764    24      940.0000      661.5842   825628   29.62%
Elapsed time = 54.30 sec. (69863.90 ticks, tree = 6.21 MB, solutions = 12)
  12271  5226      750.8533    60      940.0000      661.7171   837676   29.60%
  12444  5356      871.5656    56      940.0000      661.8585   850657   29.59%
  12600  5490      722.1769    68      940.0000      662.0278   859336   29.57%
  12818  5689      934.1367    27      940.0000      662.0296   874476   29.57%
  13013  5861      918.3520    39      940.0000      662.0846   889039   29.57%
  13220  6026      837.6604    46      940.0000      662.1369   902223   29.56%
  13329  6117      827.1414    66      940.0000      662.3757   915538   29.53%
  13483  6237        cutoff            940.0000      662.5345   930648   29.52%
  13588  6329      727.9141    61      940.0000      662.6006   943870   29.51%
  13787  6497      863.0699    52      940.0000      662.6739   960005   29.50%
Elapsed time = 61.72 sec. (79580.49 ticks, tree = 7.56 MB, solutions = 12)
  13998  6676      891.8422    62      940.0000      662.7581   975822   29.49%
  14314  6957      775.3429    52      940.0000      662.7830   990456   29.49%
  14521  7142      806.1613    56      940.0000      662.9199  1005225   29.48%
  14711  7286      747.3362    55      940.0000      663.4556  1020694   29.42%
  14899  7456      927.7753    29      940.0000      663.5138  1038099   29.41%
  15121  7657      928.6103    31      940.0000      663.9821  1052998   29.36%
  15320  7819      722.2964    43      940.0000      664.2197  1068508   29.34%
  15492  7970      691.4486    99      940.0000      664.2837  1078823   29.33%
  15700  8152      923.2910    23      940.0000      664.3370  1093393   29.33%
  15872  8312      931.0148    35      940.0000      664.3561  1107090   29.32%
Elapsed time = 69.27 sec. (89274.93 ticks, tree = 9.60 MB, solutions = 12)
  16001  8427      915.1451    32      940.0000      664.3596  1122946   29.32%
  16287  8696      923.5430    27      940.0000      664.3879  1134491   29.32%
  16460  8858      857.0410    41      940.0000      664.5297  1147108   29.31%
  16674  9047      722.9102    68      940.0000      664.6687  1157942   29.29%
  16834  9183      759.8447    71      940.0000      664.7467  1170634   29.28%
  17009  9331      802.9158    46      940.0000      664.7916  1183556   29.28%
  17142  9431      752.0755    65      940.0000      664.8431  1195780   29.27%
  17277  9557      864.9763    52      940.0000      664.8798  1209397   29.27%
  17423  9689      930.5437    30      940.0000      664.9059  1223475   29.27%
  18030 10188      895.9843    69      940.0000      665.4489  1274433   29.21%
Elapsed time = 78.87 sec. (101748.79 ticks, tree = 11.48 MB, solutions = 12)
  18794 10834      826.7747    72      940.0000      666.0979  1328253   29.14%
  19571 11534      937.5000    15      940.0000      666.5477  1383301   29.09%
  20276 12141      894.8831    49      940.0000      666.8352  1441317   29.06%
  21084 12881      907.3280    42      940.0000      666.9639  1499143   29.05%
  21827 13536      779.4379    64      940.0000      667.2113  1549237   29.02%
  22454 14062      933.9673    60      940.0000      667.3904  1598816   29.00%
* 22492+10281                          930.0000      667.4068  1604315   28.24%
  23036 10738      920.6897    43      930.0000      667.6627  1648724   28.21%
  23737 11314      907.3113    65      930.0000      668.4079  1699200   28.13%
  24309 11773      917.9278    23      930.0000      669.0259  1757053   28.06%
  24960 12329      813.7110    43      930.0000      669.3637  1812367   28.03%
Elapsed time = 108.17 sec. (140026.18 ticks, tree = 13.42 MB, solutions = 13)
  25492 12751      925.5846    29      930.0000      669.6299  1867260   28.00%
  26049 13229      918.3500    25      930.0000      669.9694  1926855   27.96%
  26607 13700      903.7458    49      930.0000      670.1528  1979714   27.94%
  27102 14118      917.4498    37      930.0000      670.4162  2032586   27.91%
  27849 14764      900.5920    40      930.0000      670.8225  2081667   27.87%
  28492 15304      895.5656    38      930.0000      671.2637  2133807   27.82%
  29221 15927      699.7450    98      930.0000      671.6965  2190270   27.77%
  29999 16576      894.6098    49      930.0000      672.1682  2244907   27.72%
  30682 17167      814.7402    55      930.0000      672.3231  2302228   27.71%
  31461 17857      772.6770    67      930.0000      672.6895  2361287   27.67%
Elapsed time = 137.74 sec. (178498.86 ticks, tree = 19.36 MB, solutions = 13)
  32440 18705      922.5884    24      930.0000      672.8917  2412921   27.65%
  33262 19412      915.4482    42      930.0000      673.1086  2467805   27.62%
  33956 20012      746.2640    49      930.0000      673.4285  2527524   27.59%
  34719 20687      910.1168    24      930.0000      673.6708  2577703   27.56%
  35508 21392      784.7057    56      930.0000      673.9331  2628939   27.53%
  36186 21988      857.3963    53      930.0000      674.3429  2680944   27.49%
  36932 22670      922.6690    30      930.0000      674.4736  2730078   27.48%
  37862 23468      928.7500    36      930.0000      674.7918  2781717   27.44%
  39001 24522      925.7691    30      930.0000      674.8871  2829566   27.43%
  39921 25331      898.2152    28      930.0000      675.2416  2882300   27.39%
Elapsed time = 167.34 sec. (216712.86 ticks, tree = 26.91 MB, solutions = 13)
  40795 26126      750.4543    62      930.0000      675.5566  2936264   27.36%
  41736 26970      721.7457    66      930.0000      675.7049  2990929   27.34%
  42546 27697      782.4944    72      930.0000      675.8671  3047943   27.33%
  43715 28770      927.6024    35      930.0000      676.2038  3100564   27.29%
  44425 29390      859.1328    78      930.0000      676.4206  3158448   27.27%
  45007 29881      727.7344    58      930.0000      676.6688  3209063   27.24%
  45732 30533      753.6280    84      930.0000      676.8476  3258798   27.22%
  46492 31199      918.5413    37      930.0000      677.0872  3309211   27.19%
  47133 31726      831.2927    57      930.0000      677.3441  3364066   27.17%
  47982 32479      822.1853    57      930.0000      677.7757  3419106   27.12%
Elapsed time = 197.50 sec. (255156.66 ticks, tree = 34.14 MB, solutions = 13)
  48897 33281      898.3184    40      930.0000      678.0717  3473550   27.09%
  49636 33921      757.4991    55      930.0000      678.2985  3528075   27.06%
  50663 34851      723.0664    60      930.0000      678.6442  3581889   27.03%
  51492 35590      841.0082    54      930.0000      678.8487  3640681   27.01%
  52417 36425      703.4542    92      930.0000      679.0310  3704477   26.99%
  53402 37298      917.9000    40      930.0000      679.3955  3763710   26.95%
  54283 38093      877.6070    36      930.0000      679.6564  3819054   26.92%
  54865 38611      925.0359    27      930.0000      679.8407  3872909   26.90%
  55629 39262      806.4628    53      930.0000      680.0987  3927544   26.87%
  56538 40075      897.0004    71      930.0000      680.3247  3978012   26.85%
Elapsed time = 227.26 sec. (293498.94 ticks, tree = 42.68 MB, solutions = 13)
  57331 40751      836.8365    59      930.0000      680.4741  4032243   26.83%
  58141 41457      910.4671    39      930.0000      680.7209  4082343   26.80%
  58908 42119      784.5260    64      930.0000      681.0938  4132611   26.76%
  59783 42879      897.9779    35      930.0000      681.3992  4186856   26.73%
  60748 43735      920.4254    36      930.0000      681.8381  4242801   26.68%
  61595 44485      917.5679    36      930.0000      682.0437  4300213   26.66%
  62639 45412      754.0275    56      930.0000      682.3679  4360395   26.63%
  63680 46371      895.5452    43      930.0000      682.7220  4419903   26.59%
  64552 47171      912.8777    41      930.0000      682.9365  4484083   26.57%
  65534 48040      928.3250    44      930.0000      683.1306  4539525   26.55%
Elapsed time = 257.12 sec. (331746.81 ticks, tree = 50.65 MB, solutions = 13)
  66553 48948      841.8189    32      930.0000      683.2541  4593626   26.53%
  67321 49605      928.2973    45      930.0000      683.3836  4646014   26.52%
  68119 50313      898.4538    40      930.0000      683.7387  4694448   26.48%
  69170 51219      727.8302    44      930.0000      684.0412  4744211   26.45%
  69940 51887      770.8457    41      930.0000      684.3241  4798211   26.42%
  70783 52625      798.1611    49      930.0000      684.4730  4850533   26.40%
  71614 53354      920.5432    34      930.0000      684.6895  4902767   26.38%
  72424 54063      826.8783    61      930.0000      685.1037  4963111   26.33%
  73132 54643      925.5611    37      930.0000      685.5377  5014543   26.29%
  74202 55594      920.0000    50      930.0000      685.8308  5069180   26.25%
Elapsed time = 286.74 sec. (369960.25 ticks, tree = 58.24 MB, solutions = 13)
  75091 56391      917.5000    22      930.0000      686.0837  5127278   26.23%
  76005 57182      816.9689    55      930.0000      686.3362  5184316   26.20%
  76852 57938      925.6446    24      930.0000      686.7384  5240305   26.16%
  77599 58566      889.1297    64      930.0000      687.0584  5298709   26.12%
  78288 59175      925.0361    39      930.0000      687.3334  5358457   26.09%
  79124 59915      710.9609    75      930.0000      687.4780  5411753   26.08%
  79878 60586      910.4268    29      930.0000      687.7177  5463508   26.05%
  80922 61482      862.0123    34      930.0000      687.8704  5515668   26.04%
  81912 62378      917.8800    33      930.0000      688.0763  5567037   26.01%
  82555 62922      831.4067    51      930.0000      688.3557  5617590   25.98%
Elapsed time = 316.39 sec. (408185.07 ticks, tree = 65.59 MB, solutions = 13)
  83474 63714      727.8009    46      930.0000      688.7196  5674122   25.94%
  84222 64335      806.3473    81      930.0000      688.9650  5729805   25.92%
  85047 65053      837.0952    70      930.0000      689.2803  5787656   25.88%
  85762 65683      925.0000    36      930.0000      689.4199  5842414   25.87%
  86636 66465      920.9014    33      930.0000      689.6231  5901180   25.85%
  87542 67241      921.2547    21      930.0000      689.9263  5957746   25.81%
  88252 67814      899.0801    43      930.0000      690.5309  6017615   25.75%
  89012 68468      905.6140    30      930.0000      691.0945  6074752   25.69%
  89874 69217      843.8805    52      930.0000      691.4200  6132153   25.65%
  90553 69769      777.9655    53      930.0000      691.6529  6187217   25.63%
Elapsed time = 346.09 sec. (446459.37 ticks, tree = 74.48 MB, solutions = 13)
  91434 70548      702.3914    81      930.0000      691.8292  6242434   25.61%
  92279 71282      816.5557    59      930.0000      692.2710  6293358   25.56%
  93091 71993      911.2767    33      930.0000      692.4219  6345348   25.55%
  93814 72629      913.3548    37      930.0000      692.6388  6402672   25.52%
  94553 73267      926.9043    43      930.0000      692.7789  6453234   25.51%
  95394 73976      703.8183    84      930.0000      693.0209  6510146   25.48%
  96260 74744      895.7916    25      930.0000      693.2238  6566099   25.46%
  97026 75402      754.2407    70      930.0000      693.4329  6622316   25.44%
  97708 75980      759.8688    60      930.0000      693.7752  6677998   25.40%
  98877 77016      694.3598    65      930.0000      694.0595  6731072   25.37%
Elapsed time = 375.72 sec. (484654.14 ticks, tree = 81.76 MB, solutions = 13)
  99804 77842      861.7607    55      930.0000      694.1862  6786480   25.36%
 100711 78631      925.3637    21      930.0000      694.4128  6844798   25.33%
 101566 79393      781.4446    48      930.0000      694.5978  6900311   25.31%
 102537 80270      793.0047    72      930.0000      694.8297  6956838   25.29%
 103418 81021      821.9496    47      930.0000      695.1673  7016817   25.25%
 104269 81769      872.3089    29      930.0000      695.6782  7065789   25.20%
 105333 82706      835.6631    53      930.0000      696.1097  7117983   25.15%
 106048 83287      908.7463    41      930.0000      696.6928  7171903   25.09%
 106853 84006      911.8883    44      930.0000      696.9722  7224133   25.06%
 107770 84801      805.9367    57      930.0000      697.2837  7280436   25.02%
Elapsed time = 405.45 sec. (522868.55 ticks, tree = 89.69 MB, solutions = 13)
 108689 85581      910.4211    32      930.0000      697.5593  7331064   24.99%
 109494 86271      915.0638    24      930.0000      697.9059  7386117   24.96%
 110251 86921      860.8414    46      930.0000      698.2042  7444435   24.92%
 111150 87693      807.1976    66      930.0000      698.4340  7500151   24.90%
 111952 88342      724.6271    75      930.0000      698.7406  7554485   24.87%
 112971 89263      740.2881    59      930.0000      698.9600  7610472   24.84%
 114023 90190      752.7634    65      930.0000      699.2169  7661716   24.82%
 114915 90960      818.2968    36      930.0000      699.4435  7716656   24.79%
 116172 92104      918.0322    32      930.0000      699.7265  7776017   24.76%
 117212 93010      756.1895    56      930.0000      699.9176  7838162   24.74%
Elapsed time = 435.22 sec. (561139.45 ticks, tree = 97.99 MB, solutions = 13)
 118283 93975      839.1884    50      930.0000      700.2203  7892555   24.71%
 119263 94838      926.9876    28      930.0000      700.5071  7949582   24.68%
 120086 95533      918.0000    40      930.0000      700.6648  8006500   24.66%
 120900 96223      880.5464    55      930.0000      700.8882  8059995   24.64%
 121711 96913      771.6136    54      930.0000      701.0996  8115116   24.61%
 122581 97657      923.2518    46      930.0000      701.6099  8169588   24.56%
 123606 98547      917.5679    29      930.0000      702.0106  8218413   24.51%
 124583 99402      917.6292    30      930.0000      702.1954  8271945   24.50%
 125492 100193      838.4710    80      930.0000      702.4458  8324440   24.47%
 126231 100797      923.1846    28      930.0000      703.2099  8382097   24.39%
Elapsed time = 464.99 sec. (599575.19 ticks, tree = 105.92 MB, solutions = 13)
 127237 101678      803.5169    60      930.0000      703.4545  8437726   24.36%
 128134 102446      729.5114    54      930.0000      703.7779  8493702   24.32%
 129041 103224      925.6057    29      930.0000      704.0718  8545471   24.29%
 129964 104034      782.0118    53      930.0000      704.3618  8603787   24.26%
 130707 104668      821.5964    59      930.0000      704.6705  8660908   24.23%
 131472 105302      918.0133    37      930.0000      704.9695  8722044   24.20%
 132492 106198      911.3348    34      930.0000      705.3755  8778296   24.15%
 133434 107011      912.9066    46      930.0000      705.6240  8837309   24.13%
 134227 107694      784.8912    55      930.0000      705.9082  8894985   24.10%
 135240 108581      753.6877    65      930.0000      706.2837  8948120   24.06%
Elapsed time = 494.99 sec. (637894.33 ticks, tree = 113.86 MB, solutions = 13)
 136134 109338      910.9393    63      930.0000      706.5631  9003384   24.03%
 136877 109973      768.8963    65      930.0000      706.8293  9059454   24.00%
 137872 110868      923.0856    51      930.0000      707.0900  9118198   23.97%
 138853 111710      784.2825    62      930.0000      707.4483  9174984   23.93%
 139659 112403      916.8403    42      930.0000      707.6545  9231734   23.91%
 140475 113102      914.3231    38      930.0000      708.0631  9289200   23.86%
 141414 113925      810.2341    58      930.0000      708.3619  9343877   23.83%
 142064 114445      811.8189    45      930.0000      708.6851  9399255   23.80%
 142997 115252      925.6446    35      930.0000      709.0306  9454298   23.76%
 143844 115938      753.9510    71      930.0000      709.4430  9510222   23.72%
Elapsed time = 524.77 sec. (676165.64 ticks, tree = 121.35 MB, solutions = 13)
 144659 116585      770.1656    65      930.0000      710.1638  9567935   23.64%
 145452 117208      757.6344    60      930.0000      710.8606  9627108   23.56%
 146258 117867      927.6833    23      930.0000      711.0845  9685208   23.54%
 147249 118731      877.5952    49      930.0000      711.4432  9740304   23.50%
 148262 119594      912.8383    44      930.0000      711.7404  9793722   23.47%
 148822 120051      902.5670    36      930.0000      712.1351  9832161   23.43%
 149411 120545        cutoff            930.0000      712.3309  9870095   23.41%
 149992 121024      903.2525    35      930.0000      712.5139  9908473   23.39%
 150592 121550      738.2700    63      930.0000      712.8305  9941664   23.35%
 150892 121818      922.9050    42      930.0000      712.9346  9960837   23.34%
Elapsed time = 556.25 sec. (714885.94 ticks, tree = 127.36 MB, solutions = 13)
 151492 122307      902.5042    20      930.0000      713.1855  9991492   23.31%
 152249 122943      877.1355    56      930.0000      713.3989 10041062   23.29%
 152692 123327      790.3659    74      930.0000      713.4531 10067825   23.28%
 153092 123633      776.6167    43      930.0000      713.7858 10106232   23.25%
 153405 123902      771.0254    78      930.0000      713.8485 10123695   23.24%
 153693 124125      809.1413    54      930.0000      714.0579 10157667   23.22%
 154243 124610      920.2169    33      930.0000      714.2668 10191269   23.20%
 154592 124900      908.0253    54      930.0000      714.4605 10216781   23.18%
 155192 125455      917.6656    31      930.0000      714.5787 10237980   23.16%
 155792 125992      905.5626    25      930.0000      714.9486 10270029   23.12%
Elapsed time = 590.18 sec. (755150.04 ticks, tree = 131.56 MB, solutions = 13)
 156292 126440      910.7966    37      930.0000      715.0634 10304309   23.11%
 156892 126981      914.7002    49      930.0000      715.2311 10339471   23.09%

GUB cover cuts applied:  2
Cover cuts applied:  1
Implied bound cuts applied:  60
Flow cuts applied:  133
Mixed integer rounding cuts applied:  51
Lift and project cuts applied:  16

Root node processing (before b&c):
  Real time             =    0.98 sec. (1272.49 ticks)
Sequential b&c:
  Real time             =  599.03 sec. (765570.97 ticks)
                          ------------
Total (root+branch&cut) =  600.00 sec. (766843.45 ticks)
