Tried aggregator 2 times.
MIP Presolve eliminated 1000 rows and 117 columns.
MIP Presolve modified 396 coefficients.
Aggregator did 37 substitutions.
Reduced MIP has 1095 rows, 1921 columns, and 6943 nonzeros.
Reduced MIP has 993 binaries, 2 generals, 0 SOSs, and 0 indicators.
Presolve time = 0.01 sec. (8.27 ticks)
Found incumbent of value 3700.000000 after 0.02 sec. (16.91 ticks)
Probing fixed 0 vars, tightened 1 bounds.
Probing time = 0.01 sec. (5.52 ticks)
Tried aggregator 1 time.
Reduced MIP has 1095 rows, 1921 columns, and 6943 nonzeros.
Reduced MIP has 993 binaries, 20 generals, 0 SOSs, and 0 indicators.
Presolve time = 0.00 sec. (3.64 ticks)
Probing time = 0.00 sec. (3.11 ticks)
Clique table members: 2714.
MIP emphasis: balance optimality and feasibility.
MIP search method: dynamic search.
Parallel mode: none, using 1 thread.
Root relaxation solution time = 0.02 sec. (35.52 ticks)

        Nodes                                         Cuts/
   Node  Left     Objective  IInf  Best Integer    Best Bound    ItCnt     Gap

*     0+    0                         3700.0000        0.0000      666  100.00%
      0     0       98.7562   137     3700.0000       98.7562      666   97.33%
      0     0       99.6679   130     3700.0000      Cuts: 35     1187   97.31%
      0     0      163.0339   138     3700.0000      Cuts: 92     2034   95.59%
      0     0      182.7940   128     3700.0000      Cuts: 76     2327   95.06%
*     0+    0                         1260.0000      182.7940     2327   85.49%
*     0+    0                         1200.0000      182.7940     2327   84.77%
*     0+    0                          960.0000      182.7940     2327   80.96%
      0     0      182.8161   118      960.0000      Cuts: 35     2433   80.96%
      0     0      184.4451   123      960.0000      Cuts: 68     2528   80.79%
      0     0      184.5532   125      960.0000      Cuts: 33     2602   80.78%
      0     0      184.5620   121      960.0000      Cuts: 27     2647   80.77%
      0     0      184.5737   119      960.0000       Cuts: 9     2677   80.77%
      0     2      184.5737   110      960.0000      184.5737     2677   80.77%
Elapsed time = 0.92 sec. (1175.41 ticks, tree = 0.00 MB, solutions = 4)
     40    42      205.9471    94      960.0000      186.9943     4725   80.52%
     65    67      430.0000    75      960.0000      186.9943     8728   80.52%
     92    94      321.8924    52      960.0000      186.9943    10770   80.52%
    102   104      307.5521    55      960.0000      186.9943    12382   80.52%
    140   142      332.8620    45      960.0000      186.9943    17172   80.52%
    194   194      505.4607    26      960.0000      186.9943    23019   80.52%
    237   229      805.8614    12      960.0000      186.9943    29513   80.52%
*   254+  234                          940.0000      186.9943    30514   80.11%
    301   283      536.4815    50      940.0000      186.9943    32722   80.11%
*   360+  336                          820.0000      186.9943    35958   77.20%
*   370+  343                          800.0000      186.9943    37419   76.63%
    370   345      746.7434    15      800.0000      186.9943    37419   76.63%
*   470+  373                          730.0000      187.0954    41294   74.37%
*   580+  322                          720.0000      294.0220    47741   59.16%
*   580+  214                          700.0000      294.0220    47741   58.00%
*   580+  142                          680.0000      478.7699    55483   29.59%
    580   143      479.0000   112      680.0000      479.0000    55483   29.56%
Elapsed time = 6.34 sec. (7864.08 ticks, tree = 0.19 MB, solutions = 11)
    594   146      488.0000   102      680.0000      481.0000    57962   29.26%
    622   158      559.0000    64      680.0000      481.0000    62857   29.26%
    669   172      652.6533    51      680.0000      481.0000    73990   29.26%
    832   239      482.8959   103      680.0000      481.0000   100772   29.26%
    905   280      627.0000    57      680.0000      481.0000   115703   29.26%
   1037   387      484.1053   105      680.0000      482.3297   136823   29.07%
   1182   519      482.7225   123      680.0000      482.7623   150147   29.01%
   1408   708      551.0651    59      680.0000      482.9818   169122   28.97%
   1505   786      674.0000    36      680.0000      482.9818   184161   28.97%
   1580   844      585.0000    74      680.0000      483.0000   195239   28.97%
Elapsed time = 14.09 sec. (17799.47 ticks, tree = 0.99 MB, solutions = 11)
   1791  1036      498.7164    80      680.0000      483.0000   213037   28.97%
   2009  1217      586.0000    56      680.0000      483.0000   233139   28.97%
   2140  1329      619.0000    43      680.0000      483.0688   249134   28.96%
   2283  1452      628.9720    46      680.0000      483.1574   275890   28.95%
   2461  1601      609.0000    32      680.0000      483.3988   298167   28.91%
   2692  1800      661.0000    35      680.0000      483.8392   319953   28.85%
   2876  1954      672.4594    28      680.0000      483.8392   345434   28.85%
   3053  2101      512.3978    75      680.0000      483.8962   367392   28.84%
   3217  2242      629.0000    36      680.0000      483.8962   389393   28.84%
   3395  2398      630.8348    35      680.0000      483.8994   409659   28.84%
Elapsed time = 21.75 sec. (27467.75 ticks, tree = 2.62 MB, solutions = 11)
   3574  2536      637.0000    49      680.0000      484.1053   430391   28.81%
   3740  2682      643.0000    55      680.0000      484.1579   448116   28.80%
   3989  2905      661.4704    20      680.0000      484.2064   478356   28.79%
   4140  3037      615.0000    32      680.0000      484.2088   500151   28.79%
   4320  3179      526.9519    62      680.0000      484.2733   524764   28.78%
   4447  3289      495.9348    81      680.0000      485.1620   545362   28.65%
   4597  3430      621.0000    24      680.0000      485.1620   563314   28.65%
   4796  3599      582.4276    55      680.0000      485.4082   584025   28.62%
   4955  3723      603.9949    57      680.0000      485.4313   614810   28.61%
   5202  3942      645.4354    23      680.0000      485.4674   638410   28.61%
Elapsed time = 29.59 sec. (37052.27 ticks, tree = 4.15 MB, solutions = 11)
   5393  4093      653.0000    54      680.0000      485.6993   661254   28.57%
*  5580+ 4080                          670.0000      485.7166   685630   27.50%
   5580  4082      607.0000    53      670.0000      485.7166   685630   27.50%
   5725  4213      604.2757    35      670.0000      485.7655   710794   27.50%
   5932  4394      612.0982    29      670.0000      485.7729   744951   27.50%
   6125  4577      602.0000    37      670.0000      486.2885   768698   27.42%
   6341  4778      615.0000    24      670.0000      486.2977   793874   27.42%
   6525  4928      562.6365    65      670.0000      486.5916   819957   27.37%
   6702  5088      603.9945    66      670.0000      486.6746   841373   27.36%
   6877  5257      665.0000    36      670.0000      486.9582   863228   27.32%
   7080  5432      610.0000    60      670.0000      487.3469   897084   27.26%
Elapsed time = 37.54 sec. (46823.19 ticks, tree = 5.76 MB, solutions = 12)
   7350  5681      619.0000    23      670.0000      487.3563   927636   27.26%
*  7580+ 5646                          660.0000      487.3808   956353   26.15%
   7580  5648      607.0000    56      660.0000      487.3808   956353   26.15%
   7828  5879      641.0000    26      660.0000      487.3929   986757   26.15%
   8132  6155      489.4439    84      660.0000      487.6905  1018203   26.11%
   8417  6408    infeasible            660.0000      487.7819  1053316   26.09%
   8580  6555      610.0000    59      660.0000      487.9780  1079069   26.06%
   8873  6834      624.3703    49      660.0000      488.0000  1109078   26.06%
   9073  7017      637.0000    47      660.0000      488.0210  1134022   26.06%
   9279  7203      625.0000    45      660.0000      488.2646  1158212   26.02%
   9520  7409      638.0000    11      660.0000      488.3556  1188839   26.01%
Elapsed time = 45.63 sec. (56612.50 ticks, tree = 7.73 MB, solutions = 13)
   9700  7571      532.6736    52      660.0000      488.4080  1209995   26.00%
   9915  7772      611.0000    29      660.0000      488.4117  1232131   26.00%
  10081  7909      544.9607    53      660.0000      488.4832  1258931   25.99%
  10287  8099      536.8257    77      660.0000      488.5041  1282846   25.98%
  10562  8349      607.0000    37      660.0000      488.6003  1306490   25.97%
  10780  8542      537.6645    53      660.0000      488.6252  1334122   25.97%
* 10880+ 7490                          640.0000      488.6252  1348228   23.65%
  10880  7490    infeasible            640.0000      488.6252  1348228   23.65%
  11155  7735      630.8477    27      640.0000      488.6371  1383068   23.65%
  11415  7959      602.9994    53      640.0000      489.1362  1415937   23.57%
  11629  8144      622.4469    21      640.0000      489.1427  1442673   23.57%
Elapsed time = 59.47 sec. (72098.78 ticks, tree = 8.66 MB, solutions = 14)
  11927  8418    infeasible            640.0000      489.1784  1479920   23.57%
  12152  8624      603.0000    57      640.0000      489.2174  1512686   23.56%
  12422  8862      489.4854    79      640.0000      489.2728  1547076   23.55%
  12772  9179      620.5802    31      640.0000      489.2732  1581219   23.55%
  12977  9357      512.2442    64      640.0000      489.3233  1609812   23.54%
  13199  9551      629.0000    42      640.0000      489.3233  1635424   23.54%
  13348  9678      603.0000    50      640.0000      489.5809  1657619   23.50%
  13559  9867      610.7784    33      640.0000      489.6436  1687105   23.49%
  13664  9957      625.3973    56      640.0000      489.6890  1697370   23.49%
  13825 10100      615.0000    32      640.0000      489.6890  1710223   23.49%
Elapsed time = 67.45 sec. (81701.46 ticks, tree = 13.98 MB, solutions = 14)
  14013 10267      608.0000    60      640.0000      489.9193  1724023   23.45%
  14203 10426      617.0000    37      640.0000      489.9641  1737896   23.44%
  14401 10604      628.0000    27      640.0000      490.0509  1752258   23.43%
  14605 10788      614.0290    51      640.0000      490.1342  1764788   23.42%
  14752 10925      629.7392    57      640.0000      490.1342  1777321   23.42%
  14917 11071      627.0000    31      640.0000      490.1342  1791513   23.42%
  15177 11299      627.0481    29      640.0000      490.1942  1805055   23.41%
  15421 11521      586.0557    40      640.0000      490.2271  1819976   23.40%
  15545 11622      515.4668    65      640.0000      490.2271  1836348   23.40%
  15776 11830      636.0000    36      640.0000      490.2609  1848491   23.40%
Elapsed time = 75.13 sec. (91309.98 ticks, tree = 38.31 MB, solutions = 14)
  16025 12051      633.0000    44      640.0000      490.4497  1861960   23.37%
  16184 12193      614.1117    30      640.0000      490.4944  1877425   23.36%
  16393 12359      616.3371    38      640.0000      490.6218  1893782   23.34%
  16580 12516      610.0000    35      640.0000      490.9687  1906131   23.29%
  16720 12640      626.8114    21      640.0000      491.0465  1921150   23.27%
  16939 12835      626.0000    49      640.0000      491.0620  1935255   23.27%
  17184 13063      633.0000    30      640.0000      491.1658  1950436   23.26%
  17380 13232      602.0000    41      640.0000      491.2118  1965074   23.25%
  17519 13346      602.0000    39      640.0000      491.2174  1982296   23.25%
  18241 13983      627.0000    42      640.0000      491.4969  2039307   23.20%
Elapsed time = 85.22 sec. (103900.68 ticks, tree = 68.51 MB, solutions = 14)
  19088 14714      609.0000    29      640.0000      491.5762  2098509   23.19%
  19871 15380      606.1033    20      640.0000      491.6449  2152728   23.18%
  20580 16010      618.0000    25      640.0000      491.7217  2207500   23.17%
  21322 16658      596.4648    52      640.0000      491.8608  2258073   23.15%
  22055 17303      616.0000    29      640.0000      492.0093  2304078   23.12%
  22661 17802      576.4444    37      640.0000      492.1839  2354195   23.10%
  23450 18518      631.0000    29      640.0000      492.4813  2400563   23.05%
  24164 19161      606.0000    46      640.0000      492.7309  2450086   23.01%
  24825 19740      626.0000    49      640.0000      492.9519  2499056   22.98%
  25593 20437      617.0000    43      640.0000      493.0923  2547922   22.95%
Elapsed time = 116.03 sec. (142333.06 ticks, tree = 162.70 MB, solutions = 14)
  26345 21121      625.4611    39      640.0000      493.3763  2595456   22.91%
  27072 21773      557.4572    48      640.0000      493.4444  2644754   22.90%
  27911 22522      606.1224    36      640.0000      493.7205  2691793   22.86%
  28673 23188      600.0000    39      640.0000      493.8153  2740224   22.84%
  29425 23822      496.0145    97      640.0000      493.8998  2785824   22.83%
  30240 24549      602.0000    27      640.0000      493.9650  2832466   22.82%
  31125 25322      610.3558    33      640.0000      494.0278  2880994   22.81%
  31763 25876      518.9486    74      640.0000      494.1232  2931163   22.79%
  32515 26550      538.7780    57      640.0000      494.3421  2981091   22.76%
  33379 27315      609.0357    45      640.0000      494.6254  3030535   22.71%
Elapsed time = 146.81 sec. (180591.76 ticks, tree = 265.65 MB, solutions = 14)
  34202 28036      610.0000    41      640.0000      494.8458  3073952   22.68%
  35108 28838      515.5997    60      640.0000      494.9979  3126230   22.66%
  36055 29676      498.9187    68      640.0000      495.0437  3178203   22.65%
  36884 30418      541.5491    60      640.0000      495.1885  3226745   22.63%
  37857 31293      620.4484    25      640.0000      495.5712  3275144   22.57%
* 38501 27428      integral     0      630.0000      495.7174  3308980   21.31%
  39340 28172      613.7388    40      630.0000      495.8530  3357320   21.29%
  40259 28992      586.9706    35      630.0000      495.8947  3404494   21.29%
  40980 29634      603.0000    36      630.0000      495.9348  3451896   21.28%
  41878 30439        cutoff            630.0000      495.9578  3494424   21.28%
Elapsed time = 176.38 sec. (217304.24 ticks, tree = 323.36 MB, solutions = 15)
  42872 31336      603.0000    39      630.0000      496.1666  3537184   21.24%
  43623 32007      626.0000    21      630.0000      496.3259  3584124   21.22%
  44580 32883      622.0021    45      630.0000      496.5109  3633538   21.19%
  45506 33689      603.4776    36      630.0000      496.6706  3680060   21.16%
  46382 34470      601.5649    39      630.0000      496.7755  3730446   21.15%
  47240 35209      501.5827    83      630.0000      496.8678  3781465   21.13%
  48301 36159      612.7288    26      630.0000      496.9426  3824206   21.12%
  49041 36809      605.8024    48      630.0000      497.0462  3875618   21.10%
  49846 37547      628.0000    25      630.0000      497.1056  3924261   21.09%
  50679 38281      614.1039    31      630.0000      497.1769  3973872   21.08%
Elapsed time = 208.92 sec. (255718.98 ticks, tree = 443.95 MB, solutions = 15)
  51548 39058      625.5307    24      630.0000      497.3060  4023278   21.06%
  52508 39890      621.3801    35      630.0000      497.4563  4065095   21.04%
  53392 40668      623.0000    19      630.0000      497.5118  4106264   21.03%
  54291 41482      603.6854    45      630.0000      497.6912  4150627   21.00%
  54980 42100      614.0290    47      630.0000      497.7197  4197260   21.00%
  55892 42914      497.8373    94      630.0000      497.8666  4240020   20.97%
  56870 43780      609.4358    31      630.0000      498.0855  4283672   20.94%
  57810 44627      585.5004    55      630.0000      498.3017  4332151   20.90%
  58809 45542      612.0000    44      630.0000      498.3757  4378821   20.89%
  59676 46329    infeasible            630.0000      498.4380  4422971   20.88%
Elapsed time = 252.60 sec. (293941.82 ticks, tree = 558.56 MB, solutions = 15)
  60481 47038      614.7503    26      630.0000      498.5558  4471964   20.86%
  61551 47994        cutoff            630.0000      498.6316  4514537   20.85%
  62612 48962      604.0000    40      630.0000      498.7069  4562034   20.84%
  63661 49916      528.1322    66      630.0000      498.7212  4612953   20.84%
  64686 50846      608.0000    46      630.0000      498.7360  4660190   20.84%
  65580 51643      536.5230    43      630.0000      498.7844  4711925   20.83%
  66600 52549      624.5332    31      630.0000      498.9187  4754467   20.81%
  67589 53445      616.0281    21      630.0000      498.9582  4798812   20.80%
  68560 54303      612.6034    28      630.0000      499.0580  4848773   20.78%
  69580 55255      618.9700    42      630.0000      499.1449  4887447   20.77%
Elapsed time = 296.55 sec. (332408.25 ticks, tree = 688.67 MB, solutions = 15)
  70539 56111      605.8577    49      630.0000      499.2699  4929007   20.75%
  71477 56967      604.6091    50      630.0000      499.3369  4968779   20.74%
  72455 57857      569.2104    52      630.0000      499.3485  5012833   20.74%
  73658 58948      616.0000    35      630.0000      499.4845  5050564   20.72%
  74632 59818      551.7927    52      630.0000      499.5433  5095444   20.71%
  75580 60661      574.9953    61      630.0000      499.6787  5136603   20.69%
  76524 61501      628.0000    48      630.0000      499.8123  5184017   20.66%
  77363 62256      609.8818    35      630.0000      499.9028  5223648   20.65%
  78360 63186      621.6473    34      630.0000      500.0047  5264714   20.63%
  79605 64302      622.0000    18      630.0000      500.3477  5309393   20.58%
Elapsed time = 330.50 sec. (370695.88 ticks, tree = 826.14 MB, solutions = 15)
  80592 65182      628.0000    42      630.0000      500.5112  5355428   20.55%
  81728 66214      628.7019    21      630.0000      500.6519  5400805   20.53%
  82770 67164      613.0000    48      630.0000      500.7407  5449800   20.52%
  83546 67848      621.6248    34      630.0000      500.7877  5498676   20.51%
  84385 68596      615.3333    27      630.0000      500.8865  5544543   20.49%
  85509 69601      571.1351    48      630.0000      501.0154  5585777   20.47%
  86615 70615      601.9279    40      630.0000      501.1614  5624970   20.45%
  87580 71488      603.0000    43      630.0000      501.1616  5672729   20.45%
  88544 72386      603.4127    39      630.0000      501.1758  5720745   20.45%
  89580 73318      621.3688    36      630.0000      501.2139  5764583   20.44%
Elapsed time = 360.69 sec. (409002.91 ticks, tree = 967.55 MB, solutions = 15)
  90670 74313      617.6255    36      630.0000      501.2598  5807359   20.43%
  91627 75171      601.9021    41      630.0000      501.3658  5854042   20.42%
  92733 76196      629.0000    49      630.0000      501.4137  5892900   20.41%
  93730 77091      511.1038    77      630.0000      501.4546  5942273   20.40%
  94687 77952      529.8153    58      630.0000      501.4620  5985219   20.40%
  95655 78807      564.9852    43      630.0000      501.4937  6028695   20.40%
  96752 79812      618.0635    30      630.0000      501.5011  6081500   20.40%
  97904 80850      544.7763    46      630.0000      501.5235  6130112   20.39%
  99085 81877      620.8260    44      630.0000      501.5827  6170031   20.38%
 100287 82958      614.4440    37      630.0000      501.6149  6215447   20.38%
Elapsed time = 390.72 sec. (447192.64 ticks, tree = 1126.08 MB, solutions = 15)
 101442 83997      603.5889    40      630.0000      501.8011  6265953   20.35%
 102686 85134      599.8473    44      630.0000      501.8396  6305878   20.34%
 103812 86158    infeasible            630.0000      501.8542  6346339   20.34%
 104649 86909      608.0000    36      630.0000      501.8628  6390362   20.34%
 105592 87783      611.6719    42      630.0000      501.8931  6433006   20.33%
 106779 88892      603.0000    34      630.0000      501.9542  6474631   20.32%
 107743 89724      596.4747    64      630.0000      502.0195  6516701   20.31%
 108933 90756      619.9439    37      630.0000      502.1237  6556864   20.30%
 109936 91673      613.5333    31      630.0000      502.2276  6598106   20.28%
 110886 92508      610.3799    36      630.0000      502.3146  6642708   20.27%
Elapsed time = 420.46 sec. (485420.02 ticks, tree = 1273.52 MB, solutions = 15)
 111870 93410      616.6417    37      630.0000      502.3513  6685837   20.26%
 113060 94510      610.3558    38      630.0000      502.3522  6728306   20.26%
 114464 95815      612.0569    44      630.0000      502.4339  6769105   20.25%
 115494 96764      615.5743    44      630.0000      502.4827  6814145   20.24%
 116472 97654      540.2788    55      630.0000      502.5248  6854692   20.23%
 117666 98766      624.8338    15      630.0000      502.5493  6893201   20.23%
 118980 99996      624.4202    34      630.0000      502.6042  6936700   20.22%
 120110 101008      625.3972    50      630.0000      502.6785  6979180   20.21%
 120986 101748      607.4120    46      630.0000      502.7587  7018279   20.20%
 122410 103037      614.4302    34      630.0000      502.9234  7059621   20.17%
Elapsed time = 449.98 sec. (523631.59 ticks, tree = 1436.14 MB, solutions = 15)
 123559 104058      612.5189    31      630.0000      503.1345  7108475   20.14%
 124545 104922      556.6716    63      630.0000      503.3130  7146456   20.11%
 125730 106000      550.0910    51      630.0000      503.6206  7186062   20.06%
 127074 107241    infeasible            630.0000      503.8491  7227124   20.02%
 128180 108258      625.9881    33      630.0000      503.9455  7268294   20.01%
 129251 109207      603.7188    51      630.0000      503.9958  7309945   20.00%
 130192 110074      629.0000    48      630.0000      504.0691  7346014   19.99%
 131287 111081      620.8903    50      630.0000      504.1466  7388555   19.98%
 132492 112188      610.1835    27      630.0000      504.3285  7428970   19.95%
 133380 112960      612.0561    18      630.0000      504.3766  7475704   19.94%
Elapsed time = 479.43 sec. (561896.58 ticks, tree = 1575.82 MB, solutions = 15)
 134325 113784      609.5958    34      630.0000      504.4475  7521964   19.93%
 135369 114731      624.6742    46      630.0000      504.5255  7559787   19.92%
 136339 115564      535.6823    63      630.0000      504.5277  7604199   19.92%
*136580+88202                          620.0000      504.5277  7612590   18.62%
 137580 89074      610.4087    46      620.0000      504.6011  7641183   18.61%
 138677 90082      607.4766    26      620.0000      504.6382  7681147   18.61%
 139966 91239      577.1159    36      620.0000      504.6775  7722690   18.60%
 141222 92391      607.0253    27      620.0000      504.6982  7765415   18.60%
 142581 93657      612.0000    41      620.0000      504.7197  7802974   18.59%
 143877 94854      540.5140    51      620.0000      504.7468  7846935   18.59%
 145380 96260      553.4937    36      620.0000      504.7670  7889969   18.59%
Elapsed time = 509.22 sec. (600312.74 ticks, tree = 1351.93 MB, solutions = 16)
 146508 97305        cutoff            620.0000      504.7680  7932003   18.59%
 147817 98533      568.0470    47      620.0000      504.8187  7969859   18.58%
 149170 99778      615.0000    24      620.0000      504.8535  8007703   18.57%
 150378 100860      609.6646    47      620.0000      504.9250  8049244   18.56%
 151664 102007      603.5887    36      620.0000      505.0651  8086125   18.54%
 152625 102864      611.7218    40      620.0000      505.1491  8125660   18.52%
 153959 104034      603.5464    33      620.0000      505.3333  8161524   18.49%
 155510 105476      616.1740    33      620.0000      505.4063  8199238   18.48%
 156698 106570      611.9143    35      620.0000      505.4219  8235604   18.48%
 158097 107847        cutoff            620.0000      505.4746  8273044   18.47%
Elapsed time = 538.43 sec. (638480.10 ticks, tree = 1512.78 MB, solutions = 16)
 159080 108730      603.7815    24      620.0000      505.5536  8300085   18.46%
 159580 109177      610.3139    25      620.0000      505.5766  8315273   18.46%
 159940 109500      601.4352    43      620.0000      505.6025  8326628   18.45%
 160180 109722      612.4334    35      620.0000      505.6058  8331967   18.45%
 160680 110179      613.0000    27      620.0000      505.6158  8349858   18.45%
 161017 110497      505.6244    75      620.0000      505.6221  8359834   18.45%
 161480 110929      612.7313    31      620.0000      505.6654  8372202   18.44%
 161780 111207      612.4502    34      620.0000      505.6684  8384190   18.44%
 162280 111688      613.4585    32      620.0000      505.6767  8399236   18.44%
 162580 111955      610.9877    32      620.0000      505.6984  8412110   18.44%
Elapsed time = 574.82 sec. (682011.46 ticks, tree = 1573.08 MB, solutions = 16)
 163004 112348      615.4505    25      620.0000      505.7211  8427930   18.43%
 163863 113142      616.6188    29      620.0000      505.7705  8449684   18.42%
 164921 114112      614.2741    31      620.0000      505.7997  8484153   18.42%
 166092 115167      610.9935    31      620.0000      505.8540  8512063   18.41%
 167409 116351      614.0000    28      620.0000      505.9910  8553308   18.39%
 168428 117286      605.3333    45      620.0000      506.0476  8591045   18.38%
 169580 118343      615.3333    32      620.0000      506.1080  8630480   18.37%
 170593 119283      607.6369    39      620.0000      506.1309  8669939   18.37%

GUB cover cuts applied:  3
Implied bound cuts applied:  58
Flow cuts applied:  161
Mixed integer rounding cuts applied:  56
Zero-half cuts applied:  2
Lift and project cuts applied:  15
Gomory fractional cuts applied:  1

Root node processing (before b&c):
  Real time             =    0.91 sec. (1165.42 ticks)
Sequential b&c:
  Real time             =  599.09 sec. (712177.03 ticks)
                          ------------
Total (root+branch&cut) =  600.00 sec. (713342.45 ticks)
