Tried aggregator 2 times.
MIP Presolve eliminated 1179 rows and 362 columns.
MIP Presolve modified 169 coefficients.
Aggregator did 34 substitutions.
Reduced MIP has 1187 rows, 2017 columns, and 7345 nonzeros.
Reduced MIP has 1085 binaries, 2 generals, 0 SOSs, and 0 indicators.
Presolve time = 0.01 sec. (8.62 ticks)
Found incumbent of value 3700.000000 after 0.02 sec. (20.31 ticks)
Probing time = 0.00 sec. (3.16 ticks)
Tried aggregator 1 time.
Reduced MIP has 1187 rows, 2017 columns, and 7345 nonzeros.
Reduced MIP has 1085 binaries, 19 generals, 0 SOSs, and 0 indicators.
Presolve time = 0.00 sec. (3.91 ticks)
Probing time = 0.00 sec. (3.07 ticks)
Clique table members: 5122.
MIP emphasis: balance optimality and feasibility.
MIP search method: dynamic search.
Parallel mode: none, using 1 thread.
Root relaxation solution time = 0.02 sec. (34.29 ticks)

        Nodes                                         Cuts/
   Node  Left     Objective  IInf  Best Integer    Best Bound    ItCnt     Gap

*     0+    0                         3700.0000        0.0000      655  100.00%
      0     0       89.8545   155     3700.0000       89.8545      655   97.57%
      0     0       90.0000   146     3700.0000      Cuts: 23      910   97.57%
      0     0      153.0966   150     3700.0000      Cuts: 96     1692   95.86%
      0     0      164.7136   139     3700.0000      Cuts: 47     2198   95.55%
*     0+    0                         1700.0000      164.7136     2198   90.31%
*     0+    0                         1000.0000      164.7136     2198   83.53%
*     0+    0                          960.0000      164.7136     2198   82.84%
      0     0      164.7136   134      960.0000      Cuts: 34     2376   82.84%
      0     0      167.0745   131      960.0000      Cuts: 75     2602   82.60%
      0     0      167.0956   130      960.0000      Cuts: 40     2682   82.59%
      0     0      167.0956   129      960.0000      Cuts: 30     2774   82.59%
      0     0      167.0956   124      960.0000  Flowcuts: 15     2884   82.59%
      0     2      167.0956   115      960.0000      169.1732     2884   82.38%
Elapsed time = 0.92 sec. (1177.33 ticks, tree = 0.00 MB, solutions = 4)
     22    24      184.7501    95      960.0000      169.1732     6094   82.38%
     40    42      190.7435   104      960.0000      169.1732     9111   82.38%
     80    82      191.9016    81      960.0000      169.1732    11625   82.38%
*   120+  120                          820.0000      169.1732    13337   79.37%
    120   122      192.0598    77      820.0000      169.1732    13337   79.37%
*   140+  140                          760.0000      169.1732    14424   77.74%
    145   147      217.8293    65      760.0000      169.1732    15153   77.74%
    172   174      231.9266    60      760.0000      169.1732    17313   77.74%
    201   203      280.0000    50      760.0000      169.1732    21045   77.74%
    240   242      295.4459    42      760.0000      169.1732    25227   77.74%
    285   287      297.5359    52      760.0000      169.1732    30493   77.74%
*   363+  357                          680.0000      169.1732    42678   75.12%
    506   502      390.0000    47      680.0000      169.1732    47202   75.12%
Elapsed time = 3.43 sec. (4663.32 ticks, tree = 1.07 MB, solutions = 7)
*   513+  338                          650.0000      422.9885    58346   34.92%
*   513+  225                          640.0000      422.9885    58346   33.91%
    513   226      422.9885   110      640.0000      422.9885    58346   33.91%
    529   230      430.7208   105      640.0000      424.0000    60513   33.75%
    551   232      433.6486   107      640.0000      424.0000    65334   33.75%
    593   246      434.8672    81      640.0000      424.0000    72072   33.75%
    644   267      470.3937    58      640.0000      424.0000    86450   33.75%
    789   307      431.6289   121      640.0000      425.0000   110431   33.59%
    852   327      494.9332    60      640.0000      425.0000   128736   33.59%
    993   353      425.7832    93      640.0000      425.0000   150152   33.59%
   1167   497      457.3875    96      640.0000      425.0000   160193   33.59%
   1365   665      498.9285    58      640.0000      425.0000   173854   33.59%
Elapsed time = 13.42 sec. (16871.98 ticks, tree = 1.36 MB, solutions = 9)
*  1513+  705                          590.0000      425.7832   188464   27.83%
*  1513+  681                          570.0000      425.7832   188464   25.30%
   1552   719      511.0000    76      570.0000      425.7832   189896   25.30%
   1713   856      466.9946    82      570.0000      425.7832   204485   25.30%
   1921  1049      503.4286    51      570.0000      425.7832   222343   25.30%
   2113  1232      448.7408    70      570.0000      425.7832   238168   25.30%
   2281  1385      449.5792    89      570.0000      425.8209   256908   25.29%
   2406  1506      538.0000    15      570.0000      425.8209   274435   25.29%
   2612  1694      547.0000    45      570.0000      425.8209   291907   25.29%
   2921  1971      439.8606    79      570.0000      425.8240   310488   25.29%
   3160  2188      535.0000    48      570.0000      425.8319   329371   25.29%
   3372  2383      487.6055    60      570.0000      425.8716   345565   25.29%
Elapsed time = 21.38 sec. (26615.84 ticks, tree = 3.24 MB, solutions = 11)
   3513  2496      447.7160   102      570.0000      427.0457   359506   25.08%
   3821  2787      548.0000    49      570.0000      427.0457   372929   25.08%
   4062  3006      439.7379    87      570.0000      427.0457   392431   25.08%
   4293  3225      441.0315    84      570.0000      427.0457   407746   25.08%
   4398  3320      535.0000    28      570.0000      427.0457   423351   25.08%
   4553  3453      547.0000    51      570.0000      427.0457   438702   25.08%
   4840  3718      439.7879    85      570.0000      427.0497   457796   25.08%
   5184  4047      564.0000    28      570.0000      427.0497   479677   25.08%
   5371  4220      542.2690    24      570.0000      427.0497   497634   25.08%
   5616  4444      429.9372   100      570.0000      427.0993   516146   25.07%
Elapsed time = 29.43 sec. (36233.50 ticks, tree = 5.50 MB, solutions = 11)
   5864  4666      437.6123    73      570.0000      427.1445   534038   25.06%
   6125  4915      439.6609   122      570.0000      428.0000   549934   24.91%
   6234  5008      569.0000    67      570.0000      428.0000   562192   24.91%
   6451  5210      569.0000    51      570.0000      428.0000   578509   24.91%
   6583  5328      429.0583   121      570.0000      428.0000   588401   24.91%
   6786  5522      562.0000    41      570.0000      428.0000   602793   24.91%
   7006  5723      442.6500    93      570.0000      428.4241   616929   24.84%
   7312  6015      552.0000    44      570.0000      428.4241   632995   24.84%
   7604  6281      428.4241    99      570.0000      428.4241   651953   24.84%
   7783  6437      536.0205    43      570.0000      428.4241   670429   24.84%
Elapsed time = 37.45 sec. (45951.87 ticks, tree = 7.59 MB, solutions = 11)
   8092  6718      544.0000    31      570.0000      428.4241   689386   24.84%
   8395  7003      515.3809    64      570.0000      428.4324   711471   24.84%
   8647  7237      537.0000    45      570.0000      428.4324   730724   24.84%
   8954  7514      546.0043    45      570.0000      428.4752   755250   24.83%
   9344  7886      540.0000    19      570.0000      428.4752   772639   24.83%
   9623  8135      547.0000    58      570.0000      428.4782   791106   24.83%
   9870  8351      429.0099   120      570.0000      429.0072   808909   24.74%
  10029  8495      569.0000    50      570.0000      429.0099   823404   24.74%
  10149  8604      557.0000    36      570.0000      429.0809   837667   24.72%
  10377  8810      567.0000    43      570.0000      429.1317   853616   24.71%
Elapsed time = 45.48 sec. (55569.12 ticks, tree = 10.34 MB, solutions = 11)
* 10513+ 7675                          560.0000      429.1317   862461   23.37%
  10521  7682      442.2473   108      560.0000      429.2147   864765   23.35%
  10762  7909      539.0000    38      560.0000      429.6026   880252   23.29%
* 10773+ 6222                          550.0000      429.6026   880970   21.89%
  10773  6224      542.0000    36      550.0000      429.6026   880970   21.89%
  10774  6225      429.6150    95      550.0000      429.6049   881540   21.89%
  10990  6424      444.0154    92      550.0000      429.6142   899210   21.89%
  11259  6675      535.0000    77      550.0000      429.6150   915697   21.89%
  11524  6912      549.0000    41      550.0000      429.6150   932891   21.89%
  11760  7107      547.0000    62      550.0000      429.6592   955379   21.88%
  12095  7421      437.2690    86      550.0000      429.9349   969997   21.83%
  12327  7629      515.3809    68      550.0000      429.9349   993969   21.83%
Elapsed time = 56.80 sec. (68211.44 ticks, tree = 8.99 MB, solutions = 13)
  12666  7931      497.7116    62      550.0000      429.9349  1013169   21.83%
  12949  8177      515.4585    55      550.0000      429.9349  1037510   21.83%
  13269  8471      539.0000    46      550.0000      429.9349  1056400   21.83%
  13482  8663      545.0000    30      550.0000      429.9349  1080378   21.83%
  13787  8934      549.0000    51      550.0000      429.9382  1103266   21.83%
  14019  9125      493.1540    68      550.0000      429.9382  1127159   21.83%
  14223  9309      547.0000    38      550.0000      429.9382  1147692   21.83%
  14411  9476      535.0000    50      550.0000      429.9382  1169143   21.83%
  14647  9688      547.0000    43      550.0000      429.9382  1186246   21.83%
  14851  9868      515.4585    67      550.0000      429.9382  1205651   21.83%
Elapsed time = 65.00 sec. (77835.30 ticks, tree = 11.36 MB, solutions = 13)
  15181 10178      543.0000    40      550.0000      429.9382  1224599   21.83%
  15407 10379      431.5984    88      550.0000      429.9382  1244291   21.83%
  15552 10492      483.3303    67      550.0000      429.9382  1265927   21.83%
  15669 10594      457.3483    69      550.0000      429.9408  1283077   21.83%
  15836 10734      535.0000    55      550.0000      429.9448  1302251   21.83%
  16095 10972      543.1689    71      550.0000      429.9448  1318617   21.83%
  16254 11102      433.0435    97      550.0000      429.9482  1340206   21.83%
  16466 11289      535.0000    24      550.0000      429.9482  1362871   21.83%
  16646 11446      440.8115   103      550.0000      429.9482  1382961   21.83%
  16964 11739      439.7256    84      550.0000      429.9485  1403518   21.83%
Elapsed time = 73.13 sec. (87486.41 ticks, tree = 13.35 MB, solutions = 13)
  17247 11982      545.0000    56      550.0000      429.9485  1427001   21.83%
  17503 12212      513.0459    48      550.0000      429.9485  1448959   21.83%
  17803 12494      541.0324    28      550.0000      429.9937  1467401   21.82%
  18205 12868      543.0000    20      550.0000      430.0000  1489493   21.82%
  18306 12934      454.5875    91      550.0000      430.0228  1509436   21.81%
  18360 12969      437.8904    79      550.0000      430.0420  1518775   21.81%
  18417 13007      430.2548   126      550.0000      430.2548  1534156   21.77%
  18500 13067      431.6171   118      550.0000      430.3098  1549192   21.76%
  18556 13112      540.0037    59      550.0000      430.3165  1560836   21.76%
  18892 13345      487.7449    70      550.0000      430.4281  1631841   21.74%
Elapsed time = 83.36 sec. (99987.45 ticks, tree = 14.99 MB, solutions = 13)
  19513 13872      547.0000    57      550.0000      430.8629  1712879   21.66%
  19952 14234      431.0000   122      550.0000      431.0000  1780589   21.64%
  20261 14465      487.7449    83      550.0000      431.0520  1846117   21.63%
  21034 15172      538.0238    38      550.0000      431.2391  1909979   21.59%
  21808 15869      549.0000    35      550.0000      431.2974  1975413   21.58%
  22525 16492      473.8190    93      550.0000      431.5984  2038850   21.53%
  23167 17074      434.2394    95      550.0000      431.5984  2103312   21.53%
  23694 17531      549.0000    35      550.0000      431.5984  2166117   21.53%
  24251 18041      535.0000    53      550.0000      431.5984  2229730   21.53%
  24782 18534      549.0000    43      550.0000      431.5984  2286113   21.53%
Elapsed time = 116.07 sec. (138426.07 ticks, tree = 20.92 MB, solutions = 13)
  25361 19047      547.0000    56      550.0000      431.6069  2345450   21.53%
  25997 19627      548.0724    54      550.0000      431.6171  2402964   21.52%
  26527 20097      544.0000    29      550.0000      431.6594  2457474   21.52%
  27028 20522      491.6237    56      550.0000      431.8706  2517365   21.48%
  27516 20897      535.0000    53      550.0000      432.0000  2567167   21.45%
  28089 21427        cutoff            550.0000      432.0000  2633156   21.45%
  28588 21865      444.9610    88      550.0000      432.2144  2694656   21.42%
  29174 22372      434.2306   102      550.0000      432.4586  2759056   21.37%
  29626 22757      510.4677    63      550.0000      432.5233  2818593   21.36%
  30209 23202      520.9556    62      550.0000      432.8458  2875952   21.30%
Elapsed time = 148.47 sec. (176747.65 ticks, tree = 25.80 MB, solutions = 13)
  30518 23425      496.3996    62      550.0000      433.0000  2928512   21.27%
  30875 23678      509.9636    51      550.0000      433.0000  2978399   21.27%
  31293 24039      449.6926    78      550.0000      433.0325  3028944   21.27%
  31843 24559      536.2244    41      550.0000      433.0335  3084659   21.27%
  32348 25019      535.0000    45      550.0000      433.0335  3146854   21.27%
  32802 25431      535.0000    25      550.0000      433.0446  3211176   21.26%
  33487 26066      535.0000    21      550.0000      433.0458  3276934   21.26%
  34047 26572      540.8869    41      550.0000      433.0469  3341543   21.26%
  34513 26988      537.0000    35      550.0000      433.0587  3410343   21.26%
  35313 27695      539.0000    41      550.0000      433.0951  3460882   21.26%
Elapsed time = 181.18 sec. (215191.11 ticks, tree = 41.38 MB, solutions = 13)
  36038 28332      433.1406   100      550.0000      433.1190  3508653   21.25%
  36650 28832      547.0000    31      550.0000      433.4389  3548496   21.19%
  37360 29488      435.0332    76      550.0000      433.4389  3601679   21.19%
  37971 30038      433.4642   104      550.0000      433.4389  3651067   21.19%
  38584 30595      549.0000    32      550.0000      433.4389  3695655   21.19%
  39243 31201      538.5531    38      550.0000      433.4398  3744059   21.19%
  39885 31781      536.2244    25      550.0000      433.4537  3792494   21.19%
  40487 32288      491.8205    41      550.0000      433.4742  3838117   21.19%
  41257 32924      547.0000    39      550.0000      433.8399  3881690   21.12%
  41923 33448      496.0751    37      550.0000      433.8515  3924193   21.12%
Elapsed time = 213.07 sec. (253525.72 ticks, tree = 105.99 MB, solutions = 13)
  42459 33845      474.1608    67      550.0000      434.0000  3971355   21.09%
  42954 34262      435.5169   118      550.0000      434.0000  4016204   21.09%
  43543 34797      535.0000    43      550.0000      434.0000  4063166   21.09%
  44037 35219      471.0031    68      550.0000      434.1894  4107951   21.06%
  44540 35641      525.7414    32      550.0000      434.2303  4150462   21.05%
  45030 36036      547.0000    30      550.0000      434.2306  4203416   21.05%
  45686 36598      546.0043    32      550.0000      434.2465  4251661   21.05%
  46284 37101      549.0000    19      550.0000      434.2515  4302412   21.05%
  47032 37774      547.0000    26      550.0000      434.2951  4347208   21.04%
  47823 38474      547.0000    40      550.0000      434.3111  4390385   21.03%
Elapsed time = 243.71 sec. (291733.57 ticks, tree = 169.10 MB, solutions = 13)
  48394 38953      471.0031    60      550.0000      434.5808  4434676   20.99%
  49038 39504      443.4936    84      550.0000      434.7086  4480588   20.96%
  49566 39906      434.8721   113      550.0000      434.8721  4516349   20.93%
  50113 40324      536.1069    41      550.0000      435.0332  4560247   20.90%
  50642 40787      538.0000    29      550.0000      435.0332  4606872   20.90%
  51225 41287      547.0000    20      550.0000      435.0401  4659678   20.90%
  51965 41952      467.4070    75      550.0000      435.0519  4708540   20.90%
  52657 42595      535.0000    51      550.0000      435.0670  4757102   20.90%
  53513 43378      541.0000    27      550.0000      435.0970  4809179   20.89%
  54084 43854      435.2445   114      550.0000      435.2238  4862495   20.87%
Elapsed time = 274.51 sec. (330144.38 ticks, tree = 226.12 MB, solutions = 13)
  54647 44269      538.0000    25      550.0000      435.4862  4904280   20.82%
  55303 44865      548.0000    26      550.0000      435.4862  4955077   20.82%
  55984 45486      536.0000    19      550.0000      435.4915  5006947   20.82%
  56587 46009      461.0000    54      550.0000      435.4932  5058640   20.82%
  57190 46571      539.0000    28      550.0000      435.4960  5106461   20.82%
  57968 47297      547.0000    38      550.0000      435.5077  5153184   20.82%
  58549 47796        cutoff            550.0000      435.5474  5201088   20.81%
  59387 48566      535.0000    46      550.0000      435.5731  5251152   20.80%
  59924 48995      501.9553    73      550.0000      435.6373  5295795   20.79%
  60449 49365      500.8117    49      550.0000      435.6480  5337728   20.79%
Elapsed time = 305.03 sec. (368416.62 ticks, tree = 293.99 MB, solutions = 13)
  61037 49780      515.6072    82      550.0000      435.7564  5371466   20.77%
  61553 50229      547.0000    29      550.0000      435.7775  5409947   20.77%
  62303 50909      547.0000    49      550.0000      435.8189  5460479   20.76%
  62828 51358      546.0000    28      550.0000      436.0000  5505099   20.73%
  63338 51808      536.0205    37      550.0000      436.0000  5553270   20.73%
  63965 52345      436.0403   111      550.0000      436.0403  5599197   20.72%
  64483 52729      547.0000    49      550.0000      436.1887  5638451   20.69%
  65117 53301      547.0000    28      550.0000      436.1897  5688098   20.69%
  65718 53808      479.6597    89      550.0000      436.2119  5737922   20.69%
  66513 54538      547.0000    25      550.0000      436.2184  5788684   20.69%
Elapsed time = 335.77 sec. (406947.66 ticks, tree = 355.93 MB, solutions = 13)
  67202 55143        cutoff            550.0000      436.2605  5837248   20.68%
  67863 55710      535.0000    28      550.0000      436.4769  5885806   20.64%
  68315 56035      484.1049    75      550.0000      436.7512  5930961   20.59%
  69057 56696      548.0000    23      550.0000      436.8023  5976413   20.58%
  69713 57245      538.0000    20      550.0000      436.8544  6023272   20.57%
  70285 57683      437.1684   113      550.0000      437.1544  6068898   20.52%
  70913 58179      535.0000    35      550.0000      437.2690  6108961   20.50%
  71527 58749      501.1671    56      550.0000      437.2690  6155963   20.50%
  72221 59390      535.0000    31      550.0000      437.2690  6204110   20.50%
  72793 59901      535.0000    33      550.0000      437.2703  6250950   20.50%
Elapsed time = 366.33 sec. (445268.28 ticks, tree = 417.60 MB, solutions = 13)
  73570 60616      463.3560    66      550.0000      437.2790  6301536   20.49%
  74203 61175        cutoff            550.0000      437.2834  6355190   20.49%
  74938 61848      535.0000    31      550.0000      437.2907  6408515   20.49%
  75709 62557      546.0000    17      550.0000      437.3142  6460788   20.49%
  76459 63241      460.1709    61      550.0000      437.3405  6513446   20.48%
  77245 63953      541.0000    22      550.0000      437.3589  6559903   20.48%
  77883 64517      542.6923    23      550.0000      437.4540  6609752   20.46%
  78389 64879        cutoff            550.0000      437.6123  6650774   20.43%
  78958 65327      539.6624    67      550.0000      437.6163  6694525   20.43%
  79574 65823      491.6232    48      550.0000      437.6594  6736393   20.43%
Elapsed time = 397.01 sec. (483531.20 ticks, tree = 501.94 MB, solutions = 13)
  80453 66466      549.0000    33      550.0000      437.7772  6774328   20.40%
  81029 66983      546.0000    23      550.0000      437.7772  6825373   20.40%
  81671 67553      538.0194    42      550.0000      437.7772  6873546   20.40%
  82427 68245      537.0000    36      550.0000      437.7787  6922247   20.40%
  83225 68955      525.5434    44      550.0000      437.7798  6965239   20.40%
  83841 69509      511.1831    44      550.0000      437.7798  7011359   20.40%
  84507 70087      465.9557    73      550.0000      437.7906  7061275   20.40%
  85001 70507      547.0000    33      550.0000      437.7918  7104205   20.40%
  85585 71003      548.0000    24      550.0000      437.7918  7147978   20.40%
  86184 71525      535.0000    51      550.0000      437.7965  7199780   20.40%
Elapsed time = 427.83 sec. (521818.71 ticks, tree = 576.06 MB, solutions = 13)
  86813 72089      543.0000    33      550.0000      437.8011  7250170   20.40%
  87500 72698      535.0000    51      550.0000      437.8465  7302799   20.39%
  88286 73403      534.0173    39      550.0000      437.8626  7354111   20.39%
  89009 74048      547.0000    47      550.0000      437.8833  7406277   20.38%
  89644 74599      548.0000    30      550.0000      437.9132  7457067   20.38%
  90378 75235      484.1490    63      550.0000      437.9599  7511332   20.37%
  90934 75697      517.3333    51      550.0000      438.0000  7550863   20.36%
  91600 76267      440.4084   104      550.0000      438.0557  7595427   20.35%
  92195 76685      480.5728    71      550.0000      438.3077  7633524   20.31%
  92868 77287      547.0000    38      550.0000      438.3645  7680024   20.30%
Elapsed time = 458.43 sec. (560091.25 ticks, tree = 650.71 MB, solutions = 13)
  93593 77938        cutoff            550.0000      438.3712  7726714   20.30%
  94373 78645      547.0000    46      550.0000      438.3813  7779392   20.29%
  95058 79265      547.0000    29      550.0000      438.3903  7829345   20.29%
  95713 79830      547.0000    31      550.0000      438.4224  7873536   20.29%
  96470 80505      548.2476    30      550.0000      438.4442  7925062   20.28%
  97079 81043      543.0000    22      550.0000      438.4460  7972876   20.28%
  97617 81518        cutoff            550.0000      438.4543  8022385   20.28%
  98279 82101      537.7753    17      550.0000      438.5251  8072383   20.27%
  98750 82465      535.0000    36      550.0000      438.6534  8110991   20.24%
  99376 83033      539.0000    41      550.0000      438.6534  8160474   20.24%
Elapsed time = 489.39 sec. (598322.85 ticks, tree = 713.43 MB, solutions = 13)
 100032 83629      548.0000    26      550.0000      438.6831  8207640   20.24%
 100560 84083      539.0000    33      550.0000      438.7203  8255629   20.23%
 101067 84507      545.0000    35      550.0000      438.8374  8301059   20.21%
 101587 84905      536.0443    39      550.0000      438.8996  8342636   20.20%
 102365 85569      527.2616    45      550.0000      438.9514  8393081   20.19%
 102960 86065      542.1749    27      550.0000      439.0000  8441121   20.18%
 103558 86603      535.0000    51      550.0000      439.0000  8491755   20.18%
 104177 87136      547.5371    36      550.0000      439.2102  8540387   20.14%
 104816 87711      527.8418    46      550.0000      439.2857  8590971   20.13%
 105513 88275      532.7500    42      550.0000      439.3258  8635342   20.12%
Elapsed time = 520.42 sec. (636750.50 ticks, tree = 786.40 MB, solutions = 13)
 106187 88832      491.8116    56      550.0000      439.6268  8676553   20.07%
 106851 89361      535.0000    34      550.0000      439.7109  8721083   20.05%
 107493 89939        cutoff            550.0000      439.7166  8772990   20.05%
 108240 90615      537.0000    33      550.0000      439.7379  8819706   20.05%
 108930 91243      547.0000    49      550.0000      439.7379  8869244   20.05%
 109470 91700      540.1301    38      550.0000      439.7548  8918044   20.04%
 109913 92093      548.0000    31      550.0000      439.7842  8957604   20.04%
 110213 92347      549.0000    21      550.0000      439.7842  8990921   20.04%
 110613 92708      535.0000    31      550.0000      439.7842  9019918   20.04%
 111013 93064      537.0000    26      550.0000      439.7879  9052073   20.04%
Elapsed time = 552.72 sec. (676215.89 ticks, tree = 843.04 MB, solutions = 13)
 111413 93415      536.0000    25      550.0000      439.7881  9081380   20.04%
 111825 93780        cutoff            550.0000      439.7892  9112501   20.04%
 112113 94033      535.0000    36      550.0000      439.7904  9136703   20.04%
 112491 94368      549.0000    41      550.0000      439.7904  9165372   20.04%
 112814 94648      547.0000    32      550.0000      439.7916  9188645   20.04%
 113302 95055      496.0039    46      550.0000      439.7972  9224776   20.04%
 113613 95286      455.6181    75      550.0000      439.7972  9253725   20.04%
 113924 95527      539.0000    24      550.0000      439.8061  9282158   20.04%
 114313 95857      549.0000    35      550.0000      439.8078  9315342   20.03%
 114655 96152    infeasible            550.0000      439.8078  9349088   20.03%
Elapsed time = 585.96 sec. (715174.23 ticks, tree = 876.22 MB, solutions = 13)
 115013 96445      495.8910    59      550.0000      439.8108  9375193   20.03%
 115422 96791      547.0000    23      550.0000      439.8243  9405924   20.03%
 115767 97100      514.3635    48      550.0000      439.8286  9432160   20.03%
 116113 97372      500.6667    50      550.0000      439.8405  9452633   20.03%

GUB cover cuts applied:  2
Clique cuts applied:  1
Cover cuts applied:  2
Implied bound cuts applied:  85
Flow cuts applied:  230
Mixed integer rounding cuts applied:  62
Lift and project cuts applied:  26

Root node processing (before b&c):
  Real time             =    0.91 sec. (1166.76 ticks)
Sequential b&c:
  Real time             =  599.09 sec. (730558.06 ticks)
                          ------------
Total (root+branch&cut) =  600.00 sec. (731724.82 ticks)
