Tried aggregator 2 times.
MIP Presolve eliminated 1061 rows and 216 columns.
MIP Presolve modified 241 coefficients.
Aggregator did 35 substitutions.
Reduced MIP has 1169 rows, 1997 columns, and 7356 nonzeros.
Reduced MIP has 1065 binaries, 2 generals, 0 SOSs, and 0 indicators.
Presolve time = 0.01 sec. (8.49 ticks)
Found incumbent of value 3500.000000 after 0.02 sec. (20.04 ticks)
Probing time = 0.00 sec. (2.88 ticks)
Tried aggregator 1 time.
Reduced MIP has 1169 rows, 1997 columns, and 7356 nonzeros.
Reduced MIP has 1065 binaries, 16 generals, 0 SOSs, and 0 indicators.
Presolve time = 0.00 sec. (3.88 ticks)
Probing fixed 0 vars, tightened 1 bounds.
Probing time = 0.01 sec. (6.17 ticks)
Clique table members: 4501.
MIP emphasis: balance optimality and feasibility.
MIP search method: dynamic search.
Parallel mode: none, using 1 thread.
Root relaxation solution time = 0.03 sec. (39.66 ticks)

        Nodes                                         Cuts/
   Node  Left     Objective  IInf  Best Integer    Best Bound    ItCnt     Gap

*     0+    0                         3500.0000        0.0000      714  100.00%
      0     0       82.9306   157     3500.0000       82.9306      714   97.63%
      0     0       84.7504   118     3500.0000      Cuts: 26     1009   97.58%
      0     0      148.1922   123     3500.0000      Cuts: 83     1415   95.77%
      0     0      154.9266   122     3500.0000      Cuts: 75     1626   95.57%
      0     0      155.1914   135     3500.0000      Cuts: 50     1756   95.57%
      0     0      155.1914   129     3500.0000      Cuts: 51     1883   95.57%
*     0+    0                         1330.0000      155.1914     1883   88.33%
*     0+    0                          970.0000      155.1914     1883   84.00%
*     0+    0                          810.0000      155.1914     1883   80.84%
*     0+    0                          770.0000      155.1914     1883   79.85%
      0     0      155.1914   118      770.0000      Cuts: 25     1944   79.85%
      0     0      158.0792   123      770.0000      Cuts: 71     2013   79.47%
      0     0      158.0821   119      770.0000      Cuts: 31     2060   79.47%
      0     0      158.0821   117      770.0000       Cuts: 3     2064   79.47%
      0     2      158.0821   113      770.0000      158.0821     2064   79.47%
Elapsed time = 0.95 sec. (1178.09 ticks, tree = 0.00 MB, solutions = 5)
*    20+   20                          740.0000      163.8957     3420   77.85%
     20    22      177.6842    90      740.0000      163.8957     3420   77.85%
     90    92      194.0452    77      740.0000      163.8957     6140   77.85%
    130   132      214.4458    61      740.0000      163.8957     7859   77.85%
    171   173      230.9906    55      740.0000      163.8957    11452   77.85%
    215   217      283.4357    41      740.0000      163.8957    15271   77.85%
    299   299      572.3076    21      740.0000      163.8957    20045   77.85%
*   315+  299                          670.0000      163.8957    21056   75.54%
    375   361      181.3641    93      670.0000      163.9558    23637   75.53%
    420   406      190.8559    82      670.0000      163.9558    27314   75.53%
    470   452      201.4189    73      670.0000      163.9558    31430   75.53%
*   475+  304                          640.0000      260.3426    34620   59.32%
*   475+  202                          600.0000      404.1244    43387   32.65%
    475   203      405.0000   105      600.0000      405.0000    43387   32.50%
Elapsed time = 5.74 sec. (7293.03 ticks, tree = 0.41 MB, solutions = 9)
    487   209      407.8592   104      600.0000      405.0000    47107   32.50%
    509   214      413.0000    85      600.0000      405.0000    51447   32.50%
    537   221      449.2332    78      600.0000      405.0000    59592   32.50%
    575   228      432.7823    78      600.0000      405.0000    73601   32.50%
    651   252      515.0000    57      600.0000      405.0000    89589   32.50%
    756   285      548.2507    23      600.0000      405.0000   119222   32.50%
*   799+  250                          550.0000      405.0000   130675   26.36%
*   799+  222                          540.0000      405.0000   130675   25.00%
    824   235      416.1458   100      540.0000      405.0434   139924   24.99%
    884   277      471.3671    42      540.0000      405.0434   158398   24.99%
   1003   379      410.9425   117      540.0000      405.9904   179062   24.82%
   1144   516      416.9947   108      540.0000      405.9904   192775   24.82%
Elapsed time = 13.27 sec. (17112.67 ticks, tree = 3.40 MB, solutions = 11)
   1283   643      414.5511   110      540.0000      405.9904   205953   24.82%
   1362   713      501.7682    62      540.0000      405.9904   226511   24.82%
   1478   804      410.9509   116      540.0000      405.9995   251146   24.81%
   1589   905      494.6577    75      540.0000      405.9995   265659   24.81%
   1706  1013      420.7186   104      540.0000      405.9995   279281   24.81%
   1827  1127      421.0041    66      540.0000      406.0000   298847   24.81%
   1958  1252      517.0000    50      540.0000      406.0000   319326   24.81%
   2102  1392      410.9484   111      540.0000      406.0055   336558   24.81%
   2244  1527      515.0000    28      540.0000      406.0055   354951   24.81%
   2344  1609      485.0000    60      540.0000      406.0451   379372   24.81%
Elapsed time = 20.67 sec. (26739.84 ticks, tree = 10.55 MB, solutions = 11)
   2475  1722      437.0000    64      540.0000      406.0453   404443   24.81%
   2646  1881      428.3062    79      540.0000      406.1263   433498   24.79%
   2831  2052      413.0512   104      540.0000      406.1263   454718   24.79%
   2920  2131      425.0000   100      540.0000      406.1373   472223   24.79%
   3037  2242      526.0000    54      540.0000      406.1373   491758   24.79%
   3177  2368      436.2951    72      540.0000      406.1373   517564   24.79%
   3277  2440      420.8556    63      540.0000      406.1432   547406   24.79%
   3413  2564      486.1372    62      540.0000      406.1432   574247   24.79%
   3565  2704      468.7690    55      540.0000      406.1432   599746   24.79%
   3741  2860      420.0781   106      540.0000      406.1938   630887   24.78%
Elapsed time = 28.55 sec. (36598.24 ticks, tree = 17.88 MB, solutions = 11)
   3814  2920      406.3727   110      540.0000      406.3727   657647   24.75%
   3933  3031      498.0000    66      540.0000      406.3727   675282   24.75%
   4081  3162      409.9857   124      540.0000      406.3727   693830   24.75%
   4266  3337      413.9116    99      540.0000      406.4017   715568   24.74%
   4470  3529      410.9762   107      540.0000      406.4017   736334   24.74%
   4664  3714      413.0235   124      540.0000      406.4017   757299   24.74%
   4746  3787      409.7765   126      540.0000      406.5129   777490   24.72%
   4940  3972      522.8396    28      540.0000      406.5129   795640   24.72%
   5132  4138      417.9152   118      540.0000      406.5442   819936   24.71%
   5246  4227      412.3618   122      540.0000      406.5442   841362   24.71%
Elapsed time = 36.01 sec. (46385.89 ticks, tree = 24.62 MB, solutions = 11)
   5343  4302      462.2763    67      540.0000      406.5442   863210   24.71%
   5475  4419      499.2470    63      540.0000      406.5442   881971   24.71%
   5688  4622      457.7010    64      540.0000      406.6206   909126   24.70%
   5933  4862      515.0000    52      540.0000      407.0000   939724   24.63%
   6067  4980      493.3937    44      540.0000      407.0671   966592   24.62%
   6258  5157      443.9329    82      540.0000      407.0671   995811   24.62%
   6467  5349      409.5313   122      540.0000      407.0671  1033261   24.62%
   6680  5556      407.0671   114      540.0000      407.0671  1052228   24.62%
   6923  5786      429.8870   105      540.0000      407.0671  1085631   24.62%
   7009  5862      410.9748   106      540.0000      407.0671  1108841   24.62%
Elapsed time = 43.79 sec. (56028.54 ticks, tree = 30.61 MB, solutions = 11)
   7231  6073      418.3762   102      540.0000      407.0671  1134715   24.62%
   7420  6249      410.9718   109      540.0000      407.0725  1160416   24.62%
   7603  6420      421.7544   100      540.0000      407.0725  1181821   24.62%
   7704  6501      415.7243   113      540.0000      407.0764  1201739   24.62%
   7900  6683      410.9651   117      540.0000      407.0765  1225745   24.62%
   8088  6865      534.0000    24      540.0000      407.0765  1247825   24.62%
   8283  7049      514.9377    40      540.0000      407.0765  1279374   24.62%
   8425  7172      504.0000    51      540.0000      407.0765  1314948   24.62%
   8639  7375      503.0000    38      540.0000      407.0765  1350886   24.62%
   8866  7579      410.9484   108      540.0000      407.0774  1385627   24.62%
Elapsed time = 51.41 sec. (65692.81 ticks, tree = 37.42 MB, solutions = 11)
   9122  7825      509.0530    66      540.0000      407.0843  1415514   24.61%
   9379  8071      409.5440   113      540.0000      407.0850  1453289   24.61%
   9610  8293      410.9457   108      540.0000      407.0875  1486839   24.61%
   9814  8488      504.2393    29      540.0000      407.0875  1520381   24.61%
   9975  8628      528.9571    65      540.0000      407.0875  1546116   24.61%
   9976  8629      407.0911   108      540.0000      407.0888  1546933   24.61%
  10170  8811      539.0000    30      540.0000      407.0888  1572212   24.61%
  10248  8867      430.4004    96      540.0000      407.0888  1600108   24.61%
  10405  9008      525.6673    48      540.0000      407.0888  1624089   24.61%
  10590  9177      525.0000    31      540.0000      407.0888  1646305   24.61%
Elapsed time = 62.93 sec. (79184.74 ticks, tree = 42.12 MB, solutions = 11)
  10711  9284      539.0000    22      540.0000      407.0892  1676766   24.61%
  10815  9371      503.0000    39      540.0000      407.0911  1696471   24.61%
  11034  9578      434.7342    60      540.0000      407.0911  1725115   24.61%
  11257  9789      426.0000    87      540.0000      407.0911  1756753   24.61%
  11419  9932      419.8976    93      540.0000      407.1265  1787496   24.61%
  11545 10040      533.0000    13      540.0000      407.1265  1822603   24.61%
  11802 10278      421.8629    97      540.0000      407.1719  1860181   24.60%
  12053 10512      426.8859    92      540.0000      407.1719  1893579   24.60%
  12222 10664      537.0000    37      540.0000      407.1719  1930159   24.60%
  12461 10889      473.1323    55      540.0000      407.1891  1968551   24.59%
Elapsed time = 70.81 sec. (88744.63 ticks, tree = 47.73 MB, solutions = 11)
  12680 11099      525.0000    47      540.0000      407.1891  1998641   24.59%
  13003 11405      482.1959    63      540.0000      407.1891  2034080   24.59%
  13141 11521      441.6693    64      540.0000      407.1891  2063810   24.59%
  13262 11628    infeasible            540.0000      407.2576  2091293   24.58%
  13469 11820      408.5288   105      540.0000      407.2576  2119058   24.58%
  13530 11880      452.3492    85      540.0000      407.2576  2132572   24.58%
  13693 12034      519.3527    52      540.0000      407.2576  2157692   24.58%
  13845 12176      533.9872    34      540.0000      407.2576  2185563   24.58%
  13936 12245      536.3233    38      540.0000      407.2576  2209547   24.58%
  14539 12780      422.9857   108      540.0000      407.2576  2304753   24.58%
Elapsed time = 81.00 sec. (101235.81 ticks, tree = 53.84 MB, solutions = 11)
  15158 13336      470.4335    68      540.0000      407.2688  2435623   24.58%
  16017 14127      415.1431   107      540.0000      407.2822  2577785   24.58%
  16519 14568      524.9201    39      540.0000      407.2822  2692318   24.58%
  17190 15189      435.9741    93      540.0000      407.4006  2784217   24.56%
  17683 15619      442.4588    82      540.0000      407.4006  2864995   24.56%
  18368 16261      513.0000    54      540.0000      407.4766  2959275   24.54%
  19095 16942      539.0000    14      540.0000      407.4782  3051544   24.54%
  19773 17577      489.0000    39      540.0000      407.4782  3166723   24.54%
  20475 18239      525.0000    37      540.0000      407.5905  3278021   24.52%
  21149 18840      407.6713   112      540.0000      407.5905  3405624   24.52%
Elapsed time = 112.51 sec. (139481.60 ticks, tree = 73.52 MB, solutions = 11)
* 21475+16530                          530.0000      407.6309  3477469   23.09%
  21862 16892      431.8903    90      530.0000      407.6696  3538038   23.08%
  22346 17321      525.0000    83      530.0000      408.0000  3643365   23.02%
  23158 18076      503.4878    61      530.0000      408.0000  3720939   23.02%
  23885 18765      503.0000    60      530.0000      408.0000  3791938   23.02%
  24574 19384      506.2595    39      530.0000      408.0000  3873949   23.02%
  25213 19960      417.8076   120      530.0000      408.0000  4000429   23.02%
  25981 20696      503.0000    31      530.0000      408.0000  4120096   23.02%
  26775 21448      503.0000    38      530.0000      408.0000  4246208   23.02%
  27678 22309      504.4915    33      530.0000      408.0000  4382888   23.02%
  28210 22779      502.2051    40      530.0000      408.2408  4497535   22.97%
Elapsed time = 144.66 sec. (177732.41 ticks, tree = 71.65 MB, solutions = 12)
  28917 23447      503.0000    36      530.0000      408.2408  4596087   22.97%
  29425 23899      409.5377   117      530.0000      408.2444  4658663   22.97%
  30113 24519      408.3299   118      530.0000      408.2540  4703499   22.97%
  30725 25056      505.0000    28      530.0000      408.2645  4747408   22.97%
  31314 25564      508.7154    30      530.0000      408.2708  4804390   22.97%
  31990 26158      513.1691    25      530.0000      408.2708  4857409   22.97%
  32686 26785      525.0000    37      530.0000      408.2730  4903004   22.97%
  33372 27381      436.8649    66      530.0000      408.3200  4960854   22.96%
  34146 28087        cutoff            530.0000      408.3566  5009888   22.95%
  34915 28793      508.0000    24      530.0000      408.3589  5059022   22.95%
Elapsed time = 175.17 sec. (215983.31 ticks, tree = 119.26 MB, solutions = 12)
  35769 29566      514.0000    33      530.0000      408.3933  5108279   22.94%
  36557 30267      506.9104    47      530.0000      408.4688  5162797   22.93%
  37336 30974        cutoff            530.0000      408.4688  5212914   22.93%
  38150 31713      416.6785   105      530.0000      408.4957  5262189   22.93%
  38888 32348      503.0000    30      530.0000      408.4957  5310808   22.93%
  39552 32925      416.6785    94      530.0000      408.4957  5356436   22.93%
  40431 33706      519.5141    29      530.0000      408.4998  5401029   22.92%
  41275 34450      420.5617   100      530.0000      408.5110  5443253   22.92%
  41969 35060      415.1194   100      530.0000      408.5288  5488556   22.92%
  42721 35739      522.0000    41      530.0000      408.5560  5529834   22.91%
Elapsed time = 204.87 sec. (254252.92 ticks, tree = 197.15 MB, solutions = 12)
  43543 36465      461.6063    75      530.0000      408.5796  5571205   22.91%
  44400 37204      442.2610    57      530.0000      408.6213  5616009   22.90%
  45275 37953      526.0000    32      530.0000      408.7115  5663554   22.88%
  46092 38678      450.3157    65      530.0000      408.7450  5710665   22.88%
  46935 39439      521.0000    47      530.0000      408.8270  5756273   22.86%
  47747 40179      432.1247    93      530.0000      408.8288  5803394   22.86%
  48475 40829      502.2538    49      530.0000      409.0000  5850786   22.83%
  49154 41435      505.0000    40      530.0000      409.0000  5906231   22.83%
  49715 41916      409.5323   110      530.0000      409.0000  5959255   22.83%
  50475 42618      505.0000    46      530.0000      409.0000  6009301   22.83%
Elapsed time = 235.10 sec. (292552.56 ticks, tree = 284.02 MB, solutions = 12)
  51211 43294      516.3976    35      530.0000      409.0000  6064573   22.83%
  51874 43881      469.5759    67      530.0000      409.0000  6117311   22.83%
  52593 44531        cutoff            530.0000      409.0000  6164939   22.83%
  53240 45092      409.5313   107      530.0000      409.5252  6220292   22.73%
  53849 45608      421.6278    97      530.0000      409.5252  6267499   22.73%
  54637 46274      503.8044    47      530.0000      409.5313  6307664   22.73%
  55312 46864      519.5089    19      530.0000      409.5313  6352904   22.73%
  56007 47486      519.5537    20      530.0000      409.5313  6403321   22.73%
  56714 48093      507.5709    30      530.0000      409.5323  6454213   22.73%
  57475 48787      418.7639   101      530.0000      409.5361  6498235   22.73%
Elapsed time = 265.04 sec. (331033.92 ticks, tree = 356.75 MB, solutions = 12)
  58222 49475      517.0000    43      530.0000      409.5377  6549280   22.73%
  58824 49986      513.0000    13      530.0000      409.5418  6599705   22.73%
  59651 50721      417.8037   104      530.0000      409.5440  6646139   22.73%
  60551 51533      409.6428   119      530.0000      409.5606  6693199   22.72%
  61408 52298      515.5206    34      530.0000      409.6003  6743057   22.72%
  62185 53014      520.0000    35      530.0000      409.6209  6793346   22.71%
  62956 53695      506.1713    39      530.0000      409.6375  6841549   22.71%
  63785 54402      460.9925    86      530.0000      409.6457  6886515   22.71%
  64546 55054      411.0813   126      530.0000      409.6544  6931774   22.71%
  65312 55730      517.2936    46      530.0000      409.6578  6980187   22.71%
Elapsed time = 294.80 sec. (369237.30 ticks, tree = 446.53 MB, solutions = 12)
  66341 56691      523.2798    34      530.0000      409.6640  7026083   22.70%
  67061 57326      447.7693    77      530.0000      409.6997  7069287   22.70%
  67820 57991      418.3674   107      530.0000      409.7356  7120274   22.69%
  68598 58691      505.5711    67      530.0000      409.7664  7163975   22.69%
  69475 59411      483.7944    58      530.0000      409.7765  7206007   22.68%
  70336 60144    infeasible            530.0000      409.7765  7244977   22.68%
  71188 60888      519.0584    64      530.0000      409.7862  7283328   22.68%
  71812 61438      451.4600    54      530.0000      409.8562  7328799   22.67%
  72475 62022      473.7084    48      530.0000      409.8562  7371112   22.67%
  73249 62727        cutoff            530.0000      409.8562  7418546   22.67%
Elapsed time = 325.66 sec. (407878.35 ticks, tree = 526.60 MB, solutions = 12)
  73855 63256      514.4912    46      530.0000      409.8562  7463475   22.67%
  74525 63857      486.1963    62      530.0000      409.8562  7503330   22.67%
  75391 64647      523.0000    19      530.0000      409.8562  7552131   22.67%
  76128 65301      425.2391    87      530.0000      409.8562  7599252   22.67%
  76880 65936      427.6476    76      530.0000      409.8562  7637334   22.67%
  77675 66673      514.4106    38      530.0000      409.8632  7678902   22.67%
  78553 67459      516.5496    27      530.0000      409.8632  7728163   22.67%
  79408 68236      515.0000    35      530.0000      409.8632  7775129   22.67%
  80133 68884      514.0985    21      530.0000      409.8632  7822500   22.67%
  80813 69483      414.5724    88      530.0000      409.8632  7872425   22.67%
Elapsed time = 355.42 sec. (446128.64 ticks, tree = 604.54 MB, solutions = 12)
  81631 70230      415.8752    78      530.0000      409.8632  7918685   22.67%
  82475 71006      512.0000    28      530.0000      409.8632  7966600   22.67%
  83256 71701      523.0000    30      530.0000      409.8632  8018752   22.67%
  83970 72358      520.0219    67      530.0000      409.8688  8065420   22.67%
  84615 72929      527.0000    40      530.0000      409.8744  8103729   22.67%
  85360 73596      433.1187    85      530.0000      409.8744  8151426   22.67%
  86134 74307      514.8695    55      530.0000      409.8744  8195093   22.67%
  86955 75014      517.0000    48      530.0000      409.8779  8232991   22.66%
  87666 75652      425.3944    79      530.0000      409.8829  8271768   22.66%
  88543 76459      512.0422    35      530.0000      409.8831  8313858   22.66%
Elapsed time = 385.28 sec. (484529.76 ticks, tree = 680.18 MB, solutions = 12)
  89340 77168      418.6771   102      530.0000      409.8831  8363401   22.66%
  90215 77937      429.0359    77      530.0000      409.8909  8407107   22.66%
  90782 78461      517.0000    21      530.0000      409.8959  8450169   22.66%
  91787 79380      496.4071    56      530.0000      409.8959  8493744   22.66%
  92601 80116      529.0000    43      530.0000      409.8959  8531983   22.66%
  93471 80874      515.2806    35      530.0000      409.9337  8579796   22.65%
  94425 81734      519.0000    41      530.0000      409.9663  8624861   22.65%
  95283 82496      471.2863    65      530.0000      409.9857  8666508   22.64%
  96135 83274      516.5321    46      530.0000      409.9857  8706179   22.64%
  96956 84008      517.0000    33      530.0000      409.9857  8752980   22.64%
Elapsed time = 414.68 sec. (522773.81 ticks, tree = 767.81 MB, solutions = 12)
  97842 84810      527.0000    44      530.0000      409.9857  8796343   22.64%
  98652 85546      515.0000    34      530.0000      409.9857  8835137   22.64%
  99467 86270      501.8523    51      530.0000      409.9857  8878393   22.64%
 100445 87133      438.1856    79      530.0000      409.9939  8919184   22.64%
 101185 87809      513.7468    55      530.0000      410.0000  8959047   22.64%
 101761 88309      422.5116    83      530.0000      410.0000  9008660   22.64%
 102542 89040      524.2589    47      530.0000      410.0000  9052280   22.64%
 103237 89663      511.0000    35      530.0000      410.0000  9100746   22.64%
 103885 90248      520.0000    30      530.0000      410.0000  9143004   22.64%
 104489 90781      517.0000    36      530.0000      410.0000  9188012   22.64%
Elapsed time = 444.32 sec. (561080.18 ticks, tree = 853.03 MB, solutions = 12)
 105126 91367      506.1556    31      530.0000      410.0000  9233242   22.64%
 105610 91764      527.4114    43      530.0000      410.0000  9282239   22.64%
 106247 92339      507.0000    42      530.0000      410.0000  9329337   22.64%
 106928 92956      525.0000    28      530.0000      410.0092  9372920   22.64%
 107663 93610      421.2566   100      530.0000      410.0728  9414331   22.63%
 108311 94164      525.0491    28      530.0000      410.0914  9458839   22.62%
 108940 94704      514.5824    25      530.0000      410.2386  9497832   22.60%
 109755 95420      517.2936    30      530.0000      410.5394  9540522   22.54%
 110580 96161      412.0520    99      530.0000      410.6469  9586390   22.52%
 111453 96948      516.1098    25      530.0000      410.9142  9634358   22.47%
Elapsed time = 474.05 sec. (599336.45 ticks, tree = 927.84 MB, solutions = 12)
 112240 97677      432.9750    84      530.0000      410.9367  9679007   22.46%
 112904 98274      452.6565    64      530.0000      410.9367  9723094   22.46%
 113798 99072      504.2652    51      530.0000      410.9367  9768993   22.46%
 114475 99667      470.6513    65      530.0000      410.9367  9815622   22.46%
 115307 100410      414.6011    85      530.0000      410.9367  9861301   22.46%
 116032 101062      505.0000    38      530.0000      410.9367  9907894   22.46%
 116845 101798      507.0000    30      530.0000      410.9367  9952598   22.46%
 117809 102672      450.3157    56      530.0000      410.9424  9992837   22.46%
 118597 103374      480.3911    80      530.0000      410.9424 10029733   22.46%
 119475 104161      454.1595    80      530.0000      410.9425 10071561   22.46%
Elapsed time = 503.47 sec. (637626.41 ticks, tree = 1006.77 MB, solutions = 12)
 120475 105092      528.0000    33      530.0000      410.9425 10116765   22.46%
 121300 105842      518.0000    36      530.0000      410.9425 10168843   22.46%
 122220 106684      451.6643    42      530.0000      410.9425 10211359   22.46%
 122934 107340      507.0000    27      530.0000      410.9425 10256849   22.46%
 123767 108107      513.1562    35      530.0000      410.9425 10296099   22.46%
 124625 108894      438.2377    69      530.0000      410.9457 10336066   22.46%
 125579 109743      422.3625    73      530.0000      410.9457 10375200   22.46%
 126437 110532      416.3740    88      530.0000      410.9457 10417144   22.46%
 127337 111356      503.5011    33      530.0000      410.9457 10456695   22.46%
 128222 112153        cutoff            530.0000      410.9457 10494155   22.46%
Elapsed time = 533.12 sec. (675907.07 ticks, tree = 1098.21 MB, solutions = 12)
 128953 112807        cutoff            530.0000      410.9457 10534789   22.46%
 129855 113637        cutoff            530.0000      410.9457 10576049   22.46%
 130203 113943      521.6621    54      530.0000      410.9457 10595009   22.46%
 130721 114414      437.1064    75      530.0000      410.9457 10622517   22.46%
 131175 114827      412.5078   100      530.0000      410.9457 10643383   22.46%
 131575 115200      514.1099    29      530.0000      410.9457 10662290   22.46%
 132075 115646      503.0000    35      530.0000      410.9457 10684374   22.46%
 132575 116099      507.0000    38      530.0000      410.9457 10710875   22.46%
 132975 116460      516.0000    31      530.0000      410.9457 10733727   22.46%
 133375 116812      510.3335    32      530.0000      410.9457 10758578   22.46%
Elapsed time = 567.05 sec. (717566.61 ticks, tree = 1143.70 MB, solutions = 12)
 133667 117076      526.2028    24      530.0000      410.9457 10774278   22.46%
 134032 117396      436.1227    61      530.0000      410.9457 10793161   22.46%
 134413 117737      519.0000    42      530.0000      410.9457 10812070   22.46%
 134787 118081      511.0000    21      530.0000      410.9457 10827443   22.46%
 135136 118402      519.4737    37      530.0000      410.9469 10842721   22.46%
 135575 118793      506.3634    23      530.0000      410.9469 10862674   22.46%
 135995 119172      524.3341    42      530.0000      410.9484 10884328   22.46%
 136419 119548      514.3422    39      530.0000      410.9484 10906050   22.46%
 136975 120051      432.2580    78      530.0000      410.9484 10934349   22.46%

GUB cover cuts applied:  2
Clique cuts applied:  2
Cover cuts applied:  2
Implied bound cuts applied:  39
Flow cuts applied:  171
Mixed integer rounding cuts applied:  48
Zero-half cuts applied:  1
Lift and project cuts applied:  21
Gomory fractional cuts applied:  1

Root node processing (before b&c):
  Real time             =    0.95 sec. (1178.18 ticks)
Sequential b&c:
  Real time             =  599.05 sec. (756186.07 ticks)
                          ------------
Total (root+branch&cut) =  600.00 sec. (757364.25 ticks)
