Tried aggregator 2 times.
MIP Presolve eliminated 1775 rows and 261 columns.
MIP Presolve modified 388 coefficients.
Aggregator did 47 substitutions.
Reduced MIP has 2008 rows, 3505 columns, and 13153 nonzeros.
Reduced MIP has 1863 binaries, 2 generals, 0 SOSs, and 0 indicators.
Presolve time = 0.01 sec. (14.80 ticks)
Found incumbent of value 5400.000000 after 0.03 sec. (34.84 ticks)
Probing time = 0.00 sec. (3.62 ticks)
Tried aggregator 1 time.
Reduced MIP has 2008 rows, 3505 columns, and 13153 nonzeros.
Reduced MIP has 1863 binaries, 20 generals, 0 SOSs, and 0 indicators.
Presolve time = 0.01 sec. (6.84 ticks)
Probing time = 0.01 sec. (3.85 ticks)
Clique table members: 7630.
MIP emphasis: balance optimality and feasibility.
MIP search method: dynamic search.
Parallel mode: none, using 1 thread.
Root relaxation solution time = 0.08 sec. (129.13 ticks)

        Nodes                                         Cuts/
   Node  Left     Objective  IInf  Best Integer    Best Bound    ItCnt     Gap

*     0+    0                         5400.0000        0.0000     1472  100.00%
      0     0       87.6055   233     5400.0000       87.6055     1472   98.38%
      0     0       90.5144   224     5400.0000      Cuts: 64     2644   98.32%
      0     0      162.1883   231     5400.0000     Cuts: 156     3816   97.00%
      0     0      173.4572   208     5400.0000     Cuts: 119     4346   96.79%
      0     0      173.9551   220     5400.0000      Cuts: 80     4708   96.78%
      0     0      174.0718   192     5400.0000      Cuts: 80     5041   96.78%
      0     0      174.1446   203     5400.0000      Cuts: 54     5406   96.78%
      0     0      174.3324   199     5400.0000      Cuts: 62     5839   96.77%
      0     0      174.3764   200     5400.0000      Cuts: 48     6175   96.77%
      0     0      174.4597   197     5400.0000      Cuts: 48     6417   96.77%
      0     0      174.4636   200     5400.0000      Cuts: 21     6641   96.77%
      0     0      174.4644   199     5400.0000       Cuts: 4     6649   96.77%
      0     2      174.4644   192     5400.0000      174.4645     6649   96.77%
Elapsed time = 2.32 sec. (3188.78 ticks, tree = 0.00 MB, solutions = 1)
     15    17      179.8643   169     5400.0000      175.3773     9029   96.75%
     30    32      181.0593   164     5400.0000      175.3773    10223   96.75%
     57    59      186.9676   150     5400.0000      175.3773    12759   96.75%
     70    72      183.5362   151     5400.0000      175.3773    13970   96.75%
     97    99      191.3509   154     5400.0000      175.3773    16545   96.75%
    117   119      191.8423   140     5400.0000      175.3773    18602   96.75%
    133   135      192.0464   140     5400.0000      175.3773    20996   96.75%
    170   170      202.3273   132     5400.0000      175.3773    23769   96.75%
    207   207      280.0000   136     5400.0000      175.3773    27075   96.75%
    263   263      440.1111   125     5400.0000      175.3773    37463   96.75%
Elapsed time = 4.66 sec. (6640.10 ticks, tree = 1.38 MB, solutions = 1)
    371   371      312.3054    60     5400.0000      175.3773    51966   96.75%
*   400+  398                         1750.0000      175.3773    59817   89.98%
    425   425      660.0000    49     1750.0000      175.3773    66105   89.98%
    506   489      179.8495   169     1750.0000      175.3773    82743   89.98%
    568   551      215.0123   127     1750.0000      175.3773    89398   89.98%
    623   606      240.4240   104     1750.0000      175.3773    99483   89.98%
    676   659     1079.0569    60     1750.0000      175.3773   108941   89.98%
    768   751     1119.5959    38     1750.0000      175.3773   122577   89.98%
    820   803      619.7170    40     1750.0000      175.3773   136321   89.98%
    860   841     1170.3187    18     1750.0000      175.3773   149781   89.98%
    939   896      179.5652   172     1750.0000      176.9668   162186   89.89%
Elapsed time = 11.98 sec. (16523.23 ticks, tree = 4.15 MB, solutions = 2)
    988   945      228.6174   123     1750.0000      176.9668   166643   89.89%
*  1000+  904                         1570.0000      176.9668   168836   88.73%
*  1000+  842                         1150.0000      176.9668   168836   84.61%
   1069   913      277.0207   138     1150.0000      176.9730   173186   84.61%
   1110   954      483.0000   199     1150.0000      483.0000   194522   58.00%
   1114   955      485.0000   230     1150.0000      483.0000   198571   58.00%
   1120   956      488.5396   224     1150.0000      483.0000   201657   58.00%
   1125   956      490.7355   186     1150.0000      483.0000   204776   58.00%
   1131   958      499.0454   185     1150.0000      483.0000   206183   58.00%
   1140   964      538.4884   141     1150.0000      483.0000   210437   58.00%
   1150   965      569.0000   128     1150.0000      483.0000   213273   58.00%
   1173   978      678.0000   121     1150.0000      483.0000   219024   58.00%
Elapsed time = 25.96 sec. (35423.43 ticks, tree = 6.91 MB, solutions = 4)
   1210   995      719.0881    56     1150.0000      483.0000   228428   58.00%
   1270   992      986.0000    31     1150.0000      483.0000   239528   58.00%
   1354   935      483.8296   199     1150.0000      483.8296   263000   57.93%
   1382   952      630.7798   122     1150.0000      483.8296   273713   57.93%
   1423   968      782.0000    55     1150.0000      483.8296   286542   57.93%
   1451   970      953.0000    24     1150.0000      483.8296   291994   57.93%
   1510   985      964.0000    25     1150.0000      483.8296   304050   57.93%
   1548   992      560.2172   164     1150.0000      485.3203   315416   57.80%
   1592  1012      738.6278   135     1150.0000      485.3203   325236   57.80%
   1640  1031      775.0000   112     1150.0000      485.3203   332375   57.80%
Elapsed time = 34.01 sec. (45534.15 ticks, tree = 5.35 MB, solutions = 4)
   1712  1057      485.3203   203     1150.0000      485.3432   338163   57.80%
   1742  1071      754.6829   122     1150.0000      485.3432   348599   57.80%
   1868  1120      986.0000    42     1150.0000      485.3432   358908   57.80%
   1921  1145      933.9047   114     1150.0000      485.3607   367880   57.79%
   1958  1166      938.0000    71     1150.0000      485.3607   379140   57.79%
   2048  1204      967.7968    28     1150.0000      485.3607   393031   57.79%
   2122  1226      585.0593   120     1150.0000      486.0000   411856   57.74%
   2168  1250      742.9470   129     1150.0000      486.0000   426172   57.74%
   2297  1281      916.0000    50     1150.0000      486.0000   433560   57.74%
   2343  1302      717.4739   130     1150.0000      486.0791   445965   57.73%
Elapsed time = 41.91 sec. (55265.37 ticks, tree = 4.01 MB, solutions = 4)
   2467  1346     1083.7937    47     1150.0000      486.0791   457022   57.73%
   2530  1355      683.4274   121     1150.0000      486.2794   465568   57.71%
   2575  1372      837.1643   125     1150.0000      486.2794   476872   57.71%
   2673  1419      942.0000    93     1150.0000      486.2794   481808   57.71%
   2740  1458      570.3149   159     1150.0000      486.8806   491046   57.66%
   2840  1493      987.0000    60     1150.0000      486.8806   501623   57.66%
   2926  1539      860.4938   120     1150.0000      486.8813   512700   57.66%
   2963  1574      969.0000    38     1150.0000      486.8813   523262   57.66%
   2992  1600      969.0000    28     1150.0000      486.8813   534212   57.66%
   3082  1675     1017.5512    24     1150.0000      486.8813   552922   57.66%
Elapsed time = 49.57 sec. (65086.25 ticks, tree = 3.26 MB, solutions = 4)
   3125  1703      716.8664   126     1150.0000      486.8916   562378   57.66%
   3184  1754      942.0000    48     1150.0000      486.8916   571919   57.66%
   3306  1856      949.2138    41     1150.0000      486.8916   580690   57.66%
   3382  1924      941.0000    89     1150.0000      486.9156   589928   57.66%
   3512  2036      488.2756   205     1150.0000      486.9156   597745   57.66%
   3565  2088      807.3443   129     1150.0000      486.9156   608112   57.66%
   3602  2115      997.7275    91     1150.0000      486.9156   617078   57.66%
   3722  2225      501.0407   208     1150.0000      486.9676   622768   57.65%
   3759  2261      936.0000   120     1150.0000      486.9676   631755   57.65%
   3826  2320      945.0000    80     1150.0000      486.9676   639892   57.65%
Elapsed time = 57.26 sec. (74997.97 ticks, tree = 4.45 MB, solutions = 4)
   3900  2386      952.0000    53     1150.0000      486.9676   646803   57.65%
   3935  2421      933.2486   113     1150.0000      486.9676   658234   57.65%
   3969  2452      992.8901    39     1150.0000      486.9676   667585   57.65%
   4014  2497      985.3761    33     1150.0000      486.9676   679530   57.65%
   4065  2532      983.0000    30     1150.0000      486.9676   694897   57.65%
   4122  2569      508.7125   208     1150.0000      487.0016   708745   57.65%
   4178  2624      965.0000    92     1150.0000      487.0016   717110   57.65%
   4270  2710      970.0000    88     1150.0000      487.0016   723596   57.65%
   4392  2826      941.0000    70     1150.0000      487.1474   733941   57.64%
   4512  2927      514.0723   152     1150.0000      487.1474   744814   57.64%
Elapsed time = 65.48 sec. (85182.34 ticks, tree = 5.54 MB, solutions = 4)
   4559  2973     1015.0000    54     1150.0000      487.1474   755626   57.64%
   4658  3069     1071.0000    60     1150.0000      487.1474   766430   57.64%
   4722  3131      910.9854   118     1150.0000      487.3471   777463   57.62%
   4862  3259      923.0000    68     1150.0000      487.3471   784128   57.62%
   4931  3326      517.0887   182     1150.0000      487.3471   793429   57.62%
   4950  3345      924.9535    80     1150.0000      487.3471   802221   57.62%
   4991  3383      991.0000    50     1150.0000      487.3471   813345   57.62%
   5070  3454     1002.0000    37     1150.0000      487.3471   827430   57.62%
   5110  3486     1021.0000    19     1150.0000      487.3471   836313   57.62%
   5142  3518      640.3038   117     1150.0000      487.3560   844677   57.62%
Elapsed time = 73.40 sec. (95187.19 ticks, tree = 6.76 MB, solutions = 4)
   5236  3605      988.0000    64     1150.0000      487.3560   852693   57.62%
   5349  3705      941.0000    72     1150.0000      487.4329   863208   57.61%
   5493  3844      949.0014    36     1150.0000      487.4329   872312   57.61%
   5542  3889      587.2365   140     1150.0000      487.4329   880973   57.61%
   5623  3967     1002.0000    78     1150.0000      487.4329   888888   57.61%
   5728  4069      517.9029   182     1150.0000      487.4887   898120   57.61%
   5773  4109     1002.0000    59     1150.0000      487.4887   907698   57.61%
   5913  4239      754.5881    99     1150.0000      487.4935   917833   57.61%
   5949  4273      961.0510    66     1150.0000      487.4935   931351   57.61%
*  6110+ 4400                         1140.0000      487.4935   968487   57.24%
*  6110+ 4370                         1100.0000      487.4935   968487   55.68%
*  6110+ 4359                         1090.0000      487.4935   968487   55.28%
   6199  4447     1052.0000    87     1090.0000      488.2756   980297   55.20%
Elapsed time = 83.27 sec. (107701.70 ticks, tree = 8.62 MB, solutions = 7)
   6503  4740     1012.0000    71     1090.0000      488.2756  1005758   55.20%
   6838  5056      984.0000    54     1090.0000      488.5391  1032864   55.18%
   7001  5209      947.0000    46     1090.0000      488.5396  1062541   55.18%
   7080  5275      953.0000    22     1090.0000      488.5396  1098342   55.18%
   7174  5357      997.0000    69     1090.0000      488.5396  1119261   55.18%
   7421  5593     1025.0000    82     1090.0000      488.5396  1148976   55.18%
   7670  5837     1036.0000    56     1090.0000      488.5415  1179129   55.18%
   7844  6005     1013.0000    59     1090.0000      488.5573  1210212   55.18%
   8001  6148      948.0000    59     1090.0000      488.5809  1245615   55.18%
   8086  6219      954.4666    23     1090.0000      488.5809  1287526   55.18%
Elapsed time = 113.23 sec. (146146.19 ticks, tree = 21.57 MB, solutions = 7)
   8297  6418      986.0000    72     1090.0000      488.5919  1322327   55.18%
   8476  6575      717.1517   116     1090.0000      488.7308  1361812   55.16%
   8667  6755      996.0000    39     1090.0000      488.7308  1393870   55.16%
   8950  7024      969.0000    53     1090.0000      488.7778  1422846   55.16%
*  9110+ 6727                         1030.0000      488.7778  1464474   52.55%
*  9110+ 6457                         1020.0000      488.7778  1464474   52.08%
   9110  6456     1035.0000    26     1020.0000      488.7778  1464474   52.08%
   9445  6774      987.0000    55     1020.0000      489.0326  1491580   52.06%
   9823  7132      988.0000    64     1020.0000      489.0460  1518245   52.05%
  10110  7390     1012.8565    56     1020.0000      489.1960  1545107   52.04%
  10382  7644      990.0000    57     1020.0000      489.4290  1568987   52.02%
  10653  7895      986.2648    33     1020.0000      489.9396  1602435   51.97%
Elapsed time = 142.94 sec. (184967.63 ticks, tree = 63.81 MB, solutions = 9)
  10898  8111      837.0000    67     1020.0000      490.0359  1633041   51.96%
  11050  8242    infeasible           1020.0000      490.0359  1647249   51.96%
* 11051+ 7780                         1010.0000      490.0359  1647888   51.48%
  11309  8020      981.0000    59     1010.0000      490.0900  1666102   51.48%
  11533  8220      976.0000    48     1010.0000      490.1024  1697563   51.48%
  11919  8571      967.3137    84     1010.0000      490.2007  1729887   51.47%
  12319  8937      987.0000    54     1010.0000      490.2063  1759110   51.46%
  12516  9100      716.2950   129     1010.0000      490.2681  1787317   51.46%
  12949  9490      999.0000    55     1010.0000      490.2999  1816211   51.46%
* 13110+ 7103                          990.0000      490.3095  1827961   50.47%
  13350  7327      932.6798   111      990.0000      490.3321  1843111   50.47%
  13576  7529      986.0000    49      990.0000      490.3433  1878314   50.47%
Elapsed time = 180.99 sec. (232434.53 ticks, tree = 88.04 MB, solutions = 11)
  13928  7856      977.6698    77      990.0000      490.3679  1909176   50.47%
* 14110+ 5899                          980.0000      490.3679  1926953   49.96%
  14327  6088      929.7235   102      980.0000      490.4129  1942877   49.96%
  14593  6317      926.8229    91      980.0000      490.7355  1968164   49.92%
  14846  6529        cutoff            980.0000      490.8237  1992419   49.92%
  15110  6767      879.5755    90      980.0000      490.8617  2019111   49.91%
  15291  6909      732.3105   110      980.0000      490.9063  2048515   49.91%
  15607  7194      970.3373    33      980.0000      491.0004  2076050   49.90%
  15843  7396      967.4051    58      980.0000      491.1678  2104307   49.88%
  16118  7624      968.0000    63      980.0000      491.8504  2132157   49.81%
  16391  7874      978.1019    45      980.0000      491.9672  2161800   49.80%
Elapsed time = 210.31 sec. (270973.88 ticks, tree = 110.75 MB, solutions = 12)
  16720  8167      791.0000   111      980.0000      492.0730  2192253   49.79%
  17009  8430      978.0000    37      980.0000      492.1677  2216313   49.78%
  17229  8624      741.6453   123      980.0000      492.1973  2240027   49.78%
  17489  8852      970.1198    35      980.0000      492.2253  2267238   49.77%
  17808  9150      963.0000    21      980.0000      492.2571  2298412   49.77%
  18034  9343      746.1140   112      980.0000      492.5045  2327291   49.74%
  18365  9655      494.9298   187      980.0000      492.6262  2352901   49.73%
  18653  9919      806.7005   100      980.0000      492.6685  2380400   49.73%
  19046 10285      961.0000    43      980.0000      492.7269  2406256   49.72%
  19358 10563      754.8119   108      980.0000      492.7507  2435208   49.72%
Elapsed time = 238.89 sec. (309717.04 ticks, tree = 159.82 MB, solutions = 12)
  19725 10902      974.4660    46      980.0000      492.7615  2466178   49.72%
  20055 11213      962.0000    33      980.0000      492.8185  2499864   49.71%
  20455 11587      960.0922    28      980.0000      492.8327  2533836   49.71%
  20796 11894      961.0000    71      980.0000      493.0131  2570337   49.69%
  21148 12203      972.7145    47      980.0000      493.7830  2592512   49.61%
  21465 12481      963.3424   114      980.0000      493.8390  2626733   49.61%
  21840 12833      771.2950   129      980.0000      493.9362  2655284   49.60%
  22123 13086      977.5656    40      980.0000      494.0025  2686301   49.59%
  22325 13259      967.0000    32      980.0000      494.1002  2713765   49.58%
  22721 13621      942.6581    45      980.0000      494.1776  2740537   49.57%
Elapsed time = 267.88 sec. (348208.78 ticks, tree = 240.14 MB, solutions = 12)
  23066 13929      959.0000    62      980.0000      494.1976  2779552   49.57%
  23440 14275      963.0000    52      980.0000      494.1987  2807817   49.57%
  23756 14566      950.2241    73      980.0000      494.2130  2839529   49.57%
  24004 14785      975.0000    29      980.0000      494.2204  2870011   49.57%
  24330 15090      973.1764    27      980.0000      494.3774  2899293   49.55%
  24669 15408      959.0000    43      980.0000      494.4369  2926005   49.55%
  24980 15691      569.5086   134      980.0000      494.5775  2949925   49.53%
  25267 15947      966.0000    29      980.0000      494.6657  2970047   49.52%
  25690 16348      971.0000    32      980.0000      494.6871  2999215   49.52%
  26039 16668      938.5574   100      980.0000      494.7687  3026819   49.51%
Elapsed time = 296.56 sec. (386625.12 ticks, tree = 311.88 MB, solutions = 12)
  26416 17016    infeasible            980.0000      494.7767  3055383   49.51%
  26708 17285      978.4972    16      980.0000      494.8033  3086488   49.51%
  27010 17553      744.3270    99      980.0000      494.8491  3113672   49.51%
  27359 17883      717.1517   124      980.0000      494.9491  3145135   49.49%
  27700 18193      757.2982    86      980.0000      495.0665  3177553   49.48%
  28112 18589      833.8163    84      980.0000      495.5875  3205429   49.43%
  28467 18906      976.0000    47      980.0000      495.7145  3233925   49.42%
  28764 19189      771.2950   133      980.0000      495.8255  3261663   49.41%
  29110 19515      972.0000    59      980.0000      495.8890  3288343   49.40%
  29479 19852      966.0000    34      980.0000      495.9794  3317220   49.39%
Elapsed time = 325.41 sec. (425179.68 ticks, tree = 370.85 MB, solutions = 12)
  29681 20024      965.0000    47      980.0000      496.0666  3350822   49.38%
  30120 20438      724.7438    82      980.0000      496.1582  3384460   49.37%
  30410 20716      960.1428    22      980.0000      496.1908  3415288   49.37%
  30710 20991      954.0000    49      980.0000      496.1976  3455851   49.37%
  31110 21371      966.0000    53      980.0000      496.2306  3487908   49.36%
  31469 21714      754.2233   105      980.0000      496.2944  3521595   49.36%
  31917 22124      628.7846   136      980.0000      496.3034  3552236   49.36%
  32310 22498      866.5406   120      980.0000      496.3439  3581639   49.35%
  32503 22651      755.4320   125      980.0000      496.3658  3619440   49.35%
  32809 22942      949.7554    82      980.0000      496.4762  3646021   49.34%
Elapsed time = 354.49 sec. (463703.94 ticks, tree = 425.07 MB, solutions = 12)
  33181 23301      960.4118    49      980.0000      496.5306  3670549   49.33%
  33510 23608      955.6404    40      980.0000      496.6413  3696160   49.32%
  33863 23922    infeasible            980.0000      496.6478  3728919   49.32%
  34113 24146    infeasible            980.0000      496.6644  3760573   49.32%
  34463 24469      953.4518    74      980.0000      496.7631  3784765   49.31%
  34859 24833      967.0000    38      980.0000      496.7972  3812017   49.31%
  35167 25112      968.5012    46      980.0000      496.8849  3835865   49.30%
  35556 25484      962.0000    43      980.0000      496.9151  3863380   49.29%
  35791 25701      863.0116   107      980.0000      496.9775  3893239   49.29%
  36028 25908      967.7778    21      980.0000      496.9949  3930001   49.29%
Elapsed time = 383.16 sec. (502081.37 ticks, tree = 459.01 MB, solutions = 12)
  36458 26301      721.8508   104      980.0000      497.0181  3962703   49.28%
  36801 26606      797.8564    82      980.0000      497.1769  3988287   49.27%
  37343 27102      978.0000    23      980.0000      497.3231  4016785   49.25%
  37723 27445      970.3683    61      980.0000      497.5474  4046082   49.23%
  38114 27814      974.8530    67      980.0000      497.8832  4071295   49.20%
  38399 28064      742.6909   118      980.0000      497.9716  4103063   49.19%
  38732 28361      894.0686    81      980.0000      498.0131  4127424   49.18%
  39110 28692      976.0000    67      980.0000      498.0537  4149610   49.18%
  39573 29129      957.0000    47      980.0000      498.0668  4179407   49.18%
  40030 29558      958.5089    31      980.0000      498.4396  4207315   49.14%
Elapsed time = 411.70 sec. (540708.29 ticks, tree = 520.92 MB, solutions = 12)
  40519 30015      962.0000    24      980.0000      498.4603  4236025   49.14%
  40977 30444      941.3779    47      980.0000      498.4862  4263710   49.13%
  41419 30857      979.0000    41      980.0000      498.5442  4295536   49.13%
  41847 31253      964.0000    40      980.0000      498.5527  4325243   49.13%
  42249 31634      942.4252    66      980.0000      498.5717  4356913   49.13%
  42747 32091    infeasible            980.0000      498.6069  4392838   49.12%
  43203 32510      850.8751   113      980.0000      498.7820  4423931   49.10%
  43430 32713      975.1550    46      980.0000      498.8523  4451508   49.10%
  43773 33030      754.2233   102      980.0000      498.8688  4478796   49.10%
  44196 33424      965.1299    55      980.0000      498.8821  4503685   49.09%
Elapsed time = 440.47 sec. (579080.03 ticks, tree = 607.17 MB, solutions = 12)
  44580 33767      744.7076   103      980.0000      498.9122  4529875   49.09%
  45075 34239      967.8564    70      980.0000      498.9621  4557509   49.09%
  45403 34526      978.5000    16      980.0000      498.9794  4589129   49.08%
  45743 34842      771.8738    89      980.0000      499.0437  4612709   49.08%
  46067 35124      979.0000    48      980.0000      499.1602  4643570   49.07%
  46349 35380      619.0526   126      980.0000      499.2394  4671534   49.06%
  46690 35687      971.0000    17      980.0000      499.2511  4703070   49.06%
  47051 36021      744.8045   101      980.0000      499.3235  4728139   49.05%
  47371 36313        cutoff            980.0000      499.3320  4753389   49.05%
  47584 36504      974.0000    53      980.0000      499.3741  4785556   49.04%
Elapsed time = 469.02 sec. (617484.02 ticks, tree = 670.78 MB, solutions = 12)
  47976 36874      716.8118   134      980.0000      499.5130  4817686   49.03%
  48402 37261      959.0000    66      980.0000      499.6128  4844226   49.02%
  48830 37657      975.0000    37      980.0000      499.6161  4874906   49.02%
  49098 37902      963.2712    33      980.0000      499.6453  4906818   49.02%
  49487 38267      829.5881   123      980.0000      499.7168  4937237   49.01%
  49836 38573    infeasible            980.0000      500.0000  4967740   48.98%
  50016 38697      898.9056    86      980.0000      500.0312  5007408   48.98%
  50357 38998      753.0104    92      980.0000      500.2302  5029146   48.96%
  50656 39261      583.1603   130      980.0000      500.3397  5060746   48.94%
* 51110+30175                          970.0000      500.3946  5084055   48.41%
  51136 30200      961.0000    41      970.0000      500.3946  5086251   48.41%
Elapsed time = 497.95 sec. (656209.65 ticks, tree = 542.80 MB, solutions = 13)
  51632 30651      788.9609   129      970.0000      500.7604  5114127   48.38%
  51848 30836      785.1940    86      970.0000      500.8339  5154228   48.37%
  52259 31196      968.9751    56      970.0000      500.8610  5180793   48.36%
  52714 31623      964.0000    38      970.0000      500.9600  5210782   48.35%
  52975 31855      763.2042    95      970.0000      500.9994  5244694   48.35%
  53468 32326      966.0000    39      970.0000      501.0453  5275094   48.35%
  53755 32584      960.2094    85      970.0000      501.1072  5304354   48.34%
  54128 32929      963.0243    50      970.0000      501.1255  5329313   48.34%
  54385 33154      512.7597   188      970.0000      501.2313  5353846   48.33%
  54643 33372      754.9866   111      970.0000      501.2879  5378945   48.32%
Elapsed time = 526.27 sec. (694473.90 ticks, tree = 617.57 MB, solutions = 13)
  54875 33571      754.5881   102      970.0000      501.3308  5405917   48.32%
  55170 33839      752.1500   129      970.0000      501.5393  5426179   48.29%
  55406 34048      757.7626    76      970.0000      501.7295  5448519   48.28%
  55781 34381      967.3812   107      970.0000      501.8225  5471297   48.27%
  56071 34635      737.2257   115      970.0000      501.9650  5493948   48.25%
  56323 34855      960.4173    42      970.0000      501.9776  5509211   48.25%
  56525 35034      755.2605   109      970.0000      501.9992  5524707   48.25%
  56788 35275      966.0000    45      970.0000      502.0405  5544146   48.24%
  56862 35312      756.5314   107      970.0000      502.1724  5566120   48.23%
  57068 35482      716.8020   130      970.0000      502.3704  5581974   48.21%
Elapsed time = 555.47 sec. (733151.98 ticks, tree = 657.29 MB, solutions = 13)
  57182 35577      965.0923    26      970.0000      502.3704  5598925   48.21%
  57310 35673      757.3838   107      970.0000      502.3774  5611835   48.21%
  57452 35784      763.1612    76      970.0000      502.4669  5626528   48.20%
  57669 35978      741.8412   120      970.0000      502.7859  5643232   48.17%
  57810 36094      762.8636   111      970.0000      502.8028  5652187   48.16%
  58110 36367      795.4805   109      970.0000      502.8543  5674723   48.16%
  58383 36604      717.6472   120      970.0000      503.0831  5690107   48.14%
  58610 36799      809.5881   108      970.0000      503.1644  5702494   48.13%
  58710 36885      795.1129    86      970.0000      503.2396  5713287   48.12%
  58810 36970      516.6927   187      970.0000      503.2528  5726142   48.12%
Elapsed time = 589.51 sec. (776325.65 ticks, tree = 694.56 MB, solutions = 13)
  58910 37062      707.7678   119      970.0000      503.3341  5741353   48.11%
  59210 37341      801.4769   106      970.0000      503.4136  5765837   48.10%

GUB cover cuts applied:  4
Clique cuts applied:  6
Cover cuts applied:  2
Implied bound cuts applied:  56
Flow cuts applied:  161
Mixed integer rounding cuts applied:  79
Zero-half cuts applied:  3
Lift and project cuts applied:  21
Gomory fractional cuts applied:  1

Root node processing (before b&c):
  Real time             =    2.28 sec. (3151.78 ticks)
Sequential b&c:
  Real time             =  597.72 sec. (786955.37 ticks)
                          ------------
Total (root+branch&cut) =  600.00 sec. (790107.15 ticks)
