Tried aggregator 3 times.
MIP Presolve eliminated 1830 rows and 280 columns.
MIP Presolve modified 463 coefficients.
Aggregator did 53 substitutions.
Reduced MIP has 1870 rows, 3381 columns, and 12609 nonzeros.
Reduced MIP has 1744 binaries, 2 generals, 0 SOSs, and 0 indicators.
Presolve time = 0.02 sec. (17.19 ticks)
Found incumbent of value 5100.000000 after 0.03 sec. (33.83 ticks)
Probing time = 0.00 sec. (3.53 ticks)
Tried aggregator 1 time.
Reduced MIP has 1870 rows, 3381 columns, and 12609 nonzeros.
Reduced MIP has 1744 binaries, 37 generals, 0 SOSs, and 0 indicators.
Presolve time = 0.01 sec. (6.48 ticks)
Probing time = 0.01 sec. (3.91 ticks)
Clique table members: 6732.
MIP emphasis: balance optimality and feasibility.
MIP search method: dynamic search.
Parallel mode: none, using 1 thread.
Root relaxation solution time = 0.07 sec. (116.62 ticks)

        Nodes                                         Cuts/
   Node  Left     Objective  IInf  Best Integer    Best Bound    ItCnt     Gap

*     0+    0                         5100.0000        0.0000     1281  100.00%
      0     0      127.5367   184     5100.0000      127.5367     1281   97.50%
      0     0      128.0000   179     5100.0000      Cuts: 28     1863   97.49%
      0     0      239.8304   176     5100.0000     Cuts: 100     3127   95.30%
      0     0      245.9181   159     5100.0000      Cuts: 46     3284   95.18%
      0     0      245.9181   153     5100.0000      Cuts: 47     3377   95.18%
      0     0      245.9181   151     5100.0000      Cuts: 45     3429   95.18%
      0     0      245.9181   145     5100.0000      Cuts: 15     3460   95.18%
      0     0      245.9181   144     5100.0000      Cuts: 27     3508   95.18%
*     0+    0                         4290.0000      245.9181     3508   94.27%
*     0+    0                         3690.0000      245.9181     3508   93.34%
*     0+    0                         2770.0000      245.9181     3508   91.12%
*     0+    0                         2691.0000      245.9181     3508   90.86%
*     0+    0                         2460.0000      245.9181     3508   90.00%
      0     2      245.9181   138     2460.0000      245.9181     3508   90.00%
Elapsed time = 1.92 sec. (2767.12 ticks, tree = 0.00 MB, solutions = 6)
     10    12      245.9181   148     2460.0000      245.9181     5028   90.00%
     37    39      247.5093   147     2460.0000      245.9181     7248   90.00%
     57    59      249.1130   145     2460.0000      245.9181     9679   90.00%
     73    75      370.0000   160     2460.0000      245.9181    12185   90.00%
     98   100      330.0000   154     2460.0000      245.9181    15070   90.00%
    136   138      248.6614   149     2460.0000      245.9181    17585   90.00%
    177   179      290.0000   154     2460.0000      245.9181    20460   90.00%
    232   234      290.0000   133     2460.0000      245.9181    22638   90.00%
    260   262      470.0000   122     2460.0000      245.9181    26128   90.00%
    422   422      920.0000    82     2460.0000      245.9181    39699   90.00%
Elapsed time = 4.25 sec. (6194.62 ticks, tree = 0.93 MB, solutions = 6)
    485   483      920.0000    36     2460.0000      245.9181    52133   90.00%
*   505+  499                         2140.0000      245.9181    54392   88.51%
*   505+  499                         2040.0000      245.9181    54392   87.95%
*   505+  499                         1850.0000      245.9181    54392   86.71%
    506   502      247.6006   148     1850.0000      245.9181    54774   86.71%
    507   503      727.0000   146     1850.0000      727.0000    82497   60.70%
    511   505      731.0000   182     1850.0000      729.0000    85546   60.59%
    515   506      735.2678   178     1850.0000      729.0000    87527   60.59%
    521   509      736.0000   186     1850.0000      729.0000    88399   60.59%
    528   514      736.0000   188     1850.0000      729.0000    88571   60.59%
    537   520      736.0000   181     1850.0000      729.0000    89514   60.59%
    545   520     1415.8244   114     1850.0000      729.0000    95492   60.59%
    559   523      741.0000   195     1850.0000      729.0000    98315   60.59%
Elapsed time = 19.69 sec. (26619.44 ticks, tree = 1.12 MB, solutions = 9)
    568   527      744.0000   175     1850.0000      729.0000   100560   60.59%
    593   536      750.0000   190     1850.0000      729.0000   106943   60.59%
    607   543      756.8504   172     1850.0000      729.0000   110814   60.59%
    640   550     1423.6777   117     1850.0000      729.0000   118950   60.59%
    689   580     1424.0000   111     1850.0000      729.0000   124980   60.59%
    747   611     1424.0000    92     1850.0000      729.0000   134880   60.59%
    804   634     1647.6462    49     1850.0000      729.0000   155894   60.59%
    867   660     1658.0000    41     1850.0000      729.0000   186821   60.59%
    938   660     1413.9263   114     1850.0000      729.0000   216851   60.59%
    987   690     1416.0000   128     1850.0000      729.0000   225936   60.59%
Elapsed time = 27.92 sec. (37223.64 ticks, tree = 1.38 MB, solutions = 9)
   1052   720     1711.4076    92     1850.0000      729.0000   240263   60.59%
   1172   758     1742.0000    49     1850.0000      729.0000   260325   60.59%
   1252   796     1760.0000    37     1850.0000      729.0000   283623   60.59%
   1297   796     1413.9263   124     1850.0000      732.8504   306544   60.39%
   1318   810      752.9955   183     1850.0000      732.8504   309211   60.39%
   1380   841     1643.0640   107     1850.0000      732.8504   322923   60.39%
   1517   920     1413.9263   126     1850.0000      733.0000   338043   60.38%
   1658   992     1429.0000   113     1850.0000      733.0000   348822   60.38%
   1762  1084     1420.0000   125     1850.0000      735.2502   359554   60.26%
   1922  1238     1415.0000   111     1850.0000      736.0000   371713   60.22%
Elapsed time = 35.51 sec. (46912.96 ticks, tree = 2.21 MB, solutions = 9)
   2109  1414      737.7915   178     1850.0000      736.0000   384678   60.22%
   2261  1529     1450.0000   107     1850.0000      736.0000   396728   60.22%
   2335  1601     1415.8934   126     1850.0000      736.0000   407369   60.22%
   2373  1635     1637.9194   113     1850.0000      736.0000   421848   60.22%
   2478  1735     1435.0000    73     1850.0000      736.0000   434569   60.22%
   2566  1821     1441.0000   135     1850.0000      736.0000   448958   60.22%
   2709  1960      737.7893   175     1850.0000      736.0000   455659   60.22%
   2825  2070     1455.0000   106     1850.0000      736.0000   466530   60.22%
   2972  2211     1428.0000   135     1850.0000      736.0000   477270   60.22%
   3115  2352      756.6902   184     1850.0000      736.0000   485603   60.22%
Elapsed time = 43.15 sec. (56822.99 ticks, tree = 4.02 MB, solutions = 9)
   3232  2467     1441.0000   116     1850.0000      736.0000   497107   60.22%
   3334  2567     1433.1712   128     1850.0000      736.0000   510451   60.22%
   3474  2698     1445.0000    95     1850.0000      736.0000   527453   60.22%
   3562  2780     1421.0000   126     1850.0000      736.0000   536952   60.22%
   3733  2950      912.7240   147     1850.0000      736.0000   547250   60.22%
   3909  3121      737.7915   175     1850.0000      736.0000   558969   60.22%
   3942  3154     1639.7992   101     1850.0000      736.0000   570925   60.22%
   4122  3333      785.2129   163     1850.0000      736.0000   585540   60.22%
   4309  3515      737.7915   177     1850.0000      736.0000   596252   60.22%
   4347  3553     1439.8803   108     1850.0000      736.0000   609584   60.22%
Elapsed time = 50.85 sec. (66715.42 ticks, tree = 5.98 MB, solutions = 9)
   4507  3706     1707.0000    73     1850.0000      736.0000   624490   60.22%
   4615  3811     1708.0000    95     1850.0000      736.0000   636248   60.22%
   4739  3935     1177.5625   162     1850.0000      736.0000   646582   60.22%
   4930  4122      858.6949   158     1850.0000      736.0000   658685   60.22%
   5127  4313      814.4707   178     1850.0000      736.0000   667840   60.22%
   5318  4503      760.5098   184     1850.0000      736.0000   679346   60.22%
   5382  4564     1713.0000    85     1850.0000      736.0000   693127   60.22%
   5472  4650     1716.3505    81     1850.0000      736.0000   706026   60.22%
   5537  4713     1043.9597   145     1850.0000      736.0000   716702   60.22%
*  5607+ 4773                         1840.0000      736.0000   721044   60.00%
*  5607+ 4773                         1800.0000      736.0000   721044   59.11%
   5693  4859     1720.0000    97     1800.0000      736.0000   723601   59.11%
Elapsed time = 59.25 sec. (76533.85 ticks, tree = 8.30 MB, solutions = 11)
*  5807+ 4963                         1790.0000      736.0000   732659   58.88%
*  5807+ 4948                         1780.0000      736.0000   732659   58.65%
*  5807+ 4926                         1760.0000      736.0000   732659   58.18%
   5807  4928     1711.0000   115     1760.0000      736.0000   732659   58.18%
   5942  5063     1445.0061   141     1760.0000      736.0000   750454   58.18%
   6107  5225     1714.0000   109     1760.0000      736.0000   756777   58.18%
   6207  5322     1714.0000   110     1760.0000      736.0000   775573   58.18%
   6333  5448      891.6057   165     1760.0000      737.7697   785753   58.08%
   6400  5513     1709.0000   112     1760.0000      737.7697   799561   58.08%
   6509  5620     1413.9263   127     1760.0000      737.7697   811536   58.08%
   6538  5649     1428.8768   120     1760.0000      737.7697   824794   58.08%
   6710  5819     1414.6746   112     1760.0000      737.7697   836798   58.08%
   6751  5857     1711.0000   115     1760.0000      737.7697   850500   58.08%
Elapsed time = 71.26 sec. (87006.56 ticks, tree = 9.95 MB, solutions = 14)
   6919  6023     1413.9276   133     1760.0000      737.7697   862042   58.08%
   7007  6109     1714.0000   103     1760.0000      737.7697   872855   58.08%
   7128  6229     1418.3161   150     1760.0000      737.7893   886926   58.08%
   7307  6406     1712.0000   108     1760.0000      737.7893   897497   58.08%
   7341  6440     1637.3296   129     1760.0000      737.7893   910268   58.08%
   7487  6578     1715.0000    76     1760.0000      737.7893   925116   58.08%
   7539  6629     1429.7456   121     1760.0000      737.7915   944181   58.08%
   7672  6760     1720.0000    88     1760.0000      737.7915   950810   58.08%
   7757  6844     1714.0000   129     1760.0000      737.7915   969817   58.08%
   7910  6995     1413.9664   126     1760.0000      737.7915   977752   58.08%
Elapsed time = 82.53 sec. (97087.50 ticks, tree = 11.98 MB, solutions = 14)
   8007  7089     1720.0000    98     1760.0000      737.7915   993761   58.08%
   8136  7218     1419.9783   127     1760.0000      737.7915  1012774   58.08%
   8309  7389     1413.9263   131     1760.0000      737.7915  1022217   58.08%
   8394  7468     1720.0000   104     1760.0000      737.7915  1040670   58.08%
   8510  7575     1413.9263   125     1760.0000      737.7915  1055904   58.08%
   8622  7685     1712.0000   111     1760.0000      737.7915  1074976   58.08%
   8768  7828     1709.0000   112     1760.0000      737.7915  1091036   58.08%
   8911  7967     1413.9263   119     1760.0000      737.7915  1096756   58.08%
   9060  8115     1711.0000   111     1760.0000      737.7915  1116507   58.08%
   9517  8562     1413.9527   133     1760.0000      737.8133  1177503   58.08%
Elapsed time = 97.30 sec. (109770.30 ticks, tree = 14.84 MB, solutions = 14)
  10117  9153     1415.6185   125     1760.0000      737.8133  1232350   58.08%
  10533  9557      968.9000   148     1760.0000      737.8133  1285527   58.08%
  10607  9631     1720.0000   103     1760.0000      737.8133  1289657   58.08%
  11309 10322      740.4638   172     1760.0000      737.8133  1343187   58.08%
  11709 10713      740.5100   174     1760.0000      737.8133  1401306   58.08%
  12325 11321      792.5496   172     1760.0000      737.9396  1444682   58.07%
  12866 11851     1718.0000   117     1760.0000      738.0000  1494007   58.07%
  13512 12486     1425.6912   112     1760.0000      740.4638  1574400   57.93%
  14309 13271      743.6373   172     1760.0000      740.4638  1652979   57.93%
  15017 13963     1714.0000    88     1760.0000      740.4869  1737881   57.93%
Elapsed time = 149.86 sec. (154568.48 ticks, tree = 24.02 MB, solutions = 14)
  15766 14704     1711.0000   129     1760.0000      740.4869  1824699   57.93%
  16428 15363     1724.0000    63     1760.0000      740.4869  1890344   57.93%
  16912 15841      749.9159   176     1760.0000      740.4869  1941721   57.93%
  17476 16392     1721.0000    46     1760.0000      740.4869  2009971   57.93%
  18007 16911     1717.0000   106     1760.0000      740.5100  2068061   57.93%
  18515 17409     1413.9608   120     1760.0000      740.5100  2144928   57.93%
* 18907+17744                         1750.0000      740.5100  2177139   57.69%
  19045 17884     1706.0000   104     1750.0000      740.5100  2196247   57.69%
  19561 18393     1710.0000   100     1750.0000      740.7265  2259161   57.67%
  19828 18656     1725.1792   101     1750.0000      740.7375  2292305   57.67%
  20148 18973     1717.0000   105     1750.0000      740.7604  2327305   57.67%
Elapsed time = 195.28 sec. (193062.68 ticks, tree = 33.03 MB, solutions = 15)
  20455 19269     1719.0000    62     1750.0000      740.7606  2371272   57.67%
  20722 19524     1424.5462   133     1750.0000      740.7968  2411530   57.67%
  20951 19751     1715.0000   112     1750.0000      740.7968  2445259   57.67%
  21206 20004     1715.0000   116     1750.0000      740.7968  2483807   57.67%
  21359 20155     1708.0000   103     1750.0000      740.9652  2517318   57.66%
  21467 20252     1720.4709    74     1750.0000      740.9652  2560142   57.66%
  21708 20488     1721.0000    86     1750.0000      741.0000  2600512   57.66%
  21910 20688      743.2982   183     1750.0000      741.0000  2630558   57.66%
  22109 20883      741.0000   183     1750.0000      741.0000  2659111   57.66%
  22391 21157     1712.0000    97     1750.0000      741.0000  2691439   57.66%
Elapsed time = 240.00 sec. (231803.60 ticks, tree = 36.94 MB, solutions = 15)
  22546 21295     1710.4681   112     1750.0000      741.0000  2730741   57.66%
  22819 21565     1713.0000   102     1750.0000      741.0000  2757995   57.66%
  22983 21720     1712.0000    96     1750.0000      741.0000  2784865   57.66%
  23177 21910     1713.0000   120     1750.0000      741.0000  2814142   57.66%
  23350 22077     1707.1326   100     1750.0000      741.2748  2838861   57.64%
  23462 22182     1711.0000    94     1750.0000      741.2748  2874003   57.64%
  23635 22351     1719.0000    94     1750.0000      743.2492  2904423   57.53%
  23909 22616     1414.2688   119     1750.0000      743.2737  2931308   57.53%
  24184 22884     1714.0000   106     1750.0000      743.2982  2961971   57.53%
  24389 23082     1721.0000    85     1750.0000      743.2982  2995197   57.53%
Elapsed time = 284.62 sec. (270641.69 ticks, tree = 40.13 MB, solutions = 15)
  24531 23211     1428.0644    99     1750.0000      743.2982  3044533   57.53%
  24867 23542     1714.0000   118     1750.0000      743.2982  3072766   57.53%
  25229 23900     1711.0000   104     1750.0000      743.3227  3101731   57.52%
  25407 24074     1706.0000   106     1750.0000      743.3227  3132420   57.52%
  25566 24228     1711.0000   107     1750.0000      743.3227  3168901   57.52%
  25807 24465     1717.0000   120     1750.0000      743.3227  3196477   57.52%
  26240 24892     1711.0000   116     1750.0000      743.3247  3230468   57.52%
  26437 25082     1713.0000    75     1750.0000      743.3472  3265932   57.52%
  26604 25245     1711.0000   134     1750.0000      743.3472  3304793   57.52%
  26780 25418     1709.0000   104     1750.0000      743.3472  3331686   57.52%
Elapsed time = 329.57 sec. (309296.20 ticks, tree = 43.78 MB, solutions = 15)
  27071 25702     1712.0000   108     1750.0000      743.3472  3364858   57.52%
  27359 25986     1714.0000    83     1750.0000      743.3472  3395820   57.52%
  27593 26212     1712.0000   108     1750.0000      743.3472  3433358   57.52%
  27884 26498     1714.0000   110     1750.0000      743.3472  3459213   57.52%
  28301 26909     1716.0000   122     1750.0000      743.3472  3494198   57.52%
  28423 27025     1710.0000    93     1750.0000      743.3718  3525405   57.52%
  28545 27139     1709.0000   112     1750.0000      743.3718  3557895   57.52%
  28814 27405     1712.0000   115     1750.0000      743.3718  3583142   57.52%
  29030 27620     1712.1768   113     1750.0000      743.3718  3611228   57.52%
  29287 27874     1712.0000   121     1750.0000      743.3718  3640531   57.52%
Elapsed time = 373.99 sec. (347783.48 ticks, tree = 47.59 MB, solutions = 15)
  29440 28021     1720.3901    99     1750.0000      743.3718  3667059   57.52%
  29707 28284     1712.0000   103     1750.0000      743.3718  3700333   57.52%
  30067 28639     1708.0000   101     1750.0000      743.4143  3731520   57.52%
  30227 28796     1712.0000   112     1750.0000      743.4942  3751830   57.51%
  30468 29028     1715.6070    64     1750.0000      743.5216  3790100   57.51%
  30656 29209     1712.0000    86     1750.0000      743.6061  3820865   57.51%
  30917 29468     1422.8454    97     1750.0000      743.6127  3852613   57.51%
  31148 29695     1715.0000    87     1750.0000      743.6127  3880040   57.51%
  31373 29919     1709.0000    58     1750.0000      743.6207  3908815   57.51%
  31507 30039     1728.0000    44     1750.0000      743.6207  3951913   57.51%
Elapsed time = 418.83 sec. (386539.28 ticks, tree = 51.09 MB, solutions = 15)
  31843 30371     1709.0000   112     1750.0000      743.6462  3983170   57.51%
  32103 30629     1711.0000   109     1750.0000      743.6708  4018018   57.50%
  32387 30911     1716.9432    88     1750.0000      743.6708  4052529   57.50%
  32584 31101     1709.0000   112     1750.0000      743.8868  4096773   57.49%
  32884 31400     1721.0000   102     1750.0000      743.8868  4128673   57.49%
  33171 31684     1714.0000    92     1750.0000      744.0000  4159885   57.49%
  33394 31901     1715.2182    95     1750.0000      744.0000  4190673   57.49%
  33642 32141     1717.0000    85     1750.0000      744.0000  4233430   57.49%
  33872 32369     1713.0000    98     1750.0000      744.0000  4262040   57.49%
  34087 32582     1712.0000    92     1750.0000      744.0000  4295446   57.49%
Elapsed time = 463.46 sec. (425045.36 ticks, tree = 55.07 MB, solutions = 15)
  34314 32808     1632.7039    84     1750.0000      744.0000  4325621   57.49%
  34448 32935     1716.0000    93     1750.0000      744.0000  4362661   57.49%
  34645 33125     1719.0000   112     1750.0000      744.0000  4398430   57.49%
  35010 33487     1719.0000    92     1750.0000      744.1224  4428960   57.48%
  35338 33814     1633.9436   117     1750.0000      746.2839  4461543   57.36%
  35479 33947     1712.1265    53     1750.0000      746.2839  4504347   57.36%
  35676 34137     1710.0000    97     1750.0000      746.2841  4535334   57.36%
  35967 34424     1708.0000   118     1750.0000      746.3099  4565986   57.35%
  36223 34678     1711.0000   105     1750.0000      746.3099  4594188   57.35%
  36413 34867     1711.0000    90     1750.0000      746.3360  4620459   57.35%
Elapsed time = 507.73 sec. (463480.68 ticks, tree = 59.62 MB, solutions = 15)
  36607 35059     1714.0000   123     1750.0000      746.3360  4656254   57.35%
  36851 35302     1714.0000    95     1750.0000      746.3415  4686483   57.35%
  37156 35601     1711.0000   120     1750.0000      746.3621  4715058   57.35%
  37388 35830     1714.0000   106     1750.0000      746.3621  4747417   57.35%
  37547 35981     1710.4681   117     1750.0000      746.3621  4786468   57.35%
  37817 36247     1714.0000   121     1750.0000      746.3621  4810820   57.35%
  38100 36527     1719.0000   116     1750.0000      746.3621  4841841   57.35%
  38270 36695     1712.0000    80     1750.0000      746.3665  4870800   57.35%
  38396 36814     1711.1265    61     1750.0000      746.3665  4905648   57.35%
  38515 36927      774.7278   152     1750.0000      746.3881  4937396   57.35%
Elapsed time = 552.13 sec. (502016.33 ticks, tree = 62.94 MB, solutions = 15)
  38707 37118     1715.0000   102     1750.0000      746.3881  4963645   57.35%
  38947 37356     1711.0000   109     1750.0000      746.3881  4987705   57.35%
  39240 37648     1711.0000    97     1750.0000      746.3881  5014437   57.35%
  39417 37822     1707.0000    87     1750.0000      746.3881  5045064   57.35%
  39607 38003     1711.0000   106     1750.0000      746.3881  5084681   57.35%
  39866 38261     1714.0000   116     1750.0000      746.4142  5112285   57.35%
  40166 38558     1708.0000   107     1750.0000      746.4142  5142570   57.35%
  40340 38729     1709.0000    86     1750.0000      746.4142  5173505   57.35%
  40431 38816     1709.0000    53     1750.0000      746.4142  5202050   57.35%
  40687 39066     1709.0000   104     1750.0000      746.4635  5230929   57.34%
Elapsed time = 598.43 sec. (541733.56 ticks, tree = 66.25 MB, solutions = 15)

GUB cover cuts applied:  1
Implied bound cuts applied:  92
Flow cuts applied:  116
Mixed integer rounding cuts applied:  55
Lift and project cuts applied:  4

Root node processing (before b&c):
  Real time             =    1.90 sec. (2749.61 ticks)
Sequential b&c:
  Real time             =  598.11 sec. (540399.39 ticks)
                          ------------
Total (root+branch&cut) =  600.00 sec. (543149.00 ticks)
