Tried aggregator 3 times.
MIP Presolve eliminated 1920 rows and 401 columns.
MIP Presolve modified 330 coefficients.
Aggregator did 47 substitutions.
Reduced MIP has 1912 rows, 3427 columns, and 12709 nonzeros.
Reduced MIP has 1786 binaries, 2 generals, 0 SOSs, and 0 indicators.
Presolve time = 0.02 sec. (19.99 ticks)
Found incumbent of value 5500.000000 after 0.04 sec. (38.39 ticks)
Probing time = 0.01 sec. (3.94 ticks)
Tried aggregator 1 time.
Reduced MIP has 1912 rows, 3427 columns, and 12709 nonzeros.
Reduced MIP has 1786 binaries, 41 generals, 0 SOSs, and 0 indicators.
Presolve time = 0.01 sec. (6.53 ticks)
Probing time = 0.00 sec. (3.79 ticks)
Clique table members: 5236.
MIP emphasis: balance optimality and feasibility.
MIP search method: dynamic search.
Parallel mode: none, using 1 thread.
Root relaxation solution time = 0.05 sec. (83.82 ticks)

        Nodes                                         Cuts/
   Node  Left     Objective  IInf  Best Integer    Best Bound    ItCnt     Gap

*     0+    0                         5500.0000        0.0000     1007  100.00%
      0     0      137.5237   192     5500.0000      137.5237     1007   97.50%
      0     0      138.0000   181     5500.0000      Cuts: 12     1274   97.49%
      0     0      245.0834   168     5500.0000      Cuts: 88     2296   95.54%
      0     0      258.2515   146     5500.0000      Cuts: 40     2644   95.30%
*     0+    0                         1950.0000      258.2515     2644   86.76%
*     0+    0                         1760.0000      258.2515     2644   85.33%
      0     0      258.2515   145     1760.0000      Cuts: 32     2783   85.33%
      0     0      258.2671   144     1760.0000      Cuts: 48     2909   85.33%
      0     0      258.2671   148     1760.0000      Cuts: 19     2961   85.33%
      0     2      258.2671   141     1760.0000      258.2671     2961   85.33%
Elapsed time = 1.11 sec. (1551.63 ticks, tree = 0.00 MB, solutions = 3)
     10    12      258.3094   153     1760.0000      258.2671     3813   85.33%
     20    22      258.3094   154     1760.0000      258.2671     5859   85.33%
     30    32      258.3094   153     1760.0000      258.2671     6060   85.33%
     56    58      261.4005   147     1760.0000      258.2671     8413   85.33%
     68    70      261.4005   145     1760.0000      258.2671     9210   85.33%
*    80+   80                         1610.0000      258.2671    10906   83.96%
     80    82      268.0437   143     1610.0000      258.2671    10906   83.96%
     94    96      494.7386   114     1610.0000      258.2671    13414   83.96%
    139   141      562.8805    84     1610.0000      258.2671    15385   83.96%
    171   173     1390.0000    59     1610.0000      258.2671    19155   83.96%
    216   218      583.7080    42     1610.0000      258.2671    27726   83.96%
Elapsed time = 3.71 sec. (5519.93 ticks, tree = 3.57 MB, solutions = 4)
*   277+  263                         1530.0000      258.2671    37638   83.12%
*   277+  259                         1410.0000      258.2671    37638   81.68%
*   277+  259                         1400.0000      258.2671    37638   81.55%
*   277+  254                         1330.0000      258.2671    37638   80.58%
*   277+  254                         1290.0000      258.2671    37638   79.98%
*   277+  254                         1270.0000      258.2671    37638   79.66%
*   277+  254                         1260.0000      258.2671    37638   79.50%
    277   256      258.2890   137     1260.0000      258.2671    37638   79.50%
    417   396      339.5497    93     1260.0000      258.2671    46452   79.50%
    499   476      261.3480   134     1260.0000      258.3006    52631   79.50%
*   500+  317                         1210.0000      701.0000    66270   42.07%
    500   318      701.0000   135     1210.0000      701.0000    66270   42.07%
    515   325      706.0000   134     1210.0000      701.0000    67104   42.07%
    525   327      709.1718   154     1210.0000      701.0000    70040   42.07%
    530   327      710.0000   164     1210.0000      701.0000    74602   42.07%
    540   333      710.0000   170     1210.0000      701.0000    76781   42.07%
    560   339      713.1028   162     1210.0000      701.0000    80755   42.07%
    570   341      737.0000   134     1210.0000      701.0000    84210   42.07%
Elapsed time = 14.68 sec. (20038.44 ticks, tree = 6.07 MB, solutions = 12)
    600   354      828.7640   105     1210.0000      701.0000    89229   42.07%
    634   366      747.0000   120     1210.0000      701.0000    96023   42.07%
    663   375      844.2994    96     1210.0000      701.0000   102813   42.07%
    693   383      772.4878   116     1210.0000      701.0000   110551   42.07%
    704   388      844.3268   102     1210.0000      701.0000   114974   42.07%
    720   394      845.0000   109     1210.0000      701.0000   119550   42.07%
    749   404      897.8477   106     1210.0000      701.0000   128660   42.07%
    800   426     1101.0000    88     1210.0000      701.0000   137152   42.07%
    846   447     1101.0000    48     1210.0000      701.0000   148916   42.07%
*   909+  403                         1170.0000      701.0000   184383   40.09%
    909   405      701.0144   138     1170.0000      701.0144   184383   40.08%
Elapsed time = 25.49 sec. (30695.55 ticks, tree = 5.71 MB, solutions = 13)
    941   423     1018.4415   117     1170.0000      702.4791   195696   39.96%
*  1000+  436                         1160.0000      702.4791   200890   39.44%
   1000   438     1019.0000   104     1160.0000      702.4791   200890   39.44%
   1060   463     1019.0000    80     1160.0000      702.4791   210988   39.44%
   1115   504     1157.9212    52     1160.0000      702.4791   225498   39.44%
   1159   535      735.2232   142     1160.0000      703.0000   240936   39.40%
   1190   566      786.5363   150     1160.0000      703.0000   253724   39.40%
   1264   638     1101.0000   130     1160.0000      703.0000   261380   39.40%
   1312   686      725.0847   151     1160.0000      703.0000   266612   39.40%
   1336   710      909.0037   130     1160.0000      703.0000   277678   39.40%
   1386   760     1100.7588    93     1160.0000      703.0000   286650   39.40%
Elapsed time = 32.91 sec. (40477.51 ticks, tree = 10.38 MB, solutions = 14)
   1481   852     1101.0000    83     1160.0000      703.0000   293344   39.40%
   1540   906      819.4646   155     1160.0000      703.0000   305943   39.40%
   1620   985     1101.0000   140     1160.0000      703.0000   314097   39.40%
   1714  1079      731.7076   161     1160.0000      703.0000   323627   39.40%
   1749  1114      834.0293   149     1160.0000      703.0000   333798   39.40%
   1893  1257     1101.0000   133     1160.0000      703.0000   342240   39.40%
   1931  1295      778.1812   156     1160.0000      703.0000   352986   39.40%
   2030  1393     1101.0000   115     1160.0000      703.0000   361268   39.40%
   2124  1487      768.9051   150     1160.0000      703.0000   370653   39.40%
   2180  1543     1100.9150   140     1160.0000      703.0000   379244   39.40%
Elapsed time = 40.16 sec. (50299.23 ticks, tree = 17.34 MB, solutions = 14)
   2305  1668      704.0413   167     1160.0000      703.0000   385236   39.40%
   2337  1700     1100.4975   129     1160.0000      703.0000   398414   39.40%
   2390  1753     1024.7679   129     1160.0000      703.0000   407471   39.40%
   2502  1863      704.0000   165     1160.0000      703.0000   416266   39.40%
   2548  1908     1100.4975   119     1160.0000      703.0000   427516   39.40%
   2698  2058     1101.0000   125     1160.0000      703.0000   432284   39.40%
   2720  2080      754.2227   156     1160.0000      703.0000   440979   39.40%
*  2800+ 2131                         1140.0000      703.0000   444601   38.33%
   2823  2156     1101.0000   125     1140.0000      703.0000   445583   38.33%
   2912  2245      732.9298   175     1140.0000      704.0000   453825   38.25%
   3036  2369     1102.0000   140     1140.0000      704.0000   460662   38.25%
Elapsed time = 47.44 sec. (60153.97 ticks, tree = 25.59 MB, solutions = 15)
   3102  2435      705.6216   134     1140.0000      704.0000   464058   38.25%
   3195  2526     1101.0000   116     1140.0000      704.0000   477500   38.25%
   3314  2645      825.7427   115     1140.0000      704.0000   486680   38.25%
   3358  2688     1100.6831    95     1140.0000      704.0000   502828   38.25%
   3497  2818    infeasible           1140.0000      704.0000   516645   38.25%
   3534  2854      851.6543   138     1140.0000      704.0000   529044   38.25%
   3678  2996     1101.0000   118     1140.0000      704.0000   537503   38.25%
   3736  3054      929.2199   135     1140.0000      704.0000   549269   38.25%
   3860  3176     1101.0000   137     1140.0000      704.0000   556901   38.25%
   3924  3240      980.7388   156     1140.0000      704.0000   566111   38.25%
Elapsed time = 54.78 sec. (69807.33 ticks, tree = 33.54 MB, solutions = 15)
   4069  3385     1101.0000   111     1140.0000      704.0000   574014   38.25%
   4120  3435      743.4054   171     1140.0000      704.0119   583309   38.24%
   4259  3572     1101.0000   131     1140.0000      704.0119   591595   38.24%
   4313  3626      732.9304   148     1140.0000      704.0119   601298   38.24%
   4342  3653     1018.6373   149     1140.0000      704.0119   611520   38.24%
   4400  3711     1102.0000   124     1140.0000      704.0119   620643   38.24%
   4500  3808     1105.0000    71     1140.0000      704.0119   631288   38.24%
   4529  3837      819.7963   158     1140.0000      704.0168   642119   38.24%
   4662  3968     1101.0000    95     1140.0000      704.0168   650902   38.24%
   4723  4029      764.1115   165     1140.0000      704.0209   663606   38.24%
Elapsed time = 62.39 sec. (79895.47 ticks, tree = 39.52 MB, solutions = 15)
   4778  4083     1101.0000   133     1140.0000      704.0209   669585   38.24%
   4914  4219      742.6703   161     1140.0000      704.0209   677784   38.24%
   5001  4306     1101.0000   138     1140.0000      704.0209   687181   38.24%
   5119  4424      752.6772   147     1140.0000      704.0495   696445   38.24%
   5188  4493     1101.0000   122     1140.0000      704.0495   704961   38.24%
   5310  4615      935.4090   114     1140.0000      704.0495   714149   38.24%
   5378  4681     1102.0000    84     1140.0000      704.0495   731463   38.24%
   5502  4802      718.6798   161     1140.0000      704.0691   746839   38.24%
   5545  4844     1100.6831   155     1140.0000      704.0691   755612   38.24%
   5700  4999     1101.0000   117     1140.0000      704.0691   760804   38.24%
Elapsed time = 69.94 sec. (89811.39 ticks, tree = 48.29 MB, solutions = 15)
   5729  5028      819.9809   153     1140.0000      705.6216   770634   38.10%
   5901  5200     1102.0000   118     1140.0000      705.6216   779006   38.10%
   5933  5232      949.4699   126     1140.0000      705.6216   788555   38.10%
   6075  5372     1102.0000   123     1140.0000      705.6216   795324   38.10%
   6119  5416      747.7121   165     1140.0000      705.6216   805160   38.10%
   6209  5506     1101.0000   135     1140.0000      705.6216   814231   38.10%
   6312  5609      859.6108   128     1140.0000      705.6216   823944   38.10%
   6404  5699     1104.9563   110     1140.0000      705.6216   834618   38.10%
   6514  5809      735.3539   164     1140.0000      705.6216   845317   38.10%
   6916  6207      747.1917   145     1140.0000      705.6216   875621   38.10%
Elapsed time = 79.38 sec. (102360.60 ticks, tree = 56.74 MB, solutions = 15)
   7304  6593      814.1888   130     1140.0000      705.6216   909664   38.10%
   7535  6822     1024.0000   116     1140.0000      705.6273   949011   38.10%
   7870  7157     1101.0000    95     1140.0000      705.6307   978752   38.10%
   8270  7556     1101.0000   136     1140.0000      705.6368  1012538   38.10%
   8706  7983      852.3478   104     1140.0000      705.6368  1069897   38.10%
*  8800+ 8075                         1130.0000      705.6368  1079845   37.55%
   8936  8213     1024.4758   137     1130.0000      705.6409  1096718   37.55%
   9367  8621      841.5493   147     1130.0000      705.6770  1150363   37.55%
   9946  9197     1102.0000   129     1130.0000      705.7339  1203132   37.55%
  10323  9572      987.9884   104     1130.0000      705.7662  1241327   37.54%
  10460  9706     1107.0000    76     1130.0000      705.7662  1257327   37.54%
Elapsed time = 117.88 sec. (150589.92 ticks, tree = 83.03 MB, solutions = 16)
  10903 10141      739.0552   144     1130.0000      706.0000  1302763   37.52%
  11314 10549      814.1888   108     1130.0000      706.0000  1349657   37.52%
  11535 10761     1100.4975   140     1130.0000      706.0000  1393439   37.52%
  11923 11146      786.8306   129     1130.0000      706.0000  1428425   37.52%
  12309 11529        cutoff           1130.0000      706.0000  1467551   37.52%
  12728 11944      864.5024   150     1130.0000      707.3333  1521433   37.40%
  13302 12514      707.3798   158     1130.0000      707.3333  1563276   37.40%
  13608 12817     1102.0000   129     1130.0000      707.3333  1610668   37.40%
  14252 13460     1102.0000   129     1130.0000      707.3445  1667297   37.40%
  14806 14007     1102.0000   125     1130.0000      707.3521  1729041   37.40%
Elapsed time = 148.09 sec. (189104.73 ticks, tree = 110.23 MB, solutions = 16)
  15472 14670     1101.0000    59     1130.0000      707.3841  1790765   37.40%
  15927 15122      887.8979   139     1130.0000      707.3973  1841370   37.40%
  16318 15511      861.5000    78     1130.0000      707.4024  1880762   37.40%
  16702 15882      852.3478   118     1130.0000      707.4176  1937129   37.40%
  17115 16293      862.7985   136     1130.0000      707.4227  1976812   37.40%
  17517 16687      863.6099   155     1130.0000      707.4303  2021141   37.40%
  17902 17072      852.3478   118     1130.0000      707.4616  2051458   37.39%
  18252 17418     1102.0000   130     1130.0000      707.4716  2082751   37.39%
  18619 17781     1103.0000   126     1130.0000      707.4848  2123193   37.39%
  19109 18266      994.1671   125     1130.0000      707.4944  2166817   37.39%
Elapsed time = 177.78 sec. (227625.96 ticks, tree = 133.73 MB, solutions = 16)
  19600 18750     1101.0000   126     1130.0000      708.0000  2221628   37.35%
  20227 19371     1102.0000   118     1130.0000      709.1429  2279859   37.24%
  20727 19860      851.7345   149     1130.0000      709.1429  2351610   37.24%
  21320 20449      752.8484   145     1130.0000      709.1429  2394686   37.24%
  21911 21031      861.5000   131     1130.0000      709.1582  2453461   37.24%
  22340 21457     1101.0000   118     1130.0000      709.1589  2510214   37.24%
  22903 22015      994.1671   111     1130.0000      709.1613  2565536   37.24%
  23320 22431     1061.0188   144     1130.0000      709.1657  2610659   37.24%
  23667 22775     1102.0000   145     1130.0000      709.1657  2648933   37.24%
  24103 23209      711.0991   135     1130.0000      709.1758  2690782   37.24%
Elapsed time = 208.57 sec. (266008.45 ticks, tree = 151.63 MB, solutions = 16)
  24527 23624      887.5920   141     1130.0000      709.1842  2736639   37.24%
  24900 23995     1102.0000   101     1130.0000      709.1944  2765439   37.24%
  25028 24122     1102.0000   118     1130.0000      709.1944  2790126   37.24%
  25300 24393     1102.0000    79     1130.0000      709.1981  2817090   37.24%
  25542 24630     1103.0000    82     1130.0000      709.1981  2852437   37.24%
  25891 24978     1103.0000    94     1130.0000      709.2014  2882494   37.24%
  26304 25389      994.1671   113     1130.0000      709.2057  2912775   37.24%
  26748 25823     1102.0000    82     1130.0000      709.2080  2952028   37.24%
  27261 26332     1102.0000    81     1130.0000      709.2083  2984335   37.24%
  27561 26617     1102.0000    99     1130.0000      709.2141  3026183   37.24%
Elapsed time = 240.52 sec. (305173.50 ticks, tree = 158.62 MB, solutions = 16)
  28013 27065     1103.0000    90     1130.0000      709.2195  3052617   37.24%
  28349 27397     1102.0000   107     1130.0000      709.2240  3088555   37.24%
  28739 27781     1103.0000   117     1130.0000      709.2360  3125537   37.24%
  29233 28273     1102.0000    93     1130.0000      709.2368  3157346   37.24%
  29446 28481     1102.0000    77     1130.0000      709.2369  3191862   37.24%
  29702 28731      861.5000   103     1130.0000      709.2379  3223010   37.24%
  30200 29226     1103.0000   119     1130.0000      709.2388  3256967   37.24%
  30581 29597     1101.0000    84     1130.0000      709.2587  3297755   37.23%
  31063 30077     1103.0000   124     1130.0000      710.0000  3330432   37.17%
  31324 30337      994.0000   111     1130.0000      710.0000  3362202   37.17%
Elapsed time = 272.84 sec. (343746.08 ticks, tree = 164.25 MB, solutions = 16)
  31552 30557     1102.0000    87     1130.0000      710.0000  3400266   37.17%
  31848 30847     1101.0000    80     1130.0000      710.0000  3425332   37.17%
  32250 31247     1102.0000   111     1130.0000      710.0000  3454347   37.17%
  32502 31493      711.1059   177     1130.0000      710.0000  3486010   37.17%
  32902 31891      711.0905   183     1130.0000      710.0000  3514137   37.17%
  33309 32296      994.0000   109     1130.0000      710.0000  3543650   37.17%
  33475 32457     1101.0000    66     1130.0000      710.0000  3576936   37.17%
  33752 32730     1101.0000    88     1130.0000      710.0000  3605462   37.17%
  34248 33224     1102.0000    77     1130.0000      710.0000  3635153   37.17%
  34418 33393     1101.0000    65     1130.0000      710.0000  3665365   37.17%
Elapsed time = 305.03 sec. (382396.88 ticks, tree = 170.16 MB, solutions = 16)
  34754 33727     1101.0000    94     1130.0000      710.0000  3694841   37.17%
  35143 34114     1101.0000    92     1130.0000      710.0000  3721787   37.17%
  35412 34379     1106.3408    92     1130.0000      711.0588  3749056   37.07%
  35718 34684      764.1995   121     1130.0000      711.0588  3778578   37.07%
  36145 35108     1102.0000   118     1130.0000      711.0588  3808804   37.07%
  36461 35416     1101.0000    45     1130.0000      711.0588  3846728   37.07%
  36735 35681     1100.4975   109     1130.0000      711.0648  3883419   37.07%
  37132 36076     1024.3697   100     1130.0000      711.0678  3915780   37.07%
  37442 36382     1101.0000    69     1130.0000      711.0678  3948509   37.07%
  37779 36716     1102.0000    82     1130.0000      711.0788  3984744   37.07%
Elapsed time = 336.70 sec. (420695.59 ticks, tree = 175.42 MB, solutions = 16)
  38236 37170     1105.0000    76     1130.0000      711.0795  4016500   37.07%
  38449 37380     1105.0000    58     1130.0000      711.0795  4054871   37.07%
  38754 37679     1102.0000   112     1130.0000      711.0814  4091745   37.07%
  39102 38026      861.5000   142     1130.0000      711.0825  4122848   37.07%
  39385 38306     1101.0000   103     1130.0000      711.0827  4154427   37.07%
  39870 38786     1102.0000    82     1130.0000      711.0861  4188534   37.07%
  40305 39219      994.0000   104     1130.0000      711.0905  4223137   37.07%
  40547 39450     1102.0000    82     1130.0000      711.0905  4258788   37.07%
  40925 39827      895.6959    97     1130.0000      711.0912  4292256   37.07%
  41334 40231     1102.0000    85     1130.0000      711.0912  4324772   37.07%
Elapsed time = 368.15 sec. (459067.01 ticks, tree = 180.84 MB, solutions = 16)
  41596 40487     1101.0000    89     1130.0000      711.0912  4363571   37.07%
  42100 40989     1101.0000    75     1130.0000      711.0912  4399310   37.07%
  42465 41344     1105.0000    67     1130.0000      711.0932  4431830   37.07%
  42788 41664     1101.0000   101     1130.0000      711.0942  4465106   37.07%
  43227 42101     1101.0000    75     1130.0000      711.0968  4498192   37.07%
  43476 42344     1107.0000    31     1130.0000      711.0974  4536229   37.07%
  43700 42567     1101.0000    90     1130.0000      711.0991  4567304   37.07%
  44124 42987      887.0912    98     1130.0000      711.1059  4599714   37.07%
  44471 43331     1105.3455    66     1130.0000      711.1059  4636803   37.07%
  44723 43582      887.0912   109     1130.0000      711.1059  4668170   37.07%
Elapsed time = 400.12 sec. (497740.93 ticks, tree = 186.22 MB, solutions = 16)
  45130 43987     1024.3697   102     1130.0000      711.1064  4698115   37.07%
  45447 44300     1104.2598    70     1130.0000      711.1079  4728944   37.07%
  45705 44556      862.0483   128     1130.0000      711.1147  4761421   37.07%
  46138 44986     1102.0000    86     1130.0000      711.1220  4791402   37.07%
  46490 45333     1107.0000    53     1130.0000      711.1224  4827647   37.07%
  46825 45666     1102.0000    80     1130.0000      711.1263  4855681   37.07%
  47321 46160      995.5111   101     1130.0000      711.1294  4888199   37.07%
  47533 46370     1100.4975    80     1130.0000      711.1297  4924101   37.07%
  48040 46874     1102.0000   101     1130.0000      711.1367  4952522   37.07%
  48464 47292     1105.0000    49     1130.0000      711.1408  4991592   37.07%
Elapsed time = 431.54 sec. (536151.37 ticks, tree = 191.99 MB, solutions = 16)
  48930 47751      929.5304   114     1130.0000      711.1555  5029616   37.07%
  49373 48189     1106.1248    86     1130.0000      711.1680  5061575   37.06%
  49721 48530      882.6372   110     1130.0000      711.1828  5098450   37.06%
  50261 49067     1102.0000    85     1130.0000      712.0000  5131359   36.99%
  50484 49285     1102.0000    57     1130.0000      712.0000  5170150   36.99%
  50850 49649     1101.0000    77     1130.0000      712.0000  5201055   36.99%
  51176 49973     1101.0000    84     1130.0000      712.0000  5232823   36.99%
  51428 50223     1101.0000    52     1130.0000      712.0000  5270653   36.99%
  51703 50493      713.1347   177     1130.0000      712.0000  5310966   36.99%
  52127 50915      914.7715   122     1130.0000      713.0909  5343080   36.89%
Elapsed time = 463.37 sec. (574540.39 ticks, tree = 197.87 MB, solutions = 16)
  52487 51272     1104.4340    53     1130.0000      713.0909  5380637   36.89%
  53051 51832     1101.0000    79     1130.0000      713.0909  5414745   36.89%
  53457 52229     1106.0000    73     1130.0000      713.0909  5450097   36.89%
  53779 52546     1101.0000    96     1130.0000      713.0911  5481164   36.89%
  54222 52987     1101.0000    74     1130.0000      713.0911  5512306   36.89%
  54500 53252     1102.0000    65     1130.0000      713.1015  5551249   36.89%
  54929 53677     1025.0000   101     1130.0000      713.1022  5584027   36.89%
  55355 54100     1101.0000    77     1130.0000      713.1067  5615211   36.89%
  55537 54272     1103.0000   103     1130.0000      713.1067  5655215   36.89%
  55924 54657      897.3390   108     1130.0000      713.1168  5685754   36.89%
Elapsed time = 495.08 sec. (612881.76 ticks, tree = 203.72 MB, solutions = 16)
  56313 55044      994.0000   111     1130.0000      713.1179  5717349   36.89%
  56472 55199     1104.6923    66     1130.0000      713.1179  5751325   36.89%
  56805 55530     1101.0000    91     1130.0000      713.1181  5779669   36.89%
  57300 56022     1107.0000    81     1130.0000      713.1184  5810283   36.89%
  57494 56210     1107.0000    54     1130.0000      713.1184  5846200   36.89%
  57902 56615      861.5000   116     1130.0000      713.1210  5877904   36.89%
  58321 57032     1060.3230    81     1130.0000      713.1327  5908023   36.89%
  58495 57194     1106.0000    48     1130.0000      713.1327  5946516   36.89%
  58879 57574     1101.0000   112     1130.0000      713.1331  5976744   36.89%
  59291 57984     1101.0000    96     1130.0000      713.1344  6005155   36.89%
Elapsed time = 526.76 sec. (651634.96 ticks, tree = 208.95 MB, solutions = 16)
  59510 58182      862.7685   119     1130.0000      713.1384  6048986   36.89%
  59927 58597      929.3145   121     1130.0000      713.1430  6078273   36.89%
  60365 59033     1104.3677    58     1130.0000      713.1486  6106919   36.89%
  60673 59335     1101.0000    94     1130.0000      713.1540  6149203   36.89%
  61102 59762      861.5000   111     1130.0000      713.1564  6176139   36.89%
  61380 60037     1102.0000    75     1130.0000      713.1570  6199034   36.89%
  61627 60277     1102.0000    86     1130.0000      713.1597  6233729   36.89%
  62000 60648     1101.0000    99     1130.0000      713.1597  6262698   36.89%
  62302 60949      861.5000   130     1130.0000      713.1654  6283075   36.89%
  62496 61140     1105.4644    57     1130.0000      713.1654  6324107   36.89%
Elapsed time = 558.84 sec. (690079.38 ticks, tree = 214.03 MB, solutions = 16)
  62763 61405     1101.0000    93     1130.0000      713.1675  6341796   36.89%
  63199 61839     1102.0000   108     1130.0000      713.1749  6372033   36.89%
  63459 62098     1101.0000    63     1130.0000      713.1749  6400258   36.89%
  63604 62240     1102.0000    80     1130.0000      713.1753  6422528   36.89%
  64104 62738      861.5000   101     1130.0000      713.1814  6451790   36.89%
  64359 62989     1103.0000    85     1130.0000      713.1831  6473787   36.89%
  64500 63121     1111.5345    45     1130.0000      713.1831  6519851   36.89%
  64842 63461     1101.0000    75     1130.0000      713.1852  6542802   36.89%
  65200 63817     1101.0000    82     1130.0000      713.1951  6567995   36.89%
  65564 64169     1101.0000   110     1130.0000      713.1961  6601037   36.89%
Elapsed time = 591.89 sec. (729065.01 ticks, tree = 218.76 MB, solutions = 16)
  65810 64414     1105.0000   105     1130.0000      713.1968  6624397   36.89%
  66116 64719      864.7763   108     1130.0000      713.1971  6646929   36.89%

GUB cover cuts applied:  2
Implied bound cuts applied:  84
Flow cuts applied:  277
Mixed integer rounding cuts applied:  48
Zero-half cuts applied:  1
Lift and project cuts applied:  32

Root node processing (before b&c):
  Real time             =    1.09 sec. (1536.25 ticks)
Sequential b&c:
  Real time             =  598.91 sec. (737115.51 ticks)
                          ------------
Total (root+branch&cut) =  600.00 sec. (738651.77 ticks)
