Tried aggregator 2 times.
MIP Presolve eliminated 1724 rows and 138 columns.
MIP Presolve modified 778 coefficients.
Aggregator did 50 substitutions.
Reduced MIP has 1844 rows, 3344 columns, and 12148 nonzeros.
Reduced MIP has 1707 binaries, 2 generals, 0 SOSs, and 0 indicators.
Presolve time = 0.01 sec. (14.16 ticks)
Found incumbent of value 6050.000000 after 0.03 sec. (32.80 ticks)
Probing fixed 0 vars, tightened 3 bounds.
Probing time = 0.03 sec. (16.75 ticks)
Tried aggregator 2 times.
MIP Presolve eliminated 3 rows and 3 columns.
Aggregator did 1 substitutions.
Reduced MIP has 1840 rows, 3340 columns, and 12140 nonzeros.
Reduced MIP has 1704 binaries, 27 generals, 0 SOSs, and 0 indicators.
Presolve time = 0.01 sec. (9.84 ticks)
Probing time = 0.00 sec. (3.46 ticks)
Clique table members: 3244.
MIP emphasis: balance optimality and feasibility.
MIP search method: dynamic search.
Parallel mode: none, using 1 thread.
Root relaxation solution time = 0.07 sec. (107.43 ticks)

        Nodes                                         Cuts/
   Node  Left     Objective  IInf  Best Integer    Best Bound    ItCnt     Gap

*     0+    0                         6050.0000        0.0000     1236  100.00%
      0     0      117.2291   181     6050.0000      117.2291     1236   98.06%
      0     0      121.5162   185     6050.0000      Cuts: 48     2493   97.99%
      0     0      223.8089   183     6050.0000     Cuts: 146     4194   96.30%
      0     0      235.8015   169     6050.0000      Cuts: 99     4471   96.10%
      0     0      236.1464   163     6050.0000      Cuts: 60     4620   96.10%
      0     0      236.1483   166     6050.0000      Cuts: 41     4699   96.10%
      0     0      236.1485   153     6050.0000      Cuts: 13     4735   96.10%
      0     0      236.1485   161     6050.0000      Cuts: 21     4770   96.10%
*     0+    0                         3080.0000      236.1485     4770   92.33%
      0     2      236.1485   152     3080.0000      236.1485     4770   92.33%
Elapsed time = 2.18 sec. (2932.80 ticks, tree = 0.00 MB, solutions = 2)
     25    27      236.1863   157     3080.0000      236.1485     6436   92.33%
     32    34     2333.3656    97     3080.0000      236.1485     9050   92.33%
     50    52      257.6977   137     3080.0000      236.1485    11531   92.33%
     92    92      280.6962   122     3080.0000      236.1485    13647   92.33%
    140   138      295.7003   103     3080.0000      236.1485    16291   92.33%
    157   155      310.2266   107     3080.0000      236.1485    19332   92.33%
    174   172      310.7227    90     3080.0000      236.1485    22553   92.33%
    190   188      339.6235    93     3080.0000      236.1485    26271   92.33%
    205   203      341.1415    91     3080.0000      236.1485    29620   92.33%
    295   286      467.3172    60     3080.0000      236.1485    45375   92.33%
Elapsed time = 4.48 sec. (6178.04 ticks, tree = 4.50 MB, solutions = 2)
    379   370      750.0000    37     3080.0000      236.1485    57584   92.33%
    439   420      285.8692   150     3080.0000      236.1485    70664   92.33%
    469   450      332.6168   132     3080.0000      236.1485    79345   92.33%
*   489+  454                         2090.0000      236.1485    83416   88.70%
*   489+  454                         2060.0000      236.1485    83416   88.54%
*   489+  454                         1990.0000      236.1485    83416   88.13%
    489   456      332.6603   134     1990.0000      236.1485    83416   88.13%
*   491+  304                         1980.0000      746.8758   112675   62.28%
    491   305      746.8758   163     1980.0000      746.8758   112675   62.28%
    492   305      747.0000   163     1980.0000      747.0000   112751   62.27%
    496   306      751.0000   179     1980.0000      747.0000   120213   62.27%
    500   307      753.1965   168     1980.0000      747.0000   123308   62.27%
    506   281      753.0000   166     1980.0000      747.0000   124026   62.27%
    512   262      756.0000   172     1980.0000      747.0000   124741   62.27%
Elapsed time = 18.56 sec. (25688.61 ticks, tree = 3.90 MB, solutions = 6)
    526   268     1063.1453   100     1980.0000      747.0000   127951   62.27%
    552   272      814.0000   123     1980.0000      747.0000   132832   62.27%
    579   279      822.6685   119     1980.0000      747.0000   143003   62.27%
*   591+  216                         1940.0000      747.0000   146646   61.49%
*   591+  171                         1930.0000      747.0000   146646   61.30%
    591   173      840.0000   105     1930.0000      747.0000   146646   61.30%
    634   186     1227.5169    81     1930.0000      747.0000   162118   61.30%
*   691+  191                         1880.0000      747.0000   172814   60.27%
*   691+  181                         1860.0000      747.0000   172814   59.84%
    691   182     1754.0000    43     1860.0000      747.0000   172814   59.84%
    761   224     1754.0000    27     1860.0000      747.0000   192227   59.84%
*   791+  252                         1820.0000      747.0000   202814   58.96%
*   791+  252                         1790.0000      747.0000   202814   58.27%
    821   280     1764.0000    26     1790.0000      747.0000   211773   58.27%
    868   318     1011.4313   109     1790.0000      748.8238   229207   58.17%
    891   339     1225.8141    91     1790.0000      748.8238   236871   58.17%
Elapsed time = 27.46 sec. (36866.64 ticks, tree = 0.72 MB, solutions = 12)
    931   378     1319.0000    76     1790.0000      748.8238   250877   58.17%
   1011   453     1778.0000    57     1790.0000      748.8238   266976   58.17%
   1090   520     1789.0000    30     1790.0000      748.8238   294976   58.17%
   1110   530      789.1286   150     1790.0000      750.2987   302552   58.08%
   1133   553      937.8095   129     1790.0000      750.2987   309872   58.08%
   1196   614     1519.0000   112     1790.0000      750.2987   320938   58.08%
   1233   645     1048.8319   101     1790.0000      751.0000   337123   58.04%
   1259   671     1313.3388    96     1790.0000      751.0000   350561   58.04%
   1315   720      762.3227   156     1790.0000      751.7185   359028   58.00%
   1371   773     1696.0000    98     1790.0000      751.7185   372007   58.00%
Elapsed time = 35.32 sec. (47087.49 ticks, tree = 1.42 MB, solutions = 12)
   1451   851     1731.0000    72     1790.0000      751.7185   377696   58.00%
   1592   986     1765.0000    16     1790.0000      751.7185   397082   58.00%
   1632  1021     1074.2413   114     1790.0000      752.8916   418786   57.94%
   1747  1133     1781.0000    68     1790.0000      752.8916   431072   57.94%
   1833  1213      752.8916   177     1790.0000      753.1216   438904   57.93%
   1888  1268     1109.5843   108     1790.0000      753.1216   454554   57.93%
   2007  1386     1699.0000    68     1790.0000      753.1216   465498   57.93%
   2096  1474      984.7011   105     1790.0000      754.0000   483446   57.88%
   2119  1497      997.3003   121     1790.0000      754.0000   495361   57.88%
*  2191+ 1412                         1780.0000      754.0000   506096   57.64%
   2191  1414     1696.0000   103     1780.0000      754.0000   506096   57.64%
Elapsed time = 43.61 sec. (57126.95 ticks, tree = 2.53 MB, solutions = 13)
*  2293+ 1413                         1770.0000      754.0000   514438   57.40%
   2293  1415      754.0000   177     1770.0000      754.0000   514438   57.40%
   2317  1439     1566.3250    87     1770.0000      754.4588   529007   57.38%
   2403  1523     1718.0000    27     1770.0000      754.4588   544271   57.38%
   2484  1590     1040.8780    94     1770.0000      754.4662   568147   57.37%
   2558  1663     1677.7484    85     1770.0000      754.4662   573729   57.37%
*  2591+ 1292                         1720.0000      754.4662   576658   56.14%
   2594  1297     1678.0000    76     1720.0000      754.4662   577513   56.14%
   2631  1334     1678.0000    76     1720.0000      754.4662   584458   56.14%
   2688  1387     1688.6984    66     1720.0000      754.4662   592715   56.14%
   2698  1390     1030.8564   105     1720.0000      755.0000   597437   56.10%
   2748  1429      755.0000   158     1720.0000      755.0000   602999   56.10%
Elapsed time = 51.62 sec. (67576.28 ticks, tree = 4.11 MB, solutions = 15)
   2836  1515     1658.0000    81     1720.0000      755.0000   609488   56.10%
   2861  1540     1658.0000    64     1720.0000      755.0000   617295   56.10%
   2891  1569     1659.0000    67     1720.0000      755.0000   624252   56.10%
   2932  1609     1660.0000    63     1720.0000      755.0000   632591   56.10%
   2986  1661     1669.0000    54     1720.0000      755.0000   641883   56.10%
   3030  1704     1675.0000    44     1720.0000      755.0000   655367   56.10%
   3081  1745    infeasible           1720.0000      755.0000   666968   56.10%
*  3091+ 1547                         1710.0000      755.0000   671858   55.85%
   3091  1549     1030.9763   100     1710.0000      755.0000   671858   55.85%
   3145  1600     1676.0000    74     1710.0000      755.0000   680116   55.85%
   3234  1688     1677.0000    70     1710.0000      755.0000   689152   55.85%
Elapsed time = 59.82 sec. (77732.86 ticks, tree = 5.51 MB, solutions = 16)
   3305  1758     1683.0000    66     1710.0000      755.0000   698884   55.85%
   3352  1797     1690.0000    66     1710.0000      755.0000   709377   55.85%
   3371  1810     1700.0000    47     1710.0000      755.0000   721009   55.85%
   3412  1850     1702.0000    40     1710.0000      755.0000   733449   55.85%
*  3436+ 1451                         1690.0000      755.0000   740412   55.33%
   3436  1453      755.0000   160     1690.0000      755.0000   740412   55.33%
   3491  1507     1655.0000    68     1690.0000      755.0000   745955   55.33%
   3517  1533     1655.0000    54     1690.0000      755.0000   755142   55.33%
   3572  1585     1661.0000    42     1690.0000      755.0000   766697   55.33%
   3621  1632     1668.0000    36     1690.0000      755.0000   778401   55.33%
   3670  1673      982.2048   106     1690.0000      755.1685   788753   55.32%
Elapsed time = 68.32 sec. (88140.97 ticks, tree = 5.14 MB, solutions = 17)
   3710  1712     1657.0000    97     1690.0000      755.1685   791837   55.32%
   3733  1734     1658.0000    75     1690.0000      755.1685   798623   55.32%
   3758  1759     1658.0000    76     1690.0000      755.1685   807103   55.32%
   3786  1787     1658.0000    55     1690.0000      755.1685   815199   55.32%
   3811  1810     1659.0025    62     1690.0000      755.1685   824518   55.32%
   3847  1846     1660.0000    61     1690.0000      755.1685   833940   55.32%
   3901  1899     1669.0000    44     1690.0000      755.1685   845338   55.32%
   3989  1968     1654.3885    70     1690.0000      756.0000   864129   55.27%
   4041  2019     1655.0000    48     1690.0000      756.0000   874659   55.27%
   4097  2070     1656.0171    37     1690.0000      756.0000   897157   55.27%
Elapsed time = 76.56 sec. (98228.83 ticks, tree = 5.91 MB, solutions = 17)
   4145  2112     1657.3366    35     1690.0000      756.0000   919372   55.27%
   4176  2137      757.5768   161     1690.0000      756.0000   945165   55.27%
   4199  2160      891.3051   123     1690.0000      756.0000   949702   55.27%
   4240  2195      908.3952   125     1690.0000      756.9126   964271   55.21%
   4290  2240     1214.2578   103     1690.0000      757.0813   981424   55.20%
   4359  2301     1658.0000    68     1690.0000      757.1126   998141   55.20%
   4477  2418     1664.2226    52     1690.0000      757.1126  1011227   55.20%
   4546  2486     1671.0323    41     1690.0000      757.1126  1018519   55.20%
   4591  2526      983.2867   102     1690.0000      757.3644  1031802   55.19%
   4765  2678      984.7290    85     1690.0000      757.6111  1089165   55.17%
Elapsed time = 86.90 sec. (111278.05 ticks, tree = 7.00 MB, solutions = 17)
   5074  2954     1092.1762   110     1690.0000      757.8812  1143211   55.15%
   5189  3045     1091.4884   109     1690.0000      758.4249  1192938   55.12%
   5434  3268     1682.0890    51     1690.0000      759.2078  1242040   55.08%
   5707  3519     1678.0000    31     1690.0000      759.6760  1320828   55.05%
   6091  3870     1660.0000    74     1690.0000      760.0444  1399050   55.03%
   6473  4221     1657.5697    83     1690.0000      760.3667  1471305   55.01%
   6888  4608     1037.2374    91     1690.0000      762.0918  1541166   54.91%
   7201  4902     1653.0888    75     1690.0000      762.1238  1599960   54.90%
   7443  5123     1016.3654   111     1690.0000      762.3227  1668578   54.89%
   7849  5515     1662.0000    61     1690.0000      762.4741  1720423   54.88%
Elapsed time = 118.91 sec. (150445.56 ticks, tree = 12.46 MB, solutions = 17)
   8066  5702     1654.3517    71     1690.0000      763.0003  1785178   54.85%
   8233  5859     1671.0000    27     1690.0000      763.0003  1827922   54.85%
   8427  6030     1681.0000    84     1690.0000      764.6858  1861353   54.75%
*  8591+ 5516                         1680.0000      764.6858  1879064   54.48%
   8663  5585     1675.0000    64     1680.0000      764.9363  1885255   54.47%
   8861  5767     1661.0000    17     1680.0000      764.9367  1910252   54.47%
   9010  5904     1661.0000    62     1680.0000      765.1822  1938369   54.45%
   9300  6177     1662.0000    40     1680.0000      765.2368  1968497   54.45%
   9514  6369     1664.0000    64     1680.0000      767.0480  1992719   54.34%
   9648  6478    infeasible           1680.0000      767.0480  2038201   54.34%
   9930  6736      985.2817    88     1680.0000      767.9672  2060878   54.29%
Elapsed time = 159.81 sec. (189052.20 ticks, tree = 37.08 MB, solutions = 18)
  10257  7044     1004.2416   105     1680.0000      768.1517  2094607   54.28%
  10271  7056     1660.3793    80     1680.0000      768.1517  2095546   54.28%
  10593  7358      998.1617    98     1680.0000      768.3052  2127116   54.27%
  10922  7668     1162.7537    97     1680.0000      768.5091  2161505   54.26%
  11269  7975     1665.0000    45     1680.0000      771.1834  2190858   54.10%
  11618  8303     1660.0000    92     1680.0000      771.2033  2221091   54.10%
  11993  8639     1366.0486    91     1680.0000      771.5621  2251071   54.07%
  12246  8870     1677.0193    25     1680.0000      772.1412  2286116   54.04%
  12504  9111     1676.6667    30     1680.0000      774.3365  2317493   53.91%
  12760  9355     1673.0605    37     1680.0000      774.5351  2346525   53.90%
Elapsed time = 201.30 sec. (240314.38 ticks, tree = 83.37 MB, solutions = 18)
  12953  9526     1660.3840    49     1680.0000      774.8909  2372228   53.88%
  13081  9636     1099.0689    97     1680.0000      774.9178  2412909   53.87%
  13326  9869     1669.0000    55     1680.0000      775.3550  2436037   53.85%
  13578 10107     1659.0000    65     1680.0000      776.6965  2464210   53.77%
  13908 10397     1659.0000    46     1680.0000      778.0978  2493813   53.68%
  14146 10607     1091.0215   105     1680.0000      778.3617  2527240   53.67%
  14471 10904     1034.6210    96     1680.0000      779.1216  2554991   53.62%
  14714 11132      980.7979    89     1680.0000      779.8838  2588441   53.58%
  15038 11441     1678.0000    66     1680.0000      781.8088  2617006   53.46%
  15312 11681        cutoff           1680.0000      781.9081  2659599   53.46%
Elapsed time = 230.33 sec. (278646.00 ticks, tree = 125.37 MB, solutions = 18)
  15625 11960     1670.8767    49     1680.0000      782.3570  2687226   53.43%
  15907 12221     1662.0000    39     1680.0000      783.1731  2715559   53.38%
  16263 12564     1665.1665    37     1680.0000      783.6601  2748429   53.35%
  16514 12773     1658.0000    83     1680.0000      786.6489  2772731   53.18%
  16898 13143     1666.0000    41     1680.0000      786.6593  2801938   53.18%
  17103 13313        cutoff           1680.0000      787.7827  2834560   53.11%
  17427 13626     1598.6875    87     1680.0000      789.1387  2867780   53.03%
  17694 13866     1661.0000    61     1680.0000      790.9784  2889632   52.92%
  18041 14202     1662.0000    76     1680.0000      791.2985  2923020   52.90%
  18368 14500        cutoff           1680.0000      791.3012  2962912   52.90%
Elapsed time = 259.14 sec. (317047.48 ticks, tree = 168.09 MB, solutions = 18)
  18624 14735      984.0290   102     1680.0000      793.5020  2993095   52.77%
  18977 15058     1664.0000    61     1680.0000      795.6813  3021699   52.64%
  19331 15376     1667.7731    53     1680.0000      796.3427  3050431   52.60%
  19668 15698     1678.0000    62     1680.0000      797.9570  3080657   52.50%
  19891 15883     1492.9500    81     1680.0000      801.3239  3102823   52.30%
  20119 16075     1670.0000    47     1680.0000      801.7585  3135242   52.28%
  20505 16437        cutoff           1680.0000      801.9462  3165824   52.27%
  20748 16629     1549.9179    79     1680.0000      806.3951  3184081   52.00%
  21034 16894     1662.0000    59     1680.0000      808.1111  3208494   51.90%
  21281 17110     1675.0000    49     1680.0000      810.5157  3235214   51.76%
Elapsed time = 287.79 sec. (355793.81 ticks, tree = 218.59 MB, solutions = 18)
  21573 17364     1205.4559    86     1680.0000      812.8782  3259410   51.61%
  21919 17693     1675.0611    26     1680.0000      813.0404  3286105   51.60%
  22232 17989     1662.0000    39     1680.0000      814.0000  3311893   51.55%
  22426 18152     1191.1033    90     1680.0000      814.0000  3343069   51.55%
  22598 18294     1191.1033    85     1680.0000      814.0000  3369751   51.55%
  22805 18465     1191.1033    94     1680.0000      814.0000  3397450   51.55%
  22981 18620     1238.9826    88     1680.0000      814.0000  3423596   51.55%
  23191 18793     1669.0000    46     1680.0000      814.3094  3440140   51.53%
  23451 19024     1590.0556    68     1680.0000      815.0000  3467348   51.49%
  23640 19171     1655.9270    77     1680.0000      820.8358  3488637   51.14%
Elapsed time = 316.23 sec. (394332.52 ticks, tree = 243.17 MB, solutions = 18)
  23918 19440     1660.5620    60     1680.0000      821.4985  3514778   51.10%
  24281 19779     1670.0000    31     1680.0000      821.8841  3542358   51.08%
  24561 20039     1201.0475    72     1680.0000      825.3331  3574571   50.87%
  24850 20286     1665.0000    58     1680.0000      828.0000  3596584   50.71%
  25142 20561     1662.0000    67     1680.0000      829.2198  3627348   50.64%
  25381 20783     1674.0000    54     1680.0000      829.6775  3657475   50.61%
  25639 21013     1668.0000    55     1680.0000      829.9377  3693265   50.60%
  25927 21290     1668.0000    47     1680.0000      829.9377  3723260   50.60%
  26140 21478     1663.0000    58     1680.0000      829.9377  3750798   50.60%
  26421 21736     1490.1758    88     1680.0000      830.0000  3785474   50.60%
Elapsed time = 345.54 sec. (432888.66 ticks, tree = 298.01 MB, solutions = 18)
  26632 21897     1095.2922   104     1680.0000      833.4806  3819969   50.39%
  26798 22034     1678.0000    63     1680.0000      836.7393  3840811   50.19%
  26999 22186     1660.9416    69     1680.0000      838.0363  3874596   50.12%
  27291 22459     1662.0000    62     1680.0000      838.1210  3906355   50.11%
  27630 22783     1665.0000    72     1680.0000      838.1210  3941017   50.11%
  27809 22940        cutoff           1680.0000      838.1470  3969784   50.11%
  28044 23149     1668.0000    54     1680.0000      838.9247  4003304   50.06%
  28381 23457     1658.0000    54     1680.0000      838.9248  4032663   50.06%
  28691 23743     1661.0000    58     1680.0000      840.0000  4064666   50.00%
  28953 23974     1163.5117    86     1680.0000      842.6434  4094373   49.84%
Elapsed time = 375.24 sec. (471922.49 ticks, tree = 347.71 MB, solutions = 18)
  29133 24110     1667.0000    74     1680.0000      847.6493  4114652   49.54%
  29380 24342     1176.3259    95     1680.0000      847.8997  4141061   49.53%
  29589 24533     1661.1901    72     1680.0000      848.1338  4168504   49.52%
  29752 24666     1661.0000    69     1680.0000      848.9684  4198539   49.47%
  30079 24976     1661.0000    56     1680.0000      848.9684  4230538   49.47%
  30278 25161     1657.7372    67     1680.0000      848.9684  4258486   49.47%
  30579 25442     1670.5850    41     1680.0000      848.9684  4289767   49.47%
  30821 25644     1094.6141    83     1680.0000      853.0297  4318905   49.22%
  30985 25770     1660.0000    87     1680.0000      857.1609  4340479   48.98%
  31291 26073     1669.0000    44     1680.0000      857.1609  4365010   48.98%
Elapsed time = 404.02 sec. (510523.43 ticks, tree = 384.52 MB, solutions = 18)
  31538 26294      984.3177    85     1680.0000      858.4229  4397659   48.90%
  31824 26563     1657.7271    81     1680.0000      858.7336  4430941   48.88%
  31950 26667     1678.9163    28     1680.0000      858.7336  4461689   48.88%
  32233 26925     1655.0000    76     1680.0000      859.3047  4497395   48.85%
  32457 27132     1661.0000    48     1680.0000      859.3356  4530002   48.85%
  32735 27388     1677.2507    56     1680.0000      861.1519  4564847   48.74%
  32889 27508     1675.0000    62     1680.0000      864.4174  4598917   48.55%
  33099 27694     1437.2678    85     1680.0000      865.7847  4623152   48.47%
  33240 27808     1678.0000    30     1680.0000      870.4722  4650873   48.19%
  33425 27985     1663.0000    62     1680.0000      870.8597  4682087   48.16%
Elapsed time = 433.72 sec. (549102.75 ticks, tree = 424.63 MB, solutions = 18)
  33680 28223     1655.0000    54     1680.0000      870.8597  4715841   48.16%
  33916 28446     1655.8715    70     1680.0000      871.0000  4747166   48.15%
  34197 28704     1658.0000    64     1680.0000      871.3715  4781168   48.13%
  34482 28965     1673.7961    53     1680.0000      871.9940  4816562   48.10%
  34832 29292     1662.0000    64     1680.0000      872.0614  4852047   48.09%
  35098 29535     1678.0000    52     1680.0000      872.1646  4885120   48.09%
  35293 29706     1679.0000    44     1680.0000      872.5389  4917409   48.06%
  35509 29909     1672.0000    27     1680.0000      872.5389  4951801   48.06%
  35721 30106     1668.0000    60     1680.0000      876.1563  4981958   47.85%
  35955 30280     1159.8027    96     1680.0000      883.5405  5005728   47.41%
Elapsed time = 463.05 sec. (587436.74 ticks, tree = 468.87 MB, solutions = 18)
  36130 30435     1666.6667    25     1680.0000      883.8953  5031892   47.39%
  36252 30523      885.3041   110     1680.0000      885.8460  5069926   47.27%
  36494 30756     1672.0000    27     1680.0000      885.8460  5099089   47.27%
  36752 30990      992.3570   109     1680.0000      886.6162  5133000   47.23%
  37004 31223     1661.0000    54     1680.0000      886.6162  5163435   47.23%
  37122 31318     1669.0000    24     1680.0000      886.6162  5202931   47.23%
  37432 31602     1670.0476    36     1680.0000      886.6162  5235931   47.23%
  37730 31883     1662.0000    41     1680.0000      886.7820  5264183   47.22%
  38054 32182     1163.2597    81     1680.0000      888.3447  5302192   47.12%
  38277 32390     1046.6903    94     1680.0000      889.5615  5332567   47.05%
Elapsed time = 492.73 sec. (625757.27 ticks, tree = 516.26 MB, solutions = 18)
  38414 32515    infeasible           1680.0000      890.3124  5368462   47.01%
  38553 32599     1133.6119   101     1680.0000      893.2972  5392447   46.83%
  38721 32717     1671.0000    72     1680.0000      900.3879  5419575   46.41%
  38973 32954     1658.0000    60     1680.0000      900.4439  5452449   46.40%
  39291 33255     1658.0000    47     1680.0000      900.9582  5485052   46.37%
  39542 33481     1658.0869    66     1680.0000      902.0117  5525611   46.31%
  39764 33687        cutoff           1680.0000      902.5657  5562038   46.28%
  39991 33889     1678.0000    59     1680.0000      902.5657  5597816   46.28%
  40144 34029     1655.8757    76     1680.0000      902.7249  5633007   46.27%
  40491 34360     1664.0000    35     1680.0000      903.5252  5659999   46.22%
Elapsed time = 522.79 sec. (664598.29 ticks, tree = 558.00 MB, solutions = 18)
  40678 34510     1677.0000    15     1680.0000      903.5252  5696237   46.22%
  40921 34732     1663.1940    45     1680.0000      904.0913  5728154   46.19%
  41162 34933     1106.9530    89     1680.0000      908.4563  5760091   45.93%
  41324 35045     1663.3333    50     1680.0000      919.2624  5786671   45.28%
  41607 35314     1664.0000    45     1680.0000      919.4681  5817659   45.27%
  41907 35589     1662.0000    60     1680.0000      922.1496  5847641   45.11%
  42166 35834     1668.0000    61     1680.0000      922.1722  5882827   45.11%
  42391 36047     1662.0000    50     1680.0000      922.2174  5907523   45.11%
  42590 36234     1660.0000    66     1680.0000      923.6280  5929480   45.02%
  42691 36329     1674.0000    48     1680.0000      923.6280  5939867   45.02%
Elapsed time = 553.04 sec. (703448.09 ticks, tree = 598.58 MB, solutions = 18)
  42848 36468        cutoff           1680.0000      924.7302  5964473   44.96%
  43046 36598     1437.9993    87     1680.0000      932.2738  5987537   44.51%
  43132 36653     1608.9701    97     1680.0000      937.8095  5998370   44.18%
  43277 36757     1658.0000    80     1680.0000      944.7708  6024107   43.76%
  43545 37007     1661.0000    47     1680.0000      945.2564  6047283   43.73%
  43704 37143    infeasible           1680.0000      945.3417  6078763   43.73%
  43980 37398     1674.4043    65     1680.0000      945.4549  6105264   43.72%
  44059 37468     1671.4024    25     1680.0000      945.4549  6128097   43.72%
  44148 37535     1676.0000    63     1680.0000      946.2764  6156975   43.67%
* 44291+30463                         1670.0000      946.8441  6183110   43.30%
  44291 30462     1678.0000    56     1670.0000      946.8441  6183110   43.30%
Elapsed time = 583.46 sec. (742875.61 ticks, tree = 501.48 MB, solutions = 19)
  44476 30571     1259.4133    71     1670.0000      963.0000  6206287   42.34%
  44627 30700     1658.0000    54     1670.0000      966.8286  6229952   42.11%
  44866 30925     1659.0000    64     1670.0000      967.2412  6262512   42.08%
  45147 31195     1659.0000    48     1670.0000      967.2429  6289097   42.08%
  45345 31372     1667.3748    39     1670.0000      967.2429  6321533   42.08%

GUB cover cuts applied:  4
Cover cuts applied:  2
Implied bound cuts applied:  75
Flow cuts applied:  125
Mixed integer rounding cuts applied:  65
Zero-half cuts applied:  1
Lift and project cuts applied:  8

Root node processing (before b&c):
  Real time             =    2.16 sec. (2908.67 ticks)
Sequential b&c:
  Real time             =  597.85 sec. (761650.51 ticks)
                          ------------
Total (root+branch&cut) =  600.00 sec. (764559.19 ticks)
