Tried aggregator 3 times.
MIP Presolve eliminated 3220 rows and 883 columns.
MIP Presolve modified 448 coefficients.
Aggregator did 59 substitutions.
Reduced MIP has 2952 rows, 5347 columns, and 19563 nonzeros.
Reduced MIP has 2798 binaries, 2 generals, 0 SOSs, and 0 indicators.
Presolve time = 0.03 sec. (32.78 ticks)
Found incumbent of value 6850.000000 after 0.06 sec. (60.52 ticks)
Probing time = 0.01 sec. (4.64 ticks)
Tried aggregator 1 time.
Reduced MIP has 2952 rows, 5347 columns, and 19563 nonzeros.
Reduced MIP has 2798 binaries, 49 generals, 0 SOSs, and 0 indicators.
Presolve time = 0.01 sec. (10.12 ticks)
Probing time = 0.01 sec. (4.44 ticks)
Clique table members: 8511.
MIP emphasis: balance optimality and feasibility.
MIP search method: dynamic search.
Parallel mode: none, using 1 thread.
Root relaxation solution time = 0.06 sec. (114.44 ticks)

        Nodes                                         Cuts/
   Node  Left     Objective  IInf  Best Integer    Best Bound    ItCnt     Gap

*     0+    0                         6850.0000        0.0000     1015  100.00%
      0     0      137.0045   244     6850.0000      137.0045     1015   98.00%
      0     0      138.0000   231     6850.0000       Cuts: 6     1487   97.99%
      0     0      238.8674   227     6850.0000     Cuts: 101     3506   96.51%
      0     0      263.9732   187     6850.0000      Cuts: 54     3797   96.15%
      0     0      263.9732   204     6850.0000      Cuts: 48     4099   96.15%
      0     0      263.9732   182     6850.0000      Cuts: 11     4328   96.15%
      0     0      263.9732   205     6850.0000      Cuts: 55     4547   96.15%
*     0+    0                         3110.0000      263.9732     4547   91.51%
      0     2      263.9732   165     3110.0000      263.9732     4547   91.51%
Elapsed time = 2.31 sec. (3435.80 ticks, tree = 0.00 MB, solutions = 2)
     10    12      263.9732   173     3110.0000      263.9732     5212   91.51%
     32    34      265.6582   196     3110.0000      263.9732     6381   91.51%
     60    62      263.9732   162     3110.0000      263.9732     7728   91.51%
    100   102      263.9732   170     3110.0000      263.9732     8836   91.51%
    148   150      266.5380   163     3110.0000      263.9732    10347   91.51%
    199   201      266.5473   156     3110.0000      263.9732    11790   91.51%
    217   219      264.1969   165     3110.0000      263.9732    13620   91.51%
    248   250      264.1969   165     3110.0000      263.9732    15479   91.51%
    295   297      267.4380   160     3110.0000      263.9732    17736   91.51%
    398   400      400.0000   190     3110.0000      263.9732    27784   91.51%
Elapsed time = 4.78 sec. (7246.42 ticks, tree = 1.15 MB, solutions = 2)
    440   442      264.1969   167     3110.0000      263.9732    34759   91.51%
*   493+  493                         2510.0000      263.9732    42049   89.48%
*   493+  493                         2280.0000      263.9732    42049   88.42%
    493   495      264.1969   166     2280.0000      263.9732    42049   88.42%
*   495+  330                         2230.0000      760.7600    59576   65.89%
*   495+  220                         2180.0000      760.7600    59576   65.10%
    495   221      761.0000   160     2180.0000      761.0000    59576   65.09%
    498   221      763.0000   228     2180.0000      761.0000    62040   65.09%
    504   224      767.0000   222     2180.0000      761.0000    62894   65.09%
    505   225      767.0000   220     2180.0000      761.0000    62906   65.09%
    509   226      767.0000   239     2180.0000      761.0000    65567   65.09%
    514   227      767.9565   218     2180.0000      761.0000    68129   65.09%
    517   228      768.0000   220     2180.0000      761.0000    69231   65.09%
    526   233      768.0000   219     2180.0000      761.0000    70446   65.09%
Elapsed time = 21.17 sec. (28651.39 ticks, tree = 0.86 MB, solutions = 6)
    535   236      987.4962   158     2180.0000      761.0000    73318   65.09%
    543   237      774.2326   205     2180.0000      761.0000    77007   65.09%
    548   236      776.5238   196     2180.0000      761.0000    79853   65.09%
    554   238      778.9268   193     2180.0000      761.0000    83269   65.09%
    566   237     1026.8832   156     2180.0000      761.0000    87758   65.09%
    572   238      790.0000   206     2180.0000      761.0000    89955   65.09%
    579   239      792.9740   190     2180.0000      761.0000    93847   65.09%
    589   241      803.4457   187     2180.0000      761.0000    99878   65.09%
    601   242     1026.8832   142     2180.0000      761.0000   105675   65.09%
    615   240     1026.8832   155     2180.0000      761.0000   110594   65.09%
Elapsed time = 30.20 sec. (40444.31 ticks, tree = 0.84 MB, solutions = 6)
    630   243      858.0524   181     2180.0000      761.0000   116318   65.09%
    645   243     1026.9644   156     2180.0000      761.0000   121327   65.09%
    652   241      908.0236   156     2180.0000      761.0000   126077   65.09%
    667   243     1026.9644   160     2180.0000      761.0000   132200   65.09%
*   695+  197                         2001.0000      761.0000   142084   61.97%
*   695+  168                         2000.0000      761.0000   142084   61.95%
    695   170     1138.0000   147     2000.0000      761.0000   142084   61.95%
    715   175     1439.0000   130     2000.0000      761.0000   146994   61.95%
    773   196     1713.0000    81     2000.0000      761.0000   155449   61.95%
    815   223     1713.0000    53     2000.0000      761.0000   161268   61.95%
    874   280     1720.0983    11     2000.0000      761.0000   205026   61.95%
*   898   300      integral     0     1970.0000      761.0000   225428   61.37%
Elapsed time = 38.90 sec. (51158.74 ticks, tree = 0.95 MB, solutions = 9)
*   917   309      integral     0     1950.0000      761.0000   236150   60.97%
    929   321     1026.8832   176     1950.0000      761.0000   246868   60.97%
    936   328     1026.8832   140     1950.0000      761.0000   254775   60.97%
    953   344     1077.7569   144     1950.0000      761.0000   269197   60.97%
    967   356     1077.7569   150     1950.0000      761.0000   281340   60.97%
    986   375     1196.0913   180     1950.0000      761.0000   289705   60.97%
   1015   403     1720.0000    94     1950.0000      761.0000   296437   60.97%
*  1017+  398                         1880.0000      761.0000   296606   59.52%
   1048   431     1720.0000    93     1880.0000      761.0000   306084   59.52%
   1096   478     1720.0000    76     1880.0000      761.0000   320022   59.52%
   1122   504     1720.0000    69     1880.0000      761.0000   336491   59.52%
Elapsed time = 46.34 sec. (60265.39 ticks, tree = 1.45 MB, solutions = 11)
   1155   535     1720.0000    28     1880.0000      761.0000   358533   59.52%
   1196   565     1813.5763    12     1880.0000      761.0000   398013   59.52%
   1218   577      772.1033   171     1880.0000      763.0000   411286   59.41%
   1227   586      796.3923   187     1880.0000      763.0000   417961   59.41%
   1235   594      831.5290   179     1880.0000      763.0000   422861   59.41%
   1243   602      896.2519   180     1880.0000      763.0000   425874   59.41%
*  1295+  650                         1830.0000      763.0000   431959   58.31%
   1295   652     1720.0000   107     1830.0000      763.0000   431959   58.31%
   1312   669      789.9128   164     1830.0000      763.0000   446155   58.31%
   1323   680     1077.7569   140     1830.0000      763.0000   459078   58.31%
   1339   693      866.1846   158     1830.0000      763.0000   470613   58.31%
Elapsed time = 54.15 sec. (70507.59 ticks, tree = 1.92 MB, solutions = 12)
   1348   702     1077.7569   132     1830.0000      763.0000   480348   58.31%
   1359   713     1091.8472   133     1830.0000      763.0000   489051   58.31%
   1370   721     1714.2800   134     1830.0000      763.0000   499615   58.31%
*  1395+  738                         1800.0000      763.0000   503515   57.61%
   1410   755     1720.0000    93     1800.0000      763.0000   505373   57.61%
   1495   840     1720.0000    65     1800.0000      763.0000   515509   57.61%
   1528   873     1077.7569   143     1800.0000      763.0000   528218   57.61%
   1540   885     1368.1796   147     1800.0000      763.0000   539135   57.61%
   1661  1002     1721.0000    92     1800.0000      763.0000   547478   57.61%
   1700  1041      767.9786   225     1800.0000      763.0000   554303   57.61%
   1714  1055      807.4445   221     1800.0000      763.0000   563344   57.61%
Elapsed time = 62.69 sec. (80689.47 ticks, tree = 2.81 MB, solutions = 13)
   1742  1082     1712.5929   131     1800.0000      763.0000   572135   57.61%
   1795  1134     1721.0000   124     1800.0000      763.0000   575551   57.61%
   1914  1253     1146.0000   136     1800.0000      764.2083   585460   57.54%
   1931  1270     1149.2790   169     1800.0000      764.2083   594577   57.54%
   2070  1408     1715.0000   120     1800.0000      764.2083   601791   57.54%
   2125  1463      896.0452   167     1800.0000      764.2185   611931   57.54%
   2140  1477     1712.5929   137     1800.0000      764.2185   622332   57.54%
   2286  1619     1721.0000    85     1800.0000      764.2185   631794   57.54%
   2327  1660     1146.0000   158     1800.0000      764.2354   648298   57.54%
   2357  1686     1713.0000   147     1800.0000      764.2354   663437   57.54%
Elapsed time = 71.08 sec. (90660.43 ticks, tree = 4.28 MB, solutions = 13)
   2428  1756     1720.1092    96     1800.0000      764.2354   670207   57.54%
   2506  1834     1146.0000   143     1800.0000      764.2354   679093   57.54%
   2542  1869     1713.0000   152     1800.0000      764.2354   694499   57.54%
   2653  1979     1721.0000   106     1800.0000      764.2354   699732   57.54%
   2718  2043     1078.7850   177     1800.0000      765.0000   714235   57.50%
   2736  2061     1138.1833   166     1800.0000      765.0000   723713   57.50%
   2802  2125     1721.0000    99     1800.0000      765.0000   731873   57.50%
   2897  2220      765.0000   223     1800.0000      765.0000   736926   57.50%
   2923  2246      866.4052   180     1800.0000      765.0000   748171   57.50%
   2941  2263     1712.5929   132     1800.0000      765.0000   758640   57.50%
Elapsed time = 79.42 sec. (100495.58 ticks, tree = 5.68 MB, solutions = 13)
   3093  2413     1721.0000    79     1800.0000      765.0000   768353   57.50%
   3115  2435      820.8294   211     1800.0000      765.0000   777482   57.50%
   3139  2459     1506.0361   152     1800.0000      765.0000   785556   57.50%
   3252  2571     1713.0000   100     1800.0000      765.0000   791316   57.50%
   3306  2625      776.5751   216     1800.0000      765.0000   801528   57.50%
   3319  2638     1146.0000   154     1800.0000      765.0000   810435   57.50%
   3327  2646     1146.0000   153     1800.0000      765.0000   818055   57.50%
   3336  2655     1147.4604   159     1800.0000      765.0000   826686   57.50%
   3348  2667      974.0944   163     1800.0000      765.0000   835823   57.50%
   3531  2845     1146.7911   180     1800.0000      765.0000   874376   57.50%
Elapsed time = 89.95 sec. (113580.00 ticks, tree = 7.01 MB, solutions = 13)
   3731  3044      996.6518   162     1800.0000      766.0426   907191   57.44%
   4097  3408      766.0557   232     1800.0000      766.0426   943918   57.44%
   4219  3528     1721.0000   117     1800.0000      766.0426   978129   57.44%
*  4295+ 3601                         1780.0000      766.0426   980961   56.96%
   4332  3640      908.7429   189     1780.0000      766.0426  1003992   56.96%
   4523  3828      875.4929   178     1780.0000      766.0557  1030125   56.96%
   4738  4039     1368.2524   168     1780.0000      766.0584  1069974   56.96%
   5000  4295     1713.0000   113     1780.0000      766.0584  1109763   56.96%
   5296  4589     1713.0000   121     1780.0000      766.0598  1142857   56.96%
   5439  4728     1713.0000   103     1780.0000      766.0673  1182219   56.96%
   5582  4869     1713.0000   125     1780.0000      766.0764  1214026   56.96%
Elapsed time = 121.40 sec. (151981.18 ticks, tree = 11.79 MB, solutions = 14)
   5762  5047     1713.0000   119     1780.0000      766.0764  1243451   56.96%
   6097  5375      767.9565   215     1780.0000      767.0000  1270643   56.91%
   6314  5590      803.5073   215     1780.0000      767.0000  1303763   56.91%
   6508  5782      796.2741   212     1780.0000      767.0000  1332760   56.91%
   6720  5989      850.8724   203     1780.0000      767.0000  1363483   56.91%
   7009  6271     1715.0000   109     1780.0000      767.0000  1393682   56.91%
   7170  6431     1720.0000   131     1780.0000      767.0000  1424310   56.91%
   7476  6731     1721.0000    63     1780.0000      767.9565  1459281   56.86%
   7695  6946     1715.0000   113     1780.0000      767.9565  1478442   56.86%
   7952  7201     1715.0000   134     1780.0000      767.9565  1515597   56.86%
Elapsed time = 152.50 sec. (190683.18 ticks, tree = 17.19 MB, solutions = 14)
   8297  7543      767.9761   236     1780.0000      767.9565  1545607   56.86%
   8497  7741      767.9801   209     1780.0000      767.9565  1590958   56.86%
   8790  8032     1717.0000   111     1780.0000      767.9565  1631184   56.86%
   9206  8443     1717.0000   137     1780.0000      767.9637  1683387   56.86%
   9528  8757     1146.4231   138     1780.0000      767.9676  1745194   56.86%
   9897  9123     1077.7569   114     1780.0000      767.9676  1791518   56.86%
  10123  9347     1146.0000   158     1780.0000      767.9679  1835702   56.86%
  10350  9570     1713.0000   128     1780.0000      767.9679  1878954   56.86%
* 10355+ 9571                         1760.0000      767.9679  1879503   56.37%
  10355  9573     1713.0000    98     1760.0000      767.9679  1879503   56.37%
  10453  9668     1728.0000   129     1760.0000      767.9786  1913712   56.36%
Elapsed time = 198.42 sec. (243653.26 ticks, tree = 23.10 MB, solutions = 15)
  10811 10017     1146.0000   134     1760.0000      767.9801  1961982   56.36%
  11135 10340     1195.6959   139     1760.0000      767.9855  2002705   56.36%
  11452 10653     1735.0000    86     1760.0000      767.9870  2039358   56.36%
  11733 10933     1157.3671   135     1760.0000      767.9977  2089263   56.36%
  11994 11190     1713.0000   129     1760.0000      768.0000  2130512   56.36%
  12267 11462     1717.0000   103     1760.0000      768.0000  2159553   56.36%
  12499 11689      774.2614   198     1760.0000      768.0000  2206857   56.36%
  12906 12083      792.9963   199     1760.0000      768.0000  2254939   56.36%
  13200 12369     1717.0000   115     1760.0000      768.0000  2292288   56.36%
  13542 12703     1715.0000   155     1760.0000      768.0000  2345096   56.36%
Elapsed time = 230.81 sec. (282036.78 ticks, tree = 30.35 MB, solutions = 15)
  14036 13193     1723.0000   123     1760.0000      768.0000  2391880   56.36%
  14357 13511     1716.1569   121     1760.0000      768.0000  2446245   56.36%
  14898 14046      769.9556   221     1760.0000      768.0000  2501620   56.36%
  15304 14446     1523.6667   136     1760.0000      768.0000  2549545   56.36%
  15869 15006     1728.0000   104     1760.0000      768.0367  2621949   56.36%
  16297 15424      769.9732   226     1760.0000      769.9556  2682560   56.25%
  16500 15625      776.5611   210     1760.0000      769.9556  2722296   56.25%
  16753 15870     1715.0000   142     1760.0000      769.9556  2757067   56.25%
  17102 16210      781.4923   187     1760.0000      769.9556  2791494   56.25%
  17319 16427     1146.0000   133     1760.0000      769.9556  2828663   56.25%
Elapsed time = 263.68 sec. (320697.55 ticks, tree = 39.53 MB, solutions = 15)
  17529 16633      997.1983   189     1760.0000      769.9556  2865331   56.25%
  17901 17002      778.9880   211     1760.0000      769.9556  2901759   56.25%
  18126 17226      937.5392   176     1760.0000      769.9556  2933609   56.25%
  18330 17428      922.2722   173     1760.0000      769.9556  2966089   56.25%
  18538 17632     1714.4659   148     1760.0000      769.9556  3003304   56.25%
  18907 17993      796.3320   214     1760.0000      769.9556  3040112   56.25%
  19121 18202     1523.6667   136     1760.0000      769.9556  3073539   56.25%
  19344 18424     1153.3139   163     1760.0000      769.9556  3113063   56.25%
  19647 18717     1717.0000   121     1760.0000      769.9569  3148770   56.25%
  20097 19165     1146.0000   138     1760.0000      769.9569  3207552   56.25%
Elapsed time = 294.94 sec. (359172.33 ticks, tree = 45.94 MB, solutions = 15)
  20350 19415     1715.0000   155     1760.0000      769.9569  3266287   56.25%
  20719 19779     1148.2401   140     1760.0000      769.9602  3321754   56.25%
  21128 20186     1149.3279   167     1760.0000      769.9691  3380989   56.25%
  21510 20558     1146.0000   156     1760.0000      769.9694  3435093   56.25%
  21785 20828     1721.0000   110     1760.0000      769.9694  3481311   56.25%
  22230 21268     1720.0000   101     1760.0000      769.9696  3549289   56.25%
  22595 21626     1713.0000   108     1760.0000      769.9696  3623816   56.25%
  23204 22231     1713.0000   118     1760.0000      769.9696  3689393   56.25%
  23610 22634     1720.0000   111     1760.0000      769.9729  3774117   56.25%
  23776 22799     1713.0000   129     1760.0000      769.9729  3816387   56.25%
Elapsed time = 331.69 sec. (397663.87 ticks, tree = 54.57 MB, solutions = 15)
  24018 23041     1720.0000   117     1760.0000      769.9729  3863013   56.25%
  24138 23160     1712.5929   130     1760.0000      769.9732  3903300   56.25%
  24424 23441     1720.1092   100     1760.0000      769.9732  3943261   56.25%
  24722 23735     1146.0000   144     1760.0000      769.9732  3990011   56.25%
  25042 24053     1713.0000   101     1760.0000      769.9819  4033011   56.25%
  25322 24330     1147.8710   169     1760.0000      769.9844  4074592   56.25%
  25527 24530     1147.8710   178     1760.0000      769.9859  4117414   56.25%
  25828 24828     1713.0000   118     1760.0000      769.9859  4152026   56.25%
  26123 25122     1148.2401   150     1760.0000      769.9859  4195411   56.25%
  26451 25448     1713.0000    50     1760.0000      769.9936  4238302   56.25%
Elapsed time = 365.33 sec. (436220.42 ticks, tree = 60.71 MB, solutions = 15)
  26703 25697     1713.0000   143     1760.0000      770.0000  4279900   56.25%
  26933 25927     1138.8489   166     1760.0000      770.0000  4306737   56.25%
  27255 26244     1727.5000   113     1760.0000      770.0000  4338984   56.25%
  27501 26488      778.9579   215     1760.0000      770.0000  4379384   56.25%
  27923 26907     1147.8710   152     1760.0000      770.0427  4440035   56.25%
  28331 27315     1161.0000   143     1760.0000      770.6222  4497583   56.21%
* 28395+27264                         1740.0000      770.6222  4513471   55.71%
  28697 27565      771.0000   210     1740.0000      771.0000  4544061   55.69%
  29295 28163     1721.0000    94     1740.0000      772.0455  4593839   55.63%
  29515 28381      837.4574   220     1740.0000      772.0455  4642626   55.63%
  29909 28771      807.4954   219     1740.0000      772.0455  4685724   55.63%
Elapsed time = 400.18 sec. (475680.81 ticks, tree = 68.51 MB, solutions = 16)
  30339 29199     1523.6667   113     1740.0000      772.0455  4743685   55.63%
  30731 29589     1092.8803   170     1740.0000      772.0455  4800505   55.63%
  31203 30056     1713.0000   115     1740.0000      772.0455  4853982   55.63%
  31533 30384     1196.0913   157     1740.0000      772.0455  4904751   55.63%
  31961 30804     1715.0000   137     1740.0000      772.0455  4960761   55.63%
  32403 31240     1717.0000    93     1740.0000      772.0455  5016819   55.63%
  32904 31728      790.0000   195     1740.0000      772.0455  5079157   55.63%
  33184 32003     1713.0000   109     1740.0000      772.0455  5121382   55.63%
  33498 32315     1146.0000   126     1740.0000      772.0455  5164978   55.63%
  33705 32520      793.0326   220     1740.0000      772.0530  5200240   55.63%
Elapsed time = 433.80 sec. (514154.21 ticks, tree = 77.36 MB, solutions = 16)
  33995 32805     1713.0000   120     1740.0000      772.0530  5241582   55.63%
  34297 33104     1146.0000   158     1740.0000      772.0533  5275190   55.63%
  34530 33337     1146.7911   142     1740.0000      772.0533  5334196   55.63%
  34895 33700     1721.0000   105     1740.0000      772.0533  5379062   55.63%
  35181 33982     1713.0000   107     1740.0000      772.0533  5427326   55.63%
  35444 34245     1715.0000    95     1740.0000      772.0533  5464596   55.63%
  35711 34511     1146.0000   149     1740.0000      772.0563  5504266   55.63%
  35995 34794     1713.0000   127     1740.0000      772.0563  5553935   55.63%
  36322 35120     1146.4231   146     1740.0000      772.0566  5602260   55.63%
  36540 35336     1713.0940   153     1740.0000      772.0661  5648781   55.63%
Elapsed time = 469.42 sec. (554071.27 ticks, tree = 84.89 MB, solutions = 16)
  36922 35717     1147.8710   128     1740.0000      772.0661  5692094   55.63%
  37287 36077     1713.0000   129     1740.0000      772.0663  5738628   55.63%
  37511 36297     1146.0000   153     1740.0000      772.0663  5786090   55.63%
  37865 36649     1713.0000   125     1740.0000      772.0666  5839965   55.63%
  38323 37099     1149.3279   155     1740.0000      772.0666  5889634   55.63%
  38721 37488     1146.0000   149     1740.0000      772.0666  5955056   55.63%
  39124 37886     1149.3279   172     1740.0000      772.0666  6015161   55.63%
  39570 38322     1715.0000   122     1740.0000      772.0696  6083235   55.63%
  40095 38843     1713.0000   129     1740.0000      772.0696  6148534   55.63%
  40497 39235     1146.0000   156     1740.0000      772.0696  6212684   55.63%
Elapsed time = 506.05 sec. (593029.67 ticks, tree = 94.06 MB, solutions = 16)
  40897 39629     1146.0000   155     1740.0000      772.0699  6263639   55.63%
  41295 40026     1721.0000   100     1740.0000      772.0699  6318779   55.63%
  41720 40447     1146.0000   159     1740.0000      772.0699  6392041   55.63%
  42125 40849     1147.8710   161     1740.0000      772.0794  6438202   55.63%
  42528 41245     1146.0000   155     1740.0000      772.0816  6508035   55.63%
  42895 41609     1713.0000   108     1740.0000      772.0830  6554461   55.63%
  43137 41850     1712.5929   126     1740.0000      772.0832  6604142   55.63%
  43486 42198     1713.0000    65     1740.0000      772.0832  6645671   55.63%
  43795 42504     1713.0000   121     1740.0000      772.0930  6695383   55.63%
  44123 42831     1147.8710   141     1740.0000      772.7273  6740542   55.59%
Elapsed time = 542.34 sec. (632422.15 ticks, tree = 102.39 MB, solutions = 16)
  44374 43067     1721.0000   115     1740.0000      772.7273  6773679   55.59%
  44695 43386     1723.0000   118     1740.0000      772.7273  6800089   55.59%
  44934 43623     1274.8708   168     1740.0000      772.7273  6840586   55.59%
  45239 43923     1723.0000   115     1740.0000      772.8329  6871535   55.58%
  45497 44173      773.0000   209     1740.0000      773.0000  6907152   55.57%
  45920 44592      885.2653   196     1740.0000      774.2326  6950605   55.50%
  46195 44864     1715.0000   133     1740.0000      774.2326  6998485   55.50%
  46517 45184     1146.0000   139     1740.0000      774.2326  7041334   55.50%
  46733 45400     1270.5440   173     1740.0000      774.2326  7087740   55.50%
  47106 45765      799.8481   212     1740.0000      774.2326  7119766   55.50%
Elapsed time = 577.79 sec. (673012.08 ticks, tree = 109.31 MB, solutions = 16)
  47385 46040     1720.0000    91     1740.0000      774.2326  7161358   55.50%
  47701 46355      784.1211   199     1740.0000      774.2326  7200568   55.50%
  47910 46562      816.1094   213     1740.0000      774.2326  7230073   55.50%
  48300 46944     1146.0000   148     1740.0000      774.2326  7263629   55.50%
  48526 47167      974.6163   212     1740.0000      774.2326  7311859   55.50%
  48925 47563     1151.8369   171     1740.0000      774.2326  7359856   55.50%

Implied bound cuts applied:  82
Flow cuts applied:  342
Mixed integer rounding cuts applied:  72
Lift and project cuts applied:  27

Root node processing (before b&c):
  Real time             =    2.28 sec. (3404.03 ticks)
Sequential b&c:
  Real time             =  597.72 sec. (695897.28 ticks)
                          ------------
Total (root+branch&cut) =  600.00 sec. (699301.31 ticks)
