Tried aggregator 2 times.
MIP Presolve eliminated 2660 rows and 216 columns.
MIP Presolve modified 950 coefficients.
Aggregator did 63 substitutions.
Reduced MIP has 2909 rows, 5282 columns, and 19460 nonzeros.
Reduced MIP has 2732 binaries, 2 generals, 0 SOSs, and 0 indicators.
Presolve time = 0.02 sec. (21.92 ticks)
Found incumbent of value 6900.000000 after 0.05 sec. (50.77 ticks)
Probing fixed 0 vars, tightened 1 bounds.
Probing time = 0.01 sec. (7.87 ticks)
Tried aggregator 2 times.
Aggregator did 1 substitutions.
Reduced MIP has 2908 rows, 5281 columns, and 19458 nonzeros.
Reduced MIP has 2731 binaries, 28 generals, 0 SOSs, and 0 indicators.
Presolve time = 0.01 sec. (13.58 ticks)
Probing time = 0.01 sec. (4.53 ticks)
Clique table members: 9306.
MIP emphasis: balance optimality and feasibility.
MIP search method: dynamic search.
Parallel mode: none, using 1 thread.
Root relaxation solution time = 0.16 sec. (258.16 ticks)

        Nodes                                         Cuts/
   Node  Left     Objective  IInf  Best Integer    Best Bound    ItCnt     Gap

*     0+    0                         6900.0000        0.0000     1982  100.00%
      0     0       90.7770   253     6900.0000       90.7770     1982   98.68%
      0     0       93.6535   254     6900.0000      Cuts: 85     2688   98.64%
      0     0      168.7616   256     6900.0000     Cuts: 150     3769   97.55%
      0     0      180.4591   240     6900.0000     Cuts: 142     4248   97.38%
      0     0      181.1468   237     6900.0000      Cuts: 93     4499   97.37%
      0     0      181.4181   240     6900.0000      Cuts: 91     4703   97.37%
      0     0      181.4643   236     6900.0000      Cuts: 74     4891   97.37%
      0     0      181.5602   232     6900.0000      Cuts: 74     5959   97.37%
      0     0      181.5831   233     6900.0000      Cuts: 49     6173   97.37%
      0     0      181.6335   227     6900.0000      Cuts: 68     6357   97.37%
      0     0      181.6605   216     6900.0000      Cuts: 42     6480   97.37%
      0     0      181.7544   219     6900.0000      Cuts: 35     6588   97.37%
      0     0      181.7591   228     6900.0000      Cuts: 49     6853   97.37%
      0     0      181.7607   221     6900.0000      Cuts: 36     6920   97.37%
      0     2      181.7607   221     6900.0000      181.7830     6920   97.37%
Elapsed time = 3.51 sec. (5014.44 ticks, tree = 0.00 MB, solutions = 1)
     16    18      192.9211   177     6900.0000      182.3216     8285   97.36%
     32    34      197.4408   172     6900.0000      182.3216     9839   97.36%
     38    40      199.8591   168     6900.0000      182.3216    12452   97.36%
     54    56      199.8591   174     6900.0000      182.3216    13855   97.36%
     61    63      210.0000   159     6900.0000      182.3216    15417   97.36%
     63    65      430.0000   144     6900.0000      182.3216    24541   97.36%
     69    71      207.9404   162     6900.0000      182.3216    26355   97.36%
     72    74      210.0000   187     6900.0000      182.3216    29871   97.36%
     81    83      210.8251   163     6900.0000      182.3216    33624   97.36%
    112   112      222.2414   146     6900.0000      182.3216    42891   97.36%
Elapsed time = 6.78 sec. (9732.97 ticks, tree = 0.97 MB, solutions = 1)
    118   118      300.0000   154     6900.0000      182.3216    52678   97.36%
    129   129      350.0000   142     6900.0000      182.3216    65906   97.36%
    143   143      225.8062   135     6900.0000      182.3216    75447   97.36%
    164   164      238.6808   129     6900.0000      182.3216    84646   97.36%
    177   177      780.0000   119     6900.0000      182.3216    99602   97.36%
    194   194      254.6576   130     6900.0000      182.3216   115529   97.36%
    207   207      249.4598   116     6900.0000      182.3216   123275   97.36%
*   220+  218                         1620.0000      182.3216   130393   88.75%
    225   225      285.5425   110     1620.0000      182.3216   132292   88.75%
    250   248      286.0079   110     1620.0000      182.3216   143009   88.75%
    263   261      326.7771    99     1620.0000      182.3216   154577   88.75%
Elapsed time = 15.06 sec. (20557.09 ticks, tree = 2.88 MB, solutions = 2)
    270   268      356.6693    92     1620.0000      182.3216   159171   88.75%
    294   290     1320.0000    52     1620.0000      182.3216   170555   88.75%
    323   319     1323.0054    23     1620.0000      182.3216   182315   88.75%
    368   364      732.7316    36     1620.0000      182.3216   195757   88.75%
    389   383     1073.6290    19     1620.0000      182.3216   210552   88.75%
    419   409     1170.0000    11     1620.0000      182.3216   224717   88.75%
    440   424      194.2482   169     1620.0000      182.4277   232403   88.74%
    450   434      993.6776    82     1620.0000      182.4277   241829   88.74%
    458   442      993.1673    74     1620.0000      182.4277   251153   88.74%
    475   459      993.5802    80     1620.0000      182.4277   259125   88.74%
Elapsed time = 23.02 sec. (31421.67 ticks, tree = 3.47 MB, solutions = 2)
*   478+  306                         1560.0000      258.5355   272140   83.43%
*   478+  204                         1290.0000      258.5355   272140   79.96%
*   478+  136                         1190.0000      258.5355   272140   78.27%
    478   137      466.0000   220     1190.0000      466.0000   288892   60.84%
    481   138      467.0000   280     1190.0000      466.0000   291512   60.84%
    484   139      468.0000   258     1190.0000      466.0000   294034   60.84%
    488   140      469.5323   244     1190.0000      466.0000   295420   60.84%
    490   141      470.3738   229     1190.0000      466.0000   298993   60.84%
    493   140      473.0482   222     1190.0000      466.0000   301229   60.84%
    498   141      503.9568   143     1190.0000      466.0000   306001   60.84%
    508   145      526.1466   106     1190.0000      466.0000   310495   60.84%
    521   149      527.0000   124     1190.0000      466.0000   313053   60.84%
    538   158      629.0000    91     1190.0000      466.0000   318699   60.84%
Elapsed time = 41.82 sec. (56738.30 ticks, tree = 2.60 MB, solutions = 5)
    575   171      636.0000    89     1190.0000      466.0000   325869   60.84%
    592   178      672.0000    86     1190.0000      466.0000   332805   60.84%
    618   188      726.6626    69     1190.0000      466.0000   340786   60.84%
    641   195      978.6078    52     1190.0000      466.0000   352062   60.84%
    668   205      909.0000    45     1190.0000      466.0000   362373   60.84%
    694   213      919.0734    37     1190.0000      466.0000   378930   60.84%
    718   219      930.0000    32     1190.0000      466.0000   393225   60.84%
    730   225     1002.8593    20     1190.0000      466.0000   411857   60.84%
    756   233     1057.0000    23     1190.0000      466.0000   431548   60.84%
    778   245     1064.0000    22     1190.0000      466.0000   445315   60.84%
Elapsed time = 49.44 sec. (66804.12 ticks, tree = 8.30 MB, solutions = 5)
    800   259     1131.1382    27     1190.0000      466.0000   464271   60.84%
    816   269      467.0436   238     1190.0000      467.0000   476058   60.76%
    821   274      493.6881   183     1190.0000      467.0000   481981   60.76%
    827   280      610.8257   135     1190.0000      467.0000   493244   60.76%
    839   292      935.3850   131     1190.0000      467.0000   495370   60.76%
    886   338      955.9857    56     1190.0000      467.0000   498713   60.76%
    898   350      956.0000    57     1190.0000      467.0000   501756   60.76%
    910   362     1002.5885    67     1190.0000      467.0000   507470   60.76%
    919   369     1003.0000    71     1190.0000      467.0000   511357   60.76%
    933   383     1004.3421    65     1190.0000      467.0000   518737   60.76%
Elapsed time = 57.12 sec. (77386.84 ticks, tree = 13.25 MB, solutions = 5)
    951   399     1003.0000    55     1190.0000      467.0000   528105   60.76%
    958   406     1003.0000    55     1190.0000      467.0000   533610   60.76%
    969   416     1010.2864    52     1190.0000      467.0000   542063   60.76%
    984   429     1015.0000    47     1190.0000      467.0000   550914   60.76%
    998   442     1015.0000    43     1190.0000      467.0000   561954   60.76%
   1012   453     1016.0000    33     1190.0000      467.0000   570575   60.76%
   1027   468     1027.5045    32     1190.0000      467.0000   581864   60.76%
   1039   478     1180.4249    21     1190.0000      467.0000   590145   60.76%
   1053   487     1023.0000    31     1190.0000      467.0000   599601   60.76%
   1068   499     1043.0000    27     1190.0000      467.0000   611040   60.76%
Elapsed time = 65.00 sec. (87575.68 ticks, tree = 17.36 MB, solutions = 5)
   1080   508     1070.0472    23     1190.0000      467.0000   621519   60.76%
   1102   517    infeasible           1190.0000      467.0000   637873   60.76%
   1106   519      467.0000   265     1190.0000      467.0000   638525   60.76%
   1111   524      472.9712   250     1190.0000      467.0000   642953   60.76%
   1118   531      481.7101   226     1190.0000      467.0000   644665   60.76%
   1129   542      508.6479   179     1190.0000      467.0000   646162   60.76%
   1171   584      796.2598    71     1190.0000      467.0000   648790   60.76%
   1198   610     1012.8521    56     1190.0000      467.0000   654113   60.76%
   1208   619     1013.0000    75     1190.0000      467.0000   661909   60.76%
   1216   627     1013.0000    72     1190.0000      467.0000   666556   60.76%
Elapsed time = 73.06 sec. (98614.26 ticks, tree = 18.35 MB, solutions = 5)
   1223   634     1013.0000    55     1190.0000      467.0000   672522   60.76%
   1234   644     1013.2667    50     1190.0000      467.0000   678795   60.76%
   1249   659     1014.0000    86     1190.0000      467.0000   684256   60.76%
   1280   690      467.0000   266     1190.0000      467.0000   693043   60.76%
   1284   694      467.0000   266     1190.0000      467.0000   697523   60.76%
   1286   696      506.9869   165     1190.0000      467.0000   704880   60.76%
   1298   708      642.5220   134     1190.0000      467.0000   709570   60.76%
   1318   728      847.5597    97     1190.0000      467.0000   714152   60.76%
   1376   785      858.5997    53     1190.0000      467.0000   719534   60.76%
   1391   799      874.0770    58     1190.0000      467.0000   724093   60.76%
Elapsed time = 80.92 sec. (108938.05 ticks, tree = 22.67 MB, solutions = 5)
   1415   822     1025.2347    45     1190.0000      467.0000   731266   60.76%
   1438   843     1046.6406    46     1190.0000      467.0000   735680   60.76%
   1462   864     1048.4731    29     1190.0000      467.0000   742311   60.76%
   1471   872     1052.0815    29     1190.0000      467.0000   748795   60.76%
   1480   880      467.3347   252     1190.0000      467.0000   751115   60.76%
   1529   929      607.7131   136     1190.0000      467.0000   752254   60.76%
   1603  1002      917.0000   103     1190.0000      467.0000   754261   60.76%
   1675  1073     1069.3571    82     1190.0000      467.0000   759046   60.76%
   1693  1090      481.2458   217     1190.0000      467.0000   762444   60.76%
   1916  1307      624.1101   140     1190.0000      467.0000   779424   60.76%
Elapsed time = 90.88 sec. (122384.21 ticks, tree = 35.91 MB, solutions = 5)
   2146  1509     1043.4495    79     1190.0000      467.0411   794902   60.75%
   2280  1633      467.3047   253     1190.0000      467.0420   815145   60.75%
   2432  1780     1032.4952    33     1190.0000      467.0420   836399   60.75%
   2548  1889      833.8290   116     1190.0000      467.0436   852851   60.75%
   2703  2041      498.0494   209     1190.0000      467.0648   869601   60.75%
   3003  2337      921.6201    79     1190.0000      467.3075   884294   60.73%
   3267  2597     1035.0000    60     1190.0000      467.3075   900374   60.73%
   3356  2684      999.0844    52     1190.0000      467.3075   917040   60.73%
   3439  2762     1004.8290    39     1190.0000      467.3075   939298   60.73%
*  3478+ 2778                         1180.0000      467.3075   953925   60.40%
   3524  2826      561.5558   176     1180.0000      467.3075   959487   60.40%
Elapsed time = 119.06 sec. (161350.74 ticks, tree = 67.26 MB, solutions = 6)
   3730  3030      700.3547   129     1180.0000      467.3085   972813   60.40%
   4046  3341     1033.0000    57     1180.0000      467.3085   989044   60.40%
   4292  3582      850.5971   126     1180.0000      467.3171  1005706   60.40%
   4435  3723     1022.1785    22     1180.0000      467.3171  1029601   60.40%
*  4478+ 3743                         1170.0000      467.3171  1038965   60.06%
   4546  3813      734.9313   122     1170.0000      467.3200  1045498   60.06%
   4732  3997      646.3528   153     1170.0000      467.3200  1062988   60.06%
   5019  4282     1054.5411    74     1170.0000      467.3347  1080190   60.06%
   5288  4548      476.3163   231     1170.0000      467.3347  1095877   60.06%
   5427  4683     1037.0000    35     1170.0000      467.3347  1119272   60.06%
   5478  4732     1059.0000    22     1170.0000      467.3347  1142072   60.06%
Elapsed time = 146.58 sec. (199939.46 ticks, tree = 122.66 MB, solutions = 7)
   5801  5055      881.2923   104     1170.0000      467.3357  1153149   60.06%
   6119  5373      553.9916   176     1170.0000      467.3420  1166011   60.06%
   6416  5647    infeasible           1170.0000      467.3420  1193044   60.06%
*  6478+ 5626                         1160.0000      467.3472  1197519   59.71%
   6636  5786      994.7994    92     1160.0000      467.3472  1201997   59.71%
*  6680+ 5763                         1110.0000      467.3472  1207397   57.90%
*  6680+ 5759                         1101.0000      467.3472  1207397   57.55%
*  6680+ 5759                         1100.0000      467.3472  1207397   57.51%
   6858  5938     1028.0000    56     1100.0000      467.3495  1216389   57.51%
   7044  6120     1030.0000    82     1100.0000      467.3495  1230695   57.51%
   7343  6418      860.2527    89     1100.0000      467.3786  1245589   57.51%
   7437  6504     1035.0480    24     1100.0000      467.3786  1267411   57.51%
   7548  6610      816.9580   134     1100.0000      467.7136  1286022   57.48%
   7836  6894     1007.0000    52     1100.0000      467.7136  1301189   57.48%
Elapsed time = 174.69 sec. (239157.88 ticks, tree = 159.52 MB, solutions = 11)
   8123  7177      698.2087   133     1100.0000      467.7276  1316824   57.48%
   8358  7409     1000.6302    58     1100.0000      468.2948  1334014   57.43%
   8470  7514     1003.4459    29     1100.0000      468.2948  1357233   57.43%
   8732  7774      633.0637   165     1100.0000      468.3954  1370340   57.42%
   9083  8114      471.4784   250     1100.0000      468.6326  1386184   57.40%
   9354  8379     1001.2671    64     1100.0000      468.6326  1402410   57.40%
   9471  8492     1023.0000    31     1100.0000      468.6326  1428482   57.40%
   9687  8694      474.5726   237     1100.0000      468.6326  1443238   57.40%
* 10038+ 8547                         1070.0000      468.6326  1456335   56.20%
* 10038+ 8138                         1060.0000      468.6326  1456335   55.79%
  10038  8137     1083.8332    70     1060.0000      468.6326  1456335   55.79%
  10039  8138      468.6598   253     1060.0000      468.6326  1456625   55.79%
Elapsed time = 218.32 sec. (296655.33 ticks, tree = 201.98 MB, solutions = 13)
  10175  8271     1025.0000    50     1060.0000      468.6402  1476238   55.79%
  10263  8357     1040.0116    29     1060.0000      468.6402  1512740   55.79%
  10371  8447      772.1847   135     1060.0000      468.6422  1538201   55.79%
  10512  8582      879.9118   112     1060.0000      468.6429  1553488   55.79%
  10771  8826     1039.7435    76     1060.0000      468.6489  1574815   55.79%
  11003  9052     1039.0000    79     1060.0000      468.6489  1596769   55.79%
  11267  9298     1011.4375    29     1060.0000      468.6598  1620792   55.79%
  11482  9499     1012.2560    43     1060.0000      468.6598  1642737   55.79%
  11680  9676      722.9972   134     1060.0000      468.6598  1668520   55.79%
  11899  9885      703.9851   126     1060.0000      468.6598  1686701   55.79%
Elapsed time = 246.89 sec. (335530.45 ticks, tree = 254.63 MB, solutions = 13)
  12220 10196      999.3983    71     1060.0000      468.6598  1706481   55.79%
  12409 10372     1041.0000    49     1060.0000      468.6598  1722425   55.79%
  12601 10556      736.7807   130     1060.0000      468.6598  1750487   55.79%
  12897 10840      713.0356   137     1060.0000      468.6637  1774170   55.79%
  13186 11126     1018.0982    70     1060.0000      468.6706  1793381   55.79%
  13515 11425        cutoff           1060.0000      468.6722  1812883   55.79%
  13682 11585      775.8724   141     1060.0000      468.6743  1835848   55.79%
  13971 11861     1053.0000    59     1060.0000      468.6743  1853133   55.79%
  14152 12032     1052.0328    72     1060.0000      468.6942  1871881   55.78%
  14348 12190      525.3222   207     1060.0000      468.8515  1888454   55.77%
Elapsed time = 275.80 sec. (374038.46 ticks, tree = 320.15 MB, solutions = 13)
  14597 12423      726.3122   151     1060.0000      469.0531  1903496   55.75%
  14821 12633     1018.4339    43     1060.0000      469.0825  1922606   55.75%
  14935 12732      684.8347   117     1060.0000      469.0825  1952285   55.75%
  15194 12980     1046.6731    32     1060.0000      469.0825  1976350   55.75%
  15362 13137      717.8188   134     1060.0000      469.0825  1993956   55.75%
  15612 13366      685.7681   140     1060.0000      469.0983  2015097   55.75%
  15835 13569     1020.0000    47     1060.0000      469.1260  2034304   55.74%
  15922 13637     1035.0000    25     1060.0000      469.1260  2063373   55.74%
  16148 13852     1038.0000    57     1060.0000      469.7286  2087110   55.69%
  16305 13996      477.5930   218     1060.0000      469.7286  2110128   55.69%
Elapsed time = 304.18 sec. (412542.64 ticks, tree = 382.39 MB, solutions = 13)
  16478 14148     1058.9091    59     1060.0000      469.7286  2126564   55.69%
  16655 14316     1040.2722    43     1060.0000      469.7373  2144968   55.69%
  16884 14527      742.1449   120     1060.0000      469.7454  2165825   55.68%
  17161 14799     1041.8244   135     1060.0000      469.7692  2187730   55.68%
  17371 14983     1034.7295    52     1060.0000      470.0122  2207691   55.66%
  17602 15197      485.9181   225     1060.0000      470.0122  2232930   55.66%
  17828 15405     1059.0000    41     1060.0000      470.0122  2250388   55.66%
  17918 15489      893.4072   117     1060.0000      470.0122  2270865   55.66%
  18091 15650     1051.0000    34     1060.0000      470.0122  2292212   55.66%
  18190 15729      706.2350   120     1060.0000      470.0122  2319940   55.66%
Elapsed time = 331.42 sec. (451019.35 ticks, tree = 415.53 MB, solutions = 13)
  18436 15961     1057.2553    39     1060.0000      470.0122  2333251   55.66%
  18508 16023      592.3410   154     1060.0000      470.0128  2346986   55.66%
  18761 16263     1021.6289    28     1060.0000      470.0163  2368396   55.66%
  18922 16407     1036.1232    32     1060.0000      470.0163  2387718   55.66%
  19117 16576      485.9774   223     1060.0000      470.0163  2407915   55.66%
  19234 16683      483.8385   222     1060.0000      470.0163  2425226   55.66%
  19484 16923     1023.0000    45     1060.0000      470.0271  2443002   55.66%
  19573 17009     1037.0000    35     1060.0000      470.0271  2468106   55.66%
  19702 17127     1001.0008    79     1060.0000      470.0271  2496331   55.66%
  19971 17390     1034.8107    35     1060.0000      470.0271  2519120   55.66%
Elapsed time = 359.44 sec. (489468.88 ticks, tree = 473.69 MB, solutions = 13)
  20078 17489     1036.1351    59     1060.0000      470.0271  2538080   55.66%
  20289 17683      508.5180   216     1060.0000      470.0271  2554949   55.66%
  20419 17805     1045.0000    85     1060.0000      470.0271  2568010   55.66%
  20612 17997     1051.0000    50     1060.0000      470.0271  2580456   55.66%
  20722 18096     1059.0000    52     1060.0000      470.0271  2607610   55.66%
  20948 18303      680.6748   134     1060.0000      470.0333  2624098   55.66%
  21082 18413     1033.2203    76     1060.0000      470.0333  2640442   55.66%
  21288 18608      689.4328   125     1060.0000      470.0333  2661109   55.66%
  21505 18819      471.4738   232     1060.0000      470.0355  2678494   55.66%
  21711 19018     1055.7476    51     1060.0000      470.0355  2693559   55.66%
Elapsed time = 387.57 sec. (528085.77 ticks, tree = 503.65 MB, solutions = 13)
  21839 19142     1002.4949    66     1060.0000      470.0474  2709482   55.66%
  21969 19258     1016.3277    84     1060.0000      470.0474  2726615   55.66%
  22333 19603      939.8284    92     1060.0000      470.0474  2741670   55.66%
  22614 19867        cutoff           1060.0000      470.0575  2757759   55.65%
  22715 19956      680.6748   132     1060.0000      470.0692  2774415   55.65%
  22898 20124     1037.0000    16     1060.0000      470.0692  2796272   55.65%
  23021 20235      520.8218   210     1060.0000      470.0692  2814439   55.65%
  23300 20510     1051.3417    69     1060.0000      470.0692  2830607   55.65%
  23480 20677     1004.4044    65     1060.0000      470.0692  2847250   55.65%
  23603 20795     1053.0697    29     1060.0000      470.0692  2872094   55.65%
Elapsed time = 414.58 sec. (566440.87 ticks, tree = 559.43 MB, solutions = 13)
  23790 20964        cutoff           1060.0000      470.0832  2892649   55.65%
  24074 21238     1021.9288    71     1060.0000      470.2404  2913106   55.64%
  24322 21466      691.3081   127     1060.0000      470.4163  2933971   55.62%
  24559 21700     1056.5688    30     1060.0000      470.4163  2953947   55.62%
  24749 21870      689.0896   115     1060.0000      470.4163  2974535   55.62%
  25006 22120      699.1874   101     1060.0000      470.4245  2992753   55.62%
  25247 22354     1030.6506    35     1060.0000      470.4245  3012882   55.62%
  25623 22705     1011.0000    38     1060.0000      470.4284  3026820   55.62%
  25848 22918     1020.5522    37     1060.0000      470.4397  3050177   55.62%
  25934 22998     1035.3563    31     1060.0000      470.4397  3087152   55.62%
Elapsed time = 442.95 sec. (605223.44 ticks, tree = 618.27 MB, solutions = 13)
  26057 23107      691.4286   125     1060.0000      470.4397  3122949   55.62%
  26337 23373        cutoff           1060.0000      470.4397  3141759   55.62%
  26651 23676     1046.8285    48     1060.0000      470.4397  3158363   55.62%
  26982 23989     1034.0254    59     1060.0000      470.4397  3180923   55.62%
  27241 24217     1054.6223    56     1060.0000      470.4470  3199367   55.62%
  27587 24547     1047.0389    45     1060.0000      470.4470  3217349   55.62%
  27815 24764      681.2793   125     1060.0000      470.4583  3237028   55.62%
  28183 25117     1016.6917    25     1060.0000      470.4583  3256798   55.62%
  28289 25214      681.3030   130     1060.0000      470.4583  3285929   55.62%
  28508 25423      737.0537   126     1060.0000      470.4583  3302917   55.62%
Elapsed time = 471.11 sec. (643713.03 ticks, tree = 693.70 MB, solutions = 13)
  28870 25776     1052.6218    40     1060.0000      470.4583  3321806   55.62%
  29125 26010     1017.0000    46     1060.0000      470.4583  3342632   55.62%
  29327 26205     1022.6367    15     1060.0000      470.4661  3363088   55.62%
  29412 26281      716.0957   123     1060.0000      470.4722  3390834   55.62%
  29683 26540      694.6867   125     1060.0000      470.4722  3411832   55.62%
  29878 26725      681.2793   139     1060.0000      470.4722  3432754   55.62%
  30088 26929     1019.0000    92     1060.0000      470.4749  3450487   55.62%
  30375 27213     1011.3588    50     1060.0000      470.5025  3470099   55.61%
  30591 27412     1034.0590    36     1060.0000      470.5145  3488942   55.61%
  30806 27619     1058.3367    44     1060.0000      470.5149  3508866   55.61%
Elapsed time = 499.13 sec. (682111.41 ticks, tree = 750.44 MB, solutions = 13)
  31053 27858     1048.0000    49     1060.0000      470.9076  3526986   55.57%
  31276 28081     1039.0457    45     1060.0000      470.9076  3542749   55.57%
  31444 28237        cutoff           1060.0000      470.9251  3562358   55.57%
  31533 28321      926.8034    88     1060.0000      471.0468  3584677   55.56%
  31758 28541      504.4373   206     1060.0000      471.1713  3600221   55.55%
  31914 28691     1055.4169    68     1060.0000      471.1713  3617703   55.55%
  32151 28909     1016.5141    20     1060.0000      471.1729  3637448   55.55%
  32397 29135     1032.0000    57     1060.0000      471.3054  3656103   55.54%
  32618 29345     1054.0134    26     1060.0000      471.3054  3678590   55.54%
  32903 29622      895.5688    97     1060.0000      471.4544  3695982   55.52%
Elapsed time = 526.82 sec. (720567.15 ticks, tree = 794.98 MB, solutions = 13)
  33144 29863     1053.7190    85     1060.0000      471.4544  3713031   55.52%
  33358 30051        cutoff           1060.0000      471.4544  3731773   55.52%
  33478 30159      642.8307   139     1060.0000      471.4587  3747147   55.52%
  33729 30395     1056.1402    52     1060.0000      471.4589  3764739   55.52%
  33931 30577     1052.3191    17     1060.0000      471.4626  3782836   55.52%
  34076 30712     1046.0000    53     1060.0000      471.4626  3803085   55.52%
  34178 30810     1054.6229    86     1060.0000      471.4643  3820132   55.52%
  34378 30994      501.7532   212     1060.0000      471.4643  3836963   55.52%
  34578 31186     1012.2363    33     1060.0000      471.4656  3854927   55.52%
  34678 31269      555.1982   172     1060.0000      471.4674  3874744   55.52%
Elapsed time = 556.04 sec. (761112.46 ticks, tree = 850.67 MB, solutions = 13)
  34878 31465     1047.0000    42     1060.0000      471.4674  3890346   55.52%
  35078 31657     1003.1892    57     1060.0000      471.4674  3909944   55.52%
  35246 31812      693.2507   127     1060.0000      471.4674  3929757   55.52%
  35494 32055     1019.0000    37     1060.0000      471.4674  3945523   55.52%
  35664 32213      767.5958   134     1060.0000      471.4674  3965978   55.52%
  35851 32384      495.8634   229     1060.0000      471.4738  3981256   55.52%
  35978 32509     1043.1033    58     1060.0000      471.4738  3993336   55.52%
  36210 32732     1011.0295    62     1060.0000      471.4738  4003254   55.52%
  36425 32938      680.6748   125     1060.0000      471.4738  4022582   55.52%
  36604 33117     1016.2500    48     1060.0000      471.4738  4035052   55.52%
Elapsed time = 586.92 sec. (801266.71 ticks, tree = 916.43 MB, solutions = 13)
  36838 33342      680.9244   139     1060.0000      471.4742  4057540   55.52%
  37085 33563     1007.1583    56     1060.0000      471.4763  4071826   55.52%
  37275 33745     1024.5988    89     1060.0000      471.4784  4092535   55.52%
  37478 33931     1020.4895    84     1060.0000      471.4803  4102326   55.52%

GUB cover cuts applied:  1
Clique cuts applied:  2
Cover cuts applied:  2
Implied bound cuts applied:  111
Flow cuts applied:  168
Mixed integer rounding cuts applied:  133
Zero-half cuts applied:  3
Lift and project cuts applied:  20

Root node processing (before b&c):
  Real time             =    3.46 sec. (4956.80 ticks)
Sequential b&c:
  Real time             =  596.55 sec. (813633.55 ticks)
                          ------------
Total (root+branch&cut) =  600.00 sec. (818590.35 ticks)
