Tried aggregator 2 times.
MIP Presolve eliminated 2728 rows and 293 columns.
MIP Presolve modified 685 coefficients.
Aggregator did 59 substitutions.
Reduced MIP has 2884 rows, 5267 columns, and 19344 nonzeros.
Reduced MIP has 2716 binaries, 2 generals, 0 SOSs, and 0 indicators.
Presolve time = 0.02 sec. (21.18 ticks)
Found incumbent of value 7000.000000 after 0.05 sec. (48.70 ticks)
Probing time = 0.01 sec. (4.33 ticks)
Tried aggregator 1 time.
Reduced MIP has 2884 rows, 5267 columns, and 19344 nonzeros.
Reduced MIP has 2716 binaries, 32 generals, 0 SOSs, and 0 indicators.
Presolve time = 0.01 sec. (10.00 ticks)
Probing time = 0.01 sec. (4.21 ticks)
Clique table members: 9509.
MIP emphasis: balance optimality and feasibility.
MIP search method: dynamic search.
Parallel mode: none, using 1 thread.
Root relaxation solution time = 0.12 sec. (197.03 ticks)

        Nodes                                         Cuts/
   Node  Left     Objective  IInf  Best Integer    Best Bound    ItCnt     Gap

*     0+    0                         7000.0000        0.0000     1650  100.00%
      0     0      102.9285   246     7000.0000      102.9285     1650   98.53%
      0     0      104.4491   221     7000.0000      Cuts: 37     2399   98.51%
      0     0      185.4294   229     7000.0000     Cuts: 113     4598   97.35%
      0     0      198.9993   240     7000.0000     Cuts: 104     6562   97.16%
      0     0      199.3163   241     7000.0000      Cuts: 74     7854   97.15%
      0     0      199.3163   239     7000.0000      Cuts: 56     8587   97.15%
      0     0      199.3163   245     7000.0000      Cuts: 54     9076   97.15%
      0     2      199.3163   245     7000.0000      199.3163     9076   97.15%
Elapsed time = 3.72 sec. (5226.26 ticks, tree = 0.00 MB, solutions = 1)
      2     4      199.3163   237     7000.0000      199.3163    10888   97.15%
      4     6      200.0384   230     7000.0000      199.3163    13635   97.15%
     10    12      199.3163   229     7000.0000      199.3163    15734   97.15%
     15    17      199.3163   225     7000.0000      199.3163    17944   97.15%
     23    25      199.3163   214     7000.0000      199.3163    21093   97.15%
     35    37      199.3163   206     7000.0000      199.3163    23232   97.15%
     46    48      201.2502   202     7000.0000      199.3163    24873   97.15%
     58    60      201.2502   203     7000.0000      199.3163    26760   97.15%
     63    65      209.2299   238     7000.0000      199.3163    29057   97.15%
    100   102      207.8478   195     7000.0000      199.3163    36416   97.15%
Elapsed time = 6.34 sec. (9040.29 ticks, tree = 1.25 MB, solutions = 1)
    147   149      215.8791   196     7000.0000      199.3163    44229   97.15%
    182   184      290.0000   194     7000.0000      199.3163    55435   97.15%
    203   205      350.0000   153     7000.0000      199.3163    64401   97.15%
    231   233      290.0000   174     7000.0000      199.3163    74524   97.15%
*   240+  240                         2720.0000      199.3163    77649   92.67%
*   250+  250                         2510.0000      199.3163    79697   92.06%
    250   252      221.1938   184     2510.0000      199.3163    79697   92.06%
*   260+  260                         2400.0000      199.3163    81234   91.70%
    290   292      227.3930   168     2400.0000      199.3163    86791   91.70%
    309   311      249.1629   143     2400.0000      199.3163    96498   91.70%
    321   323     1317.1123    65     2400.0000      199.3163   100532   91.70%
    342   344      540.0000   118     2400.0000      199.3163   111860   91.70%
    368   370      313.7230   119     2400.0000      199.3163   119686   91.70%
Elapsed time = 14.48 sec. (19925.10 ticks, tree = 2.54 MB, solutions = 4)
    398   400     1339.8414    35     2400.0000      199.3163   130876   91.70%
    430   432      355.7110   113     2400.0000      199.3163   141822   91.70%
    464   466     1421.4227    34     2400.0000      199.3163   156069   91.70%
    492   494      409.0670    87     2400.0000      199.3163   168818   91.70%
*   495+  495                         1770.0000      199.3163   171423   88.74%
*   495+  495                         1720.0000      199.3163   171423   88.41%
*   495+  493                         1510.0000      199.3163   171423   86.80%
*   495+  493                         1500.0000      199.3163   171423   86.71%
    496   496      201.2505   229     1500.0000      199.3163   173617   86.71%
*   497+  330                         1499.0000      553.5845   195269   63.07%
*   497+  220                         1350.0000      553.5845   195269   58.99%
*   497+  146                         1280.0000      553.5845   195269   56.75%
*   497+   97                         1190.0000      553.5845   195269   53.48%
    497    98      554.0000   170     1190.0000      554.0000   195269   53.45%
    507    96      563.0000   199     1190.0000      555.0000   196140   53.36%
    515    96      568.7560   188     1190.0000      555.0000   198561   53.36%
    521    97      571.6784   168     1190.0000      555.0000   200122   53.36%
    527    98      574.0000   191     1190.0000      555.0000   202220   53.36%
Elapsed time = 33.02 sec. (43653.10 ticks, tree = 0.56 MB, solutions = 12)
    532    97      576.0000   187     1190.0000      555.0000   205069   53.36%
    537    98      674.1401   142     1190.0000      555.0000   211893   53.36%
    540    97      581.4093   184     1190.0000      555.0000   216266   53.36%
    547    95      585.0845   168     1190.0000      555.0000   220903   53.36%
    567    98      595.1515   160     1190.0000      555.0000   227353   53.36%
    591    99      611.5319   143     1190.0000      555.0000   238816   53.36%
    597   101      616.0000   139     1190.0000      555.0000   241257   53.36%
    617   105      694.9126   133     1190.0000      555.0000   253298   53.36%
    627   104      653.2499   135     1190.0000      555.0000   260462   53.36%
    648   109      677.9872   129     1190.0000      555.0000   270986   53.36%
Elapsed time = 44.29 sec. (57744.26 ticks, tree = 0.49 MB, solutions = 12)
    678   112      761.5861   113     1190.0000      555.0000   283602   53.36%
    698   118      826.8487    97     1190.0000      555.0000   291957   53.36%
    728   137      927.0000    84     1190.0000      555.0000   304814   53.36%
    737   143      988.0000    90     1190.0000      555.0000   310722   53.36%
    799   201     1185.0000    58     1190.0000      555.0000   321593   53.36%
    865   230      559.3163   179     1190.0000      557.0000   346519   53.19%
    879   244      606.0202   155     1190.0000      557.0000   355351   53.19%
    885   250      610.3607   150     1190.0000      557.0000   364441   53.19%
    896   261      615.4331   149     1190.0000      557.0000   374546   53.19%
    928   292      827.9321   104     1190.0000      557.0000   378081   53.19%
Elapsed time = 52.17 sec. (67911.83 ticks, tree = 0.86 MB, solutions = 12)
    937   296      909.8910   112     1190.0000      557.0000   385115   53.19%
    963   315     1154.0000    94     1190.0000      557.0000   389931   53.19%
   1057   407     1154.0000    59     1190.0000      557.0000   400653   53.19%
   1075   422     1154.0000    43     1190.0000      557.0000   414362   53.19%
   1125   458     1158.6463    37     1190.0000      557.0000   436002   53.19%
   1159   479     1158.7876    37     1190.0000      557.0000   464707   53.19%
   1191   502     1167.0000    35     1190.0000      557.0000   479961   53.19%
   1225   518      559.9835   173     1190.0000      557.2093   497422   53.18%
   1236   529      579.9566   157     1190.0000      557.2093   503545   53.18%
   1249   542      627.6103   159     1190.0000      557.2093   512128   53.18%
Elapsed time = 59.83 sec. (77702.21 ticks, tree = 1.91 MB, solutions = 12)
   1266   558     1120.8985    89     1190.0000      557.2093   522995   53.18%
   1305   597      564.5264   176     1190.0000      557.2190   532878   53.17%
   1317   609      646.8276   109     1190.0000      557.2190   544334   53.17%
   1328   620      677.0874   129     1190.0000      557.2190   556416   53.17%
   1357   645     1089.8858    85     1190.0000      557.2190   564046   53.17%
   1377   664     1090.0000    89     1190.0000      557.2190   569076   53.17%
   1399   686     1090.0000    95     1190.0000      557.2190   574817   53.17%
   1435   720     1090.0000    75     1190.0000      557.2190   581891   53.17%
   1464   749     1090.0000    69     1190.0000      557.2190   589524   53.17%
   1500   782      636.8031   124     1190.0000      557.2504   597205   53.17%
Elapsed time = 68.15 sec. (87968.03 ticks, tree = 2.50 MB, solutions = 12)
   1521   803      703.4787   121     1190.0000      557.2504   603418   53.17%
   1537   819      885.8182    92     1190.0000      557.2504   608112   53.17%
   1555   836     1077.0000    96     1190.0000      557.2504   613702   53.17%
   1609   890     1077.0000    95     1190.0000      557.2504   620429   53.17%
   1661   942     1077.0000    79     1190.0000      557.2504   626645   53.17%
   1699   979      618.4226   122     1190.0000      558.5309   634871   53.06%
   1731  1011      681.7665   123     1190.0000      558.5309   639724   53.06%
   1777  1055     1119.0000    83     1190.0000      558.5309   644292   53.06%
   1795  1072     1119.7391    84     1190.0000      558.5309   651379   53.06%
   1830  1106     1121.0000    82     1190.0000      558.5309   656472   53.06%
Elapsed time = 76.23 sec. (98355.49 ticks, tree = 3.28 MB, solutions = 12)
   1881  1157     1121.0000    82     1190.0000      558.5309   663124   53.06%
   1940  1216      713.4985   101     1190.0000      558.5646   667800   53.06%
   1963  1238     1129.0000   110     1190.0000      558.5646   674890   53.06%
   1977  1252     1129.0000    95     1190.0000      558.5646   681108   53.06%
   2001  1276     1129.0000    97     1190.0000      558.5646   686514   53.06%
   2063  1338     1129.0000    72     1190.0000      558.5646   690293   53.06%
   2097  1371     1135.0000    83     1190.0000      558.5646   696456   53.06%
   2150  1423     1056.0000    88     1190.0000      558.5758   701070   53.06%
   2215  1488     1056.0000   116     1190.0000      558.5758   707691   53.06%
   2286  1558     1060.8959    88     1190.0000      558.5758   714647   53.06%
Elapsed time = 84.49 sec. (108632.76 ticks, tree = 4.32 MB, solutions = 12)
   2308  1580      826.5000   100     1190.0000      558.7847   721021   53.04%
   2330  1602     1008.7371    99     1190.0000      558.7847   726842   53.04%
   2361  1631     1045.0000    80     1190.0000      558.7847   732383   53.04%
   2383  1653     1045.0000    66     1190.0000      558.7847   738278   53.04%
   2397  1667     1045.0000    56     1190.0000      558.7847   740429   53.04%
   2436  1706     1045.0000    61     1190.0000      558.7847   747360   53.04%
   2466  1736     1045.0000    50     1190.0000      558.7847   755341   53.04%
   2493  1761     1050.6667    49     1190.0000      558.7847   765735   53.04%
   2499  1765      618.4226   137     1190.0000      559.3163   776658   53.00%
   2676  1941     1119.0000    92     1190.0000      559.3163   795136   53.00%
Elapsed time = 94.90 sec. (121695.31 ticks, tree = 5.22 MB, solutions = 12)
   2898  2162     1130.0000   105     1190.0000      560.0281   816703   52.94%
*  2997+ 2185                         1180.0000      560.1658   833893   52.53%
*  2997+ 2176                         1170.0000      560.1658   833893   52.12%
   3023  2204     1055.0000    85     1170.0000      560.1658   840058   52.12%
*  3099+ 1904                         1130.0000      560.1658   861058   50.43%
   3108  1914      625.0000   108     1130.0000      560.6635   863356   50.38%
   3142  1936      700.1059   133     1130.0000      560.6635   884302   50.38%
   3181  1962     1078.6586    90     1130.0000      560.6635   904148   50.38%
   3297  2075     1100.0000    90     1130.0000      560.6635   921208   50.38%
   3411  2183     1102.6598    68     1130.0000      561.0000   943583   50.35%
   3507  2277      674.0000   104     1130.0000      561.4669   969317   50.31%
   3666  2435     1119.0000    94     1130.0000      561.4669   990182   50.31%
   3899  2667      562.9531   176     1130.0000      561.5477  1012342   50.31%
Elapsed time = 126.77 sec. (161423.14 ticks, tree = 6.51 MB, solutions = 15)
   3985  2750     1091.0000    69     1130.0000      561.5477  1035032   50.31%
   4099  2863      566.2998   186     1130.0000      561.5907  1067121   50.30%
   4197  2960     1119.0000   101     1130.0000      561.5907  1086474   50.30%
   4287  3050     1119.0000    67     1130.0000      561.5907  1108479   50.30%
   4353  3113     1075.9331   118     1130.0000      561.9591  1133771   50.27%
*  4497+ 2977                         1120.0000      561.9591  1154462   49.83%
*  4497+ 1656                         1070.0000      561.9591  1154462   47.48%
   4497  1655     1099.0000    54     1070.0000      561.9591  1154462   47.48%
   4657  1807     1069.0000    82     1070.0000      562.0901  1178850   47.47%
   4896  2016      827.1614   106     1070.0000      562.9531  1214095   47.39%
   5027  2143     1064.0000    94     1070.0000      562.9531  1233085   47.39%
   5161  2271      943.4382   112     1070.0000      562.9531  1261168   47.39%
Elapsed time = 157.97 sec. (200235.95 ticks, tree = 5.43 MB, solutions = 17)
   5297  2387      722.6428   132     1070.0000      562.9531  1280807   47.39%
   5426  2496      934.0266    86     1070.0000      563.5704  1307191   47.33%
   5540  2597      882.2544    97     1070.0000      563.9227  1331055   47.30%
   5678  2727     1045.0000    70     1070.0000      564.1008  1357612   47.28%
   5777  2804     1067.0000    29     1070.0000      564.1008  1392747   47.28%
   5896  2878      674.0000    99     1070.0000      564.4682  1421353   47.25%
   5977  2954      906.8035   108     1070.0000      564.4682  1444034   47.25%
   6059  3014      691.9631   130     1070.0000      564.5122  1468438   47.24%
   6129  3078      584.8486   160     1070.0000      564.5980  1488880   47.23%
   6220  3157      906.5000   107     1070.0000      564.9696  1513870   47.20%
Elapsed time = 186.63 sec. (239263.05 ticks, tree = 7.48 MB, solutions = 17)
   6310  3236      597.5768   186     1070.0000      565.0000  1535994   47.20%
   6431  3343      968.8275   107     1070.0000      565.1186  1561984   47.19%
   6584  3483      921.2965   102     1070.0000      565.7158  1585988   47.13%
   6755  3639      839.2446   102     1070.0000      566.0428  1611992   47.10%
   6865  3723      674.0000   117     1070.0000      566.0996  1640930   47.09%
   6986  3832     1012.6900   100     1070.0000      566.2185  1667061   47.08%
   7122  3942      856.5000   100     1070.0000      566.4640  1692151   47.06%
   7294  4103        cutoff           1070.0000      566.4640  1719537   47.06%
   7397  4197      663.1117   127     1070.0000      567.0000  1744277   47.01%
   7500  4289      674.0000   121     1070.0000      567.3387  1769143   46.98%
Elapsed time = 215.61 sec. (278040.61 ticks, tree = 10.10 MB, solutions = 17)
   7677  4443     1058.0000    92     1070.0000      567.3979  1796461   46.97%
   7849  4605     1063.0000    69     1070.0000      567.3979  1822480   46.97%
   7995  4724     1058.0000    74     1070.0000      567.7050  1861199   46.94%
   8111  4833     1063.1689    64     1070.0000      567.7050  1891001   46.94%
   8209  4920      828.5559   118     1070.0000      567.7050  1925432   46.94%
   8327  5012      685.8040   117     1070.0000      567.7153  1954384   46.94%
   8485  5165     1057.0000    74     1070.0000      567.7845  1982104   46.94%
   8606  5273        cutoff           1070.0000      567.7845  2013299   46.94%
   8707  5360     1008.4316    97     1070.0000      568.0839  2038420   46.91%
   8807  5457     1046.0000    60     1070.0000      568.0839  2063500   46.91%
Elapsed time = 247.10 sec. (316629.81 ticks, tree = 13.15 MB, solutions = 17)
   8898  5532      826.5000   111     1070.0000      568.0903  2098688   46.91%
   8988  5612      994.0000    94     1070.0000      568.2014  2124238   46.90%
   9113  5712      697.5809   129     1070.0000      568.7620  2145999   46.84%
   9297  5891     1045.0000    67     1070.0000      568.7620  2173239   46.84%
   9409  5990      818.6336   101     1070.0000      569.0281  2204674   46.82%
   9637  6211      806.8520   118     1070.0000      569.1463  2236544   46.81%
   9743  6299      827.0695   104     1070.0000      569.2182  2262003   46.80%
   9938  6483      826.5000   108     1070.0000      569.4007  2290211   46.78%
  10092  6631     1066.8597    91     1070.0000      569.4007  2317077   46.78%
  10205  6730      834.0000   116     1070.0000      569.4007  2355111   46.78%
Elapsed time = 277.59 sec. (355220.13 ticks, tree = 16.25 MB, solutions = 17)
  10331  6818      881.5221   115     1070.0000      569.4511  2380073   46.78%
  10397  6876      708.2067   117     1070.0000      569.4825  2395954   46.78%
  10526  6968      826.5000    97     1070.0000      569.9329  2422816   46.74%
  10701  7133     1057.0251    82     1070.0000      570.0000  2450475   46.73%
  10801  7223      791.0000   125     1070.0000      570.2135  2474986   46.71%
  10870  7275        cutoff           1070.0000      570.4633  2503964   46.69%
  10988  7370    infeasible           1070.0000      570.8699  2533881   46.65%
  11069  7436      973.4860   132     1070.0000      570.9951  2564329   46.64%
  11139  7484      834.0903   112     1070.0000      571.2097  2592092   46.62%
  11258  7586     1060.0000   106     1070.0000      571.2818  2621797   46.61%
Elapsed time = 320.48 sec. (407733.80 ticks, tree = 18.58 MB, solutions = 17)
  11381  7700     1016.5299   108     1070.0000      571.3200  2649511   46.61%
  11471  7771    infeasible           1070.0000      571.3200  2682613   46.61%
  11556  7838     1013.0000   124     1070.0000      571.9892  2713495   46.54%
  11697  7967     1058.0000    60     1070.0000      572.0000  2733288   46.54%
  11915  8149      784.0000    98     1070.0000      572.0066  2769548   46.54%
  12005  8222      616.8117   156     1070.0000      572.2875  2795461   46.52%
  12088  8292     1045.0000    91     1070.0000      572.5135  2820423   46.49%
  12218  8413     1056.0000    37     1070.0000      572.5135  2847524   46.49%
  12295  8468        cutoff           1070.0000      572.5135  2891686   46.49%
  12390  8535      826.5000    99     1070.0000      572.9410  2918603   46.45%
Elapsed time = 351.82 sec. (447124.02 ticks, tree = 21.03 MB, solutions = 17)
  12529  8669     1045.0000    79     1070.0000      572.9410  2942139   46.45%
  12695  8824     1062.8010    63     1070.0000      572.9410  2970593   46.45%
  12773  8886        cutoff           1070.0000      573.1445  2994471   46.44%
  12889  8976     1058.0000   113     1070.0000      573.2341  3017485   46.43%
  13050  9134     1063.0000    82     1070.0000      573.2341  3038237   46.43%
  13199  9278      704.2408   123     1070.0000      573.2434  3067434   46.43%
  13297  9355     1066.5795    92     1070.0000      573.2434  3093369   46.43%
  13384  9422      881.5000   103     1070.0000      573.8970  3120863   46.36%
  13496  9518      632.1073   108     1070.0000      574.3389  3149013   46.32%
  13600  9610      843.5736   102     1070.0000      574.6992  3175792   46.29%
Elapsed time = 382.42 sec. (485951.84 ticks, tree = 23.70 MB, solutions = 17)
  13839  9836     1057.0000    59     1070.0000      574.6992  3202902   46.29%
  13944  9931      809.4066   127     1070.0000      574.7685  3239488   46.28%
  14004  9970      834.0000    94     1070.0000      574.8491  3266114   46.28%
  14106 10064      862.7388   110     1070.0000      575.0000  3289370   46.26%
  14293 10243     1044.7112   102     1070.0000      575.0000  3311766   46.26%
  14397 10323      944.0000   117     1070.0000      575.2746  3338772   46.24%
  14490 10388     1023.3277   114     1070.0000      575.2899  3369920   46.23%
  14572 10455     1044.8724   111     1070.0000      575.4039  3397344   46.22%
  14680 10547     1045.0000    68     1070.0000      575.4270  3425345   46.22%
  14781 10643     1045.0000    56     1070.0000      575.4270  3459022   46.22%
Elapsed time = 414.04 sec. (524826.52 ticks, tree = 26.20 MB, solutions = 17)
  14832 10687     1060.0000    29     1070.0000      575.4270  3497638   46.22%
  14944 10763      586.0346   172     1070.0000      575.7465  3532587   46.19%
  15053 10850     1045.0000    93     1070.0000      575.8142  3561446   46.19%
  15136 10929     1045.0000    61     1070.0000      575.8142  3591666   46.19%
  15230 11006        cutoff           1070.0000      575.8142  3635320   46.19%
  15317 11068      862.1513   128     1070.0000      575.8899  3664616   46.18%
  15417 11142      625.6405   131     1070.0000      576.2858  3691495   46.14%
  15525 11231      864.4388   122     1070.0000      576.6711  3718967   46.11%
  15601 11287     1054.2816    86     1070.0000      576.8019  3744506   46.09%
  15694 11359     1057.0593    92     1070.0000      576.8378  3771030   46.09%
Elapsed time = 444.74 sec. (563612.31 ticks, tree = 28.20 MB, solutions = 17)
  15836 11501     1058.0000    91     1070.0000      576.8378  3788759   46.09%
  15952 11616     1063.0000    75     1070.0000      576.8378  3818923   46.09%
  16040 11693     1067.0000    46     1070.0000      576.8378  3856716   46.09%
  16110 11751      877.4976   114     1070.0000      576.8555  3879345   46.09%
  16237 11843      725.9397   137     1070.0000      577.2499  3906816   46.05%
  16307 11900     1045.0000    72     1070.0000      577.3490  3933566   46.04%
  16422 12013     1062.1826    33     1070.0000      577.3490  3965477   46.04%
  16484 12065     1019.0000   102     1070.0000      577.3655  3997466   46.04%
  16533 12100      803.5878   117     1070.0000      577.3655  4022807   46.04%
  16597 12148      678.6775   117     1070.0000      577.3998  4048442   46.04%
Elapsed time = 476.73 sec. (602733.97 ticks, tree = 30.08 MB, solutions = 17)
  16685 12215      678.2805   108     1070.0000      577.7232  4076985   46.01%
  16744 12261      863.1061   126     1070.0000      577.7497  4105374   46.00%
  16824 12317      842.1426   113     1070.0000      577.9887  4135042   45.98%
  16901 12367     1054.2501   100     1070.0000      578.0657  4161989   45.98%
  16957 12409      798.7134   121     1070.0000      578.1109  4193420   45.97%
  17027 12459      830.8181    96     1070.0000      578.3053  4219217   45.95%
  17097 12505      624.1130   122     1070.0000      578.3422  4247059   45.95%
  17176 12567     1054.6841   101     1070.0000      578.6095  4278350   45.92%
  17247 12626     1056.0000   108     1070.0000      578.8792  4305689   45.90%
  17342 12684      834.0000   105     1070.0000      579.0668  4333205   45.88%
Elapsed time = 507.97 sec. (642130.26 ticks, tree = 31.26 MB, solutions = 17)
  17420 12745      826.5000    92     1070.0000      579.6067  4361513   45.83%
  17579 12900     1057.0000   102     1070.0000      579.6067  4384967   45.83%
  17686 13006     1061.0000    87     1070.0000      579.6067  4408719   45.83%
  17822 13131      960.1019   104     1070.0000      579.6242  4439937   45.83%
  18059 13362     1058.0000    75     1070.0000      579.6242  4468040   45.83%
  18178 13463     1051.0000    77     1070.0000      579.6262  4499753   45.83%
  18270 13542     1051.0000    57     1070.0000      579.6262  4534384   45.83%
  18365 13621      888.9118   108     1070.0000      579.6312  4570479   45.83%
  18461 13708     1057.0000   104     1070.0000      579.6499  4597087   45.83%
  18609 13856     1057.0000    91     1070.0000      579.6499  4624344   45.83%
Elapsed time = 540.59 sec. (680876.47 ticks, tree = 34.04 MB, solutions = 17)
  18705 13939      674.0000   100     1070.0000      579.6670  4658820   45.83%
  18777 14000     1064.0000    88     1070.0000      579.8744  4688350   45.81%
  18852 14059      993.3441   116     1070.0000      580.0594  4716925   45.79%
  18928 14116      980.4834   104     1070.0000      580.2027  4743714   45.78%
  19002 14173      987.3836   100     1070.0000      580.2960  4769761   45.77%
  19092 14242      944.0000   111     1070.0000      580.5577  4797611   45.74%
  19142 14285      948.5629    88     1070.0000      580.6592  4811595   45.73%
  19202 14329      639.4201   130     1070.0000      580.8531  4829653   45.71%
  19296 14410      930.4548   123     1070.0000      581.0218  4856116   45.70%
  19348 14433     1020.0400   123     1070.0000      581.2486  4875397   45.68%
Elapsed time = 571.15 sec. (719556.24 ticks, tree = 35.47 MB, solutions = 17)
  19456 14521      876.9029    87     1070.0000      581.7925  4901638   45.63%
  19550 14604     1057.0000   106     1070.0000      582.0000  4921751   45.61%
  19724 14776     1057.0000    70     1070.0000      582.0000  4941482   45.61%
  19844 14885      709.1319   133     1070.0000      582.0721  4968227   45.60%
  19908 14931        cutoff           1070.0000      582.0721  4994976   45.60%
  19977 14991     1021.9872    93     1070.0000      582.1883  5020834   45.59%
  20020 15029     1048.1419    72     1070.0000      582.2071  5038308   45.59%
  20097 15100     1045.0000    54     1070.0000      582.2071  5065971   45.59%

Clique cuts applied:  1
Implied bound cuts applied:  137
Flow cuts applied:  164
Mixed integer rounding cuts applied:  69
Zero-half cuts applied:  1
Lift and project cuts applied:  9

Root node processing (before b&c):
  Real time             =    3.65 sec. (5156.37 ticks)
Sequential b&c:
  Real time             =  596.35 sec. (749908.41 ticks)
                          ------------
Total (root+branch&cut) =  600.00 sec. (755064.78 ticks)
