Tried aggregator 2 times.
MIP Presolve eliminated 2640 rows and 195 columns.
MIP Presolve modified 841 coefficients.
Aggregator did 62 substitutions.
Reduced MIP has 2913 rows, 5286 columns, and 19532 nonzeros.
Reduced MIP has 2736 binaries, 2 generals, 0 SOSs, and 0 indicators.
Presolve time = 0.02 sec. (21.60 ticks)
Found incumbent of value 7450.000000 after 0.05 sec. (50.30 ticks)
Probing fixed 0 vars, tightened 3 bounds.
Probing time = 0.01 sec. (12.19 ticks)
Tried aggregator 1 time.
Reduced MIP has 2913 rows, 5286 columns, and 19532 nonzeros.
Reduced MIP has 2736 binaries, 29 generals, 0 SOSs, and 0 indicators.
Presolve time = 0.01 sec. (10.16 ticks)
Probing time = 0.01 sec. (4.43 ticks)
Clique table members: 9487.
MIP emphasis: balance optimality and feasibility.
MIP search method: dynamic search.
Parallel mode: none, using 1 thread.
Root relaxation solution time = 0.13 sec. (208.43 ticks)

        Nodes                                         Cuts/
   Node  Left     Objective  IInf  Best Integer    Best Bound    ItCnt     Gap

*     0+    0                         7450.0000        0.0000     1747  100.00%
      0     0       98.1292   257     7450.0000       98.1292     1747   98.68%
      0     0      101.4060   240     7450.0000      Cuts: 68     2598   98.64%
      0     0      186.1646   249     7450.0000     Cuts: 147     3695   97.50%
      0     0      198.7625   249     7450.0000     Cuts: 128     4106   97.33%
      0     0      199.3155   255     7450.0000      Cuts: 87     4487   97.32%
      0     0      199.4451   244     7450.0000      Cuts: 97     4819   97.32%
      0     0      199.4903   251     7450.0000      Cuts: 62     5244   97.32%
      0     0      199.5185   273     7450.0000      Cuts: 85     5554   97.32%
      0     0      199.5263   260     7450.0000      Cuts: 77     5898   97.32%
      0     0      199.5296   252     7450.0000      Cuts: 77     6320   97.32%
      0     0      199.5340   251     7450.0000      Cuts: 67     6629   97.32%
      0     2      199.5340   251     7450.0000      199.5340     6629   97.32%
Elapsed time = 3.47 sec. (4831.32 ticks, tree = 0.00 MB, solutions = 1)
      9    11      202.1704   217     7450.0000      199.9236     8112   97.32%
     18    20      199.9236   217     7450.0000      199.9236     9600   97.32%
     31    33      201.9336   212     7450.0000      199.9236    11277   97.32%
     43    45      199.9845   220     7450.0000      199.9236    13014   97.32%
     50    52      200.2596   221     7450.0000      199.9236    14483   97.32%
     82    84      202.1757   199     7450.0000      199.9236    16017   97.32%
     95    97      202.3422   205     7450.0000      199.9236    18024   97.32%
    102   104      202.3422   206     7450.0000      199.9236    19671   97.32%
    110   112      200.3231   211     7450.0000      199.9236    20792   97.32%
    150   152      202.3434   206     7450.0000      199.9236    27466   97.32%
Elapsed time = 5.71 sec. (8369.83 ticks, tree = 0.64 MB, solutions = 1)
    180   182     1730.9042   117     7450.0000      199.9236    35619   97.32%
    205   207      270.0000   229     7450.0000      199.9236    42490   97.32%
    221   223      216.7195   207     7450.0000      199.9236    48953   97.32%
    245   247      910.0000   153     7450.0000      199.9236    59152   97.32%
    260   262      231.8020   187     7450.0000      199.9236    71095   97.32%
    269   269      600.0000   156     7450.0000      199.9236    82484   97.32%
    299   299      231.9982   183     7450.0000      199.9236    89224   97.32%
    335   335     1790.4456    86     7450.0000      199.9236    98781   97.32%
    374   372      249.3724   161     7450.0000      199.9236   107055   97.32%
    429   427     2025.6811    49     7450.0000      199.9236   117611   97.32%
Elapsed time = 13.32 sec. (19131.95 ticks, tree = 2.44 MB, solutions = 1)
    452   450      273.2143   146     7450.0000      199.9236   127952   97.32%
    471   469      274.0937   144     7450.0000      199.9236   131728   97.32%
    486   484      302.3840   139     7450.0000      199.9236   143334   97.32%
*   488+  322                         2180.0000      291.9062   152318   86.61%
    488   323      601.0000   198     2180.0000      601.0000   182830   72.43%
    490   324      601.0000   255     2180.0000      601.0000   185982   72.43%
    491   324      603.0000   244     2180.0000      601.0000   189459   72.43%
    496   325      604.0000   242     2180.0000      601.0000   191281   72.43%
    498   325      749.0000   140     2180.0000      601.0000   194064   72.43%
    504   329      864.6126   129     2180.0000      601.0000   197670   72.43%
    514   334     1091.4457    88     2180.0000      601.0000   199842   72.43%
Elapsed time = 36.51 sec. (49868.50 ticks, tree = 1.73 MB, solutions = 2)
    525   337     1305.2896   103     2180.0000      601.0000   204821   72.43%
    533   341     1741.4004    81     2180.0000      601.0000   209233   72.43%
    538   345     1248.0000    81     2180.0000      601.0000   210537   72.43%
    545   347     1741.0015    78     2180.0000      601.0000   218931   72.43%
    550   347     1741.4004    87     2180.0000      601.0000   226927   72.43%
    562   351     1248.0000    81     2180.0000      601.0000   230448   72.43%
    579   360     1305.4450    90     2180.0000      601.0000   236106   72.43%
    591   368     1283.5755    95     2180.0000      601.0000   240135   72.43%
    599   370     1248.0000    79     2180.0000      601.0000   247367   72.43%
    619   378     1741.0015    48     2180.0000      601.0000   256585   72.43%
Elapsed time = 45.49 sec. (61147.81 ticks, tree = 1.98 MB, solutions = 2)
    626   381     1249.0000    55     2180.0000      601.0000   265825   72.43%
    634   382     1249.0000    59     2180.0000      601.0000   273962   72.43%
    646   385     1260.7944    45     2180.0000      601.0000   285336   72.43%
    657   385     1249.0000    51     2180.0000      601.0000   297063   72.43%
    668   390     1249.7735    47     2180.0000      601.0000   313075   72.43%
    679   391     1256.8089    46     2180.0000      601.0000   325295   72.43%
    688   392     1263.8465    46     2180.0000      601.0000   341317   72.43%
    700   397     1263.8460    40     2180.0000      601.0000   350189   72.43%
    716   404     1445.9572    38     2180.0000      601.0000   362468   72.43%
    734   411     1265.0000    39     2180.0000      601.0000   371664   72.43%
Elapsed time = 53.97 sec. (71821.21 ticks, tree = 2.31 MB, solutions = 2)
    768   425     1462.0000    37     2180.0000      601.0000   386763   72.43%
    827   438     1486.4013    28     2180.0000      601.0000   410802   72.43%
    835   434      602.1474   250     2180.0000      601.0000   419121   72.43%
    837   435      602.1695   243     2180.0000      601.0000   424495   72.43%
    840   436      605.9715   248     2180.0000      602.1474   430192   72.38%
    845   436      627.8365   217     2180.0000      602.1474   434173   72.38%
    852   438      635.0000   216     2180.0000      602.1474   437244   72.38%
    855   438      636.0000   208     2180.0000      602.1474   442494   72.38%
    857   438      656.0000   201     2180.0000      602.1474   447933   72.38%
    859   436     1082.8910   126     2180.0000      602.1474   453828   72.38%
Elapsed time = 62.33 sec. (83321.01 ticks, tree = 2.21 MB, solutions = 2)
    864   437      659.0000   199     2180.0000      602.1474   455530   72.38%
    867   437      663.7832   189     2180.0000      602.1474   460615   72.38%
    870   437     1082.8056   136     2180.0000      602.1474   468397   72.38%
    876   439     1082.8147   134     2180.0000      602.1474   472799   72.38%
    881   440      687.2830   192     2180.0000      602.1474   474893   72.38%
    888   444      720.2561   160     2180.0000      602.1474   477337   72.38%
    892   444     1082.8147   131     2180.0000      602.1474   483511   72.38%
    897   445      770.7798   157     2180.0000      602.1474   489700   72.38%
    904   446     1083.7915   140     2180.0000      602.1474   496317   72.38%
    916   448     1093.0000   102     2180.0000      602.1474   504264   72.38%
Elapsed time = 70.21 sec. (94642.30 ticks, tree = 2.27 MB, solutions = 2)
    927   451     1100.9096   114     2180.0000      602.1474   514503   72.38%
    948   458     1257.0000    89     2180.0000      602.1474   523243   72.38%
    965   467     1257.5105    97     2180.0000      602.1474   538094   72.38%
    986   476     1257.0000    95     2180.0000      602.1474   541715   72.38%
   1013   486     1257.0000    84     2180.0000      602.1474   552230   72.38%
   1067   517     1257.0000    71     2180.0000      602.1474   559279   72.38%
   1088   522     1265.0000    55     2180.0000      602.1474   571818   72.38%
   1101   525     1268.6081    56     2180.0000      602.1474   586594   72.38%
   1121   534     1269.0000    65     2180.0000      602.1474   595961   72.38%
   1128   535     1274.0000    69     2180.0000      602.1474   603561   72.38%
Elapsed time = 79.18 sec. (105498.93 ticks, tree = 2.21 MB, solutions = 2)
   1153   543     1328.0000    59     2180.0000      602.1474   619369   72.38%
   1188   557     1343.3732    41     2180.0000      602.1474   638353   72.38%
   1222   578     1338.0000    44     2180.0000      602.1474   659897   72.38%
   1254   603     1341.0000    48     2180.0000      602.1474   692654   72.38%
   1285   623     1856.6667    16     2180.0000      602.1474   722401   72.38%
*  1315   640      integral     0     2170.0000      602.1474   740296   72.25%
   1320   641      603.7483   236     2170.0000      602.2311   751929   72.25%
   1322   643      605.7106   230     2170.0000      603.0000   759955   72.21%
   1330   651      621.4076   224     2170.0000      603.0000   763936   72.21%
   1336   657     1010.9484    93     2170.0000      603.0000   774054   72.21%
Elapsed time = 86.82 sec. (115559.41 ticks, tree = 2.47 MB, solutions = 3)
   1341   662     1010.9629   114     2170.0000      603.0000   780883   72.21%
   1348   669     1010.9484    98     2170.0000      603.0000   787195   72.21%
   1355   676      695.5983   176     2170.0000      603.0000   794833   72.21%
   1360   680      711.7433   173     2170.0000      603.0000   802705   72.21%
   1366   683      756.5750   156     2170.0000      603.0000   810173   72.21%
   1377   688      819.0000   156     2170.0000      603.0000   816431   72.21%
   1387   695      865.1261   148     2170.0000      603.0000   821456   72.21%
   1402   703      910.7522   126     2170.0000      603.0000   828214   72.21%
   1414   707     1802.1183   107     2170.0000      603.0000   837776   72.21%
*  1488+  722                         2080.0000      603.0000   856509   71.01%
   1488   721     2130.0000    92     2080.0000      603.0000   856509   71.01%
Elapsed time = 96.48 sec. (128879.92 ticks, tree = 2.62 MB, solutions = 4)
   1514   747      835.3881   132     2080.0000      603.0000   917254   71.01%
*  1588+  808                         1920.0000      603.0000   929025   68.59%
*  1588+  807                         1900.0000      603.0000   929025   68.26%
   1588   809     1742.0000    90     1900.0000      603.0000   929025   68.26%
   1712   932      668.9047   192     1900.0000      603.6396   941014   68.23%
   1911  1126      833.1829   125     1900.0000      603.7483   955661   68.22%
   2092  1302      608.9790   225     1900.0000      603.7483   970998   68.22%
   2298  1504      831.4428   136     1900.0000      604.0000   986651   68.21%
   2377  1575     1776.0000    90     1900.0000      604.0000  1002054   68.21%
   2465  1652     1783.4198    73     1900.0000      604.0000  1024486   68.21%
   2525  1708      908.6822   127     1900.0000      604.0000  1040812   68.21%
   2690  1870      606.6940   230     1900.0000      604.0000  1056867   68.21%
Elapsed time = 124.92 sec. (167638.62 ticks, tree = 18.09 MB, solutions = 6)
   2807  1986     1808.0000    95     1900.0000      604.0000  1071485   68.21%
   2928  2104      978.2832   149     1900.0000      604.0000  1088835   68.21%
   3090  2255      605.1446   248     1900.0000      605.1446  1106944   68.15%
   3274  2437     1762.0000    64     1900.0000      605.1504  1123113   68.15%
   3383  2542     1748.0000    60     1900.0000      605.3009  1139833   68.14%
   3470  2620     1754.8599    36     1900.0000      605.3009  1165910   68.14%
*  3488+ 2634                         1890.0000      605.3009  1170386   67.97%
   3568  2715     1755.0000    69     1890.0000      605.4144  1180532   67.97%
   3712  2855      838.8570   128     1890.0000      605.7106  1196410   67.95%
   3890  3031      801.3120   125     1890.0000      606.7089  1212892   67.90%
   3987  3123     1822.0000    83     1890.0000      606.7089  1229007   67.90%
Elapsed time = 153.26 sec. (206593.16 ticks, tree = 50.55 MB, solutions = 7)
   4113  3244      833.9905   135     1890.0000      606.8969  1249727   67.89%
   4278  3406     1770.0000    67     1890.0000      606.8969  1265620   67.89%
   4388  3512     1796.0000    69     1890.0000      607.0359  1284395   67.88%
   4479  3599     1801.3156    49     1890.0000      607.0359  1310018   67.88%
*  4488+ 3544                         1870.0000      607.0359  1312196   67.54%
*  4488+ 3541                         1860.0000      607.0359  1312196   67.36%
   4582  3635     1809.0000    98     1860.0000      607.1837  1322980   67.36%
   4726  3776      974.4450   140     1860.0000      607.3918  1339816   67.34%
   4878  3925     1762.0000    78     1860.0000      607.3918  1357696   67.34%
   5010  4056     1813.6826    77     1860.0000      608.4932  1374919   67.29%
   5124  4166      944.2069   133     1860.0000      608.6793  1393823   67.28%
   5285  4317     1777.2079    74     1860.0000      608.6793  1416879   67.28%
Elapsed time = 181.83 sec. (245141.46 ticks, tree = 83.40 MB, solutions = 9)
   5362  4391     1741.0000    72     1860.0000      608.8794  1431576   67.26%
   5413  4440     1745.0000    69     1860.0000      608.8794  1453944   67.26%
   5488  4508     1757.0000    38     1860.0000      608.8794  1478610   67.26%
   5630  4648     1748.0000    60     1860.0000      608.9790  1495977   67.26%
   5797  4810     1764.0000    89     1860.0000      609.1231  1515127   67.25%
   5921  4932     1036.3757   109     1860.0000      610.3775  1534612   67.18%
   6105  5106      832.4907   118     1860.0000      610.5730  1552333   67.17%
   6300  5296     1729.2662    97     1860.0000      610.7519  1569129   67.16%
   6396  5389     1742.0000    65     1860.0000      610.7519  1591169   67.16%
*  6488+ 5463                         1850.0000      610.7519  1618606   66.99%
   6488  5465     1749.0000    45     1850.0000      610.7519  1618606   66.99%
Elapsed time = 211.53 sec. (283868.59 ticks, tree = 111.42 MB, solutions = 10)
   6690  5661      832.0631   126     1850.0000      610.9466  1638754   66.98%
   6890  5859      801.7960   106     1850.0000      612.3511  1654608   66.90%
   7079  6042     1828.0000    61     1850.0000      612.3511  1672246   66.90%
   7218  6179     1743.0000    74     1850.0000      612.7426  1690022   66.88%
   7365  6320     1752.3795    67     1850.0000      612.8777  1711628   66.87%
   7477  6423     1760.0000    27     1850.0000      612.8777  1738235   66.87%
*  7488+ 6204                         1820.0000      612.8777  1742120   66.33%
   7609  6322     1812.2741    84     1820.0000      612.8815  1754283   66.33%
   7727  6434     1780.0000    72     1820.0000      614.4211  1770577   66.24%
   7876  6575     1811.0000    50     1820.0000      614.4211  1794508   66.24%
   8088  6774     1815.0000    60     1820.0000      614.4924  1810269   66.24%
Elapsed time = 240.15 sec. (322595.57 ticks, tree = 139.94 MB, solutions = 11)
   8300  6978     1503.3338   105     1820.0000      614.8418  1828064   66.22%
   8408  7078     1760.4741    39     1820.0000      614.8418  1850223   66.22%
   8517  7171     1015.6393   107     1820.0000      614.9731  1875159   66.21%
   8658  7305     1799.5095    78     1820.0000      615.0250  1887963   66.21%
   8798  7440     1806.0000    78     1820.0000      615.0250  1910579   66.21%
   8935  7563      831.2260   107     1820.0000      616.6670  1933903   66.12%
   9220  7841     1811.9430    51     1820.0000      616.6670  1952013   66.12%
   9343  7957     1785.0000    35     1820.0000      616.9286  1970419   66.10%
   9437  8034     1798.0000    14     1820.0000      616.9286  2002026   66.10%
   9600  8179     1797.0000    76     1820.0000      617.0191  2017243   66.10%
Elapsed time = 273.51 sec. (361352.72 ticks, tree = 190.43 MB, solutions = 11)
   9729  8305     1277.4549   123     1820.0000      617.1691  2033670   66.09%
  10041  8616     1797.4263    56     1820.0000      618.8685  2047403   66.00%
* 10248+ 8225                         1810.0000      619.1943  2057671   65.79%
* 10248+ 7194                         1800.0000      619.1943  2057671   65.60%
  10248  7196     1755.0000    65     1800.0000      619.1943  2057671   65.60%
  10249  7197      763.1588   141     1800.0000      619.4989  2059178   65.58%
  10512  7456     1768.0000    53     1800.0000      620.2624  2075400   65.54%
  10638  7566     1084.3497   128     1800.0000      621.2782  2098952   65.48%
  10948  7869     1761.0000    58     1800.0000      621.3454  2116462   65.48%
  11165  8075     1742.0000    58     1800.0000      621.4076  2136820   65.48%
  11388  8289     1748.3962    48     1800.0000      623.8254  2154386   65.34%
  11574  8469     1780.3805    14     1800.0000      623.8254  2180528   65.34%
Elapsed time = 342.97 sec. (432720.82 ticks, tree = 190.70 MB, solutions = 13)
  11816  8699        cutoff           1800.0000      623.8907  2200323   65.34%
  12051  8926     1772.0523    40     1800.0000      624.0499  2218949   65.33%
  12260  9131     1790.7134    51     1800.0000      624.0756  2237338   65.33%
  12467  9325     1742.3842    84     1800.0000      625.8132  2254079   65.23%
* 12488+ 8277                         1790.0000      625.8132  2254529   65.04%
  12649  8429     1010.9629   105     1790.0000      626.4531  2269503   65.00%
  12921  8695     1743.0000    51     1790.0000      626.7250  2286358   64.99%
  13050  8810     1739.6809    79     1790.0000      627.0000  2311093   64.97%
  13215  8955     1527.3996   110     1790.0000      629.1887  2332088   64.85%
  13410  9137      985.9710   132     1790.0000      629.7744  2346137   64.82%
  13670  9385     1785.2987    49     1790.0000      631.0000  2361400   64.75%
Elapsed time = 383.92 sec. (471155.71 ticks, tree = 199.19 MB, solutions = 14)
  13949  9655     1758.0000    39     1790.0000      632.0607  2378461   64.69%
  14047  9729     1068.5054   132     1790.0000      632.1720  2405835   64.68%
  14215  9861      942.1297   123     1790.0000      632.6139  2421747   64.66%
  14486 10123     1789.0000    35     1790.0000      635.3394  2440887   64.51%
  14556 10184      848.4162   131     1790.0000      635.7524  2459269   64.48%
  14831 10446     1922.6145    25     1790.0000      635.7524  2480708   64.48%
  14975 10575     1761.0000    34     1790.0000      636.0000  2502933   64.47%
  15076 10657     1504.3479   123     1790.0000      637.3014  2530658   64.40%
  15226 10800     1766.8946    85     1790.0000      638.3509  2543292   64.34%
  15444 10999     1755.0000    33     1790.0000      638.8937  2560138   64.31%
Elapsed time = 415.18 sec. (509771.58 ticks, tree = 232.67 MB, solutions = 14)
  15493 11038      831.6459   127     1790.0000      639.1493  2587864   64.29%
  15688 11215     1010.4183    92     1790.0000      642.2986  2600080   64.12%
  15846 11359     1744.6860    43     1790.0000      642.5866  2615342   64.10%
  15948 11457     1761.7706    20     1790.0000      642.5866  2644875   64.10%
  16077 11574     1787.7745    81     1790.0000      644.1355  2673491   64.01%
  16272 11747     1590.8772   115     1790.0000      646.0549  2688344   63.91%
  16473 11933     1010.4183    94     1790.0000      649.2984  2705014   63.73%
  16708 12153     1741.4004    69     1790.0000      650.1254  2720109   63.68%
  16944 12364     1759.5896    80     1790.0000      651.8770  2737409   63.58%
  17199 12602     1779.8656    59     1790.0000      653.9635  2752575   63.47%
Elapsed time = 443.56 sec. (548885.78 ticks, tree = 282.73 MB, solutions = 14)
  17499 12891     1773.0000    41     1790.0000      654.2329  2768285   63.45%
  17732 13094     1780.6051    61     1790.0000      656.0921  2785015   63.35%
  17905 13251     1732.2684   112     1790.0000      658.7830  2798200   63.20%
  18048 13383     1776.6667    21     1790.0000      658.7830  2819575   63.20%
  18157 13480     1778.2091    69     1790.0000      658.9028  2836887   63.19%
  18453 13730     1788.2683    41     1790.0000      659.0000  2851839   63.18%
  18608 13876     1754.0143    62     1790.0000      663.6246  2867692   62.93%
  18749 13997      838.4922   114     1790.0000      664.2329  2888891   62.89%
  19029 14250      888.6829   136     1790.0000      666.6607  2903499   62.76%
  19187 14393     1760.0000    52     1790.0000      667.2080  2919957   62.73%
Elapsed time = 471.86 sec. (587413.96 ticks, tree = 311.97 MB, solutions = 14)
  19264 14455      931.3001   128     1790.0000      668.9301  2944241   62.63%
  19488 14661      837.6031   119     1790.0000      669.1051  2958886   62.62%
  19682 14839      970.9434   121     1790.0000      674.7622  2975305   62.30%
  19918 15061     1729.2029   105     1790.0000      675.0000  2990371   62.29%
  20168 15288     1751.0000    45     1790.0000      681.1037  3004129   61.95%
  20283 15401     1770.0000    23     1790.0000      681.1037  3024142   61.95%
  20488 15574     1741.3997    66     1790.0000      681.8563  3040771   61.91%
  20590 15673     1750.2516    57     1790.0000      681.8563  3063720   61.91%
  20672 15752     1767.0000    19     1790.0000      681.8563  3090983   61.91%
  20769 15830     1073.8519   119     1790.0000      687.9895  3112558   61.56%
Elapsed time = 501.00 sec. (626559.50 ticks, tree = 351.22 MB, solutions = 14)
  21073 16103      931.3001   123     1790.0000      692.1490  3126583   61.33%
  21328 16338     1741.0015    54     1790.0000      695.2975  3142858   61.16%
  21648 16641     1785.0000    16     1790.0000      695.2975  3164651   61.16%
  21873 16835     1506.0196   106     1790.0000      700.2656  3182440   60.88%
  22215 17144     1510.5201   109     1790.0000      700.9490  3199470   60.84%
  22367 17272     1748.7579    58     1790.0000      700.9490  3213095   60.84%
  22604 17502     1742.0069    45     1790.0000      700.9499  3233034   60.84%
  22843 17719     1518.8615   113     1790.0000      700.9512  3254114   60.84%
  23055 17913     1238.3413   121     1790.0000      700.9687  3275435   60.84%
  23351 18194     1238.3413    94     1790.0000      701.6151  3299165   60.80%
Elapsed time = 529.70 sec. (665788.04 ticks, tree = 396.45 MB, solutions = 14)
  23515 18348     1776.6667    21     1790.0000      701.6151  3313390   60.80%
  23799 18602     1755.5556    72     1790.0000      702.7066  3327632   60.74%
  24116 18900     1533.7340   114     1790.0000      703.3173  3341531   60.71%
  24448 19215     1532.8018   106     1790.0000      703.3603  3362942   60.71%
  24588 19347     1745.6525    61     1790.0000      703.3603  3366921   60.71%
  24758 19508     1787.5092    24     1790.0000      703.3603  3383879   60.71%
* 24988+16364                         1770.0000      703.4106  3398522   60.26%
  24988 16366     1756.0000    52     1770.0000      703.4106  3398522   60.26%
  25141 16496     1757.3333    44     1770.0000      703.4930  3419976   60.25%
  25279 16624     1763.3333    85     1770.0000      706.8509  3431764   60.06%
  25488 16821     1763.3333    25     1770.0000      711.6914  3445772   59.79%
Elapsed time = 559.39 sec. (704836.94 ticks, tree = 374.03 MB, solutions = 15)
  25628 16932     1548.1415    91     1770.0000      712.1557  3461782   59.77%
  25788 17085     1516.4091   111     1770.0000      712.4562  3475890   59.75%
  26088 17363      886.1002   151     1770.0000      713.4628  3488306   59.69%
  26288 17502      834.8257   127     1770.0000      722.4562  3501957   59.18%
  26427 17601      834.0394   128     1770.0000      731.5098  3516240   58.67%
  26635 17802     1042.2053   116     1770.0000      731.7334  3534931   58.66%
  26741 17890     1744.4283    83     1770.0000      741.7986  3544471   58.09%
  26853 17984     1108.0694   125     1770.0000      745.1557  3560535   57.90%
  27000 18112     1751.3772    58     1770.0000      746.1469  3570016   57.84%
  27227 18303     1503.8969   126     1770.0000      759.2365  3588536   57.11%
Elapsed time = 590.59 sec. (746415.58 ticks, tree = 418.57 MB, solutions = 15)
  27392 18460      991.8332   120     1770.0000      760.3054  3601444   57.04%
  27588 18621     1493.1617   101     1770.0000      775.1441  3618105   56.21%

Clique cuts applied:  3
Implied bound cuts applied:  98
Flow cuts applied:  196
Mixed integer rounding cuts applied:  118
Zero-half cuts applied:  2
Lift and project cuts applied:  14

Root node processing (before b&c):
  Real time             =    3.42 sec. (4775.98 ticks)
Sequential b&c:
  Real time             =  596.58 sec. (754482.94 ticks)
                          ------------
Total (root+branch&cut) =  600.00 sec. (759258.93 ticks)
