Tried aggregator 2 times.
MIP Presolve eliminated 138 rows and 40 columns.
MIP Presolve modified 84 coefficients.
Aggregator did 11 substitutions.
Reduced MIP has 156 rows, 229 columns, and 773 nonzeros.
Reduced MIP has 123 binaries, 2 generals, 0 SOSs, and 0 indicators.
Presolve time = 0.00 sec. (1.11 ticks)
Found incumbent of value 1350.000000 after 0.00 sec. (2.22 ticks)
Probing time = 0.00 sec. (0.61 ticks)
Cover probing fixed 0 vars, tightened 70 bounds.
Tried aggregator 1 time.
MIP Presolve modified 63 coefficients.
Reduced MIP has 156 rows, 229 columns, and 773 nonzeros.
Reduced MIP has 123 binaries, 4 generals, 0 SOSs, and 0 indicators.
Presolve time = 0.00 sec. (0.49 ticks)
Probing fixed 0 vars, tightened 2 bounds.
Probing time = 0.00 sec. (0.60 ticks)
Clique table members: 262.
MIP emphasis: balance optimality and feasibility.
MIP search method: dynamic search.
Parallel mode: none, using 1 thread.
Root relaxation solution time = 0.00 sec. (0.95 ticks)

        Nodes                                         Cuts/
   Node  Left     Objective  IInf  Best Integer    Best Bound    ItCnt     Gap

*     0+    0                         1350.0000       60.0000       79   95.56%
      0     0      120.6986    39     1350.0000      120.6986       79   91.06%
      0     0      151.0808    37     1350.0000      Cuts: 41      371   88.81%
      0     0      166.1222    31     1350.0000      Cuts: 40      511   87.69%
      0     0      173.1598    36     1350.0000      Cuts: 28      567   87.17%
      0     0      199.6546    35     1350.0000      Cuts: 28      638   85.21%
      0     0      199.9848    36     1350.0000      Cuts: 12      656   85.19%
      0     0      200.4321    41     1350.0000      Cuts: 11      668   85.15%
      0     0      200.4321    39     1350.0000       Cuts: 4      675   85.15%
      0     0      200.4321    36     1350.0000   Flowcuts: 1      679   85.15%
*     0+    0                          400.0000      200.4321      679   49.89%
*     0+    0                          386.0000      200.4321      679   48.07%
      0     2      200.4321    36      386.0000      200.4366      679   48.07%
Elapsed time = 0.09 sec. (79.01 ticks, tree = 0.00 MB, solutions = 3)
*    89    71      integral     0      370.0000      201.5678     2343   45.52%
*   160+  116                          330.0000      201.7803     3615   38.85%
*   260+  182                          320.0000      203.0972     5708   36.53%
    878   621      217.1163    33      320.0000      207.1887    17170   35.25%
    988   698      250.0000    46      320.0000      250.0000    22739   21.87%
   1093   662      253.4425    37      320.0000      251.1045    25205   21.53%
   1496   709      261.5756    30      320.0000      253.8823    32513   20.66%
   1925   789      286.3320    25      320.0000      255.0569    42280   20.29%
   2258   893      269.4975    29      320.0000      256.1908    50487   19.94%
   2694  1161      287.6122    15      320.0000      257.6482    60621   19.48%
   3012  1332      268.8422    28      320.0000      258.6934    70667   19.16%
   4520  2139        cutoff            320.0000      261.8760   107222   18.16%
Elapsed time = 3.31 sec. (3302.52 ticks, tree = 1.29 MB, solutions = 6)
   5819  2676      307.4791    19      320.0000      264.2907   144794   17.41%
   7094  3117      275.0973    26      320.0000      266.2126   183204   16.81%
   8434  3588      300.1101    15      320.0000      267.9388   222287   16.27%
   9848  3983    infeasible            320.0000      269.6546   261984   15.73%
  10868  4225      288.6865    23      320.0000      270.9552   293531   15.33%
  12211  4451      277.7794    20      320.0000      272.4624   333556   14.86%
  13610  4719      281.6287    26      320.0000      273.5972   374822   14.50%
  15058  4876      313.1813    20      320.0000      275.0093   415779   14.06%
  16530  5036      296.0581    22      320.0000      276.5288   456607   13.58%
  18006  5087        cutoff            320.0000      277.9498   497213   13.14%
Elapsed time = 12.87 sec. (12871.41 ticks, tree = 2.12 MB, solutions = 6)
  19488  5074      285.8805    21      320.0000      279.6972   539208   12.59%
  21061  5030        cutoff            320.0000      281.8826   578840   11.91%
  22556  4884        cutoff            320.0000      284.0949   620634   11.22%
  24233  4608      301.4385    20      320.0000      286.9415   663466   10.33%
  25849  4154        cutoff            320.0000      290.0000   707671    9.37%
  27045  4230      302.7480    18      320.0000      290.0000   762207    9.37%
  28197  4281        cutoff            320.0000      290.0000   816765    9.37%
  30056  3530      309.0909    13      320.0000      294.6852   860043    7.91%
  31876  2621      300.0000    10      320.0000      300.0000   909071    6.25%
  33116  2524      302.8882    16      320.0000      300.0000   964865    6.25%
Elapsed time = 22.10 sec. (22414.62 ticks, tree = 1.01 MB, solutions = 6)
  35027  1387      307.4582    20      320.0000      306.4426  1013877    4.24%

GUB cover cuts applied:  10
Cover cuts applied:  2
Implied bound cuts applied:  57
Flow cuts applied:  39
Mixed integer rounding cuts applied:  38
Zero-half cuts applied:  2
Lift and project cuts applied:  8

Root node processing (before b&c):
  Real time             =    0.09 sec. (79.01 ticks)
Sequential b&c:
  Real time             =   23.27 sec. (23672.18 ticks)
                          ------------
Total (root+branch&cut) =   23.36 sec. (23751.19 ticks)
