Tried aggregator 2 times.
MIP Presolve eliminated 1030 rows and 153 columns.
MIP Presolve modified 333 coefficients.
Aggregator did 37 substitutions.
Reduced MIP has 1098 rows, 1928 columns, and 7047 nonzeros.
Reduced MIP has 998 binaries, 2 generals, 0 SOSs, and 0 indicators.
Presolve time = 0.01 sec. (8.12 ticks)
Found incumbent of value 3850.000000 after 0.02 sec. (17.71 ticks)
Probing fixed 0 vars, tightened 1 bounds.
Probing time = 0.01 sec. (5.70 ticks)
Tried aggregator 1 time.
Reduced MIP has 1098 rows, 1928 columns, and 7047 nonzeros.
Reduced MIP has 998 binaries, 22 generals, 0 SOSs, and 0 indicators.
Presolve time = 0.00 sec. (3.70 ticks)
Probing time = 0.00 sec. (3.07 ticks)
Clique table members: 2450.
MIP emphasis: balance optimality and feasibility.
MIP search method: dynamic search.
Parallel mode: none, using 1 thread.
Root relaxation solution time = 0.02 sec. (33.63 ticks)

        Nodes                                         Cuts/
   Node  Left     Objective  IInf  Best Integer    Best Bound    ItCnt     Gap

*     0+    0                         3850.0000        0.0000      603  100.00%
      0     0      108.9096   133     3850.0000      108.9096      603   97.17%
      0     0      110.6702   135     3850.0000      Cuts: 31     1263   97.13%
      0     0      191.1944   130     3850.0000      Cuts: 92     2092   95.03%
      0     0      206.5390   121     3850.0000      Cuts: 68     2487   94.64%
*     0+    0                         1470.0000      206.5390     2487   85.95%
*     0+    0                         1360.0000      206.5390     2487   84.81%
*     0+    0                         1090.0000      206.5390     2487   81.05%
      0     0      206.7535   121     1090.0000      Cuts: 26     2666   81.03%
      0     0      208.2147   112     1090.0000      Cuts: 64     2794   80.90%
      0     0      208.2401   112     1090.0000      Cuts: 15     2834   80.90%
      0     0      208.2926   115     1090.0000      Cuts: 14     2986   80.89%
      0     0      208.2926   116     1090.0000      Cuts: 15     3000   80.89%
      0     0      208.2926   115     1090.0000       Cuts: 8     3016   80.89%
      0     2      208.2926   115     1090.0000      208.2926     3016   80.89%
Elapsed time = 0.94 sec. (1221.77 ticks, tree = 0.00 MB, solutions = 4)
     30    32      218.5684    95     1090.0000      208.2926     5534   80.89%
     70    72      223.5353    88     1090.0000      208.2926     8169   80.89%
    140   142      247.1596    73     1090.0000      208.2926     9597   80.89%
    200   202      259.7508    69     1090.0000      208.2926    12431   80.89%
    240   240      284.4015    63     1090.0000      208.2926    14893   80.89%
    290   290      323.8140    51     1090.0000      208.2926    18665   80.89%
    320   318      344.9688    51     1090.0000      208.2926    22294   80.89%
    347   345      411.1602    46     1090.0000      208.2926    26316   80.89%
    398   387      997.4038    15     1090.0000      208.2926    30890   80.89%
*   470+  300                         1020.0000      303.0484    36500   70.29%
*   470+  200                          990.0000      303.0484    36500   69.39%
    470   201      571.0000   125      990.0000      571.0000    46205   42.32%
Elapsed time = 6.28 sec. (8021.91 ticks, tree = 2.36 MB, solutions = 6)
    479   206      573.0000   134      990.0000      571.0000    48512   42.32%
    494   215      575.0000   139      990.0000      571.0000    50715   42.32%
    523   233      646.0000    70      990.0000      571.0000    58093   42.32%
    573   249      754.0000    50      990.0000      571.0000    69508   42.32%
    703   278      901.3046    25      990.0000      571.0000   103842   42.32%
    750   278      774.0000    72      990.0000      571.0000   118295   42.32%
    844   319      794.5281    18      990.0000      571.0000   140119   42.32%
    919   356      571.0000   143      990.0000      571.0000   163439   42.32%
   1011   440      792.9558    52      990.0000      571.0000   169952   42.32%
   1106   528      669.0000    54      990.0000      571.0000   176748   42.32%
Elapsed time = 14.24 sec. (18358.31 ticks, tree = 3.07 MB, solutions = 6)
   1257   671      748.0000    61      990.0000      571.0000   186502   42.32%
   1310   717      835.0000    52      990.0000      571.0000   193324   42.32%
   1390   787      856.0000    31      990.0000      571.0000   205573   42.32%
   1457   836      659.3485    66      990.0000      571.0000   218645   42.32%
   1603   974      793.0000    60      990.0000      571.0000   227368   42.32%
   1705  1069      734.0309    62      990.0000      571.0000   237517   42.32%
   1865  1211      792.0000    42      990.0000      571.0000   245977   42.32%
   2047  1383      757.0000    49      990.0000      572.2266   255304   42.20%
   2198  1529      783.0000    43      990.0000      572.2523   264182   42.20%
   2336  1663      786.0000    43      990.0000      572.2777   273678   42.19%
Elapsed time = 21.64 sec. (28060.55 ticks, tree = 13.04 MB, solutions = 6)
   2441  1765      816.5577    26      990.0000      572.2777   288478   42.19%
*  2470+ 1785                          960.0000      572.2777   293263   40.39%
*  2470+ 1775                          930.0000      572.2777   293263   38.46%
*  2470+ 1770                          900.0000      572.2777   293263   36.41%
   2611  1902      749.1365    61      900.0000      572.3721   299257   36.40%
   2831  2111      808.0000    39      900.0000      572.3980   308314   36.40%
   3057  2318      808.1936    38      900.0000      572.3980   320890   36.40%
   3270  2521      889.0509    33      900.0000      572.4236   331892   36.40%
   3470  2709      892.0000    32      900.0000      572.8489   341536   36.35%
   3694  2923      859.7353    32      900.0000      572.8690   352201   36.35%
   3878  3084      860.0000    17      900.0000      572.9437   364509   36.34%
   4083  3278      897.0000    55      900.0000      572.9698   375186   36.34%
   4230  3406      874.1195    15      900.0000      572.9966   386257   36.33%
Elapsed time = 29.11 sec. (37735.51 ticks, tree = 40.09 MB, solutions = 9)
   4442  3607      889.0000    21      900.0000      573.0000   396003   36.33%
   4470  3622      573.0000   133      900.0000      573.0000   398535   36.33%
   4577  3719      574.0234   127      900.0000      573.0000   409907   36.33%
   4765  3899      636.9575    73      900.0000      573.0000   419280   36.33%
   4918  4035      642.0520    83      900.0000      573.0000   432795   36.33%
   5031  4130      574.7896   126      900.0000      573.0000   443445   36.33%
   5213  4298      843.5000    30      900.0000      573.0000   453718   36.33%
   5422  4489      849.0000    44      900.0000      573.0000   463780   36.33%
   5572  4628      842.7878    35      900.0000      573.2808   475018   36.30%
   5723  4764      853.0802    49      900.0000      573.2809   487512   36.30%
Elapsed time = 37.10 sec. (48022.86 ticks, tree = 59.80 MB, solutions = 9)
   5954  4983      865.6711    19      900.0000      573.8661   498298   36.24%
   6182  5189      869.0000    42      900.0000      573.8938   509187   36.23%
   6365  5353      863.8667    46      900.0000      573.8938   519124   36.23%
   6500  5479      880.0000    29      900.0000      573.8938   527082   36.23%
   6662  5616      891.0000    26      900.0000      574.0000   538302   36.22%
   6880  5807      780.4348    32      900.0000      574.0159   549325   36.22%
   7139  6048      627.4937    72      900.0000      574.0266   559073   36.22%
   7342  6230      867.5055    31      900.0000      574.0518   568043   36.22%
   7496  6362      648.2756    71      900.0000      574.0948   577020   36.21%
   7782  6634      843.3998    26      900.0000      574.1105   585839   36.21%
Elapsed time = 44.45 sec. (57640.64 ticks, tree = 89.94 MB, solutions = 9)
   7944  6788      870.0000    14      900.0000      574.1105   596029   36.21%
   8186  7003      579.9377   111      900.0000      574.1487   604888   36.21%
   8451  7237      842.5000    36      900.0000      574.2123   613117   36.20%
   8553  7327      873.0000    21      900.0000      574.2123   623308   36.20%
   8852  7584      890.2907    52      900.0000      574.2123   632128   36.20%
   9135  7853      773.1030    44      900.0000      574.3089   641070   36.19%
   9345  8039      695.5458    53      900.0000      574.3089   651242   36.19%
   9667  8341      892.2735    28      900.0000      574.3609   661580   36.18%
*  9870+ 8014                          890.0000      574.3879   671348   35.46%
*  9870+ 7393                          880.0000      574.3879   671348   34.73%
   9870  7395      850.0654    30      880.0000      574.3879   671348   34.73%
   9871  7396      576.3829   112      880.0000      574.3879   671391   34.73%
Elapsed time = 56.99 sec. (72584.62 ticks, tree = 100.76 MB, solutions = 11)
  10232  7738      838.0429    36      880.0000      574.4735   681452   34.72%
  10443  7934      664.6004    59      880.0000      574.4839   691924   34.72%
  10614  8099      872.9407    29      880.0000      574.5082   699252   34.71%
  10811  8279      840.3765    22      880.0000      574.5423   708893   34.71%
  11053  8497      833.5399    27      880.0000      574.6386   719392   34.70%
  11351  8778      857.8643    33      880.0000      574.6450   729568   34.70%
  11554  8941      682.9626    68      880.0000      574.6637   737270   34.70%
  11749  9126      852.7172    22      880.0000      574.6725   748579   34.70%
  11952  9305      844.2510    56      880.0000      575.0000   759605   34.66%
  12086  9421      663.9035    70      880.0000      575.0000   770577   34.66%
Elapsed time = 64.38 sec. (82171.96 ticks, tree = 131.76 MB, solutions = 11)
  12288  9606      864.8756    30      880.0000      575.0000   780087   34.66%
  12423  9732      578.2204   122      880.0000      575.0000   788061   34.66%
  12570  9863      577.8765   129      880.0000      575.0000   798917   34.66%
  12743 10020      575.7757   134      880.0000      575.0000   808911   34.66%
  12914 10183      835.4339    24      880.0000      575.0190   818318   34.66%
  13072 10309      867.5721    19      880.0000      575.0975   827939   34.65%
  13298 10515      630.0064    92      880.0000      575.6349   836746   34.59%
  13470 10677      771.8550    44      880.0000      575.6528   844291   34.58%
  13633 10821      694.1076    67      880.0000      575.6788   853388   34.58%
  13920 11080      651.4934    72      880.0000      575.7282   861451   34.58%
Elapsed time = 71.84 sec. (92155.16 ticks, tree = 148.00 MB, solutions = 11)
  14092 11233      849.8658    30      880.0000      575.7457   871761   34.57%
  14422 11536      871.8294    23      880.0000      575.7457   881396   34.57%
* 14470+10334                          870.0000      575.7457   882800   33.82%
  14652 10499      741.5632    62      870.0000      575.7744   887421   33.82%
  14932 10763      857.8796    24      870.0000      575.7757   897709   33.82%
  15216 11020      713.4933    44      870.0000      575.7757   908185   33.82%
  15405 11182      660.8434    51      870.0000      575.7757   920067   33.82%
  15665 11418      577.6359   122      870.0000      575.7757   929707   33.82%
  15929 11658      867.9145    32      870.0000      575.7757   939782   33.82%
  16150 11844      867.6035    17      870.0000      575.7757   951485   33.82%
  17138 12755      842.1995    46      870.0000      575.7966   991825   33.82%
Elapsed time = 81.33 sec. (104586.50 ticks, tree = 161.35 MB, solutions = 12)
  18089 13631      703.5575    66      870.0000      575.8615  1034640   33.81%
  18929 14385      802.7606    48      870.0000      576.1793  1074993   33.77%
  19733 15123      752.4310    37      870.0000      576.2573  1114190   33.76%
  20470 15787      587.5574   104      870.0000      576.3856  1150546   33.75%
  21385 16635      840.5807    38      870.0000      576.5462  1187357   33.73%
  22188 17371      842.1693    42      870.0000      576.7628  1222702   33.71%
  23318 18405      867.7996    19      870.0000      577.1377  1261809   33.66%
  24166 19162      695.1033    66      870.0000      577.5488  1300835   33.62%
  25104 20023      847.9361    24      870.0000      577.6152  1338181   33.61%
  26091 20943      653.7353    62      870.0000      577.7014  1376761   33.60%
Elapsed time = 110.65 sec. (142999.16 ticks, tree = 270.15 MB, solutions = 12)
  26910 21673      850.1168    27      870.0000      577.7218  1414539   33.60%
  27899 22574      625.2168    85      870.0000      577.7340  1454183   33.59%
  28626 23229      584.4625   105      870.0000      577.7694  1491202   33.59%
  29470 23990      656.7271    74      870.0000      577.9132  1526318   33.57%
  30327 24759      840.5806    31      870.0000      578.0499  1560204   33.56%
  31097 25456      855.0301    29      870.0000      578.1725  1594936   33.54%
  31940 26191      838.2568    25      870.0000      578.2158  1628325   33.54%
  32760 26925      841.4886    29      870.0000      578.2734  1668423   33.53%
  33499 27596      848.0000    17      870.0000      578.3371  1703018   33.52%
  34474 28496      855.0000    44      870.0000      578.4313  1743089   33.51%
Elapsed time = 139.69 sec. (181489.00 ticks, tree = 375.16 MB, solutions = 12)
  35470 29391      863.4181    31      870.0000      578.4573  1783879   33.51%
  36470 30300      846.1852    40      870.0000      578.5137  1823535   33.50%
  37444 31185      848.0022    31      870.0000      578.5709  1866165   33.50%
  38432 32071      836.2872    30      870.0000      578.6272  1903578   33.49%
  39320 32882      865.2394    38      870.0000      578.7398  1941403   33.48%
  40192 33670      856.0000    40      870.0000      578.8144  1978071   33.47%
  41054 34421      672.7807    62      870.0000      579.0046  2016287   33.45%
  41821 35095      668.5778    60      870.0000      579.3693  2050564   33.41%
  42919 36067      842.7427    29      870.0000      579.6396  2086972   33.37%
  43833 36864      858.4483    32      870.0000      579.7472  2122555   33.36%
Elapsed time = 168.83 sec. (219946.88 ticks, tree = 497.05 MB, solutions = 12)
  44791 37683      657.6096    60      870.0000      579.7930  2162973   33.36%
  45684 38471      594.3579   100      870.0000      579.8156  2203136   33.35%
  46640 39336      857.8266    42      870.0000      579.8761  2242273   33.35%
  47536 40128      660.8313    63      870.0000      579.9443  2281129   33.34%
  48590 41074      855.4026    35      870.0000      579.9930  2320252   33.33%
  49671 42060        cutoff            870.0000      580.0465  2361138   33.33%
  50670 42966      767.1336    44      870.0000      580.1145  2400302   33.32%
  51378 43594      653.1195    63      870.0000      580.1540  2436988   33.32%
  52376 44500      833.6614    36      870.0000      580.2585  2472211   33.30%
  53251 45264      840.5631    39      870.0000      580.3368  2508062   33.29%
Elapsed time = 197.63 sec. (258203.22 ticks, tree = 624.01 MB, solutions = 12)
  54088 46003      863.0909    32      870.0000      580.4038  2543950   33.29%
  55172 46990      853.4066    43      870.0000      580.5537  2579593   33.27%
  55962 47706      660.9799    65      870.0000      580.5946  2620726   33.26%
  57018 48674      868.1444    27      870.0000      580.6163  2659958   33.26%
  57887 49465      721.9164    63      870.0000      580.6717  2697561   33.26%
  58789 50294      857.8333    24      870.0000      580.7340  2735677   33.25%
  59885 51287      862.0494    31      870.0000      580.7776  2777638   33.24%
  60834 52151      857.5000    29      870.0000      580.8884  2815923   33.23%
  61810 53019      868.1016    26      870.0000      580.9606  2852034   33.22%
  62929 53991      704.6292    57      870.0000      581.0236  2893406   33.22%
Elapsed time = 226.67 sec. (296390.58 ticks, tree = 735.42 MB, solutions = 12)
  63838 54785      857.5081    34      870.0000      581.1335  2930552   33.20%
  64684 55532      659.5113    63      870.0000      581.3890  2966369   33.17%
  65577 56328      845.1207    33      870.0000      581.7759  3004776   33.13%
  66535 57159      668.6818    59      870.0000      581.8780  3040785   33.12%
  67445 57952      764.6159    51      870.0000      581.9303  3077670   33.11%
  68462 58866      842.6041    36      870.0000      582.0066  3115592   33.10%
  69331 59625      855.8590    33      870.0000      582.0381  3155625   33.10%
  70280 60481      848.2994    36      870.0000      582.0587  3193253   33.10%
  71196 61290      700.8493    66      870.0000      582.0975  3229110   33.09%
  72119 62112      709.5429    56      870.0000      582.1444  3266906   33.09%
Elapsed time = 255.34 sec. (334628.14 ticks, tree = 857.62 MB, solutions = 12)
  73042 62912      821.0666    40      870.0000      582.1700  3306605   33.08%
  73925 63671      842.5000    30      870.0000      582.1754  3343612   33.08%
  74771 64410      860.6358    23      870.0000      582.2098  3385420   33.08%
  75950 65470      865.0000    17      870.0000      582.2474  3421804   33.08%
  76753 66177      850.5072    27      870.0000      582.2741  3460258   33.07%
  77482 66809      777.4055    60      870.0000      582.3291  3497697   33.07%
  78358 67594      857.8717    21      870.0000      582.3937  3534905   33.06%
  79140 68285      665.1502    58      870.0000      582.4506  3574203   33.05%
  79870 68928      842.7614    25      870.0000      582.4804  3607995   33.05%
  80945 69886      760.4708    50      870.0000      582.5390  3644094   33.04%
Elapsed time = 284.00 sec. (372872.57 ticks, tree = 983.12 MB, solutions = 12)
  82046 70859      837.9584    19      870.0000      582.5859  3681290   33.04%
  83000 71707      853.0684    27      870.0000      582.6407  3718321   33.03%
  83838 72417      652.9093    57      870.0000      582.6840  3756800   33.02%
  84671 73160      852.5000    37      870.0000      582.7159  3795412   33.02%
  85634 74021      838.3342    28      870.0000      582.7992  3835680   33.01%
  86578 74868      853.2332    31      870.0000      582.8503  3876291   33.01%
  87361 75539      860.0000    27      870.0000      582.9129  3917464   33.00%
  88325 76398      661.8164    58      870.0000      582.9676  3958084   32.99%
  89309 77255      661.0131    66      870.0000      583.0514  3995044   32.98%
  90225 78070      860.8323    17      870.0000      583.1108  4032466   32.98%
Elapsed time = 312.78 sec. (411082.39 ticks, tree = 1098.42 MB, solutions = 12)
  90974 78698      600.5761    89      870.0000      583.1930  4073968   32.97%
  91895 79526      862.5000    24      870.0000      583.2536  4109694   32.96%
  92738 80278      669.2423    61      870.0000      583.3636  4147065   32.95%
  93543 80983      734.3803    72      870.0000      583.5838  4183120   32.92%
  94477 81786      719.3770    56      870.0000      583.6837  4219534   32.91%
  95416 82613      668.7307    65      870.0000      583.8013  4260413   32.90%
  96449 83488      675.2488    59      870.0000      584.0528  4296284   32.87%
  97360 84278      859.8602    39      870.0000      584.0956  4338208   32.86%
  98237 85056      840.7926    46      870.0000      584.2404  4376422   32.85%
  99104 85814      782.3754    49      870.0000      584.3040  4413969   32.84%
Elapsed time = 341.51 sec. (449290.42 ticks, tree = 1202.76 MB, solutions = 12)
 100148 86729      865.4075    48      870.0000      584.3615  4453312   32.83%
 101305 87735      790.3140    50      870.0000      584.3970  4490855   32.83%
 102208 88548      855.0432    20      870.0000      584.4223  4529542   32.83%
 103264 89478      741.0581    68      870.0000      584.4839  4568356   32.82%
 104426 90525      852.7190    52      870.0000      584.5772  4607234   32.81%
 105370 91348      844.5804    45      870.0000      584.6531  4644458   32.80%
 106185 92066      823.8576    47      870.0000      584.6932  4680900   32.79%
 106899 92686      865.9222    38      870.0000      584.7171  4718451   32.79%
 107801 93494      853.0371    34      870.0000      584.7667  4752647   32.79%
 108692 94275      604.0671    91      870.0000      584.8059  4785809   32.78%
Elapsed time = 370.14 sec. (487511.86 ticks, tree = 1330.97 MB, solutions = 12)
 109698 95151      865.3348    30      870.0000      584.8341  4822299   32.78%
 110551 95912      666.8124    67      870.0000      584.8903  4856824   32.77%
 111470 96707      653.1559    72      870.0000      584.9052  4894156   32.77%
 112329 97450      651.1129    70      870.0000      584.9348  4934198   32.77%
 113295 98322      862.6305    29      870.0000      584.9754  4973758   32.76%
 114226 99137      837.5489    40      870.0000      585.0182  5012117   32.76%
 115077 99869      676.3428    64      870.0000      585.0664  5049265   32.75%
 115997 100696      769.8422    54      870.0000      585.1021  5086139   32.75%
 116945 101541      857.7360    59      870.0000      585.1245  5125388   32.74%
 117825 102286      588.3615    99      870.0000      585.1757  5162391   32.74%
Elapsed time = 399.01 sec. (525947.14 ticks, tree = 1442.53 MB, solutions = 12)
 118945 103289        cutoff            870.0000      585.2141  5203292   32.73%
 119788 104051      865.9715    22      870.0000      585.2299  5240840   32.73%
 120850 104957      669.9180    48      870.0000      585.2880  5281243   32.73%
 121682 105685      838.0314    59      870.0000      585.3309  5320276   32.72%
 122425 106326      845.7522    32      870.0000      585.3609  5361845   32.72%
 123455 107250      848.0470    28      870.0000      585.4050  5400031   32.71%
 124226 107950      862.7885    38      870.0000      585.4423  5439971   32.71%
 125170 108783      857.5000    26      870.0000      585.4697  5477644   32.70%
 126142 109647      673.2353    55      870.0000      585.4977  5513333   32.70%
 127019 110405      675.4930    65      870.0000      585.5965  5549325   32.69%
Elapsed time = 427.58 sec. (564154.42 ticks, tree = 1574.77 MB, solutions = 12)
 128055 111321      700.6721    49      870.0000      585.6432  5586199   32.68%
 128986 112129      734.2902    65      870.0000      585.7170  5620427   32.68%
 129897 112949      865.0000    26      870.0000      585.7767  5655663   32.67%
 130875 113808      855.8682    41      870.0000      585.8911  5694912   32.66%
 131838 114670      796.1145    41      870.0000      586.0543  5733856   32.64%
 132725 115411      593.4053   100      870.0000      586.1839  5776187   32.62%
 133598 116200      702.5778    59      870.0000      586.2356  5816690   32.62%
 134518 116995      683.8120    63      870.0000      586.3786  5856442   32.60%
 135470 117864      667.9176    59      870.0000      586.4760  5895807   32.59%
 136470 118752      820.5069    61      870.0000      586.6225  5934420   32.57%
Elapsed time = 456.73 sec. (602725.91 ticks, tree = 1679.07 MB, solutions = 12)
 137470 119660      790.6074    64      870.0000      586.6960  5973676   32.56%
 138438 120499      785.3461    55      870.0000      586.7817  6013378   32.55%
 139203 121169      865.9940    25      870.0000      586.8626  6053342   32.54%
 140127 121957      805.4581    52      870.0000      586.9925  6092323   32.53%
 141128 122838      848.1120    36      870.0000      587.0298  6126712   32.53%
 142015 123627      861.1149    29      870.0000      587.0653  6162671   32.52%
 142910 124371        cutoff            870.0000      587.1110  6201585   32.52%
 143780 125152      744.7892    74      870.0000      587.1408  6238171   32.51%
 144685 125957      812.6816    51      870.0000      587.1675  6274768   32.51%
 145724 126875      848.3547    30      870.0000      587.2153  6311217   32.50%
Elapsed time = 485.61 sec. (641334.94 ticks, tree = 1807.22 MB, solutions = 12)
 146723 127783      668.3911    65      870.0000      587.2825  6351300   32.50%
 147880 128795      842.8707    39      870.0000      587.3581  6388456   32.49%
 148839 129660      854.0000    32      870.0000      587.4038  6429452   32.48%
 149635 130363      587.6636   102      870.0000      587.4362  6465997   32.48%
 150470 131101      862.5913    17      870.0000      587.4716  6504017   32.47%
 151470 131977      836.4853    38      870.0000      587.5206  6542947   32.47%
 152462 132843      852.9377    41      870.0000      587.5624  6584232   32.46%
 153320 133604      713.7892    52      870.0000      587.5902  6620476   32.46%
 154291 134486      701.8134    48      870.0000      587.6326  6661697   32.46%
 155284 135392      840.9204    36      870.0000      587.6658  6699471   32.45%
Elapsed time = 514.40 sec. (679781.31 ticks, tree = 1933.69 MB, solutions = 12)
 156426 136400      664.0723    71      870.0000      587.6876  6736832   32.45%
 157336 137202      656.1734    62      870.0000      587.7537  6775825   32.44%
 158292 138046      791.3495    42      870.0000      587.7821  6810842   32.44%
 159205 138866      671.6692    68      870.0000      587.8131  6847251   32.44%
 160059 139610      664.8366    67      870.0000      587.8554  6883149   32.43%
 160870 140299      591.5463    92      870.0000      587.8937  6918328   32.43%
 161995 141289      837.5211    40      870.0000      587.9367  6956707   32.42%
 162795 141973      845.6349    37      870.0000      587.9928  6995068   32.41%
 163740 142802      623.6002    73      870.0000      588.0470  7036555   32.41%
 164244 143243      841.0014    29      870.0000      588.0660  7059899   32.41%
Elapsed time = 543.38 sec. (717996.86 ticks, tree = 2052.37 MB, solutions = 12)
Nodefile size = 4.85 MB (3.63 MB after compression)
 164670 143628      845.9856    37      870.0000      588.0789  7073977   32.40%
 165170 144039      850.3629    33      870.0000      588.0944  7094561   32.40%
 165650 144449        cutoff            870.0000      588.1141  7113805   32.40%
 165990 144747      640.8205    78      870.0000      588.1398  7128388   32.40%
 166470 145178      865.9565    23      870.0000      588.1626  7150061   32.40%
 166970 145596      847.9739    22      870.0000      588.1972  7167649   32.39%
 167535 146086      757.3012    44      870.0000      588.2306  7187807   32.39%
 167735 146255      847.5097    27      870.0000      588.2354  7198612   32.39%
 168170 146654      840.8231    33      870.0000      588.2493  7217934   32.39%
 168570 146995      863.3854    41      870.0000      588.2600  7237892   32.38%
Elapsed time = 578.44 sec. (759030.23 ticks, tree = 2102.43 MB, solutions = 12)
Nodefile size = 54.57 MB (40.64 MB after compression)
 168990 147367      845.0000    19      870.0000      588.2711  7253224   32.38%
 169389 147706      860.7802    43      870.0000      588.2774  7269401   32.38%
 169770 148031      718.9652    68      870.0000      588.2937  7281923   32.38%
 170370 148575      855.0000    33      870.0000      588.3217  7305163   32.38%
 170870 149009      811.4486    44      870.0000      588.3248  7322868   32.38%
 171270 149364      673.1343    61      870.0000      588.3455  7339516   32.37%

GUB cover cuts applied:  3
Cover cuts applied:  1
Implied bound cuts applied:  40
Flow cuts applied:  195
Mixed integer rounding cuts applied:  53
Zero-half cuts applied:  1
Lift and project cuts applied:  23

Root node processing (before b&c):
  Real time             =    0.93 sec. (1211.26 ticks)
Sequential b&c:
  Real time             =  599.09 sec. (783016.42 ticks)
                          ------------
Total (root+branch&cut) =  600.02 sec. (784227.68 ticks)
