Tried aggregator 2 times.
MIP Presolve eliminated 1014 rows and 154 columns.
MIP Presolve modified 300 coefficients.
Aggregator did 37 substitutions.
Reduced MIP has 1145 rows, 1970 columns, and 7198 nonzeros.
Reduced MIP has 1039 binaries, 2 generals, 0 SOSs, and 0 indicators.
Presolve time = 0.01 sec. (8.29 ticks)
Found incumbent of value 3850.000000 after 0.02 sec. (18.67 ticks)
Probing fixed 0 vars, tightened 2 bounds.
Probing time = 0.01 sec. (7.60 ticks)
Tried aggregator 1 time.
Reduced MIP has 1145 rows, 1970 columns, and 7198 nonzeros.
Reduced MIP has 1039 binaries, 16 generals, 0 SOSs, and 0 indicators.
Presolve time = 0.00 sec. (3.81 ticks)
Probing time = 0.00 sec. (2.83 ticks)
Clique table members: 3694.
MIP emphasis: balance optimality and feasibility.
MIP search method: dynamic search.
Parallel mode: none, using 1 thread.
Root relaxation solution time = 0.02 sec. (34.86 ticks)

        Nodes                                         Cuts/
   Node  Left     Objective  IInf  Best Integer    Best Bound    ItCnt     Gap

*     0+    0                         3850.0000        0.0000      668  100.00%
      0     0       89.9402   153     3850.0000       89.9402      668   97.66%
      0     0       92.7097   139     3850.0000      Cuts: 46     1228   97.59%
      0     0      168.1162   130     3850.0000      Cuts: 88     1907   95.63%
      0     0      176.3590   129     3850.0000      Cuts: 79     2225   95.42%
*     0+    0                         2020.0000      176.3590     2225   91.27%
*     0+    0                         1810.0000      176.3590     2225   90.26%
*     0+    0                         1700.0000      176.3590     2225   89.63%
*     0+    0                         1110.0000      176.3590     2225   84.11%
*     0+    0                         1070.0000      176.3590     2225   83.52%
      0     0      176.7277   133     1070.0000      Cuts: 29     2315   83.48%
      0     0      178.7851   128     1070.0000      Cuts: 85     2470   83.29%
      0     0      178.7862   128     1070.0000      Cuts: 24     2514   83.29%
      0     0      178.7862   126     1070.0000       Cuts: 6     2537   83.29%
      0     2      178.7862   117     1070.0000      178.7862     2537   83.29%
Elapsed time = 0.92 sec. (1171.46 ticks, tree = 0.00 MB, solutions = 6)
     21    23      193.3058   105     1070.0000      179.3702     4365   83.24%
    167   169      298.2534    59     1070.0000      179.3702     6736   83.24%
    213   207      874.3410    34     1070.0000      179.3702     9551   83.24%
    295   283      622.3506    29     1070.0000      179.3702    14269   83.24%
    360   344      233.7175    76     1070.0000      181.8600    17051   83.00%
    418   402      243.6182    68     1070.0000      181.8600    21707   83.00%
    448   432      298.1978    56     1070.0000      181.8600    24537   83.00%
    480   464      262.5532    67     1070.0000      181.8600    28794   83.00%
    515   491      359.1237    47     1070.0000      181.8600    33870   83.00%
*   519+  329                         1040.0000      506.7733    48127   51.27%
*   519+  218                         1030.0000      506.7733    48127   50.80%
*   519+  145                          960.0000      506.7733    48127   47.21%
    519   146      507.0000   117      960.0000      507.0000    48127   47.19%
Elapsed time = 5.87 sec. (7463.77 ticks, tree = 0.25 MB, solutions = 9)
    527   147      515.0000   131      960.0000      512.2102    51902   46.64%
    534   150      532.3703   119      960.0000      512.2102    53655   46.64%
    556   162      843.0000    60      960.0000      512.2102    56711   46.64%
    659   152    infeasible            960.0000      515.0000    68584   46.35%
    715   173      944.0000    56      960.0000      517.2804    79061   46.12%
    867   250      522.5896   127      960.0000      520.0000   102613   45.83%
    959   332      906.0000    58      960.0000      520.0000   115418   45.83%
   1070   429      753.6626    64      960.0000      520.4605   129370   45.79%
   1139   491      945.0000    38      960.0000      520.4605   142318   45.79%
   1238   565      631.3546    81      960.0000      523.0011   155351   45.52%
Elapsed time = 13.52 sec. (17179.58 ticks, tree = 0.81 MB, solutions = 9)
   1447   739      959.0000    39      960.0000      528.7514   168700   44.92%
   1519   795      547.0599   113      960.0000      529.0000   178084   44.90%
   1689   945      938.8163    32      960.0000      529.3085   191934   44.86%
   1860  1096      958.0000    46      960.0000      530.6995   204278   44.72%
   1990  1205      941.0000    35      960.0000      532.5038   217784   44.53%
   2099  1303      946.0000    11      960.0000      532.5038   233757   44.53%
   2269  1414      945.0000    25      960.0000      533.0918   245676   44.47%
   2459  1566      538.4238   109      960.0000      536.5311   259590   44.11%
   2648  1723      956.0000    20      960.0000      539.4315   275563   43.81%
   2733  1779    infeasible            960.0000      541.0831   291021   43.64%
Elapsed time = 21.53 sec. (27029.61 ticks, tree = 2.06 MB, solutions = 9)
   2896  1926      951.4167    18      960.0000      542.3640   306480   43.50%
   2985  1996      946.7561    47      960.0000      545.5359   317958   43.17%
   3153  2151      949.0000    31      960.0000      547.5764   334738   42.96%
   3296  2275      952.2375    32      960.0000      548.5611   349837   42.86%
   3450  2397      950.0000    26      960.0000      557.2562   363588   41.95%
   3672  2523      941.0000    42      960.0000      567.9557   376859   40.84%
   3884  2691      907.4534    73      960.0000      576.0060   391503   40.00%
   4094  2838        cutoff            960.0000      584.6187   406758   39.10%
   4351  3024      949.0000    40      960.0000      601.7024   422257   37.32%
   4654  3285      955.0000    40      960.0000      608.3949   438072   36.63%
Elapsed time = 29.54 sec. (36695.38 ticks, tree = 3.72 MB, solutions = 9)
   4865  3475      948.0000    31      960.0000      615.5998   453034   35.88%
   5070  3634      948.1316    36      960.0000      623.8380   465714   35.02%
   5292  3827      955.0000    43      960.0000      624.7980   480912   34.92%
   5567  4059      946.7240    25      960.0000      635.1220   494176   33.84%
   5859  4315      945.0000    36      960.0000      640.5141   507891   33.28%
   6080  4530      956.8253    30      960.0000      640.6630   521894   33.26%
   6319  4739      951.0000    39      960.0000      651.3828   537376   32.15%
   6534  4911      934.9782    50      960.0000      666.5377   553305   30.57%
   6878  5224      951.0000    35      960.0000      671.3642   568627   30.07%
   7134  5458      950.7619    41      960.0000      677.2956   584676   29.45%
Elapsed time = 37.58 sec. (46335.86 ticks, tree = 6.15 MB, solutions = 9)
   7334  5644      958.9146    39      960.0000      677.2956   602123   29.45%
   7400  5703      945.0000    33      960.0000      678.0000   617213   29.37%
   7575  5851      948.0000    38      960.0000      678.0000   630928   29.37%
   7699  5968      948.0000    21      960.0000      678.5730   645527   29.32%
   7841  6093      949.0000    40      960.0000      679.0390   659059   29.27%
   8044  6261      937.1428    59      960.0000      681.0000   672965   29.06%
   8218  6411      943.3881    40      960.0000      681.0000   684498   29.06%
   8359  6531      897.5619    41      960.0000      681.0000   697390   29.06%
   8557  6701      950.0000    39      960.0000      681.0000   708984   29.06%
   8718  6844      956.8350    25      960.0000      681.0000   721991   29.06%
Elapsed time = 45.48 sec. (56019.04 ticks, tree = 7.57 MB, solutions = 9)
   8939  7032      894.7157    53      960.0000      681.0000   733622   29.06%
   9108  7179      940.0516    32      960.0000      681.2577   744931   29.04%
   9279  7316      951.0000    42      960.0000      682.5130   761096   28.90%
   9428  7442      956.7326    35      960.0000      683.2278   775208   28.83%
   9659  7655      951.0249    31      960.0000      684.0000   790047   28.75%
   9904  7879      943.5318    37      960.0000      684.8433   804978   28.66%
  10164  8104      950.8778    26      960.0000      684.8433   819842   28.66%
  10413  8330      944.0000    37      960.0000      684.8433   833726   28.66%
  10626  8514      947.4286    38      960.0000      687.3403   848957   28.40%
  10882  8755      954.0000    33      960.0000      687.9428   862384   28.34%
Elapsed time = 53.39 sec. (65647.61 ticks, tree = 9.81 MB, solutions = 9)
  10900  8767      935.5000    59      960.0000      687.9428   865447   28.34%
  11215  9020      949.0000    28      960.0000      687.9428   878257   28.34%
  11538  9272      907.8911    40      960.0000      688.9775   890013   28.23%
  11801  9505      947.0000    30      960.0000      689.0000   905271   28.23%
  12043  9711      945.0000    42      960.0000      689.0000   920215   28.23%
  12311  9948      932.7994    58      960.0000      689.0000   935213   28.23%
  12679 10273      954.0000    36      960.0000      691.8008   946367   27.94%
  12967 10522      948.3571    26      960.0000      696.4530   960925   27.45%
  13105 10638      924.1063    57      960.0000      696.9543   979557   27.40%
  13264 10762      948.0000    21      960.0000      696.9543   998779   27.40%
Elapsed time = 61.41 sec. (75331.45 ticks, tree = 12.09 MB, solutions = 9)
  13468 10934      917.0000    49      960.0000      698.0000  1018593   27.29%
  13586 11021      945.0000    38      960.0000      698.0000  1034321   27.29%
  13708 11120      914.0751    52      960.0000      698.0000  1051422   27.29%
  13819 11197      945.0000    30      960.0000      700.2857  1066916   27.05%
  13931 11299      947.0000    41      960.0000      701.0000  1083490   26.98%
  14122 11466      947.2320    34      960.0000      701.0000  1100591   26.98%
  14266 11587      951.0000    32      960.0000      701.0000  1118564   26.98%
  14412 11713      948.0000    29      960.0000      701.0000  1137877   26.98%
  14513 11787      945.0000    46      960.0000      702.0000  1156190   26.88%
  14635 11886      953.5364    46      960.0000      706.3512  1165421   26.42%
Elapsed time = 69.66 sec. (84974.31 ticks, tree = 13.13 MB, solutions = 9)
  14789 11989      949.6184    28      960.0000      718.6580  1180801   25.14%
  14941 12091    infeasible            960.0000      733.4407  1196849   23.60%
  15067 12189      957.0000    37      960.0000      744.5917  1214546   22.44%
  15199 12295      944.0000    42      960.0000      747.7150  1232271   22.11%
  15373 12440      951.0000    28      960.0000      750.2526  1250333   21.85%
  15530 12559      953.3333    23      960.0000      750.7439  1269795   21.80%
  15676 12672        cutoff            960.0000      755.3287  1287880   21.32%
  15805 12774      956.0702    60      960.0000      760.9586  1303876   20.73%
  15929 12874        cutoff            960.0000      762.9657  1321784   20.52%
  16519 13347      943.3878    43      960.0000      787.4181  1388156   17.98%
Elapsed time = 80.49 sec. (97536.08 ticks, tree = 14.62 MB, solutions = 9)
  17021 13756      957.0000    57      960.0000      805.3546  1441040   16.11%
  17439 14112        cutoff            960.0000      818.2195  1493643   14.77%
  18051 14640    infeasible            960.0000      822.6446  1558529   14.31%
  18547 14996      939.0000    48      960.0000      831.7444  1619682   13.36%
  19233 15576      930.5000    51      960.0000      832.1854  1684261   13.31%
  19783 16034      942.0000    34      960.0000      832.1854  1752591   13.31%
  20356 16530      946.6227    44      960.0000      832.1854  1816699   13.31%
  20955 17040      948.0000    38      960.0000      832.1934  1876697   13.31%
  21478 17482      939.0000    46      960.0000      832.9605  1935012   13.23%
  21946 17890      958.0000    44      960.0000      835.0395  1994129   13.02%
Elapsed time = 114.39 sec. (135778.83 ticks, tree = 19.71 MB, solutions = 9)
  22439 18277      954.0000    34      960.0000      840.6808  2056122   12.43%
  23045 18795      944.0000    42      960.0000      842.6224  2119851   12.23%
  23416 19114      944.0000    35      960.0000      842.6224  2184545   12.23%
  23854 19493      944.0000    54      960.0000      842.6224  2244350   12.23%
  24503 19972      939.8629    53      960.0000      853.5565  2315819   11.09%
  25080 20390      957.0000    51      960.0000      872.1320  2376277    9.15%
  25617 20843      941.0000    46      960.0000      875.5058  2434327    8.80%
  26063 21224      956.7326    37      960.0000      876.0000  2486908    8.75%
  26457 21521      958.0000    31      960.0000      876.0000  2540703    8.75%
  26929 21896      944.0000    43      960.0000      876.6457  2591320    8.68%
Elapsed time = 150.11 sec. (174015.23 ticks, tree = 24.97 MB, solutions = 9)
  27494 22379      957.9689    47      960.0000      877.4503  2649992    8.60%
  27944 22733      951.0000    30      960.0000      881.5430  2705239    8.17%
  28424 23120      945.0000    28      960.0000      889.3636  2761409    7.36%
  29102 23689      958.0000    31      960.0000      890.4774  2817984    7.24%
  29519 24022      939.0000    26      960.0000      891.4300  2874919    7.14%
  29915 24352      943.4457    30      960.0000      891.4319  2933022    7.14%
  30421 24787      947.4951    40      960.0000      892.2791  2991414    7.05%
  30669 24990      953.3245    51      960.0000      892.2791  3040689    7.05%
  31002 25270      951.3064    41      960.0000      894.0520  3095554    6.87%
  31352 25555      958.0000    47      960.0000      894.5451  3151571    6.82%
Elapsed time = 193.57 sec. (212315.15 ticks, tree = 30.37 MB, solutions = 9)
  31707 25851        cutoff            960.0000      894.7552  3201293    6.80%
  32115 26191      944.0000    45      960.0000      894.8319  3260353    6.79%
  32553 26576      943.0000    50      960.0000      895.5771  3310275    6.71%
  33014 26931        cutoff            960.0000      897.1170  3366302    6.55%
  33692 27510      958.0000    30      960.0000      897.8457  3424783    6.47%
  34288 27997      944.0000    25      960.0000      897.8457  3495433    6.47%
  34975 28578      949.0000    40      960.0000      898.2304  3565647    6.43%
  35569 29069      946.6667    27      960.0000      898.2304  3633147    6.43%
  36093 29506      941.0000    54      960.0000      898.2304  3700406    6.43%
  36612 29933      958.3298    35      960.0000      898.2304  3761908    6.43%
Elapsed time = 230.95 sec. (250567.89 ticks, tree = 36.73 MB, solutions = 9)
  37118 30343      948.2313    57      960.0000      898.2304  3828943    6.43%
  37673 30791      928.4228    39      960.0000      898.2304  3887015    6.43%
  38255 31292      953.3333    41      960.0000      898.2304  3945595    6.43%
  38749 31689      952.0000    40      960.0000      898.6676  4006383    6.39%
  39329 32166      942.0000    59      960.0000      899.6078  4071716    6.29%
  39778 32514      958.0000    35      960.0000      900.2374  4131105    6.23%
  40439 33042      958.0000    40      960.0000      900.6358  4197230    6.18%
  40944 33449      944.0000    27      960.0000      901.0303  4262063    6.14%
  41612 34003      947.2796    36      960.0000      901.1873  4331243    6.13%
  42254 34554      930.5000    47      960.0000      901.2150  4397197    6.12%
Elapsed time = 263.28 sec. (288853.67 ticks, tree = 43.49 MB, solutions = 9)
  42748 34981      940.0516    32      960.0000      901.2150  4456727    6.12%
  43237 35398      942.0000    57      960.0000      901.9934  4520611    6.04%
  43837 35883        cutoff            960.0000      902.0000  4577383    6.04%
  44483 36426      946.0000    38      960.0000      902.0000  4640619    6.04%
  45014 36873      954.7931    53      960.0000      902.0000  4701047    6.04%
  45743 37482      958.0000    20      960.0000      902.0000  4770435    6.04%
  46468 38060      947.0000    32      960.0000      902.0000  4849490    6.04%
  47057 38507      954.0000    44      960.0000      902.0000  4917048    6.04%
  47727 39064      950.0605    35      960.0000      902.0000  4983819    6.04%
  48506 39736      951.0000    26      960.0000      902.0000  5054085    6.04%
Elapsed time = 295.85 sec. (327070.37 ticks, tree = 49.22 MB, solutions = 9)
  49241 40362      951.0000    36      960.0000      902.0425  5116727    6.04%
  49935 40936      945.7247    29      960.0000      902.1968  5180171    6.02%
  50653 41523      950.0602    28      960.0000      902.2036  5247978    6.02%
  51435 42110      954.2236    38      960.0000      902.8748  5308480    5.95%
  51976 42544      951.0000    36      960.0000      903.1111  5365947    5.93%
  52585 43005      912.9162    42      960.0000      903.1111  5425503    5.93%
  53137 43420      951.0000    15      960.0000      903.1111  5487742    5.93%
  53726 43878        cutoff            960.0000      903.1111  5549876    5.93%
  54472 44483      944.0000    33      960.0000      903.1111  5609979    5.93%
  55081 44989      944.0000    33      960.0000      903.1111  5672822    5.93%
Elapsed time = 328.06 sec. (365312.28 ticks, tree = 54.88 MB, solutions = 9)
  55716 45503      951.0000    28      960.0000      903.1111  5740992    5.93%
  56299 45976      959.0000    35      960.0000      903.1111  5810031    5.93%
  57014 46542      918.5003    48      960.0000      903.1111  5878329    5.93%
  57580 47020      944.0000    20      960.0000      903.1111  5942397    5.93%
  58162 47460      956.7326    42      960.0000      903.1111  6013077    5.93%
  58815 47986      957.0000    20      960.0000      903.1111  6080185    5.93%
  59519 48541      944.0710    32      960.0000      903.1111  6144967    5.93%
  60197 49098      954.0386    21      960.0000      903.1111  6211197    5.93%
  60817 49576        cutoff            960.0000      903.1111  6272597    5.93%
  61354 50018      951.0000    24      960.0000      903.1111  6337992    5.93%
Elapsed time = 360.40 sec. (403546.77 ticks, tree = 60.58 MB, solutions = 9)
  61969 50498      958.4007    39      960.0000      903.1111  6396689    5.93%
  62519 50927      952.0000    35      960.0000      903.1111  6458762    5.93%
  63157 51405      951.0000    27      960.0000      903.1111  6524891    5.93%
  63760 51854      956.7326    34      960.0000      903.1111  6586826    5.93%
  64390 52353      922.3255    52      960.0000      903.1111  6654443    5.93%
  64977 52839      944.0000    16      960.0000      903.1111  6718714    5.93%
  65724 53444      912.4324    42      960.0000      903.1111  6790203    5.93%
  66344 53920      956.7326    48      960.0000      903.1111  6865446    5.93%
  67103 54528      945.0000    28      960.0000      903.1111  6936308    5.93%
  67867 55138      945.0000    38      960.0000      903.1111  7009415    5.93%
Elapsed time = 393.11 sec. (441975.50 ticks, tree = 66.28 MB, solutions = 9)
  68516 55679      957.0000    32      960.0000      903.1111  7076453    5.93%
  69237 56264      947.0000    25      960.0000      903.1111  7142849    5.93%
  70106 56952      926.3315    47      960.0000      903.1111  7208156    5.93%
  70839 57540      951.0000    31      960.0000      903.1111  7271164    5.93%
  71627 58164        cutoff            960.0000      903.1111  7339858    5.93%
  72522 58845      903.1111    46      960.0000      903.1111  7407286    5.93%
  73215 59359      940.0516    30      960.0000      903.1111  7471457    5.93%
  74017 60014      944.0000    10      960.0000      903.1111  7543816    5.93%
  74941 60738      957.6209    40      960.0000      903.1111  7615689    5.93%
  75821 61437        cutoff            960.0000      903.1111  7691537    5.93%
Elapsed time = 425.24 sec. (480174.04 ticks, tree = 73.35 MB, solutions = 9)
  76669 62093      912.9162    29      960.0000      903.1111  7764612    5.93%
  77520 62793      951.0000    29      960.0000      903.1111  7834862    5.93%
  78522 63631      950.0602    32      960.0000      903.1111  7910219    5.93%
  79249 64206      958.0000    25      960.0000      903.1111  7983082    5.93%
  79999 64808      951.0000    20      960.0000      903.1111  8050324    5.93%
  80778 65412      943.3878    27      960.0000      903.1111  8115997    5.93%
  81519 65969      934.1981    35      960.0000      903.1111  8181697    5.93%
  82326 66592      914.8707    38      960.0000      903.1111  8252949    5.93%
  83131 67252      953.7252    18      960.0000      903.1111  8317420    5.93%
  83911 67864      954.0000    28      960.0000      903.1111  8386060    5.93%
Elapsed time = 457.59 sec. (518411.02 ticks, tree = 82.50 MB, solutions = 9)
  84732 68521      919.7944    47      960.0000      903.1111  8455424    5.93%
  85557 69186      951.0000    48      960.0000      903.1111  8519896    5.93%
  86363 69827      912.9162    36      960.0000      903.1111  8587795    5.93%
  87169 70463      930.7805    36      960.0000      903.1111  8660196    5.93%
  87931 71058      935.5000    40      960.0000      903.1111  8726377    5.93%
  88673 71605      943.3878    43      960.0000      903.1111  8788776    5.93%
  89394 72173      957.1495    38      960.0000      903.1111  8853099    5.93%
  90057 72709      951.0000    28      960.0000      903.1111  8918731    5.93%
  91024 73521        cutoff            960.0000      903.1697  8986109    5.92%
  91706 74063      945.0000    35      960.0000      903.5676  9044246    5.88%
Elapsed time = 489.53 sec. (556626.55 ticks, tree = 89.50 MB, solutions = 9)
  92499 74656      921.1386    38      960.0000      904.1797  9108635    5.81%
  93186 75229      958.0000    30      960.0000      904.1797  9164783    5.81%
  93786 75730      944.0000    30      960.0000      904.1797  9222665    5.81%
  94374 76216      951.0000    27      960.0000      904.1797  9282551    5.81%
  94940 76673      910.7692    58      960.0000      904.1797  9342419    5.81%
  95519 77157      921.7967    51      960.0000      904.1797  9402981    5.81%
  96114 77624      958.4946    38      960.0000      904.1797  9468620    5.81%
  96796 78181      959.0000    21      960.0000      904.1797  9531517    5.81%
  97506 78744      948.1714    35      960.0000      904.1797  9596151    5.81%
  98311 79390      904.1797    43      960.0000      904.1797  9663962    5.81%
Elapsed time = 521.41 sec. (594885.90 ticks, tree = 95.55 MB, solutions = 9)
  99014 79947      954.0000    16      960.0000      904.1797  9731597    5.81%
  99926 80696        cutoff            960.0000      904.1797  9797682    5.81%
 100813 81403      951.0000    34      960.0000      904.1797  9865744    5.81%
 101577 82004      956.7326    20      960.0000      904.1797  9934061    5.81%
 102428 82701      947.0000    41      960.0000      904.1797 10006439    5.81%
 103192 83310      955.0000    16      960.0000      904.1797 10077656    5.81%
 103737 83736      951.0000    28      960.0000      904.1797 10123111    5.81%
 104019 83942      959.0000    28      960.0000      904.1797 10144888    5.81%
 104419 84274      951.0000    27      960.0000      904.1797 10176189    5.81%
 104819 84590      948.0000    22      960.0000      904.1797 10206307    5.81%
Elapsed time = 555.01 sec. (633730.43 ticks, tree = 101.52 MB, solutions = 9)
 105219 84892      957.0000    22      960.0000      904.1797 10237710    5.81%
 105706 85291      946.0000    38      960.0000      904.1797 10279235    5.81%
 106040 85558      941.4231    37      960.0000      904.1797 10307833    5.81%
 106519 85942      914.7831    63      960.0000      904.1797 10344973    5.81%
 106988 86326      910.6753    47      960.0000      904.1797 10385106    5.81%
 107353 86624      906.8172    60      960.0000      904.1797 10423725    5.81%
 107772 86958      915.4622    30      960.0000      904.1797 10468494    5.81%
 108136 87246      918.6581    55      960.0000      904.1797 10499010    5.81%
 108619 87624      954.0000    18      960.0000      904.1797 10531134    5.81%
 109106 88014      904.1797    31      960.0000      904.1797 10580094    5.81%
Elapsed time = 589.44 sec. (672628.15 ticks, tree = 105.51 MB, solutions = 9)
 109590 88418      944.1997    12      960.0000      904.1797 10622101    5.81%
 110089 88823      956.7326    29      960.0000      904.1797 10660518    5.81%

GUB cover cuts applied:  2
Clique cuts applied:  6
Cover cuts applied:  8
Implied bound cuts applied:  89
Flow cuts applied:  158
Mixed integer rounding cuts applied:  52
Zero-half cuts applied:  4
Lift and project cuts applied:  13

Root node processing (before b&c):
  Real time             =    0.92 sec. (1171.50 ticks)
Sequential b&c:
  Real time             =  599.08 sec. (683258.71 ticks)
                          ------------
Total (root+branch&cut) =  600.00 sec. (684430.21 ticks)
