Tried aggregator 2 times.
MIP Presolve eliminated 1802 rows and 266 columns.
MIP Presolve modified 424 coefficients.
Aggregator did 48 substitutions.
Reduced MIP has 1930 rows, 3436 columns, and 12435 nonzeros.
Reduced MIP has 1794 binaries, 2 generals, 0 SOSs, and 0 indicators.
Presolve time = 0.01 sec. (14.08 ticks)
Found incumbent of value 5600.000000 after 0.04 sec. (36.56 ticks)
Probing fixed 0 vars, tightened 1 bounds.
Probing time = 0.02 sec. (11.35 ticks)
Tried aggregator 2 times.
MIP Presolve eliminated 2 rows and 1 columns.
Aggregator did 1 substitutions.
Reduced MIP has 1927 rows, 3434 columns, and 12429 nonzeros.
Reduced MIP has 1793 binaries, 24 generals, 0 SOSs, and 0 indicators.
Presolve time = 0.01 sec. (12.43 ticks)
Probing time = 0.00 sec. (3.59 ticks)
Clique table members: 8516.
MIP emphasis: balance optimality and feasibility.
MIP search method: dynamic search.
Parallel mode: none, using 1 thread.
Root relaxation solution time = 0.05 sec. (74.80 ticks)

        Nodes                                         Cuts/
   Node  Left     Objective  IInf  Best Integer    Best Bound    ItCnt     Gap

*     0+    0                         5600.0000        0.0000      957  100.00%
      0     0      102.8978   216     5600.0000      102.8978      957   98.16%
      0     0      104.0310   198     5600.0000      Cuts: 40     1510   98.14%
      0     0      200.3803   197     5600.0000      Cuts: 94     2039   96.42%
      0     0      202.0821   195     5600.0000      Cuts: 90     2491   96.39%
      0     0      202.2684   199     5600.0000      Cuts: 51     2906   96.39%
      0     0      202.2694   191     5600.0000      Cuts: 62     3225   96.39%
      0     0      202.2695   188     5600.0000      Cuts: 47     3638   96.39%
      0     0      202.2695   178     5600.0000      Cuts: 13     3858   96.39%
      0     0      202.2695   181     5600.0000      Cuts: 32     4126   96.39%
*     0+    0                         5599.0000      202.2695     4126   96.39%
      0     2      202.2695   163     5599.0000      202.2695     4126   96.39%
Elapsed time = 1.74 sec. (2350.29 ticks, tree = 0.00 MB, solutions = 2)
     10    12      202.2741   187     5599.0000      202.2695     8231   96.39%
     20    22      205.5740   175     5599.0000      202.2695    10863   96.39%
     40    42      204.7895   168     5599.0000      202.2695    11259   96.39%
     80    82      202.2741   173     5599.0000      202.2695    13385   96.39%
    119   121      211.0349   173     5599.0000      202.2695    16131   96.39%
    140   142      211.5812   179     5599.0000      202.2695    19240   96.39%
    148   150      212.6346   178     5599.0000      202.2695    22297   96.39%
    163   165      225.2926   150     5599.0000      202.2695    24604   96.39%
    250   252      267.2176   111     5599.0000      202.2695    27436   96.39%
    323   325      570.0000    65     5599.0000      202.2695    45707   96.39%
Elapsed time = 4.49 sec. (6019.20 ticks, tree = 0.87 MB, solutions = 2)
    387   387     1656.6667    17     5599.0000      202.2695    63646   96.39%
*   440+  438                         3430.0000      202.2695    72864   94.10%
*   450+  448                         2740.0000      202.2695    74462   92.62%
*   470+  468                         2460.0000      202.2695    79037   91.78%
    473   467      204.7777   185     2460.0000      202.2695    80740   91.78%
*   520+  512                         2140.0000      202.2695    87990   90.55%
    526   520      244.9230   135     2140.0000      202.2695    89617   90.55%
    618   604     1478.6512    35     2140.0000      202.2695   100249   90.55%
*   630+  614                         2130.0000      202.2695   101319   90.50%
*   631+  615                         2050.0000      202.2695   101955   90.13%
    631   617      204.7777   177     2050.0000      202.2695   101955   90.13%
*   632+  410                         1930.0000      587.1193   118606   69.58%
*   632+  273                         1840.0000      587.1193   118606   68.09%
*   632+  181                         1790.0000      587.1193   118606   67.20%
*   632+  120                         1630.0000      587.1193   118606   63.98%
*   632+   80                         1580.0000      587.1193   118606   62.84%
    632    81      588.0000   146     1580.0000      588.0000   118606   62.78%
    639    81      595.0000   190     1580.0000      588.0000   121120   62.78%
    643    83      597.0000   178     1580.0000      588.0000   122441   62.78%
    649    81      602.1965   179     1580.0000      588.0000   124894   62.78%
    655    75      619.7651   165     1580.0000      588.0000   129187   62.78%
Elapsed time = 18.59 sec. (23994.85 ticks, tree = 0.48 MB, solutions = 13)
    661    77      625.0000   173     1580.0000      588.0000   133070   62.78%
    662    77      629.4087   155     1580.0000      588.0000   135280   62.78%
    671    79     1557.5460    78     1580.0000      588.0000   141095   62.78%
    682    80      686.0000   151     1580.0000      588.0000   145802   62.78%
    702    79      715.2355   147     1580.0000      588.0000   149288   62.78%
    713    80     1578.0000   119     1580.0000      588.0000   151656   62.78%
    762   104     1578.0000    88     1580.0000      588.0000   154520   62.78%
    792   119     1578.0000    68     1580.0000      588.0000   158986   62.78%
    818   129      669.0986   136     1580.0000      591.0000   165231   62.59%
    844   151      767.0000   142     1580.0000      591.0000   172125   62.59%
Elapsed time = 26.59 sec. (34434.96 ticks, tree = 2.41 MB, solutions = 13)
    910   211     1463.3333    54     1580.0000      591.0000   180790   62.59%
*   981   177      integral     0     1530.0000      591.0000   199143   61.37%
   1033   221     1252.0000   114     1530.0000      591.0000   217953   61.37%
   1076   258      955.0000   126     1530.0000      592.9393   227954   61.25%
*  1081+  259                         1520.0000      592.9393   228790   60.99%
*  1081+  252                         1480.0000      592.9393   228790   59.94%
   1163   330     1468.0000    45     1480.0000      592.9393   240026   59.94%
   1214   372     1434.4326    91     1480.0000      595.0000   255891   59.80%
   1302   450      598.8507   183     1480.0000      595.0000   272340   59.80%
   1329   476      689.7404   127     1480.0000      595.0000   283490   59.80%
   1357   497     1022.3521    97     1480.0000      595.0000   295329   59.80%
   1380   510      611.1779   186     1480.0000      595.0000   303679   59.80%
Elapsed time = 33.83 sec. (43903.85 ticks, tree = 6.69 MB, solutions = 16)
   1418   546     1397.9041    95     1480.0000      595.0000   313112   59.80%
   1453   575      632.3456   156     1480.0000      595.0000   321189   59.80%
   1487   606     1476.6667    66     1480.0000      595.0000   330506   59.80%
   1529   644      682.3614   144     1480.0000      595.0000   339705   59.80%
   1626   736     1242.0000    96     1480.0000      595.0000   351243   59.80%
   1673   778     1410.5000    94     1480.0000      595.0258   366626   59.80%
   1736   833    infeasible           1480.0000      595.0258   376018   59.80%
   1826   904     1032.0000    87     1480.0000      596.7150   395467   59.68%
   1844   922     1062.6473   101     1480.0000      596.7150   405846   59.68%
   1939  1017     1403.0000    62     1480.0000      596.7150   414893   59.68%
Elapsed time = 41.58 sec. (53646.72 ticks, tree = 13.95 MB, solutions = 16)
   2010  1078     1242.0000    87     1480.0000      596.7150   432942   59.68%
   2029  1097     1324.2470   102     1480.0000      596.7150   443709   59.68%
   2058  1121     1262.7052    84     1480.0000      596.7291   454730   59.68%
   2101  1157     1242.0000    94     1480.0000      596.7291   465469   59.68%
   2143  1199     1472.0000    76     1480.0000      596.7291   474955   59.68%
   2257  1287     1472.0000    63     1480.0000      596.7291   488780   59.68%
   2350  1339     1410.5000    80     1480.0000      597.0000   506789   59.66%
   2387  1375     1469.0000    91     1480.0000      597.0000   515972   59.66%
   2457  1444     1469.0000    60     1480.0000      597.0000   525868   59.66%
   2537  1503      601.2768   169     1480.0000      597.3141   543725   59.64%
Elapsed time = 49.49 sec. (63464.95 ticks, tree = 20.99 MB, solutions = 16)
   2559  1525      727.7356   121     1480.0000      597.3141   551483   59.64%
   2632  1597     1472.0000    76     1480.0000      597.3141   561628   59.64%
   2771  1670    infeasible           1480.0000      597.3141   589071   59.64%
   2807  1695     1039.3162    91     1480.0000      598.0000   602630   59.59%
   2827  1713     1468.0630    81     1480.0000      598.0000   611078   59.59%
   2996  1876    infeasible           1480.0000      598.0000   624127   59.59%
   3018  1894     1410.5000    78     1480.0000      598.5912   632937   59.55%
   3072  1945     1472.0000    68     1480.0000      598.5912   643652   59.55%
   3200  2061     1242.0000    79     1480.0000      598.8507   662396   59.54%
   3223  2084     1329.6915   116     1480.0000      598.8507   671901   59.54%
Elapsed time = 57.27 sec. (73249.94 ticks, tree = 28.24 MB, solutions = 16)
   3358  2205     1475.0000    67     1480.0000      598.8507   683399   59.54%
   3417  2233     1410.5000    95     1480.0000      598.8507   701870   59.54%
   3448  2259     1469.0000    89     1480.0000      598.8507   711124   59.54%
   3574  2376    infeasible           1480.0000      598.8507   725187   59.54%
   3607  2403     1247.1737    95     1480.0000      598.8681   741123   59.54%
   3650  2440     1247.9041   100     1480.0000      598.8681   751653   59.54%
   3703  2493     1472.0000    71     1480.0000      598.8681   762880   59.54%
   3862  2608    infeasible           1480.0000      598.8681   786758   59.54%
   3947  2643     1268.0465   102     1480.0000      600.7479   812659   59.41%
   4077  2773     1472.0000    75     1480.0000      600.7479   822377   59.41%
Elapsed time = 65.36 sec. (82929.63 ticks, tree = 36.31 MB, solutions = 16)
   4233  2837     1242.0000    88     1480.0000      601.1114   847425   59.38%
   4256  2860     1270.7741    92     1480.0000      601.1114   860610   59.38%
   4355  2957     1468.0000    56     1480.0000      601.1114   870191   59.38%
   4445  3035     1413.0098    99     1480.0000      601.1114   888137   59.38%
   4479  3063     1247.1737   108     1480.0000      601.1299   900083   59.38%
   4496  3080     1320.7028    98     1480.0000      601.1299   910123   59.38%
   4632  3204     1472.0000    33     1480.0000      601.1299   923345   59.38%
   4703  3219     1242.0000    95     1480.0000      601.1299   954721   59.38%
   4721  3237     1247.1737   102     1480.0000      601.1299   962421   59.38%
   4736  3248     1352.0544   108     1480.0000      601.1299   967128   59.38%
Elapsed time = 73.25 sec. (92707.14 ticks, tree = 41.70 MB, solutions = 16)
   4763  3272     1270.7741   111     1480.0000      601.2768   977889   59.37%
   4879  3388     1472.0000    72     1480.0000      601.2768   985063   59.37%
   4981  3444     1472.0000    44     1480.0000      601.2768  1014325   59.37%
   5029  3473     1257.0354    85     1480.0000      601.6583  1036523   59.35%
   5055  3493     1306.7616    81     1480.0000      602.0000  1044667   59.32%
   5084  3520     1397.8313    78     1480.0000      602.0000  1055381   59.32%
   5177  3611     1398.0000    43     1480.0000      602.0000  1065890   59.32%
   5275  3688      602.0000   188     1480.0000      602.0000  1094592   59.32%
   5297  3706      687.6117   146     1480.0000      602.0000  1100973   59.32%
   5431  3811     1320.7028   105     1480.0000      603.5055  1144261   59.22%
Elapsed time = 83.48 sec. (105474.04 ticks, tree = 49.66 MB, solutions = 16)
   5839  4138     1472.0000    54     1480.0000      603.5251  1199550   59.22%
   6221  4459     1472.0000    76     1480.0000      604.0626  1263264   59.18%
   6584  4772     1054.9724   112     1480.0000      606.0661  1341387   59.05%
   6840  5001     1471.0000   101     1480.0000      606.1019  1402963   59.05%
   7123  5168     1302.0000    90     1480.0000      606.2755  1473737   59.04%
   7305  5324     1398.0000    75     1480.0000      607.8729  1518279   58.93%
   7647  5621     1479.0000    32     1480.0000      609.2156  1567413   58.84%
   7948  5878    infeasible           1480.0000      610.0834  1621210   58.78%
   8072  5966     1242.0000    98     1480.0000      611.3892  1659788   58.69%
*  8132+ 3777                         1470.0000      612.0086  1674187   58.37%
*  8132+ 2660                         1440.0000      612.0086  1674187   57.50%
   8225  2736     1032.0000    85     1440.0000      613.2968  1710510   57.41%
Elapsed time = 114.89 sec. (143707.58 ticks, tree = 38.42 MB, solutions = 18)
   8469  2928     1425.0000   102     1440.0000      613.3663  1762084   57.41%
*  8632+ 2841                         1430.0000      614.3239  1812751   57.04%
   8635  2845     1271.0000   109     1430.0000      614.3239  1813541   57.04%
   8935  3089     1242.0000    85     1430.0000      617.0779  1876873   56.85%
   9095  3215     1251.0000    98     1430.0000      617.5199  1934006   56.82%
   9323  3408     1418.0000    64     1430.0000      620.4000  1991010   56.62%
   9526  3574     1302.0000    77     1430.0000      620.8799  2065478   56.58%
   9682  3696     1069.9828    97     1430.0000      624.1201  2115618   56.36%
   9976  3954     1268.0862    96     1430.0000      624.4153  2163781   56.33%
  10091  4035      636.5415   159     1430.0000      628.0454  2206321   56.08%
  10226  4129     1272.7572   103     1430.0000      628.5650  2250424   56.04%
Elapsed time = 147.46 sec. (182072.71 ticks, tree = 50.24 MB, solutions = 19)
  10232  4132     1301.8092   111     1430.0000      628.5650  2252453   56.04%
  10369  4238     1309.2689   109     1430.0000      633.0499  2307637   55.73%
  10660  4472    infeasible           1430.0000      634.9692  2369953   55.60%
  10842  4599     1413.3446   110     1430.0000      637.5269  2430089   55.42%
  10978  4700     1262.7052    97     1430.0000      641.1888  2491710   55.16%
  11244  4943     1402.0000    26     1430.0000      641.8725  2553700   55.11%
  11623  5258    infeasible           1430.0000      645.0692  2640815   54.89%
  11767  5369     1268.0862   100     1430.0000      647.0000  2702819   54.76%
  12012  5590     1402.0000    36     1430.0000      648.0163  2768992   54.68%
  12316  5858     1352.0000    77     1430.0000      652.0000  2844252   54.41%
Elapsed time = 192.90 sec. (233687.43 ticks, tree = 63.99 MB, solutions = 19)
  12431  5945     1303.8759    94     1430.0000      653.1571  2892299   54.32%
  12706  6192     1109.3274   124     1430.0000      656.9407  2948685   54.06%
  13006  6459     1247.9041   105     1430.0000      659.0000  3006666   53.92%
  13236  6654     1182.4001    98     1430.0000      663.1250  3069213   53.63%
  13375  6755        cutoff           1430.0000      669.0337  3124235   53.21%
  13719  7088     1398.0000    82     1430.0000      669.0986  3180322   53.21%
  14186  7530     1401.0000    95     1430.0000      669.0986  3240964   53.21%
  14691  8010     1312.0000    97     1430.0000      669.0986  3310131   53.21%
  15229  8534     1032.0000    96     1430.0000      669.0986  3383156   53.21%
  15748  9029     1418.0000   107     1430.0000      670.4516  3463043   53.12%
Elapsed time = 225.90 sec. (271970.79 ticks, tree = 85.36 MB, solutions = 19)
  16016  9254     1242.0000    91     1430.0000      675.0000  3536763   52.80%
  16332  9536     1357.9041    87     1430.0000      679.9481  3592562   52.45%
  16454  9625     1313.8285   104     1430.0000      687.0000  3642409   51.96%
  16695  9812     1032.0000    69     1430.0000      689.5331  3708983   51.78%
  16965 10064     1242.1664    99     1430.0000      691.9420  3768561   51.61%
  17260 10339     1361.7616    65     1430.0000      700.1713  3814383   51.04%
  17419 10445     1397.8313    88     1430.0000      712.0000  3884941   50.21%
  17938 10951     1418.0000    31     1430.0000      712.0000  3947831   50.21%
  18073 11044     1304.0438    92     1430.0000      719.8785  4001470   49.66%
  18458 11411     1332.0000   102     1430.0000      723.7121  4065699   49.39%
Elapsed time = 258.56 sec. (310524.34 ticks, tree = 104.09 MB, solutions = 19)
  18953 11897     1407.0000    34     1430.0000      723.7121  4145803   49.39%
  19501 12437     1398.0000    50     1430.0000      725.1344  4214445   49.29%
  19927 12834     1134.7053   113     1430.0000      727.0000  4296106   49.16%
  20264 13122     1032.0000   103     1430.0000      742.6836  4368919   48.06%
* 20332+12282                         1420.0000      742.6836  4385255   47.70%
  20583 12515     1418.0000    75     1420.0000      744.0000  4424897   47.61%
  21079 12965     1276.9791   105     1420.0000      744.1879  4501944   47.59%
  21194 13025     1037.9041    93     1420.0000      764.7996  4553327   46.14%
  21768 13567     1402.0000    53     1420.0000      765.6478  4623357   46.08%
  22196 13958     1398.0000    60     1420.0000      766.0000  4693234   46.06%
  22622 14372     1381.6895    90     1420.0000      772.1626  4772009   45.62%
Elapsed time = 291.85 sec. (348793.05 ticks, tree = 112.22 MB, solutions = 20)
  23029 14737     1415.0000    82     1420.0000      779.9602  4847835   45.07%
  23423 15074     1401.0000    89     1420.0000      790.0397  4915098   44.36%
  23971 15590     1401.0000   101     1420.0000      795.2782  4986258   43.99%
  24479 16056     1182.0000   112     1420.0000      806.7504  5061237   43.19%
  24744 16280     1398.0000    51     1420.0000      815.0230  5133726   42.60%
  25117 16600      833.8967   113     1420.0000      823.0305  5216132   42.04%
  25415 16840        cutoff           1420.0000      854.4473  5276709   39.83%
  25832 17230     1402.0000    76     1420.0000      856.5268  5341238   39.68%
  26306 17673     1044.4044   104     1420.0000      857.8990  5441387   39.58%
  26651 17946     1318.6087   105     1420.0000      874.3101  5510313   38.43%
Elapsed time = 325.86 sec. (387203.93 ticks, tree = 120.24 MB, solutions = 20)
  26986 18268     1398.0000    64     1420.0000      874.3101  5572633   38.43%
  27322 18593     1398.0000    68     1420.0000      874.3101  5640976   38.43%
* 27332+14543                         1410.0000      874.3101  5642087   37.99%
  27632 14839     1401.0000    88     1410.0000      874.3101  5700366   37.99%
  27932 15078     1282.9776    88     1410.0000      881.8081  5766309   37.46%
  28066 15158        cutoff           1410.0000      905.1916  5817299   35.80%
  28176 15242     1362.8762   109     1410.0000      905.1916  5874554   35.80%
  28296 15331     1154.3600   102     1410.0000      906.0000  5934218   35.74%
  28400 15397     1275.9987    94     1410.0000      924.0385  5989225   34.47%
  28532 15475     1401.0000    89     1410.0000      941.4076  6030932   33.23%
  28888 15807     1398.0000    68     1410.0000      965.2600  6079647   31.54%
Elapsed time = 359.62 sec. (425811.33 ticks, tree = 103.37 MB, solutions = 21)
  29212 16115     1398.0000    65     1410.0000      967.1514  6156867   31.41%
  29629 16513     1404.2449    36     1410.0000      967.1514  6235476   31.41%
  29940 16789        cutoff           1410.0000      981.3460  6306890   30.40%
  30055 16830     1305.5000    91     1410.0000     1032.0000  6360781   26.81%
  30396 17160     1398.0000    75     1410.0000     1032.0000  6431534   26.81%
  30740 17492     1398.0000    35     1410.0000     1032.0000  6482767   26.81%
  31110 17830     1398.0000    25     1410.0000     1032.0000  6512773   26.81%
  31597 18295     1305.5000    81     1410.0000     1032.0000  6543182   26.81%
  32042 18705     1402.0000    54     1410.0000     1032.0000  6576846   26.81%
  32548 19180     1398.0000    44     1410.0000     1032.0000  6608678   26.81%
Elapsed time = 392.22 sec. (464228.28 ticks, tree = 154.63 MB, solutions = 21)
  32937 19534     1398.0000    44     1410.0000     1032.0000  6641815   26.81%
  33362 19933     1326.6415    89     1410.0000     1032.0000  6672372   26.81%
  33768 20315     1399.0000    36     1410.0000     1032.0000  6702078   26.81%
  34253 20761    infeasible           1410.0000     1032.0000  6733878   26.81%
  34818 21296     1398.0000    42     1410.0000     1032.0000  6762155   26.81%
  35211 21651     1408.0000    54     1410.0000     1032.0000  6794793   26.81%
  35696 22117     1398.0000    62     1410.0000     1032.0000  6823225   26.81%
  36074 22465        cutoff           1410.0000     1032.0000  6854340   26.81%
  36612 22976     1398.0000    29     1410.0000     1032.0000  6881744   26.81%
  37046 23362     1307.7293    79     1410.0000     1032.0000  6911085   26.81%
Elapsed time = 422.50 sec. (502556.01 ticks, tree = 246.27 MB, solutions = 21)
  37688 23983     1305.5000    92     1410.0000     1032.0000  6941043   26.81%
  38208 24444     1398.0000    46     1410.0000     1032.0000  6971735   26.81%
  38614 24821     1400.0000    32     1410.0000     1032.0000  6999742   26.81%
  39059 25229     1400.0000    43     1410.0000     1032.0000  7029151   26.81%
  39565 25711        cutoff           1410.0000     1032.0000  7062082   26.81%
  39947 26036     1399.0000    44     1410.0000     1032.0000  7090846   26.81%
  40347 26402     1400.0000    41     1410.0000     1032.0000  7123290   26.81%
  41005 27029     1397.9917    46     1410.0000     1032.0000  7153297   26.81%
  41472 27460     1401.0000    29     1410.0000     1032.0000  7185381   26.81%
  42069 28035     1407.0000    31     1410.0000     1032.0000  7212359   26.81%
Elapsed time = 453.00 sec. (540769.94 ticks, tree = 360.10 MB, solutions = 21)
  42593 28516     1397.9917    34     1410.0000     1032.0000  7242187   26.81%
  43087 28977     1306.7616    73     1410.0000     1032.0000  7271035   26.81%
  43732 29601     1400.0000    51     1410.0000     1032.0000  7300458   26.81%
  44334 30167     1401.0000    47     1410.0000     1032.0000  7331749   26.81%
  44883 30670     1397.9917    55     1410.0000     1032.0000  7363798   26.81%
  45572 31339     1400.0000    46     1410.0000     1032.0000  7390236   26.81%
  46192 31919     1401.0000    39     1410.0000     1032.0000  7421988   26.81%
  46725 32393     1401.9391    66     1410.0000     1032.0000  7455628   26.81%
  47395 33033     1305.5000    63     1410.0000     1032.0000  7486052   26.81%
  47964 33557     1398.7872    85     1410.0000     1032.0000  7518548   26.81%
Elapsed time = 483.44 sec. (579105.36 ticks, tree = 486.96 MB, solutions = 21)
  48485 34053     1407.0000    56     1410.0000     1032.0000  7550186   26.81%
  49168 34703     1407.0000    48     1410.0000     1032.0000  7582791   26.81%
  49714 35208     1400.0000    52     1410.0000     1032.0000  7613277   26.81%
  50436 35897     1305.5000    56     1410.0000     1032.0000  7647047   26.81%
  51026 36443        cutoff           1410.0000     1032.0000  7677621   26.81%
  51464 36848     1407.0000    43     1410.0000     1032.0000  7703633   26.81%
  52206 37549     1400.0000    43     1410.0000     1032.0000  7738356   26.81%
  52724 38021    infeasible           1410.0000     1032.0000  7769587   26.81%
  53341 38593     1404.0000    55     1410.0000     1032.0000  7802814   26.81%
  53980 39207     1407.0000    33     1410.0000     1032.0000  7835994   26.81%
Elapsed time = 513.94 sec. (617376.96 ticks, tree = 606.74 MB, solutions = 21)
  54815 40011     1400.0000    49     1410.0000     1032.0000  7865387   26.81%
  55329 40478     1400.0000    63     1410.0000     1032.0000  7896335   26.81%
  56144 41268     1305.5000    81     1410.0000     1032.0000  7929049   26.81%
  56591 41654     1401.0000    58     1410.0000     1032.0000  7961113   26.81%
  57245 42274     1400.0000    45     1410.0000     1032.0000  7993684   26.81%
  58013 43012     1407.0000    44     1410.0000     1032.0000  8023551   26.81%
  58786 43762        cutoff           1410.0000     1032.0000  8054317   26.81%
  59390 44336     1400.0000    43     1410.0000     1032.0000  8084718   26.81%
  60101 45010     1407.0000    46     1410.0000     1032.0000  8115406   26.81%
  60540 45432     1400.0000    48     1410.0000     1032.0000  8139350   26.81%
Elapsed time = 544.22 sec. (655630.39 ticks, tree = 719.67 MB, solutions = 21)
  61015 45880     1305.5000    86     1410.0000     1032.0000  8163005   26.81%
  61332 46146     1400.4881    81     1410.0000     1032.0000  8183558   26.81%
  61778 46561    infeasible           1410.0000     1032.0000  8203474   26.81%
  61932 46671     1400.0000    44     1410.0000     1032.0000  8219506   26.81%
  62169 46884     1400.0000    46     1410.0000     1032.0000  8237114   26.81%
  62632 47336     1325.8927    72     1410.0000     1032.0000  8250443   26.81%
  63032 47730     1400.0000    36     1410.0000     1032.0000  8266531   26.81%
  63432 48078     1400.0000    50     1410.0000     1032.0000  8293205   26.81%
  63960 48576        cutoff           1410.0000     1032.0000  8323949   26.81%
  64557 49116     1400.0000    57     1410.0000     1032.0000  8357145   26.81%
Elapsed time = 577.24 sec. (695920.74 ticks, tree = 790.61 MB, solutions = 21)
  65164 49701     1305.5000    52     1410.0000     1032.0000  8378808   26.81%
  65769 50270     1400.0000    31     1410.0000     1032.0000  8411345   26.81%
  66435 50904        cutoff           1410.0000     1032.0000  8439643   26.81%
  67105 51551     1406.6667    60     1410.0000     1032.0000  8462382   26.81%
  67739 52144     1400.0000    58     1410.0000     1032.0000  8494014   26.81%
  68295 52674     1407.0000    26     1410.0000     1032.0000  8518535   26.81%
  69021 53370     1407.0000    28     1410.0000     1032.0000  8549261   26.81%

Clique cuts applied:  1
Implied bound cuts applied:  123
Flow cuts applied:  219
Mixed integer rounding cuts applied:  105
Lift and project cuts applied:  13

Root node processing (before b&c):
  Real time             =    1.72 sec. (2328.64 ticks)
Sequential b&c:
  Real time             =  598.28 sec. (722283.20 ticks)
                          ------------
Total (root+branch&cut) =  600.00 sec. (724611.84 ticks)
