Tried aggregator 2 times.
MIP Presolve eliminated 1832 rows and 299 columns.
MIP Presolve modified 393 coefficients.
Aggregator did 48 substitutions.
Reduced MIP has 1924 rows, 3431 columns, and 12793 nonzeros.
Reduced MIP has 1789 binaries, 2 generals, 0 SOSs, and 0 indicators.
Presolve time = 0.01 sec. (14.25 ticks)
Found incumbent of value 4750.000000 after 0.03 sec. (35.78 ticks)
Probing fixed 0 vars, tightened 2 bounds.
Probing time = 0.01 sec. (12.30 ticks)
Tried aggregator 2 times.
MIP Presolve eliminated 2 rows and 1 columns.
Aggregator did 2 substitutions.
Reduced MIP has 1920 rows, 3428 columns, and 12785 nonzeros.
Reduced MIP has 1788 binaries, 26 generals, 0 SOSs, and 0 indicators.
Presolve time = 0.01 sec. (12.67 ticks)
Probing time = 0.00 sec. (3.26 ticks)
Clique table members: 7889.
MIP emphasis: balance optimality and feasibility.
MIP search method: dynamic search.
Parallel mode: none, using 1 thread.
Root relaxation solution time = 0.07 sec. (112.38 ticks)

        Nodes                                         Cuts/
   Node  Left     Objective  IInf  Best Integer    Best Bound    ItCnt     Gap

*     0+    0                         4750.0000        0.0000     1309  100.00%
      0     0       90.0286   214     4750.0000       90.0286     1309   98.10%
      0     0       92.9164   171     4750.0000      Cuts: 27     1591   98.04%
      0     0      177.8436   175     4750.0000      Cuts: 98     2590   96.26%
      0     0      179.6135   175     4750.0000      Cuts: 97     3098   96.22%
      0     0      179.7615   176     4750.0000      Cuts: 58     3427   96.22%
      0     0      179.7615   187     4750.0000      Cuts: 53     3755   96.22%
      0     0      179.7615   160     4750.0000      Cuts: 16     3824   96.22%
      0     0      179.7615   171     4750.0000      Cuts: 30     3995   96.22%
*     0+    0                         1530.0000      179.7615     3995   88.25%
      0     2      179.7615   154     1530.0000      179.8833     3995   88.24%
Elapsed time = 1.99 sec. (2779.25 ticks, tree = 0.00 MB, solutions = 2)
     32    34     1252.6240    78     1530.0000      180.4481     7450   88.21%
     50    52      196.1405   134     1530.0000      180.4481     9307   88.21%
     73    75     1252.4571    56     1530.0000      180.4481    12729   88.21%
     96    98      216.6006   103     1530.0000      180.4481    15266   88.21%
    117   119      560.0000    77     1530.0000      180.4481    18573   88.21%
    136   138      246.5913    97     1530.0000      180.4481    21745   88.21%
    148   150      400.0000    83     1530.0000      180.4481    24853   88.21%
    179   181      570.0000    62     1530.0000      180.4481    28664   88.21%
    199   201     1510.0000    46     1530.0000      180.4481    34116   88.21%
    268   251      409.7178    96     1530.0000      180.4481    47528   88.21%
Elapsed time = 4.45 sec. (6353.34 ticks, tree = 3.36 MB, solutions = 2)
    348   331      355.2956    70     1530.0000      180.4481    57135   88.21%
    430   411      471.0853    35     1530.0000      180.4481    65218   88.21%
*   467+  297                         1510.0000      262.7952    75133   82.60%
*   467+  197                         1440.0000      262.7952    75133   81.75%
*   467+  130                         1430.0000      262.7952    75133   81.62%
*   467+   86                         1340.0000      533.7964    93528   60.16%
    467    87      534.0000   151     1340.0000      534.0000    93528   60.15%
    471    86      538.0000   201     1340.0000      534.0000    97491   60.15%
    477    89      544.5945   201     1340.0000      534.0000    98840   60.15%
    482    90      553.9054   178     1340.0000      534.0000   100825   60.15%
    486    91      870.8111    95     1340.0000      534.0000   105882   60.15%
    494    96      583.4101   163     1340.0000      534.0000   109967   60.15%
    507   102      606.4125   133     1340.0000      534.0000   116721   60.15%
    534   117      998.0000    88     1340.0000      534.0000   122606   60.15%
Elapsed time = 19.04 sec. (26262.64 ticks, tree = 1.08 MB, solutions = 6)
    586   138    infeasible           1340.0000      534.0000   134375   60.15%
    640   158    infeasible           1340.0000      534.0000   153297   60.15%
    690   171      538.4076   156     1340.0000      535.4567   166389   60.04%
    717   198     1295.0000    65     1340.0000      535.4567   178627   60.04%
    767   248     1295.0000    60     1340.0000      535.4567   183575   60.04%
    837   316     1295.0000    14     1340.0000      535.4567   197676   60.04%
    885   345      770.6051   105     1340.0000      536.2331   221025   59.98%
    913   371     1176.0000    85     1340.0000      536.2331   232394   59.98%
   1034   487     1188.9393    69     1340.0000      536.2331   243576   59.98%
   1089   541      911.9080    96     1340.0000      538.0000   258482   59.85%
Elapsed time = 26.57 sec. (36082.72 ticks, tree = 0.97 MB, solutions = 6)
   1156   608      912.9450    66     1340.0000      538.0000   271172   59.85%
   1209   655     1261.0000    66     1340.0000      538.0000   284019   59.85%
   1282   727      908.4438   100     1340.0000      538.6128   299238   59.81%
   1369   812     1266.5357    47     1340.0000      538.6128   316920   59.81%
   1456   891     1304.3018    41     1340.0000      538.6128   338551   59.81%
   1494   922      919.9517    98     1340.0000      539.0000   353850   59.78%
   1567   991     1190.5000    83     1340.0000      539.0000   366893   59.78%
   1658  1077     1259.7888    86     1340.0000      539.0000   374763   59.78%
   1717  1134      918.6465    68     1340.0000      540.2209   390780   59.69%
   1835  1239     1263.0000    76     1340.0000      540.2209   401947   59.69%
Elapsed time = 34.20 sec. (45702.08 ticks, tree = 2.16 MB, solutions = 6)
   1904  1308      717.3009   110     1340.0000      540.2209   417318   59.69%
   2026  1426     1301.0000    70     1340.0000      540.2209   428607   59.69%
   2092  1488      911.9080    98     1340.0000      540.5714   446121   59.66%
   2148  1542      923.4722    95     1340.0000      540.5714   460705   59.66%
   2245  1630     1263.0000    75     1340.0000      540.5714   472884   59.66%
   2319  1702      924.6368    81     1340.0000      542.1435   494709   59.54%
   2377  1756     1305.0000    50     1340.0000      542.1435   510154   59.54%
   2467  1834     1338.3864    24     1340.0000      542.1435   531468   59.54%
   2517  1880     1266.3166    96     1340.0000      542.8076   541284   59.49%
   2627  1990     1267.0000    64     1340.0000      542.8076   547858   59.49%
Elapsed time = 42.00 sec. (55555.10 ticks, tree = 3.44 MB, solutions = 6)
   2729  2081     1266.6667    88     1340.0000      544.1854   554997   59.39%
   2858  2208     1268.0000    68     1340.0000      544.1854   561785   59.39%
   2939  2286     1275.5080    69     1340.0000      544.8780   568002   59.34%
   3032  2378     1277.0000    83     1340.0000      544.8780   574406   59.34%
   3103  2448      925.6727   107     1340.0000      548.1122   580170   59.10%
   3205  2547     1276.0000    83     1340.0000      548.1122   585201   59.10%
   3269  2610      892.7450    96     1340.0000      548.5062   592400   59.07%
   3321  2661     1296.8876    51     1340.0000      548.5062   600620   59.07%
   3364  2696     1307.0000    17     1340.0000      548.5062   610530   59.07%
   3394  2721     1326.6667    12     1340.0000      548.5062   622874   59.07%
Elapsed time = 49.21 sec. (65237.76 ticks, tree = 12.04 MB, solutions = 6)
*  3467+ 2669                         1310.0000      550.9541   632728   57.94%
   3467  2671      936.1111    68     1310.0000      550.9541   632728   57.94%
   3536  2737     1268.0000    78     1310.0000      550.9541   640192   57.94%
   3603  2804     1268.0000    58     1310.0000      550.9541   647710   57.94%
   3669  2865      814.4188    94     1310.0000      551.0378   656897   57.94%
   3727  2921     1278.0000    72     1310.0000      551.0378   662887   57.94%
   3843  3035     1280.0000    71     1310.0000      551.0378   670316   57.94%
   3924  3110     1286.0000    63     1310.0000      553.8118   676433   57.72%
   3996  3176     1304.0000    31     1310.0000      553.8118   684072   57.72%
   4067  3240     1270.0000    61     1310.0000      553.9054   690576   57.72%
   4174  3347     1270.0000    50     1310.0000      553.9054   698723   57.72%
Elapsed time = 56.56 sec. (75060.92 ticks, tree = 22.11 MB, solutions = 7)
   4203  3376     1270.8389    42     1310.0000      553.9054   707346   57.72%
   4269  3438      874.8143   101     1310.0000      556.3482   715309   57.53%
   4349  3515        cutoff           1310.0000      556.3482   721438   57.53%
   4391  3555     1307.6397    57     1310.0000      556.3482   727643   57.53%
   4429  3579      865.6377    70     1310.0000      559.1506   738884   57.32%
   4479  3629     1026.0058    95     1310.0000      559.1506   741728   57.32%
   4610  3758     1296.0000    70     1310.0000      559.1506   747921   57.32%
   4680  3825      910.8723    82     1310.0000      561.7590   754513   57.12%
   4780  3923     1276.0000    72     1310.0000      561.7590   761063   57.12%
   4862  4005     1276.0000    57     1310.0000      561.7590   768854   57.12%
Elapsed time = 64.33 sec. (85235.25 ticks, tree = 35.29 MB, solutions = 7)
   4967  4104     1296.0000    79     1310.0000      562.3629   773804   57.07%
   5092  4229      919.9517    85     1310.0000      564.2508   780417   56.93%
   5166  4301     1288.0000    83     1310.0000      564.2508   786279   56.93%
   5269  4402      916.5861   103     1310.0000      565.8122   793428   56.81%
   5337  4467     1278.0000    48     1310.0000      565.8122   799393   56.81%
   5370  4500     1278.0000    53     1310.0000      565.8122   807890   56.81%
   5413  4541     1297.5705    47     1310.0000      565.8122   816302   56.81%
   5465  4588     1297.0391    30     1310.0000      565.8122   828712   56.81%
*  5467+ 4245                         1300.0000      565.8122   828860   56.48%
*  5467+ 3617                         1290.0000      565.8122   828860   56.14%
   5575  3725     1276.0000    72     1290.0000      566.1790   834474   56.11%
   5689  3834      918.9533   111     1290.0000      569.5579   842617   55.85%
Elapsed time = 71.61 sec. (94991.78 ticks, tree = 35.65 MB, solutions = 9)
   5774  3916     1279.0000    64     1290.0000      569.5579   847943   55.85%
   5893  4029      917.6084    80     1290.0000      570.7880   856646   55.75%
   5965  4099     1278.0000    85     1290.0000      570.7880   863966   55.75%
   6069  4201      877.4034   112     1290.0000      573.9181   871661   55.51%
   6186  4317     1270.0000    65     1290.0000      573.9181   879200   55.51%
   6233  4364     1270.1955    74     1290.0000      573.9181   889201   55.51%
   6321  4449     1266.3343    57     1290.0000      574.8703   897390   55.44%
   6375  4497     1267.6429    49     1290.0000      574.8703   907276   55.44%
   6446  4563     1281.1530     9     1290.0000      574.8703   918428   55.44%
   6814  4911     1281.0000    51     1290.0000      578.4685   944774   55.16%
Elapsed time = 81.47 sec. (107991.69 ticks, tree = 45.41 MB, solutions = 9)
   7289  5353     1273.8348    70     1290.0000      588.5447   973854   54.38%
   7708  5748     1268.0000    56     1290.0000      589.0000  1002353   54.34%
   8036  6045     1275.1116    49     1290.0000      594.4484  1030226   53.92%
   8499  6484     1287.1111    36     1290.0000      600.4886  1059170   53.45%
   8823  6779      710.7334   104     1290.0000      601.0000  1083083   53.41%
   9252  7189     1266.0000    32     1290.0000      601.4833  1113201   53.37%
   9580  7494     1278.0000    61     1290.0000      601.9957  1139870   53.33%
   9777  7675     1281.0000    36     1290.0000      606.4125  1170268   52.99%
  10152  8026     1275.0000    53     1290.0000      607.7927  1194977   52.88%
  10437  8256     1262.0000    77     1290.0000      615.4302  1223223   52.29%
Elapsed time = 110.40 sec. (146396.74 ticks, tree = 99.96 MB, solutions = 9)
  10865  8664      918.7819    98     1290.0000      616.4499  1255327   52.21%
  11209  8972     1284.0000    20     1290.0000      623.2540  1280360   51.69%
  11597  9323     1281.0000    49     1290.0000      626.0584  1307055   51.47%
  11918  9605     1268.0000    26     1290.0000      633.2575  1336125   50.91%
  12296  9926     1072.6601   110     1290.0000      634.0153  1370554   50.85%
  12669 10248      928.5890    99     1290.0000      639.3251  1399536   50.44%
  12977 10514     1072.6601    97     1290.0000      644.4715  1435147   50.04%
  13400 10868      920.9496    89     1290.0000      645.4894  1465790   49.96%
  13857 11278     1270.0000    56     1290.0000      657.4914  1494353   49.03%
  14316 11675     1289.0000    17     1290.0000      658.6090  1521246   48.95%
Elapsed time = 139.45 sec. (184773.21 ticks, tree = 169.42 MB, solutions = 9)
  14636 11964     1016.8906    96     1290.0000      662.5197  1551013   48.64%
  14952 12227      970.7767   100     1290.0000      672.8340  1573872   47.84%
  15362 12610      922.7559    97     1290.0000      673.2242  1597075   47.81%
  15784 13007     1267.3559    34     1290.0000      673.6770  1619756   47.78%
  16190 13354      928.5890    94     1290.0000      674.4565  1647347   47.72%
  16639 13733     1284.0000    47     1290.0000      690.2093  1668715   46.50%
  17136 14148     1268.4429    48     1290.0000      691.4349  1691668   46.40%
* 17467+12228                         1280.0000      691.9282  1709233   45.94%
  17606 12357     1275.0000    57     1280.0000      691.9282  1716921   45.94%
  18067 12746     1267.3813    45     1280.0000      692.4686  1740876   45.90%
  18530 13158    infeasible           1280.0000      699.9081  1764401   45.32%
Elapsed time = 168.18 sec. (223296.13 ticks, tree = 207.86 MB, solutions = 10)
  18921 13477     1275.0000    41     1280.0000      712.3451  1792323   44.35%
  19442 13940     1170.3448    80     1280.0000      713.7483  1824083   44.24%
  19963 14378      961.5724    85     1280.0000      714.9070  1852940   44.15%
  20270 14589      784.2585    92     1280.0000      721.7821  1876383   43.61%
  20568 14808     1266.0000    56     1280.0000      737.8443  1898986   42.36%
  21105 15252    infeasible           1280.0000      739.7216  1928020   42.21%
  21558 15629      992.7826    80     1280.0000      740.6150  1953786   42.14%
  22154 16136     1270.0000    53     1280.0000      741.9099  1980608   42.04%
  22445 16305     1123.7359    94     1280.0000      764.6846  2006529   40.26%
  23035 16825     1274.3557    29     1280.0000      774.4398  2027462   39.50%
Elapsed time = 196.31 sec. (261655.10 ticks, tree = 276.19 MB, solutions = 10)
  23648 17336     1277.6337    56     1280.0000      775.0545  2048902   39.45%
  24143 17729     1105.0000    74     1280.0000      780.0925  2075674   39.06%
  24464 17960     1257.6636    54     1280.0000      790.7719  2098580   38.22%
  24881 18326     1276.6667    35     1280.0000      812.1505  2123921   36.55%
  25435 18811     1268.0459    45     1280.0000      812.2939  2153870   36.54%
  26017 19329     1271.8316    25     1280.0000      812.3344  2176032   36.54%
  26559 19831     1275.5080    62     1280.0000      814.4188  2201977   36.37%
  27335 20507     1274.9826    39     1280.0000      814.4188  2226349   36.37%
  27853 20964     1268.9221    55     1280.0000      815.8067  2247073   36.27%
  28343 21375     1275.5080    71     1280.0000      817.8829  2270129   36.10%
Elapsed time = 224.09 sec. (299937.27 ticks, tree = 344.95 MB, solutions = 10)
  28893 21821     1182.7592    65     1280.0000      818.3231  2297483   36.07%
  29593 22407     1167.5096    80     1280.0000      821.2124  2318417   35.84%
  29955 22645     1172.0989    86     1280.0000      839.1947  2339977   34.44%
  30555 23191     1171.2709    85     1280.0000      839.7823  2363345   34.39%
  31131 23700     1274.5646    45     1280.0000      841.8809  2392006   34.23%
  31745 24238     1257.6954    44     1280.0000      842.7218  2418094   34.16%
  32211 24661     1274.5818    58     1280.0000      842.7499  2448985   34.16%
  32757 25172     1260.8618    43     1280.0000      844.5234  2477753   34.02%
  33193 25551     1260.6291    49     1280.0000      844.5234  2507326   34.02%
  33723 26039     1267.3521    22     1280.0000      844.5234  2536653   34.02%
Elapsed time = 252.13 sec. (338203.91 ticks, tree = 435.30 MB, solutions = 10)
  34243 26503        cutoff           1280.0000      869.3593  2565431   32.08%
  34837 27005     1262.3556    45     1280.0000      870.7162  2595380   31.98%
  35547 27634     1256.0608    64     1280.0000      870.8111  2617798   31.97%
  36208 28206     1266.8951    62     1280.0000      870.8313  2644347   31.97%
  36620 28557     1076.2764    89     1280.0000      870.8831  2675017   31.96%
  37283 29155     1273.0000    49     1280.0000      870.9683  2703053   31.96%
  37787 29606     1257.6954    61     1280.0000      871.1544  2727011   31.94%
  38332 30070     1270.3229    52     1280.0000      872.5121  2754178   31.83%
  38742 30437     1263.3913    50     1280.0000      873.4716  2780940   31.76%
  39273 30857     1187.7674    93     1280.0000      874.8155  2804774   31.66%
Elapsed time = 280.54 sec. (376524.34 ticks, tree = 521.60 MB, solutions = 10)
  39927 31406     1171.5726    69     1280.0000      876.4135  2827621   31.53%
  40343 31757     1263.3295    68     1280.0000      877.4034  2853600   31.45%
  40895 32230     1176.5765    55     1280.0000      877.7585  2876547   31.43%
  41485 32743     1270.0000    58     1280.0000      878.9184  2900349   31.33%
  41981 33174     1172.7253    72     1280.0000      881.6716  2924199   31.12%
  42318 33389     1214.1680    79     1280.0000      894.4001  2951569   30.12%
  42740 33758     1271.3966    50     1280.0000      908.4438  2976660   29.03%
  43132 34090     1182.5627    82     1280.0000      908.4438  3005020   29.03%
  43527 34434     1277.9970    54     1280.0000      908.4438  3030826   29.03%
  43962 34822     1262.8309    68     1280.0000      908.4438  3058344   29.03%
Elapsed time = 308.83 sec. (414932.99 ticks, tree = 598.16 MB, solutions = 10)
  44360 35198     1273.7107    72     1280.0000      908.4438  3086358   29.03%
  44631 35420     1263.0000    63     1280.0000      908.4438  3116703   29.03%
  44918 35680     1271.0000    37     1280.0000      908.4438  3147690   29.03%
  45289 36009     1278.0583    67     1280.0000      909.7692  3181167   28.92%
  45454 36150     1263.1210    51     1280.0000      909.8560  3216216   28.92%
  45937 36575     1263.6790    50     1280.0000      910.1116  3244088   28.90%
  46366 36964     1267.0000    37     1280.0000      910.1116  3273002   28.90%
  46711 37248      973.2910   123     1280.0000      910.1116  3303960   28.90%
  47118 37612     1271.9879    57     1280.0000      910.1116  3333430   28.90%
  47546 37989     1074.8455    93     1280.0000      910.7084  3362402   28.85%
Elapsed time = 338.10 sec. (453344.58 ticks, tree = 666.50 MB, solutions = 10)
  47936 38347     1181.0273    81     1280.0000      910.8723  3393921   28.84%
  48339 38697      979.3447    98     1280.0000      910.8723  3425485   28.84%
  48727 39046     1074.8455    91     1280.0000      911.0000  3455202   28.83%
  49086 39335     1274.2729    30     1280.0000      911.1443  3485193   28.82%
  49434 39642     1268.8008    70     1280.0000      911.6629  3519126   28.78%
  49667 39837     1277.2007    74     1280.0000      911.9080  3549550   28.76%
  49885 40029     1269.8167    33     1280.0000      911.9080  3577321   28.76%
  50180 40275     1057.5205    98     1280.0000      911.9080  3601100   28.76%
  50596 40620     1019.9844   108     1280.0000      911.9080  3622952   28.76%
  50987 40946     1278.5406    69     1280.0000      911.9080  3650372   28.76%
Elapsed time = 367.28 sec. (492057.14 ticks, tree = 715.55 MB, solutions = 10)
  51337 41223     1208.1786   100     1280.0000      911.9080  3678003   28.76%
  51667 41484     1051.5773   107     1280.0000      911.9080  3700885   28.76%
  51998 41757    infeasible           1280.0000      911.9080  3727025   28.76%
  52373 42077     1279.0000    52     1280.0000      911.9080  3751837   28.76%
  52851 42485     1270.6694    45     1280.0000      911.9080  3771864   28.76%
  53156 42722     1277.2007    67     1280.0000      911.9080  3800856   28.76%
  53510 43015     1025.2807   107     1280.0000      911.9080  3826238   28.76%
  53919 43349     1212.0769   112     1280.0000      911.9080  3852110   28.76%
  54355 43719     1081.9225    91     1280.0000      911.9080  3877047   28.76%
  54715 44010     1277.2007    82     1280.0000      911.9080  3900761   28.76%
Elapsed time = 395.22 sec. (530374.28 ticks, tree = 764.60 MB, solutions = 10)
  55034 44280        cutoff           1280.0000      912.1370  3932426   28.74%
  55331 44530     1226.6657    85     1280.0000      912.9450  3957510   28.68%
  55708 44854     1077.2343    95     1280.0000      912.9450  3980724   28.68%
  56182 45273     1270.3385    45     1280.0000      912.9450  4007649   28.68%
  56647 45676     1260.9034    63     1280.0000      912.9450  4033743   28.68%
  57044 46044     1265.0000    43     1280.0000      912.9450  4062293   28.68%
  57454 46396     1205.4278    88     1280.0000      912.9450  4089567   28.68%
  57797 46685     1278.3557    41     1280.0000      912.9450  4113923   28.68%
  58136 46982     1197.6228   110     1280.0000      912.9450  4145957   28.68%
  58505 47288     1267.0000    64     1280.0000      912.9450  4168949   28.68%
Elapsed time = 423.48 sec. (568794.07 ticks, tree = 811.55 MB, solutions = 10)
  58953 47672     1271.0000    32     1280.0000      912.9450  4196900   28.68%
  59281 47941     1045.8619    85     1280.0000      912.9450  4226860   28.68%
  59619 48251     1277.8788    35     1280.0000      912.9450  4256768   28.68%
  60004 48575     1261.6099    70     1280.0000      912.9450  4284221   28.68%
  60401 48893     1051.8481    91     1280.0000      912.9450  4313448   28.68%
  60882 49284     1278.9945    57     1280.0000      912.9450  4340576   28.68%
  61271 49602     1276.5147    39     1280.0000      912.9450  4368718   28.68%
  61700 49964     1260.2798    75     1280.0000      914.9317  4393851   28.52%
  62046 50271     1273.8813    45     1280.0000      914.9317  4421706   28.52%
  62467 50624     1277.6157    54     1280.0000      914.9317  4452121   28.52%
Elapsed time = 452.05 sec. (607555.93 ticks, tree = 877.88 MB, solutions = 10)
  62831 50927     1102.9171    78     1280.0000      915.2908  4480719   28.49%
  63267 51322     1266.0355    35     1280.0000      915.2908  4505605   28.49%
  63578 51594     1070.5975    69     1280.0000      915.3396  4535842   28.49%
  64179 52128     1264.4729    40     1280.0000      915.4138  4559990   28.48%
  64513 52401    infeasible           1280.0000      915.8153  4587897   28.45%
  64888 52731     1261.2596    53     1280.0000      915.8153  4614333   28.45%
  65187 52974     1274.1752    60     1280.0000      915.8153  4643162   28.45%
  65621 53355     1211.4208    98     1280.0000      915.9047  4666643   28.44%
  66282 53915     1217.0000    85     1280.0000      916.3183  4692207   28.41%
  66604 54191        cutoff           1280.0000      916.6811  4717615   28.38%
Elapsed time = 480.85 sec. (646020.09 ticks, tree = 942.79 MB, solutions = 10)
  66953 54478     1067.3331    79     1280.0000      916.8513  4750999   28.37%
  67248 54729     1189.3057    83     1280.0000      916.8513  4784385   28.37%
  67467 54914     1176.8949    72     1280.0000      916.8513  4815595   28.37%
  67834 55243     1265.0000    49     1280.0000      916.8513  4845698   28.37%
  68166 55540     1118.2961    91     1280.0000      916.8513  4874970   28.37%
  68439 55784     1270.0000    41     1280.0000      917.0327  4908750   28.36%
  68687 55990     1206.2558    71     1280.0000      917.0327  4940555   28.36%
  68987 56253        cutoff           1280.0000      917.0327  4975507   28.36%
  69336 56576     1267.7355    58     1280.0000      917.0327  5004368   28.36%
  69677 56882     1075.8383    73     1280.0000      917.3634  5033151   28.33%
Elapsed time = 510.26 sec. (684678.95 ticks, tree = 1007.83 MB, solutions = 10)
  70067 57204        cutoff           1280.0000      917.3634  5068155   28.33%
  70399 57483     1274.0000    51     1280.0000      917.3634  5103672   28.33%
  70818 57848     1213.3817   100     1280.0000      917.3634  5134303   28.33%
  71321 58293     1202.0610    97     1280.0000      917.4613  5166144   28.32%
  71611 58535     1268.0000    44     1280.0000      917.6084  5196647   28.31%
  71880 58717     1079.9489   100     1280.0000      917.6084  5236953   28.31%
  72205 58987     1207.1362   110     1280.0000      918.0110  5266829   28.28%
  72705 59446     1278.0000    39     1280.0000      918.1757  5294824   28.27%
  73062 59745     1258.0837    87     1280.0000      918.6465  5326823   28.23%
  73299 59943     1212.0511    91     1280.0000      918.6471  5356507   28.23%
Elapsed time = 539.48 sec. (722970.71 ticks, tree = 1067.24 MB, solutions = 10)
  73567 60170     1274.3518    45     1280.0000      918.7164  5374783   28.23%
  73780 60332     1259.0289    75     1280.0000      918.7819  5401682   28.22%
  73996 60512     1278.3848    51     1280.0000      918.7819  5422980   28.22%
  74267 60743     1279.0000    48     1280.0000      918.7819  5438109   28.22%
  74367 60836     1263.9131    53     1280.0000      918.7819  5448098   28.22%
  74657 61088     1216.3247   102     1280.0000      918.7819  5477733   28.22%
  74767 61177     1259.4798    89     1280.0000      918.7819  5486862   28.22%
  74949 61326     1259.5215    90     1280.0000      918.7819  5506904   28.22%
  74967 61344     1260.7527    76     1280.0000      918.7819  5507214   28.22%
  75136 61479     1259.0000    62     1280.0000      918.7819  5522204   28.22%
Elapsed time = 574.24 sec. (766417.97 ticks, tree = 1090.66 MB, solutions = 10)
  75267 61603     1270.0000    44     1280.0000      918.7819  5537528   28.22%
  75377 61694     1235.1115    66     1280.0000      918.7819  5550311   28.22%
  75567 61850     1261.8458    55     1280.0000      918.9784  5558444   28.20%
  75830 62071     1199.1293   120     1280.0000      919.0000  5573554   28.20%
  75967 62175     1279.0000    48     1280.0000      919.0000  5590349   28.20%
  76183 62364     1210.8961   106     1280.0000      919.0000  5612121   28.20%
  76267 62427     1256.0232    84     1280.0000      919.3111  5622486   28.18%

GUB cover cuts applied:  3
Clique cuts applied:  5
Cover cuts applied:  1
Implied bound cuts applied:  57
Flow cuts applied:  175
Mixed integer rounding cuts applied:  88
Zero-half cuts applied:  4
Lift and project cuts applied:  10

Root node processing (before b&c):
  Real time             =    1.97 sec. (2757.90 ticks)
Sequential b&c:
  Real time             =  598.03 sec. (795579.83 ticks)
                          ------------
Total (root+branch&cut) =  600.00 sec. (798337.73 ticks)
