Tried aggregator 2 times.
MIP Presolve eliminated 1884 rows and 383 columns.
MIP Presolve modified 331 coefficients.
Aggregator did 46 substitutions.
Reduced MIP has 1981 rows, 3482 columns, and 12956 nonzeros.
Reduced MIP has 1840 binaries, 2 generals, 0 SOSs, and 0 indicators.
Presolve time = 0.02 sec. (14.46 ticks)
Found incumbent of value 5200.000000 after 0.04 sec. (38.27 ticks)
Probing fixed 0 vars, tightened 1 bounds.
Probing time = 0.01 sec. (6.51 ticks)
Tried aggregator 1 time.
Reduced MIP has 1981 rows, 3482 columns, and 12956 nonzeros.
Reduced MIP has 1840 binaries, 22 generals, 0 SOSs, and 0 indicators.
Presolve time = 0.01 sec. (6.74 ticks)
Probing time = 0.01 sec. (3.76 ticks)
Clique table members: 7981.
MIP emphasis: balance optimality and feasibility.
MIP search method: dynamic search.
Parallel mode: none, using 1 thread.
Root relaxation solution time = 0.06 sec. (97.91 ticks)

        Nodes                                         Cuts/
   Node  Left     Objective  IInf  Best Integer    Best Bound    ItCnt     Gap

*     0+    0                         5200.0000        0.0000     1165  100.00%
      0     0       91.4344   216     5200.0000       91.4344     1165   98.24%
      0     0       94.0989   208     5200.0000      Cuts: 48     1732   98.19%
      0     0      176.8160   216     5200.0000     Cuts: 118     3112   96.60%
      0     0      179.1487   174     5200.0000     Cuts: 103     3715   96.55%
*     0+    0                         1470.0000      179.1487     3715   87.81%
*     0+    0                         1410.0000      179.1487     3715   87.29%
*     0+    0                         1310.0000      179.1487     3715   86.32%
      0     0      179.5207   168     1310.0000      Cuts: 45     4032   86.30%
      0     0      181.4888   197     1310.0000     Cuts: 104     4919   86.15%
      0     0      181.5008   165     1310.0000      Cuts: 69     5071   86.14%
      0     0      181.5063   167     1310.0000      Cuts: 34     5184   86.14%
      0     0      181.5081   174     1310.0000      Cuts: 12     5263   86.14%
      0     2      181.5081   153     1310.0000      181.5081     5263   86.14%
Elapsed time = 1.54 sec. (2087.64 ticks, tree = 0.00 MB, solutions = 4)
     10    12      190.9878   141     1310.0000      183.3914     6372   86.00%
     40    42      196.8726   135     1310.0000      183.3914     7289   86.00%
     94    96      236.0217    94     1310.0000      183.3914     9377   86.00%
    126   128      720.0000    82     1310.0000      183.3914    13275   86.00%
    204   206      270.6436    87     1310.0000      183.3914    16011   86.00%
    220   222      302.5962    80     1310.0000      183.3914    17296   86.00%
    254   256      319.3324    78     1310.0000      183.3914    21090   86.00%
    267   269      319.9086    73     1310.0000      183.3914    23522   86.00%
    288   290      376.9159    66     1310.0000      183.3914    26171   86.00%
    356   354      449.3670    57     1310.0000      183.3914    39528   86.00%
Elapsed time = 4.09 sec. (5618.53 ticks, tree = 3.96 MB, solutions = 4)
    400   398      530.0000    55     1310.0000      183.3914    54695   86.00%
    456   452      780.7312    23     1310.0000      183.3914    71230   86.00%
*   487+  318                         1200.0000      263.7105    86312   78.02%
*   487+  212                         1090.0000      263.7105    86312   75.81%
    487   213      504.0000   148     1090.0000      504.0000   100251   53.76%
    494   214      509.0000   183     1090.0000      504.0000   102498   53.76%
    497   214      512.5807   181     1090.0000      504.0000   104406   53.76%
    514   215      518.5386   129     1090.0000      504.0000   107673   53.76%
    531   219      527.5737   136     1090.0000      504.0000   111668   53.76%
    571   233      534.0193   118     1090.0000      504.0000   123220   53.76%
    588   241      534.2999   120     1090.0000      504.0000   132333   53.76%
    609   246      540.7128   108     1090.0000      504.0000   142017   53.76%
Elapsed time = 17.78 sec. (23168.61 ticks, tree = 2.09 MB, solutions = 6)
    630   253      549.1984   106     1090.0000      504.0000   152934   53.76%
    650   258      830.5580    80     1090.0000      504.0000   162899   53.76%
    687   271      883.6432    57     1090.0000      504.0000   171865   53.76%
    749   294      960.1682    36     1090.0000      504.0000   190771   53.76%
    817   334      952.0000    25     1090.0000      504.0000   218212   53.76%
    861   331      506.7359   171     1090.0000      504.0000   237230   53.76%
    881   341      519.2673   156     1090.0000      504.0000   245768   53.76%
    898   351      662.9132    84     1090.0000      504.0000   252293   53.76%
    954   382      745.8155    59     1090.0000      504.0000   270818   53.76%
   1003   417     1057.4207    39     1090.0000      504.0000   288339   53.76%
Elapsed time = 25.55 sec. (33094.46 ticks, tree = 6.15 MB, solutions = 6)
   1057   460     1065.0000    30     1090.0000      504.0000   299512   53.76%
   1114   493      510.9970   154     1090.0000      506.0000   316594   53.58%
   1139   518      526.3565   175     1090.0000      506.7359   321920   53.51%
   1191   570      536.8908   175     1090.0000      506.7359   325606   53.51%
   1242   621      794.5484    79     1090.0000      506.7359   331890   53.51%
   1291   667      513.0249   150     1090.0000      506.7359   344943   53.51%
   1317   693      683.0000    73     1090.0000      506.7359   358231   53.51%
   1359   733    infeasible           1090.0000      506.7359   371428   53.51%
   1415   787      955.0000    48     1090.0000      506.7359   382249   53.51%
   1489   855      513.7275   160     1090.0000      506.7446   398428   53.51%
Elapsed time = 32.84 sec. (42909.91 ticks, tree = 14.30 MB, solutions = 6)
   1527   893      536.5687   141     1090.0000      506.7446   405129   53.51%
   1597   963      588.3126   140     1090.0000      506.7446   414321   53.51%
   1656  1020     1045.6721    73     1090.0000      506.7446   425358   53.51%
   1724  1077      665.7787    95     1090.0000      506.7446   439216   53.51%
   1755  1108      740.7331   110     1090.0000      506.7446   448375   53.51%
   1814  1167      834.8679   102     1090.0000      506.7446   457237   53.51%
   1879  1230     1033.9692    84     1090.0000      506.7446   468519   53.51%
   1929  1280      527.9497   153     1090.0000      507.0000   476869   53.49%
   1987  1338      540.9503   146     1090.0000      507.0000   484362   53.49%
   2046  1397      711.4665   103     1090.0000      507.0000   496205   53.49%
Elapsed time = 40.07 sec. (52611.82 ticks, tree = 21.86 MB, solutions = 6)
   2088  1439      914.9733    84     1090.0000      507.0000   506942   53.49%
   2165  1516      615.6689   115     1090.0000      508.0000   518198   53.39%
   2244  1590     1014.0000    86     1090.0000      508.0000   528871   53.39%
   2324  1666      990.0961    43     1090.0000      508.2865   544737   53.37%
   2368  1706     1010.0000    22     1090.0000      508.2865   563079   53.37%
   2404  1740     1010.3533    24     1090.0000      508.2865   601048   53.37%
   2477  1790    infeasible           1090.0000      508.2865   623305   53.37%
   2487  1798      522.0768   151     1090.0000      509.5134   628142   53.26%
   2520  1831      529.7472   170     1090.0000      509.5134   632323   53.26%
   2571  1882      534.8543   163     1090.0000      509.5134   639497   53.26%
Elapsed time = 47.91 sec. (62639.00 ticks, tree = 29.33 MB, solutions = 6)
   2636  1947      880.7647    89     1090.0000      509.5134   650647   53.26%
   2698  2005      522.7571   151     1090.0000      509.7240   662029   53.24%
   2766  2073      531.2805   170     1090.0000      509.7240   670447   53.24%
   2838  2145      588.7401   121     1090.0000      509.7240   684026   53.24%
   2887  2190     1029.0000    74     1090.0000      509.7240   694625   53.24%
   2938  2241      553.9543   118     1090.0000      509.7330   705594   53.24%
   3019  2322      807.5517    99     1090.0000      509.7330   718827   53.24%
   3098  2401      517.3624   167     1090.0000      509.7404   729907   53.23%
   3185  2488      546.3085   161     1090.0000      509.7404   743013   53.23%
   3247  2550      875.6707   110     1090.0000      509.7404   757051   53.23%
Elapsed time = 55.60 sec. (72613.93 ticks, tree = 37.55 MB, solutions = 6)
   3289  2589      516.4188   151     1090.0000      509.9293   765423   53.22%
   3325  2625      622.4969    86     1090.0000      509.9293   783749   53.22%
   3358  2658      733.6880    79     1090.0000      509.9293   799802   53.22%
   3408  2699     1015.8309    47     1090.0000      509.9293   816224   53.22%
   3487  2768     1043.6320    27     1090.0000      509.9293   830664   53.22%
   3561  2842      543.8517   162     1090.0000      509.9293   848186   53.22%
   3687  2962     1003.0000    57     1090.0000      509.9293   860871   53.22%
   3744  3018      649.1299    90     1090.0000      510.4861   871478   53.17%
   3822  3087      989.0000    76     1090.0000      510.4861   883247   53.17%
   3939  3202     1001.0000    56     1090.0000      510.9946   895605   53.12%
Elapsed time = 63.82 sec. (82916.21 ticks, tree = 46.08 MB, solutions = 6)
   4081  3343     1006.0000    39     1090.0000      510.9946   908829   53.12%
   4159  3421      539.9444   155     1090.0000      510.9946   918337   53.12%
   4224  3486      637.2475   103     1090.0000      510.9946   928718   53.12%
   4289  3551      510.9946   167     1090.0000      510.9970   941640   53.12%
   4330  3592      928.6100    64     1090.0000      510.9970   959474   53.12%
   4365  3625      993.0000    52     1090.0000      510.9970   973650   53.12%
   4437  3684     1007.0000    35     1090.0000      510.9970   994772   53.12%
   4490  3733      512.9235   165     1090.0000      510.9970  1011741   53.12%
   4525  3768      518.9819   166     1090.0000      510.9970  1016693   53.12%
   4593  3836      557.9137   142     1090.0000      510.9970  1025644   53.12%
Elapsed time = 71.42 sec. (92668.00 ticks, tree = 54.58 MB, solutions = 6)
   4643  3886      954.5046   103     1090.0000      510.9970  1037706   53.12%
   4709  3950      520.4466   158     1090.0000      511.3793  1048997   53.08%
   4781  4022      542.1909   143     1090.0000      511.3793  1058431   53.08%
   4820  4061      771.9035    92     1090.0000      511.3793  1072452   53.08%
   4896  4137      519.9881   164     1090.0000      511.4052  1084660   53.08%
   4961  4202      628.6230   108     1090.0000      511.4052  1101103   53.08%
   4995  4236      753.9815    95     1090.0000      511.4052  1115421   53.08%
   5090  4328      532.3747   119     1090.0000      511.4709  1127633   53.08%
   5152  4390      623.5847   113     1090.0000      511.4709  1143696   53.08%
   5412  4636     1078.9409    71     1090.0000      511.4709  1206336   53.08%
Elapsed time = 81.33 sec. (105261.03 ticks, tree = 65.44 MB, solutions = 6)
*  5487+ 4666                         1080.0000      511.4709  1224155   52.64%
*  5487+ 4433                         1040.0000      511.4709  1224155   50.82%
   5776  4724      596.6332   151     1040.0000      511.4709  1265314   50.82%
   6156  5104      617.6027   137     1040.0000      511.4709  1321405   50.82%
   6513  5456      674.2154    95     1040.0000      512.2292  1410590   50.75%
   6788  5729      914.9079    95     1040.0000      512.4080  1468587   50.73%
   6998  5938      911.5982    86     1040.0000      512.7325  1519114   50.70%
   7299  6238      530.6123   164     1040.0000      512.7325  1559197   50.70%
   7535  6467     1031.0000    47     1040.0000      512.7325  1621698   50.70%
   7912  6818      541.7632   137     1040.0000      512.7325  1694184   50.70%
   8328  7233      989.0000    52     1040.0000      512.9096  1757796   50.68%
   8750  7632      781.9232   114     1040.0000      512.9096  1843774   50.68%
Elapsed time = 113.12 sec. (143527.78 ticks, tree = 90.34 MB, solutions = 8)
   9178  8049        cutoff           1040.0000      513.0000  1909771   50.67%
   9491  8334      583.9491   131     1040.0000      513.0000  2000178   50.67%
   9959  8800      984.9397    92     1040.0000      513.0000  2065842   50.67%
* 10227+ 7690                         1000.0000      513.0484  2099338   48.70%
* 10227+ 5641                          970.0000      513.0484  2099338   47.11%
  10227  5640      989.0000    56      970.0000      513.0484  2099338   47.11%
  10323  5724      522.8374   146      970.0000      513.3101  2128861   47.08%
  10486  5879      751.5558    98      970.0000      513.3101  2188037   47.08%
  10638  6009      949.8415    82      970.0000      514.0638  2256815   47.00%
  10778  6130      917.4695    94      970.0000      514.2524  2323430   46.98%
  11135  6467      966.0000    64      970.0000      514.4181  2390963   46.97%
  11595  6905      953.0000    59      970.0000      514.6030  2468536   46.95%
Elapsed time = 156.28 sec. (193681.83 ticks, tree = 79.58 MB, solutions = 10)
  11928  7196      518.8326   144      970.0000      514.6030  2542914   46.95%
  12579  7824      548.2562   146      970.0000      514.6838  2634760   46.94%
  12834  8057      655.9971   116      970.0000      514.6993  2720189   46.94%
  13055  8223        cutoff            970.0000      514.6993  2785631   46.94%
  13253  8402      828.5109    66      970.0000      514.6993  2845164   46.94%
  13416  8540      899.4319   111      970.0000      514.6993  2906268   46.94%
  13784  8889      953.0000    48      970.0000      514.6993  2966267   46.94%
  14014  9087      659.7683   116      970.0000      514.7449  3044465   46.93%
  14368  9415      962.7892    70      970.0000      515.0000  3122286   46.91%
  14984 10010      952.9521    89      970.0000      515.2690  3196923   46.88%
Elapsed time = 188.52 sec. (231916.64 ticks, tree = 101.74 MB, solutions = 10)
  15346 10342      726.4121    97      970.0000      515.6153  3291871   46.84%
  15503 10479      921.2951    93      970.0000      515.9258  3358836   46.81%
  16213 11164      967.0000    69      970.0000      515.9258  3451743   46.81%
  16508 11431      683.2448    90      970.0000      515.9258  3544601   46.81%
  16951 11838      960.8060    91      970.0000      515.9853  3616315   46.81%
  17433 12303      757.9708   128      970.0000      515.9853  3693294   46.81%
  17774 12609      964.0000    51      970.0000      515.9853  3767494   46.81%
  18240 13045      968.0000    36      970.0000      515.9853  3832404   46.81%
  18531 13314      954.0000    13      970.0000      515.9853  3905692   46.81%
  18901 13657      657.0308   109      970.0000      515.9853  3980596   46.81%
Elapsed time = 229.65 sec. (270146.11 ticks, tree = 124.58 MB, solutions = 10)
  19305 14037      774.9561    97      970.0000      516.1400  4070426   46.79%
  19739 14453      868.6409    55      970.0000      516.2222  4147644   46.78%
  20463 15134      966.0000    55      970.0000      516.2398  4255427   46.78%
  20928 15584      968.0000    50      970.0000      516.3982  4332743   46.76%
  21487 16096      968.0000    70      970.0000      516.4188  4443829   46.76%
  22056 16649      914.3950    98      970.0000      516.4962  4526064   46.75%
  22487 17052      577.3206   146      970.0000      516.5139  4598419   46.75%
  23037 17589      954.0000    49      970.0000      516.5527  4659690   46.75%
  23411 17941      953.0000    55      970.0000      516.6428  4737929   46.74%
  23896 18396      537.8581   150      970.0000      516.6480  4804963   46.74%
Elapsed time = 278.11 sec. (308586.45 ticks, tree = 138.46 MB, solutions = 10)
  24233 18723      829.8480    84      970.0000      516.6480  4880572   46.74%
  24360 18818      578.5313   133      970.0000      516.6480  4965978   46.74%
  24622 19039    infeasible            970.0000      516.6480  5064082   46.74%
  24980 19375      578.6622   122      970.0000      516.6480  5137723   46.74%
  25354 19728      717.4772    98      970.0000      516.8094  5217709   46.72%
  25917 20279      953.2436    57      970.0000      516.9326  5302266   46.71%
  26229 20557      577.8099   127      970.0000      516.9326  5388353   46.71%
  26547 20847      592.4538   114      970.0000      516.9326  5483378   46.71%
  26719 20992      956.0000    57      970.0000      516.9326  5550948   46.71%
  26926 21166      773.3510    68      970.0000      517.0000  5615372   46.70%
Elapsed time = 325.08 sec. (347105.46 ticks, tree = 143.01 MB, solutions = 10)
  27380 21598      683.0000    93      970.0000      517.2164  5699657   46.68%
  27512 21710      522.9954   158      970.0000      517.3624  5760853   46.66%
  27687 21858      964.0000    50      970.0000      517.3624  5810623   46.66%
  27913 22046      824.6410    98      970.0000      517.4563  5888812   46.65%
  28053 22149      931.4671    98      970.0000      517.7617  5964313   46.62%
  28153 22236      825.6111    84      970.0000      517.7617  6018511   46.62%
  28295 22356      527.0205   142      970.0000      517.7774  6085509   46.62%
  28443 22482      670.0939   112      970.0000      517.8896  6159160   46.61%
  28588 22600      543.4364   155      970.0000      517.9494  6222477   46.60%
  28917 22913      966.0000    52      970.0000      517.9494  6262988   46.60%
Elapsed time = 370.62 sec. (385820.47 ticks, tree = 157.78 MB, solutions = 10)
  29131 23111      963.0000    33      970.0000      517.9494  6293247   46.60%
  29372 23318      967.0000    59      970.0000      517.9982  6321258   46.60%
  29558 23492      938.5208    36      970.0000      517.9982  6350540   46.60%
  29805 23722      957.0000    75      970.0000      518.1272  6380897   46.58%
  30101 24008      955.0000    62      970.0000      518.2223  6401899   46.58%
  30514 24401      958.0000    57      970.0000      518.2223  6433186   46.58%
  30791 24634        cutoff            970.0000      518.2569  6468137   46.57%
  31165 24982      773.3510   102      970.0000      518.4231  6502690   46.55%
  31352 25138      545.7285   118      970.0000      518.4231  6541649   46.55%
  31597 25366      878.9745    63      970.0000      518.4404  6572406   46.55%
Elapsed time = 413.95 sec. (424312.39 ticks, tree = 216.67 MB, solutions = 10)
  31804 25542      823.5310   107      970.0000      518.5574  6596547   46.54%
  31975 25684        cutoff            970.0000      518.5945  6626679   46.54%
  32224 25892      966.0000    45      970.0000      518.5945  6656407   46.54%
  32487 26128      580.1464   113      970.0000      518.5945  6687357   46.54%
  32880 26494      955.0000    39      970.0000      518.6827  6714558   46.53%
  33207 26790      954.2394    23      970.0000      518.6901  6755621   46.53%
  33414 26952      697.7563    85      970.0000      518.8326  6787364   46.51%
  33696 27203      524.6433   132      970.0000      518.8326  6814503   46.51%
  33862 27341      620.6710   114      970.0000      518.8326  6842136   46.51%
  34072 27516      713.8505   105      970.0000      518.8336  6867927   46.51%
Elapsed time = 455.77 sec. (462846.80 ticks, tree = 255.17 MB, solutions = 10)
  34245 27654      621.8458    92      970.0000      518.8336  6895395   46.51%
  34409 27790      930.9732    62      970.0000      518.8401  6921337   46.51%
  34584 27936      949.0000    52      970.0000      518.8616  6944251   46.51%
  34843 28152      578.3710   112      970.0000      518.8616  6973611   46.51%
  35116 28378      603.0000    79      970.0000      518.8616  6998963   46.51%
  35467 28703      806.2135    51      970.0000      518.9669  7026063   46.50%
  35698 28908      966.0000    66      970.0000      518.9669  7057683   46.50%
  36030 29209      556.8358   115      970.0000      518.9669  7084799   46.50%
  36295 29451      773.3451    58      970.0000      518.9819  7109188   46.50%
  36458 29596        cutoff            970.0000      518.9819  7141670   46.50%
Elapsed time = 496.95 sec. (501303.94 ticks, tree = 284.94 MB, solutions = 10)
  36738 29833      950.3037    32      970.0000      518.9819  7172519   46.50%
  36987 30050      604.2388    89      970.0000      519.0000  7200556   46.49%
  37271 30307      936.0000    75      970.0000      519.2137  7228461   46.47%
  37558 30571      621.1258    79      970.0000      519.2673  7260158   46.47%
  37721 30715      820.1029    64      970.0000      519.4623  7286994   46.45%
  38013 30964      913.5575    82      970.0000      519.9083  7315595   46.40%
  38164 31093      829.4411   113      970.0000      519.9881  7343798   46.39%
  38301 31198      524.6150   138      970.0000      519.9881  7373375   46.39%
  38557 31419      968.0000    59      970.0000      520.2190  7394061   46.37%
  38853 31697      941.0042    37      970.0000      520.2756  7427158   46.36%
Elapsed time = 538.14 sec. (539743.04 ticks, tree = 331.53 MB, solutions = 10)
  39160 31971      968.0094    55      970.0000      520.3542  7460787   46.36%
  39487 32282      966.0000    27      970.0000      520.3626  7485438   46.35%
  39687 32451      600.7818   113      970.0000      520.3754  7505065   46.35%
  39787 32540      957.8002    83      970.0000      520.4466  7521484   46.35%
  39987 32711      779.6493    67      970.0000      520.4466  7545711   46.35%
  40175 32871      712.1379    89      970.0000      520.4466  7574850   46.35%
  40439 33106      951.0000    41      970.0000      520.4466  7588303   46.35%
  40644 33287    infeasible            970.0000      520.4689  7612040   46.34%
  40746 33359      773.1965    81      970.0000      520.5222  7639824   46.34%
  40993 33584      663.0000    90      970.0000      520.5582  7660198   46.33%
Elapsed time = 590.63 sec. (585338.06 ticks, tree = 379.36 MB, solutions = 10)
  41097 33674      592.1950   119      970.0000      520.5582  7675848   46.33%
  41230 33792      969.0000    64      970.0000      520.5582  7706841   46.33%

GUB cover cuts applied:  2
Clique cuts applied:  3
Cover cuts applied:  1
Implied bound cuts applied:  70
Flow cuts applied:  239
Mixed integer rounding cuts applied:  86
Lift and project cuts applied:  6

Root node processing (before b&c):
  Real time             =    1.51 sec. (2058.25 ticks)
Sequential b&c:
  Real time             =  598.49 sec. (591624.07 ticks)
                          ------------
Total (root+branch&cut) =  600.00 sec. (593682.32 ticks)
