Tried aggregator 2 times.
MIP Presolve eliminated 139 rows and 37 columns.
MIP Presolve modified 82 coefficients.
Aggregator did 11 substitutions.
Reduced MIP has 147 rows, 220 columns, and 734 nonzeros.
Reduced MIP has 114 binaries, 2 generals, 0 SOSs, and 0 indicators.
Presolve time = 0.00 sec. (1.07 ticks)
Found incumbent of value 1100.000000 after 0.00 sec. (2.12 ticks)
Probing time = 0.00 sec. (0.47 ticks)
Cover probing fixed 0 vars, tightened 72 bounds.
Tried aggregator 1 time.
MIP Presolve eliminated 1 rows and 1 columns.
MIP Presolve modified 72 coefficients.
Reduced MIP has 146 rows, 219 columns, and 732 nonzeros.
Reduced MIP has 113 binaries, 6 generals, 0 SOSs, and 0 indicators.
Presolve time = 0.00 sec. (0.48 ticks)
Probing time = 0.00 sec. (0.44 ticks)
Clique table members: 38.
MIP emphasis: balance optimality and feasibility.
MIP search method: dynamic search.
Parallel mode: none, using 1 thread.
Root relaxation solution time = 0.00 sec. (0.96 ticks)

        Nodes                                         Cuts/
   Node  Left     Objective  IInf  Best Integer    Best Bound    ItCnt     Gap

*     0+    0                         1100.0000        0.0000       85  100.00%
      0     0      104.7584    36     1100.0000      104.7584       85   90.48%
      0     0      105.3835    35     1100.0000      Cuts: 23      215   90.42%
      0     0      170.9554    37     1100.0000      Cuts: 35      293   84.46%
      0     0      180.4208    36     1100.0000      Cuts: 18      329   83.60%
      0     0      180.5132    37     1100.0000      Cuts: 11      347   83.59%
      0     0      180.5225    36     1100.0000      Cuts: 12      367   83.59%
      0     0      180.5564    35     1100.0000       Cuts: 7      377   83.59%
      0     0      180.5776    41     1100.0000      Cuts: 11      391   83.58%
      0     0      180.5776    38     1100.0000      Cuts: 12      397   83.58%
      0     0      180.5867    38     1100.0000       Cuts: 6      411   83.58%
*     0+    0                          520.0000      180.5867      411   65.27%
*     0+    0                          410.0000      180.5867      411   55.95%
*     0+    0                          409.0000      180.5867      411   55.85%
      0     2      180.5867    37      409.0000      180.5867      411   55.85%
Elapsed time = 0.14 sec. (93.60 ticks, tree = 0.00 MB, solutions = 4)
*   100+   64                          380.0000      180.8315     2107   52.41%
    993   587      353.2003    16      380.0000      236.5588    15919   37.75%
   1587   868      346.0000    23      380.0000      346.0000    26916    8.95%
   1841   434      377.4758    18      380.0000      347.2828    31408    8.61%
   2245   471      366.6667    11      380.0000      348.2618    40918    8.35%
   2705   701      354.9542    21      380.0000      349.3040    52394    8.08%
   3194   978      351.1160    24      380.0000      349.8447    64743    7.94%
   3558  1195      357.2317    15      380.0000      350.1223    75546    7.86%
   4016  1464      367.1355    14      380.0000      350.7955    86990    7.69%
   4432  1674      357.7500    15      380.0000      351.2450    98738    7.57%
   5944  2520      364.6830    17      380.0000      352.7500   140881    7.17%
Elapsed time = 5.39 sec. (3679.27 ticks, tree = 1.09 MB, solutions = 5)
   7492  3304      370.3571    10      380.0000      353.6667   183951    6.93%
   8907  3942      361.3600    16      380.0000      354.6913   229374    6.66%
  10351  4593      367.6529    18      380.0000      355.2500   274655    6.51%
  11910  5198      371.8182    11      380.0000      355.9897   318697    6.32%
  12547  5430      361.6667    11      380.0000      356.2821   337825    6.24%
  14070  6042      357.7500     8      380.0000      357.0272   380202    6.05%
  15804  6626      360.9885    16      380.0000      357.5355   424331    5.91%
  17510  7154      363.3333    16      380.0000      357.7500   471532    5.86%
  19114  7520      358.0678    12      380.0000      358.0678   520153    5.77%
  20624  7839      378.5600    17      380.0000      358.6395   565403    5.62%
Elapsed time = 19.36 sec. (13220.93 ticks, tree = 2.58 MB, solutions = 5)
  22170  8144      366.9877    16      380.0000      359.2500   611009    5.46%
  23647  8408      361.3191    20      380.0000      360.0000   656612    5.26%
  25029  8839      367.0588    14      380.0000      360.0000   704093    5.26%
  26504  9335        cutoff            380.0000      360.2086   747016    5.21%
  28054  9700        cutoff            380.0000      360.4878   792538    5.13%
  29581 10033      363.3904    10      380.0000      360.8228   836837    5.05%
  31019 10248      362.1509    14      380.0000      361.2677   881667    4.93%
  32530 10519      364.7504    12      380.0000      361.6667   927823    4.82%
  33974 10850        cutoff            380.0000      361.7526   974978    4.80%
  35571 10934        cutoff            380.0000      362.2940  1020377    4.66%
Elapsed time = 32.13 sec. (22764.26 ticks, tree = 3.78 MB, solutions = 5)
  37076 10972        cutoff            380.0000      363.2325  1065996    4.41%
  38600 11296      364.3580    13      380.0000      363.3333  1113350    4.39%
  39975 11530      370.3555    14      380.0000      363.3333  1160546    4.39%
  41430 11826      363.3866    15      380.0000      363.3333  1207775    4.39%
  42884 12203      366.9647    16      380.0000      363.3333  1255340    4.39%
  44204 12537        cutoff            380.0000      363.3333  1301005    4.39%
  45576 12848        cutoff            380.0000      363.3333  1349189    4.39%
  46985 12991        cutoff            380.0000      363.4523  1395744    4.35%
  48526 13115      366.1491    14      380.0000      363.5668  1442815    4.32%
  49908 13100      373.9069    15      380.0000      363.6875  1489275    4.29%
Elapsed time = 41.16 sec. (32303.63 ticks, tree = 4.40 MB, solutions = 5)
  51383 13148        cutoff            380.0000      363.7857  1536570    4.27%
  52820 13058        cutoff            380.0000      363.9458  1583177    4.22%
  54222 13093        cutoff            380.0000      364.0379  1628648    4.20%
  55644 13040      365.9539    24      380.0000      364.1830  1675334    4.16%
  57076 12887      366.8702    10      380.0000      364.3512  1721776    4.12%
  58525 12647        cutoff            380.0000      364.5703  1768425    4.06%
  59883 12285      366.9512    14      380.0000      364.8279  1816451    3.99%
  61267 12047        cutoff            380.0000      365.1101  1866490    3.92%
  62601 11719        cutoff            380.0000      365.5109  1913460    3.81%
  64009 11368        cutoff            380.0000      366.1252  1961892    3.65%
Elapsed time = 49.98 sec. (41847.15 ticks, tree = 3.88 MB, solutions = 5)
  65395 11084      367.9111    14      380.0000      366.6667  2009584    3.51%
  66734 10995        cutoff            380.0000      366.6667  2059748    3.51%
  68107 11084      366.6667    14      380.0000      366.6667  2107318    3.51%
  69507 11201        cutoff            380.0000      366.6667  2153972    3.51%
  70913 11128        cutoff            380.0000      366.7732  2203619    3.48%
  72414 10878      370.4781     8      380.0000      366.9868  2249332    3.42%
  74005 10693        cutoff            380.0000      367.1483  2296145    3.38%
  75410 10327        cutoff            380.0000      367.3764  2343592    3.32%
  76920  9822        cutoff            380.0000      367.6704  2390351    3.24%
  78536  9202        cutoff            380.0000      368.1459  2438086    3.12%
Elapsed time = 58.89 sec. (51387.70 ticks, tree = 3.27 MB, solutions = 5)
  80075  8587      370.6780    12      380.0000      368.6916  2484860    2.98%
  81658  7810        cutoff            380.0000      369.8154  2532064    2.68%
  83048  7406        cutoff            380.0000      370.0000  2582212    2.63%
  84345  7097      373.3333    12      380.0000      370.0410  2633208    2.62%
  85954  6354      372.4651    20      380.0000      370.4907  2681201    2.50%
  87513  5521        cutoff            380.0000      371.1194  2726821    2.34%
  89473  4157        cutoff            380.0000      373.1894  2772635    1.79%
  90832  3375        cutoff            380.0000      373.3333  2826318    1.75%
  93239  1331        cutoff            380.0000      376.4668  2869447    0.93%

GUB cover cuts applied:  2
Cover cuts applied:  17
Implied bound cuts applied:  61
Flow cuts applied:  72
Mixed integer rounding cuts applied:  32
Zero-half cuts applied:  8
Lift and project cuts applied:  19

Root node processing (before b&c):
  Real time             =    0.14 sec. (93.61 ticks)
Sequential b&c:
  Real time             =   67.12 sec. (60473.32 ticks)
                          ------------
Total (root+branch&cut) =   67.27 sec. (60566.93 ticks)
