Tried aggregator 2 times.
MIP Presolve eliminated 139 rows and 39 columns.
MIP Presolve modified 60 coefficients.
Aggregator did 12 substitutions.
Reduced MIP has 152 rows, 227 columns, and 759 nonzeros.
Reduced MIP has 119 binaries, 2 generals, 0 SOSs, and 0 indicators.
Presolve time = 0.00 sec. (1.11 ticks)
Found incumbent of value 1400.000000 after 0.01 sec. (2.19 ticks)
Probing time = 0.00 sec. (0.45 ticks)
Cover probing fixed 0 vars, tightened 54 bounds.
Tried aggregator 1 time.
MIP Presolve modified 54 coefficients.
Reduced MIP has 152 rows, 227 columns, and 759 nonzeros.
Reduced MIP has 119 binaries, 8 generals, 0 SOSs, and 0 indicators.
Presolve time = 0.00 sec. (0.48 ticks)
Probing time = 0.00 sec. (0.42 ticks)
Clique table members: 140.
MIP emphasis: balance optimality and feasibility.
MIP search method: dynamic search.
Parallel mode: none, using 1 thread.
Root relaxation solution time = 0.00 sec. (0.83 ticks)

        Nodes                                         Cuts/
   Node  Left     Objective  IInf  Best Integer    Best Bound    ItCnt     Gap

*     0+    0                         1400.0000        0.0000       75  100.00%
      0     0      140.2128    42     1400.0000      140.2128       75   89.98%
      0     0      177.2531    32     1400.0000      Cuts: 10      174   87.34%
      0     0      249.0997    35     1400.0000      Cuts: 36      202   82.21%
      0     0      264.6865    35     1400.0000      Cuts: 20      227   81.09%
      0     0      264.6865    32     1400.0000      Cuts: 15      251   81.09%
      0     0      264.6865    37     1400.0000      Cuts: 13      276   81.09%
*     0+    0                          740.0000      264.6865      276   64.23%
      0     2      264.6865    34      740.0000      264.6865      276   64.23%
Elapsed time = 0.12 sec. (83.04 ticks, tree = 0.00 MB, solutions = 2)
*    10+   10                          640.0000      264.7582      428   58.63%
*    70+   60                          550.0000      267.7755     1677   51.31%
*    76    60      integral     0      530.0000      267.7755     1727   49.48%
*   560+  424                          510.0000      277.8978     8487   45.51%
    976   725      444.0000    29      510.0000      444.0000    16650   12.94%
*  1256+  481                          500.0000      446.0595    21523   10.79%
   1316   484      473.3333    20      500.0000      446.0595    22302   10.79%
   1839   613      470.5970    19      500.0000      447.2498    31973   10.55%
   2341   942      493.3333     8      500.0000      448.6075    42889   10.28%
   2839  1276      474.1695    23      500.0000      449.8735    54852   10.03%
   3301  1568      491.1712    11      500.0000      450.5535    66119    9.89%
   3821  1907      455.9664    24      500.0000      451.1383    79215    9.77%
   4320  2210        cutoff            500.0000      452.0453    90605    9.59%
   6338  3393      473.7789    15      500.0000      454.9109   140022    9.02%
Elapsed time = 3.65 sec. (3295.91 ticks, tree = 2.55 MB, solutions = 7)
   8041  4288      455.5102    23      500.0000      455.5102   186880    8.90%
  10027  5313        cutoff            500.0000      457.5102   236315    8.50%
  11124  5861        cutoff            500.0000      458.0000   263749    8.40%
  13051  6789      486.6667    12      500.0000      458.7585   313677    8.25%
  14852  7546      466.0688    17      500.0000      459.3143   365409    8.14%
  16718  8317      460.7668    19      500.0000      460.4714   413155    7.91%
  18569  9059      486.6667    21      500.0000      461.4749   462435    7.71%
  20314  9704      481.7827    11      500.0000      462.0000   513818    7.60%
  22026 10354      486.6667    11      500.0000      463.3753   563539    7.32%
  23762 10967      473.6600    17      500.0000      463.7500   615492    7.25%
Elapsed time = 14.65 sec. (12836.74 ticks, tree = 5.01 MB, solutions = 7)
  25466 11587      482.3643    15      500.0000      463.7500   667609    7.25%
  27231 12121        cutoff            500.0000      464.5436   716542    7.09%
  28955 12691      469.2371    17      500.0000      465.8333   767269    6.83%
  30694 13225        cutoff            500.0000      465.8333   820763    6.83%
  32600 13794      486.6667     8      500.0000      467.0727   871348    6.59%
  34488 14261      473.4719    16      500.0000      468.0000   924399    6.40%
  36281 14826      483.6066    16      500.0000      468.3730   976911    6.33%
  38093 15400      493.3333    16      500.0000      468.7500  1030211    6.25%
  39795 15889      479.4881    22      500.0000      468.7500  1084288    6.25%
  41617 16310      486.6667    16      500.0000      469.6084  1136735    6.08%
Elapsed time = 24.98 sec. (22377.62 ticks, tree = 6.42 MB, solutions = 7)
  43298 16703        cutoff            500.0000      470.3349  1190439    5.93%
  44851 16967      480.0000    10      500.0000      470.3900  1243403    5.92%
  46412 17191        cutoff            500.0000      470.6786  1297247    5.86%
  48055 17462        cutoff            500.0000      471.1957  1348879    5.76%
  49659 17671      474.2999    17      500.0000      473.1885  1400628    5.36%
  51322 18093      475.0418    13      500.0000      473.3333  1454180    5.33%
  53005 18575      476.7742    13      500.0000      473.3333  1507699    5.33%
  54680 18989        cutoff            500.0000      473.3333  1560994    5.33%
  56350 19463      474.4812    23      500.0000      473.3333  1614288    5.33%
  58015 19926      480.0000    16      500.0000      473.3333  1668337    5.33%
Elapsed time = 35.00 sec. (31916.24 ticks, tree = 7.81 MB, solutions = 7)
  59685 20381      486.6667    16      500.0000      473.3333  1720787    5.33%
  61220 20761      486.6667    11      500.0000      473.3333  1774534    5.33%
  62866 21262        cutoff            500.0000      473.3333  1828047    5.33%
  64407 21678        cutoff            500.0000      473.3333  1881672    5.33%
  65889 22126      473.3333    18      500.0000      473.3333  1935018    5.33%
  67556 22541      486.9445    18      500.0000      473.3772  1987530    5.32%
  69335 22712      487.0230    15      500.0000      473.6573  2040390    5.27%
  71019 22787      486.6667     8      500.0000      473.7441  2094590    5.25%
  72687 22920      486.6667     8      500.0000      473.7789  2148406    5.24%
  74486 22822      486.6667    11      500.0000      473.8162  2201273    5.24%
Elapsed time = 44.89 sec. (41456.13 ticks, tree = 8.47 MB, solutions = 7)
  76095 22850        cutoff            500.0000      473.8756  2255296    5.22%
  77641 23006        cutoff            500.0000      473.8996  2307807    5.22%
  79304 23048        cutoff            500.0000      473.9276  2360454    5.21%
  80771 23046      486.6667    13      500.0000      474.1509  2415467    5.17%
  82292 23004      480.2611    18      500.0000      474.6154  2469582    5.08%
  83904 22969      482.8108    11      500.0000      474.8040  2524109    5.04%
  85445 22925        cutoff            500.0000      474.9282  2578526    5.01%
  87051 23016        cutoff            500.0000      474.9471  2631891    5.01%
  88648 22860      483.8708    18      500.0000      475.4030  2685057    4.92%
  90178 22885      475.6693    16      500.0000      475.6693  2739556    4.87%
Elapsed time = 54.58 sec. (50998.00 ticks, tree = 8.38 MB, solutions = 7)
  91763 22809        cutoff            500.0000      476.0848  2793307    4.78%
  93296 22693      486.6667    12      500.0000      477.0492  2847386    4.59%
  94925 22584        cutoff            500.0000      478.3747  2899714    4.33%
  96443 22538        cutoff            500.0000      479.5298  2953420    4.09%
  97916 22565      480.0000    11      500.0000      480.0000  3009498    4.00%
  99362 22580      493.3333    13      500.0000      480.0000  3065707    4.00%
 100804 22518        cutoff            500.0000      480.0000  3123086    4.00%
 102307 22581        cutoff            500.0000      480.0000  3179140    4.00%
 103791 22690      489.2109    15      500.0000      480.0000  3235273    4.00%
 105206 22686        cutoff            500.0000      480.0000  3291108    4.00%
Elapsed time = 64.40 sec. (60539.69 ticks, tree = 8.16 MB, solutions = 7)
 106612 22723      480.0000    15      500.0000      480.0000  3347365    4.00%
 108079 22803      480.9756    18      500.0000      480.0000  3403428    4.00%
 109493 22880      493.3333    10      500.0000      480.0000  3458302    4.00%
 110909 22930      480.0000    14      500.0000      480.0000  3512981    4.00%
 112379 22988        cutoff            500.0000      480.0000  3568307    4.00%
 113806 23032        cutoff            500.0000      480.0000  3622961    4.00%
 115200 23049        cutoff            500.0000      480.0000  3679386    4.00%
 116529 23142        cutoff            500.0000      480.0000  3735569    4.00%
 117895 23282      493.3333    12      500.0000      480.0000  3790708    4.00%
 119316 23365        cutoff            500.0000      480.0000  3846259    4.00%
Elapsed time = 74.21 sec. (70082.15 ticks, tree = 8.30 MB, solutions = 7)
 120651 23484      482.2967    15      500.0000      480.0000  3900587    4.00%
 121991 23570      490.9029    17      500.0000      480.0000  3957376    4.00%
 123316 23606        cutoff            500.0000      480.0000  4012607    4.00%
 124638 23663      480.0000    14      500.0000      480.0000  4067830    4.00%
 125960 23787      480.0000    15      500.0000      480.0000  4122048    4.00%
 127211 23857      484.9126    20      500.0000      480.0000  4177580    4.00%
 128616 23829      482.4384    18      500.0000      480.0000  4232083    4.00%
 130039 23861      486.6667    15      500.0000      480.0218  4286245    4.00%
 131646 23698      480.4464    22      500.0000      480.4464  4339502    3.91%
 133364 23606      493.3333    12      500.0000      480.4739  4393533    3.91%
Elapsed time = 83.84 sec. (79624.80 ticks, tree = 8.30 MB, solutions = 7)
 135079 23589      493.3333    13      500.0000      480.4785  4447447    3.90%
 136766 23349        cutoff            500.0000      480.5141  4502310    3.90%
 138476 23068        cutoff            500.0000      480.5571  4556558    3.89%
 140174 22764        cutoff            500.0000      480.7229  4611214    3.86%
 141733 22414      493.3333    11      500.0000      481.1014  4666037    3.78%
 143267 22047      493.3333    13      500.0000      481.5166  4722276    3.70%
 144910 21814        cutoff            500.0000      481.6452  4776549    3.67%
 146479 21418      482.0095    14      500.0000      482.0095  4831469    3.60%
 147991 20867      493.3333     9      500.0000      482.7807  4888604    3.44%
 154446 18288        cutoff            500.0000      486.6667  5115522    2.67%
Elapsed time = 96.32 sec. (92027.60 ticks, tree = 6.54 MB, solutions = 7)
 160509 15673        cutoff            500.0000      486.6667  5349538    2.67%
 166425 13913    infeasible            500.0000      486.6667  5580604    2.67%
 172263 12629      486.6667    13      500.0000      486.6667  5806004    2.67%
 178299 11183      493.3333    15      500.0000      486.9793  6031069    2.60%
 186162  6519        cutoff            500.0000      493.3333  6250302    1.33%
 192318  3793      493.3333    11      500.0000      493.3333  6491540    1.33%
 198209  1843        cutoff            500.0000      493.3333  6725624    1.33%

GUB cover cuts applied:  6
Cover cuts applied:  9
Implied bound cuts applied:  54
Flow cuts applied:  62
Mixed integer rounding cuts applied:  26
Lift and project cuts applied:  19

Root node processing (before b&c):
  Real time             =    0.12 sec. (83.07 ticks)
Sequential b&c:
  Real time             =  133.46 sec. (119677.48 ticks)
                          ------------
Total (root+branch&cut) =  133.58 sec. (119760.55 ticks)
