Tried aggregator 2 times.
MIP Presolve eliminated 141 rows and 39 columns.
MIP Presolve modified 91 coefficients.
Aggregator did 10 substitutions.
Reduced MIP has 145 rows, 217 columns, and 727 nonzeros.
Reduced MIP has 113 binaries, 2 generals, 0 SOSs, and 0 indicators.
Presolve time = 0.00 sec. (1.04 ticks)
Found incumbent of value 1500.000000 after 0.00 sec. (2.08 ticks)
Probing time = 0.00 sec. (0.49 ticks)
Cover probing fixed 0 vars, tightened 82 bounds.
Tried aggregator 1 time.
MIP Presolve eliminated 1 rows and 1 columns.
MIP Presolve modified 81 coefficients.
Reduced MIP has 144 rows, 216 columns, and 725 nonzeros.
Reduced MIP has 112 binaries, 4 generals, 0 SOSs, and 0 indicators.
Presolve time = 0.00 sec. (0.48 ticks)
Probing time = 0.00 sec. (0.47 ticks)
Clique table members: 29.
MIP emphasis: balance optimality and feasibility.
MIP search method: dynamic search.
Parallel mode: none, using 1 thread.
Root relaxation solution time = 0.00 sec. (0.86 ticks)

        Nodes                                         Cuts/
   Node  Left     Objective  IInf  Best Integer    Best Bound    ItCnt     Gap

*     0+    0                         1500.0000       60.0000       80   96.00%
      0     0      140.2239    33     1500.0000      140.2239       80   90.65%
      0     0      185.3529    34     1500.0000      Cuts: 39      215   87.64%
      0     0      230.8832    37     1500.0000      Cuts: 41      380   84.61%
      0     0      261.3797    36     1500.0000      Cuts: 27      468   82.57%
      0     0      271.1837    39     1500.0000      Cuts: 25      538   81.92%
      0     0      271.9674    37     1500.0000      Cuts: 20      574   81.87%
      0     0      271.9674    36     1500.0000      Cuts: 14      585   81.87%
      0     0      271.9674    34     1500.0000      Cuts: 12      605   81.87%
*     0+    0                          700.0000      271.9674      605   61.15%
*     0+    0                          699.0000      271.9674      605   61.09%
*     0+    0                          670.0000      271.9674      605   59.41%
*     0+    0                          560.0000      271.9674      605   51.43%
      0     2      271.9674    34      560.0000      271.9674      605   51.43%
Elapsed time = 0.16 sec. (122.42 ticks, tree = 0.00 MB, solutions = 5)
*   231   175      integral     0      530.0000      272.7008     5790   48.55%
*   440+  293                          510.0000      281.8631    10227   44.73%
*   540+  339                          490.0000      282.0384    11874   42.44%
    943   584      483.3333     8      490.0000      286.5841    20450   41.51%
   1174   733      462.0000    39      490.0000      462.0000    27774    5.71%
   1308   545        cutoff            490.0000      463.4499    32669    5.42%
   1778   569      469.0465    23      490.0000      465.9159    43427    4.92%
   2251   709      488.5662    14      490.0000      468.8772    55044    4.31%
   2652   908      486.6787    11      490.0000      471.3015    66241    3.82%
   3099  1139      472.9002    17      490.0000      472.6255    76958    3.55%
   3580  1380      478.8205    18      490.0000      474.7706    87689    3.11%
   5315  2044      480.0079    16      490.0000      477.1394   129882    2.62%
Elapsed time = 3.60 sec. (3458.58 ticks, tree = 0.61 MB, solutions = 8)
   6984  2511      486.6938    15      490.0000      478.5341   173932    2.34%
   8542  2804      484.2382    13      490.0000      480.0000   216848    2.04%
  10037  3204      484.4648    12      490.0000      480.0496   258098    2.03%
  11552  3309      480.5000    24      490.0000      480.5000   302098    1.94%
  12003  3325      484.0875    10      490.0000      480.6576   315990    1.91%
  13632  3157        cutoff            490.0000      481.6667   360627    1.70%
  15283  2875        cutoff            490.0000      483.2120   404993    1.39%
  16831  2741        cutoff            490.0000      483.3333   451882    1.36%
  18505  2225      486.9231     9      490.0000      484.1651   498427    1.19%
  20482  1223        cutoff            490.0000      486.6667   543007    0.68%
Elapsed time = 12.61 sec. (13001.27 ticks, tree = 0.46 MB, solutions = 8)

GUB cover cuts applied:  4
Cover cuts applied:  16
Implied bound cuts applied:  42
Flow cuts applied:  60
Mixed integer rounding cuts applied:  29
Zero-half cuts applied:  3
Lift and project cuts applied:  14

Root node processing (before b&c):
  Real time             =    0.16 sec. (122.43 ticks)
Sequential b&c:
  Real time             =   13.06 sec. (13557.37 ticks)
                          ------------
Total (root+branch&cut) =   13.22 sec. (13679.80 ticks)
