Tried aggregator 2 times.
MIP Presolve eliminated 471 rows and 71 columns.
MIP Presolve modified 268 coefficients.
Aggregator did 23 substitutions.
Reduced MIP has 502 rows, 850 columns, and 2974 nonzeros.
Reduced MIP has 436 binaries, 2 generals, 0 SOSs, and 0 indicators.
Presolve time = 0.00 sec. (3.98 ticks)
Found incumbent of value 2950.000000 after 0.01 sec. (7.90 ticks)
Probing fixed 0 vars, tightened 1 bounds.
Probing time = 0.01 sec. (3.80 ticks)
Cover probing fixed 0 vars, tightened 233 bounds.
Tried aggregator 1 time.
MIP Presolve eliminated 1 rows and 1 columns.
MIP Presolve modified 228 coefficients.
Reduced MIP has 501 rows, 849 columns, and 2972 nonzeros.
Reduced MIP has 435 binaries, 12 generals, 0 SOSs, and 0 indicators.
Presolve time = 0.00 sec. (1.79 ticks)
Probing fixed 0 vars, tightened 2 bounds.
Probing time = 0.00 sec. (3.55 ticks)
Cover probing fixed 0 vars, tightened 20 bounds.
Clique table members: 458.
MIP emphasis: balance optimality and feasibility.
MIP search method: dynamic search.
Parallel mode: none, using 1 thread.
Root relaxation solution time = 0.01 sec. (7.57 ticks)

        Nodes                                         Cuts/
   Node  Left     Objective  IInf  Best Integer    Best Bound    ItCnt     Gap

*     0+    0                         2950.0000        0.0000      308  100.00%
      0     0      125.2611    79     2950.0000      125.2611      308   95.75%
      0     0      129.9398    81     2950.0000      Cuts: 38      757   95.60%
      0     0      218.7911    74     2950.0000      Cuts: 72     1179   92.58%
      0     0      233.1829    70     2950.0000      Cuts: 46     1273   92.10%
      0     0      233.6844    69     2950.0000      Cuts: 33     1369   92.08%
      0     0      233.6845    77     2950.0000      Cuts: 26     1422   92.08%
      0     0      233.6848    74     2950.0000      Cuts: 17     1443   92.08%
*     0+    0                         2949.0000      233.6848     1443   92.08%
*     0+    0                         1570.0000      233.6848     1443   85.12%
*     0+    0                          950.0000      233.6848     1443   75.40%
*     0+    0                          940.0000      233.6848     1443   75.14%
*     0+    0                          770.0000      233.6848     1443   69.65%
      0     2      233.6848    74      770.0000      233.6848     1443   69.65%
Elapsed time = 0.77 sec. (817.45 ticks, tree = 0.00 MB, solutions = 6)
    104    99      760.2476    21      770.0000      233.7133     7749   69.65%
    240   219      358.5947    47      770.0000      234.0190    14812   69.61%
    430   402      723.9127    24      770.0000      234.1375    21902   69.59%
*   494+  305                          760.0000      462.4535    27111   39.15%
*   494+  202                          700.0000      462.4535    27111   33.94%
    494   203      589.0000    66      700.0000      589.0000    34270   15.86%
    501   205      591.0000    57      700.0000      589.0000    35224   15.86%
    508   205      614.9659    50      700.0000      589.0000    37116   15.86%
    549   203      659.0000    21      700.0000      589.0000    38928   15.86%
    580   200      651.0000    49      700.0000      589.0000    41918   15.86%
    621   212      661.0000    31      700.0000      589.0000    45242   15.86%
    908   322      590.4134    64      700.0000      589.0000    67816   15.86%
Elapsed time = 6.00 sec. (7235.10 ticks, tree = 0.25 MB, solutions = 8)
   1194   548      589.0000    72      700.0000      589.0000    91158   15.86%
   1553   844      637.4113    32      700.0000      589.0000   112721   15.86%
   1936  1160      661.0000    21      700.0000      589.1195   134862   15.84%
   2298  1455      589.2932    65      700.0000      589.1242   156171   15.84%
   2789  1871      634.3519    33      700.0000      589.2379   179432   15.82%
   3214  2223      652.9268    27      700.0000      589.3388   203960   15.81%
   3494  2453      656.6078    18      700.0000      589.4371   223228   15.79%
   3850  2737        cutoff            700.0000      589.5937   245064   15.77%
*  3972  2734      integral     0      690.0000      589.8605   251808   14.51%
   4295  3003      603.3177    56      690.0000      590.3019   274539   14.45%
Elapsed time = 13.22 sec. (16336.87 ticks, tree = 1.84 MB, solutions = 9)
   4616  3265      598.0196    55      690.0000      590.4160   294475   14.43%
   4945  3551      671.8608    17      690.0000      590.4321   315622   14.43%
   5368  3892      601.7079    56      690.0000      590.4924   335434   14.42%
   5636  4118      608.8657    56      690.0000      590.5494   354837   14.41%
   5995  4396      597.6667    63      690.0000      590.7957   377826   14.38%
   6379  4720      596.2560    54      690.0000      590.9422   402828   14.36%
*  6494+ 4603                          680.0000      591.0041   409476   13.09%
   6677  4743      591.3036    61      680.0000      591.0472   424792   13.08%
   7053  5058      675.0000    27      680.0000      591.2068   446942   13.06%
   7420  5367      633.7415    38      680.0000      591.2105   468120   13.06%
   7796  5669      676.6977    20      680.0000      591.4032   490507   13.03%
Elapsed time = 20.79 sec. (25901.26 ticks, tree = 3.42 MB, solutions = 10)
   8168  5963      663.3316    25      680.0000      591.6371   514138   12.99%
   8587  6307      603.5066    51      680.0000      591.7538   538248   12.98%
   9000  6629      658.7576    34      680.0000      591.7936   563696   12.97%
   9427  6989      652.8930    21      680.0000      591.8071   589816   12.97%
   9703  7204    infeasible            680.0000      591.8190   607639   12.97%
  10019  7470      653.7500    35      680.0000      591.8628   628381   12.96%
  10374  7766      663.2924    21      680.0000      591.9055   645958   12.96%
  10491  7867      664.7261    21      680.0000      591.9307   652587   12.95%
  10747  8087      667.5997    15      680.0000      592.0076   667382   12.94%
  11066  8345      677.8043    20      680.0000      592.0489   690688   12.93%
Elapsed time = 31.96 sec. (39157.58 ticks, tree = 5.17 MB, solutions = 10)
  11390  8602      650.5489    28      680.0000      592.0520   714116   12.93%
  11674  8851      660.3898    15      680.0000      592.0520   734505   12.93%
  12061  9183      668.2609    11      680.0000      592.0520   756985   12.93%
  12460  9526      657.5000    24      680.0000      592.0581   781993   12.93%
  12929  9902      624.4052    45      680.0000      592.0879   807067   12.93%
  13348 10237      650.0882    17      680.0000      592.1026   833322   12.93%
  13653 10488      593.7474    59      680.0000      592.1132   854419   12.92%
  14044 10827      668.0039    27      680.0000      592.1391   878017   12.92%
  14399 11114      655.0000    24      680.0000      592.1590   899418   12.92%
  14694 11349      663.0337    45      680.0000      592.1857   916590   12.91%
Elapsed time = 39.64 sec. (48723.49 ticks, tree = 7.77 MB, solutions = 10)
  15101 11667      617.1339    43      680.0000      592.2169   940495   12.91%
  15501 11993      658.8087    25      680.0000      592.3037   963625   12.90%
  15967 12389      655.0000    46      680.0000      592.3195   988858   12.89%
  16418 12771      650.0453    21      680.0000      592.3443  1013787   12.89%
  16812 13121      670.5000    16      680.0000      592.4568  1037060   12.87%
  17225 13475      656.0000    32      680.0000      592.5264  1063049   12.86%
  17576 13761      631.5378    33      680.0000      592.5926  1086297   12.85%
  17957 14069      662.5000    15      680.0000      592.6774  1108945   12.84%
  18384 14408      668.3366    31      680.0000      592.8077  1131110   12.82%
  18644 14637      607.0976    54      680.0000      592.9320  1147784   12.80%
Elapsed time = 47.31 sec. (58290.38 ticks, tree = 9.59 MB, solutions = 10)
  19009 14943      625.8146    43      680.0000      592.9726  1171499   12.80%
  19386 15244      611.2869    43      680.0000      593.1502  1195449   12.77%
  19812 15601      657.7508    27      680.0000      593.2844  1219775   12.75%
  20262 15969      655.3663    40      680.0000      593.3647  1243609   12.74%
  20619 16263      602.0823    43      680.0000      593.3822  1263296   12.74%
  21010 16573      593.9346    60      680.0000      593.4427  1289177   12.73%
  21501 16987      674.0390    26      680.0000      593.4810  1314766   12.72%
  21921 17325      600.2888    63      680.0000      593.5198  1340112   12.72%
  22275 17616      603.5564    63      680.0000      593.5469  1365339   12.71%
  22554 17864      617.1465    49      680.0000      593.5558  1385230   12.71%
Elapsed time = 55.46 sec. (67853.71 ticks, tree = 11.85 MB, solutions = 10)
  22975 18224      596.5327    61      680.0000      593.5909  1406535   12.71%
  23418 18614      661.3020    22      680.0000      593.6446  1428030   12.70%
  23767 18910      634.7394    44      680.0000      593.6767  1448745   12.69%
  24212 19282      594.1924    63      680.0000      593.7400  1471622   12.69%
  24494 19512      598.4996    59      680.0000      593.7456  1490934   12.68%
  24868 19827      612.0566    30      680.0000      593.7511  1514130   12.68%
  25249 20138      638.2000    34      680.0000      593.7966  1539413   12.68%
  25724 20529      676.0135    18      680.0000      593.8407  1564000   12.67%
  26162 20896      635.2430    43      680.0000      593.8785  1589035   12.66%
  26671 21318      664.5135    17      680.0000      593.9167  1613060   12.66%
Elapsed time = 63.14 sec. (77562.27 ticks, tree = 13.76 MB, solutions = 10)
  27135 21699      660.0000    21      680.0000      593.9402  1638542   12.66%
  27564 22067      663.1337    23      680.0000      593.9700  1662654   12.65%
  27996 22426      605.6647    45      680.0000      594.0129  1688025   12.65%
  28417 22784      657.8257    29      680.0000      594.0129  1709911   12.65%
  28823 23108      635.2102    32      680.0000      594.0355  1732078   12.64%
  29276 23488      674.0000    19      680.0000      594.0529  1753998   12.64%
  29597 23760      663.0145    17      680.0000      594.0529  1775007   12.64%
  29969 24066      631.9425    60      680.0000      594.0793  1796872   12.64%
  30474 24463      602.6181    50      680.0000      594.0888  1819526   12.63%
* 30494+20758                          670.0000      594.0888  1820364   11.33%
  30852 21053      625.3199    49      670.0000      594.1052  1838615   11.33%
Elapsed time = 70.76 sec. (87136.50 ticks, tree = 13.41 MB, solutions = 11)
  31290 21398      655.3033    25      670.0000      594.1052  1863434   11.33%
  31568 21630      668.7256    31      670.0000      594.1172  1883094   11.33%
  31988 21980      618.3472    44      670.0000      594.1489  1905806   11.32%
  32446 22353      668.1730    26      670.0000      594.1489  1929517   11.32%
  32753 22616      611.8527    52      670.0000      594.1575  1945242   11.32%
  33268 23039      603.9580    55      670.0000      594.1840  1970804   11.32%
  33754 23446      657.8374    25      670.0000      594.1868  1996479   11.32%
  34207 23832      617.2995    49      670.0000      594.1936  2021243   11.31%
  34614 24169      662.8289    24      670.0000      594.2175  2045027   11.31%
  36010 25361      663.0040    24      670.0000      594.2672  2125124   11.30%
Elapsed time = 80.67 sec. (99560.58 ticks, tree = 15.81 MB, solutions = 11)
  37647 26704      660.2476    32      670.0000      594.3694  2212793   11.29%
  39423 28192      655.4632    26      670.0000      594.4399  2308406   11.28%
  40979 29484      608.1014    48      670.0000      594.5786  2399322   11.26%
  42494 30784      653.2146    20      670.0000      594.7386  2487334   11.23%
  44094 32099      625.1093    33      670.0000      594.9617  2572697   11.20%
  45495 33287      665.0000    13      670.0000      595.0924  2656663   11.18%
  47074 34582      665.9573    24      670.0000      595.1270  2744511   11.18%
  48956 36148      596.2218    59      670.0000      595.1706  2840492   11.17%
  50364 37323      668.3108    23      670.0000      595.2056  2921246   11.16%
  51933 38625      638.7478    38      670.0000      595.2785  3010671   11.15%
Elapsed time = 110.76 sec. (137780.96 ticks, tree = 24.89 MB, solutions = 11)
  53732 40143      657.5045    25      670.0000      595.3230  3104242   11.15%
  55432 41598      660.0000    24      670.0000      595.3611  3194743   11.14%
  57232 43094      657.0000    29      670.0000      595.3962  3292018   11.13%
  58778 44385      600.1862    49      670.0000      595.4758  3374752   11.12%
  60264 45614      650.1042    13      670.0000      595.5369  3459207   11.11%
  61970 47060      653.3750    14      670.0000      595.6074  3554409   11.10%
  63719 48530      634.6415    39      670.0000      595.7039  3646870   11.09%
  65385 49912      667.2923    37      670.0000      595.7792  3737646   11.08%
  67150 51416      602.4994    57      670.0000      595.8502  3825472   11.07%
  68767 52781      601.4835    49      670.0000      595.8937  3910593   11.06%
Elapsed time = 141.01 sec. (175961.62 ticks, tree = 32.74 MB, solutions = 11)
  70626 54333      658.3574    25      670.0000      595.9786  4004452   11.05%
  72384 55817      652.5405    22      670.0000      596.0435  4094412   11.04%
  74203 57333      668.3467    32      670.0000      596.0607  4194480   11.04%
  75775 58671      608.1014    53      670.0000      596.0769  4288235   11.03%
  77309 59952      631.8933    43      670.0000      596.1167  4378684   11.03%
  78936 61326      637.3595    32      670.0000      596.1547  4464206   11.02%
  80879 62984      659.2301    23      670.0000      596.2109  4559876   11.01%
  82599 64446      660.1380    18      670.0000      596.2457  4651159   11.01%
  84240 65862      617.6479    44      670.0000      596.2863  4743563   11.00%
  86002 67353      655.0000    38      670.0000      596.3262  4840029   11.00%
Elapsed time = 170.96 sec. (214138.75 ticks, tree = 43.15 MB, solutions = 11)
  87494 68639      653.2872    28      670.0000      596.3679  4927683   10.99%
  89306 70200      654.0000    28      670.0000      596.3752  5022936   10.99%
  91124 71731      652.8042    32      670.0000      596.4170  5119196   10.98%
  92911 73274      638.7738    35      670.0000      596.4404  5211826   10.98%
  94912 74954      637.0000    40      670.0000      596.4948  5309172   10.97%
  96614 76407      667.5300    22      670.0000      596.5298  5394118   10.97%
  98596 78109      636.2387    25      670.0000      596.5459  5486226   10.96%
 100439 79692      597.8615    47      670.0000      596.5988  5580564   10.96%
 102378 81362      599.6361    54      670.0000      596.6251  5667149   10.95%
 104176 82925      602.5733    50      670.0000      596.6689  5761790   10.94%
Elapsed time = 200.94 sec. (252405.07 ticks, tree = 51.79 MB, solutions = 11)
 106109 84608      657.2968    29      670.0000      596.7319  5858411   10.94%
 107879 86120      640.7253    37      670.0000      596.8507  5954080   10.92%
 109550 87537      625.0946    42      670.0000      596.9241  6043276   10.91%
 111370 89067      655.5476    17      670.0000      597.0080  6137711   10.89%
 113079 90542      655.3076    22      670.0000      597.0421  6229841   10.89%
 114872 92067      655.0475    13      670.0000      597.0671  6327700   10.89%
 116598 93531      629.2222    43      670.0000      597.1221  6420271   10.88%
 118337 94984      667.7569    18      670.0000      597.1818  6513525   10.87%
 120054 96439      609.6272    38      670.0000      597.1930  6607659   10.87%
 121812 97927      635.4865    34      670.0000      597.1969  6698530   10.87%
Elapsed time = 231.07 sec. (290569.36 ticks, tree = 60.13 MB, solutions = 11)
 123477 99330      636.0305    25      670.0000      597.2213  6790014   10.86%
 125166 100766      665.8174    24      670.0000      597.2469  6883967   10.86%
 126910 102236      653.1362    23      670.0000      597.2798  6971486   10.85%
 128702 103759        cutoff            670.0000      597.3279  7068802   10.85%
 130344 105145      660.7100    17      670.0000      597.3333  7162048   10.85%
 132109 106650      651.2500    33      670.0000      597.3489  7257418   10.84%
 133625 107924      635.2098    29      670.0000      597.3730  7340900   10.84%
 135398 109421      633.8731    33      670.0000      597.3926  7436082   10.84%
 137286 111016      657.3132    33      670.0000      597.4279  7529119   10.83%
 139028 112526      600.3234    61      670.0000      597.4692  7618616   10.83%
Elapsed time = 261.47 sec. (328738.83 ticks, tree = 68.22 MB, solutions = 11)
 140786 114039      626.8513    25      670.0000      597.4941  7708146   10.82%
 142584 115583      668.0834    43      670.0000      597.5059  7808473   10.82%
 144272 117046      652.5680    35      670.0000      597.5456  7904030   10.81%
 145859 118411      663.6667    31      670.0000      597.5930  7989587   10.81%
 147754 120004      601.9106    45      670.0000      597.6189  8080552   10.80%
 149494 121508      663.5274    18      670.0000      597.6667  8173246   10.80%
 151445 123169      656.2500    28      670.0000      597.6868  8270106   10.79%
 153088 124581      666.0000    21      670.0000      597.7207  8355679   10.79%
 154861 126089      612.0522    55      670.0000      597.7738  8449631   10.78%
 156494 127476      656.0000    29      670.0000      597.8107  8537202   10.77%
Elapsed time = 292.79 sec. (367043.99 ticks, tree = 76.83 MB, solutions = 11)
 158220 128939      639.5000    42      670.0000      597.8531  8631007   10.77%
 159952 130394      657.5527    19      670.0000      597.8644  8724789   10.77%
 161623 131817      607.1628    45      670.0000      597.9131  8808875   10.76%
 163537 133442      659.0009    32      670.0000      597.9474  8902593   10.75%
 165204 134818      604.3175    55      670.0000      597.9860  8993008   10.75%
 166836 136210      603.1049    49      670.0000      598.0091  9091877   10.74%
 168496 137634      655.2421    18      670.0000      598.0274  9185136   10.74%
 170412 139239      662.6095    18      670.0000      598.0411  9282852   10.74%
 171939 140531      663.2304    24      670.0000      598.0508  9369486   10.74%
 173498 141841      660.1968    16      670.0000      598.0608  9457682   10.74%
Elapsed time = 323.67 sec. (405214.58 ticks, tree = 86.47 MB, solutions = 11)
 175335 143385        cutoff            670.0000      598.0858  9553993   10.73%
 177133 144921        cutoff            670.0000      598.0928  9650199   10.73%
 178892 146380      636.2737    43      670.0000      598.1130  9744329   10.73%
 180752 147972      658.6390    25      670.0000      598.1134  9840315   10.73%
 182554 149510      653.2429    16      670.0000      598.1291  9932710   10.73%
 184305 151037      655.8055    25      670.0000      598.1480 10029743   10.72%
 185987 152481      655.0000    21      670.0000      598.1667 10118981   10.72%
 187541 153820      658.1438    20      670.0000      598.1677 10206373   10.72%
 189238 155262      660.2435    20      670.0000      598.1883 10298865   10.72%
 190944 156700      667.7489    13      670.0000      598.2007 10386420   10.72%
Elapsed time = 354.54 sec. (443374.24 ticks, tree = 94.75 MB, solutions = 11)
 192713 158171      625.0634    50      670.0000      598.2240 10473100   10.71%
 194539 159706      651.5371    36      670.0000      598.2393 10569691   10.71%
 196231 161134      652.5000    26      670.0000      598.2710 10667170   10.71%
 197897 162520      665.1653    18      670.0000      598.3113 10759885   10.70%
 199714 164085      636.6507    35      670.0000      598.3348 10853340   10.70%
 201483 165597      641.3345    31      670.0000      598.3447 10943789   10.69%
 203147 166996      640.2262    27      670.0000      598.3504 11034249   10.69%
 204688 168286      662.7603    28      670.0000      598.3749 11124722   10.69%
 206515 169831      641.2219    38      670.0000      598.4038 11218452   10.69%
 208331 171361      663.2521    19      670.0000      598.4433 11316673   10.68%
Elapsed time = 385.43 sec. (481542.83 ticks, tree = 104.14 MB, solutions = 11)
 210093 172853      611.4288    43      670.0000      598.4670 11409952   10.68%
 211933 174404      650.4907    22      670.0000      598.4847 11509501   10.67%
 213591 175803      638.1733    18      670.0000      598.5055 11594184   10.67%
 215460 177396        cutoff            670.0000      598.5251 11662815   10.67%
 217115 178783      630.4584    60      670.0000      598.5555 11732916   10.66%
 218665 180105      638.4133    34      670.0000      598.5907 11800070   10.66%
 220199 181413      623.5750    35      670.0000      598.6197 11863693   10.65%
 221917 182850      609.6996    47      670.0000      598.6524 11934981   10.65%
 223570 184247      598.6693    57      670.0000      598.6695 12004982   10.65%
 225158 185612      637.0000    36      670.0000      598.7011 12074955   10.64%
Elapsed time = 416.10 sec. (519759.41 ticks, tree = 161.04 MB, solutions = 11)
 226704 186942      655.3320    26      670.0000      598.7149 12147155   10.64%
 228544 188503      612.5277    35      670.0000      598.7558 12246572   10.63%
 230194 189905      599.2190    52      670.0000      598.7822 12339740   10.63%
 231709 191191      602.3923    47      670.0000      598.8096 12430150   10.63%
 233294 192543      660.2468    20      670.0000      598.8261 12519624   10.62%
 234977 193961      651.0577    42      670.0000      598.8490 12606909   10.62%
 236881 195569      635.2032    22      670.0000      598.8748 12704736   10.62%
 238603 197035        cutoff            670.0000      598.8938 12794983   10.61%
 240328 198486        cutoff            670.0000      598.9227 12892761   10.61%
 242122 200026      659.8501    20      670.0000      598.9537 12984299   10.60%
Elapsed time = 446.78 sec. (557941.13 ticks, tree = 177.55 MB, solutions = 11)
 243975 201595      637.0000    29      670.0000      598.9781 13084980   10.60%
 245546 202916      637.5556    31      670.0000      599.0047 13169635   10.60%
 247191 204300      601.3660    48      670.0000      599.0305 13263884   10.59%
 248979 205779      617.7067    32      670.0000      599.0556 13356615   10.59%
 250773 207284      660.1539    29      670.0000      599.0646 13449437   10.59%
 252410 208670      650.0864    18      670.0000      599.0766 13538019   10.59%
 254330 210285      635.3249    31      670.0000      599.0956 13637455   10.58%
 255938 211605      665.0298    15      670.0000      599.1068 13729624   10.58%
 257595 213019      660.6188    27      670.0000      599.1162 13829456   10.58%
 259153 214343      657.7411    15      670.0000      599.1207 13919072   10.58%
Elapsed time = 476.89 sec. (596119.87 ticks, tree = 185.82 MB, solutions = 11)
 261201 216074      658.4122    20      670.0000      599.1270 14014471   10.58%
 262833 217435      602.9153    47      670.0000      599.1422 14102404   10.58%
 264559 218906      656.2086    39      670.0000      599.1514 14197788   10.57%
 266089 220190      634.2455    42      670.0000      599.1637 14288984   10.57%
 267689 221529      610.3430    46      670.0000      599.1723 14375497   10.57%
 269537 223084      637.0643    29      670.0000      599.1912 14474392   10.57%
 271494 224764      660.0000    24      670.0000      599.2024 14573025   10.57%
 273318 226305      634.2000    24      670.0000      599.2116 14672011   10.57%
 275054 227721      603.0121    46      670.0000      599.2190 14771174   10.56%
 276619 229028      600.2810    58      670.0000      599.2326 14862899   10.56%
Elapsed time = 506.82 sec. (634459.61 ticks, tree = 195.58 MB, solutions = 11)
 278241 230399      602.3699    45      670.0000      599.2458 14950347   10.56%
 280134 231978      663.1371    19      670.0000      599.2529 15045595   10.56%
 281808 233382      610.2638    41      670.0000      599.2671 15137335   10.56%
 283467 234764      637.8731    42      670.0000      599.2717 15229453   10.56%
 285204 236241      658.0806    23      670.0000      599.2797 15325798   10.56%
 286895 237704        cutoff            670.0000      599.2905 15411368   10.55%
 288854 239350      660.2200    21      670.0000      599.3083 15510193   10.55%
 290860 241081      653.6439    26      670.0000      599.3186 15608476   10.55%
 292716 242659      624.7158    33      670.0000      599.3254 15698796   10.55%
 294564 244229      655.4102    20      670.0000      599.3395 15784833   10.55%
Elapsed time = 536.72 sec. (672637.26 ticks, tree = 204.13 MB, solutions = 11)
 296494 245830      633.7453    30      670.0000      599.3544 15878707   10.54%
 297515 246713      638.5736    32      670.0000      599.3544 15933865   10.54%
 298294 247393      618.6347    36      670.0000      599.3559 15976056   10.54%
 298994 248002      653.4174    23      670.0000      599.3604 16010139   10.54%
 299794 248685      633.1409    43      670.0000      599.3649 16049276   10.54%
 300394 249205      655.2470    33      670.0000      599.3681 16083169   10.54%
 300894 249612      665.3231    15      670.0000      599.3694 16111020   10.54%
 301694 250284      635.2917    34      670.0000      599.3725 16155687   10.54%
 302394 250867      617.2346    40      670.0000      599.3766 16193151   10.54%
 303119 251494      653.7863    25      670.0000      599.3812 16232268   10.54%
Elapsed time = 572.04 sec. (714461.05 ticks, tree = 208.15 MB, solutions = 11)
 303694 251994      665.3680    16      670.0000      599.3844 16261178   10.54%
 304394 252582      650.8948    20      670.0000      599.3882 16295688   10.54%
 305094 253177      606.6141    53      670.0000      599.3939 16333168   10.54%
 305894 253860      625.0363    39      670.0000      599.4020 16369609   10.54%
 306394 254281      655.2530    26      670.0000      599.4090 16394270   10.54%
 307084 254870      652.7126    21      670.0000      599.4112 16425801   10.54%
 307666 255369      638.4133    32      670.0000      599.4160 16449058   10.53%
 308315 255918      660.3120    21      670.0000      599.4207 16479271   10.53%

GUB cover cuts applied:  5
Cover cuts applied:  27
Implied bound cuts applied:  51
Flow cuts applied:  104
Mixed integer rounding cuts applied:  19
Zero-half cuts applied:  3
Lift and project cuts applied:  35

Root node processing (before b&c):
  Real time             =    0.77 sec. (817.48 ticks)
Sequential b&c:
  Real time             =  599.23 sec. (746406.80 ticks)
                          ------------
Total (root+branch&cut) =  600.00 sec. (747224.28 ticks)
