Tried aggregator 2 times.
MIP Presolve eliminated 475 rows and 76 columns.
MIP Presolve modified 268 coefficients.
Aggregator did 25 substitutions.
Reduced MIP has 499 rows, 847 columns, and 2974 nonzeros.
Reduced MIP has 433 binaries, 2 generals, 0 SOSs, and 0 indicators.
Presolve time = 0.01 sec. (3.85 ticks)
Found incumbent of value 2450.000000 after 0.01 sec. (7.75 ticks)
Probing time = 0.00 sec. (2.71 ticks)
Tried aggregator 1 time.
Reduced MIP has 499 rows, 847 columns, and 2974 nonzeros.
Reduced MIP has 433 binaries, 14 generals, 0 SOSs, and 0 indicators.
Presolve time = 0.00 sec. (1.69 ticks)
Probing time = 0.00 sec. (2.67 ticks)
Clique table members: 300.
MIP emphasis: balance optimality and feasibility.
MIP search method: dynamic search.
Parallel mode: none, using 1 thread.
Root relaxation solution time = 0.01 sec. (7.91 ticks)

        Nodes                                         Cuts/
   Node  Left     Objective  IInf  Best Integer    Best Bound    ItCnt     Gap

*     0+    0                         2450.0000        0.0000      309  100.00%
      0     0      122.5635    73     2450.0000      122.5635      309   95.00%
      0     0      123.0000    79     2450.0000      Cuts: 34      534   94.98%
      0     0      192.2061    74     2450.0000      Cuts: 70     1068   92.15%
      0     0      214.9436    68     2450.0000      Cuts: 44     1206   91.23%
      0     0      215.1511    73     2450.0000      Cuts: 21     1275   91.22%
      0     0      215.3918    68     2450.0000      Cuts: 21     1354   91.21%
      0     0      215.3918    67     2450.0000      Cuts: 16     1364   91.21%
      0     0      215.3918    71     2450.0000       Cuts: 8     1376   91.21%
*     0+    0                          610.0000      215.3918     1376   64.69%
      0     2      215.3918    67      610.0000      215.3918     1376   64.69%
Elapsed time = 0.57 sec. (622.83 ticks, tree = 0.00 MB, solutions = 2)
     83    85      506.3256    26      610.0000      215.4240     7273   64.68%
    202   188      285.3065    34      610.0000      215.5023    12126   64.67%
    320   294      239.8551    55      610.0000      215.5096    16507   64.67%
    480   454      597.0037    36      610.0000      215.5545    21605   64.66%
*   490+  308                          600.0000      401.3430    24747   33.11%
    490   309      459.0000    69      600.0000      459.0000    28874   23.50%
    501   317      481.9909    76      600.0000      459.0000    29783   23.50%
    541   301      460.2826    67      600.0000      459.0000    31652   23.50%
    571   314      494.6393    42      600.0000      459.0000    33473   23.50%
    610   330      502.6491    22      600.0000      459.0000    37934   23.50%
    930   425      492.1785    37      600.0000      459.0000    58661   23.50%
Elapsed time = 4.90 sec. (5970.62 ticks, tree = 1.60 MB, solutions = 3)
   1480   835      459.0000    70      600.0000      459.0000    77415   23.50%
*  1490+  778                          540.0000      459.0000    77751   15.00%
*  1686   946      integral     0      530.0000      459.0000    83628   13.40%
   2334  1541      464.3406    60      530.0000      459.0000   100330   13.40%
   2940  2100      465.6892    53      530.0000      459.1253   117555   13.37%
*  3490+ 2519                          520.0000      459.2036   129903   11.69%
   3606  2625      506.6733    18      520.0000      459.2121   135650   11.69%
   4342  3303      493.2758    41      520.0000      459.3699   156098   11.66%
   5031  3928      494.4390    37      520.0000      459.4048   172962   11.65%
   5612  4474      497.3329    27      520.0000      459.5350   185333   11.63%
   6243  5040      496.4475    35      520.0000      459.6383   202580   11.61%
   6921  5648      461.9000    66      520.0000      459.7014   219726   11.60%
Elapsed time = 11.86 sec. (14947.37 ticks, tree = 33.00 MB, solutions = 6)
   7567  6228      460.7135    71      520.0000      459.7515   238492   11.59%
   8100  6715      486.5377    50      520.0000      459.7941   256212   11.58%
   8714  7266      504.4133    31      520.0000      459.8293   273653   11.57%
   9399  7865      497.2544    37      520.0000      459.8406   291051   11.57%
   9941  8353      494.2619    28      520.0000      459.8634   306623   11.56%
* 10290+ 7883                          510.0000      459.8780   315665    9.83%
  10290  7885      502.4168    24      510.0000      459.8780   315665    9.83%
  10640  8196      500.0082    35      510.0000      459.9187   323952    9.82%
  11439  8919      498.6838    37      510.0000      459.9601   345149    9.81%
  12059  9473      472.6606    55      510.0000      459.9610   364854    9.81%
  12626  9977      468.1279    48      510.0000      459.9610   381379    9.81%
Elapsed time = 21.18 sec. (26231.59 ticks, tree = 62.23 MB, solutions = 7)
  13272 10556      495.6217    29      510.0000      459.9713   399245    9.81%
  13810 11036      496.3098    35      510.0000      460.0080   414437    9.80%
  14673 11819      508.1264    32      510.0000      460.0691   434303    9.79%
  15490 12577      463.3049    64      510.0000      460.1154   451769    9.78%
  16271 13276      472.0000    45      510.0000      460.1427   472998    9.78%
  17214 14133      461.1251    62      510.0000      460.1497   493883    9.77%
  18031 14875      505.0000    27      510.0000      460.1816   514759    9.77%
  18793 15552      478.2546    32      510.0000      460.2321   533901    9.76%
  19490 16181      499.2487    30      510.0000      460.2583   550042    9.75%
  20198 16809      494.1796    35      510.0000      460.2794   568697    9.75%
Elapsed time = 28.74 sec. (35931.42 ticks, tree = 110.28 MB, solutions = 7)
  21026 17553      503.1273    32      510.0000      460.2832   588625    9.75%
  21511 17967      506.1626    30      510.0000      460.3104   604569    9.74%
  22228 18620      488.4084    39      510.0000      460.3227   625344    9.74%
  23073 19375      462.1823    67      510.0000      460.3488   645544    9.74%
  23904 20096      478.3376    36      510.0000      460.3775   667137    9.73%
  24494 20609      501.3702    32      510.0000      460.3910   686469    9.73%
  25219 21268      461.6100    59      510.0000      460.4415   705860    9.72%
  25716 21723      496.2120    40      510.0000      460.4499   719583    9.72%
  26536 22465      462.3204    69      510.0000      460.4542   737636    9.71%
  27290 23118      480.9999    42      510.0000      460.4917   756978    9.71%
Elapsed time = 36.14 sec. (45487.18 ticks, tree = 155.98 MB, solutions = 7)
  28124 23876      460.7481    66      510.0000      460.5047   776814    9.70%
  28937 24618      500.1050    31      510.0000      460.5277   797698    9.70%
  29593 25201      496.0934    24      510.0000      460.5390   814614    9.70%
  30410 25946      479.4304    43      510.0000      460.5423   835329    9.70%
  31283 26752      502.9130    29      510.0000      460.5620   856513    9.69%
  31994 27387      488.4880    44      510.0000      460.5890   877640    9.69%
  32490 27811      506.5672    24      510.0000      460.6054   894937    9.69%
  33214 28460      460.6700    61      510.0000      460.6221   912642    9.68%
  33871 29027      461.9372    59      510.0000      460.6361   931521    9.68%
  34490 29571      499.4463    28      510.0000      460.6436   948981    9.68%
Elapsed time = 43.78 sec. (55291.11 ticks, tree = 198.47 MB, solutions = 7)
  35368 30357      465.8386    57      510.0000      460.6582   969652    9.67%
  36146 31066      494.2878    33      510.0000      460.6650   989124    9.67%
  36935 31785      508.8623    23      510.0000      460.6835  1009400    9.67%
  37703 32473      461.8642    51      510.0000      460.6840  1030642    9.67%
  38490 33185      502.4880    30      510.0000      460.6911  1048922    9.67%
  39133 33737      462.1572    68      510.0000      460.7072  1068615    9.67%
  39895 34432      501.5938    22      510.0000      460.7210  1086564    9.66%
  40533 34970      478.2656    46      510.0000      460.7398  1104951    9.66%
  41288 35654      496.3004    25      510.0000      460.7469  1123135    9.66%
  42151 36443      502.7532    29      510.0000      460.7555  1141119    9.66%
Elapsed time = 51.26 sec. (65079.90 ticks, tree = 241.92 MB, solutions = 7)
  42842 37056      461.5111    59      510.0000      460.7660  1161136    9.65%
  43490 37643      496.1311    34      510.0000      460.7745  1179219    9.65%
  44319 38390        cutoff            510.0000      460.7911  1198261    9.65%
  45106 39100      494.6879    26      510.0000      460.8056  1217132    9.65%
  45875 39783      476.2667    42      510.0000      460.8265  1236814    9.64%
  46643 40459      470.6990    53      510.0000      460.8382  1254478    9.64%
  47358 41089        cutoff            510.0000      460.8520  1274075    9.64%
  48173 41823      468.9417    44      510.0000      460.8632  1292328    9.63%
  48860 42437      501.2536    34      510.0000      460.8659  1310384    9.63%
  49532 43030      498.0343    32      510.0000      460.8768  1325298    9.63%
Elapsed time = 58.74 sec. (74781.47 ticks, tree = 287.80 MB, solutions = 7)
  50346 43765      463.5389    52      510.0000      460.8925  1344407    9.63%
  51200 44544      494.3439    32      510.0000      460.9029  1363128    9.63%
  51971 45231      494.4771    31      510.0000      460.9160  1383342    9.62%
  52727 45891        cutoff            510.0000      460.9267  1402740    9.62%
  53490 46573      508.9052    36      510.0000      460.9384  1419423    9.62%
  54270 47260      494.4818    31      510.0000      460.9603  1440100    9.62%
  55094 48004        cutoff            510.0000      460.9710  1459819    9.61%
  55869 48693      481.2491    48      510.0000      460.9841  1479193    9.61%
  56619 49364        cutoff            510.0000      460.9960  1496422    9.61%
  57398 50054      494.1247    28      510.0000      461.0012  1515003    9.61%
Elapsed time = 66.08 sec. (84389.18 ticks, tree = 332.24 MB, solutions = 7)
  58028 50623      465.9080    51      510.0000      461.0069  1534681    9.61%
  58721 51265      504.9795    39      510.0000      461.0082  1548222    9.61%
  59538 52000      496.1885    45      510.0000      461.0107  1568542    9.61%
  60300 52666      504.1241    28      510.0000      461.0138  1587421    9.61%
  61074 53347      502.1987    34      510.0000      461.0341  1608252    9.60%
  61935 54133      477.0677    45      510.0000      461.0466  1627593    9.60%
  62645 54769      496.7018    32      510.0000      461.0530  1645667    9.60%
  63543 55575      500.3730    30      510.0000      461.0616  1665113    9.60%
  64337 56266      500.0000    21      510.0000      461.0676  1684824    9.59%
  67253 58905      496.5664    34      510.0000      461.1060  1758436    9.59%
Elapsed time = 75.59 sec. (96800.09 ticks, tree = 401.75 MB, solutions = 7)
  70700 61989      461.1245    64      510.0000      461.1245  1852345    9.58%
  74010 64969      504.0741    14      510.0000      461.1596  1950372    9.58%
  77459 68044      461.4858    64      510.0000      461.2066  2050687    9.57%
  80894 71133      502.6065    33      510.0000      461.2378  2147743    9.56%
  84062 73954      496.3298    27      510.0000      461.2817  2247635    9.55%
  87081 76628      478.4891    46      510.0000      461.3023  2349005    9.55%
  90490 79666      502.4467    31      510.0000      461.3492  2449157    9.54%
  93573 82358      500.3015    42      510.0000      461.3790  2540957    9.53%
  96879 85276      490.5476    50      510.0000      461.4080  2641322    9.53%
 100329 88339      502.3958    39      510.0000      461.4415  2742233    9.52%
Elapsed time = 105.83 sec. (135024.52 ticks, tree = 418.67 MB, solutions = 7)
 103302 91017      465.1645    55      510.0000      461.4659  2837148    9.52%
 106770 94105      468.2956    61      510.0000      461.4980  2936479    9.51%
 110251 97223      506.1920    29      510.0000      461.5374  3038093    9.50%
 113349 99990      497.7220    30      510.0000      461.5580  3132084    9.50%
 116390 102645      483.2780    48      510.0000      461.5892  3237047    9.49%
 119812 105648      464.0310    46      510.0000      461.6290  3335741    9.48%
 122643 108157      498.4355    34      510.0000      461.6519  3436877    9.48%
 125554 110721      469.7029    55      510.0000      461.6791  3527162    9.47%
 128772 113574      467.1485    54      510.0000      461.7069  3629815    9.47%
 131707 116156      482.5927    46      510.0000      461.7328  3728746    9.46%
Elapsed time = 136.08 sec. (173208.73 ticks, tree = 431.82 MB, solutions = 7)
 134786 118831      498.0301    27      510.0000      461.7588  3830301    9.46%
 137990 121685      504.4398    30      510.0000      461.7898  3925080    9.45%
 140960 124290      505.0000    23      510.0000      461.8159  4026886    9.45%
 144211 127198      467.1937    57      510.0000      461.8275  4125845    9.45%
 147398 129965      502.0997    33      510.0000      461.8478  4226064    9.44%
 150454 132631      463.6200    61      510.0000      461.8682  4323408    9.44%
 153780 135577      464.1421    63      510.0000      461.8790  4428021    9.44%
 156726 138179      467.9869    46      510.0000      461.8914  4525799    9.43%
 159542 140628      480.0000    44      510.0000      461.9067  4619421    9.43%
 163228 143906      481.8412    31      510.0000      461.9296  4722110    9.43%
Elapsed time = 166.35 sec. (211384.93 ticks, tree = 447.06 MB, solutions = 7)
 166060 146388      503.5771    27      510.0000      461.9474  4823206    9.42%
 169298 149206      463.1635    50      510.0000      461.9636  4925123    9.42%
 172428 151976      497.2573    28      510.0000      461.9859  5025335    9.41%
 175626 154764      476.3852    43      510.0000      462.0058  5122765    9.41%
 178974 157674      463.8832    61      510.0000      462.0258  5227634    9.41%
 182134 160438      504.0000    39      510.0000      462.0338  5325544    9.41%
 185231 163100      462.9636    66      510.0000      462.0495  5425858    9.40%
 188383 165830      501.4473    28      510.0000      462.0632  5525793    9.40%
 191618 168675      496.4234    29      510.0000      462.0758  5621010    9.40%
 194666 171306      494.1353    41      510.0000      462.0884  5721866    9.39%
Elapsed time = 196.67 sec. (249549.33 ticks, tree = 461.57 MB, solutions = 7)
 197940 174128      504.1396    31      510.0000      462.1034  5822396    9.39%
 200951 176739      504.2070    37      510.0000      462.1194  5923747    9.39%
 204132 179502      482.6694    40      510.0000      462.1369  6022792    9.38%
 207284 182246      506.0000    27      510.0000      462.1589  6121132    9.38%
 210199 184780      500.5666    30      510.0000      462.1818  6224215    9.38%
 213409 187571      471.7058    43      510.0000      462.1954  6322500    9.37%
 216360 190141      502.6496    26      510.0000      462.2109  6421138    9.37%
 219490 192834      504.8256    24      510.0000      462.2304  6516827    9.37%
 222953 195843      504.8591    35      510.0000      462.2516  6621126    9.36%
 226248 198675      498.0759    32      510.0000      462.2575  6727062    9.36%
Elapsed time = 227.02 sec. (287725.37 ticks, tree = 476.26 MB, solutions = 7)
 229490 201518      488.0354    35      510.0000      462.2741  6820636    9.36%
 232994 204576      500.0655    32      510.0000      462.2943  6920807    9.35%
 236460 207610      464.6247    63      510.0000      462.3092  7023593    9.35%
 239478 210237      502.5657    28      510.0000      462.3208  7123330    9.35%
 242847 213167      480.0000    38      510.0000      462.3363  7224477    9.35%
 246090 216006      477.4511    45      510.0000      462.3527  7322857    9.34%
 249040 218573      496.3318    26      510.0000      462.3697  7419142    9.34%
 252265 221355      502.3039    33      510.0000      462.3836  7525096    9.34%
 255237 223863      498.6931    22      510.0000      462.3968  7622112    9.33%
 258472 226663      469.2596    35      510.0000      462.4131  7722885    9.33%
Elapsed time = 257.27 sec. (325894.11 ticks, tree = 492.26 MB, solutions = 7)
 261604 229350      470.0263    44      510.0000      462.4347  7819589    9.33%
 264706 232060      507.5000    21      510.0000      462.4440  7914632    9.32%
 268244 235094      502.1588    24      510.0000      462.4653  8017326    9.32%
 271272 237693      506.1413    25      510.0000      462.4847  8115655    9.32%
 274381 240329      506.1332    24      510.0000      462.4985  8218005    9.31%
 277318 242900      500.0329    28      510.0000      462.5155  8309059    9.31%
 281048 246146      475.9380    45      510.0000      462.5336  8412041    9.31%
 284462 249093      467.8331    57      510.0000      462.5500  8511450    9.30%
 287825 252023      504.2436    30      510.0000      462.5625  8611443    9.30%
 290764 254515      502.0000    32      510.0000      462.5828  8711078    9.30%
Elapsed time = 287.49 sec. (364055.49 ticks, tree = 506.50 MB, solutions = 7)
 294052 257330      500.3110    37      510.0000      462.6038  8809254    9.29%
 297209 260032      482.5927    47      510.0000      462.6094  8916101    9.29%
 300095 262506        cutoff            510.0000      462.6261  9008894    9.29%
 303192 265111      469.9865    45      510.0000      462.6513  9109921    9.28%
 306469 267915      498.0685    23      510.0000      462.6663  9207115    9.28%
 309483 270505      504.3134    35      510.0000      462.6751  9302799    9.28%
 313130 273672      504.2179    22      510.0000      462.6990  9406736    9.27%
 315939 276029      504.0742    34      510.0000      462.7217  9502942    9.27%
 319228 278876      498.1210    35      510.0000      462.7316  9595761    9.27%
 322208 281430      506.1418    27      510.0000      462.7434  9690529    9.27%
Elapsed time = 317.72 sec. (402214.70 ticks, tree = 522.07 MB, solutions = 7)
 325791 284574      500.3112    32      510.0000      462.7524  9794013    9.26%
 329100 287453      498.1278    37      510.0000      462.7698  9894402    9.26%
 332474 290361      498.0299    24      510.0000      462.7860  9991427    9.26%
 335552 293059      494.1799    22      510.0000      462.7938 10086515    9.26%
 339229 296258      472.4486    37      510.0000      462.8046 10187449    9.25%
 342667 299274      506.3136    30      510.0000      462.8155 10287318    9.25%
 345923 302077      508.2559    19      510.0000      462.8303 10382358    9.25%
 349101 304850      476.8539    53      510.0000      462.8397 10479795    9.25%
 352620 307941      494.2848    28      510.0000      462.8455 10581260    9.25%
 355643 310555      502.4386    23      510.0000      462.8532 10675481    9.24%
Elapsed time = 347.89 sec. (440378.39 ticks, tree = 537.01 MB, solutions = 7)
 359164 313592      473.6564    54      510.0000      462.8650 10774772    9.24%
 362697 316681      469.9803    51      510.0000      462.8766 10874970    9.24%
 365745 319334      471.9523    46      510.0000      462.8877 10974844    9.24%
 369181 322338      501.0000    27      510.0000      462.8994 11074582    9.24%
 372020 324757      467.2388    43      510.0000      462.9073 11167606    9.23%
 375598 327865      496.3188    29      510.0000      462.9184 11269922    9.23%
 378888 330723      498.2168    21      510.0000      462.9325 11367645    9.23%
 382050 333449      480.0447    42      510.0000      462.9476 11459093    9.23%
 385634 336542      472.5557    53      510.0000      462.9636 11562254    9.22%
 389215 339616      485.3806    35      510.0000      462.9784 11664529    9.22%
Elapsed time = 378.11 sec. (478561.04 ticks, tree = 554.41 MB, solutions = 7)
 392646 342528      508.0785    26      510.0000      462.9865 11762494    9.22%
 395673 345174      469.4433    50      510.0000      462.9973 11854808    9.22%
 398798 347865      464.7468    57      510.0000      463.0095 11958725    9.21%
 401583 350249      496.1671    33      510.0000      463.0216 12052839    9.21%
 404814 352975      496.4955    26      510.0000      463.0353 12153131    9.21%
 408086 355776      486.3377    40      510.0000      463.0448 12248340    9.21%
 411479 358652      477.9784    55      510.0000      463.0568 12350557    9.20%
 414678 361392      496.5352    24      510.0000      463.0665 12442400    9.20%
 418029 364250      498.7622    28      510.0000      463.0737 12547781    9.20%
 420890 366713      500.2557    26      510.0000      463.0816 12641687    9.20%
Elapsed time = 408.31 sec. (516719.34 ticks, tree = 568.67 MB, solutions = 7)
 423902 369278      482.6694    42      510.0000      463.0904 12742857    9.20%
 427412 372260      506.0679    32      510.0000      463.1005 12846199    9.20%
 430577 375013      466.0542    63      510.0000      463.1102 12943793    9.19%
 433719 377723      480.5028    55      510.0000      463.1184 13047987    9.19%
 437065 380605      473.0000    40      510.0000      463.1273 13147267    9.19%
 440569 383676      467.7938    57      510.0000      463.1346 13241079    9.19%
 443890 386529      465.4671    62      510.0000      463.1431 13343009    9.19%
 447132 389330      507.2658    28      510.0000      463.1554 13439011    9.19%
 450257 391994      504.6945    23      510.0000      463.1622 13543144    9.18%
 453682 394974      471.6484    46      510.0000      463.1735 13639939    9.18%
Elapsed time = 438.81 sec. (554889.27 ticks, tree = 586.27 MB, solutions = 7)
 456706 397573      496.3217    27      510.0000      463.1798 13739942    9.18%
 459770 400191      505.4207    30      510.0000      463.1857 13837651    9.18%
 462811 402824      504.5717    30      510.0000      463.1944 13929852    9.18%
 466222 405772      472.0045    59      510.0000      463.2064 14031191    9.18%
 469364 408516      504.3628    30      510.0000      463.2154 14127884    9.17%
 472483 411165      473.0652    44      510.0000      463.2275 14231170    9.17%
 475581 413778      464.5756    56      510.0000      463.2387 14331389    9.17%
 478681 416455      504.6504    20      510.0000      463.2445 14430024    9.17%
 481864 419190        cutoff            510.0000      463.2513 14527272    9.17%
 485033 421969        cutoff            510.0000      463.2632 14624340    9.16%
Elapsed time = 469.15 sec. (593051.82 ticks, tree = 600.58 MB, solutions = 7)
 488328 424804      508.0000    33      510.0000      463.2758 14728720    9.16%
 491252 427276      490.0000    53      510.0000      463.2879 14827419    9.16%
 494490 430083      504.4625    32      510.0000      463.2982 14926981    9.16%
 497437 432646      506.1713    38      510.0000      463.3049 15023466    9.16%
 500599 435341      500.9754    34      510.0000      463.3107 15127045    9.15%
 503437 437814      500.0000    21      510.0000      463.3180 15222879    9.15%
 506595 440556      474.0000    44      510.0000      463.3300 15328396    9.15%
 509768 443194      498.0687    29      510.0000      463.3384 15420624    9.15%
 513100 446087      502.2813    19      510.0000      463.3443 15520738    9.15%
 516033 448602        cutoff            510.0000      463.3544 15619371    9.15%
Elapsed time = 499.52 sec. (631284.09 ticks, tree = 614.78 MB, solutions = 7)
 519195 451333      466.2852    52      510.0000      463.3631 15718209    9.14%
 522058 453754      498.3825    39      510.0000      463.3720 15819507    9.14%
 524902 456217      505.7498    31      510.0000      463.3799 15915346    9.14%
 528159 459031    infeasible            510.0000      463.3891 16019863    9.14%
 531373 461817      491.3982    35      510.0000      463.3971 16119034    9.14%
 534362 464427      500.1567    39      510.0000      463.4047 16215639    9.14%
 537490 467109      497.7253    25      510.0000      463.4095 16313026    9.14%
 540544 469717      506.6334    28      510.0000      463.4176 16416846    9.13%
 544182 472893      500.1957    19      510.0000      463.4237 16522218    9.13%
 547314 475635      502.0832    32      510.0000      463.4271 16620255    9.13%
Elapsed time = 530.07 sec. (669643.55 ticks, tree = 632.37 MB, solutions = 7)
 550714 478591      464.4916    60      510.0000      463.4312 16714539    9.13%
 553933 481394      475.7864    45      510.0000      463.4394 16817448    9.13%
 556962 483992      503.4272    34      510.0000      463.4458 16917000    9.13%
 558790 485611      506.5139    22      510.0000      463.4485 16964241    9.13%
 559690 486375      496.1952    31      510.0000      463.4514 16993137    9.13%
 560465 487032      468.9289    55      510.0000      463.4538 17015975    9.13%
 560890 487392      506.2684    20      510.0000      463.4548 17030163    9.13%
 561690 488101      489.6919    35      510.0000      463.4560 17054585    9.13%
 562530 488827      498.5795    38      510.0000      463.4596 17078932    9.13%
 563290 489484      472.1947    43      510.0000      463.4614 17105072    9.13%
Elapsed time = 564.25 sec. (709824.44 ticks, tree = 639.72 MB, solutions = 7)
 564090 490172      508.3839    37      510.0000      463.4629 17127984    9.12%
 564757 490762      496.3098    26      510.0000      463.4653 17145499    9.12%
 565590 491481      494.1003    22      510.0000      463.4670 17171824    9.12%
 566590 492305      494.1002    34      510.0000      463.4697 17202919    9.12%
 567290 492900      469.1338    44      510.0000      463.4717 17226208    9.12%
 568034 493512      488.9029    37      510.0000      463.4727 17249107    9.12%
 568957 494302      491.7866    42      510.0000      463.4762 17276322    9.12%
 571943 496836      500.1425    30      510.0000      463.4841 17370267    9.12%
 575003 499486      470.4694    41      510.0000      463.4890 17461317    9.12%
 578190 502182      498.1363    23      510.0000      463.4931 17557225    9.12%
Elapsed time = 599.06 sec. (750100.49 ticks, tree = 646.51 MB, solutions = 7)

GUB cover cuts applied:  5
Cover cuts applied:  5
Implied bound cuts applied:  50
Flow cuts applied:  103
Mixed integer rounding cuts applied:  35
Lift and project cuts applied:  20

Root node processing (before b&c):
  Real time             =    0.57 sec. (622.84 ticks)
Sequential b&c:
  Real time             =  599.43 sec. (750726.88 ticks)
                          ------------
Total (root+branch&cut) =  600.00 sec. (751349.72 ticks)
