Tried aggregator 2 times.
MIP Presolve eliminated 469 rows and 68 columns.
MIP Presolve modified 246 coefficients.
Aggregator did 26 substitutions.
Reduced MIP has 500 rows, 849 columns, and 3002 nonzeros.
Reduced MIP has 432 binaries, 2 generals, 0 SOSs, and 0 indicators.
Presolve time = 0.00 sec. (3.88 ticks)
Found incumbent of value 2150.000000 after 0.01 sec. (7.83 ticks)
Probing time = 0.00 sec. (3.23 ticks)
Cover probing fixed 0 vars, tightened 228 bounds.
Tried aggregator 1 time.
MIP Presolve eliminated 1 rows and 1 columns.
MIP Presolve modified 228 coefficients.
Reduced MIP has 499 rows, 848 columns, and 3000 nonzeros.
Reduced MIP has 431 binaries, 17 generals, 0 SOSs, and 0 indicators.
Presolve time = 0.00 sec. (1.83 ticks)
Probing time = 0.00 sec. (2.60 ticks)
Clique table members: 274.
MIP emphasis: balance optimality and feasibility.
MIP search method: dynamic search.
Parallel mode: none, using 1 thread.
Root relaxation solution time = 0.01 sec. (9.77 ticks)

        Nodes                                         Cuts/
   Node  Left     Objective  IInf  Best Integer    Best Bound    ItCnt     Gap

*     0+    0                         2150.0000        0.0000      342  100.00%
      0     0      104.6964    75     2150.0000      104.6964      342   95.13%
      0     0      105.0000    78     2150.0000      Cuts: 23      586   95.12%
      0     0      174.1651    72     2150.0000      Cuts: 58     1039   91.90%
      0     0      188.7576    73     2150.0000      Cuts: 36     1137   91.22%
      0     0      189.0230    62     2150.0000      Cuts: 32     1432   91.21%
      0     0      189.2849    70     2150.0000      Cuts: 23     1482   91.20%
      0     0      189.3834    75     2150.0000      Cuts: 12     1537   91.19%
      0     0      189.3834    72     2150.0000      Cuts: 21     1572   91.19%
      0     0      189.3834    74     2150.0000      Cuts: 19     1589   91.19%
*     0+    0                          680.0000      189.3834     1589   72.15%
      0     2      189.3834    71      680.0000      189.3834     1589   72.15%
Elapsed time = 0.52 sec. (566.19 ticks, tree = 0.00 MB, solutions = 2)
*    80+   78                          660.0000      193.8566     5935   70.63%
    109    97      210.0000    58      660.0000      193.8566     8058   70.63%
*   180+  165                          630.0000      193.8566    11639   69.23%
    180   167      332.5767    24      630.0000      193.8566    11639   69.23%
    334   311      405.8846    27      630.0000      193.8566    17837   69.23%
    485   458      327.2771    31      630.0000      193.9590    22276   69.21%
*   491+  308                          600.0000      391.0773    24937   34.82%
*   491+  205                          570.0000      467.7080    29643   17.95%
    491   206      468.0000    71      570.0000      468.0000    29643   17.89%
    498   207      472.0000    77      570.0000      469.0000    30622   17.72%
    515   213      499.0000    62      570.0000      469.0000    31348   17.72%
    542   219      545.0000    22      570.0000      469.0000    33308   17.72%
    596   223      554.7779    23      570.0000      469.0000    38757   17.72%
    855   297      549.0825    21      570.0000      469.0000    56493   17.72%
Elapsed time = 5.27 sec. (6435.15 ticks, tree = 0.64 MB, solutions = 6)
   1349   714      528.6697    34      570.0000      469.0075    81690   17.72%
   1987  1296      494.7277    45      570.0000      469.3715   106778   17.65%
   2770  2025      479.9652    49      570.0000      470.0553   127916   17.53%
   3585  2801      538.9667    22      570.0000      470.0915   147717   17.53%
   4512  3656      470.2618    70      570.0000      470.2314   172635   17.50%
   5146  4222      486.0996    57      570.0000      470.2618   193239   17.50%
   5818  4852      546.2741    30      570.0000      470.3100   214078   17.49%
   6584  5579      567.6284    26      570.0000      470.3237   234881   17.49%
   7438  6344      482.9007    58      570.0000      470.4468   259040   17.47%
   8188  7040      495.9626    33      570.0000      470.8188   279403   17.40%
Elapsed time = 12.57 sec. (16000.11 ticks, tree = 4.38 MB, solutions = 6)
   8816  7625      471.0000    90      570.0000      471.0000   299751   17.37%
   9375  8136      497.7921    61      570.0000      471.0000   317509   17.37%
  10232  8916      509.2074    45      570.0000      471.0121   338428   17.37%
* 10311+ 8342                          560.0000      471.0331   343254   15.89%
  10311  8344      476.4431    62      560.0000      471.0331   343254   15.89%
  10502  8521      513.7695    34      560.0000      471.0392   351555   15.89%
  11455  9389      556.8081    18      560.0000      471.1735   377745   15.86%
  12287 10162      526.1531    40      560.0000      471.1735   399331   15.86%
  13292 11108      529.1312    42      560.0000      471.2075   420751   15.86%
  14339 12065      552.8193    29      560.0000      471.3262   443180   15.83%
  15421 13068      537.0526    28      560.0000      471.3306   469765   15.83%
Elapsed time = 21.49 sec. (26998.87 ticks, tree = 7.72 MB, solutions = 7)
  16392 13966      489.3036    36      560.0000      471.3610   493712   15.83%
  17345 14859      542.2456    32      560.0000      471.3965   520678   15.82%
  18272 15720      555.1493    15      560.0000      471.4346   544647   15.82%
  19210 16583      510.4426    43      560.0000      471.5807   566286   15.79%
  20146 17457      532.7916    36      560.0000      471.6419   586585   15.78%
  21122 18367      552.7267    39      560.0000      471.7403   610404   15.76%
  22182 19352      547.4146    31      560.0000      471.7867   631982   15.75%
  22896 20011      473.1051    59      560.0000      471.8753   650885   15.74%
  24010 21062      557.7454    25      560.0000      471.9470   677007   15.72%
  24992 21960      496.9659    57      560.0000      472.0272   700446   15.71%
Elapsed time = 29.06 sec. (36595.80 ticks, tree = 12.85 MB, solutions = 7)
  25769 22673      505.3568    67      560.0000      472.0628   719936   15.70%
  26738 23561      549.3857    41      560.0000      472.0894   739857   15.70%
  27616 24374      489.7135    53      560.0000      472.2115   761758   15.68%
  28481 25169      535.8796    23      560.0000      472.2496   787813   15.67%
  29528 26146      532.5668    25      560.0000      472.3491   810284   15.65%
  30503 27054      540.7166    20      560.0000      472.4101   835414   15.64%
  31587 28053      555.6737    24      560.0000      472.4461   860628   15.63%
  32503 28907      550.0000    44      560.0000      472.4750   881910   15.63%
  33389 29699      477.1189    65      560.0000      472.5504   905305   15.62%
  34476 30711      480.3994    66      560.0000      472.6044   926544   15.61%
Elapsed time = 36.71 sec. (46160.66 ticks, tree = 17.41 MB, solutions = 7)
  35311 31478      481.7147    61      560.0000      472.6044   948061   15.61%
  36216 32314      474.1642    58      560.0000      472.6133   969353   15.60%
  37075 33084      525.4520    29      560.0000      472.6493   990991   15.60%
  37978 33939      530.4282    27      560.0000      472.6611  1007855   15.60%
  38903 34802      548.6486    33      560.0000      472.6832  1027900   15.59%
  39763 35581      497.0391    45      560.0000      472.6980  1049208   15.59%
  40886 36630      546.1565    28      560.0000      472.7447  1073972   15.58%
  41966 37638      473.9468    65      560.0000      472.7761  1095634   15.58%
  42905 38503      506.5729    63      560.0000      472.8305  1116981   15.57%
  43818 39344      531.0511    32      560.0000      472.8577  1135550   15.56%
Elapsed time = 44.24 sec. (55736.11 ticks, tree = 22.90 MB, solutions = 7)
  44630 40084      504.8814    43      560.0000      472.9072  1161178   15.55%
  45643 41034      481.8127    63      560.0000      472.9268  1184386   15.55%
* 46405 35621      integral     0      550.0000      472.9724  1201508   14.01%
  47247 36387      479.3214    57      550.0000      473.0498  1219524   13.99%
  48276 37318      541.2097    29      550.0000      473.0958  1244310   13.98%
  49231 38163      538.6475    25      550.0000      473.1402  1268278   13.97%
  50153 39019      541.0000    15      550.0000      473.2219  1289230   13.96%
  51027 39816      540.0000    26      550.0000      473.2472  1310902   13.96%
  51952 40656      481.9634    61      550.0000      473.2955  1332421   13.95%
  52841 41460        cutoff            550.0000      473.3260  1349807   13.94%
Elapsed time = 51.37 sec. (65029.71 ticks, tree = 23.87 MB, solutions = 8)
  53820 42351      483.5984    43      550.0000      473.3505  1372108   13.94%
  54607 43054      474.2059    70      550.0000      473.4333  1395994   13.92%
  55386 43722      480.4627    54      550.0000      473.5049  1418823   13.91%
  56212 44481      477.0464    68      550.0000      473.5821  1440138   13.89%
  57090 45289      506.4505    42      550.0000      473.6382  1463566   13.88%
  57834 45968      540.2843    24      550.0000      473.7112  1483668   13.87%
  58798 46853      484.8058    54      550.0000      473.7413  1505662   13.87%
  59664 47620      544.1932    35      550.0000      473.7475  1527821   13.86%
  60491 48396      533.7776    37      550.0000      473.7543  1547521   13.86%
  61307 49103      545.7246    26      550.0000      473.7721  1569722   13.86%
Elapsed time = 58.70 sec. (74645.73 ticks, tree = 27.94 MB, solutions = 8)
  62078 49805      547.5981    26      550.0000      473.7826  1592905   13.86%
  62857 50499      481.8485    49      550.0000      473.8168  1615526   13.85%
  63682 51259      483.0210    60      550.0000      473.8279  1636681   13.85%
  64505 51973      491.1808    41      550.0000      473.8654  1661051   13.84%
  65491 52844      526.0251    29      550.0000      473.9121  1685046   13.83%
  66401 53661      538.8399    26      550.0000      473.9410  1708655   13.83%
  67423 54582      540.0000    23      550.0000      473.9705  1734249   13.82%
  68268 55352      528.7622    33      550.0000      474.0036  1756137   13.82%
  69337 56345      525.4261    32      550.0000      474.0363  1780312   13.81%
  70122 57054      525.6342    29      550.0000      474.0363  1800418   13.81%
Elapsed time = 66.07 sec. (84270.12 ticks, tree = 32.13 MB, solutions = 8)
  71063 57914      491.7625    65      550.0000      474.0731  1822687   13.80%
  71952 58684      547.9823    30      550.0000      474.0968  1845557   13.80%
  72749 59375      488.3759    54      550.0000      474.1083  1866354   13.80%
  73652 60199      475.7903    58      550.0000      474.1503  1890170   13.79%
  74423 60903      514.5723    44      550.0000      474.1697  1914151   13.79%
  75440 61833      494.7142    40      550.0000      474.2264  1938431   13.78%
  76162 62491      477.4060    63      550.0000      474.2859  1957946   13.77%
  77311 63523      544.2214    33      550.0000      474.3505  1980336   13.75%
  78267 64393      545.2289    41      550.0000      474.3753  2003888   13.75%
  81287 67068      481.3945    61      550.0000      474.5382  2092958   13.72%
Elapsed time = 75.69 sec. (96753.91 ticks, tree = 39.41 MB, solutions = 8)
  84708 70196      532.9032    24      550.0000      474.6819  2178476   13.69%
  88071 73240      527.1376    44      550.0000      474.8224  2270020   13.67%
  91373 76137      528.3068    42      550.0000      474.9311  2358252   13.65%
  94396 78874      541.5146    42      550.0000      475.0107  2444237   13.63%
  97798 81955      546.8983    43      550.0000      475.1631  2535094   13.61%
 101305 85063      534.0004    45      550.0000      475.2251  2630901   13.60%
 104318 87733      534.8485    42      550.0000      475.2832  2714540   13.58%
 107493 90554      492.2067    48      550.0000      475.3782  2800537   13.57%
 111286 94031      475.5387    54      550.0000      475.4505  2899141   13.55%
 115003 97416      491.0000    48      550.0000      475.5224  2993556   13.54%
Elapsed time = 105.02 sec. (134943.52 ticks, tree = 55.56 MB, solutions = 8)
 118159 100279      526.2616    34      550.0000      475.6190  3081744   13.52%
 121690 103433      527.7056    24      550.0000      475.7475  3171210   13.50%
 125225 106605      486.5917    57      550.0000      475.9255  3261809   13.47%
 128444 109486      521.8026    57      550.0000      476.0692  3350910   13.44%
 131891 112611      529.1883    44      550.0000      476.2162  3436601   13.42%
 135037 115350      512.9894    53      550.0000      476.3161  3525612   13.40%
 138161 118061      521.7215    51      550.0000      476.3862  3611880   13.38%
 141491 121056      533.2227    29      550.0000      476.4832  3703606   13.37%
 144929 124112        cutoff            550.0000      476.5482  3792150   13.35%
 147890 126680      536.4150    32      550.0000      476.6765  3878405   13.33%
Elapsed time = 134.53 sec. (173304.57 ticks, tree = 71.26 MB, solutions = 8)
 151140 129603      517.7687    55      550.0000      476.7150  3971786   13.32%
 154381 132473      491.6481    50      550.0000      476.7857  4061521   13.31%
 157506 135288      485.2403    55      550.0000      476.8948  4146169   13.29%
 160813 138195      544.4064    32      550.0000      476.9994  4237225   13.27%
 164025 141104      543.8782    36      550.0000      477.0449  4327082   13.26%
 167491 144272      526.7875    43      550.0000      477.0807  4422226   13.26%
 170931 147366      543.3426    28      550.0000      477.1705  4516429   13.24%
 174298 150431      537.9795    26      550.0000      477.2771  4606759   13.22%
 177881 153590      535.6717    41      550.0000      477.3632  4700029   13.21%
 181055 156432      529.1527    28      550.0000      477.4310  4792088   13.19%
Elapsed time = 163.91 sec. (211562.99 ticks, tree = 88.81 MB, solutions = 8)
 184171 159201      533.9085    31      550.0000      477.5146  4875050   13.18%
 187491 162089      546.5945    33      550.0000      477.6004  4962983   13.16%
 190752 165007      535.4365    19      550.0000      477.6655  5050444   13.15%
 193746 167700      521.9492    68      550.0000      477.7716  5145893   13.13%
 196827 170386      521.2269    74      550.0000      477.8500  5236433   13.12%
 199861 173032      530.1275    36      550.0000      477.9417  5325593   13.10%
 202829 175736        cutoff            550.0000      477.9799  5413116   13.09%
 205983 178499      543.2428    28      550.0000      478.0000  5499334   13.09%
 209117 181281      493.0046    45      550.0000      478.0598  5589908   13.08%
 212408 184225      486.6297    51      550.0000      478.0997  5678533   13.07%
Elapsed time = 192.97 sec. (249831.90 ticks, tree = 105.17 MB, solutions = 8)
 215478 186902      481.7897    69      550.0000      478.1934  5766714   13.06%
 218574 189663        cutoff            550.0000      478.2687  5853366   13.04%
 221568 192352      522.1392    52      550.0000      478.3673  5948059   13.02%
 224704 195173      543.5462    38      550.0000      478.4403  6039212   13.01%
 227984 198135      540.3309    28      550.0000      478.5178  6126136   13.00%
 231008 200848      493.2854    61      550.0000      478.5680  6213771   12.99%
 233886 203366      543.9676    39      550.0000      478.6482  6301391   12.97%
 236750 205917      538.5045    25      550.0000      478.6763  6389130   12.97%
 240135 208887      535.2553    29      550.0000      478.7407  6484522   12.96%
 243491 211874      543.2252    31      550.0000      478.8548  6573337   12.94%
Elapsed time = 222.00 sec. (288023.59 ticks, tree = 122.40 MB, solutions = 8)
 246491 214495      533.4779    35      550.0000      478.9566  6663182   12.92%
 249448 217054      540.5604    21      550.0000      479.0432  6746200   12.90%
 252951 220061      542.3316    38      550.0000      479.1765  6835067   12.88%
 256656 223356      481.2436    57      550.0000      479.2583  6927685   12.86%
 260174 226566      487.0063    48      550.0000      479.2724  7021522   12.86%
 262912 228979      538.1775    50      550.0000      479.2916  7107060   12.86%
 265689 231331      494.2292    57      550.0000      479.3260  7196146   12.85%
 268661 233901      545.4091    37      550.0000      479.3709  7281626   12.84%
 272088 236885      536.2459    42      550.0000      479.4209  7370940   12.83%
 275603 240062      510.8486    49      550.0000      479.4701  7459114   12.82%
Elapsed time = 251.35 sec. (326218.01 ticks, tree = 139.28 MB, solutions = 8)
 278241 242383      538.5559    29      550.0000      479.5350  7551285   12.81%
 281489 245312      542.7377    34      550.0000      479.5734  7642527   12.80%
 284760 248199      535.1793    27      550.0000      479.6120  7733250   12.80%
 288145 251270      523.7150    41      550.0000      479.6654  7825769   12.79%
 291229 254021      516.9941    43      550.0000      479.7550  7916565   12.77%
 294312 256776      532.6027    23      550.0000      479.8336  8014786   12.76%
 297116 259255      490.6721    54      550.0000      479.8920  8098441   12.75%
 299765 261484      533.4419    36      550.0000      479.9027  8184078   12.74%
 302737 264012      541.2527    29      550.0000      479.9136  8265175   12.74%
 305552 266404      545.8148    30      550.0000      479.9434  8348691   12.74%
Elapsed time = 280.35 sec. (364379.64 ticks, tree = 153.66 MB, solutions = 8)
 308384 268928      538.7305    27      550.0000      479.9822  8444000   12.73%
 311086 271343      547.5762    23      550.0000      480.0360  8533614   12.72%
 314268 274210      528.3378    45      550.0000      480.1214  8621634   12.71%
 317557 277094      510.9676    45      550.0000      480.1925  8701923   12.69%
 320919 280116      501.3313    53      550.0000      480.2392  8794272   12.68%
 323839 282685      519.9490    33      550.0000      480.3304  8878536   12.67%
 327336 285783      491.4075    46      550.0000      480.3724  8973787   12.66%
 330491 288581      533.4091    24      550.0000      480.4022  9058772   12.65%
 334070 291815      526.3342    38      550.0000      480.4730  9148284   12.64%
 337617 294982      541.6010    24      550.0000      480.5197  9236651   12.63%
Elapsed time = 309.50 sec. (402537.30 ticks, tree = 171.07 MB, solutions = 8)
 340882 297885      548.2704    22      550.0000      480.5642  9320725   12.62%
 343996 300608      525.2567    34      550.0000      480.6272  9409352   12.61%
 346964 303187      548.7903    44      550.0000      480.6877  9496715   12.60%
 350143 305964      538.5571    38      550.0000      480.7645  9580323   12.59%
 353291 308744      530.9838    33      550.0000      480.8566  9671818   12.57%
 356423 311459      530.3104    41      550.0000      480.9518  9756632   12.55%
 359589 314302      481.0708    52      550.0000      481.0000  9849447   12.55%
 363015 317321      493.5849    39      550.0000      481.0545  9938178   12.54%
 366430 320314      538.8670    32      550.0000      481.1196 10027332   12.52%
 369491 323033      514.5996    43      550.0000      481.1829 10116245   12.51%
Elapsed time = 338.72 sec. (440742.11 ticks, tree = 186.49 MB, solutions = 8)
 372912 326072      507.8071    35      550.0000      481.2332 10208450   12.50%
 375863 328647      547.1098    44      550.0000      481.3233 10297579   12.49%
 378840 331137      546.9521    14      550.0000      481.3650 10379946   12.48%
 381703 333570      503.4014    38      550.0000      481.4126 10470320   12.47%
 384895 336417      538.6705    28      550.0000      481.4467 10557980   12.46%
 387779 338893      495.1096    42      550.0000      481.5086 10645271   12.45%
 390671 341391      545.6824    34      550.0000      481.5871 10737518   12.44%
 393619 343981      540.0000    29      550.0000      481.6411 10821703   12.43%
 396491 346481      538.1066    32      550.0000      481.7127 10912606   12.42%
 399675 349230      540.1472    13      550.0000      481.8008 11009095   12.40%
Elapsed time = 368.03 sec. (479114.14 ticks, tree = 203.12 MB, solutions = 8)
 402947 352187      532.7775    24      550.0000      481.8465 11102076   12.39%
 406350 355270        cutoff            550.0000      481.8663 11189731   12.39%
 409610 358199      526.0567    22      550.0000      481.8889 11282102   12.38%
 412910 361162      526.4247    37      550.0000      481.9108 11371526   12.38%
 416200 364096      490.9964    44      550.0000      481.9498 11458642   12.37%
 419868 367397      486.3066    47      550.0000      481.9750 11545872   12.37%
 423800 370870      537.5000    36      550.0000      482.0239 11638185   12.36%
 427203 373958      530.6944    31      550.0000      482.0499 11726555   12.35%
 430826 377162      531.0000    45      550.0000      482.0837 11819621   12.35%
 434327 380300      540.5237    34      550.0000      482.1205 11903838   12.34%
Elapsed time = 397.14 sec. (517286.58 ticks, tree = 219.91 MB, solutions = 8)
 437254 382763      509.5144    40      550.0000      482.1529 11991580   12.34%
 440546 385647      545.2857    24      550.0000      482.1782 12078093   12.33%
 443501 388170      516.0889    39      550.0000      482.1895 12158432   12.33%
 447006 391258      530.2831    33      550.0000      482.2205 12244431   12.32%
 450120 394061      542.9888    30      550.0000      482.2397 12331155   12.32%
 453522 397119        cutoff            550.0000      482.2843 12423582   12.31%
 456676 399908      537.6727    25      550.0000      482.3118 12510083   12.31%
 460363 403202      544.0102    25      550.0000      482.3373 12601809   12.30%
 463638 406113        cutoff            550.0000      482.3768 12685266   12.30%
 467157 409145        cutoff            550.0000      482.4234 12777084   12.29%
Elapsed time = 426.34 sec. (555457.14 ticks, tree = 238.45 MB, solutions = 8)
 470235 411917      540.0502    31      550.0000      482.4866 12864454   12.28%
 473733 415041      531.9639    34      550.0000      482.5305 12957898   12.27%
 476608 417566        cutoff            550.0000      482.5688 13048435   12.26%
 479795 420348      533.5710    35      550.0000      482.6121 13134916   12.25%
 483041 423258      536.2681    27      550.0000      482.6439 13225126   12.25%
 486429 426280      532.9743    28      550.0000      482.6959 13313186   12.24%
 490055 429506      517.8147    36      550.0000      482.7479 13397388   12.23%
 493459 432521      528.1062    28      550.0000      482.8022 13480495   12.22%
 496588 435273      515.4422    46      550.0000      482.8461 13569310   12.21%
 499493 437824      484.4020    54      550.0000      482.8974 13653873   12.20%
Elapsed time = 455.50 sec. (593621.88 ticks, tree = 258.80 MB, solutions = 8)
 502727 440705      487.7738    43      550.0000      482.9171 13746259   12.20%
 506391 443983      490.8019    34      550.0000      482.9609 13830067   12.19%
 509811 447069      496.1096    42      550.0000      482.9860 13917437   12.18%
 513296 450189      526.0896    44      550.0000      483.0564 14010863   12.17%
 515599 452127      484.1750    52      550.0000      483.0755 14091631   12.17%
 519119 455295      528.9936    29      550.0000      483.1142 14182658   12.16%
 522331 458152      544.2570    35      550.0000      483.1656 14270121   12.15%
 525373 460895      535.4905    26      550.0000      483.1943 14358273   12.15%
 528636 463767      542.7189    20      550.0000      483.2304 14450730   12.14%
 531701 466509      537.3772    42      550.0000      483.2570 14533407   12.14%
Elapsed time = 484.73 sec. (631783.41 ticks, tree = 274.51 MB, solutions = 8)
 535508 469931      538.4249    40      550.0000      483.2802 14624910   12.13%
 538666 472775      501.0000    51      550.0000      483.2970 14713758   12.13%
 542015 475747      548.5019    36      550.0000      483.3166 14804429   12.12%
 545428 478768      537.7384    26      550.0000      483.3484 14888829   12.12%
 548383 481385      529.0544    37      550.0000      483.3874 14975329   12.11%
 551611 484218      540.4860    34      550.0000      483.4283 15063508   12.10%
 555027 487244      524.2198    29      550.0000      483.4837 15158985   12.09%
 557871 489782      543.7719    22      550.0000      483.5357 15249160   12.08%
 561266 492798      526.1350    43      550.0000      483.5833 15335961   12.08%
 564231 495418      491.0763    55      550.0000      483.6519 15424208   12.06%
Elapsed time = 513.89 sec. (669946.21 ticks, tree = 293.65 MB, solutions = 8)
 567310 498151      511.4371    34      550.0000      483.6900 15513201   12.06%
 570127 500606      540.1275    17      550.0000      483.7216 15598986   12.05%
 573460 503534      526.1820    32      550.0000      483.7705 15688977   12.04%
 576923 506599      547.0957    29      550.0000      483.8225 15780414   12.03%
 580219 509594      496.6957    48      550.0000      483.8361 15866824   12.03%
 583652 512630      490.1483    57      550.0000      483.8691 15958735   12.02%
 586757 515395      540.2732    25      550.0000      483.8926 16042346   12.02%
 589585 517898      497.8129    36      550.0000      483.9378 16133493   12.01%
 592791 520693      492.8101    42      550.0000      483.9512 16217863   12.01%
 593591 521410      533.7862    29      550.0000      483.9535 16240219   12.01%
Elapsed time = 543.53 sec. (708317.42 ticks, tree = 307.96 MB, solutions = 8)
 594291 522031      533.0238    37      550.0000      483.9568 16258882   12.01%
 594791 522457      535.2812    28      550.0000      483.9592 16273982   12.01%
 595291 522869      530.3333    37      550.0000      483.9705 16294524   12.01%
 596037 523519      510.9759    51      550.0000      483.9784 16317812   12.00%
 596791 524196      528.1843    28      550.0000      483.9865 16335080   12.00%
 597491 524788      540.1676    31      550.0000      484.0035 16359545   12.00%
 598313 525520      535.4605    32      550.0000      484.0103 16376068   12.00%
 599091 526212      540.6826    25      550.0000      484.0175 16395800   12.00%
 599891 526907      535.5945    23      550.0000      484.0216 16418600   12.00%
 600491 527401      533.4797    31      550.0000      484.0277 16441348   11.99%
Elapsed time = 580.17 sec. (751411.75 ticks, tree = 312.62 MB, solutions = 8)
 601091 527901      538.4705    25      550.0000      484.0361 16461920   11.99%
 601691 528447      533.2842    43      550.0000      484.0381 16478308   11.99%
 602834 529442      518.2521    57      550.0000      484.0568 16509520   11.99%
 605781 532039      489.3073    62      550.0000      484.0880 16597345   11.98%
 608616 534586      518.9489    33      550.0000      484.1126 16678804   11.98%
 611818 537441      532.7955    29      550.0000      484.1732 16763046   11.97%

GUB cover cuts applied:  6
Cover cuts applied:  16
Implied bound cuts applied:  58
Flow cuts applied:  138
Mixed integer rounding cuts applied:  24
Lift and project cuts applied:  31

Root node processing (before b&c):
  Real time             =    0.51 sec. (566.20 ticks)
Sequential b&c:
  Real time             =  599.49 sec. (775193.76 ticks)
                          ------------
Total (root+branch&cut) =  600.00 sec. (775759.96 ticks)
