Tried aggregator 2 times.
MIP Presolve eliminated 468 rows and 66 columns.
MIP Presolve modified 268 coefficients.
Aggregator did 24 substitutions.
Reduced MIP has 500 rows, 848 columns, and 2963 nonzeros.
Reduced MIP has 432 binaries, 2 generals, 0 SOSs, and 0 indicators.
Presolve time = 0.00 sec. (3.81 ticks)
Found incumbent of value 3100.000000 after 0.01 sec. (7.69 ticks)
Probing fixed 0 vars, tightened 1 bounds.
Probing time = 0.00 sec. (3.53 ticks)
Cover probing fixed 0 vars, tightened 228 bounds.
Tried aggregator 1 time.
MIP Presolve eliminated 2 rows and 2 columns.
MIP Presolve modified 228 coefficients.
Reduced MIP has 498 rows, 846 columns, and 2959 nonzeros.
Reduced MIP has 430 binaries, 15 generals, 0 SOSs, and 0 indicators.
Presolve time = 0.00 sec. (1.79 ticks)
Probing fixed 0 vars, tightened 1 bounds.
Probing time = 0.00 sec. (3.23 ticks)
Cover probing fixed 0 vars, tightened 20 bounds.
Clique table members: 254.
MIP emphasis: balance optimality and feasibility.
MIP search method: dynamic search.
Parallel mode: none, using 1 thread.
Root relaxation solution time = 0.01 sec. (8.53 ticks)

        Nodes                                         Cuts/
   Node  Left     Objective  IInf  Best Integer    Best Bound    ItCnt     Gap

*     0+    0                         3100.0000        0.0000      317  100.00%
      0     0      139.3610    73     3100.0000      139.3610      317   95.50%
      0     0      140.0000    76     3100.0000      Cuts: 31      543   95.48%
      0     0      238.2165    78     3100.0000      Cuts: 67      957   92.32%
      0     0      251.7598    75     3100.0000      Cuts: 41     1072   91.88%
      0     0      251.7611    77     3100.0000      Cuts: 35     1142   91.88%
      0     0      252.0395    79     3100.0000      Cuts: 25     1194   91.87%
      0     0      252.0643    74     3100.0000      Cuts: 34     1239   91.87%
      0     0      252.0643    74     3100.0000      Cuts: 22     1255   91.87%
*     0+    0                         1030.0000      252.0643     1255   75.53%
*     0+    0                         1029.0000      252.0643     1255   75.50%
*     0+    0                          990.0000      252.0643     1255   74.54%
*     0+    0                          950.0000      252.0643     1255   73.47%
*     0+    0                          930.0000      252.0643     1255   72.90%
*     0+    0                          850.0000      252.0643     1255   70.35%
      0     2      252.0643    74      850.0000      252.0643     1255   70.35%
Elapsed time = 0.86 sec. (944.59 ticks, tree = 0.00 MB, solutions = 7)
     80    82      338.0052    46      850.0000      252.5625     5907   70.29%
    184   168      840.9049    15      850.0000      252.5625    11581   70.29%
    304   276      395.6401    44      850.0000      252.7410    17641   70.27%
    450   416      328.8993    49      850.0000      252.7410    22814   70.27%
*   488+  298                          840.0000      536.1688    27393   36.17%
*   488+  198                          800.0000      626.2328    32047   21.72%
    488   199      627.0000    68      800.0000      627.0000    32047   21.62%
    496   201      631.0000    66      800.0000      628.0000    32966   21.50%
    503   205      631.0000    70      800.0000      628.0000    33991   21.50%
    518   211      673.0000    39      800.0000      628.0000    36554   21.50%
    550   225      679.6268    32      800.0000      628.0000    41019   21.50%
    797   305      736.0000    22      800.0000      628.0000    65883   21.50%
Elapsed time = 6.04 sec. (7262.55 ticks, tree = 0.89 MB, solutions = 9)
   1172   539      726.0000    33      800.0000      628.9108    88650   21.39%
*  1488+  807                          790.0000      629.7356   102053   20.29%
*  1488+  685                          740.0000      629.7356   102053   14.90%
   1589   777      708.3916    30      740.0000      629.7356   106453   14.90%
   2080  1217      701.6132    32      740.0000      629.7356   125593   14.90%
   2488  1573      738.1152    16      740.0000      629.8131   139771   14.89%
   2925  1967      726.2276    26      740.0000      630.0000   160785   14.86%
   3472  2435      653.0514    46      740.0000      630.2693   180383   14.83%
   3888  2795      725.1346    27      740.0000      630.5035   195725   14.80%
   4391  3212      632.1871    54      740.0000      630.5338   214705   14.79%
   4818  3570      697.3846    26      740.0000      630.7023   234801   14.77%
   5330  3993      787.0761    29      740.0000      631.0000   253660   14.73%
Elapsed time = 13.40 sec. (16844.75 ticks, tree = 27.19 MB, solutions = 11)
   5837  4412      660.5811    44      740.0000      631.1157   271736   14.71%
   6424  4910      710.2602    24      740.0000      631.3349   291102   14.68%
   6859  5283      733.3191    21      740.0000      631.3349   306523   14.68%
   7441  5781      633.3592    58      740.0000      631.3503   326112   14.68%
   8034  6267      631.4201    64      740.0000      631.4208   345723   14.67%
   8555  6718      661.6376    44      740.0000      631.4563   364791   14.67%
   9196  7276      631.5045    57      740.0000      631.5045   385447   14.66%
   9649  7653      674.4742    45      740.0000      631.5073   402547   14.66%
  10182  8112      694.5645    29      740.0000      631.6206   420200   14.65%
  10248  8171      632.9168    56      740.0000      631.6206   422363   14.65%
Elapsed time = 22.30 sec. (27628.88 ticks, tree = 57.77 MB, solutions = 11)
  10458  8353      738.2067    33      740.0000      631.6851   430494   14.64%
  11112  8945      725.2794    28      740.0000      631.7645   452128   14.63%
  11488  9260      737.5334    29      740.0000      631.7790   470356   14.62%
  12090  9775      635.2298    63      740.0000      631.8642   493126   14.61%
  12681 10276      738.9294    31      740.0000      631.8978   515219   14.61%
  13301 10800      725.1885    18      740.0000      631.9492   536912   14.60%
  13706 11136      667.9466    44      740.0000      631.9613   552292   14.60%
  14313 11676      717.5000    19      740.0000      632.0160   571852   14.59%
  14889 12165      645.4061    55      740.0000      632.0424   591236   14.59%
  15433 12628      634.0462    69      740.0000      632.1013   612156   14.58%
Elapsed time = 29.75 sec. (37206.30 ticks, tree = 88.82 MB, solutions = 11)
  15937 13085      723.1615    15      740.0000      632.1306   630817   14.58%
  16566 13634      729.1847    23      740.0000      632.1862   653071   14.57%
  17231 14212      652.8881    43      740.0000      632.2117   675233   14.57%
  17664 14577      714.2341    34      740.0000      632.2205   691981   14.56%
  18227 15048      720.3120    13      740.0000      632.2522   714215   14.56%
  18796 15547      716.5382    24      740.0000      632.3242   735058   14.55%
  19297 15962      638.9595    56      740.0000      632.3628   754283   14.55%
  19903 16478      715.9040    27      740.0000      632.4063   774289   14.54%
  20431 16939      714.3218    21      740.0000      632.4505   796072   14.53%
* 20488+13580                          730.0000      632.4646   797242   13.36%
  20934 13945      634.5319    49      730.0000      632.5195   812910   13.35%
Elapsed time = 37.23 sec. (46766.20 ticks, tree = 97.39 MB, solutions = 12)
  21488 14387      692.5978    42      730.0000      632.5634   833102   13.35%
  21992 14791      632.6289    65      730.0000      632.6289   854937   13.34%
  22488 15207      636.9857    49      730.0000      632.6627   873114   13.33%
  23062 15684      727.5000    20      730.0000      632.7189   895304   13.33%
  23706 16220      720.0824    19      730.0000      632.7830   916966   13.32%
  24245 16684      635.5017    58      730.0000      632.7973   937646   13.32%
  24821 17172      720.5690    22      730.0000      632.8761   957957   13.30%
  25335 17589      675.0401    28      730.0000      632.9168   979148   13.30%
  25801 17983      637.2342    54      730.0000      632.9346   995409   13.30%
  26320 18405      662.4221    36      730.0000      632.9985  1015479   13.29%
Elapsed time = 44.83 sec. (56563.72 ticks, tree = 129.01 MB, solutions = 12)
  26862 18858      717.8090    33      730.0000      633.0520  1036747   13.28%
  27371 19289      656.8329    46      730.0000      633.0900  1056405   13.28%
  27922 19736      710.9330    25      730.0000      633.1343  1075548   13.27%
  28413 20128      712.6880    22      730.0000      633.1441  1096547   13.27%
  28834 20467      710.2882    27      730.0000      633.1653  1113695   13.27%
  29353 20912      705.9225    26      730.0000      633.1653  1133291   13.27%
  29980 21446      708.3275    23      730.0000      633.1653  1152744   13.27%
  30511 21910      710.5769    14      730.0000      633.1653  1172095   13.27%
  31068 22401      708.1555    27      730.0000      633.1690  1191661   13.26%
  31527 22776        cutoff            730.0000      633.1884  1210967   13.26%
Elapsed time = 52.17 sec. (66115.67 ticks, tree = 162.90 MB, solutions = 12)
  32079 23220      637.8559    49      730.0000      633.2172  1231949   13.26%
  32696 23776      720.3710    25      730.0000      633.2538  1251715   13.25%
  33301 24283      725.4872    24      730.0000      633.2854  1271221   13.25%
  33857 24741      668.6329    31      730.0000      633.3019  1290338   13.25%
  34472 25264      637.3820    56      730.0000      633.3204  1310398   13.24%
  34998 25720      727.6370    21      730.0000      633.3348  1327245   13.24%
  35586 26221      637.1683    66      730.0000      633.3348  1346281   13.24%
  36115 26664      633.4663    55      730.0000      633.3604  1367231   13.24%
* 36488+19685                          720.0000      633.3604  1383279   12.03%
  36542 19731      710.1148    27      720.0000      633.3604  1385508   12.03%
  36997 20099      715.1810    18      720.0000      633.3796  1405247   12.03%
Elapsed time = 59.59 sec. (75678.49 ticks, tree = 146.08 MB, solutions = 13)
  37500 20524      638.6753    46      720.0000      633.4161  1424017   12.03%
  38053 20995      710.9218    18      720.0000      633.4426  1443994   12.02%
  38488 21339      635.6055    52      720.0000      633.4555  1459220   12.02%
  39017 21766      635.9333    61      720.0000      633.4720  1480838   12.02%
  39488 22148      710.6570    30      720.0000      633.4940  1498072   12.01%
  40075 22626      708.7323    42      720.0000      633.5080  1517752   12.01%
  40488 22949      645.1646    46      720.0000      633.5175  1532495   12.01%
  40985 23345      656.2826    36      720.0000      633.5333  1552362   12.01%
  41593 23837      705.3440    26      720.0000      633.5435  1572656   12.01%
  42105 24242      645.2678    50      720.0000      633.5576  1593794   12.01%
Elapsed time = 67.15 sec. (85328.70 ticks, tree = 177.95 MB, solutions = 13)
  42562 24586      670.3987    33      720.0000      633.5788  1613845   12.00%
  43080 25010      705.7965    27      720.0000      633.5909  1632604   12.00%
  43468 25320      651.1722    48      720.0000      633.6012  1652322   12.00%
  43838 25619      635.7713    58      720.0000      633.6064  1666490   12.00%
  44356 26045      683.0948    20      720.0000      633.6291  1685272   12.00%
  44766 26373      660.7205    41      720.0000      633.6498  1705498   11.99%
  45195 26715      636.1399    57      720.0000      633.6623  1725787   11.99%
  45656 27077      647.9673    47      720.0000      633.6929  1743259   11.99%
  46224 27517      633.7272    55      720.0000      633.7272  1763419   11.98%
  48414 29244      682.3146    35      720.0000      633.8050  1846386   11.97%
Elapsed time = 76.79 sec. (97771.45 ticks, tree = 215.21 MB, solutions = 13)
  50088 30590      679.9936    45      720.0000      633.8742  1916193   11.96%
  52227 32225      712.5000    11      720.0000      633.9602  1994368   11.95%
  54470 34017      646.4090    42      720.0000      634.0166  2073830   11.94%
  56488 35581      718.0590    24      720.0000      634.0735  2148540   11.93%
  58488 37148      706.1408    29      720.0000      634.1442  2225109   11.92%
  60501 38723      707.8491    23      720.0000      634.2458  2302420   11.91%
  62421 40277      712.5000    26      720.0000      634.2961  2380636   11.90%
  64483 41868      636.8072    47      720.0000      634.3668  2460118   11.89%
  66215 43214        cutoff            720.0000      634.4258  2530413   11.89%
  68014 44590      666.2151    31      720.0000      634.4994  2603325   11.88%
Elapsed time = 106.47 sec. (136243.54 ticks, tree = 321.77 MB, solutions = 13)
  69965 46138      705.1719    21      720.0000      634.5679  2682563   11.87%
  71824 47535      660.0000    58      720.0000      634.6530  2759992   11.85%
  73740 49021        cutoff            720.0000      634.7424  2831792   11.84%
  75582 50428      638.8115    56      720.0000      634.8256  2903450   11.83%
  77488 51898      647.6770    44      720.0000      634.8919  2978858   11.82%
  79548 53485      637.5962    54      720.0000      634.9867  3057149   11.81%
  81511 54960      649.9024    49      720.0000      635.0937  3132616   11.79%
  83220 56254      717.5064    18      720.0000      635.1537  3202419   11.78%
  84976 57569      669.5717    38      720.0000      635.2254  3278791   11.77%
  86967 59142      682.8356    25      720.0000      635.2807  3353819   11.77%
Elapsed time = 136.14 sec. (174654.17 ticks, tree = 423.75 MB, solutions = 13)
  88768 60546      645.7210    34      720.0000      635.3371  3427574   11.76%
  90724 62061      638.6783    56      720.0000      635.3790  3501361   11.75%
  92646 63521      701.4734    23      720.0000      635.4150  3578330   11.75%
  94359 64827      711.5000    25      720.0000      635.4553  3647516   11.74%
  96251 66277      662.2260    40      720.0000      635.4889  3721189   11.74%
  98121 67783      642.7258    45      720.0000      635.5229  3792814   11.73%
 100296 69454      635.8071    54      720.0000      635.5755  3869192   11.73%
 102467 71145      637.6995    58      720.0000      635.6072  3943884   11.72%
 104466 72736      674.6480    38      720.0000      635.6463  4017213   11.72%
 106128 73979      696.1340    25      720.0000      635.6814  4087649   11.71%
Elapsed time = 165.51 sec. (212821.91 ticks, tree = 538.84 MB, solutions = 13)
 108175 75510      710.7862    29      720.0000      635.7141  4165862   11.71%
 110131 77012      715.3609    28      720.0000      635.7412  4238806   11.70%
 112228 78604      638.8367    62      720.0000      635.7781  4316687   11.70%
 113851 79834      682.9382    27      720.0000      635.8108  4384711   11.69%
 115631 81176      694.8077    36      720.0000      635.8559  4459206   11.69%
 117518 82623      693.8880    36      720.0000      635.9008  4534110   11.68%
 119488 84126      666.6078    36      720.0000      635.9402  4610602   11.67%
 121328 85520      650.1935    65      720.0000      635.9722  4688585   11.67%
 123227 86943      711.1282    16      720.0000      636.0045  4769326   11.67%
 124992 88329      715.2659    26      720.0000      636.0395  4842282   11.66%
Elapsed time = 196.28 sec. (251109.33 ticks, tree = 647.33 MB, solutions = 13)
 126896 89832      642.0118    46      720.0000      636.0595  4915023   11.66%
 128784 91240      712.5000    26      720.0000      636.0875  4989070   11.65%
 130624 92625      647.5918    56      720.0000      636.1181  5065665   11.65%
 132488 94040      636.8945    47      720.0000      636.1433  5136978   11.65%
 134402 95511      673.3190    20      720.0000      636.1763  5210124   11.64%
 136304 96950      675.0403    21      720.0000      636.2033  5287942   11.64%
 137983 98205      651.2644    41      720.0000      636.2381  5360528   11.63%
 139916 99655      672.4429    31      720.0000      636.2760  5438926   11.63%
 141521 100867      713.7198    13      720.0000      636.2979  5511390   11.63%
 143564 102388        cutoff            720.0000      636.3395  5588918   11.62%
Elapsed time = 226.69 sec. (289295.76 ticks, tree = 758.28 MB, solutions = 13)
 145416 103804      646.1512    50      720.0000      636.3696  5666226   11.62%
 147293 105246      651.4681    41      720.0000      636.3953  5737839   11.61%
 149140 106594      693.7460    30      720.0000      636.4291  5810546   11.61%
 151010 108031      638.9358    48      720.0000      636.4583  5888903   11.60%
 152728 109329      692.9341    46      720.0000      636.4850  5959689   11.60%
 154874 110985      650.2123    46      720.0000      636.5112  6038472   11.60%
 156829 112487      683.0099    30      720.0000      636.5504  6111651   11.59%
 158689 113882      710.0000    42      720.0000      636.5874  6186058   11.59%
 160474 115208      654.6474    40      720.0000      636.6235  6263888   11.58%
 162174 116463      651.5030    46      720.0000      636.6637  6333252   11.57%
Elapsed time = 257.10 sec. (327476.76 ticks, tree = 867.10 MB, solutions = 13)
 164157 117916      681.2993    46      720.0000      636.7112  6412479   11.57%
 166036 119298      710.4088    24      720.0000      636.7409  6491354   11.56%
 167853 120606      636.8603    49      720.0000      636.7750  6568225   11.56%
 169635 121969      636.9846    51      720.0000      636.8015  6640556   11.56%
 171561 123409      710.5208    24      720.0000      636.8455  6719814   11.55%
 173439 124841      647.6668    41      720.0000      636.8924  6795606   11.54%
 175043 126005      681.0735    34      720.0000      636.9216  6871209   11.54%
 176865 127342        cutoff            720.0000      636.9561  6945972   11.53%
 178959 128898      718.9382    19      720.0000      636.9962  7024556   11.53%
 180640 130137      715.3862    20      720.0000      637.0181  7098123   11.53%
Elapsed time = 287.21 sec. (365654.07 ticks, tree = 966.59 MB, solutions = 13)
 182467 131499      717.5000    23      720.0000      637.0390  7172721   11.52%
 184317 132849      710.5209    16      720.0000      637.0771  7249612   11.52%
 186047 134093      712.9432    25      720.0000      637.1050  7319095   11.51%
 187961 135494      647.4568    52      720.0000      637.1431  7396746   11.51%
 189767 136802      715.2591    32      720.0000      637.1751  7470455   11.50%
 191783 138276      696.0661    29      720.0000      637.2091  7548068   11.50%
 193681 139679      684.9696    38      720.0000      637.2399  7622473   11.49%
 195677 141192      707.6739    28      720.0000      637.2823  7697203   11.49%
 197648 142637      718.5789    25      720.0000      637.3184  7773064   11.48%
 199488 143993      678.3128    45      720.0000      637.3543  7843788   11.48%
Elapsed time = 317.73 sec. (403887.88 ticks, tree = 1070.28 MB, solutions = 13)
 201378 145307      643.2530    41      720.0000      637.3963  7921729   11.47%
 203238 146666      640.1403    46      720.0000      637.4152  7995961   11.47%
 205275 148207      665.1702    43      720.0000      637.4465  8071830   11.47%
 207236 149659      715.7143    19      720.0000      637.4835  8145297   11.46%
 209204 151033      653.4650    48      720.0000      637.5205  8223687   11.46%
 211074 152441      690.5548    27      720.0000      637.5526  8298785   11.45%
 212858 153736      677.6527    31      720.0000      637.5816  8371113   11.45%
 214690 155070      718.3437    26      720.0000      637.6074  8443116   11.44%
 216746 156574      710.9496    23      720.0000      637.6330  8519613   11.44%
 218721 158009      678.3062    27      720.0000      637.6589  8595811   11.44%
Elapsed time = 348.39 sec. (442073.34 ticks, tree = 1172.82 MB, solutions = 13)
 220645 159405      709.2552    29      720.0000      637.6939  8677163   11.43%
 222488 160803      715.5081    25      720.0000      637.7164  8750758   11.43%
 224488 162264      712.5000    16      720.0000      637.7518  8827603   11.42%
 226452 163708      638.5003    56      720.0000      637.7885  8905032   11.42%
 228277 165049      640.0777    53      720.0000      637.8192  8982711   11.41%
 230055 166307      703.6667    36      720.0000      637.8472  9053255   11.41%
 232189 167857      699.7783    31      720.0000      637.8844  9131557   11.40%
 234205 169381        cutoff            720.0000      637.9173  9203768   11.40%
 236210 170855      655.8714    52      720.0000      637.9651  9283756   11.39%
 238159 172324      712.8630    25      720.0000      637.9937  9358356   11.39%
Elapsed time = 379.14 sec. (480598.19 ticks, tree = 1281.90 MB, solutions = 13)
 240242 173868      644.6779    50      720.0000      638.0188  9435399   11.39%
 242018 175253      698.5483    30      720.0000      638.0291  9506764   11.38%
 244102 176805      639.8634    52      720.0000      638.0501  9581650   11.38%
 245959 178184      709.4071    25      720.0000      638.0758  9651660   11.38%
 248130 179853      639.9037    46      720.0000      638.0870  9731594   11.38%
 250143 181304      708.1811    21      720.0000      638.1215  9809281   11.37%
 252114 182767      682.0407    33      720.0000      638.1432  9883488   11.37%
 254384 184522      665.5359    40      720.0000      638.1668  9962505   11.37%
 256377 186021      638.9559    40      720.0000      638.1878 10035398   11.36%
 258205 187390      671.0567    36      720.0000      638.2121 10106968   11.36%
Elapsed time = 409.78 sec. (518784.79 ticks, tree = 1401.83 MB, solutions = 13)
 260450 189118      715.3623    19      720.0000      638.2386 10183341   11.36%
 262380 190603      715.1154    30      720.0000      638.2576 10258445   11.35%
 264518 192176      710.0000    49      720.0000      638.2792 10359255   11.35%
 266719 193860      710.3537    17      720.0000      638.3006 10461621   11.35%
 268874 195437      639.2720    53      720.0000      638.3251 10563360   11.34%
 270909 196949      638.9816    50      720.0000      638.3473 10658931   11.34%
 272865 198363      667.9769    36      720.0000      638.3687 10762339   11.34%
 274628 199634      648.9276    42      720.0000      638.3901 10858980   11.33%
 276563 201093      645.2220    48      720.0000      638.4151 10965705   11.33%
 278479 202477      703.9289    32      720.0000      638.4349 11065315   11.33%
Elapsed time = 441.02 sec. (556965.99 ticks, tree = 1425.92 MB, solutions = 13)
 280365 203918      672.3768    45      720.0000      638.4471 11166700   11.33%
 282504 205528      684.8837    34      720.0000      638.4739 11270390   11.32%
 284475 206995      715.4435    39      720.0000      638.5000 11371675   11.32%
 286488 208576      693.8550    22      720.0000      638.5108 11463536   11.32%
 288633 210116      639.6275    44      720.0000      638.5410 11568658   11.31%
 290640 211601      710.2400    19      720.0000      638.5645 11667647   11.31%
 292734 213146      638.7232    53      720.0000      638.5949 11764173   11.31%
 294872 214759      718.1778    22      720.0000      638.6229 11867912   11.30%
 296839 216207      693.8550    30      720.0000      638.6473 11967360   11.30%
 298628 217487      715.1610    19      720.0000      638.6749 12066036   11.30%
Elapsed time = 471.56 sec. (595196.23 ticks, tree = 1428.92 MB, solutions = 13)
 300647 218945      669.5714    38      720.0000      638.7037 12169909   11.29%
 302741 220483      705.7016    19      720.0000      638.7303 12269531   11.29%
 304707 221935      715.2886    34      720.0000      638.7583 12368872   11.28%
 306789 223484      700.0434    27      720.0000      638.7790 12469887   11.28%
 308828 225023      717.5000    20      720.0000      638.8033 12568345   11.28%
 310736 226407        cutoff            720.0000      638.8296 12667912   11.27%
 312488 227680      701.1665    32      720.0000      638.8519 12756009   11.27%
 314555 229161      638.8721    46      720.0000      638.8721 12853694   11.27%
 316579 230666      644.7807    47      720.0000      638.8928 12954081   11.26%
 318404 232055      715.3317    26      720.0000      638.9095 13049201   11.26%
Elapsed time = 501.95 sec. (633398.64 ticks, tree = 1433.53 MB, solutions = 13)
 320488 233615      638.9966    56      720.0000      638.9332 13149077   11.26%
 322758 235297      689.4545    40      720.0000      638.9572 13252896   11.26%
 324773 236768        cutoff            720.0000      638.9781 13349202   11.25%
 326858 238309      644.2727    45      720.0000      639.0000 13444044   11.25%
 328736 239675      650.2913    42      720.0000      639.0223 13538262   11.25%
 330763 241136      684.3759    33      720.0000      639.0398 13637692   11.24%
 332569 242463      710.4623    26      720.0000      639.0560 13731133   11.24%
 334517 243880      715.0000    22      720.0000      639.0720 13829100   11.24%
 336488 245385      658.4379    37      720.0000      639.0866 13923994   11.24%
 338568 246939      648.8456    46      720.0000      639.1003 14020266   11.24%
Elapsed time = 532.43 sec. (671796.90 ticks, tree = 1437.44 MB, solutions = 13)
 340421 248312      715.3753    22      720.0000      639.1165 14114389   11.23%
 342386 249770      702.5448    37      720.0000      639.1342 14214974   11.23%
 343930 250889      647.9035    56      720.0000      639.1458 14278279   11.23%
 344638 251410      715.3859    15      720.0000      639.1537 14309092   11.23%
 345261 251868      640.0687    52      720.0000      639.1578 14340569   11.23%
 345788 252249      647.3211    43      720.0000      639.1641 14368825   11.23%
 346388 252695      672.1871    37      720.0000      639.1661 14398310   11.23%
 346888 253068      710.0696    18      720.0000      639.1696 14428172   11.23%
 347488 253505      717.6824    19      720.0000      639.1758 14454060   11.23%
 348124 253977      674.7241    40      720.0000      639.1801 14487374   11.22%
Elapsed time = 565.65 sec. (711579.68 ticks, tree = 1439.14 MB, solutions = 13)
 348504 254275      677.4690    32      720.0000      639.1819 14501274   11.22%
 349488 255022      715.1584    26      720.0000      639.1901 14547604   11.22%
 350054 255421      669.4457    39      720.0000      639.1947 14576402   11.22%
 350588 255831      718.5515    25      720.0000      639.1992 14602885   11.22%
 351417 256420      642.2050    48      720.0000      639.2108 14642280   11.22%
 352157 256961      713.3619    29      720.0000      639.2200 14683077   11.22%
 352488 257202      710.4984    25      720.0000      639.2231 14699391   11.22%
 353188 257714      648.5392    43      720.0000      639.2291 14732098   11.22%
 353988 258291      680.0366    31      720.0000      639.2345 14772480   11.22%
 355832 259640      655.0889    39      720.0000      639.2579 14866732   11.21%
Elapsed time = 599.07 sec. (751033.27 ticks, tree = 1440.60 MB, solutions = 13)

GUB cover cuts applied:  3
Cover cuts applied:  17
Implied bound cuts applied:  53
Flow cuts applied:  123
Mixed integer rounding cuts applied:  29
Lift and project cuts applied:  27

Root node processing (before b&c):
  Real time             =    0.86 sec. (944.64 ticks)
Sequential b&c:
  Real time             =  599.14 sec. (751239.73 ticks)
                          ------------
Total (root+branch&cut) =  600.00 sec. (752184.36 ticks)
