Tried aggregator 2 times.
MIP Presolve eliminated 477 rows and 93 columns.
MIP Presolve modified 157 coefficients.
Aggregator did 25 substitutions.
Reduced MIP has 540 rows, 893 columns, and 3151 nonzeros.
Reduced MIP has 472 binaries, 2 generals, 0 SOSs, and 0 indicators.
Presolve time = 0.00 sec. (4.02 ticks)
Found incumbent of value 3150.000000 after 0.01 sec. (8.67 ticks)
Probing time = 0.00 sec. (2.58 ticks)
Tried aggregator 1 time.
Reduced MIP has 540 rows, 893 columns, and 3151 nonzeros.
Reduced MIP has 472 binaries, 13 generals, 0 SOSs, and 0 indicators.
Presolve time = 0.00 sec. (1.76 ticks)
Probing time = 0.00 sec. (2.51 ticks)
Clique table members: 1885.
MIP emphasis: balance optimality and feasibility.
MIP search method: dynamic search.
Parallel mode: none, using 1 thread.
Root relaxation solution time = 0.01 sec. (8.44 ticks)

        Nodes                                         Cuts/
   Node  Left     Objective  IInf  Best Integer    Best Bound    ItCnt     Gap

*     0+    0                         3150.0000        0.0000      301  100.00%
      0     0      111.1008    90     3150.0000      111.1008      301   96.47%
      0     0      113.7340   100     3150.0000      Cuts: 35      660   96.39%
      0     0      197.9940    89     3150.0000      Cuts: 63     1116   93.71%
      0     0      210.3355    91     3150.0000      Cuts: 56     1301   93.32%
      0     0      210.4338    84     3150.0000      Cuts: 35     1383   93.32%
      0     0      210.4338    93     3150.0000      Cuts: 32     1543   93.32%
      0     0      210.4338    75     3150.0000       Cuts: 9     1585   93.32%
      0     0      210.4338    74     3150.0000      Cuts: 12     1600   93.32%
*     0+    0                         3149.0000      210.4338     1600   93.32%
*     0+    0                          910.0000      210.4338     1600   76.88%
*     0+    0                          850.0000      210.4338     1600   75.24%
*     0+    0                          810.0000      210.4338     1600   74.02%
      0     2      210.4338    73      810.0000      210.4338     1600   74.02%
Elapsed time = 0.96 sec. (1067.45 ticks, tree = 0.00 MB, solutions = 5)
     43    45      490.0000    37      810.0000      210.4338     7016   74.02%
    120   114      327.1245    35      810.0000      215.4997    12234   73.40%
    295   278      225.1512    76      810.0000      215.4997    17637   73.40%
*   482+  302                          800.0000      624.0133    28471   22.00%
    482   303      624.0426    69      800.0000      624.5122    28471   21.94%
    490   303      628.0000    63      800.0000      626.0000    29729   21.75%
    500   306      716.3270    37      800.0000      626.0000    31209   21.75%
    514   310      637.0000    51      800.0000      626.0000    32619   21.75%
    536   313      660.4211    46      800.0000      626.0000    37217   21.75%
    585   334      766.7548    16      800.0000      626.0000    42068   21.75%
*   901   298      integral     0      780.0000      631.0000    60144   19.10%
Elapsed time = 6.22 sec. (7260.56 ticks, tree = 0.85 MB, solutions = 7)
   1432   709      751.1432    15      780.0000      633.8533    78191   18.74%
   1951  1156      751.0000    12      780.0000      634.0000    93201   18.72%
*  1969   951      integral     0      760.0000      634.0000    93716   16.58%
   2609  1506      747.2890    12      760.0000      637.0000   106131   16.18%
   3071  1891      757.7676    22      760.0000      637.4157   124986   16.13%
   3562  2302      716.4509    21      760.0000      637.5066   144103   16.12%
   4164  2816      754.0000    16      760.0000      640.7124   162590   15.70%
   4665  3239      749.0000    29      760.0000      641.1152   182282   15.64%
*  4857  2266      integral     0      750.0000      641.8090   187260   14.43%
   5270  2545      749.0000    21      750.0000      645.7432   212405   13.90%
Elapsed time = 12.71 sec. (15169.07 ticks, tree = 17.43 MB, solutions = 9)
   5698  2888      749.0000    29      750.0000      646.0563   234697   13.86%
   6146  3231      718.4860    25      750.0000      646.6982   257672   13.77%
   6624  3600      748.0000    20      750.0000      652.0792   277809   13.06%
   7088  3971        cutoff            750.0000      652.1380   302305   13.05%
   7572  4345    infeasible            750.0000      652.2092   325519   13.04%
   8028  4711      747.9025    27      750.0000      653.0804   350836   12.92%
   8482  5034      748.0000    19      750.0000      660.2446   372040   11.97%
   8979  5437      748.0000    27      750.0000      660.2958   394261   11.96%
   9540  5902    infeasible            750.0000      660.6253   418238   11.92%
  10027  6292      749.0000    17      750.0000      660.7331   443866   11.90%
Elapsed time = 20.56 sec. (24733.00 ticks, tree = 47.90 MB, solutions = 9)
  10122  6353      747.9025    19      750.0000      661.2602   447883   11.83%
  10628  6758      748.0000    12      750.0000      671.1629   469138   10.51%
  11089  7108      748.0000    15      750.0000      671.1748   496973   10.51%
  11658  7565    infeasible            750.0000      671.2411   523255   10.50%
  12069  7889      748.0741    29      750.0000      671.3661   548246   10.48%
  12524  8259      748.0000    17      750.0000      671.6199   573075   10.45%
  13068  8605      679.7067    30      750.0000      676.0000   595215    9.87%
  13590  8910        cutoff            750.0000      686.3507   614624    8.49%
  14039  9251      748.0955    14      750.0000      686.3507   638641    8.49%
  14543  9666      748.0000    21      750.0000      686.3983   661361    8.48%
Elapsed time = 29.97 sec. (35660.76 ticks, tree = 76.14 MB, solutions = 9)
  15114 10111      748.0000    24      750.0000      686.4743   686593    8.47%
  15762 10656      748.0000     9      750.0000      686.8285   710663    8.42%
  16428 11125      698.0000    27      750.0000      698.0000   734255    6.93%
  16958 11543      748.0000    22      750.0000      709.2346   757185    5.44%
  17491 11967    infeasible            750.0000      709.2427   780337    5.43%
  18061 12432      748.0000    29      750.0000      709.3573   802563    5.42%
  18522 12765      747.7521    24      750.0000      709.4951   824849    5.40%
  19076 13203      748.3281    20      750.0000      709.5700   847300    5.39%
  19574 13605      720.5000    38      750.0000      710.0000   870947    5.33%
  20160 14022      748.0000    21      750.0000      716.3270   892287    4.49%
Elapsed time = 37.82 sec. (45234.03 ticks, tree = 109.16 MB, solutions = 9)
  20607 14357      747.7521    17      750.0000      716.3270   913625    4.49%
  21079 14745      748.0000    20      750.0000      716.3270   938260    4.49%
  21558 15102    infeasible            750.0000      716.3270   960535    4.49%
  22098 15509      748.0000    15      750.0000      716.3270   982439    4.49%
  22502 15789      747.9242    15      750.0000      716.3270  1002105    4.49%
  22956 16133      748.0000    21      750.0000      716.3270  1023485    4.49%
  23435 16502      747.7521    27      750.0000      716.4509  1045308    4.47%
  23888 16842      747.5000    29      750.0000      716.4509  1065498    4.47%
  24409 17254      748.0000    30      750.0000      716.4509  1089049    4.47%
  24812 17582      748.0000    32      750.0000      716.4509  1110032    4.47%
Elapsed time = 45.66 sec. (54785.57 ticks, tree = 140.22 MB, solutions = 9)
  25306 17974      749.0000    26      750.0000      716.4509  1136056    4.47%
  25832 18387      748.0000    26      750.0000      716.4509  1158813    4.47%
  26310 18750      747.5000    30      750.0000      716.4509  1183734    4.47%
  26745 19086      748.0000    24      750.0000      716.4509  1203324    4.47%
  27341 19523      749.0000    15      750.0000      716.4509  1226502    4.47%
  27794 19869      748.0000    10      750.0000      716.4509  1246826    4.47%
  28318 20272      748.0000    20      750.0000      716.4509  1269191    4.47%
  28788 20595      748.0000    24      750.0000      716.4509  1291707    4.47%
  29304 20966        cutoff            750.0000      716.4509  1312950    4.47%
  29776 21334      749.0000    27      750.0000      716.4509  1335380    4.47%
Elapsed time = 53.55 sec. (64337.49 ticks, tree = 168.51 MB, solutions = 9)
  30272 21692      749.0000    17      750.0000      716.4509  1358888    4.47%
  30829 22091      747.7521    16      750.0000      716.4568  1378691    4.47%
  31452 22550      749.0000    33      750.0000      716.4568  1400104    4.47%
  32107 22988      747.7521    26      750.0000      716.4739  1421185    4.47%
  32618 23347    infeasible            750.0000      716.4739  1437991    4.47%
  33215 23801      747.7521    28      750.0000      716.4739  1459990    4.47%
  33799 24248        cutoff            750.0000      716.4739  1480060    4.47%
  34387 24678      747.9025    32      750.0000      716.6128  1501924    4.45%
  34946 25069      749.0000    26      750.0000      716.7500  1520983    4.43%
  35350 25344      748.0000    28      750.0000      716.7500  1544080    4.43%
Elapsed time = 61.35 sec. (73890.83 ticks, tree = 203.60 MB, solutions = 9)
  35816 25659      747.7521    23      750.0000      716.8736  1565225    4.42%
  36356 25985      747.7556    13      750.0000      716.9991  1583257    4.40%
  36870 26281      747.7521    15      750.0000      717.1281  1602991    4.38%
  37394 26665      748.0000    32      750.0000      717.1281  1623358    4.38%
  37922 27071      747.7521    21      750.0000      717.1281  1643817    4.38%
  38459 27481        cutoff            750.0000      717.1281  1665954    4.38%
  39084 27968        cutoff            750.0000      717.4508  1681841    4.34%
  39482 28187      749.0000    13      750.0000      717.6957  1704080    4.31%
  39820 28270        cutoff            750.0000      718.0000  1728289    4.27%
  40662 28022      747.7521    22      750.0000      747.2833  1746875    0.36%
Elapsed time = 69.15 sec. (83454.72 ticks, tree = 225.76 MB, solutions = 9)
  41121 28332      748.0000    32      750.0000      747.2833  1768079    0.36%
  41681 28719      747.7521    24      750.0000      747.2833  1789751    0.36%
  42177 29070      748.0000    27      750.0000      747.2833  1810899    0.36%
  42665 29379      749.0000    17      750.0000      747.2833  1832549    0.36%
  43113 29659      748.0000    17      750.0000      747.2833  1853658    0.36%
  43549 29928      747.7521    16      750.0000      747.2833  1871642    0.36%
  44004 30222      748.3333    20      750.0000      747.2833  1891579    0.36%
  44482 30535      747.7537    16      750.0000      747.2833  1911174    0.36%
  45041 30928      747.7521    19      750.0000      747.2833  1930617    0.36%
  46902 32060      747.7521    23      750.0000      747.2833  2006296    0.36%
Elapsed time = 79.19 sec. (95894.32 ticks, tree = 256.84 MB, solutions = 9)
  48815 33212    infeasible            750.0000      747.2833  2079907    0.36%
  50844 34453      747.7521    21      750.0000      747.2833  2152750    0.36%
  52785 35563      747.7521    17      750.0000      747.2833  2231567    0.36%
  54606 36545      748.0000    22      750.0000      747.3284  2301506    0.36%
  56117 37563      749.0000     9      750.0000      747.3284  2387071    0.36%
  57883 38735      748.3333    29      750.0000      747.3324  2478844    0.36%
  59753 39724      749.0000     9      750.0000      747.5000  2569559    0.33%
  61357 40455    infeasible            750.0000      747.5000  2660260    0.33%
  63278 41378      748.0000    28      750.0000      747.5000  2743770    0.33%
  65245 42239      749.0000    10      750.0000      747.5000  2830529    0.33%
Elapsed time = 110.32 sec. (134098.98 ticks, tree = 343.61 MB, solutions = 9)
  67237 43151      747.6369    23      750.0000      747.5000  2919405    0.33%
  69197 44069      748.3333    15      750.0000      747.5000  3007470    0.33%
  71093 44860    infeasible            750.0000      747.5000  3089884    0.33%
  73182 45791      748.3333    13      750.0000      747.5000  3176710    0.33%
  75331 46842      749.0000    26      750.0000      747.5000  3261236    0.33%
  77462 47740    infeasible            750.0000      747.5000  3349295    0.33%
  79627 48630    infeasible            750.0000      747.5000  3430490    0.33%
  81822 49624      748.3333    18      750.0000      747.5000  3513844    0.33%
  84200 50689    infeasible            750.0000      747.5000  3596156    0.33%
  86642 51843    infeasible            750.0000      747.5000  3673723    0.33%
Elapsed time = 141.35 sec. (172309.84 ticks, tree = 427.87 MB, solutions = 9)
  89239 53077        cutoff            750.0000      747.5000  3763879    0.33%
  91681 54225      749.0000    24      750.0000      747.5000  3849630    0.33%
  94251 55289      748.3333    23      750.0000      747.5000  3939068    0.33%
  96818 56414    infeasible            750.0000      747.5000  4021268    0.33%
  99589 57530      749.0000    22      750.0000      747.5000  4107440    0.33%
 102311 58704      748.8889    27      750.0000      747.5000  4191370    0.33%
 105077 59309      747.9204    19      750.0000      747.7521  4267832    0.30%
 107662 60013      747.7521    18      750.0000      747.7521  4340060    0.30%
 110163 60492      747.9025    26      750.0000      747.7521  4415183    0.30%
 112322 60899      747.7521    26      750.0000      747.7521  4483182    0.30%
Elapsed time = 172.29 sec. (210480.31 ticks, tree = 506.97 MB, solutions = 9)
 114807 61462        cutoff            750.0000      747.7521  4556925    0.30%
 117336 62097      747.7626    18      750.0000      747.7521  4631951    0.30%
 119904 62903        cutoff            750.0000      747.7521  4706897    0.30%
 122348 63596        cutoff            750.0000      747.7521  4782529    0.30%
 124802 64293      747.7521    21      750.0000      747.7521  4855575    0.30%
 127159 64926      747.9025    25      750.0000      747.7521  4930031    0.30%
 129532 65669      747.9292    19      750.0000      747.7521  4998680    0.30%
 132028 66403      747.7521    17      750.0000      747.7521  5072951    0.30%
 134411 66964      747.7521    29      750.0000      747.7521  5149796    0.30%
 136556 67417      747.7521    19      750.0000      747.7521  5218550    0.30%
Elapsed time = 202.98 sec. (248647.09 ticks, tree = 561.27 MB, solutions = 9)
 138762 67925      747.9100    11      750.0000      747.7521  5294232    0.30%
 140862 68216      747.9313    19      750.0000      747.7521  5369947    0.30%
 143139 68663        cutoff            750.0000      747.7521  5447985    0.30%
 145447 68994        cutoff            750.0000      747.7521  5525213    0.30%
 147603 69191      747.9391    22      750.0000      747.7521  5600727    0.30%
 149900 69443      747.9070    19      750.0000      747.7521  5677717    0.30%
 152152 69652      747.7521    19      750.0000      747.7521  5757109    0.30%
 154283 69897        cutoff            750.0000      747.7521  5834226    0.30%
 156344 70118      747.7521    16      750.0000      747.7521  5909584    0.30%
 158475 70340      748.6099    25      750.0000      747.7521  5989514    0.30%
Elapsed time = 233.61 sec. (286818.44 ticks, tree = 585.62 MB, solutions = 9)
 160627 70520      747.7521    21      750.0000      747.7521  6067311    0.30%
 162683 70564        cutoff            750.0000      747.7521  6147152    0.30%
 164711 70786      747.7521    16      750.0000      747.7521  6225639    0.30%
 166707 70862        cutoff            750.0000      747.7521  6303125    0.30%
 168797 71047      747.9025    22      750.0000      747.7521  6380603    0.30%
 170906 71306      747.9025    19      750.0000      747.7521  6456509    0.30%
 173330 70757      747.9423    24      750.0000      747.7587  6533043    0.30%
 176272 69609      747.9025    21      750.0000      747.7693  6607157    0.30%
 178581 70368        cutoff            750.0000      747.7693  6682765    0.30%
 180676 70957      747.9025    20      750.0000      747.7693  6761491    0.30%
Elapsed time = 264.50 sec. (324978.09 ticks, tree = 577.27 MB, solutions = 9)
 183482 69920      747.9025    15      750.0000      747.9025  6839058    0.28%
 188538 67880        cutoff            750.0000      747.9025  6924785    0.28%
 193020 66999        cutoff            750.0000      747.9025  7007513    0.28%
 197266 66164        cutoff            750.0000      747.9025  7091626    0.28%
 201682 64799        cutoff            750.0000      747.9025  7179858    0.28%
 205890 64327        cutoff            750.0000      747.9025  7268758    0.28%
 210934 61973    infeasible            750.0000      747.9184  7338764    0.28%
 218897 55904        cutoff            750.0000      747.9385  7405526    0.27%
 227775 48224        cutoff            750.0000      747.9786  7468993    0.27%
 228745 48326      748.0000    23      750.0000      748.0000  7569330    0.27%
Elapsed time = 296.88 sec. (363142.36 ticks, tree = 398.16 MB, solutions = 9)
 229589 48625        cutoff            750.0000      748.0000  7665995    0.27%
 230357 48826      748.0000    22      750.0000      748.0000  7772731    0.27%
 231255 48756        cutoff            750.0000      748.0000  7885968    0.27%
 232237 48640      748.0000    28      750.0000      748.0000  8007884    0.27%
 233172 48538      748.0000    25      750.0000      748.0000  8128003    0.27%
 234141 48494    infeasible            750.0000      748.0000  8242942    0.27%
 235029 48306        cutoff            750.0000      748.0000  8363365    0.27%
 236003 48182    infeasible            750.0000      748.0000  8483974    0.27%
 236964 48073        cutoff            750.0000      748.0000  8604652    0.27%
 237984 47961        cutoff            750.0000      748.0000  8730054    0.27%
Elapsed time = 329.95 sec. (401319.51 ticks, tree = 376.60 MB, solutions = 9)
 238892 47820      748.0000    12      750.0000      748.0000  8850449    0.27%
 239944 47827    infeasible            750.0000      748.0000  8971112    0.27%
 240864 47721      748.0000    19      750.0000      748.0000  9093105    0.27%
 241562 47646        cutoff            750.0000      748.0000  9194472    0.27%
 242269 47582      748.0000    24      750.0000      748.0000  9299463    0.27%
 243070 47556        cutoff            750.0000      748.0000  9398448    0.27%
 243861 47473    infeasible            750.0000      748.0000  9503837    0.27%
 244577 47319        cutoff            750.0000      748.0000  9612653    0.27%
 245332 47279    infeasible            750.0000      748.0000  9716230    0.27%
 246086 47239        cutoff            750.0000      748.0000  9817262    0.27%
Elapsed time = 362.53 sec. (439492.62 ticks, tree = 365.64 MB, solutions = 9)
 246845 47181      748.0000     9      750.0000      748.0000  9918913    0.27%
 247500 47134    infeasible            750.0000      748.0000 10020346    0.27%
 248223 47029      748.0000    23      750.0000      748.0000 10124766    0.27%
 248925 46850        cutoff            750.0000      748.0000 10233414    0.27%
 249660 46757      748.8889    24      750.0000      748.0000 10335704    0.27%
 250380 46651    infeasible            750.0000      748.0000 10438046    0.27%
 251138 46591      748.0000    25      750.0000      748.0000 10541945    0.27%
 251819 46537      748.0000    24      750.0000      748.0000 10647382    0.27%
 252576 46532      748.0000    18      750.0000      748.0000 10746129    0.27%
 253385 46535    infeasible            750.0000      748.0000 10845513    0.27%
Elapsed time = 394.93 sec. (477688.48 ticks, tree = 358.67 MB, solutions = 9)
 254175 46481        cutoff            750.0000      748.0000 10947513    0.27%
 254882 46480      748.0000    28      750.0000      748.0000 11047883    0.27%
 255681 46521      748.0000    24      750.0000      748.0000 11145066    0.27%
 256488 46479      748.0000    25      750.0000      748.0000 11252900    0.27%
 257250 46401    infeasible            750.0000      748.0000 11360311    0.27%
 257973 46301        cutoff            750.0000      748.0000 11466274    0.27%
 258695 46209      748.0000    18      750.0000      748.0000 11571570    0.27%
 259509 46153        cutoff            750.0000      748.0000 11675287    0.27%
 260297 46094      748.0000    35      750.0000      748.0000 11779387    0.27%
 261016 46053      748.0000    22      750.0000      748.0000 11874563    0.27%
Elapsed time = 427.22 sec. (515884.95 ticks, tree = 352.95 MB, solutions = 9)
 261760 45963        cutoff            750.0000      748.0000 11976707    0.27%
 262546 45879        cutoff            750.0000      748.0000 12083459    0.27%
 263293 45771      748.0000    21      750.0000      748.0000 12190432    0.27%
 263963 45659        cutoff            750.0000      748.0000 12297812    0.27%
 264735 45583      748.0000    22      750.0000      748.0000 12404781    0.27%
 265423 45494    infeasible            750.0000      748.0000 12508495    0.27%
 266187 45486        cutoff            750.0000      748.0000 12611762    0.27%
 267023 45496      748.8889    19      750.0000      748.0000 12711965    0.27%
 267751 45431    infeasible            750.0000      748.0000 12815702    0.27%
 268477 45367        cutoff            750.0000      748.0000 12920821    0.27%
Elapsed time = 459.47 sec. (554070.45 ticks, tree = 346.65 MB, solutions = 9)
 269168 45207        cutoff            750.0000      748.0000 13027241    0.27%
 269932 45160      748.0000    19      750.0000      748.0000 13132382    0.27%
 270634 45063        cutoff            750.0000      748.0000 13236344    0.27%
 271390 45020      748.0000    23      750.0000      748.0000 13340203    0.27%
 272159 44980      748.0000    28      750.0000      748.0000 13440884    0.27%
 272845 44899        cutoff            750.0000      748.0000 13536934    0.27%
 273597 44855      748.0000    25      750.0000      748.0000 13636253    0.27%
 274342 44750    infeasible            750.0000      748.0000 13739668    0.27%
 275099 44600    infeasible            750.0000      748.0000 13848357    0.27%
 275853 44524        cutoff            750.0000      748.0000 13954221    0.27%
Elapsed time = 491.87 sec. (592273.65 ticks, tree = 339.21 MB, solutions = 9)
 276563 44400    infeasible            750.0000      748.0000 14059766    0.27%
 277328 44328      748.0000    26      750.0000      748.0000 14161768    0.27%
 278003 44252        cutoff            750.0000      748.0000 14263647    0.27%
 278740 44251        cutoff            750.0000      748.0000 14356925    0.27%
 279544 44195      748.0000    26      750.0000      748.0000 14460336    0.27%
 280251 44101    infeasible            750.0000      748.0000 14562216    0.27%
 280965 44030      748.0000    22      750.0000      748.0000 14665344    0.27%
 281728 43918        cutoff            750.0000      748.0000 14769393    0.27%
 282449 43823      748.0000    33      750.0000      748.0000 14875131    0.27%
 283197 43681    infeasible            750.0000      748.0000 14980429    0.27%
Elapsed time = 524.30 sec. (630471.98 ticks, tree = 332.71 MB, solutions = 9)
 283947 43591      748.0000    21      750.0000      748.0000 15081730    0.27%
 284652 43532      748.0000    24      750.0000      748.0000 15181277    0.27%
 285391 43504    infeasible            750.0000      748.0000 15281962    0.27%
 286127 43384        cutoff            750.0000      748.0000 15385420    0.27%
 286835 43252      748.0000    15      750.0000      748.0000 15488720    0.27%
 287472 43157      748.0000    36      750.0000      748.0000 15588424    0.27%
 288197 43078    infeasible            750.0000      748.0000 15683799    0.27%
 288780 43044      748.0000    16      750.0000      748.0000 15763893    0.27%
 289382 43041      748.0000    27      750.0000      748.0000 15833514    0.27%
 289782 42989      748.5226    21      750.0000      748.0000 15885838    0.27%
Elapsed time = 557.33 sec. (668738.49 ticks, tree = 327.46 MB, solutions = 9)
 290298 42977    infeasible            750.0000      748.0000 15948794    0.27%
 290985 42865        cutoff            750.0000      748.0000 16050462    0.27%
 291572 42801        cutoff            750.0000      748.0000 16132426    0.27%
 292030 42745        cutoff            750.0000      748.0000 16197892    0.27%
 292501 42667        cutoff            750.0000      748.0000 16260104    0.27%
 292882 42588      748.3333    26      750.0000      748.0000 16321315    0.27%
 293382 42512      748.0000    25      750.0000      748.0000 16391200    0.27%
 293870 42440      748.0000    36      750.0000      748.0000 16459602    0.27%
 294388 42301    infeasible            750.0000      748.0000 16541068    0.27%
 294982 42179      748.3333    14      750.0000      748.0000 16634296    0.27%
Elapsed time = 592.15 sec. (708633.92 ticks, tree = 322.20 MB, solutions = 9)
 295598 42033        cutoff            750.0000      748.0000 16732664    0.27%
 296082 41986      748.7268    22      750.0000      748.0000 16800650    0.27%

GUB cover cuts applied:  1
Clique cuts applied:  1
Cover cuts applied:  13
Implied bound cuts applied:  33
Flow cuts applied:  96
Mixed integer rounding cuts applied:  27
Lift and project cuts applied:  23

Root node processing (before b&c):
  Real time             =    0.96 sec. (1067.47 ticks)
Sequential b&c:
  Real time             =  599.04 sec. (717055.44 ticks)
                          ------------
Total (root+branch&cut) =  600.00 sec. (718122.91 ticks)
