Tried aggregator 2 times.
MIP Presolve eliminated 1004 rows and 106 columns.
MIP Presolve modified 526 coefficients.
Aggregator did 38 substitutions.
Reduced MIP has 1055 rows, 1879 columns, and 6706 nonzeros.
Reduced MIP has 954 binaries, 2 generals, 0 SOSs, and 0 indicators.
Presolve time = 0.01 sec. (8.19 ticks)
Found incumbent of value 4000.000000 after 0.02 sec. (16.59 ticks)
Probing time = 0.01 sec. (9.04 ticks)
Tried aggregator 1 time.
MIP Presolve eliminated 2 rows and 2 columns.
Reduced MIP has 1053 rows, 1877 columns, and 6702 nonzeros.
Reduced MIP has 952 binaries, 24 generals, 0 SOSs, and 0 indicators.
Presolve time = 0.00 sec. (3.75 ticks)
Probing time = 0.00 sec. (3.19 ticks)
Clique table members: 718.
MIP emphasis: balance optimality and feasibility.
MIP search method: dynamic search.
Parallel mode: none, using 1 thread.
Root relaxation solution time = 0.06 sec. (40.16 ticks)

        Nodes                                         Cuts/
   Node  Left     Objective  IInf  Best Integer    Best Bound    ItCnt     Gap

*     0+    0                         4000.0000        0.0000      764  100.00%
      0     0      124.2626   112     4000.0000      124.2626      764   96.89%
      0     0      125.9368   113     4000.0000      Cuts: 43     1763   96.85%
      0     0      230.5642   119     4000.0000      Cuts: 92     2642   94.24%
      0     0      239.3496   105     4000.0000      Cuts: 76     2834   94.02%
*     0+    0                         2980.0000      239.3496     2834   91.97%
*     0+    0                         2640.0000      239.3496     2834   90.93%
      0     0      239.3496   106     2640.0000      Cuts: 21     2877   90.93%
      0     0      239.5869   101     2640.0000      Cuts: 54     3273   90.92%
      0     0      239.5869   101     2640.0000      Cuts: 16     3317   90.92%
      0     2      239.5869   100     2640.0000      239.5869     3317   90.92%
Elapsed time = 1.04 sec. (1316.42 ticks, tree = 0.00 MB, solutions = 3)
     26    28      419.0687    57     2640.0000      243.4426     6410   90.78%
     64    66      430.6744    47     2640.0000      243.4426    10797   90.78%
     90    92      431.3207    44     2640.0000      243.4426    14885   90.78%
    109   111      496.7630    38     2640.0000      243.4426    20436   90.78%
    145   147      641.1000    43     2640.0000      243.4426    26002   90.78%
    172   174      603.7534    30     2640.0000      243.4426    32014   90.78%
*   180+  180                         2160.0000      243.4426    33336   88.73%
    192   194     1502.1500    13     2160.0000      243.4426    37148   88.73%
    220   213      257.0453    90     2160.0000      243.4426    40622   88.73%
    240   233      274.2643    82     2160.0000      243.4426    42838   88.73%
*   280+  265                         1390.0000      243.4426    48063   82.49%
*   280+  264                         1350.0000      243.4426    48063   81.97%
    469   444      661.9839   101     1350.0000      664.1708    74440   50.80%
Elapsed time = 7.09 sec. (9402.20 ticks, tree = 1.08 MB, solutions = 6)
    479   447      878.0000    95     1350.0000      666.7118    76341   50.61%
    527   469     1280.0000    39     1350.0000      666.7118    79142   50.61%
    575   483     1282.6556    27     1350.0000      666.7118    95383   50.61%
    673   473     1227.4863    67     1350.0000      666.7118   119135   50.61%
    731   500     1272.5781    35     1350.0000      666.7118   126910   50.61%
    830   520     1309.4360    20     1350.0000      666.7118   143176   50.61%
    983   595     1280.2402    35     1350.0000      669.4436   151933   50.41%
   1099   638     1290.5312    58     1350.0000      669.9943   166468   50.37%
   1244   709     1342.3655    24     1350.0000      669.9943   180250   50.37%
   1368   757     1298.0000    19     1350.0000      672.3888   194500   50.19%
Elapsed time = 14.29 sec. (19087.82 ticks, tree = 7.98 MB, solutions = 6)
   1498   859     1266.9965    38     1350.0000      675.5733   208275   49.96%
   1669  1009     1265.1039    42     1350.0000      679.0275   220834   49.70%
   1937  1248     1277.2424    18     1350.0000      679.6536   234203   49.66%
   2133  1420     1306.0000    35     1350.0000      683.1771   247281   49.39%
   2272  1541     1291.8997    16     1350.0000      683.4435   261520   49.37%
   2459  1699     1320.6281    36     1350.0000      683.4652   274669   49.37%
   2747  1973     1291.7413    30     1350.0000      689.6847   284153   48.91%
   3037  2223     1264.5137    67     1350.0000      691.3380   298192   48.79%
   3261  2432     1334.7803    38     1350.0000      692.1378   311446   48.73%
   3538  2690     1273.4480    39     1350.0000      697.6186   323695   48.32%
Elapsed time = 21.36 sec. (28689.46 ticks, tree = 32.29 MB, solutions = 6)
   3789  2925     1340.7216    34     1350.0000      701.7881   337329   48.02%
   3949  3069     1337.0912    15     1350.0000      702.6346   353923   47.95%
   4363  3448     1313.3333    51     1350.0000      708.8434   366518   47.49%
   4629  3685     1291.2910    26     1350.0000      714.7275   378670   47.06%
   4817  3854     1310.8652    22     1350.0000      715.7723   391982   46.98%
   5115  4117     1337.5500    23     1350.0000      719.8437   404184   46.68%
   5355  4347     1227.4355    68     1350.0000      722.4915   415586   46.48%
   5541  4518     1129.7032    65     1350.0000      723.0247   427522   46.44%
   5757  4713     1306.7778    49     1350.0000      723.0247   440350   46.44%
   6113  5047     1291.3815    19     1350.0000      723.0247   450501   46.44%
Elapsed time = 28.72 sec. (38338.80 ticks, tree = 68.37 MB, solutions = 6)
   6432  5345     1303.6856    31     1350.0000      724.9203   462117   46.30%
   6628  5521     1334.4949    30     1350.0000      731.1978   475632   45.84%
   6874  5753     1313.7012    31     1350.0000      732.3196   487214   45.75%
   7131  5992     1290.5072    33     1350.0000      732.3196   499806   45.75%
   7332  6173     1123.9245    66     1350.0000      732.7903   512960   45.72%
*  7469+ 4961                         1320.0000      733.2528   517368   44.45%
   7645  5123     1314.1724    49     1320.0000      740.6400   524780   43.89%
   7937  5382     1103.9476    63     1320.0000      742.2091   536253   43.77%
   8187  5619     1287.0133    52     1320.0000      742.2091   547763   43.77%
   8413  5837     1284.9246    31     1320.0000      742.2193   560845   43.77%
   8657  6063     1295.9584    28     1320.0000      742.8396   570679   43.72%
Elapsed time = 35.89 sec. (47952.33 ticks, tree = 86.16 MB, solutions = 7)
   8897  6277     1231.0348    62     1320.0000      750.5636   582525   43.14%
   9137  6485     1286.8552    21     1320.0000      750.5636   594326   43.14%
   9426  6756     1267.6564    40     1320.0000      751.8032   605105   43.05%
   9639  6963     1296.9001    14     1320.0000      751.8032   617739   43.05%
   9809  7114     1105.5779    43     1320.0000      753.6218   630367   42.91%
   9850  7155     1102.7676    63     1320.0000      753.8339   633768   42.89%
  10108  7399     1318.0221    25     1320.0000      754.4579   644824   42.84%
  10398  7668     1274.1247    18     1320.0000      764.2335   657179   42.10%
  10629  7879     1270.0414    47     1320.0000      765.6143   668096   42.00%
  11023  8248     1098.2519    79     1320.0000      766.0057   680787   41.97%
Elapsed time = 43.53 sec. (58095.56 ticks, tree = 120.13 MB, solutions = 7)
  11299  8500     1277.0353    23     1320.0000      767.3822   692922   41.86%
  11469  8643     1310.2331    40     1320.0000      767.9867   705750   41.82%
  11832  8978     1273.7252    57     1320.0000      768.2418   717951   41.80%
  12129  9251     1114.0584    69     1320.0000      768.5870   732866   41.77%
  12456  9545     1280.8626    46     1320.0000      770.4504   745869   41.63%
  12739  9807     1138.2825    78     1320.0000      778.9957   755361   40.99%
  13086 10136     1294.3438    25     1320.0000      778.9957   769304   40.99%
  13354 10377     1097.7412    72     1320.0000      781.5127   782905   40.79%
* 13469+ 8371                         1310.0000      781.5127   788020   40.34%
  13624  8524     1294.0000    26     1310.0000      781.7449   793120   40.32%
  13792  8674     1129.7032    71     1310.0000      781.7449   806568   40.32%
Elapsed time = 50.92 sec. (67802.15 ticks, tree = 127.02 MB, solutions = 8)
  14181  9049     1300.8353    36     1310.0000      781.8208   816376   40.32%
  14359  9208     1305.1211    20     1310.0000      782.5211   828797   40.27%
  14531  9360     1283.9649    25     1310.0000      785.0807   838268   40.07%
  14854  9656     1296.7954    31     1310.0000      798.4024   849936   39.05%
  15185  9964     1108.4933    54     1310.0000      798.5087   860955   39.05%
  15435 10193     1273.3333    54     1310.0000      799.8905   874292   38.94%
  15732 10472     1273.3333    36     1310.0000      800.8267   885015   38.87%
  15982 10707     1108.3742    65     1310.0000      801.0095   899084   38.85%
  16186 10888     1297.4707    23     1310.0000      802.7110   911054   38.72%
  16463 11128     1242.0547    55     1310.0000      804.5573   924221   38.58%
Elapsed time = 57.99 sec. (77368.89 ticks, tree = 165.15 MB, solutions = 8)
  16746 11394     1272.3749    39     1310.0000      816.7257   933137   37.65%
  17116 11744     1300.0000    44     1310.0000      817.2839   945876   37.61%
  17491 12107     1301.5280    34     1310.0000      817.2839   958774   37.61%
  17809 12400     1270.0000    51     1310.0000      820.4436   972853   37.37%
  18152 12719     1270.4730    36     1310.0000      820.4436   985989   37.37%
  18388 12937     1097.7412    62     1310.0000      821.1553   999783   37.32%
  18751 13275     1307.8425    31     1310.0000      822.5956  1011226   37.21%
  19022 13524     1303.5146    23     1310.0000      824.0850  1025548   37.09%
  19329 13815     1273.4468    42     1310.0000      824.7130  1038886   37.04%
  19623 14102     1012.4438    65     1310.0000      824.7130  1047915   37.04%
Elapsed time = 65.29 sec. (86965.48 ticks, tree = 211.37 MB, solutions = 8)
  19918 14377     1274.5333    42     1310.0000      824.7130  1060276   37.04%
  20243 14683     1300.7304    11     1310.0000      825.3728  1073514   36.99%
  20469 14892     1273.5597    44     1310.0000      826.5073  1083841   36.91%
  20856 15259     1297.5360    22     1310.0000      826.8221  1096954   36.88%
  21165 15544     1304.1118    17     1310.0000      828.4549  1110404   36.76%
  21469 15820     1267.8272    37     1310.0000      836.4054  1120781   36.15%
  21779 16118     1271.8878    48     1310.0000      839.0999  1134516   35.95%
  22191 16510     1286.6667    27     1310.0000      850.9559  1149093   35.04%
  22390 16687     1306.7234    37     1310.0000      850.9559  1162313   35.04%
  23487 17708     1296.9124    58     1310.0000      855.7037  1205729   34.68%
Elapsed time = 74.83 sec. (99510.84 ticks, tree = 268.13 MB, solutions = 8)
  24763 18885     1222.8230    58     1310.0000      870.0424  1250132   33.58%
  26078 20131     1274.0023    31     1310.0000      883.8156  1297423   32.53%
  27294 21272     1273.5387    41     1310.0000      891.3466  1348955   31.96%
* 27469+18646                         1300.0000      891.3466  1355282   31.43%
  28251 19323     1108.4933    55     1300.0000      894.9183  1401586   31.16%
  29449 20389     1267.1718    51     1300.0000      904.9808  1453661   30.39%
  30807 21678     1283.3333    26     1300.0000      905.8778  1501063   30.32%
  32226 22999     1284.4490    62     1300.0000      914.3263  1554161   29.67%
  33552 24229     1277.3422    30     1300.0000      934.8479  1594457   28.09%
  34913 25496     1297.4305    24     1300.0000      936.2212  1638399   27.98%
  36144 26575     1277.0041    38     1300.0000      944.6398  1684379   27.34%
Elapsed time = 103.50 sec. (137752.16 ticks, tree = 401.62 MB, solutions = 9)
  37469 27725     1202.2682    53     1300.0000      956.9357  1728773   26.39%
  39115 29222     1294.9816    35     1300.0000      993.5109  1774605   23.58%
  40672 30666     1277.4404    40     1300.0000     1005.5935  1826275   22.65%
  42064 31886     1283.3333    35     1300.0000     1016.3834  1878189   21.82%
  43490 33171     1292.2007    39     1300.0000     1022.2909  1928674   21.36%
  44945 34433     1256.6791    32     1300.0000     1071.2251  1981745   17.60%
  46469 35831     1269.2287    40     1300.0000     1074.9610  2029505   17.31%
  48314 37536     1294.1067    40     1300.0000     1095.5411  2072654   15.73%
  49651 38704     1283.3333    34     1300.0000     1095.5411  2115955   15.73%
  51469 40402     1267.5883    43     1300.0000     1097.0189  2162547   15.61%
Elapsed time = 131.70 sec. (176452.82 ticks, tree = 611.77 MB, solutions = 9)
  52973 41752     1287.3483    31     1300.0000     1097.7412  2211053   15.56%
  54342 43056     1292.3483    43     1300.0000     1097.7412  2258902   15.56%
  55522 44139     1097.7412    75     1300.0000     1097.7412  2308676   15.56%
  56799 45314     1226.0797    54     1300.0000     1097.7412  2360272   15.56%
  58133 46523     1290.1227    32     1300.0000     1097.7412  2407997   15.56%
  59499 47754     1267.2062    47     1300.0000     1097.7412  2456616   15.56%
  60671 48799     1108.8785    84     1300.0000     1097.7412  2501211   15.56%
  61746 49762     1277.4913    32     1300.0000     1097.7412  2548158   15.56%
  62899 50776     1112.6064    57     1300.0000     1097.7412  2593060   15.56%
  64339 52111     1280.4326    29     1300.0000     1097.7412  2639543   15.56%
Elapsed time = 159.47 sec. (214682.27 ticks, tree = 785.83 MB, solutions = 9)
  65888 53533     1293.9980    25     1300.0000     1097.7412  2682465   15.56%
  67201 54763     1293.8257    41     1300.0000     1097.7619  2733462   15.56%
  68393 55848     1294.6699    64     1300.0000     1098.2519  2782281   15.52%
  70066 57380     1267.9459    62     1300.0000     1099.2170  2825698   15.44%
  71523 58720     1269.9246    38     1300.0000     1099.2170  2871944   15.44%
  73166 60228     1294.0083    46     1300.0000     1099.2170  2918782   15.44%
  74646 61623     1291.1573    31     1300.0000     1099.9035  2969092   15.39%
  76019 62875     1283.3333    33     1300.0000     1099.9035  3011648   15.39%
  77001 63752     1278.0917    39     1300.0000     1099.9035  3056299   15.39%
  78027 64662     1273.6672    39     1300.0000     1099.9035  3098224   15.39%
Elapsed time = 187.28 sec. (252907.07 ticks, tree = 988.61 MB, solutions = 9)
  79535 66075     1280.0000    48     1300.0000     1099.9240  3144144   15.39%
  81100 67557     1273.5970    44     1300.0000     1101.3559  3190784   15.28%
  82507 68798     1278.1787    37     1300.0000     1101.8633  3236155   15.24%
  83746 69958     1267.6720    33     1300.0000     1101.8837  3282763   15.24%
  85151 71287     1296.6667    26     1300.0000     1101.9091  3335249   15.24%
  86489 72513     1280.1085    40     1300.0000     1102.0000  3380674   15.23%
  87579 73522     1280.6998    54     1300.0000     1102.0000  3427851   15.23%
  88968 74765     1283.6940    24     1300.0000     1102.0597  3475717   15.23%
  89931 75645     1266.9953    35     1300.0000     1102.5775  3521289   15.19%
  91733 77339     1260.5503    60     1300.0000     1102.5775  3563173   15.19%
Elapsed time = 215.07 sec. (291092.31 ticks, tree = 1193.39 MB, solutions = 9)
  93469 78969     1287.7410    41     1300.0000     1102.5775  3603707   15.19%
  95169 80543     1227.0220    56     1300.0000     1102.5775  3646220   15.19%
  96580 81848     1225.9422    56     1300.0000     1102.5775  3690124   15.19%
  98381 83547     1298.3043    36     1300.0000     1102.5775  3734047   15.19%
 100019 85024     1227.1144    56     1300.0000     1102.5775  3775561   15.19%
 101776 86703     1290.0372    31     1300.0000     1102.5775  3822903   15.19%
 103127 87961     1274.5394    35     1300.0000     1102.7662  3868084   15.17%
 104436 89161     1105.8527    51     1300.0000     1102.7662  3915755   15.17%
 105660 90289     1180.3377    70     1300.0000     1102.7662  3963713   15.17%
 106700 91233     1102.7702    66     1300.0000     1102.7662  4010334   15.17%
Elapsed time = 242.97 sec. (329305.50 ticks, tree = 1422.97 MB, solutions = 9)
 107930 92384     1294.0192    35     1300.0000     1102.7662  4058595   15.17%
 109238 93613     1286.7623    36     1300.0000     1102.7662  4100381   15.17%
 110405 94686     1290.4332    33     1300.0000     1102.7662  4147018   15.17%
 111503 95683     1283.8051    46     1300.0000     1102.7662  4191672   15.17%
 112987 97079     1296.8626    39     1300.0000     1102.7676  4236509   15.17%
 114260 98261     1284.8136    20     1300.0000     1102.9037  4279694   15.16%
 115588 99493     1287.7839    46     1300.0000     1103.1890  4327220   15.14%
 117070 100890     1271.6987    37     1300.0000     1103.1905  4371989   15.14%
 118490 102224     1290.7280    26     1300.0000     1103.3923  4416125   15.12%
 119919 103545     1290.0000    17     1300.0000     1103.5519  4465563   15.11%
Elapsed time = 270.67 sec. (367485.00 ticks, tree = 1622.17 MB, solutions = 9)
 121215 104712     1297.0716    34     1300.0000     1103.5519  4515158   15.11%
 122469 105868     1230.5000    61     1300.0000     1103.5537  4555908   15.11%
 123782 107042     1277.4668    50     1300.0000     1103.8797  4606285   15.09%
 125427 108553     1267.9459    54     1300.0000     1105.1912  4654109   14.99%
 126956 110013     1296.9118    43     1300.0000     1105.2288  4696951   14.98%
 128304 111237     1252.3326    65     1300.0000     1105.2288  4739412   14.98%
 129695 112524     1280.0000    35     1300.0000     1105.2288  4784977   14.98%
 130969 113674     1267.1139    42     1300.0000     1105.2288  4831458   14.98%
 132493 115097     1295.1672    58     1300.0000     1105.2288  4874487   14.98%
 134052 116532     1280.4159    30     1300.0000     1105.2288  4919219   14.98%
Elapsed time = 298.75 sec. (405858.96 ticks, tree = 1828.18 MB, solutions = 9)
 135469 117847     1261.0822    44     1300.0000     1105.3356  4962311   14.97%
 137089 119344     1232.0490    64     1300.0000     1105.3356  5004632   14.97%
 138451 120602     1276.7358    46     1300.0000     1105.3356  5057231   14.97%
 139877 121912     1276.8570    53     1300.0000     1105.3356  5102698   14.97%
 141240 123171     1295.0000    22     1300.0000     1105.3523  5148986   14.97%
 142889 124661        cutoff           1300.0000     1105.5779  5197067   14.96%
 144206 125872     1235.9404    69     1300.0000     1105.8229  5242812   14.94%
 145731 127265     1293.3333    37     1300.0000     1105.8527  5288391   14.93%
 147469 128904     1291.9471    68     1300.0000     1105.8527  5326997   14.93%
 148755 130030     1275.3500    41     1300.0000     1106.4124  5372635   14.89%
Elapsed time = 328.14 sec. (444089.79 ticks, tree = 2050.60 MB, solutions = 9)
Nodefile size = 2.99 MB (2.16 MB after compression)
 150354 131526     1290.0000    30     1300.0000     1106.4534  5415590   14.89%
 152039 133101     1273.9515    39     1300.0000     1106.4534  5456677   14.89%
 153334 134259     1274.3367    30     1300.0000     1106.7238  5501226   14.87%
 154953 135746     1236.3734    67     1300.0000     1106.7238  5543524   14.87%
 156539 137184     1296.6805    32     1300.0000     1106.7349  5586274   14.87%
 157992 138440     1278.0183    41     1300.0000     1107.7853  5631521   14.79%
 159645 139985     1290.7797    31     1300.0000     1107.8431  5678443   14.78%
 161104 141352     1232.4135    69     1300.0000     1107.8928  5725293   14.78%
 162341 142468     1283.3333    44     1300.0000     1108.3742  5769920   14.74%
 163871 143790     1287.0358    36     1300.0000     1108.3742  5812192   14.74%
Elapsed time = 362.14 sec. (482342.57 ticks, tree = 2279.92 MB, solutions = 9)
Nodefile size = 232.41 MB (164.04 MB after compression)
 165085 144875     1280.0687    28     1300.0000     1108.3742  5861612   14.74%
 166181 145830     1298.6779    62     1300.0000     1108.3742  5907519   14.74%
 167320 146809     1274.0033    50     1300.0000     1108.3742  5954083   14.74%
 168517 147871     1294.3890    47     1300.0000     1108.3742  5994925   14.74%
 169768 148975     1235.5000    54     1300.0000     1108.3742  6036478   14.74%
 171042 150095     1274.0033    46     1300.0000     1108.3742  6083541   14.74%
 172160 151065     1276.6667    32     1300.0000     1108.3742  6124110   14.74%
 173362 152129     1296.6667    24     1300.0000     1108.3742  6172506   14.74%
 174641 153277     1290.3827    48     1300.0000     1108.3742  6215492   14.74%
 176064 154504        cutoff           1300.0000     1108.3742  6259983   14.74%
Elapsed time = 394.26 sec. (520562.68 ticks, tree = 2454.84 MB, solutions = 9)
Nodefile size = 406.90 MB (290.44 MB after compression)
 177305 155621     1297.4318    37     1300.0000     1108.3742  6299857   14.74%
 178544 156730     1283.3333    10     1300.0000     1108.4830  6347396   14.73%
 179685 157781     1284.2916    47     1300.0000     1108.4933  6392428   14.73%
 181535 159546     1280.1625    40     1300.0000     1108.4933  6436166   14.73%
 183189 161109     1293.7249    47     1300.0000     1108.4933  6481432   14.73%
 184542 162369     1290.3801    32     1300.0000     1108.4933  6525791   14.73%
 186022 163755     1290.1963    33     1300.0000     1108.4933  6572413   14.73%
 187469 165125     1287.3569    34     1300.0000     1108.4933  6614217   14.73%
 188937 166465     1235.5000    61     1300.0000     1108.4933  6658057   14.73%
 190109 167551     1280.9575    26     1300.0000     1108.4933  6701251   14.73%
Elapsed time = 427.58 sec. (558923.24 ticks, tree = 2662.57 MB, solutions = 9)
Nodefile size = 615.01 MB (441.79 MB after compression)
 191508 168850     1274.5676    46     1300.0000     1108.4933  6748180   14.73%
 192815 170058     1297.5939    51     1300.0000     1108.4933  6794943   14.73%
 194125 171227     1276.9276    30     1300.0000     1108.4933  6838975   14.73%
 195469 172471     1276.6667    47     1300.0000     1108.4933  6882093   14.73%
 197118 174043     1280.8136    28     1300.0000     1108.4933  6928419   14.73%
 198534 175386     1235.9426    66     1300.0000     1108.4933  6972682   14.73%
 199915 176658     1294.4380    37     1300.0000     1108.4933  7019605   14.73%
 201583 178240     1291.7956    58     1300.0000     1108.4933  7059592   14.73%
 202737 179305     1294.4125    36     1300.0000     1108.4933  7111101   14.73%
 204469 180931     1273.9774    21     1300.0000     1108.4933  7149159   14.73%
Elapsed time = 461.37 sec. (597224.22 ticks, tree = 2888.01 MB, solutions = 9)
Nodefile size = 840.35 MB (606.06 MB after compression)
 206097 182475     1294.4472    33     1300.0000     1108.4933  7195376   14.73%
 207457 183734     1280.0000    61     1300.0000     1108.4933  7245482   14.73%
 208402 184568     1227.4349    59     1300.0000     1108.4933  7295577   14.73%
 209729 185828     1290.9870    32     1300.0000     1108.4933  7336048   14.73%
 211068 187059     1227.5522    53     1300.0000     1108.9518  7380924   14.70%
 212172 188050     1293.3333    30     1300.0000     1109.1214  7423561   14.68%
 213540 189288     1291.7317    34     1300.0000     1109.4055  7469485   14.66%
 214649 190230     1287.5528    42     1300.0000     1109.8761  7517489   14.62%
 215944 191339     1274.1196    46     1300.0000     1109.8761  7565629   14.62%
 217300 192588     1294.0948    48     1300.0000     1110.3970  7608727   14.58%
Elapsed time = 494.56 sec. (635471.98 ticks, tree = 3085.14 MB, solutions = 9)
Nodefile size = 1037.22 MB (749.99 MB after compression)
 218570 193735     1296.6667    38     1300.0000     1110.9455  7653629   14.54%
 219800 194832     1230.5130    49     1300.0000     1112.0000  7697569   14.46%
 221135 196045     1294.0759    37     1300.0000     1112.0000  7743144   14.46%
 222546 197348     1112.3814    77     1300.0000     1112.3814  7785007   14.43%
 223660 198319     1296.6667    37     1300.0000     1112.6064  7834832   14.41%
 225129 199609     1291.0526    24     1300.0000     1112.6064  7877060   14.41%
 226356 200708     1294.0944    43     1300.0000     1112.7980  7919635   14.40%
 227958 202077     1263.6500    66     1300.0000     1112.9271  7963626   14.39%
 229082 202979     1295.0720    27     1300.0000     1113.0321  8003684   14.38%
 230332 204101     1277.7639    23     1300.0000     1113.4114  8047431   14.35%
Elapsed time = 527.56 sec. (673709.14 ticks, tree = 3277.98 MB, solutions = 9)
Nodefile size = 1230.04 MB (891.40 MB after compression)
 231552 205162     1256.7138    53     1300.0000     1113.7298  8084621   14.33%
 232881 206342     1291.6566    45     1300.0000     1114.0610  8129337   14.30%
 234237 207417     1280.0000    50     1300.0000     1114.4277  8172326   14.27%
 235469 208550     1280.4042    40     1300.0000     1114.4277  8206563   14.27%
 235978 209032        cutoff           1300.0000     1114.4277  8226538   14.27%
 236569 209580     1280.2005    25     1300.0000     1114.4277  8251215   14.27%
 237169 210135     1273.8629    41     1300.0000     1114.4277  8262987   14.27%
 237769 210696     1244.6465    57     1300.0000     1114.4277  8277532   14.27%
 238469 211319     1287.9783    37     1300.0000     1114.4277  8304955   14.27%
 238869 211702     1114.4277    63     1300.0000     1114.4277  8313694   14.27%
Elapsed time = 563.99 sec. (714492.99 ticks, tree = 3407.94 MB, solutions = 9)
Nodefile size = 1360.35 MB (985.80 MB after compression)
 239469 212252     1273.5473    26     1300.0000     1114.4277  8330731   14.27%
 240069 212824     1273.9903    37     1300.0000     1114.4277  8347953   14.27%
 240569 213281     1277.6163    42     1300.0000     1114.4277  8370186   14.27%
 241121 213791     1235.5000    61     1300.0000     1114.4277  8387155   14.27%
 241669 214288     1273.9947    41     1300.0000     1114.4277  8406935   14.27%
 242069 214681     1286.8943    32     1300.0000     1114.4277  8414727   14.27%
 242634 215202        cutoff           1300.0000     1114.4277  8432239   14.27%
 243269 215804     1273.5387    32     1300.0000     1114.4277  8455395   14.27%
 243769 216262     1297.2781    48     1300.0000     1114.4277  8475483   14.27%
 244257 216673     1114.4277    54     1300.0000     1114.4277  8494010   14.27%
Elapsed time = 599.94 sec. (754652.79 ticks, tree = 3493.26 MB, solutions = 9)
Nodefile size = 1445.30 MB (1047.51 MB after compression)

GUB cover cuts applied:  5
Cover cuts applied:  9
Implied bound cuts applied:  123
Flow cuts applied:  158
Mixed integer rounding cuts applied:  56
Lift and project cuts applied:  14

Root node processing (before b&c):
  Real time             =    1.03 sec. (1306.91 ticks)
Sequential b&c:
  Real time             =  598.97 sec. (753449.14 ticks)
                          ------------
Total (root+branch&cut) =  600.00 sec. (754756.05 ticks)
