Tried aggregator 3 times.
MIP Presolve eliminated 1016 rows and 127 columns.
MIP Presolve modified 428 coefficients.
Aggregator did 43 substitutions.
Reduced MIP has 1064 rows, 1892 columns, and 6866 nonzeros.
Reduced MIP has 970 binaries, 2 generals, 0 SOSs, and 0 indicators.
Presolve time = 0.01 sec. (9.49 ticks)
Found incumbent of value 4200.000000 after 0.02 sec. (17.95 ticks)
Probing time = 0.00 sec. (3.15 ticks)
Tried aggregator 1 time.
Reduced MIP has 1064 rows, 1892 columns, and 6866 nonzeros.
Reduced MIP has 970 binaries, 22 generals, 0 SOSs, and 0 indicators.
Presolve time = 0.00 sec. (3.58 ticks)
Probing time = 0.00 sec. (3.25 ticks)
Clique table members: 1645.
MIP emphasis: balance optimality and feasibility.
MIP search method: dynamic search.
Parallel mode: none, using 1 thread.
Root relaxation solution time = 0.02 sec. (28.35 ticks)

        Nodes                                         Cuts/
   Node  Left     Objective  IInf  Best Integer    Best Bound    ItCnt     Gap

*     0+    0                         4200.0000        0.0000      591  100.00%
      0     0      140.0285   127     4200.0000      140.0285      591   96.67%
      0     0      141.0000   135     4200.0000      Cuts: 20     1102   96.64%
      0     0      253.6690   127     4200.0000      Cuts: 83     2107   93.96%
      0     0      267.0180   115     4200.0000      Cuts: 47     2733   93.64%
*     0+    0                         1520.0000      267.0180     2733   82.43%
      0     0      267.0180   113     1520.0000      Cuts: 38     2808   82.43%
      0     0      267.2455   106     1520.0000      Cuts: 51     3147   82.42%
      0     0      267.2488   105     1520.0000      Cuts: 23     3190   82.42%
      0     2      267.2488    99     1520.0000      267.2488     3190   82.42%
Elapsed time = 0.81 sec. (1042.22 ticks, tree = 0.00 MB, solutions = 2)
     30    32     1162.2939    71     1520.0000      271.4952     7332   82.14%
     70    72      364.3309    61     1520.0000      271.4952     9422   82.14%
    122   124      778.1979    38     1520.0000      271.4952    12753   82.14%
    171   173     1332.0000    10     1520.0000      271.4952    17596   82.14%
    200   191      280.9809   105     1520.0000      274.2466    21476   81.96%
    210   201     1162.2939    69     1520.0000      274.2466    26252   81.96%
    281   270      549.3055    62     1520.0000      274.2466    29302   81.96%
    349   338      917.9315    33     1520.0000      274.2466    33610   81.96%
    394   381     1120.8663    14     1520.0000      274.2466    38293   81.96%
*   495+  316                         1490.0000      384.5722    50918   74.19%
    495   317      738.0000   106     1490.0000      738.0000    64042   50.47%
Elapsed time = 7.16 sec. (9377.93 ticks, tree = 3.69 MB, solutions = 3)
    505   319      764.8004   132     1490.0000      740.9460    66502   50.27%
    520   328      887.1723   109     1490.0000      740.9460    67749   50.27%
    555   338     1408.0000    61     1490.0000      740.9460    71655   50.27%
    637   362     1410.0000    49     1490.0000      740.9460    82977   50.27%
    725   369        cutoff           1490.0000      740.9460    97618   50.27%
    865   448     1420.0000    20     1490.0000      743.3703   108695   50.11%
    949   484     1436.9565    17     1490.0000      743.3703   128751   50.11%
   1084   536     1424.0000    45     1490.0000      752.9359   147009   49.47%
   1255   652     1207.9627    70     1490.0000      761.0000   159651   48.93%
   1364   756     1431.0000    15     1490.0000      761.0000   172178   48.93%
Elapsed time = 14.71 sec. (19277.99 ticks, tree = 8.77 MB, solutions = 3)
*  1495+  871                         1470.0000      764.8004   184243   47.97%
*  1495+  704                         1430.0000      764.8004   184243   46.52%
   1495   706     1414.1015    60     1430.0000      764.8004   184243   46.52%
   1649   839     1267.7373    93     1430.0000      787.4319   195127   44.93%
   1871  1043     1426.6719    28     1430.0000      803.1470   204694   43.84%
   2020  1161     1410.5126    51     1430.0000      867.4720   213125   39.34%
   2215  1331     1421.8171    44     1430.0000      887.9273   224507   37.91%
   2433  1528     1418.4609    56     1430.0000      945.0208   234096   33.91%
   2564  1641     1246.1567    90     1430.0000     1086.2091   245104   24.04%
   2797  1851     1421.1331    41     1430.0000     1089.5696   256261   23.81%
   3075  2102     1407.1767    72     1430.0000     1109.9312   266652   22.38%
   3415  2410     1414.0233    48     1430.0000     1207.3853   276235   15.57%
Elapsed time = 24.76 sec. (29042.34 ticks, tree = 24.79 MB, solutions = 5)
   3495  2481     1407.1767    65     1430.0000     1207.3853   277774   15.57%
   3785  2748    infeasible           1430.0000     1207.3853   291902   15.57%
   4239  3161     1415.0000    33     1430.0000     1207.9627   304331   15.53%
   4396  3306     1413.2799    32     1430.0000     1207.9627   321475   15.53%
   4846  3721     1423.9226    38     1430.0000     1207.9627   333146   15.53%
   5142  3982     1413.9715    76     1430.0000     1207.9627   345010   15.53%
   5546  4364     1372.3147    77     1430.0000     1207.9627   356281   15.53%
   5940  4713     1423.3333    37     1430.0000     1207.9627   366632   15.53%
   6169  4926     1409.0000    32     1430.0000     1207.9627   378781   15.53%
   6495  5220     1416.9704    54     1430.0000     1207.9627   388804   15.53%
Elapsed time = 32.35 sec. (38778.05 ticks, tree = 61.12 MB, solutions = 5)
   6766  5468     1417.9710    45     1430.0000     1208.8145   400816   15.47%
   7188  5860     1414.2993    46     1430.0000     1211.9827   410905   15.25%
   7486  6133     1414.2888    48     1430.0000     1211.9827   422409   15.25%
   7914  6525     1414.0000    37     1430.0000     1211.9827   432902   15.25%
   8226  6817     1416.9508    34     1430.0000     1212.4844   444814   15.21%
   8495  7052     1413.6041    34     1430.0000     1212.4844   454439   15.21%
   8885  7411     1253.7234    88     1430.0000     1217.3853   466274   14.87%
   9311  7799     1420.6667    49     1430.0000     1217.7430   475972   14.84%
   9723  8177     1412.0553    76     1430.0000     1218.8911   487217   14.76%
   9950  8371     1423.7778    54     1430.0000     1218.8911   500103   14.76%
Elapsed time = 39.80 sec. (48558.25 ticks, tree = 96.03 MB, solutions = 5)
  10355  8756     1421.4491    37     1430.0000     1221.8352   511749   14.56%
  10396  8789     1371.3617    84     1430.0000     1221.8352   512813   14.56%
  10741  9103     1420.1582    25     1430.0000     1221.8352   523895   14.56%
  11198  9515     1428.0000    17     1430.0000     1221.8352   535082   14.56%
  11412  9714     1420.5538    32     1430.0000     1221.8352   547202   14.56%
  11673  9951     1420.5238    47     1430.0000     1221.8352   555143   14.56%
  11893 10157     1412.0553    52     1430.0000     1221.8352   566183   14.56%
  12255 10491     1376.5018    86     1430.0000     1221.8352   577187   14.56%
  12638 10839     1407.1767    62     1430.0000     1223.7943   588434   14.42%
  12958 11133     1414.1415    41     1430.0000     1223.7943   600535   14.42%
Elapsed time = 47.53 sec. (58583.73 ticks, tree = 126.39 MB, solutions = 5)
  13385 11523     1426.8350    51     1430.0000     1231.6876   610991   13.87%
  13765 11864     1426.6667    38     1430.0000     1231.6876   624146   13.87%
  14166 12243     1417.8205    22     1430.0000     1231.6876   637597   13.87%
  14537 12579     1366.9562    91     1430.0000     1233.7672   650446   13.72%
  14999 13019     1366.2166    82     1430.0000     1234.5632   660673   13.67%
  15395 13384     1414.2993    55     1430.0000     1236.7180   671003   13.52%
  15780 13726     1408.2959    61     1430.0000     1238.8207   678404   13.37%
  16206 14121     1413.9447    77     1430.0000     1238.8207   689868   13.37%
  16575 14471     1412.1516    46     1430.0000     1243.1422   701923   13.07%
  16906 14760     1426.6667    40     1430.0000     1243.1422   711167   13.07%
Elapsed time = 54.80 sec. (68214.14 ticks, tree = 168.24 MB, solutions = 5)
  16999 14835     1427.0108    37     1430.0000     1243.1422   722538   13.07%
  17358 15153     1243.1422    81     1430.0000     1243.1422   732567   13.07%
  17527 15312     1427.2297    28     1430.0000     1243.1422   737202   13.07%
  17870 15632     1427.0103    40     1430.0000     1243.1422   747320   13.07%
  18262 15990     1426.6667    39     1430.0000     1243.1422   757537   13.07%
  18650 16338     1413.6337    51     1430.0000     1243.1422   767188   13.07%
  19006 16661     1410.7288    62     1430.0000     1243.1422   775425   13.07%
  19396 17014     1410.9170    24     1430.0000     1243.7234   785428   13.03%
  19881 17482     1425.0000    41     1430.0000     1243.7234   793825   13.03%
  20159 17704     1372.3147    86     1430.0000     1243.7234   805100   13.03%
Elapsed time = 61.89 sec. (77864.87 ticks, tree = 216.24 MB, solutions = 5)
  20535 18050     1416.9401    64     1430.0000     1243.7234   815083   13.03%
  20880 18353     1366.9731    65     1430.0000     1243.7234   825458   13.03%
  21148 18590     1251.8421    57     1430.0000     1243.7234   836384   13.03%
  21494 18907     1417.8497    61     1430.0000     1243.7234   847800   13.03%
  21854 19241        cutoff           1430.0000     1243.7234   859189   13.03%
  22218 19577     1414.3389    23     1430.0000     1243.7234   870053   13.03%
  22506 19850     1372.5636    62     1430.0000     1243.7234   877108   13.03%
  23067 20392     1421.6583    32     1430.0000     1243.7234   887689   13.03%
  23491 20768     1423.3333    50     1430.0000     1243.7234   900162   13.03%
  23864 21108     1408.2534    54     1430.0000     1243.7234   913396   13.03%
Elapsed time = 68.82 sec. (87465.42 ticks, tree = 270.75 MB, solutions = 5)
  24249 21470        cutoff           1430.0000     1243.7234   925756   13.03%
  24555 21751     1366.9731    70     1430.0000     1244.9456   938525   12.94%
  25063 22202     1423.3333    51     1430.0000     1246.0899   949574   12.86%
  25447 22551        cutoff           1430.0000     1246.0899   960169   12.86%
  25830 22908     1411.8498    43     1430.0000     1246.0899   969749   12.86%
  26320 23346     1420.9093    39     1430.0000     1246.1567   980208   12.86%
  26707 23688     1371.3617    67     1430.0000     1246.6573   991506   12.82%
  27142 24076     1427.1251    32     1430.0000     1246.6573  1002995   12.82%
  27495 24403     1257.2673    75     1430.0000     1246.6573  1009074   12.82%
  28986 25719     1414.1735    35     1430.0000     1246.6829  1056177   12.82%
Elapsed time = 77.97 sec. (99954.74 ticks, tree = 340.63 MB, solutions = 5)
  30470 27054     1416.6878    38     1430.0000     1249.5219  1097588   12.62%
  31735 28187     1411.7305    63     1430.0000     1250.5142  1132915   12.55%
  33327 29627     1420.0016    54     1430.0000     1251.8421  1174468   12.46%
  34803 30932     1423.6796    52     1430.0000     1253.1659  1221720   12.37%
  36339 32320     1375.5000    61     1430.0000     1253.7234  1264101   12.33%
  38055 33897     1413.9610    63     1430.0000     1253.7234  1310256   12.33%
  39401 35120     1376.5018    92     1430.0000     1253.7234  1349365   12.33%
  41103 36673     1417.0182    40     1430.0000     1253.7234  1394451   12.33%
  42458 37893     1421.0000    30     1430.0000     1253.7234  1438766   12.33%
  43826 39118     1421.5667    66     1430.0000     1253.7234  1477102   12.33%
Elapsed time = 106.44 sec. (138214.41 ticks, tree = 533.89 MB, solutions = 5)
  45281 40408     1424.0000    23     1430.0000     1253.7234  1520387   12.33%
  46495 41480     1418.0000    33     1430.0000     1255.9935  1566592   12.17%
  48305 43168     1413.8893    35     1430.0000     1256.0575  1612383   12.16%
  49651 44415     1416.6772    29     1430.0000     1256.5377  1659929   12.13%
  51092 45713     1408.6490    56     1430.0000     1257.2673  1708581   12.08%
  52252 46701     1414.5599    40     1430.0000     1258.6869  1754730   11.98%
  53401 47671     1424.6045    51     1430.0000     1259.5540  1802084   11.92%
  54590 48718     1428.0000    21     1430.0000     1260.8902  1839517   11.83%
  56192 50131     1423.6841    43     1430.0000     1262.4878  1883704   11.71%
  57380 51105     1424.4940    53     1430.0000     1263.5368  1924693   11.64%
Elapsed time = 135.14 sec. (176702.77 ticks, tree = 716.81 MB, solutions = 5)
  59071 52647     1424.0000    33     1430.0000     1263.7234  1969670   11.63%
  60614 54019     1417.5389    57     1430.0000     1263.7234  2012362   11.63%
  62305 55452     1413.5918    58     1430.0000     1264.8194  2061504   11.55%
  63526 56488     1423.6458    20     1430.0000     1265.4916  2107392   11.50%
  65240 57984     1423.3333    35     1430.0000     1265.9583  2151530   11.47%
  66796 59370     1421.9185    48     1430.0000     1267.2242  2199774   11.38%
  68242 60620     1416.4371    35     1430.0000     1268.5654  2242675   11.29%
  69576 61753     1420.9048    56     1430.0000     1269.3831  2288108   11.23%
  70706 62664     1426.7090    47     1430.0000     1269.3831  2327495   11.23%
  72124 63877     1423.3333    37     1430.0000     1270.3251  2372670   11.17%
Elapsed time = 163.31 sec. (214921.66 ticks, tree = 906.64 MB, solutions = 5)
  73611 65148     1426.8780    24     1430.0000     1272.0000  2416637   11.05%
  75057 66430     1424.0000    28     1430.0000     1274.5957  2458021   10.87%
  76507 67685     1418.3333    69     1430.0000     1274.5957  2498221   10.87%
  78205 69206     1426.6939    38     1430.0000     1274.5957  2544801   10.87%
  79627 70407     1423.3333    42     1430.0000     1276.7747  2594595   10.72%
  81034 71573     1424.5631    81     1430.0000     1284.4761  2642642   10.18%
  82120 72548     1423.6796    60     1430.0000     1354.2768  2688167    5.30%
  83307 73583     1423.3333    29     1430.0000     1354.3728  2729043    5.29%
  84406 74575     1420.3465    48     1430.0000     1359.9467  2775946    4.90%
  85657 75657     1424.0000    27     1430.0000     1361.2887  2823785    4.80%
Elapsed time = 192.19 sec. (253145.23 ticks, tree = 1073.79 MB, solutions = 5)
  86854 76725     1428.0000    31     1430.0000     1362.2762  2861358    4.74%
  88184 77935     1423.3333    36     1430.0000     1363.0083  2909592    4.68%
  89495 79145     1426.6667    33     1430.0000     1363.5908  2951614    4.64%
  91034 80542     1416.3779    62     1430.0000     1366.2166  2997376    4.46%
  92318 81649     1407.1767    51     1430.0000     1366.2166  3037304    4.46%
  93922 83088     1424.1263    49     1430.0000     1366.2166  3079137    4.46%
  95266 84343     1423.8937    44     1430.0000     1366.2166  3119566    4.46%
  96769 85700     1420.9048    48     1430.0000     1366.2166  3161169    4.46%
  98086 86902     1411.5171    61     1430.0000     1366.2166  3204575    4.46%
  99707 88380     1411.4896    40     1430.0000     1366.2166  3242134    4.46%
Elapsed time = 221.03 sec. (291393.25 ticks, tree = 1271.66 MB, solutions = 5)
 101494 89965     1410.9654    59     1430.0000     1366.2166  3283127    4.46%
 102826 91184     1425.0000    23     1430.0000     1366.2166  3322036    4.46%
 104427 92691     1415.6914    59     1430.0000     1366.2166  3366809    4.46%
 105729 93901     1413.9420    40     1430.0000     1366.2166  3405303    4.46%
 107360 95439     1411.6200    57     1430.0000     1366.2166  3447896    4.46%
 109068 96990     1420.3020    34     1430.0000     1366.2166  3490207    4.46%
 110695 98484     1420.5551    27     1430.0000     1366.2166  3528682    4.46%
 111711 99373     1421.0000    31     1430.0000     1366.2166  3565394    4.46%
 113031 100570     1410.9350    47     1430.0000     1366.2166  3612511    4.46%
 114611 102043     1415.7936    46     1430.0000     1366.2166  3655554    4.46%
Elapsed time = 249.04 sec. (329575.12 ticks, tree = 1490.95 MB, solutions = 5)
 116039 103377     1418.0735    38     1430.0000     1366.2166  3695614    4.46%
 117255 104455     1417.2165    45     1430.0000     1366.2166  3738088    4.46%
 118798 105887     1413.6184    36     1430.0000     1366.2166  3771952    4.46%
 120138 107114     1423.6246    36     1430.0000     1366.2166  3813040    4.46%
 121369 108160     1407.9978    70     1430.0000     1366.2166  3851710    4.46%
 122495 109165     1407.1767    53     1430.0000     1366.2166  3890916    4.46%
 124287 110825     1407.3133    63     1430.0000     1366.2166  3931222    4.46%
 125888 112322     1413.6706    36     1430.0000     1366.2166  3971648    4.46%
 127208 113525     1424.2747    50     1430.0000     1366.2166  4016854    4.46%
 128827 115019     1423.8924    43     1430.0000     1366.2166  4056062    4.46%
Elapsed time = 277.20 sec. (368191.37 ticks, tree = 1708.58 MB, solutions = 5)
 130385 116477     1407.1767    53     1430.0000     1366.2166  4100324    4.46%
 132132 118171     1421.0000    36     1430.0000     1366.2166  4143139    4.46%
 133427 119352     1428.0000    46     1430.0000     1366.2166  4186173    4.46%
 134614 120447     1368.4494    87     1430.0000     1366.2166  4226575    4.46%
 135731 121454     1366.2166    75     1430.0000     1366.2166  4268972    4.46%
 136871 122475     1410.9350    58     1430.0000     1366.2166  4312610    4.46%
 138213 123614     1427.3103    65     1430.0000     1366.2166  4348749    4.46%
 139691 124933     1407.1767    86     1430.0000     1366.2339  4383658    4.46%
 141004 126122     1417.2460    42     1430.0000     1366.3617  4424630    4.45%
 142987 127993     1372.3147    77     1430.0000     1366.3617  4464935    4.45%
Elapsed time = 305.16 sec. (406481.91 ticks, tree = 1916.29 MB, solutions = 5)
 144258 129142     1417.2152    54     1430.0000     1366.3617  4509668    4.45%
 145536 130303     1414.4406    50     1430.0000     1366.3617  4549676    4.45%
 146739 131382        cutoff           1430.0000     1366.3617  4595283    4.45%
 148121 132661     1427.3066    54     1430.0000     1366.3617  4641253    4.45%
 149691 134064     1416.9407    43     1430.0000     1366.3617  4681134    4.45%
 150943 135216        cutoff           1430.0000     1366.3617  4731346    4.45%
 152440 136556     1372.5636    83     1430.0000     1366.3617  4769478    4.45%
 153825 137820        cutoff           1430.0000     1366.3617  4811766    4.45%
 155665 139534     1413.6601    49     1430.0000     1366.3617  4850717    4.45%
 157141 140902     1367.2688    43     1430.0000     1366.3617  4886721    4.45%
Elapsed time = 335.53 sec. (444690.69 ticks, tree = 2121.65 MB, solutions = 5)
Nodefile size = 74.05 MB (53.36 MB after compression)
 158771 142405     1410.9329    75     1430.0000     1366.3617  4923621    4.45%
 160085 143631     1424.5472    42     1430.0000     1366.3617  4961378    4.45%
 161495 144911     1427.3550    37     1430.0000     1366.3617  4997656    4.45%
 163005 146295     1420.9149    35     1430.0000     1366.3617  5037384    4.45%
 164527 147634        cutoff           1430.0000     1366.3617  5077869    4.45%
 166200 149201     1428.0000    30     1430.0000     1366.3617  5115777    4.45%
 167896 150783        cutoff           1430.0000     1366.3617  5158449    4.45%
 169427 152170     1417.9217    43     1430.0000     1366.3617  5195076    4.45%
 170932 153521    infeasible           1430.0000     1366.3617  5239474    4.45%
 172378 154827     1417.2152    49     1430.0000     1366.3617  5282471    4.45%
Elapsed time = 369.94 sec. (483004.10 ticks, tree = 2355.12 MB, solutions = 5)
Nodefile size = 308.09 MB (221.46 MB after compression)
 173416 155782     1423.8334    31     1430.0000     1366.3617  5323588    4.45%
 175100 157276     1413.9059    55     1430.0000     1366.3617  5360078    4.45%
 176367 158411     1423.8937    24     1430.0000     1366.3617  5403075    4.45%
 177708 159601     1427.2324    36     1430.0000     1366.3617  5439978    4.45%
 179076 160883     1423.3333    43     1430.0000     1366.3617  5481414    4.45%
 180528 162217     1411.5714    49     1430.0000     1366.3617  5518185    4.45%
 181982 163514     1417.0969    54     1430.0000     1366.3617  5558521    4.45%
 183512 164902     1418.5314    55     1430.0000     1366.5168  5591211    4.44%
 184677 165889     1372.0080    72     1430.0000     1366.5232  5632190    4.44%
 185683 166772     1373.6841    75     1430.0000     1366.5232  5671767    4.44%
Elapsed time = 403.76 sec. (521209.13 ticks, tree = 2552.98 MB, solutions = 5)
Nodefile size = 505.28 MB (364.47 MB after compression)
 186921 167855     1414.6000    45     1430.0000     1366.5232  5712321    4.44%
 188106 168862        cutoff           1430.0000     1366.5240  5745785    4.44%
 189488 170095     1373.3409    74     1430.0000     1366.5240  5790813    4.44%
 190884 171371     1411.5513    27     1430.0000     1366.5240  5835251    4.44%
 192319 172640     1417.3476    46     1430.0000     1366.5240  5881096    4.44%
 193495 173687     1426.6944    37     1430.0000     1366.5240  5923422    4.44%
 194903 174881     1427.3455    45     1430.0000     1366.5240  5969938    4.44%
 195977 175839     1423.9159    40     1430.0000     1366.5240  6011504    4.44%
 197329 176983     1408.4779    50     1430.0000     1366.5240  6050927    4.44%
 198541 178068     1400.5000    59     1430.0000     1366.5240  6091946    4.44%
Elapsed time = 437.30 sec. (559426.16 ticks, tree = 2748.35 MB, solutions = 5)
Nodefile size = 701.33 MB (508.62 MB after compression)
 199495 178872     1426.6931    29     1430.0000     1366.5240  6135481    4.44%
 200841 180065     1366.5240    49     1430.0000     1366.5240  6178714    4.44%
 201921 181013     1425.1646    45     1430.0000     1366.5240  6225115    4.44%
 203136 182052     1411.5507    50     1430.0000     1366.5240  6270285    4.44%
 204037 182794     1423.8312    46     1430.0000     1366.5240  6310023    4.44%
 205144 183760        cutoff           1430.0000     1366.5240  6356159    4.44%
 206428 184835     1420.5543    41     1430.0000     1366.5240  6403105    4.44%
 207495 185741     1423.8937    41     1430.0000     1366.5240  6443092    4.44%
 208439 186584     1423.6126    54     1430.0000     1366.5240  6489794    4.44%
 209303 187270     1408.5282    42     1430.0000     1366.5240  6536814    4.44%
Elapsed time = 470.27 sec. (598220.54 ticks, tree = 2908.71 MB, solutions = 5)
Nodefile size = 861.24 MB (624.11 MB after compression)
 210159 188007     1420.0000    31     1430.0000     1366.5240  6582805    4.44%
 211199 188879     1366.5240    40     1430.0000     1366.5240  6624078    4.44%
 212150 189625     1417.9316    44     1430.0000     1366.5240  6661096    4.44%
 213299 190580     1424.0000    24     1430.0000     1366.5240  6703568    4.44%
 214284 191393     1373.1706    62     1430.0000     1366.5240  6749943    4.44%
 215156 192135        cutoff           1430.0000     1366.5521  6791831    4.44%
 216275 193156     1416.9407    49     1430.0000     1366.5521  6836104    4.44%
 217070 193854     1416.6667    42     1430.0000     1366.5521  6877336    4.44%
 218013 194676     1423.8924    58     1430.0000     1366.5521  6925711    4.44%
 219115 195663     1372.9628    65     1430.0000     1366.5521  6966303    4.44%
Elapsed time = 502.19 sec. (636447.84 ticks, tree = 3055.34 MB, solutions = 5)
Nodefile size = 1008.02 MB (730.13 MB after compression)
 220251 196681     1366.9843    52     1430.0000     1366.5521  7009960    4.44%
 221403 197680     1372.0557    57     1430.0000     1366.5521  7054658    4.44%
 222281 198460     1372.0556    65     1430.0000     1366.5521  7098777    4.44%
 223184 199283     1385.1697    60     1430.0000     1366.5521  7139649    4.44%
 224532 200497     1424.0000    26     1430.0000     1366.6695  7181410    4.43%
 225707 201508     1372.8934    62     1430.0000     1366.9562  7224436    4.41%
 227094 202749     1411.7102    61     1430.0000     1366.9562  7260269    4.41%
 228495 204011     1417.1949    42     1430.0000     1366.9562  7298546    4.41%
 229693 205076        cutoff           1430.0000     1366.9562  7334148    4.41%
 231386 206634     1416.9407    64     1430.0000     1366.9562  7369637    4.41%
Elapsed time = 540.23 sec. (674702.17 ticks, tree = 3240.12 MB, solutions = 5)
Nodefile size = 1192.60 MB (865.82 MB after compression)
 231712 206929     1413.9338    48     1430.0000     1366.9562  7381047    4.41%
 232207 207379     1408.8725    53     1430.0000     1366.9562  7389397    4.41%
 232778 207886     1420.5948    47     1430.0000     1366.9562  7403182    4.41%
 233395 208442     1410.5126    61     1430.0000     1366.9562  7418039    4.41%
 233895 208875     1420.0000    22     1430.0000     1366.9562  7433645    4.41%
 234395 209312     1423.8937    40     1430.0000     1366.9562  7449623    4.41%
 234870 209713     1427.9128    56     1430.0000     1366.9562  7466435    4.41%
 235195 209998     1420.6157    54     1430.0000     1366.9562  7470892    4.41%
 235690 210460     1420.8750    49     1430.0000     1366.9562  7484501    4.41%
 236195 210909     1407.6663    53     1430.0000     1366.9562  7496284    4.41%
Elapsed time = 592.67 sec. (716343.52 ticks, tree = 3308.92 MB, solutions = 5)
Nodefile size = 1261.26 MB (917.16 MB after compression)
 236695 211326     1407.1767    56     1430.0000     1366.9562  7512552    4.41%

GUB cover cuts applied:  8
Cover cuts applied:  9
Implied bound cuts applied:  67
Flow cuts applied:  217
Mixed integer rounding cuts applied:  58
Zero-half cuts applied:  3
Lift and project cuts applied:  9

Root node processing (before b&c):
  Real time             =    0.80 sec. (1033.89 ticks)
Sequential b&c:
  Real time             =  599.20 sec. (721158.94 ticks)
                          ------------
Total (root+branch&cut) =  600.00 sec. (722192.83 ticks)
