Tried aggregator 2 times.
MIP Presolve eliminated 1025 rows and 156 columns.
MIP Presolve modified 289 coefficients.
Aggregator did 37 substitutions.
Reduced MIP has 1120 rows, 1951 columns, and 6933 nonzeros.
Reduced MIP has 1020 binaries, 2 generals, 0 SOSs, and 0 indicators.
Presolve time = 0.01 sec. (8.08 ticks)
Found incumbent of value 3900.000000 after 0.02 sec. (19.32 ticks)
Probing fixed 0 vars, tightened 2 bounds.
Probing time = 0.01 sec. (9.85 ticks)
Tried aggregator 2 times.
MIP Presolve eliminated 21 rows and 22 columns.
MIP Presolve modified 3 coefficients.
Aggregator did 2 substitutions.
Reduced MIP has 1097 rows, 1927 columns, and 6845 nonzeros.
Reduced MIP has 998 binaries, 17 generals, 0 SOSs, and 0 indicators.
Presolve time = 0.01 sec. (7.47 ticks)
Probing time = 0.01 sec. (9.08 ticks)
Clique table members: 3584.
MIP emphasis: balance optimality and feasibility.
MIP search method: dynamic search.
Parallel mode: none, using 1 thread.
Root relaxation solution time = 0.02 sec. (29.10 ticks)

        Nodes                                         Cuts/
   Node  Left     Objective  IInf  Best Integer    Best Bound    ItCnt     Gap

*     0+    0                         3900.0000        0.0000      619  100.00%
      0     0      106.6908   134     3900.0000      106.6908      619   97.26%
      0     0      107.3736   132     3900.0000      Cuts: 30      965   97.25%
      0     0      197.1754   141     3900.0000      Cuts: 81     1688   94.94%
      0     0      205.4260   121     3900.0000      Cuts: 71     1889   94.73%
      0     0      205.4587   118     3900.0000      Cuts: 47     2000   94.73%
*     0+    0                         1600.0000      205.4587     2000   87.16%
*     0+    0                         1520.0000      205.4587     2000   86.48%
*     0+    0                         1500.0000      205.4587     2000   86.30%
      0     0      205.4587   116     1500.0000      Cuts: 33     2087   86.30%
      0     0      206.5023   111     1500.0000      Cuts: 59     2223   86.23%
      0     0      206.5023   125     1500.0000      Cuts: 27     2387   86.23%
      0     2      206.5023   104     1500.0000      206.5023     2387   86.23%
Elapsed time = 0.94 sec. (1131.01 ticks, tree = 0.00 MB, solutions = 4)
     30    32      206.5023   104     1500.0000      206.5023     3208   86.23%
     80    82      206.5023   105     1500.0000      206.5023     4556   86.23%
    165   167      210.1057   107     1500.0000      206.5023     7711   86.23%
    200   202      390.0000    50     1500.0000      206.5023    12692   86.23%
    258   258      335.7751    51     1500.0000      206.5023    17085   86.23%
    330   328      793.4838    24     1500.0000      206.5023    21956   86.23%
*   345+  328                         1230.0000      206.5023    23672   83.21%
    382   367      251.3709    76     1230.0000      206.5023    26056   83.21%
    440   425      311.8304    61     1230.0000      206.5023    29224   83.21%
*   468+  451                         1180.0000      206.5023    30561   82.50%
*   468+  449                         1140.0000      206.5023    30561   81.89%
*   468+  449                         1080.0000      206.5023    30561   80.88%
    469   452      206.5023   109     1080.0000      206.5023    30574   80.88%
    470   453      737.0000    87     1080.0000      737.0000    47340   31.76%
Elapsed time = 6.81 sec. (8467.73 ticks, tree = 1.74 MB, solutions = 8)
    482   460     1070.0000    56     1080.0000      768.2093    51048   28.87%
    533   434        cutoff           1080.0000      803.0010    56378   25.65%
    643   433     1077.0000    33     1080.0000      811.6080    68958   24.85%
    816   435     1070.0000    69     1080.0000      851.8359    80725   21.13%
   1009   458     1075.3580    55     1080.0000      957.1879    89854   11.37%
   1261   492     1075.0000    65     1080.0000     1070.0000    99772    0.93%
   1491   602     1075.0524    44     1080.0000     1070.0000   110607    0.93%
   1737   702     1076.6754    42     1080.0000     1070.0000   120921    0.93%
   1904   820     1076.6754    51     1080.0000     1070.0000   132791    0.93%
   2073   945     1075.3555    60     1080.0000     1070.0000   144592    0.93%
Elapsed time = 14.12 sec. (18279.04 ticks, tree = 12.69 MB, solutions = 8)
   2273  1044        cutoff           1080.0000     1070.0000   154815    0.93%
   2470  1169     1078.3333    47     1080.0000     1070.0000   165927    0.93%
   2734  1313     1075.0000    41     1080.0000     1070.0000   177291    0.93%
   2912  1415     1076.6752    51     1080.0000     1070.0000   188605    0.93%
   3116  1497     1077.9260    41     1080.0000     1070.0000   200584    0.93%
   3339  1584     1078.3333    52     1080.0000     1070.0000   211872    0.93%
   3725  1840     1075.0333    41     1080.0000     1070.0000   222246    0.93%
   4004  1990     1075.0524    64     1080.0000     1070.0000   233528    0.93%
   4420  2246     1076.6756    49     1080.0000     1070.0000   244008    0.93%
   4663  2380     1075.0000    61     1080.0000     1070.0000   254851    0.93%
Elapsed time = 21.23 sec. (27894.36 ticks, tree = 31.03 MB, solutions = 8)
   4855  2472     1075.0539    43     1080.0000     1070.0000   266454    0.93%
   5140  2622     1075.0524    57     1080.0000     1070.0000   277962    0.93%
   5407  2717     1075.5303    69     1080.0000     1070.2060   288059    0.91%
   5668  2807     1076.6925    46     1080.0000     1070.2060   299789    0.91%
   5878  2845        cutoff           1080.0000     1072.3437   311429    0.71%
   6053  2853     1077.0000    46     1080.0000     1075.0000   322575    0.46%
   6216  2890     1078.3333    73     1080.0000     1075.0000   335126    0.46%
   6343  2928     1076.6752    58     1080.0000     1075.0000   346522    0.46%
   6597  3043     1077.0000    36     1080.0000     1075.0000   356708    0.46%
   6791  3106        cutoff           1080.0000     1075.0000   368150    0.46%
Elapsed time = 28.26 sec. (37469.02 ticks, tree = 39.03 MB, solutions = 8)
   6936  3108     1076.6752    56     1080.0000     1075.0000   380130    0.46%
   7157  3163     1076.6752    41     1080.0000     1075.0000   391743    0.46%
   7435  3238     1076.6752    47     1080.0000     1075.0000   404007    0.46%
   7660  3319     1076.6754    52     1080.0000     1075.0000   416180    0.46%
   7860  3368     1076.6754    62     1080.0000     1075.0000   427674    0.46%
   8066  3384     1076.6754    48     1080.0000     1075.0000   441263    0.46%
   8170  3407     1076.6757    48     1080.0000     1075.0000   445680    0.46%
   8470  3502     1076.6752    46     1080.0000     1075.0000   457855    0.46%
   8666  3563     1078.3333    41     1080.0000     1075.0000   471142    0.46%
   8898  3644     1078.3333    58     1080.0000     1075.0000   482062    0.46%
Elapsed time = 35.60 sec. (47405.19 ticks, tree = 44.00 MB, solutions = 8)
   9304  3826        cutoff           1080.0000     1075.0000   491452    0.46%
   9787  4085     1076.6752    59     1080.0000     1075.0000   501024    0.46%
  10060  4191     1078.2457    43     1080.0000     1075.0000   511166    0.46%
  10301  4252        cutoff           1080.0000     1075.0000   522308    0.46%
  10486  4304     1076.6752    48     1080.0000     1075.0000   534000    0.46%
  10791  4396     1076.6754    44     1080.0000     1075.0000   545775    0.46%
  11155  4532     1078.3333    46     1080.0000     1075.0000   557508    0.46%
  11462  4632     1078.3333    44     1080.0000     1075.0000   570330    0.46%
  11740  4741     1076.6752    47     1080.0000     1075.0000   583274    0.46%
  11974  4819     1076.6752    53     1080.0000     1075.0000   594385    0.46%
Elapsed time = 42.64 sec. (57033.17 ticks, tree = 55.64 MB, solutions = 8)
  12338  4950     1076.6752    47     1080.0000     1075.0000   606200    0.46%
  12767  5139     1078.1589    52     1080.0000     1075.0000   618065    0.46%
  12924  5201     1076.6752    34     1080.0000     1075.0000   624717    0.46%
  13194  5044        cutoff           1080.0000     1075.0524   634212    0.46%
  13475  4852     1077.6208    54     1080.0000     1075.3555   644359    0.43%
  13677  4876     1078.7690    70     1080.0000     1075.3555   655956    0.43%
  13860  4808     1076.7418    59     1080.0000     1075.3581   668638    0.43%
  14117  4762     1078.1589    62     1080.0000     1076.3602   681119    0.34%
  14348  4840     1078.2302    51     1080.0000     1076.3602   695095    0.34%
  14622  4889     1078.3333    43     1080.0000     1076.6752   706700    0.31%
Elapsed time = 49.85 sec. (66647.26 ticks, tree = 55.19 MB, solutions = 8)
  14952  4949     1078.3333    44     1080.0000     1076.6752   717831    0.31%
  15260  4990        cutoff           1080.0000     1076.6752   729382    0.31%
  15550  5045     1076.6925    44     1080.0000     1076.6752   740004    0.31%
  15917  5126     1078.3333    54     1080.0000     1076.6752   749590    0.31%
  16098  5152        cutoff           1080.0000     1076.6752   754188    0.31%
  16438  5236     1077.0000    28     1080.0000     1076.6752   763987    0.31%
  16843  5325     1078.3333    35     1080.0000     1076.6752   774282    0.31%
  17236  5392     1078.2302    48     1080.0000     1076.6752   784606    0.31%
  17652  5498     1078.3333    63     1080.0000     1076.6752   795228    0.31%
  18070  5576     1076.6841    49     1080.0000     1076.6752   805170    0.31%
Elapsed time = 56.99 sec. (76222.06 ticks, tree = 65.93 MB, solutions = 8)
  18487  5629        cutoff           1080.0000     1076.6752   815401    0.31%
  18846  5755     1078.3333    31     1080.0000     1076.6752   825300    0.31%
  19194  5857        cutoff           1080.0000     1076.6752   835690    0.31%
  19607  5939     1078.3333    58     1080.0000     1076.6752   846100    0.31%
  20092  6030        cutoff           1080.0000     1076.6752   855195    0.31%
  20470  6083     1076.6754    46     1080.0000     1076.6752   865149    0.31%
  20967  6221     1076.6754    45     1080.0000     1076.6752   874702    0.31%
  21419  6257        cutoff           1080.0000     1076.6752   884840    0.31%
  21780  6239     1076.7222    28     1080.0000     1076.6753   892426    0.31%
  22569  6541     1076.6756    37     1080.0000     1076.6753   900131    0.31%
Elapsed time = 64.05 sec. (85817.54 ticks, tree = 77.07 MB, solutions = 8)
  23157  6630     1078.1589    59     1080.0000     1076.6754   908626    0.31%
  23379  6631     1076.6754    45     1080.0000     1076.6754   920532    0.31%
  23855  6685     1078.1589    55     1080.0000     1076.6754   930869    0.31%
  24217  6688     1078.1590    54     1080.0000     1076.6756   941406    0.31%
  24409  6652     1076.6925    45     1080.0000     1076.6756   948976    0.31%
  24690  6550        cutoff           1080.0000     1076.6803   959667    0.31%
  24780  6460        cutoff           1080.0000     1076.6803   969479    0.31%
  24882  6379     1078.2457    49     1080.0000     1076.6925   977103    0.31%
  25091  6182        cutoff           1080.0000     1076.6931   987240    0.31%
  26531  4814        cutoff           1080.0000     1076.9565  1025794    0.28%
Elapsed time = 73.83 sec. (98263.57 ticks, tree = 56.59 MB, solutions = 8)
  27262  4355     1077.0000    33     1080.0000     1077.0000  1072947    0.28%
  27462  4230     1078.7912    49     1080.0000     1077.0000  1136195    0.28%
  27664  4063        cutoff           1080.0000     1077.0844  1190609    0.27%
  28808  3216     1078.3333    50     1080.0000     1078.2302  1231984    0.16%
  30383  2037     1078.3333    51     1080.0000     1078.3333  1263442    0.15%
  31857  1118        cutoff           1080.0000     1078.3333  1296218    0.15%
  33242   300    infeasible           1080.0000     1078.8542  1336456    0.11%

Clique cuts applied:  1
Cover cuts applied:  2
Implied bound cuts applied:  83
Flow cuts applied:  186
Mixed integer rounding cuts applied:  47
Zero-half cuts applied:  1
Lift and project cuts applied:  30

Root node processing (before b&c):
  Real time             =    0.94 sec. (1131.05 ticks)
Sequential b&c:
  Real time             =   96.79 sec. (125094.31 ticks)
                          ------------
Total (root+branch&cut) =   97.73 sec. (126225.36 ticks)
