Tried aggregator 2 times.
MIP Presolve eliminated 1025 rows and 153 columns.
MIP Presolve modified 309 coefficients.
Aggregator did 36 substitutions.
Reduced MIP has 1099 rows, 1926 columns, and 7098 nonzeros.
Reduced MIP has 996 binaries, 2 generals, 0 SOSs, and 0 indicators.
Presolve time = 0.01 sec. (8.23 ticks)
Found incumbent of value 4000.000000 after 0.02 sec. (20.36 ticks)
Probing fixed 0 vars, tightened 1 bounds.
Probing time = 0.01 sec. (10.24 ticks)
Tried aggregator 2 times.
MIP Presolve eliminated 6 rows and 2 columns.
MIP Presolve modified 6 coefficients.
Aggregator did 2 substitutions.
Reduced MIP has 1091 rows, 1922 columns, and 7084 nonzeros.
Reduced MIP has 994 binaries, 20 generals, 0 SOSs, and 0 indicators.
Presolve time = 0.01 sec. (7.54 ticks)
Probing time = 0.00 sec. (2.86 ticks)
Clique table members: 3547.
MIP emphasis: balance optimality and feasibility.
MIP search method: dynamic search.
Parallel mode: none, using 1 thread.
Root relaxation solution time = 0.02 sec. (37.39 ticks)

        Nodes                                         Cuts/
   Node  Left     Objective  IInf  Best Integer    Best Bound    ItCnt     Gap

*     0+    0                         4000.0000        0.0000      770  100.00%
      0     0      101.5239   130     4000.0000      101.5239      770   97.46%
      0     0      102.0000   137     4000.0000      Cuts: 40     1110   97.45%
      0     0      186.7239   128     4000.0000      Cuts: 88     1895   95.33%
      0     0      193.3207   118     4000.0000      Cuts: 46     1992   95.17%
      0     0      193.3610   117     4000.0000      Cuts: 28     2112   95.17%
*     0+    0                         1920.0000      193.3610     2112   89.93%
      0     0      193.3659   122     1920.0000      Cuts: 22     2195   89.93%
      0     0      194.3330   118     1920.0000      Cuts: 71     2274   89.88%
      0     0      194.3519   119     1920.0000      Cuts: 26     2485   89.88%
      0     0      194.3519   118     1920.0000      Cuts: 13     2502   89.88%
      0     2      194.3519   118     1920.0000      194.3519     2502   89.88%
Elapsed time = 0.86 sec. (1112.94 ticks, tree = 0.00 MB, solutions = 2)
     26    28      210.0000   134     1920.0000      194.3519     5269   89.88%
     44    46      201.8121   105     1920.0000      194.3519     6960   89.88%
     50    52      400.0000    71     1920.0000      194.3519     7661   89.88%
     72    74      526.3987    30     1920.0000      194.3519     9956   89.88%
     90    92      531.6304    39     1920.0000      194.3519    14070   89.88%
    124   126     1460.0000    45     1920.0000      194.3519    18396   89.88%
    165   165      668.6800    26     1920.0000      194.3519    23560   89.88%
    230   228      944.0762    14     1920.0000      194.3519    29156   89.88%
    280   268      354.6041    60     1920.0000      194.3519    33471   89.88%
    445   433      573.9371    34     1920.0000      194.3519    52055   89.88%
Elapsed time = 3.34 sec. (4587.78 ticks, tree = 1.00 MB, solutions = 2)
*   480+  462                         1820.0000      194.3519    56391   89.32%
*   580+  531                         1310.0000      194.3831    63054   85.16%
    676   629      669.9160    62     1310.0000      194.3831    65517   85.16%
*   690+  428                         1300.0000      290.9605    71482   77.62%
*   690+  285                         1200.0000      290.9605    71482   75.75%
    690   286      552.0711   106     1200.0000      552.0711    84505   53.99%
    698   288      561.3596   120     1200.0000      554.4692    87629   53.79%
    724   304     1018.0000    68     1200.0000      554.4692    90962   53.79%
    800   336     1027.0000    26     1200.0000      554.4692   104116   53.79%
*   830+  268                         1050.0000      554.4692   110520   47.19%
    875   276     1020.0000    46     1050.0000      555.4813   124204   47.10%
    957   303     1024.0000    35     1050.0000      555.4813   134007   47.10%
   1050   333      738.1285    73     1050.0000      557.0000   153458   46.95%
   1190   426     1015.0000    52     1050.0000      557.9401   175390   46.86%
   1338   540      647.7282    67     1050.0000      558.0000   200526   46.86%
Elapsed time = 14.75 sec. (18644.72 ticks, tree = 0.58 MB, solutions = 7)
   1450   641     1038.0000    46     1050.0000      560.0993   216367   46.66%
   1568   746     1017.9537    38     1050.0000      560.6914   237467   46.60%
   1700   861     1025.8555    52     1050.0000      562.6982   259062   46.41%
   1799   940      645.6799    69     1050.0000      569.3500   273535   45.78%
   1927  1023     1044.3745    55     1050.0000      572.3123   282759   45.49%
   2071  1136     1018.0000    44     1050.0000      579.8086   294268   44.78%
   2178  1219        cutoff           1050.0000      584.4492   306007   44.34%
   2375  1390     1044.0000    31     1050.0000      587.8517   317964   44.01%
   2534  1526     1021.0000    20     1050.0000      592.2289   329562   43.60%
   2745  1715     1040.0000    32     1050.0000      595.3404   343568   43.30%
Elapsed time = 22.28 sec. (28278.17 ticks, tree = 10.04 MB, solutions = 7)
   2926  1874     1023.3333    20     1050.0000      601.9233   355489   42.67%
   3079  2002        cutoff           1050.0000      605.3416   368470   42.35%
   3282  2181     1020.0000    38     1050.0000      623.5370   380270   40.62%
   3358  2247     1028.0000    33     1050.0000      623.5370   393167   40.62%
   3519  2382     1030.2632    20     1050.0000      625.6412   407745   40.42%
   3650  2475      945.8185    67     1050.0000      642.2793   419759   38.83%
*  3690+ 2072                         1040.0000      645.6799   422311   37.92%
   3790  2150     1017.0632    29     1040.0000      647.7282   428253   37.72%
   3963  2307     1027.0632    14     1040.0000      649.1053   441642   37.59%
   4124  2439     1021.0000    28     1040.0000      649.8340   453879   37.52%
   4286  2571      923.3819    52     1040.0000      649.8340   465682   37.52%
Elapsed time = 29.70 sec. (37859.55 ticks, tree = 24.15 MB, solutions = 8)
   4422  2678      650.0548    59     1040.0000      649.8340   478036   37.52%
   4619  2859      988.4021    56     1040.0000      649.8340   490453   37.52%
   4714  2936     1034.0000    32     1040.0000      649.8497   497897   37.51%
   4841  3051     1024.0282    27     1040.0000      650.0548   509476   37.49%
   5021  3216     1034.3615    23     1040.0000      650.0803   522102   37.49%
   5185  3357     1038.0000    39     1040.0000      650.2772   532153   37.47%
   5401  3551     1016.7277    31     1040.0000      650.6757   543394   37.44%
   5572  3710     1037.7546    25     1040.0000      650.7459   555747   37.43%
   5719  3826     1026.8813    35     1040.0000      650.8702   567776   37.42%
   5940  4020      938.1712    60     1040.0000      651.0812   580323   37.40%
Elapsed time = 37.18 sec. (47500.40 ticks, tree = 41.67 MB, solutions = 8)
   6058  4123      935.8761    55     1040.0000      652.2023   592616   37.29%
   6251  4303     1035.0000    21     1040.0000      652.6950   605163   37.24%
   6418  4444      928.7891    59     1040.0000      652.8155   618017   37.23%
   6666  4661     1034.0000    17     1040.0000      652.9040   631621   37.22%
   6820  4791     1034.0190    35     1040.0000      653.6383   643086   37.15%
   7008  4956     1024.4926    33     1040.0000      655.0661   657323   37.01%
   7220  5144     1034.0811    35     1040.0000      655.4118   669825   36.98%
   7382  5292     1021.0000    36     1040.0000      656.4504   680347   36.88%
   7543  5440     1033.0000    30     1040.0000      657.4508   692739   36.78%
   7696  5584     1032.0000    23     1040.0000      657.4508   701476   36.78%
Elapsed time = 44.66 sec. (57121.99 ticks, tree = 57.83 MB, solutions = 8)
   7877  5734        cutoff           1040.0000      657.4508   713618   36.78%
   8045  5891     1027.0715    27     1040.0000      657.6828   724411   36.76%
   8290  6100      929.3467    43     1040.0000      659.9380   736078   36.54%
   8521  6313     1035.0000    34     1040.0000      660.4154   747242   36.50%
   8690  6455     1036.7554    28     1040.0000      660.8593   759349   36.46%
   8891  6635     1028.0277    19     1040.0000      661.0836   772250   36.43%
   9075  6788      949.0391    75     1040.0000      662.8573   783692   36.26%
   9247  6950     1020.0000    26     1040.0000      663.4439   795387   36.21%
   9323  7014     1026.6667    27     1040.0000      663.4439   810603   36.21%
   9494  7163      951.0237    39     1040.0000      664.6690   825595   36.09%
Elapsed time = 52.31 sec. (66909.64 ticks, tree = 74.86 MB, solutions = 8)
   9674  7303      715.3429    68     1040.0000      666.1886   836623   35.94%
   9803  7425     1034.0000    22     1040.0000      666.3383   846715   35.93%
   9990  7567      957.2245    61     1040.0000      668.4486   859075   35.73%
  10193  7726      976.0548    68     1040.0000      670.0765   871044   35.57%
  10350  7849      954.3829    59     1040.0000      673.0941   881487   35.28%
  10558  8016      955.5000    23     1040.0000      674.0837   894352   35.18%
  10748  8176     1016.8802    35     1040.0000      674.7109   905925   35.12%
  10903  8303      979.1854    48     1040.0000      678.4488   917978   34.76%
  10959  8342      993.6130    65     1040.0000      684.2987   921646   34.20%
  11163  8498     1020.6977    32     1040.0000      689.8821   932332   33.67%
Elapsed time = 59.68 sec. (76514.10 ticks, tree = 90.66 MB, solutions = 8)
  11396  8699     1017.2071    25     1040.0000      691.7043   945500   33.49%
  11531  8819     1034.1536    16     1040.0000      692.6331   957784   33.40%
  11690  8940     1026.6667    31     1040.0000      694.4144   970665   33.23%
  11880  9106     1020.0000    22     1040.0000      696.6066   982592   33.02%
  12003  9200      941.2355    53     1040.0000      701.1696   995417   32.58%
  12235  9420     1031.0000    28     1040.0000      702.2793  1007100   32.47%
  12387  9542     1026.7279    18     1040.0000      707.0866  1019091   32.01%
  12588  9711     1026.8371    26     1040.0000      708.7649  1030046   31.85%
  12708  9821     1026.8963    16     1040.0000      709.0009  1040598   31.83%
  12841  9927      975.0933    60     1040.0000      709.9502  1053114   31.74%
Elapsed time = 67.35 sec. (86404.67 ticks, tree = 106.06 MB, solutions = 8)
  13028 10080      955.8792    77     1040.0000      718.5856  1064839   30.91%
  13247 10257      798.8888    76     1040.0000      721.7313  1075641   30.60%
  13363 10326      973.4768    64     1040.0000      726.2122  1084877   30.17%
  13506 10439      977.4336    61     1040.0000      731.8972  1096498   29.63%
  13690 10596     1024.0000    25     1040.0000      733.6576  1105899   29.46%
  13880 10733      983.7412    58     1040.0000      738.9572  1118349   28.95%
  14069 10888      894.1884    60     1040.0000      749.8943  1129213   27.89%
  14252 11011     1020.7565    27     1040.0000      766.3207  1139265   26.32%
  14469 11207     1030.1000    32     1040.0000      771.3653  1151829   25.83%
* 14690+ 8193                         1030.0000      773.2988  1167249   24.92%
  15201  8641     1023.3333    23     1030.0000      776.8438  1202156   24.58%
Elapsed time = 77.01 sec. (98944.10 ticks, tree = 90.24 MB, solutions = 9)
  16069  9310      947.0637    65     1030.0000      810.8885  1247503   21.27%
  16873  9972      943.7091    59     1030.0000      817.6728  1298690   20.61%
  17766 10733     1026.9732    25     1030.0000      823.2640  1348283   20.07%
  18567 11413      922.9159    49     1030.0000      829.2757  1397676   19.49%
  19393 12117     1020.1495    46     1030.0000      837.7602  1441058   18.66%
  20235 12833      844.0077    57     1030.0000      842.0597  1485877   18.25%
  21099 13580     1028.0000    31     1030.0000      844.5904  1532543   18.00%
  21980 14297     1017.0622    34     1030.0000      851.7997  1580911   17.30%
  22828 14951     1026.8874    34     1030.0000      855.5396  1628497   16.94%
  23563 15573      925.5000    47     1030.0000      859.6666  1679213   16.54%
Elapsed time = 106.76 sec. (137194.63 ticks, tree = 161.79 MB, solutions = 9)
  24368 16241        cutoff           1030.0000      863.8106  1726404   16.13%
  24994 16752     1029.0000    29     1030.0000      865.9184  1772055   15.93%
  25712 17365     1024.2136    55     1030.0000      868.9863  1815266   15.63%
  26548 18049     1020.0000    21     1030.0000      879.8198  1857940   14.58%
  27401 18739      980.6384    53     1030.0000      889.0841  1904825   13.68%
  28220 19426     1016.9103    58     1030.0000      897.2789  1952640   12.89%
  29174 20224     1020.3983    36     1030.0000      904.9135  1999211   12.14%
  29891 20847      923.8063    63     1030.0000      907.3456  2043857   11.91%
  30550 21401     1023.4166    25     1030.0000      909.9327  2089152   11.66%
  31248 22002     1016.8553    28     1030.0000      912.8334  2134049   11.38%
Elapsed time = 136.29 sec. (175433.24 ticks, tree = 222.47 MB, solutions = 9)
  32005 22673     1023.6306    26     1030.0000      914.5577  2178314   11.21%
  32749 23306     1017.1537    34     1030.0000      917.5078  2220287   10.92%
  33584 24019     1017.1559    41     1030.0000      920.9863  2262209   10.58%
  34411 24733     1023.7928    32     1030.0000      920.9863  2306154   10.58%
  35409 25575     1024.9993    29     1030.0000      920.9863  2348186   10.58%
  36280 26345     1016.8802    28     1030.0000      920.9863  2397260   10.58%
  37388 27280     1026.6889    19     1030.0000      920.9863  2444656   10.58%
  38414 28177     1016.6667    24     1030.0000      920.9863  2489475   10.58%
  39582 29212     1013.9973    37     1030.0000      920.9863  2531373   10.58%
  40492 30019     1026.6667    24     1030.0000      920.9863  2579149   10.58%
Elapsed time = 166.25 sec. (213628.59 ticks, tree = 335.55 MB, solutions = 9)
  41387 30817     1023.6161    28     1030.0000      920.9863  2623242   10.58%
  42399 31694     1017.2996    36     1030.0000      920.9863  2666510   10.58%
  43185 32366     1027.2955    31     1030.0000      920.9863  2716130   10.58%
  44265 33292     1014.0000    39     1030.0000      920.9863  2763267   10.58%
  45320 34222     1020.1062    25     1030.0000      920.9863  2804619   10.58%
  46114 34865     1020.3355    20     1030.0000      920.9863  2849273   10.58%
  47046 35629     1023.9757    26     1030.0000      920.9863  2893057   10.58%
  47962 36423     1014.5387    58     1030.0000      920.9863  2937427   10.58%
  48978 37296     1013.9973    33     1030.0000      921.3052  2982896   10.55%
  49970 38184     1017.0632    44     1030.0000      921.3052  3028051   10.55%
Elapsed time = 196.44 sec. (251838.87 ticks, tree = 444.42 MB, solutions = 9)
  51098 39175     1026.8885    38     1030.0000      921.3052  3074318   10.55%
  52011 39964     1020.1617    31     1030.0000      921.3122  3121191   10.55%
  53098 40890     1020.0000    26     1030.0000      921.5123  3168560   10.53%
  54150 41780     1020.0000    18     1030.0000      922.0087  3212589   10.48%
  54901 42446      953.7023    63     1030.0000      922.4724  3253046   10.44%
  55974 43414     1026.6667    12     1030.0000      922.4724  3299011   10.44%
  56805 44152     1016.9494    30     1030.0000      922.4724  3342690   10.44%
  57674 44929     1023.3333    31     1030.0000      922.7150  3386426   10.42%
  58677 45822     1023.6300    18     1030.0000      922.8155  3430260   10.41%
  59593 46628     1020.1894    28     1030.0000      922.8991  3471347   10.40%
Elapsed time = 226.69 sec. (290074.13 ticks, tree = 550.57 MB, solutions = 9)
  60552 47453     1016.9886    36     1030.0000      922.8991  3514680   10.40%
  61375 48156     1016.9103    57     1030.0000      922.9159  3560919   10.40%
  62325 48997     1016.9830    30     1030.0000      922.9159  3606028   10.40%
  63192 49759     1016.6667    31     1030.0000      922.9159  3652101   10.40%
  64278 50723     1021.3365    30     1030.0000      922.9577  3697135   10.39%
  65435 51729     1017.3352    49     1030.0000      922.9577  3745675   10.39%
  66420 52572     1020.1663    28     1030.0000      922.9577  3792094   10.39%
  67466 53466     1017.2068    31     1030.0000      923.2759  3836146   10.36%
  68699 54549     1017.3559    40     1030.0000      923.3008  3881403   10.36%
  69890 55582     1016.6667    42     1030.0000      923.8063  3925689   10.31%
Elapsed time = 257.08 sec. (328354.88 ticks, tree = 684.20 MB, solutions = 9)
  70869 56470     1017.1464    45     1030.0000      923.8399  3970471   10.31%
  71780 57234     1020.0000    40     1030.0000      924.4170  4010987   10.25%
  72854 58165     1027.7476    32     1030.0000      924.4402  4051397   10.25%
  74036 59177     1020.0000    41     1030.0000      924.6620  4095526   10.23%
  75021 60033        cutoff           1030.0000      924.8598  4139655   10.21%
  76097 60992     1023.8884    35     1030.0000      924.8598  4184178   10.21%
  77071 61856        cutoff           1030.0000      925.2761  4228263   10.17%
  78143 62805     1028.7044    23     1030.0000      925.3867  4277071   10.16%
  79169 63707     1023.5607    22     1030.0000      925.4254  4322625   10.15%
  80162 64566     1026.9657    22     1030.0000      925.5000  4368667   10.15%
Elapsed time = 287.24 sec. (366572.73 ticks, tree = 813.36 MB, solutions = 9)
  81171 65449     1026.6667    14     1030.0000      925.5000  4412068   10.15%
  82297 66436     1025.5092    15     1030.0000      925.5000  4456376   10.15%
  83314 67358     1023.5605    21     1030.0000      925.5000  4498974   10.15%
  84291 68217     1023.3333    25     1030.0000      925.5000  4545046   10.15%
  85450 69247     1016.8802    38     1030.0000      925.5000  4590405   10.15%
  86568 70246     1016.6667    41     1030.0000      925.5000  4633163   10.15%
  87537 71102     1016.8802    33     1030.0000      925.5000  4672305   10.15%
  88543 71966      944.5561    63     1030.0000      925.5000  4718517   10.15%
  89505 72804     1021.0042    36     1030.0000      925.5000  4762246   10.15%
  90640 73820     1023.3333    27     1030.0000      925.5000  4803390   10.15%
Elapsed time = 317.57 sec. (404823.63 ticks, tree = 942.02 MB, solutions = 9)
  91784 74828     1016.6667    39     1030.0000      925.5000  4845012   10.15%
  92900 75807     1016.6667    28     1030.0000      925.5000  4888493   10.15%
  94097 76863     1027.4485    17     1030.0000      925.5000  4931674   10.15%
  95291 77917     1016.8826    22     1030.0000      925.5000  4978325   10.15%
  96415 78911     1020.1502    45     1030.0000      925.5000  5021451   10.15%
  97617 79974     1016.6667    29     1030.0000      925.5000  5065993   10.15%
  98645 80891     1021.0668    28     1030.0000      925.5000  5110482   10.15%
  99714 81834     1017.1560    39     1030.0000      925.5000  5150972   10.15%
 100690 82699     1016.8880    56     1030.0000      925.5000  5195421   10.15%
 102066 83955     1016.6667    43     1030.0000      925.5000  5240860   10.15%
Elapsed time = 347.82 sec. (443292.62 ticks, tree = 1087.39 MB, solutions = 9)
 103261 85021     1023.8762    23     1030.0000      925.5000  5288145   10.15%
 104344 85979     1027.1262    31     1030.0000      925.5000  5332780   10.15%
 105533 87057     1016.8802    39     1030.0000      925.5000  5373179   10.15%
 106554 87978     1020.1847    14     1030.0000      925.5000  5418175   10.15%
 107470 88782     1017.2168    24     1030.0000      925.5000  5461839   10.15%
 108484 89685     1020.2241    22     1030.0000      925.5000  5501608   10.15%
 109633 90728     1026.6667    29     1030.0000      925.5000  5547906   10.15%
 110708 91667     1016.8802    43     1030.0000      925.5012  5590912   10.15%
 111626 92492        cutoff           1030.0000      925.5611  5634559   10.14%
 112540 93293     1023.3333    16     1030.0000      925.6387  5677033   10.13%
Elapsed time = 377.78 sec. (481480.65 ticks, tree = 1216.45 MB, solutions = 9)
 113690 94303     1016.8802    34     1030.0000      925.7066  5719827   10.13%
 114870 95357     1020.7667    27     1030.0000      925.7066  5766081   10.13%
 116017 96376     1027.9759    31     1030.0000      925.7066  5811776   10.13%
 117112 97341     1020.6131    18     1030.0000      925.8311  5853843   10.11%
 118168 98236     1020.5830    27     1030.0000      925.9788  5900869   10.10%
 119365 99309     1023.4431    26     1030.0000      925.9788  5944858   10.10%
 120547 100355     1020.3595    17     1030.0000      925.9925  5985271   10.10%
 121590 101251     1020.3175    19     1030.0000      926.0474  6032901   10.09%
 122512 102074     1026.6667    35     1030.0000      926.1688  6077558   10.08%
 123692 103081     1026.8083    33     1030.0000      926.6819  6118154   10.03%
Elapsed time = 408.31 sec. (519900.86 ticks, tree = 1357.72 MB, solutions = 9)
 124900 104092     1023.7495    22     1030.0000      927.1471  6160558    9.99%
 125998 105003     1020.2831    25     1030.0000      927.4370  6203017    9.96%
 127168 106013        cutoff           1030.0000      927.4370  6247789    9.96%
 128301 107010        cutoff           1030.0000      927.4370  6289003    9.96%
 129386 107954     1020.4407    32     1030.0000      927.4370  6337247    9.96%
 130466 108882     1020.7571    45     1030.0000      927.4370  6381153    9.96%
 131476 109750        cutoff           1030.0000      927.4370  6431991    9.96%
 132807 110912     1020.0000    39     1030.0000      927.4370  6472602    9.96%
 133930 111891     1020.0583    37     1030.0000      927.4370  6519176    9.96%
 135157 112961     1021.5280    33     1030.0000      927.4370  6564353    9.96%
Elapsed time = 438.59 sec. (558108.91 ticks, tree = 1506.49 MB, solutions = 9)
 136530 114187     1023.4647    24     1030.0000      927.4370  6608403    9.96%
 137795 115313     1026.7444    24     1030.0000      927.4370  6654900    9.96%
 139116 116492     1026.8968    24     1030.0000      927.4370  6698182    9.96%
 140241 117455     1020.2409    39     1030.0000      927.4370  6749201    9.96%
 141354 118406     1020.7824    51     1030.0000      927.4370  6795937    9.96%
 142572 119488     1020.2168    23     1030.0000      927.4370  6838394    9.96%
 143715 120487     1023.4515    20     1030.0000      927.4370  6878122    9.96%
 144831 121478     1021.0000    39     1030.0000      927.4370  6921006    9.96%
 146095 122599     1024.0369    22     1030.0000      927.4370  6968518    9.96%
 147374 123724     1026.6667    33     1030.0000      927.4370  7008090    9.96%
Elapsed time = 469.04 sec. (596375.18 ticks, tree = 1657.93 MB, solutions = 9)
 148515 124712     1024.4103    35     1030.0000      927.4370  7054701    9.96%
 149490 125540     1020.1165    32     1030.0000      927.4370  7096043    9.96%
 150838 126706     1023.3333    33     1030.0000      927.4933  7140479    9.95%
 152000 127724     1016.8802    43     1030.0000      927.5298  7180973    9.95%
 152997 128619        cutoff           1030.0000      927.7740  7223529    9.92%
 154003 129492     1024.4103    18     1030.0000      927.8866  7267427    9.91%
 155112 130455     1020.1495    41     1030.0000      928.0168  7313591    9.90%
 156252 131456     1026.7545    20     1030.0000      928.6804  7356564    9.84%
 157487 132518     1023.5524    49     1030.0000      928.9350  7397933    9.81%
 158640 133518        cutoff           1030.0000      928.9630  7441649    9.81%
Elapsed time = 499.29 sec. (634628.99 ticks, tree = 1791.95 MB, solutions = 9)
 159831 134532     1024.5649    42     1030.0000      929.3467  7482654    9.77%
 161090 135583     1026.8885    31     1030.0000      929.3467  7530476    9.77%
 162312 136610     1020.1519    22     1030.0000      930.2761  7577429    9.68%
 163402 137561     1020.7383    26     1030.0000      930.3014  7618301    9.68%
 164690 138672     1024.3599    26     1030.0000      930.4254  7660546    9.67%
 165895 139731     1026.6667    30     1030.0000      930.5000  7704775    9.66%
 166941 140627     1027.0210    23     1030.0000      930.5000  7749125    9.66%
 168335 141863     1023.5302    28     1030.0000      930.5000  7790451    9.66%
 169433 142815     1020.2914    29     1030.0000      930.5000  7834532    9.66%
 170524 143763     1079.9583    31     1030.0000      930.5000  7880310    9.66%
Elapsed time = 529.60 sec. (673020.70 ticks, tree = 1935.32 MB, solutions = 9)
 171646 144744     1024.2488    24     1030.0000      930.5000  7923851    9.66%
 172690 145664     1020.6263    48     1030.0000      930.5000  7966163    9.66%
 173998 146818     1028.9733    31     1030.0000      930.5000  8012094    9.66%
 174992 147713     1026.7201    15     1030.0000      930.5000  8042691    9.66%
 175429 148079     1020.0000    46     1030.0000      930.5000  8060879    9.66%
 175849 148444     1020.2004    26     1030.0000      930.5000  8077209    9.66%
 176490 149010     1020.0000    24     1030.0000      930.5000  8102405    9.66%
 176890 149361     1020.0000    35     1030.0000      930.5000  8119846    9.66%
 177390 149786     1024.2178    27     1030.0000      930.5000  8141642    9.66%
 177890 150217     1020.2732    20     1030.0000      930.5000  8163879    9.66%
Elapsed time = 562.97 sec. (713106.06 ticks, tree = 2027.05 MB, solutions = 9)
 178290 150564     1028.1013    16     1030.0000      930.5000  8181904    9.66%
 178890 151107     1020.4469    31     1030.0000      930.5000  8202116    9.66%
 179173 151355     1020.2241    37     1030.0000      930.5000  8212586    9.66%
 179390 151558     1020.2260    36     1030.0000      930.5000  8217397    9.66%
 179890 151992     1026.9507    23     1030.0000      930.5000  8243038    9.66%
 180490 152518     1027.6401    34     1030.0000      930.5000  8269551    9.66%
 180920 152899     1024.1362    25     1030.0000      930.5000  8284237    9.66%
 181290 153218     1020.1162    44     1030.0000      930.5000  8298837    9.66%
 181990 153820     1023.5602    26     1030.0000      930.5000  8318872    9.66%
 182890 154621     1023.4085    20     1030.0000      930.5000  8354238    9.66%
Elapsed time = 599.69 sec. (754362.79 ticks, tree = 2093.09 MB, solutions = 9)
Nodefile size = 45.31 MB (32.00 MB after compression)

GUB cover cuts applied:  2
Implied bound cuts applied:  43
Flow cuts applied:  147
Mixed integer rounding cuts applied:  58
Lift and project cuts applied:  15

Root node processing (before b&c):
  Real time             =    0.86 sec. (1112.98 ticks)
Sequential b&c:
  Real time             =  599.14 sec. (753573.68 ticks)
                          ------------
Total (root+branch&cut) =  600.00 sec. (754686.66 ticks)
