Tried aggregator 3 times.
MIP Presolve eliminated 1025 rows and 139 columns.
MIP Presolve modified 433 coefficients.
Aggregator did 42 substitutions.
Reduced MIP has 1068 rows, 1896 columns, and 6836 nonzeros.
Reduced MIP has 973 binaries, 2 generals, 0 SOSs, and 0 indicators.
Presolve time = 0.01 sec. (10.41 ticks)
Found incumbent of value 3800.000000 after 0.02 sec. (19.45 ticks)
Probing time = 0.00 sec. (3.30 ticks)
Tried aggregator 1 time.
Reduced MIP has 1068 rows, 1896 columns, and 6836 nonzeros.
Reduced MIP has 973 binaries, 23 generals, 0 SOSs, and 0 indicators.
Presolve time = 0.00 sec. (3.58 ticks)
Probing time = 0.00 sec. (3.24 ticks)
Clique table members: 1786.
MIP emphasis: balance optimality and feasibility.
MIP search method: dynamic search.
Parallel mode: none, using 1 thread.
Root relaxation solution time = 0.02 sec. (33.27 ticks)

        Nodes                                         Cuts/
   Node  Left     Objective  IInf  Best Integer    Best Bound    ItCnt     Gap

*     0+    0                         3800.0000        0.0000      622  100.00%
      0     0      126.7017   128     3800.0000      126.7017      622   96.67%
      0     0      127.0000   114     3800.0000      Cuts: 16      849   96.66%
      0     0      229.0827   125     3800.0000      Cuts: 76     1664   93.97%
      0     0      241.1057   117     3800.0000      Cuts: 45     2304   93.66%
*     0+    0                         1940.0000      241.1057     2304   87.57%
*     0+    0                         1860.0000      241.1057     2304   87.04%
*     0+    0                         1610.0000      241.1057     2304   85.02%
      0     0      241.1057   106     1610.0000      Cuts: 26     2367   85.02%
      0     0      241.5773   109     1610.0000      Cuts: 76     2793   85.00%
      0     0      241.5997   109     1610.0000      Cuts: 40     2825   84.99%
      0     0      241.5997   106     1610.0000      Cuts: 27     2871   84.99%
      0     0      241.5997   107     1610.0000       Cuts: 4     2895   84.99%
*     0+    0                         1609.0000      241.5997     2895   84.98%
      0     2      241.5997   102     1609.0000      241.5997     2895   84.98%
Elapsed time = 0.84 sec. (1030.68 ticks, tree = 0.00 MB, solutions = 5)
     20    22      241.8042   107     1609.0000      241.6007     4919   84.98%
     78    80      247.5979   101     1609.0000      241.6007     7045   84.98%
    118   120      247.5990   102     1609.0000      241.6007     8706   84.98%
    200   202      243.2003   107     1609.0000      241.6007    10446   84.98%
    338   340      326.2196    62     1609.0000      241.6007    13541   84.98%
    391   393      366.4883    52     1609.0000      241.6007    17759   84.98%
    450   450      499.4339    29     1609.0000      241.6007    23098   84.98%
*   493+  481                         1590.0000      241.6007    26774   84.80%
*   493+  481                         1460.0000      241.6007    26774   83.45%
    495   485      249.9087   103     1460.0000      241.8042    26812   83.44%
    545   535      276.8006    86     1460.0000      241.8042    29368   83.44%
*   603+  394                         1430.0000      242.0018    33220   83.08%
*   603+  262                         1380.0000      591.1107    49677   57.17%
    603   263      592.0000    99     1380.0000      592.0000    49677   57.10%
Elapsed time = 6.35 sec. (8263.61 ticks, tree = 3.61 MB, solutions = 9)
    621   268      972.0000    58     1380.0000      593.7571    52409   56.97%
    645   281     1280.0000    65     1380.0000      593.7571    56096   56.97%
    717   312     1283.6014    28     1380.0000      593.7571    66103   56.97%
    797   326     1290.8757    20     1380.0000      593.7571    87209   56.97%
*   808+  265                         1320.0000      593.7571    90515   55.02%
    921   322     1293.5672    41     1320.0000      599.6435    98988   54.57%
   1053   387     1086.4213    63     1320.0000      602.9294   109142   54.32%
   1185   489      820.0234    90     1320.0000      606.4808   121953   54.05%
   1418   701      909.6216    85     1320.0000      615.0072   132942   53.41%
   1603   873      975.1016    74     1320.0000      624.7864   143516   52.67%
   1837  1073     1303.0000    42     1320.0000      630.2171   155818   52.26%
Elapsed time = 13.60 sec. (17918.33 ticks, tree = 15.66 MB, solutions = 10)
   2013  1218     1310.1756    22     1320.0000      635.4767   170327   51.86%
   2204  1388     1285.0000    27     1320.0000      643.0115   183631   51.29%
   2355  1513      981.7859    71     1320.0000      657.9711   196344   50.15%
*  2603+ 1593                         1300.0000      668.4776   208109   48.58%
   2603  1595     1283.0456    44     1300.0000      668.4776   208109   48.58%
   2815  1793     1283.3333    55     1300.0000      690.8403   220260   46.86%
   3083  2037     1279.0000    38     1300.0000      722.8239   231222   44.40%
   3404  2344     1291.8986    39     1300.0000      731.4633   242456   43.73%
   3603  2485     1279.7209    49     1300.0000      744.4584   251626   42.73%
   3922  2782     1282.7873    50     1300.0000      768.9753   262657   40.85%
   4202  3039     1283.3333    48     1300.0000      789.7624   274931   39.25%
Elapsed time = 21.40 sec. (28404.29 ticks, tree = 40.94 MB, solutions = 11)
   4477  3298     1298.6346    33     1300.0000      789.7624   289016   39.25%
   4826  3622     1292.1558    35     1300.0000      789.7624   303022   39.25%
   5228  4001     1285.8699    46     1300.0000      819.0000   315342   37.00%
   5565  4304     1276.9406    59     1300.0000      843.1952   326631   35.14%
   5920  4634      973.9282    68     1300.0000      860.3545   340822   33.82%
   6271  4947     1283.1059    44     1300.0000      895.9629   352099   31.08%
   6603  5256     1277.7680    39     1300.0000      896.7515   363202   31.02%
   7004  5622     1201.9881    54     1300.0000      898.1029   374412   30.92%
   7425  6015     1284.4119    36     1300.0000      906.5495   384200   30.27%
   8021  6574     1287.2136    34     1300.0000      908.8445   395487   30.09%
Elapsed time = 28.53 sec. (38437.55 ticks, tree = 90.52 MB, solutions = 11)
   8279  6805     1001.3576    70     1300.0000      909.6216   407329   30.03%
   8598  7088     1202.9729    75     1300.0000      909.6216   419713   30.03%
   8952  7405      992.4226    59     1300.0000      909.6371   430846   30.03%
   9307  7747     1280.3069    30     1300.0000      909.6371   442094   30.03%
   9603  8026     1288.2862    46     1300.0000      909.6371   453372   30.03%
   9977  8366     1278.2733    47     1300.0000      910.3510   464866   29.97%
  10385  8751     1292.0000    62     1300.0000      910.7073   476275   29.95%
  10620  8960     1195.1461    73     1300.0000      960.7018   487888   26.10%
  10664  9004     1195.1707    75     1300.0000      960.7018   488202   26.10%
  10978  9298     1283.3333    44     1300.0000      960.8277   499404   26.09%
Elapsed time = 35.82 sec. (48631.60 ticks, tree = 133.17 MB, solutions = 11)
  11458  9750     1297.1460    37     1300.0000      964.9871   510538   25.77%
  11857 10102     1277.6976    35     1300.0000      964.9871   521383   25.77%
  12209 10396      992.0000    98     1300.0000      964.9871   532958   25.77%
  12603 10768     1276.9406    52     1300.0000      966.5359   542012   25.65%
  12813 10957     1226.0669    66     1300.0000      967.5647   552941   25.57%
  13352 11445     1205.9464    77     1300.0000      970.8654   562816   25.32%
  13672 11726     1227.2563    61     1300.0000      970.8756   574546   25.32%
  14018 12045     1002.0000    67     1300.0000      971.1182   583735   25.30%
  14428 12423     1225.2245    72     1300.0000      971.9895   594592   25.23%
  14845 12777     1283.8710    51     1300.0000      971.9895   606198   25.23%
Elapsed time = 42.86 sec. (58638.42 ticks, tree = 171.33 MB, solutions = 11)
  15377 13283     1290.0000    60     1300.0000      972.0000   616410   25.23%
  15707 13593     1281.1053    48     1300.0000      972.0000   624393   25.23%
  16142 13989     1227.2563    56     1300.0000      972.0000   637272   25.23%
  16692 14508     1293.3624    28     1300.0000      972.0000   649464   25.23%
  17053 14829     1228.8158    55     1300.0000      972.0000   661509   25.23%
  17470 15204     1279.7933    46     1300.0000      972.0000   673061   25.23%
  17920 15641     1288.8913    36     1300.0000      972.0000   683956   25.23%
  18280 15961     1206.8726    62     1300.0000      972.0000   696601   25.23%
  18455 16123     1292.9185    51     1300.0000      972.0000   708688   25.23%
  18580 16231        cutoff           1300.0000      972.0000   722587   25.23%
Elapsed time = 49.70 sec. (68225.82 ticks, tree = 201.72 MB, solutions = 11)
  18856 16485     1293.4848    22     1300.0000      972.0000   731954   25.23%
  19177 16793     1287.2028    68     1300.0000      972.0000   743235   25.23%
  19519 17113     1225.8667    64     1300.0000      972.3282   754000   25.21%
  19886 17465     1291.0000    48     1300.0000      972.4191   763747   25.20%
  20330 17850     1277.7680    30     1300.0000      972.4191   775038   25.20%
  20708 18208     1276.9406    60     1300.0000      972.4191   785830   25.20%
  21145 18625     1290.0784    44     1300.0000      972.4191   796138   25.20%
  21596 19031     1290.0811    31     1300.0000      972.4191   807022   25.20%
  21915 19312     1295.6507    44     1300.0000      972.4191   816374   25.20%
  22371 19730     1080.7820    60     1300.0000      972.4191   827725   25.20%
Elapsed time = 56.48 sec. (77835.16 ticks, tree = 243.65 MB, solutions = 11)
  22720 20047     1277.5061    53     1300.0000      972.4191   840102   25.20%
  23180 20471     1287.0000    54     1300.0000      972.5993   852010   25.18%
  23555 20823     1290.7411    62     1300.0000      973.1754   865809   25.14%
  23999 21241     1290.7874    31     1300.0000      973.1754   874547   25.14%
  24479 21677     1277.4912    50     1300.0000      973.1754   886931   25.14%
  24800 21968     1226.0669    77     1300.0000      973.1754   899654   25.14%
  25172 22313     1287.4743    53     1300.0000      973.1754   911685   25.14%
  25611 22726     1289.0861    39     1300.0000      973.1754   923801   25.14%
  26064 23119     1291.3733    39     1300.0000      973.1754   937018   25.14%
  26468 23490     1277.1958    60     1300.0000      973.1754   949734   25.14%
Elapsed time = 63.17 sec. (87430.26 ticks, tree = 303.52 MB, solutions = 11)
  27003 23955     1297.8706    51     1300.0000      973.1754   961510   25.14%
  27347 24256     1278.0000    45     1300.0000      973.9282   976816   25.08%
  27676 24569     1227.4596    64     1300.0000      973.9282   986069   25.08%
  28078 24941     1227.3413    76     1300.0000      973.9282   998609   25.08%
  28362 25210     1296.2711    61     1300.0000      973.9282  1008878   25.08%
  28846 25640     1227.2563    70     1300.0000      973.9282  1020080   25.08%
  29166 25931     1290.0000    51     1300.0000      973.9282  1031206   25.08%
  29421 26168     1227.5020    69     1300.0000      973.9282  1041747   25.08%
  29632 26360     1283.3537    68     1300.0000      974.2200  1050921   25.06%
  31313 27881     1291.1770    55     1300.0000      980.0513  1092997   24.61%
Elapsed time = 71.95 sec. (99872.65 ticks, tree = 367.61 MB, solutions = 11)
  32960 29374     1290.0262    52     1300.0000      981.7859  1139497   24.48%
  34593 30849     1287.2656    47     1300.0000      981.7859  1186280   24.48%
  35892 32020     1225.5906    61     1300.0000      981.7859  1230855   24.48%
  37198 33208     1277.7916    44     1300.0000      982.1122  1275811   24.45%
  38817 34713     1290.0524    59     1300.0000      982.7051  1327384   24.41%
  40258 36038     1276.9406    45     1300.0000      982.7051  1372068   24.41%
  41727 37395     1098.8093    67     1300.0000      982.7051  1417233   24.41%
  43217 38729     1295.7241    37     1300.0000      984.4948  1461888   24.27%
  45116 40489     1283.6014    56     1300.0000      991.1614  1510278   23.76%
  46941 42166     1287.0391    47     1300.0000      992.0000  1549284   23.69%
Elapsed time = 98.78 sec. (138086.39 ticks, tree = 566.27 MB, solutions = 11)
  48777 43843     1283.8512    52     1300.0000      992.0000  1598896   23.69%
  50435 45357     1227.7024    75     1300.0000      992.2563  1653808   23.67%
  52293 47029     1283.6014    55     1300.0000     1001.3576  1698039   22.97%
  54203 48725     1284.4119    47     1300.0000     1002.0000  1744112   22.92%
  55958 50276     1297.4780    53     1300.0000     1005.1846  1785498   22.68%
  57687 51864     1283.6028    48     1300.0000     1012.0000  1827852   22.15%
  59603 53560     1290.2636    57     1300.0000     1014.6660  1871039   21.95%
  61568 55350     1228.0530    52     1300.0000     1018.9199  1918877   21.62%
  63392 57019     1297.7438    37     1300.0000     1033.0333  1967449   20.54%
  65252 58717     1297.0000    42     1300.0000     1040.4281  2013155   19.97%
Elapsed time = 125.61 sec. (176333.04 ticks, tree = 821.95 MB, solutions = 11)
  67464 60778     1283.3956    27     1300.0000     1046.8004  2056001   19.48%
  69643 62809     1280.3068    52     1300.0000     1054.2987  2102452   18.90%
  71483 64474        cutoff           1300.0000     1059.0400  2150932   18.54%
  73613 66475     1294.0913    30     1300.0000     1068.4041  2187789   17.82%
  75626 68295     1288.3848    42     1300.0000     1072.2415  2232236   17.52%
  77396 69926     1283.3956    47     1300.0000     1073.5352  2276709   17.42%
  79218 71563     1294.1331    45     1300.0000     1074.1993  2317977   17.37%
  81389 73497     1235.5000    61     1300.0000     1078.9457  2366488   17.00%
  83403 75357     1283.8954    59     1300.0000     1078.9457  2415947   17.00%
  85538 77295     1284.1425    23     1300.0000     1078.9457  2458393   17.00%
Elapsed time = 152.50 sec. (214540.48 ticks, tree = 1101.18 MB, solutions = 11)
  88097 79650     1278.0000    35     1300.0000     1078.9457  2505577   17.00%
  90101 81494     1283.8539    51     1300.0000     1080.7820  2545692   16.86%
  91834 83020     1296.6667    47     1300.0000     1084.8530  2590089   16.55%
  93860 84842     1293.3510    46     1300.0000     1086.4213  2630192   16.43%
  95388 86175     1280.5245    44     1300.0000     1086.4213  2678758   16.43%
  96739 87370     1294.0135    39     1300.0000     1086.9656  2724194   16.39%
  98663 89117     1279.4221    53     1300.0000     1087.2315  2764409   16.37%
 100394 90665     1283.6014    58     1300.0000     1087.9983  2810876   16.31%
 102227 92301     1284.4126    42     1300.0000     1087.9983  2849627   16.31%
 104289 94179     1297.4692    33     1300.0000     1087.9983  2896410   16.31%
Elapsed time = 179.73 sec. (252761.23 ticks, tree = 1356.84 MB, solutions = 11)
 106092 95820     1280.0717    33     1300.0000     1088.1345  2939044   16.30%
 107938 97509     1278.4193    45     1300.0000     1088.3397  2985922   16.28%
 109587 99040     1293.3333    43     1300.0000     1088.7195  3024668   16.25%
 111541 100849     1293.3450    34     1300.0000     1088.7500  3066201   16.25%
 113516 102670     1089.5751    77     1300.0000     1089.3922  3109823   16.20%
 115442 104433     1284.2428    58     1300.0000     1089.6176  3152146   16.18%
 117889 106721     1283.9054    62     1300.0000     1089.8003  3194928   16.17%
 120009 108729     1283.9054    49     1300.0000     1089.8003  3238426   16.17%
 122290 110852     1276.9406    56     1300.0000     1089.8003  3277089   16.17%
 124606 112946     1277.4912    56     1300.0000     1089.8003  3321251   16.17%
Elapsed time = 206.66 sec. (290990.11 ticks, tree = 1666.06 MB, solutions = 11)
 126880 115039     1296.7642    36     1300.0000     1089.8003  3361280   16.17%
 128989 116926     1290.7166    52     1300.0000     1089.9820  3407282   16.16%
 130743 118434     1283.3741    47     1300.0000     1090.6385  3449217   16.10%
 132906 120390     1290.3575    42     1300.0000     1090.8859  3485482   16.09%
 135403 122719     1287.7758    43     1300.0000     1091.2500  3527543   16.06%
 137732 124769     1294.1608    56     1300.0000     1092.0000  3569700   16.00%
 140057 126880     1097.0063    64     1300.0000     1092.5538  3608607   15.96%
 142223 128761     1288.0507    47     1300.0000     1094.4197  3654490   15.81%
 144014 130270     1283.3537    62     1300.0000     1095.2838  3698646   15.75%
 146521 132543     1280.0000    48     1300.0000     1098.4932  3744177   15.50%
Elapsed time = 238.75 sec. (329174.81 ticks, tree = 1999.15 MB, solutions = 11)
 149072 134681     1246.2681    77     1300.0000     1098.4932  3783873   15.50%
 151311 136628     1290.7916    28     1300.0000     1098.4932  3821368   15.50%
 153232 138263     1287.0121    34     1300.0000     1098.8872  3863240   15.47%
 155514 140334     1294.0155    43     1300.0000     1099.2812  3902313   15.44%
 157347 141784     1293.3456    51     1300.0000     1102.0000  3942483   15.23%
 159197 143418     1293.6337    53     1300.0000     1107.7002  3977335   14.79%
 161543 145287     1298.5307    54     1300.0000     1111.2953  4020226   14.52%
 163620 147140     1290.7916    40     1300.0000     1115.0549  4059728   14.23%
 166065 149255     1296.6667    32     1300.0000     1115.0549  4104458   14.23%
 167659 150556        cutoff           1300.0000     1123.0013  4151432   13.62%
Elapsed time = 284.22 sec. (367367.24 ticks, tree = 2289.30 MB, solutions = 11)
Nodefile size = 241.98 MB (170.52 MB after compression)
 169719 152252     1277.4912    53     1300.0000     1148.8868  4196687   11.62%
 171541 153969     1280.5245    43     1300.0000     1193.9369  4234595    8.16%
 173543 155827     1280.5416    55     1300.0000     1195.1707  4276166    8.06%
 175289 157465     1295.0528    51     1300.0000     1195.4886  4314217    8.04%
 177565 159536     1280.0000    70     1300.0000     1196.6647  4350792    7.95%
 179332 161181     1290.8056    46     1300.0000     1197.0196  4392855    7.92%
 181124 162857     1295.5994    51     1300.0000     1197.6390  4426725    7.87%
 182979 164493     1280.2715    75     1300.0000     1199.2222  4467736    7.75%
 184421 165819     1286.8306    40     1300.0000     1199.6077  4506542    7.72%
 186146 167430     1276.6667    55     1300.0000     1199.8060  4546232    7.71%
Elapsed time = 318.02 sec. (405571.03 ticks, tree = 2538.17 MB, solutions = 11)
Nodefile size = 491.12 MB (347.22 MB after compression)
 188278 169435     1289.9026    50     1300.0000     1200.0104  4580006    7.69%
 190411 171441     1281.1753    54     1300.0000     1200.2543  4619261    7.67%
 192192 173073     1286.6900    53     1300.0000     1200.5000  4659156    7.65%
 194433 175113     1225.8667    59     1300.0000     1200.5000  4697416    7.65%
 196513 177059     1236.5797    68     1300.0000     1200.6562  4735494    7.64%
 198608 178997     1286.9580    79     1300.0000     1200.7890  4768938    7.63%
 200543 180807     1297.2367    31     1300.0000     1200.7890  4810732    7.63%
 202729 182870     1296.7972    48     1300.0000     1200.8669  4848952    7.63%
 204672 184704     1290.1563    51     1300.0000     1200.8669  4890930    7.63%
 206598 186530     1284.3561    60     1300.0000     1200.8669  4927364    7.63%
Elapsed time = 352.50 sec. (443757.89 ticks, tree = 2790.51 MB, solutions = 11)
Nodefile size = 742.73 MB (525.19 MB after compression)
 209313 189089     1276.9406    61     1300.0000     1201.0105  4961775    7.61%
 210999 190625     1283.6063    44     1300.0000     1201.0105  4999669    7.61%
 213380 192863     1276.9406    61     1300.0000     1201.0105  5035909    7.61%
 215970 195317     1276.9406    38     1300.0000     1201.0105  5069710    7.61%
 218305 197546     1279.1492    57     1300.0000     1201.0105  5103820    7.61%
 221049 200101     1290.6454    45     1300.0000     1201.0105  5139366    7.61%
 223136 202088     1281.1599    45     1300.0000     1201.0877  5175990    7.61%
 225711 204566     1277.7680    41     1300.0000     1201.1651  5209935    7.60%
 227693 206409     1276.9406    57     1300.0000     1201.1651  5249888    7.60%
 230302 208822     1281.1639    45     1300.0000     1201.2702  5285151    7.59%
Elapsed time = 388.29 sec. (481929.56 ticks, tree = 3115.59 MB, solutions = 11)
Nodefile size = 1068.10 MB (755.00 MB after compression)
 232584 210935     1277.4926    35     1300.0000     1201.9881  5321996    7.54%
 234853 213029     1277.4891    31     1300.0000     1201.9881  5356738    7.54%
 237140 215213        cutoff           1300.0000     1202.0399  5394962    7.54%
 239493 217410     1292.3557    47     1300.0000     1202.1628  5430932    7.53%
 241475 219216     1293.5035    59     1300.0000     1202.9346  5463404    7.47%
 243388 220909     1284.3922    79     1300.0000     1202.9729  5504198    7.46%
 245772 223181     1296.6667    39     1300.0000     1202.9729  5538630    7.46%
 247860 225150     1286.7629    56     1300.0000     1202.9729  5573405    7.46%
 250211 227364     1295.0000    31     1300.0000     1202.9729  5609129    7.46%
 252347 229333     1283.6014    49     1300.0000     1203.0970  5646165    7.45%
Elapsed time = 424.03 sec. (520175.24 ticks, tree = 3434.19 MB, solutions = 11)
Nodefile size = 1386.64 MB (979.96 MB after compression)
 254603 231406     1286.7018    58     1300.0000     1203.0970  5682457    7.45%
 256923 233614     1295.5596    42     1300.0000     1203.0970  5725555    7.45%
 258635 235210     1276.9406    49     1300.0000     1203.0970  5765067    7.45%
 261273 237591     1290.8287    44     1300.0000     1203.0970  5802530    7.45%
 263632 239798     1277.7680    55     1300.0000     1203.1711  5841075    7.45%
 265740 241785     1283.3537    59     1300.0000     1203.1711  5878536    7.45%
 268114 244062     1276.9406    37     1300.0000     1203.1711  5915740    7.45%
 270358 246205     1286.6667    60     1300.0000     1203.3285  5951637    7.44%
 272598 248213     1297.3303    57     1300.0000     1203.7857  5992243    7.40%
 274707 250047     1294.0900    40     1300.0000     1204.6600  6032600    7.33%
Elapsed time = 460.93 sec. (558585.18 ticks, tree = 3770.53 MB, solutions = 11)
Nodefile size = 1723.50 MB (1218.60 MB after compression)
 276432 251553     1294.0070    49     1300.0000     1205.3930  6075416    7.28%
 278610 253640     1283.3333    32     1300.0000     1205.5000  6108038    7.27%
 280620 255482     1293.3566    55     1300.0000     1205.5000  6147270    7.27%
 282439 257202     1283.9290    45     1300.0000     1205.5000  6187461    7.27%
 284032 258652     1225.6256    64     1300.0000     1205.9464  6226148    7.23%
 286157 260625     1290.0091    46     1300.0000     1206.8726  6263494    7.16%
 288023 262375     1290.0000    66     1300.0000     1206.8726  6304918    7.16%
 290346 264568     1276.9406    51     1300.0000     1206.8726  6345250    7.16%
 292401 266531     1293.9706    29     1300.0000     1206.8726  6383302    7.16%
 294335 268332     1290.1851    40     1300.0000     1206.8726  6426433    7.16%
Elapsed time = 495.58 sec. (596863.63 ticks, tree = 4006.66 MB, solutions = 11)
Nodefile size = 1959.16 MB (1384.71 MB after compression)
 296670 270533     1293.3333    53     1300.0000     1206.8726  6464027    7.16%
 299254 272965     1284.4539    63     1300.0000     1206.8726  6500342    7.16%
 301473 275037     1277.7690    44     1300.0000     1206.8726  6535664    7.16%
 304162 277562     1284.4187    51     1300.0000     1206.8726  6573992    7.16%
 306283 279555     1284.5033    35     1300.0000     1206.9407  6611936    7.16%
 308603 281695     1283.3944    42     1300.0000     1207.1624  6652563    7.14%
 310909 283840     1290.3905    69     1300.0000     1207.7617  6687715    7.10%
 312686 285499     1227.5020    69     1300.0000     1209.2840  6728099    6.98%
 314396 287030     1281.6768    48     1300.0000     1209.5594  6769527    6.96%
 315669 288126     1276.4423    66     1300.0000     1209.5594  6811194    6.96%
Elapsed time = 531.15 sec. (635074.22 ticks, tree = 4271.17 MB, solutions = 11)
Nodefile size = 2223.21 MB (1569.38 MB after compression)
 317512 289827     1285.1575    59     1300.0000     1210.5000  6848886    6.88%
 320092 292250     1286.6728    25     1300.0000     1210.5000  6886250    6.88%
 321303 293374     1284.4725    49     1300.0000     1210.5000  6909284    6.88%
 321903 293953     1283.8718    50     1300.0000     1210.5000  6919698    6.88%
 322303 294336     1280.0728    51     1300.0000     1210.5000  6925245    6.88%
 323003 294961     1294.4929    82     1300.0000     1210.5000  6938444    6.88%
 323647 295579     1287.9262    48     1300.0000     1210.5000  6949529    6.88%
 324403 296272     1284.1404    28     1300.0000     1210.5000  6962052    6.88%
 325003 296847     1287.8147    45     1300.0000     1210.5000  6974240    6.88%
 325781 297506     1283.3333    62     1300.0000     1210.5000  6984299    6.88%
Elapsed time = 567.42 sec. (673644.59 ticks, tree = 4407.01 MB, solutions = 11)
Nodefile size = 2359.34 MB (1667.86 MB after compression)
 326503 298170     1284.0053    52     1300.0000     1210.5000  6993427    6.88%
 327003 298628     1283.3333    61     1300.0000     1210.5000  7002520    6.88%
 327503 299092     1292.5565    46     1300.0000     1210.5000  7017076    6.88%
 328185 299721     1236.6813    56     1300.0000     1210.5000  7035126    6.88%
 328669 300186     1291.6599    40     1300.0000     1210.5000  7040565    6.88%
 330910 302295     1283.4151    46     1300.0000     1210.6299  7075577    6.87%
 333703 304887     1284.2067    42     1300.0000     1210.7051  7105438    6.87%
 336253 307267     1283.3522    48     1300.0000     1210.7051  7137694    6.87%

GUB cover cuts applied:  3
Cover cuts applied:  1
Implied bound cuts applied:  102
Flow cuts applied:  196
Mixed integer rounding cuts applied:  43
Zero-half cuts applied:  1
Lift and project cuts applied:  3

Root node processing (before b&c):
  Real time             =    0.84 sec. (1030.77 ticks)
Sequential b&c:
  Real time             =  599.20 sec. (705807.10 ticks)
                          ------------
Total (root+branch&cut) =  600.03 sec. (706837.87 ticks)
