Tried aggregator 2 times.
MIP Presolve eliminated 1003 rows and 129 columns.
MIP Presolve modified 308 coefficients.
Aggregator did 38 substitutions.
Reduced MIP has 1117 rows, 1946 columns, and 6947 nonzeros.
Reduced MIP has 1014 binaries, 2 generals, 0 SOSs, and 0 indicators.
Presolve time = 0.01 sec. (8.08 ticks)
Found incumbent of value 3600.000000 after 0.02 sec. (17.79 ticks)
Probing fixed 0 vars, tightened 1 bounds.
Probing time = 0.01 sec. (5.99 ticks)
Tried aggregator 1 time.
Reduced MIP has 1117 rows, 1946 columns, and 6947 nonzeros.
Reduced MIP has 1014 binaries, 20 generals, 0 SOSs, and 0 indicators.
Presolve time = 0.00 sec. (3.65 ticks)
Probing time = 0.00 sec. (3.07 ticks)
Clique table members: 4053.
MIP emphasis: balance optimality and feasibility.
MIP search method: dynamic search.
Parallel mode: none, using 1 thread.
Root relaxation solution time = 0.02 sec. (34.21 ticks)

        Nodes                                         Cuts/
   Node  Left     Objective  IInf  Best Integer    Best Bound    ItCnt     Gap

*     0+    0                         3600.0000        0.0000      692  100.00%
      0     0       90.6037   144     3600.0000       90.6037      692   97.48%
      0     0       93.0545   132     3600.0000      Cuts: 32     1227   97.42%
      0     0      166.2446   148     3600.0000      Cuts: 95     1978   95.38%
      0     0      177.5333   136     3600.0000      Cuts: 73     2186   95.07%
*     0+    0                         2390.0000      177.5333     2186   92.57%
*     0+    0                         1540.0000      177.5333     2186   88.47%
      0     0      177.6932   127     1540.0000      Cuts: 36     2299   88.46%
      0     0      178.4641   121     1540.0000      Cuts: 73     2408   88.41%
      0     0      178.4641   122     1540.0000      Cuts: 25     2519   88.41%
      0     0      178.4641   112     1540.0000       Cuts: 6     2576   88.41%
      0     0      178.4641   109     1540.0000      Cuts: 14     2638   88.41%
*     0+    0                         1430.0000      178.4641     2638   87.52%
*     0+    0                         1270.0000      178.4641     2638   85.95%
      0     2      178.4641   108     1270.0000      181.2171     2638   85.73%
Elapsed time = 0.83 sec. (1052.46 ticks, tree = 0.00 MB, solutions = 5)
*    30+   30                         1160.0000      181.2171     3662   84.38%
*    40+   40                         1150.0000      181.2171     4007   84.24%
     50    52      277.5120    84     1150.0000      181.2171     4532   84.24%
     80    82      394.6896    51     1150.0000      181.2171     9124   84.24%
    110   112      601.7757    36     1150.0000      181.2171    13097   84.24%
    150   141     1143.7535     9     1150.0000      181.2171    19122   84.24%
*   153+  124                         1101.0000      181.2171    19351   83.54%
*   153+  124                         1100.0000      181.2171    19351   83.53%
*   153+  120                          940.0000      181.2171    19351   80.72%
    171   136      538.9558    65      940.0000      181.2171    21712   80.72%
    240   189      572.4185    27      940.0000      181.2171    26088   80.72%
    320   260      515.9418    61      940.0000      181.6306    30687   80.68%
    438   378      206.7281    96      940.0000      181.8152    33349   80.66%
    507   447      561.5521    86      940.0000      562.4333    52753   40.17%
    532   456      927.0583    46      940.0000      812.0507    56003   13.61%
Elapsed time = 6.74 sec. (8508.64 ticks, tree = 0.87 MB, solutions = 10)
    603   473        cutoff            940.0000      812.0507    64681   13.61%
    727   465      932.0000    16      940.0000      812.0507    79106   13.61%
    907   522      931.0000    24      940.0000      812.3635    93285   13.58%
   1084   582      934.0000    18      940.0000      812.3635   107654   13.58%
   1242   639      928.0000    40      940.0000      813.3239   122121   13.48%
   1426   736      930.6105    39      940.0000      814.0333   136770   13.40%
   1613   879      928.0000    42      940.0000      880.9886   150222    6.28%
   1787  1026      928.0000    49      940.0000      902.0000   163440    4.04%
   2034  1234      931.0000    29      940.0000      902.0000   178239    4.04%
   2312  1474      935.0000    11      940.0000      902.0000   199038    4.04%
Elapsed time = 14.96 sec. (18114.39 ticks, tree = 3.27 MB, solutions = 10)
   2583  1708      930.0000    25      940.0000      902.0000   215224    4.04%
   2862  1942      930.2683    36      940.0000      902.0000   232215    4.04%
   3080  2110      927.0583    37      940.0000      902.0000   249375    4.04%
   3380  2359    infeasible            940.0000      902.0000   268399    4.04%
   3663  2612      921.1819    43      940.0000      902.0000   287109    4.04%
   4023  2922      921.0708    44      940.0000      902.0000   305471    4.04%
   4324  3174      928.0000    31      940.0000      902.0000   321096    4.04%
   4557  3372      921.0708    44      940.0000      902.0000   338904    4.04%
   4872  3629      928.0000    37      940.0000      902.0000   354184    4.04%
   5187  3894      928.0000    38      940.0000      902.0000   371086    4.04%
Elapsed time = 23.07 sec. (27720.55 ticks, tree = 6.28 MB, solutions = 10)
   5532  4195      928.0000    23      940.0000      902.0000   387991    4.04%
   5877  4487      927.0583    40      940.0000      902.0000   408074    4.04%
   6234  4796      927.0583    39      940.0000      902.0000   428607    4.04%
*  6507+ 3248                          930.0000      902.0000   443067    3.01%
   6525  3265      927.0583    29      930.0000      902.0000   443749    3.01%
   7002  3653      920.5000    41      930.0000      902.0000   458411    3.01%
   7460  4000      927.0583    41      930.0000      902.0000   473045    3.01%
   7827  4296      922.8778    55      930.0000      902.0000   487631    3.01%
   8206  4597      927.1323    37      930.0000      902.0000   504934    3.01%
   8671  4956      921.0957    42      930.0000      902.0000   518573    3.01%
   9218  5387      927.5996    39      930.0000      902.0000   534343    3.01%
Elapsed time = 31.03 sec. (37278.84 ticks, tree = 7.17 MB, solutions = 11)
   9674  5742      921.0957    41      930.0000      903.2410   547258    2.88%
  10331  6206      922.3238    40      930.0000      903.4626   559363    2.85%
  10648  6472      908.8234    50      930.0000      903.5792   568566    2.84%
  10649  6473      847.0000    72      930.0000      903.5792   595619    2.84%
  10654  6472      850.0000    92      930.0000      903.5792   599383    2.84%
  10662  6473      856.0000    83      930.0000      903.5792   602579    2.84%
  10671  6475      872.5529    82      930.0000      903.5792   604877    2.84%
  10696  5756        cutoff            930.0000      903.5792   608216    2.84%
  10712  5563      923.1459    60      930.0000      903.5792   612829    2.84%
  10734  5560      923.7206    61      930.0000      903.5792   616402    2.84%
Elapsed time = 43.48 sec. (52821.45 ticks, tree = 7.33 MB, solutions = 11)
  10762  5270      923.1933    53      930.0000      903.5792   621091    2.84%
  10816  5017      923.1459    49      930.0000      903.5792   630912    2.84%
  10896  4724      927.8717    39      930.0000      903.5792   645405    2.84%
  11019  4537      926.8279    57      930.0000      903.5792   669081    2.84%
  11118  4504      927.8723    46      930.0000      903.5792   691328    2.84%
  11255  4322      927.8760    38      930.0000      903.5792   718858    2.84%
  11363  4299      928.1190    44      930.0000      903.5792   742280    2.84%
  11477  4233      927.9095    35      930.0000      923.1459   762062    0.74%
  11611  4186      927.8717    47      930.0000      923.1459   785767    0.74%
  11749  4159      927.8717    46      930.0000      923.1459   815863    0.74%
Elapsed time = 51.91 sec. (62439.43 ticks, tree = 5.26 MB, solutions = 11)
  11907  4137      926.5848    58      930.0000      923.1459   846972    0.74%
  12079  4153      927.8717    44      930.0000      923.1459   876149    0.74%
  12193  4159      923.1459    66      930.0000      923.1459   890243    0.74%
  12342  4194      928.3333    45      930.0000      923.1459   901487    0.74%
  12505  4221      926.8119    59      930.0000      923.1459   914333    0.74%
  12668  4235      927.9326    43      930.0000      923.1459   928958    0.74%
  12827  4272      927.8727    37      930.0000      923.1459   943179    0.74%
  13030  4306      927.5000    56      930.0000      923.1933   957400    0.73%
  13124  4276      928.0556    55      930.0000      923.1933   964977    0.73%
  13234  4247      927.5000    54      930.0000      923.1933   973616    0.73%
Elapsed time = 60.26 sec. (72046.82 ticks, tree = 5.05 MB, solutions = 11)
  13428  4276      927.9692    47      930.0000      923.1933   988838    0.73%
  13628  4290      927.8038    63      930.0000      923.1933  1002994    0.73%
  13769  4291      927.5622    57      930.0000      923.1933  1014400    0.73%
  13887  4267    infeasible            930.0000      923.1933  1024302    0.73%
  14082  4327      928.0000    40      930.0000      923.1933  1040989    0.73%
  14196  4332      926.5848    48      930.0000      923.1933  1053793    0.73%
  14361  4338      927.8717    47      930.0000      923.6491  1066796    0.68%
  14540  4346      927.8717    54      930.0000      923.6491  1086261    0.68%
  14721  4386    infeasible            930.0000      923.7206  1101909    0.68%
  14820  4368      927.5000    39      930.0000      924.7639  1112788    0.56%
Elapsed time = 68.60 sec. (81657.51 ticks, tree = 4.98 MB, solutions = 11)
  14948  4356      927.9325    61      930.0000      925.0000  1125984    0.54%
  15035  4331      928.3333    50      930.0000      926.5848  1138559    0.37%
  15143  4311      926.5848    65      930.0000      926.5848  1149599    0.37%
  15283  4295    infeasible            930.0000      926.5848  1165277    0.37%
  15434  4294      926.5848    50      930.0000      926.5848  1182110    0.37%
  15612  4295    infeasible            930.0000      926.5848  1200391    0.37%
  15733  4275      927.8717    49      930.0000      926.5848  1213870    0.37%
  15868  4259      928.3333    52      930.0000      926.5848  1229197    0.37%
  15971  4226      928.3333    45      930.0000      926.5848  1243032    0.37%
  16076  4195      928.3333    36      930.0000      926.5848  1255652    0.37%
Elapsed time = 76.87 sec. (91346.52 ticks, tree = 4.59 MB, solutions = 11)
  16189  4179      928.3333    44      930.0000      926.5848  1268778    0.37%
  16331  4147      927.8717    53      930.0000      926.5848  1284342    0.37%
  16448  4116      928.3333    63      930.0000      926.5848  1300761    0.37%
  16623  4080      928.3333    59      930.0000      926.5848  1318944    0.37%
  16746  4042      928.3333    61      930.0000      926.7990  1335731    0.34%
  16918  4065      928.0000    58      930.0000      926.7990  1353686    0.34%
  17054  4092      927.8717    55      930.0000      926.7990  1367001    0.34%
  17184  4127      927.8717    56      930.0000      926.7990  1379361    0.34%
  17309  4156      926.8300    48      930.0000      926.7990  1391913    0.34%
  17940  4149        cutoff            930.0000      926.8119  1446305    0.34%
Elapsed time = 87.60 sec. (104070.94 ticks, tree = 5.05 MB, solutions = 11)
  18397  3958      928.3333    47      930.0000      927.5000  1481700    0.27%
  18947  3559        cutoff            930.0000      927.8717  1514839    0.23%
  21446  1108      927.8739    43      930.0000      927.8717  1554998    0.23%
  22499   152      928.3333    40      930.0000      928.3333  1609451    0.18%

GUB cover cuts applied:  1
Clique cuts applied:  1
Cover cuts applied:  1
Implied bound cuts applied:  85
Flow cuts applied:  255
Mixed integer rounding cuts applied:  41
Zero-half cuts applied:  3
Lift and project cuts applied:  25

Root node processing (before b&c):
  Real time             =    0.83 sec. (1052.54 ticks)
Sequential b&c:
  Real time             =  100.98 sec. (121036.96 ticks)
                          ------------
Total (root+branch&cut) =  101.82 sec. (122089.49 ticks)
