Tried aggregator 2 times.
MIP Presolve eliminated 1761 rows and 190 columns.
MIP Presolve modified 528 coefficients.
Aggregator did 50 substitutions.
Reduced MIP has 1861 rows, 3369 columns, and 12377 nonzeros.
Reduced MIP has 1728 binaries, 2 generals, 0 SOSs, and 0 indicators.
Presolve time = 0.01 sec. (13.82 ticks)
Found incumbent of value 5100.000000 after 0.03 sec. (30.63 ticks)
Probing time = 0.00 sec. (3.30 ticks)
Tried aggregator 2 times.
Aggregator did 1 substitutions.
Reduced MIP has 1860 rows, 3368 columns, and 12375 nonzeros.
Reduced MIP has 1727 binaries, 32 generals, 0 SOSs, and 0 indicators.
Presolve time = 0.01 sec. (8.65 ticks)
Probing time = 0.01 sec. (3.67 ticks)
Clique table members: 5463.
MIP emphasis: balance optimality and feasibility.
MIP search method: dynamic search.
Parallel mode: none, using 1 thread.
Root relaxation solution time = 0.05 sec. (87.10 ticks)

        Nodes                                         Cuts/
   Node  Left     Objective  IInf  Best Integer    Best Bound    ItCnt     Gap

*     0+    0                         5100.0000        0.0000     1070  100.00%
      0     0      110.2607   180     5100.0000      110.2607     1070   97.84%
      0     0      111.1730   173     5100.0000      Cuts: 29     1995   97.82%
      0     0      200.1627   165     5100.0000      Cuts: 91     3196   96.08%
      0     0      208.8923   165     5100.0000      Cuts: 91     4247   95.90%
      0     0      209.0645   169     5100.0000      Cuts: 67     4653   95.90%
      0     0      209.0645   164     5100.0000      Cuts: 58     4928   95.90%
      0     0      209.0645   163     5100.0000      Cuts: 62     5276   95.90%
      0     0      209.0645   139     5100.0000      Cuts: 13     5339   95.90%
      0     0      209.0645   146     5100.0000      Cuts: 40     5423   95.90%
*     0+    0                         1310.0000      209.0645     5423   84.04%
*     0+    0                         1240.0000      209.0645     5423   83.14%
      0     2      209.0645   141     1240.0000      209.0645     5423   83.14%
Elapsed time = 2.13 sec. (2783.53 ticks, tree = 0.00 MB, solutions = 3)
     11    13      210.0000   165     1240.0000      209.0645     9143   83.14%
     16    18      211.5633   161     1240.0000      209.0645    14541   83.14%
     21    23      211.5633   165     1240.0000      209.0645    18450   83.14%
     25    27      270.0000   173     1240.0000      209.0645    21559   83.14%
     30    32      220.0000   167     1240.0000      209.0645    21906   83.14%
     40    42      210.0000   165     1240.0000      209.0645    24069   83.14%
     46    48      210.0000   160     1240.0000      209.0645    26700   83.14%
     57    59      212.8199   171     1240.0000      209.0645    31568   83.14%
     59    61      212.3395   165     1240.0000      209.0645    35197   83.14%
    128   130      213.4785   147     1240.0000      209.0645    42867   83.14%
Elapsed time = 5.01 sec. (6628.78 ticks, tree = 2.53 MB, solutions = 3)
    186   188      273.6661   100     1240.0000      209.0645    50164   83.14%
    247   245      490.0000    76     1240.0000      209.0645    59894   83.14%
    291   289      600.0000    73     1240.0000      209.0645    69586   83.14%
    361   355     1190.0000    28     1240.0000      209.0645    82782   83.14%
*   412+  386                         1190.0000      209.0645    92573   82.43%
*   412+  384                         1170.0000      209.0645    92573   82.13%
*   412+  384                         1140.0000      209.0645    92573   81.66%
*   412+  384                         1110.0000      209.0645    92573   81.17%
*   412+  382                         1100.0000      209.0645    92573   80.99%
*   412+  381                         1080.0000      209.0645    92573   80.64%
    412   383      212.5985   154     1080.0000      210.0000    92573   80.56%
    506   475      265.3735   109     1080.0000      210.0000   100836   80.56%
*   522+  326                          970.0000      293.7488   108806   69.72%
    522   327      564.0035   140      970.0000      564.9956   122403   41.75%
    531   332      570.0000   142      970.0000      566.3420   127604   41.61%
    539   336      574.2984   133      970.0000      566.3420   131727   41.61%
    546   334      602.0371   110      970.0000      566.3420   137791   41.61%
Elapsed time = 17.92 sec. (23756.14 ticks, tree = 7.52 MB, solutions = 10)
    552   339      582.7424   132      970.0000      566.3420   141467   41.61%
    566   345      614.4812   104      970.0000      566.3420   146489   41.61%
    590   349      697.4100    96      970.0000      566.3420   153728   41.61%
    627   363      728.0000    70      970.0000      566.3420   159111   41.61%
    662   383      729.0000    71      970.0000      566.3420   167034   41.61%
    708   399      887.1680    42      970.0000      566.3420   182711   41.61%
    776   404      891.0784    37      970.0000      566.3420   205594   41.61%
    832   421      902.0000    26      970.0000      566.3420   228612   41.61%
    861   422      811.5000    89      970.0000      567.5807   245268   41.49%
    894   442      907.0000    94      970.0000      567.5807   257173   41.49%
Elapsed time = 25.34 sec. (33575.79 ticks, tree = 4.17 MB, solutions = 10)
    962   480      907.0000    62      970.0000      567.5807   263741   41.49%
   1037   508      907.0000    43      970.0000      567.5807   273941   41.49%
   1082   518      918.4851    36      970.0000      567.5807   288892   41.49%
   1142   523      654.0000    75      970.0000      568.6497   315163   41.38%
   1210   563      892.9451    74      970.0000      569.0000   329957   41.34%
   1281   627      914.0876    61      970.0000      569.0000   336972   41.34%
   1337   678      614.0414   103      970.0000      569.0000   348135   41.34%
   1385   726      705.1000    80      970.0000      569.0000   363248   41.34%
   1460   795      764.9121    51      970.0000      569.0000   387564   41.34%
   1494   827      893.0000    40      970.0000      569.0000   405473   41.34%
Elapsed time = 32.88 sec. (43400.33 ticks, tree = 1.54 MB, solutions = 10)
   1527   843      572.9798   147      970.0000      569.0000   411934   41.34%
   1562   878      643.9221   124      970.0000      569.0000   421704   41.34%
   1646   956      739.0000   109      970.0000      569.0000   431480   41.34%
   1727  1033      574.7904   137      970.0000      569.0000   439450   41.34%
   1806  1101      732.0000   112      970.0000      569.0000   453201   41.34%
   1882  1175      795.0000    89      970.0000      569.0000   457669   41.34%
   1953  1241      635.5973   119      970.0000      569.6743   469283   41.27%
   2113  1386      895.0000    92      970.0000      569.6743   480955   41.27%
   2208  1468      837.0000   108      970.0000      569.7001   494612   41.27%
   2346  1602      830.6667    87      970.0000      570.0000   506185   41.24%
Elapsed time = 40.28 sec. (53259.45 ticks, tree = 2.75 MB, solutions = 10)
   2420  1672      888.3477    37      970.0000      570.0000   526618   41.24%
   2525  1765      572.9798   128      970.0000      570.0000   546764   41.24%
   2585  1825      696.1790    99      970.0000      570.0000   562445   41.24%
   2724  1956      571.2028   143      970.0000      571.2028   573410   41.11%
   2776  2007      714.9822   101      970.0000      571.2028   587673   41.11%
   2934  2155      615.4547   106      970.0000      571.2028   599725   41.11%
   3026  2241      845.0000    86      970.0000      571.2028   611231   41.11%
   3155  2368      670.5500   102      970.0000      571.2028   626742   41.11%
   3274  2475      912.0000    76      970.0000      571.2028   636076   41.11%
   3395  2593      852.0000    58      970.0000      571.2100   653982   41.11%
Elapsed time = 47.78 sec. (63271.87 ticks, tree = 4.42 MB, solutions = 10)
   3511  2702      916.4619    60      970.0000      571.2100   678738   41.11%
   3553  2744      738.3689   105      970.0000      571.2100   692953   41.11%
   3701  2880      925.0000    75      970.0000      571.2100   701558   41.11%
   3761  2936      767.6449   103      970.0000      571.2357   716909   41.11%
   3925  3094      791.5000    75      970.0000      571.2756   729652   41.11%
   4059  3226      901.0000    51      970.0000      571.2756   742443   41.11%
   4151  3317      664.4242   126      970.0000      571.2756   759311   41.11%
   4272  3429      913.0000    80      970.0000      571.2756   769733   41.11%
   4357  3513      892.1764    58      970.0000      571.3077   786216   41.10%
   4451  3596      895.0000    47      970.0000      571.3077   804653   41.10%
Elapsed time = 55.33 sec. (73069.50 ticks, tree = 6.12 MB, solutions = 10)
   4522  3658      947.1597    38      970.0000      571.3077   828918   41.10%
   4541  3677      616.4798   126      970.0000      572.5808   838807   40.97%
   4633  3763      876.3589    85      970.0000      572.5808   850955   40.97%
   4747  3871      763.9571    87      970.0000      572.6203   862522   40.97%
   4883  3996      888.0000    70      970.0000      572.6203   873161   40.97%
   4946  4059      631.2374   118      970.0000      572.6203   886156   40.97%
   5016  4121      899.0000    71      970.0000      572.6203   899998   40.97%
   5137  4240      600.0207   129      970.0000      572.8486   911095   40.94%
   5202  4299      911.0000    92      970.0000      572.8486   923870   40.94%
   5322  4419      911.0000    80      970.0000      572.8486   931285   40.94%
Elapsed time = 62.93 sec. (82987.46 ticks, tree = 7.55 MB, solutions = 10)
   5375  4469      898.7676    78      970.0000      572.8489   950776   40.94%
   5439  4526      899.0000    59      970.0000      572.8489   965420   40.94%
   5524  4609      614.2133   116      970.0000      572.8489   988483   40.94%
   5604  4685      854.8096    75      970.0000      572.8489  1005214   40.94%
   5724  4800      614.2133   110      970.0000      572.8820  1012486   40.94%
   5853  4919      911.0000    83      970.0000      572.8820  1028231   40.94%
   5949  5015      649.7502   113      970.0000      572.9798  1041387   40.93%
   6052  5111      911.0000    64      970.0000      572.9798  1054149   40.93%
   6152  5209      653.7006   122      970.0000      572.9798  1068223   40.93%
   6324  5368      575.8841   141      970.0000      572.9798  1081815   40.93%
Elapsed time = 70.68 sec. (92907.03 ticks, tree = 9.08 MB, solutions = 10)
   6402  5445      887.0000    57      970.0000      572.9798  1105236   40.93%
   6522  5545      896.3860    28      970.0000      572.9798  1134594   40.93%
   6624  5633      911.0000    80      970.0000      573.8626  1151019   40.84%
   6753  5760      763.8015    81      970.0000      574.3378  1168028   40.79%
   6924  5928      574.4056   125      970.0000      574.3534  1179325   40.79%
   6987  5987      866.3875    66      970.0000      574.3534  1192765   40.79%
   7129  6121      584.8720   134      970.0000      574.3534  1205006   40.79%
   7172  6163      899.0000    84      970.0000      574.3534  1219568   40.79%
   7338  6327      791.5000    81      970.0000      574.3534  1232070   40.79%
   7556  6525      694.4180   118      970.0000      574.4056  1291017   40.78%
Elapsed time = 80.45 sec. (105518.06 ticks, tree = 11.09 MB, solutions = 10)
   8023  6975      899.0000    78      970.0000      574.5927  1342862   40.76%
   8428  7366      899.0000    49      970.0000      574.5949  1392568   40.76%
   8797  7717      935.0000    89      970.0000      574.5949  1450759   40.76%
   9322  8227      912.0000    89      970.0000      574.6275  1512500   40.76%
   9722  8610      901.0000    66      970.0000      574.7904  1590500   40.74%
* 10162+ 9041                          969.0000      574.8184  1652974   40.68%
* 10162+ 8851                          930.0000      574.8184  1652974   38.19%
  10162  8853      760.8977   117      930.0000      574.8184  1652974   38.19%
  10710  9389      901.0149    70      930.0000      575.0000  1717568   38.17%
  11475 10151      888.6413    34      930.0000      575.6594  1806815   38.10%
  11924 10586      761.9209    80      930.0000      575.6762  1874929   38.10%
  12326 10984      762.0382    94      930.0000      575.8841  1930234   38.08%
Elapsed time = 122.02 sec. (155796.76 ticks, tree = 18.76 MB, solutions = 12)
  12557 11207      839.1674    90      930.0000      575.8841  1997150   38.08%
  13127 11767      614.2133   105      930.0000      576.1987  2048528   38.04%
  13554 12172      762.7848    92      930.0000      576.3064  2135244   38.03%
  14160 12774      784.9487   108      930.0000      576.4426  2210977   38.02%
  14526 13133      615.2373   118      930.0000      576.4519  2283397   38.02%
  15065 13665      902.0000    82      930.0000      576.4802  2355254   38.01%
  15485 14081      901.0000    37      930.0000      576.7171  2432945   37.99%
  15947 14536      675.9484   114      930.0000      577.5770  2501453   37.89%
  16527 15105      762.5890   105      930.0000      577.6357  2581725   37.89%
  16960 15533      834.7448    74      930.0000      577.6357  2648653   37.89%
Elapsed time = 153.64 sec. (194024.48 ticks, tree = 26.27 MB, solutions = 12)
  17432 15993      887.0000    43      930.0000      577.8822  2708020   37.86%
  17748 16300      675.8612   119      930.0000      577.8822  2767219   37.86%
  18133 16681      764.1936    85      930.0000      577.9339  2824869   37.86%
  18382 16925      892.5118    58      930.0000      578.1555  2882464   37.83%
  18505 17041      890.0509    45      930.0000      578.1555  2936524   37.83%
  18936 17466      762.2679    82      930.0000      578.3642  2984383   37.81%
  19370 17898      887.0545    61      930.0000      578.4007  3055584   37.81%
  19727 18247      616.7805   120      930.0000      578.4158  3122598   37.80%
  20188 18701      899.0000    77      930.0000      578.4590  3187585   37.80%
  20596 19097      910.9366    80      930.0000      578.7785  3262443   37.77%
Elapsed time = 184.66 sec. (232371.47 ticks, tree = 32.86 MB, solutions = 12)
  21147 19640      675.9768   127      930.0000      578.7814  3335506   37.77%
  21445 19923      894.0398    61      930.0000      579.0000  3395261   37.74%
  21920 20394      903.0000    67      930.0000      579.0000  3462657   37.74%
  22346 20815      866.2346    76      930.0000      579.3758  3522062   37.70%
  22498 20958      895.0000    38      930.0000      579.3758  3567090   37.70%
  22858 21312      901.0000    64      930.0000      579.6738  3616915   37.67%
  23125 21576      761.6067    78      930.0000      579.6738  3654228   37.67%
  23384 21828      889.0000    41      930.0000      579.6738  3703820   37.67%
  23553 21980      831.7531    92      930.0000      579.6909  3768722   37.67%
  23897 22319      899.0000    49      930.0000      579.7076  3811628   37.67%
Elapsed time = 214.93 sec. (270725.10 ticks, tree = 51.90 MB, solutions = 12)
  24144 22565      766.7219    92      930.0000      579.9159  3853869   37.64%
  24404 22815      890.3539    53      930.0000      580.2466  3896169   37.61%
  24624 23026      899.0000    68      930.0000      580.2466  3943525   37.61%
  25124 23523      580.4981   117      930.0000      580.4916  3994225   37.58%
  25457 23849      890.4041    59      930.0000      580.5255  4057197   37.58%
  25868 24254      901.0000    55      930.0000      580.5267  4114398   37.58%
  26326 24708      614.2133   103      930.0000      580.5483  4174599   37.58%
  26566 24938      831.7531    92      930.0000      580.5632  4248930   37.57%
  27121 25492      889.0000    38      930.0000      580.6005  4310179   37.57%
  27430 25797      890.0235    54      930.0000      580.7891  4366725   37.55%
Elapsed time = 245.06 sec. (309181.13 ticks, tree = 74.93 MB, solutions = 12)
  27889 26244      901.0000    84      930.0000      580.9848  4431931   37.53%
  28335 26685      830.6667    50      930.0000      581.0119  4483707   37.53%
  28488 26824      895.0000    39      930.0000      581.0119  4538428   37.53%
  28690 27017      899.0000    54      930.0000      581.0151  4584929   37.53%
  28977 27300      901.0000    97      930.0000      581.2788  4628973   37.50%
  29364 27682      887.0000    81      930.0000      581.5122  4672990   37.47%
  29594 27897      899.0000    77      930.0000      581.8290  4725222   37.44%
  30017 28313      901.0000    77      930.0000      581.8290  4772022   37.44%
  30366 28658      889.0000    73      930.0000      581.8290  4818182   37.44%
  30524 28803      581.8290   142      930.0000      581.8290  4862546   37.44%
Elapsed time = 275.20 sec. (347538.63 ticks, tree = 94.68 MB, solutions = 12)
  30789 29066      901.0000    96      930.0000      581.8744  4909304   37.43%
  31140 29415      665.4098    99      930.0000      582.5071  4955081   37.36%
  31456 29719      910.1957    39      930.0000      582.5071  4996888   37.36%
  31554 29809      843.6502    88      930.0000      582.7111  5039867   37.34%
  32135 30386      633.6385   105      930.0000      582.7424  5095469   37.34%
  32470 30715      890.4812    45      930.0000      582.7499  5156017   37.34%
  32898 31139      899.0000    40      930.0000      582.7860  5215566   37.33%
  33331 31570      850.9223    75      930.0000      582.8161  5275258   37.33%
  33511 31739      902.0839    60      930.0000      582.8161  5323216   37.33%
  33937 32160      641.8529   106      930.0000      582.8678  5381199   37.33%
Elapsed time = 306.32 sec. (386020.96 ticks, tree = 118.69 MB, solutions = 12)
  34355 32575      890.0235    54      930.0000      582.9070  5443891   37.32%
  34546 32757      787.1255    91      930.0000      583.1040  5500798   37.30%
  35144 33350      700.8395   103      930.0000      583.2619  5565506   37.28%
  35490 33687      889.0000    38      930.0000      583.2956  5625424   37.28%
  35753 33945      842.0165   103      930.0000      583.2997  5671635   37.28%
  36153 34342      816.7130   100      930.0000      583.2997  5716426   37.28%
  36471 34649      890.0979    35      930.0000      583.2997  5765238   37.28%
  36727 34895      761.6067    71      930.0000      583.2997  5816203   37.28%
  37105 35270      899.0000    51      930.0000      583.2997  5865575   37.28%
  37350 35510        cutoff            930.0000      583.3518  5908827   37.27%
Elapsed time = 336.34 sec. (424431.95 ticks, tree = 138.92 MB, solutions = 12)
  37524 35674      585.7499   126      930.0000      583.3518  5959348   37.27%
  37781 35928      899.0000    69      930.0000      583.3615  5994800   37.27%
  38163 36309      889.0000    77      930.0000      583.3615  6037267   37.27%
  38384 36521      887.0000    76      930.0000      583.3864  6082722   37.27%
  38555 36681      840.5530   104      930.0000      583.6417  6137202   37.24%
  39117 37240      903.0000    88      930.0000      583.7959  6190229   37.23%
  39375 37494      890.3996    57      930.0000      583.7959  6243671   37.23%
  39736 37841      767.2487    78      930.0000      583.7959  6311869   37.23%
  40236 38335      899.0000    73      930.0000      583.7959  6374942   37.23%
  40488 38579      891.3097    32      930.0000      583.7959  6431823   37.23%
Elapsed time = 366.51 sec. (462897.42 ticks, tree = 162.72 MB, solutions = 12)
  40919 39003      903.0000    79      930.0000      583.8718  6490462   37.22%
  41349 39429      793.7057    74      930.0000      584.8720  6552367   37.11%
  41560 39622      923.0000    89      930.0000      584.9029  6613034   37.11%
  42125 40184      588.1277   117      930.0000      585.2012  6671945   37.08%
  42406 40457      902.3062    45      930.0000      585.2034  6727886   37.07%
  42743 40785      714.9693    80      930.0000      585.2367  6781036   37.07%
  43322 41357      925.0000    72      930.0000      585.2686  6843767   37.07%
  43484 41506      910.2905    43      930.0000      585.3130  6895205   37.06%
  43762 41778      800.8466    95      930.0000      585.3241  6947867   37.06%
  44332 42345      830.8961    51      930.0000      585.3844  7001430   37.06%
Elapsed time = 396.61 sec. (501287.78 ticks, tree = 181.60 MB, solutions = 12)
  44483 42486      888.2381    43      930.0000      585.3844  7047013   37.06%
  44759 42758      898.2420    71      930.0000      585.4453  7097994   37.05%
  45244 43237      911.0000    55      930.0000      585.5906  7148517   37.03%
  45447 43436      890.3835    50      930.0000      585.6016  7191621   37.03%
  45726 43704      762.0382    99      930.0000      585.7700  7234673   37.01%
  46119 44096      901.0000    57      930.0000      585.8492  7292141   37.01%
  46384 44356      902.2547    62      930.0000      585.8840  7339616   37.00%
  46724 44681      761.9209   104      930.0000      585.8840  7398587   37.00%
  47145 45098      769.2326    72      930.0000      585.8953  7453829   37.00%
  47443 45382      914.2014    40      930.0000      585.9261  7516359   37.00%
Elapsed time = 426.72 sec. (539983.09 ticks, tree = 206.68 MB, solutions = 12)
  47800 45718      911.0000    72      930.0000      585.9346  7577901   37.00%
  48343 46259      868.0175    73      930.0000      585.9941  7640982   36.99%
  48524 46428      761.9314    73      930.0000      585.9941  7706002   36.99%
  48948 46849      728.3264    84      930.0000      586.0932  7772110   36.98%
  49358 47254      890.0509    55      930.0000      586.2446  7828591   36.96%
  49488 47372      887.0000    43      930.0000      586.2446  7876906   36.96%
  49783 47657      903.0000    83      930.0000      586.3607  7935312   36.95%
  50324 48195      619.6412   114      930.0000      587.1455  7999870   36.87%
  50537 48395      654.0059    87      930.0000      587.4491  8069485   36.83%
  51066 48917      913.0000    73      930.0000      587.4491  8134779   36.83%
Elapsed time = 457.01 sec. (578504.07 ticks, tree = 224.76 MB, solutions = 12)
  51405 49253      889.0000    64      930.0000      587.5608  8181634   36.82%
  51711 49550      894.1103    71      930.0000      587.6863  8236132   36.81%
  52038 49874      887.0000    83      930.0000      587.6863  8284138   36.81%
  52412 50245      893.0000    59      930.0000      587.7370  8335319   36.80%
  52730 50551      762.1500    75      930.0000      587.7593  8393932   36.80%
  53124 50941      762.8646    76      930.0000      587.7813  8434841   36.80%
  53392 51205      891.0000    56      930.0000      587.8013  8488766   36.80%
  53522 51320      900.2703    38      930.0000      587.8013  8543890   36.80%
  53781 51576      899.0000    70      930.0000      587.8024  8584758   36.80%
  54289 52080      913.0000    65      930.0000      587.8409  8634417   36.79%
Elapsed time = 487.06 sec. (617098.51 ticks, tree = 246.24 MB, solutions = 12)
  54462 52246      908.0000    36      930.0000      587.8950  8682403   36.79%
  54926 52697      762.1500    66      930.0000      587.9946  8745094   36.77%
  55337 53106      791.5000    71      930.0000      588.0000  8796854   36.77%
  55522 53278      906.5370    39      930.0000      588.0000  8855539   36.77%
  56030 53780      901.0000    79      930.0000      588.0523  8911458   36.77%
  56432 54176      890.0509    42      930.0000      588.0573  8978560   36.77%
  56562 54293      911.0000    61      930.0000      588.0721  9034965   36.77%
  57124 54852      761.5000    62      930.0000      588.1149  9102874   36.76%
  57427 55144        cutoff            930.0000      588.1277  9164389   36.76%
  57886 55598      899.0000    64      930.0000      588.3552  9232887   36.74%
Elapsed time = 518.62 sec. (655890.32 ticks, tree = 266.69 MB, solutions = 12)
  58361 56068      893.7760    92      930.0000      588.4887  9300976   36.72%
  58482 56185      894.6524    60      930.0000      588.4887  9345794   36.72%
  58916 56612      913.0000    57      930.0000      588.4887  9405411   36.72%
  59351 57044      888.5298    71      930.0000      588.4887  9470841   36.72%
  59522 57212      889.0000    44      930.0000      588.4887  9523145   36.72%
  59924 57611      589.8977   135      930.0000      588.6392  9594102   36.71%
  60327 58010      761.9209    86      930.0000      588.6392  9642063   36.71%
  60429 58104      896.4912    72      930.0000      588.6392  9678877   36.71%
  60552 58216      797.8475    93      930.0000      588.6434  9726847   36.71%
  60792 58452      899.0000    62      930.0000      588.6441  9753771   36.70%
Elapsed time = 550.04 sec. (694787.18 ticks, tree = 282.56 MB, solutions = 12)
  61122 58779      893.0000    47      930.0000      588.6441  9789131   36.70%
  61349 59003      887.0545    69      930.0000      588.7732  9832628   36.69%
  61422 59069      900.0980    53      930.0000      588.7732  9862545   36.69%
  61522 59163      899.0000    49      930.0000      588.7732  9888982   36.69%
  61622 59263      911.0000    51      930.0000      588.8360  9908382   36.68%
  61822 59462      903.0000    47      930.0000      588.8360  9941733   36.68%
  61922 59562      903.0000    69      930.0000      588.8360  9956185   36.68%
  62122 59760      915.0000    83      930.0000      588.9048  9971028   36.68%
  62368 60004      890.6653    52      930.0000      589.3355  9987311   36.63%
  62437 60063      891.0046    57      930.0000      589.3355 10006381   36.63%
Elapsed time = 586.52 sec. (738596.69 ticks, tree = 302.06 MB, solutions = 12)
  62583 60192      899.0000    71      930.0000      589.3355 10038685   36.63%
  62924 60529      761.9209    70      930.0000      589.7731 10058100   36.58%
  63122 60726      901.0000    64      930.0000      589.7731 10066475   36.58%

GUB cover cuts applied:  4
Clique cuts applied:  2
Cover cuts applied:  2
Implied bound cuts applied:  88
Flow cuts applied:  260
Mixed integer rounding cuts applied:  95
Zero-half cuts applied:  1
Lift and project cuts applied:  25

Root node processing (before b&c):
  Real time             =    2.10 sec. (2754.95 ticks)
Sequential b&c:
  Real time             =  597.91 sec. (752317.66 ticks)
                          ------------
Total (root+branch&cut) =  600.00 sec. (755072.61 ticks)
