Tried aggregator 2 times.
MIP Presolve eliminated 1733 rows and 141 columns.
MIP Presolve modified 749 coefficients.
Aggregator did 51 substitutions.
Reduced MIP has 1825 rows, 3328 columns, and 12094 nonzeros.
Reduced MIP has 1690 binaries, 2 generals, 0 SOSs, and 0 indicators.
Presolve time = 0.01 sec. (14.06 ticks)
Found incumbent of value 5700.000000 after 0.03 sec. (29.65 ticks)
Probing time = 0.00 sec. (3.36 ticks)
Tried aggregator 2 times.
Aggregator did 2 substitutions.
Reduced MIP has 1823 rows, 3326 columns, and 12090 nonzeros.
Reduced MIP has 1688 binaries, 32 generals, 0 SOSs, and 0 indicators.
Presolve time = 0.01 sec. (8.54 ticks)
Probing fixed 0 vars, tightened 1 bounds.
Probing time = 0.01 sec. (6.96 ticks)
Clique table members: 2375.
MIP emphasis: balance optimality and feasibility.
MIP search method: dynamic search.
Parallel mode: none, using 1 thread.
Root relaxation solution time = 0.07 sec. (122.83 ticks)

        Nodes                                         Cuts/
   Node  Left     Objective  IInf  Best Integer    Best Bound    ItCnt     Gap

*     0+    0                         5700.0000        0.0000     1413  100.00%
      0     0      122.4529   173     5700.0000      122.4529     1413   97.85%
      0     0      122.4529   163     5700.0000      Cuts: 51     1630   97.85%
      0     0      123.0000   184     5700.0000      Cuts: 54     2529   97.84%
      0     0      130.8317   172     5700.0000      Cuts: 95     4210   97.70%
      0     0      230.8309   152     5700.0000     Cuts: 110     4767   95.95%
      0     0      233.1064   146     5700.0000      Cuts: 51     5347   95.91%
      0     0      233.1064   157     5700.0000      Cuts: 46     5644   95.91%
      0     0      233.1064   156     5700.0000      Cuts: 48     5889   95.91%
      0     2      233.1064   156     5700.0000      233.1064     5889   95.91%
Elapsed time = 2.65 sec. (3421.37 ticks, tree = 0.00 MB, solutions = 1)
      7     9      235.9421   158     5700.0000      233.1064    10009   95.91%
     18    20      235.9421   149     5700.0000      233.1064    14880   95.91%
     31    33      233.1064   151     5700.0000      233.1064    17109   95.91%
     40    42      235.9421   152     5700.0000      233.1064    22939   95.91%
     52    54      233.1064   160     5700.0000      233.1064    28710   95.91%
     68    70      233.1164   145     5700.0000      233.1064    30807   95.91%
     82    84      233.4855   159     5700.0000      233.1064    33526   95.91%
     93    95     1222.9338    77     5700.0000      233.1064    36671   95.91%
    113   115      242.4372   146     5700.0000      233.1064    39598   95.91%
    163   165      253.5508   143     5700.0000      233.1064    49564   95.91%
Elapsed time = 5.09 sec. (6855.82 ticks, tree = 1.32 MB, solutions = 1)
    220   221      283.3204   120     5700.0000      233.1064    57401   95.91%
    282   283      318.6813   101     5700.0000      233.1064    70472   95.91%
    333   334      374.9652    83     5700.0000      233.1064    87437   95.91%
    367   368      482.5388    57     5700.0000      233.1064   105173   95.91%
*   380+  379                         3110.0000      233.1064   107178   92.50%
*   390+  389                         2940.0000      233.1064   110511   92.07%
*   390+  389                         2020.0000      233.1064   110511   88.46%
    405   404    infeasible           2020.0000      233.1064   116646   88.46%
    460   451      877.9157    29     2020.0000      233.1064   131012   88.46%
    499   478      245.4124   144     2020.0000      233.1064   138356   88.46%
    522   501      301.5918   115     2020.0000      233.1064   145957   88.46%
    602   581     1323.6567    57     2020.0000      233.1064   158173   88.46%
    723   698     1127.5209    22     2020.0000      233.1064   173670   88.46%
Elapsed time = 12.69 sec. (16773.94 ticks, tree = 2.74 MB, solutions = 4)
*   771   738      integral     0     1820.0000      233.1064   186170   87.19%
    813   778     1220.8511    69     1820.0000      233.1064   195999   87.19%
    858   823      428.8610    86     1820.0000      233.1064   206803   87.19%
*   871+  834                         1780.0000      233.1064   208033   86.90%
    899   864     1275.2968    61     1780.0000      233.1064   212569   86.90%
    982   947      613.7126    54     1780.0000      233.1064   223389   86.90%
*   998+  957                         1740.0000      233.1064   226450   86.60%
*   998+  950                         1610.0000      233.1064   226450   85.52%
*   998+  946                         1550.0000      233.1064   226450   84.96%
*   999+  947                         1530.0000      233.1064   226900   84.76%
*   999+  937                         1420.0000      233.1064   226900   83.58%
    999   939      235.9421   150     1420.0000      233.1064   226900   83.58%
*  1000+  625                         1410.0000      649.3774   251585   53.94%
*  1000+  416                         1320.0000      649.3774   251585   50.80%
   1000   417      650.0000   152     1320.0000      650.0000   251585   50.76%
   1005   419      653.0000   173     1320.0000      650.0000   252930   50.76%
   1011   422      656.6979   178     1320.0000      650.0000   256150   50.76%
   1017   426      658.4749   177     1320.0000      650.0000   256918   50.76%
Elapsed time = 25.78 sec. (33726.78 ticks, tree = 1.41 MB, solutions = 13)
   1022   428      719.0000   148     1320.0000      650.0000   258647   50.76%
   1036   433      739.0010   117     1320.0000      650.0000   262979   50.76%
   1056   444      796.1107    84     1320.0000      650.0000   269801   50.76%
   1070   452      797.0000    80     1320.0000      650.0000   274648   50.76%
   1100   466      933.0000    59     1320.0000      650.0000   283001   50.76%
   1153   482     1059.0765    41     1320.0000      650.0000   295327   50.76%
   1214   485     1187.6399    33     1320.0000      650.0000   317561   50.76%
   1256   495      653.0413   161     1320.0000      650.0000   330503   50.76%
   1289   514      897.0000    89     1320.0000      650.0000   336862   50.76%
   1302   517     1036.4566    69     1320.0000      650.0000   342037   50.76%
Elapsed time = 33.84 sec. (44262.94 ticks, tree = 4.71 MB, solutions = 13)
   1330   534      905.7987    67     1320.0000      650.0000   350080   50.76%
   1360   548     1221.8924    52     1320.0000      650.0000   362626   50.76%
   1400   569     1269.0000    40     1320.0000      650.0000   372923   50.76%
   1470   590     1289.0000    25     1320.0000      650.0000   389267   50.76%
   1505   584      654.1986   157     1320.0000      650.0000   406330   50.76%
   1509   587      676.5076   146     1320.0000      652.0000   411068   50.61%
   1531   599     1028.5839    82     1320.0000      652.0000   416819   50.61%
   1576   612     1164.0000    83     1320.0000      652.0000   424040   50.61%
   1608   621      725.1414   113     1320.0000      652.0348   429419   50.60%
   1645   640      915.3893    98     1320.0000      652.0348   439218   50.60%
Elapsed time = 41.68 sec. (55161.86 ticks, tree = 8.74 MB, solutions = 13)
   1709   649     1291.0000    83     1320.0000      652.0348   448137   50.60%
   1800   696     1294.0000    71     1320.0000      652.0348   453106   50.60%
   1830   711     1165.3268   104     1320.0000      653.0000   462032   50.53%
   1909   766     1240.2196    47     1320.0000      653.0000   475571   50.53%
   1968   820     1241.0625    23     1320.0000      653.0000   493342   50.53%
   2003   848      654.3141   165     1320.0000      653.2728   509078   50.51%
   2018   863      696.0586   147     1320.0000      653.2728   513026   50.51%
   2065   904     1114.5295    89     1320.0000      653.2728   523650   50.51%
   2103   932     1287.0000    74     1320.0000      653.2728   529823   50.51%
   2215  1038     1026.5326    85     1320.0000      653.3415   541946   50.50%
Elapsed time = 49.53 sec. (65701.41 ticks, tree = 14.74 MB, solutions = 13)
   2290  1109     1042.8564    76     1320.0000      653.3415   554741   50.50%
   2360  1171     1271.0000    48     1320.0000      653.3415   564624   50.50%
   2427  1238      765.7687   127     1320.0000      654.3141   572506   50.43%
   2477  1284      896.2719    99     1320.0000      654.3141   580922   50.43%
   2588  1385     1300.0000    74     1320.0000      654.3141   590304   50.43%
   2643  1438      880.8252    93     1320.0000      654.3141   602303   50.43%
   2754  1536     1271.0000    52     1320.0000      654.3141   615051   50.43%
   2837  1612     1222.8329    55     1320.0000      654.4166   632177   50.42%
   2886  1654     1231.0000    63     1320.0000      654.4166   643435   50.42%
   2952  1711     1262.7261    18     1320.0000      654.4166   663444   50.42%
Elapsed time = 57.05 sec. (75738.16 ticks, tree = 22.37 MB, solutions = 13)
   2995  1741      675.4961   152     1320.0000      654.4167   679466   50.42%
   3013  1759     1028.4943    89     1320.0000      654.4167   685915   50.42%
   3044  1790     1047.8183    94     1320.0000      654.4167   698141   50.42%
   3146  1888     1235.7469    50     1320.0000      654.4167   711021   50.42%
   3226  1959      713.9569   145     1320.0000      654.5798   721288   50.41%
   3281  2011     1239.8738    77     1320.0000      654.5798   731315   50.41%
   3398  2125     1245.8880    66     1320.0000      654.5798   741643   50.41%
   3448  2170      844.1760   113     1320.0000      654.9658   749366   50.38%
   3521  2237     1246.0000    70     1320.0000      654.9658   759170   50.38%
   3623  2338      730.2835   141     1320.0000      655.9098   769389   50.31%
Elapsed time = 64.37 sec. (85595.27 ticks, tree = 28.24 MB, solutions = 13)
   3683  2391     1244.0000    82     1320.0000      655.9098   778574   50.31%
   3802  2506      655.9221   157     1320.0000      655.9221   786637   50.31%
   3826  2529     1160.5140    84     1320.0000      655.9221   795027   50.31%
   3884  2584     1226.0000    74     1320.0000      655.9221   804093   50.31%
   3915  2612     1250.7727    57     1320.0000      655.9221   816148   50.31%
   4000  2693     1256.0945    24     1320.0000      655.9221   838974   50.31%
   4028  2721      744.0066   135     1320.0000      656.1201   846890   50.29%
   4090  2781     1243.0000    64     1320.0000      656.1201   856731   50.29%
   4153  2842     1248.0000    49     1320.0000      656.1201   864543   50.29%
   4227  2912      754.9302   132     1320.0000      656.1537   874428   50.29%
Elapsed time = 71.66 sec. (95325.61 ticks, tree = 35.48 MB, solutions = 13)
   4283  2961     1243.8387    79     1320.0000      656.1537   884604   50.29%
   4404  3078      680.6551   150     1320.0000      656.1817   894585   50.29%
   4510  3184     1228.0000    51     1320.0000      656.1817   907655   50.29%
   4586  3253      839.1534   108     1320.0000      656.3150   928375   50.28%
   4613  3280      899.5038    99     1320.0000      656.3150   934001   50.28%
   4691  3357     1296.0000    97     1320.0000      656.3150   941461   50.28%
   4809  3473     1026.2772    71     1320.0000      656.5477   952252   50.26%
   4871  3533     1229.4046    64     1320.0000      656.5477   965388   50.26%
   4965  3615     1235.3558    50     1320.0000      656.5477   981917   50.26%
   5232  3869      784.5619   122     1320.0000      657.1654  1023609   50.21%
Elapsed time = 81.24 sec. (108117.94 ticks, tree = 44.74 MB, solutions = 13)
   5505  4130     1273.0000    70     1320.0000      657.2334  1061454   50.21%
   5808  4421      842.9294   125     1320.0000      658.2158  1098259   50.14%
   6029  4616      774.7972   127     1320.0000      658.4147  1153703   50.12%
   6417  4983      714.8010   138     1320.0000      658.6720  1208772   50.10%
   6802  5347      659.0000   174     1320.0000      659.0000  1263222   50.08%
*  6900+ 5373                         1300.0000      659.0000  1289019   49.31%
   7002  5467      660.5133   165     1300.0000      659.0000  1310919   49.31%
   7232  5684      926.5858   128     1300.0000      659.1327  1349657   49.30%
   7556  5990     1291.0000    37     1300.0000      659.8006  1389980   49.25%
   7800  6222     1262.0000    76     1300.0000      660.2196  1430236   49.21%
   8023  6432      738.2194   144     1300.0000      660.4872  1487817   49.19%
Elapsed time = 111.52 sec. (147762.30 ticks, tree = 68.50 MB, solutions = 14)
   8303  6706     1276.0000    50     1300.0000      660.5133  1523046   49.19%
   8540  6920     1230.0000    89     1300.0000      660.6558  1581294   49.18%
   8807  7149      729.7054   136     1300.0000      660.6558  1674342   49.18%
   9326  7647     1263.0000    61     1300.0000      660.9010  1735583   49.16%
   9821  8127     1162.2176    86     1300.0000      662.5716  1796347   49.03%
  10037  8334     1119.6761   108     1300.0000      662.5716  1856201   49.03%
  10411  8682     1268.0018    76     1300.0000      662.7223  1908565   49.02%
  10785  9046     1263.0000    58     1300.0000      662.7499  1957191   49.02%
  10960  9206     1284.0000    38     1300.0000      662.7499  1999604   49.02%
  11366  9595      803.3914   109     1300.0000      663.0250  2051330   49.00%
Elapsed time = 153.92 sec. (199291.70 ticks, tree = 90.75 MB, solutions = 14)
  11502  9711     1240.0000    52     1300.0000      663.0250  2099525   49.00%
  11749  9923     1231.0000    42     1300.0000      663.2946  2157866   48.98%
  12227 10383     1294.0000    36     1300.0000      663.4268  2230439   48.97%
  12726 10866     1244.0000    74     1300.0000      664.0876  2279604   48.92%
  13024 11144      768.4132   136     1300.0000      664.4432  2345177   48.89%
  13603 11706      798.7161   100     1300.0000      665.0765  2409295   48.84%
  13886 11972     1236.0000    40     1300.0000      665.1330  2481831   48.84%
  14288 12357     1271.0000    77     1300.0000      665.2725  2557120   48.83%
  14823 12876     1028.3342    84     1300.0000      665.5560  2629406   48.80%
  15095 13137     1241.0000    64     1300.0000      665.5616  2704839   48.80%
Elapsed time = 184.42 sec. (237498.19 ticks, tree = 114.13 MB, solutions = 14)
  15420 13434      806.9777   106     1300.0000      666.4053  2754423   48.74%
  15893 13884     1228.0000    62     1300.0000      666.4560  2814211   48.73%
  16110 14093     1245.7167    90     1300.0000      667.0767  2870733   48.69%
  16330 14304     1293.0000    76     1300.0000      667.5085  2908929   48.65%
* 16600+13081                         1290.0000      667.5184  2942412   48.25%
  16792 13271     1251.0000    50     1290.0000      667.5184  2956025   48.25%
  17000 13466     1281.0000    43     1290.0000      667.5519  3013218   48.25%
  17431 13889     1136.8653    86     1290.0000      667.7039  3067144   48.24%
  17739 14177     1238.3174    53     1290.0000      667.9437  3121779   48.22%
  18085 14497     1233.0000    61     1290.0000      668.0983  3199193   48.21%
  18622 15015      789.5934   140     1290.0000      668.2660  3264735   48.20%
Elapsed time = 215.63 sec. (276179.97 ticks, tree = 126.57 MB, solutions = 15)
  19020 15392      774.5971   138     1290.0000      668.4991  3337925   48.18%
  19439 15803     1110.8506   102     1290.0000      668.8022  3395428   48.15%
  19897 16259     1238.0678    36     1290.0000      669.6698  3466758   48.09%
  20215 16557     1285.0000    69     1290.0000      670.3396  3539512   48.04%
  20808 17121     1262.8130    64     1290.0000      670.5081  3599933   48.02%
  21100 17372     1286.0000    95     1290.0000      670.5599  3664966   48.02%
  21556 17813     1247.0000    93     1290.0000      670.7979  3711231   48.00%
  21823 18057     1235.7669    47     1290.0000      671.1540  3763440   47.97%
  22033 18254     1242.7877    76     1290.0000      671.1587  3821680   47.97%
  22464 18675     1244.4195    95     1290.0000      671.4012  3871114   47.95%
Elapsed time = 246.59 sec. (314631.06 ticks, tree = 146.63 MB, solutions = 15)
  22825 19015     1036.3693    70     1290.0000      672.0373  3929993   47.90%
  23035 19210     1127.0716   115     1290.0000      672.0614  4003983   47.90%
  23414 19570     1026.5326    90     1290.0000      672.3191  4057764   47.88%
  23816 19964     1157.4148    84     1290.0000      672.4307  4129126   47.87%
  24040 20180      794.8006    92     1290.0000      673.0007  4202797   47.83%
  24456 20570      891.1331   117     1290.0000      673.0487  4270934   47.83%
  24847 20946     1227.7768    74     1290.0000      673.1656  4334745   47.82%
  25009 21105      807.6433    94     1290.0000      673.3694  4407537   47.80%
  25638 21712     1242.6713    89     1290.0000      673.6764  4480462   47.78%
  25929 21997     1266.0000    43     1290.0000      673.8500  4534947   47.76%
Elapsed time = 278.05 sec. (352988.81 ticks, tree = 163.29 MB, solutions = 15)
  26194 22251     1246.5520    59     1290.0000      674.0602  4593935   47.75%
  26600 22652     1284.0000    67     1290.0000      674.0602  4638583   47.75%
  26886 22931     1241.0000    56     1290.0000      674.2576  4692313   47.73%
  27029 23069     1118.5813    89     1290.0000      674.2594  4749681   47.73%
  27424 23454      918.1976   103     1290.0000      674.4487  4804642   47.72%
  27787 23811     1251.0000    58     1290.0000      674.5808  4852321   47.71%
  27945 23959     1235.5658    27     1290.0000      674.5808  4903449   47.71%
  28220 24224      828.0460   112     1290.0000      674.8591  4954429   47.69%
  28637 24633     1201.2724    82     1290.0000      675.1247  5006506   47.66%
  29000 24976     1229.0000    46     1290.0000      675.2429  5079130   47.66%
Elapsed time = 308.95 sec. (391512.78 ticks, tree = 183.73 MB, solutions = 15)
  29420 25392      839.0321   105     1290.0000      675.3026  5126693   47.65%
  29714 25666     1240.2500    46     1290.0000      675.4961  5186984   47.64%
  29950 25889     1084.3030    83     1290.0000      675.9977  5264075   47.60%
  30265 26193      790.9618   118     1290.0000      676.0318  5319539   47.59%
  30594 26511     1267.7728    44     1290.0000      676.0790  5377812   47.59%
  30946 26844     1278.0000    46     1290.0000      676.1221  5468944   47.59%
  31510 27391     1242.0000    76     1290.0000      676.1224  5542412   47.59%
  31898 27772     1277.5022    54     1290.0000      676.5076  5610392   47.56%
  32168 28024     1253.2759    56     1290.0000      676.5076  5640379   47.56%
  32474 28325     1241.0000    58     1290.0000      676.6137  5664202   47.55%
Elapsed time = 339.92 sec. (430107.40 ticks, tree = 211.76 MB, solutions = 15)
  32800 28641     1246.0000    64     1290.0000      676.7144  5688913   47.54%
  32892 28728     1275.0000    33     1290.0000      676.8424  5712658   47.53%
  32981 28808     1285.3613    36     1290.0000      676.8424  5749196   47.53%
  33199 29017     1251.0000    66     1290.0000      676.8753  5774283   47.53%
  33572 29380     1251.0000    65     1290.0000      677.1262  5798654   47.51%
  33847 29649     1244.0451    51     1290.0000      677.3674  5821312   47.49%
  33934 29733     1254.0000    81     1290.0000      677.3674  5850438   47.49%
  34137 29929     1244.0000    56     1290.0000      677.3674  5876776   47.49%
  34450 30238     1241.0000    63     1290.0000      677.4943  5900026   47.48%
  34778 30559     1245.4842    62     1290.0000      677.5134  5924821   47.48%
Elapsed time = 369.34 sec. (468671.66 ticks, tree = 261.63 MB, solutions = 15)
  34940 30713     1246.0000    44     1290.0000      677.5331  5952080   47.48%
  35112 30879     1231.0000    57     1290.0000      677.5752  5979092   47.47%
  35439 31197     1230.8100    60     1290.0000      677.5760  6003330   47.47%
  35642 31393     1226.0000    61     1290.0000      677.6093  6029122   47.47%
  35765 31504     1245.6241    34     1290.0000      677.6093  6064088   47.47%
  35988 31704     1229.0000    56     1290.0000      677.6633  6096843   47.47%
  36313 32023     1226.0000    71     1290.0000      677.7973  6122788   47.46%
  36602 32301     1031.0429    83     1290.0000      677.8630  6148126   47.45%
  36854 32549     1246.0000    64     1290.0000      677.8630  6174403   47.45%
  36998 32684     1262.0000    21     1290.0000      677.8630  6212732   47.45%
Elapsed time = 398.36 sec. (506948.77 ticks, tree = 301.46 MB, solutions = 15)
* 37100+26322                         1270.0000      677.8856  6218852   46.62%
  37271 26492     1223.0000    51     1270.0000      677.9404  6233825   46.62%
  37659 26875     1249.0000    70     1270.0000      678.0696  6258518   46.61%
  37897 27105     1238.1507    58     1270.0000      678.1567  6289996   46.60%
  38000 27198     1246.0000    47     1270.0000      678.1567  6326844   46.60%
  38282 27477     1226.0000    73     1270.0000      678.2444  6353803   46.59%
  38600 27792     1234.0000    64     1270.0000      678.4514  6381018   46.58%
  38767 27938     1238.0000    44     1270.0000      678.6319  6412877   46.56%
  38933 28080      699.5993   134     1270.0000      678.6631  6460772   46.56%
  39270 28413     1233.0000    68     1270.0000      679.1032  6487151   46.53%
  39574 28710     1248.0000    72     1270.0000      679.2385  6515656   46.52%
Elapsed time = 428.08 sec. (545587.71 ticks, tree = 319.69 MB, solutions = 16)
  39713 28839     1265.3759    81     1270.0000      679.2385  6539306   46.52%
  39894 28987      933.0662    85     1270.0000      679.2769  6576649   46.51%
  40214 29299     1266.0000    78     1270.0000      679.2989  6603960   46.51%
  40562 29629      801.6303   115     1270.0000      679.4249  6633205   46.50%
  40838 29884     1231.8943    62     1270.0000      679.4249  6665218   46.50%
  41075 30108     1226.0000    75     1270.0000      679.4249  6700201   46.50%
  41501 30526     1248.0000    59     1270.0000      679.7342  6722117   46.48%
  41835 30848     1230.2096    42     1270.0000      680.0597  6753906   46.45%
  41969 30968     1247.6671    28     1270.0000      680.0597  6794955   46.45%
  42200 31178     1226.0000    71     1270.0000      680.2490  6827882   46.44%
Elapsed time = 458.31 sec. (584967.98 ticks, tree = 353.92 MB, solutions = 16)
  42494 31464     1243.0000    45     1270.0000      680.2490  6856406   46.44%
  42846 31791     1224.0000    37     1270.0000      680.2490  6887408   46.44%
  42966 31904     1237.6889    34     1270.0000      680.2490  6926492   46.44%
  43314 32245     1229.0000    72     1270.0000      680.2490  6956105   46.44%
  43661 32579     1233.0000    52     1270.0000      680.3407  6979658   46.43%
  43855 32767     1268.0000    65     1270.0000      680.3447  7005815   46.43%
  44177 33064     1235.0180    58     1270.0000      680.3939  7039255   46.43%
  44500 33380     1229.0000    54     1270.0000      680.5749  7065161   46.41%
  44856 33734     1240.2843    70     1270.0000      680.6551  7091366   46.41%
  44950 33825     1227.2559    59     1270.0000      680.6551  7126521   46.41%
Elapsed time = 487.75 sec. (623852.52 ticks, tree = 410.67 MB, solutions = 16)
  45200 34058     1231.0000    58     1270.0000      680.6551  7155541   46.41%
  45450 34303     1226.0000    64     1270.0000      680.6551  7178456   46.41%
  45839 34685     1244.0000    80     1270.0000      680.7474  7204977   46.40%
  45951 34788     1251.6596    53     1270.0000      680.7474  7237821   46.40%
  46115 34943     1230.0000    80     1270.0000      680.7744  7266274   46.40%
  46402 35225     1023.9626    86     1270.0000      680.9914  7295781   46.38%
  46703 35522     1231.0000    74     1270.0000      680.9914  7319372   46.38%
  47021 35834     1246.0000    55     1270.0000      681.1051  7345032   46.37%
  47370 36175     1230.0000    68     1270.0000      681.1063  7375914   46.37%
  47785 36581     1235.2255    53     1270.0000      681.2107  7402561   46.36%
Elapsed time = 517.05 sec. (662482.38 ticks, tree = 456.03 MB, solutions = 16)
  47928 36718     1228.0000    37     1270.0000      681.2794  7435283   46.36%
  48140 36926     1229.0000    50     1270.0000      681.5589  7470770   46.33%
  48589 37370     1230.0000    54     1270.0000      681.6561  7499108   46.33%
  48862 37637     1227.7565    60     1270.0000      681.6571  7526385   46.33%
  49053 37819     1229.0000    62     1270.0000      681.6571  7560132   46.33%
  49422 38178     1068.1134    86     1270.0000      681.6733  7592551   46.32%
  49800 38550     1226.0000    60     1270.0000      681.7746  7617785   46.32%
  49947 38676     1250.9698    26     1270.0000      681.8160  7651896   46.31%
  50216 38930      913.2361    96     1270.0000      682.2809  7687493   46.28%
  50458 39164     1239.6638    55     1270.0000      682.2809  7709678   46.28%
Elapsed time = 546.46 sec. (700851.60 ticks, tree = 512.02 MB, solutions = 16)
  50736 39428     1224.0000    66     1270.0000      682.2833  7731478   46.28%
  50886 39572     1232.6650    71     1270.0000      682.5273  7757510   46.26%
  50991 39656     1248.4409    36     1270.0000      682.5273  7783831   46.26%
  51200 39860     1229.0000    59     1270.0000      682.6625  7798801   46.25%
  51418 40073      972.4995    98     1270.0000      682.7229  7815850   46.24%
  51600 40233     1269.0000    54     1270.0000      682.7608  7840136   46.24%
  51926 40540     1239.0000    45     1270.0000      682.8010  7869231   46.24%
  52245 40842     1232.0000    61     1270.0000      682.8010  7891879   46.24%
  52475 41064     1259.0000    50     1270.0000      682.8010  7912446   46.24%
  52700 41272     1244.0000    43     1270.0000      682.8784  7935531   46.23%
Elapsed time = 577.56 sec. (740692.32 ticks, tree = 540.02 MB, solutions = 16)
  52941 41497     1233.0930    20     1270.0000      682.8900  7972777   46.23%
  53100 41644     1228.1488    73     1270.0000      682.9094  7998786   46.23%
  53300 41836     1074.2382   101     1270.0000      683.2896  8015228   46.20%
  53644 42164     1224.0000    89     1270.0000      683.6291  8043987   46.17%
  53863 42375     1235.0000    84     1270.0000      683.6611  8067605   46.17%
  53906 42416     1229.0000    44     1270.0000      683.6611  8079448   46.17%
  54100 42607     1229.0000    61     1270.0000      683.6667  8109754   46.17%

GUB cover cuts applied:  4
Implied bound cuts applied:  98
Flow cuts applied:  223
Mixed integer rounding cuts applied:  79
Zero-half cuts applied:  2
Lift and project cuts applied:  14

Root node processing (before b&c):
  Real time             =    2.62 sec. (3393.58 ticks)
Sequential b&c:
  Real time             =  597.38 sec. (766112.19 ticks)
                          ------------
Total (root+branch&cut) =  600.00 sec. (769505.77 ticks)
