Tried aggregator 2 times.
MIP Presolve eliminated 1846 rows and 359 columns.
MIP Presolve modified 319 coefficients.
Aggregator did 45 substitutions.
Reduced MIP has 2084 rows, 3583 columns, and 13065 nonzeros.
Reduced MIP has 1941 binaries, 2 generals, 0 SOSs, and 0 indicators.
Presolve time = 0.02 sec. (14.88 ticks)
Found incumbent of value 5550.000000 after 0.04 sec. (36.20 ticks)
Probing time = 0.01 sec. (10.05 ticks)
Tried aggregator 1 time.
MIP Presolve eliminated 1 rows and 1 columns.
Reduced MIP has 2083 rows, 3582 columns, and 13063 nonzeros.
Reduced MIP has 1940 binaries, 21 generals, 0 SOSs, and 0 indicators.
Presolve time = 0.01 sec. (7.29 ticks)
Probing time = 0.00 sec. (3.75 ticks)
Clique table members: 9122.
MIP emphasis: balance optimality and feasibility.
MIP search method: dynamic search.
Parallel mode: none, using 1 thread.
Root relaxation solution time = 0.06 sec. (84.26 ticks)

        Nodes                                         Cuts/
   Node  Left     Objective  IInf  Best Integer    Best Bound    ItCnt     Gap

*     0+    0                         5550.0000        0.0000     1042  100.00%
      0     0       87.3960   245     5550.0000       87.3960     1042   98.43%
      0     0       91.5674   231     5550.0000      Cuts: 47     1924   98.35%
      0     0      153.7813   237     5550.0000     Cuts: 140     2765   97.23%
      0     0      171.9907   207     5550.0000     Cuts: 115     3590   96.90%
      0     0      172.5749   229     5550.0000      Cuts: 80     4069   96.89%
      0     0      172.7054   228     5550.0000      Cuts: 72     4694   96.89%
      0     0      172.8164   208     5550.0000      Cuts: 64     5188   96.89%
      0     0      172.8452   205     5550.0000      Cuts: 54     5522   96.89%
      0     0      172.8554   216     5550.0000      Cuts: 45     5828   96.89%
      0     0      172.8624   218     5550.0000      Cuts: 29     6111   96.89%
*     0+    0                         1370.0000      172.8624     6111   87.38%
*     0+    0                         1369.0000      172.8624     6111   87.37%
      0     2      172.8624   210     1369.0000      172.8684     6111   87.37%
Elapsed time = 2.06 sec. (2744.27 ticks, tree = 0.00 MB, solutions = 3)
     15    17      172.9766   211     1369.0000      172.9766     8855   87.36%
     21    23      172.9766   209     1369.0000      172.9766    11460   87.36%
     38    40      175.1147   197     1369.0000      172.9766    16629   87.36%
     53    55      173.0177   204     1369.0000      172.9766    22011   87.36%
*    70+   70                         1080.0000      172.9766    24489   83.98%
     81    83      175.1091   188     1080.0000      172.9766    25303   83.98%
    104   106      177.4970   187     1080.0000      172.9766    28488   83.98%
    118   120      390.0000   165     1080.0000      172.9766    31507   83.98%
    129   131      320.0000   160     1080.0000      172.9766    34548   83.98%
    144   146      837.6496    75     1080.0000      172.9766    37744   83.98%
    163   165      197.4373   172     1080.0000      172.9766    42223   83.98%
Elapsed time = 4.65 sec. (6152.91 ticks, tree = 0.62 MB, solutions = 4)
    180   182      206.1335   161     1080.0000      172.9766    51932   83.98%
    241   243      350.5766    94     1080.0000      172.9766    59327   83.98%
    337   337      790.0000    60     1080.0000      172.9766    72593   83.98%
*   459+  301                         1010.0000      252.2243    91975   75.03%
*   459+  200                          990.0000      252.2243    91975   74.52%
    459   201      460.0000   221      990.0000      460.0000   111262   53.54%
    462   203      465.0000   247      990.0000      460.8580   113549   53.45%
    467   203      466.5090   239      990.0000      460.8580   116444   53.45%
    470   204      467.3987   235      990.0000      460.8580   117280   53.45%
    477   207      472.7222   225      990.0000      460.8580   122750   53.45%
    484   208      473.8205   201      990.0000      460.8580   125326   53.45%
    496   212      477.8979   172      990.0000      460.8580   131215   53.45%
Elapsed time = 20.73 sec. (26615.66 ticks, tree = 0.60 MB, solutions = 6)
    512   215      486.1916   160      990.0000      460.8580   138717   53.45%
    520   217      491.0112   154      990.0000      460.8580   144604   53.45%
    538   223      502.1109   123      990.0000      460.8580   151634   53.45%
    576   236      684.0143    78      990.0000      460.8580   162147   53.45%
    624   259      824.5517    50      990.0000      460.8580   169850   53.45%
    697   295      829.9192    28      990.0000      460.8580   188703   53.45%
*   749+  276                          930.0000      460.8580   201965   50.45%
*   749+  255                          890.0000      460.8580   201965   48.22%
*   749+  245                          870.0000      460.8580   201965   47.03%
*   749+  238                          850.0000      460.8580   201965   45.78%
    750   241      466.2840   227      850.0000      460.8580   202134   45.78%
    779   257      475.7937   186      850.0000      460.8580   210963   45.78%
    819   294      511.0591   102      850.0000      460.8580   225418   45.78%
    877   345      591.0000    75      850.0000      460.8580   239900   45.78%
Elapsed time = 28.76 sec. (36697.06 ticks, tree = 0.67 MB, solutions = 10)
    979   428    infeasible            850.0000      460.8580   255727   45.78%
   1029   472      470.8684   211      850.0000      460.8580   265112   45.78%
   1094   536      472.5219   179      850.0000      460.8644   272526   45.78%
   1139   576      504.9553   147      850.0000      460.8644   279849   45.78%
   1223   656      572.0000    75      850.0000      460.8644   289135   45.78%
   1287   719      483.6670   154      850.0000      460.8706   301205   45.78%
   1342   765      617.9133    78      850.0000      460.8706   321090   45.78%
   1445   852      849.0000    32      850.0000      460.8706   337561   45.78%
   1481   884      466.6200   209      850.0000      460.8706   343787   45.78%
   1525   920      527.0000   148      850.0000      460.8706   350655   45.78%
Elapsed time = 36.62 sec. (46589.88 ticks, tree = 1.69 MB, solutions = 10)
   1590   976      750.1681    93      850.0000      460.8706   365505   45.78%
   1685  1068      463.7434   221      850.0000      460.8706   375703   45.78%
   1755  1133      604.9741   100      850.0000      460.8706   387327   45.78%
   1881  1254      465.1241   210      850.0000      460.8706   397244   45.78%
   1933  1298      532.6279   150      850.0000      460.8706   406988   45.78%
   2050  1407      799.0000    67      850.0000      460.8706   418123   45.78%
   2109  1464      474.7829   191      850.0000      460.8910   427694   45.78%
   2244  1593      757.0000    64      850.0000      460.8910   440717   45.78%
   2277  1625      475.0110   169      850.0000      461.1926   450673   45.74%
   2318  1664      561.5861   103      850.0000      461.1926   465079   45.74%
Elapsed time = 44.62 sec. (56428.42 ticks, tree = 3.00 MB, solutions = 10)
   2358  1699      638.0173    80      850.0000      461.1926   479472   45.74%
   2447  1771      465.7541   206      850.0000      461.1926   492334   45.74%
   2459  1782      468.7834   193      850.0000      461.1926   496002   45.74%
   2519  1832      703.0173   103      850.0000      461.1926   511121   45.74%
   2651  1961      809.0000    56      850.0000      461.1926   520170   45.74%
   2696  2000      487.6791   199      850.0000      461.1926   530707   45.74%
   2761  2055      808.0000    77      850.0000      461.1926   547618   45.74%
   2875  2167      465.7889   202      850.0000      461.1926   559123   45.74%
   2956  2241      732.5493    75      850.0000      461.1926   575679   45.74%
   3064  2345      575.0000   141      850.0000      462.0822   588350   45.64%
Elapsed time = 53.09 sec. (66502.17 ticks, tree = 4.24 MB, solutions = 10)
   3084  2365      575.6806   153      850.0000      462.0822   601190   45.64%
   3092  2372      786.1597    83      850.0000      462.0822   610990   45.64%
   3227  2503      787.0000    27      850.0000      462.0822   629723   45.64%
   3317  2578      478.8241   180      850.0000      462.0822   644359   45.64%
   3369  2626      562.9052   126      850.0000      462.0822   654751   45.64%
   3491  2743      817.0000    60      850.0000      462.0822   667222   45.64%
   3676  2923      468.8742   192      850.0000      462.0822   681068   45.64%
   3735  2977      537.1764   139      850.0000      462.0822   691854   45.64%
   3861  3099      462.1194   215      850.0000      462.0961   705868   45.64%
   3887  3124      678.1917   147      850.0000      462.0961   716416   45.64%
Elapsed time = 61.18 sec. (76415.90 ticks, tree = 5.63 MB, solutions = 10)
   3951  3185      757.0000    49      850.0000      462.0961   731764   45.64%
   4063  3297      463.2587   212      850.0000      462.0961   750482   45.64%
   4120  3350      501.2519   164      850.0000      462.0961   762112   45.64%
   4261  3488      462.1194   218      850.0000      462.0961   780652   45.64%
   4276  3501      627.7643   131      850.0000      462.0961   794988   45.64%
   4339  3558      699.6593   103      850.0000      462.0961   817582   45.64%
   4459  3674      790.0000    42      850.0000      462.0961   834603   45.64%
   4525  3739      512.1127   159      850.0000      462.4146   847992   45.60%
   4609  3817      838.0000    50      850.0000      462.4146   870361   45.60%
   4718  3922      499.9517   174      850.0000      462.4146   886555   45.60%
Elapsed time = 69.60 sec. (86372.93 ticks, tree = 7.03 MB, solutions = 10)
   4742  3943      670.4939    91      850.0000      462.4146   901015   45.60%
   4876  4070      465.7400   211      850.0000      462.4146   913162   45.60%
   4925  4116      537.8631   140      850.0000      462.4146   924594   45.60%
   5008  4197      769.0000    47      850.0000      462.4146   938097   45.60%
   5086  4273      474.4631   204      850.0000      462.4146   950739   45.60%
   5135  4316      589.0169   138      850.0000      462.4146   962635   45.60%
   5220  4395      794.0000    65      850.0000      462.4146   975171   45.60%
   5289  4457      480.3482   178      850.0000      462.4146   983745   45.60%
   5349  4513      666.0000   120      850.0000      462.4146   997671   45.60%
   5464  4625      809.0000    44      850.0000      462.4146  1007097   45.60%
Elapsed time = 77.52 sec. (96233.29 ticks, tree = 8.34 MB, solutions = 10)
   5606  4752      471.7725   194      850.0000      462.4146  1022669   45.60%
   5659  4795      611.0743   121      850.0000      462.4146  1031511   45.60%
   5789  4922      836.0000    61      850.0000      462.4146  1042164   45.60%
   5888  5018      474.3248   191      850.0000      462.4146  1055939   45.60%
   6029  5157      770.0000    50      850.0000      462.4146  1074155   45.60%
   6093  5218      478.7224   192      850.0000      462.4146  1085277   45.60%
   6151  5273      771.8978    87      850.0000      462.4146  1108929   45.60%
   6269  5390      472.6064   183      850.0000      462.4146  1125668   45.60%
   6328  5443      729.8464    71      850.0000      462.4146  1148839   45.60%
   6725  5819      580.8820   130      850.0000      462.4337  1226917   45.60%
Elapsed time = 87.90 sec. (108718.36 ticks, tree = 10.39 MB, solutions = 10)
   7273  6365      574.7269   128      850.0000      462.4391  1296752   45.60%
   7777  6850      813.0000    30      850.0000      462.6101  1370537   45.58%
   8146  7204      795.9019   105      850.0000      462.6101  1415548   45.58%
   8387  7429      466.9025   213      850.0000      462.9283  1475109   45.54%
   8723  7751      576.4616   148      850.0000      463.0000  1527181   45.53%
   9026  8042      779.0000    68      850.0000      463.0000  1580945   45.53%
   9429  8431      769.0000    33      850.0000      463.2545  1655345   45.50%
*  9639+ 8116                          830.0000      463.2587  1686429   44.19%
*  9639+ 5297                          780.0000      463.2587  1686429   40.61%
   9639  5296      791.0000    44      780.0000      463.2587  1686429   40.61%
   9640  5297      463.2587   211      780.0000      463.3767  1686779   40.59%
   9886  5500      466.9121   207      780.0000      463.3893  1749303   40.59%
Elapsed time = 131.27 sec. (157588.08 ticks, tree = 9.74 MB, solutions = 12)
  10657  6251      464.7726   212      780.0000      463.3922  1833114   40.59%
  10907  6483      754.0000    67      780.0000      463.3949  1921175   40.59%
  11229  6784      517.0417   149      780.0000      463.4520  1997526   40.58%
  11540  7060      650.6904    81      780.0000      463.6321  2049308   40.56%
  11885  7391      468.8694   177      780.0000      463.7293  2104298   40.55%
  12115  7600    infeasible            780.0000      463.7293  2163967   40.55%
  12406  7876      483.9878   177      780.0000      463.7293  2220438   40.55%
  12856  8299      627.9819   116      780.0000      463.7293  2299455   40.55%
  13186  8609      466.2169   181      780.0000      463.7293  2383097   40.55%
  13549  8958      648.8214   144      780.0000      463.7293  2454540   40.55%
Elapsed time = 164.39 sec. (196049.87 ticks, tree = 15.72 MB, solutions = 12)
  13879  9271      484.0525   180      780.0000      463.7293  2540158   40.55%
  14349  9707      492.9074   183      780.0000      463.7306  2627694   40.55%
  14802 10138      465.7239   201      780.0000      463.7306  2698195   40.55%
  15233 10549      774.1946    30      780.0000      463.7306  2763426   40.55%
  15619 10910      652.3491   121      780.0000      463.7306  2826474   40.55%
  15853 11118      779.0000    68      780.0000      463.7306  2885223   40.55%
  16139 11380      740.3355   131      780.0000      463.7306  2963782   40.55%
  16679 11888      580.0000   137      780.0000      463.7306  3038187   40.55%
  17204 12386      563.9022   114      780.0000      463.7306  3119376   40.55%
  17740 12894      469.4664   204      780.0000      463.7306  3212711   40.55%
Elapsed time = 197.34 sec. (234587.43 ticks, tree = 22.68 MB, solutions = 12)
  18016 13159      764.6139    98      780.0000      463.7306  3298269   40.55%
  18555 13678      779.0000    60      780.0000      463.7434  3369372   40.55%
  19084 14168      730.5422   105      780.0000      463.7516  3460884   40.54%
  19361 14425      715.6305    75      780.0000      463.7544  3526793   40.54%
  19794 14831      769.0000    62      780.0000      463.7544  3587258   40.54%
  20156 15174      779.0000    50      780.0000      463.7544  3651988   40.54%
  20694 15681      471.5222   157      780.0000      463.7544  3716601   40.54%
  21196 16157    infeasible            780.0000      463.7588  3792310   40.54%
  21659 16592      465.7455   198      780.0000      463.7601  3884176   40.54%
  22060 16972      725.0509    85      780.0000      463.7673  3971850   40.54%
Elapsed time = 231.26 sec. (273447.45 ticks, tree = 30.16 MB, solutions = 12)
  22272 17154      574.2870   148      780.0000      464.2352  4051184   40.48%
  22603 17465      672.1127   109      780.0000      464.2352  4113206   40.48%
  22923 17760      513.9243   162      780.0000      464.2352  4189878   40.48%
  23350 18175      744.2393    80      780.0000      464.2516  4267434   40.48%
  23757 18544      468.4300   194      780.0000      464.2516  4339777   40.48%
  24223 18996      543.9077   109      780.0000      464.2619  4406099   40.48%
  24459 19207      467.2300   200      780.0000      464.3055  4469161   40.47%
  24684 19418      464.3098   211      780.0000      464.3098  4531140   40.47%
  25172 19889      624.5744   112      780.0000      464.3098  4593009   40.47%
  25579 20278      682.1269   120      780.0000      464.3098  4661404   40.47%
Elapsed time = 265.58 sec. (313595.82 ticks, tree = 35.91 MB, solutions = 12)
  25818 20482      647.2176   115      780.0000      464.3098  4724354   40.47%
  26169 20810      777.0000    61      780.0000      464.3098  4797273   40.47%
  26570 21191      575.5287   140      780.0000      464.3112  4869658   40.47%
  26879 21482      628.5743   106      780.0000      464.3112  4939523   40.47%
  27353 21934      769.0000    38      780.0000      464.3185  5009106   40.47%
  27724 22272      485.8131   171      780.0000      464.4523  5076899   40.45%
  27867 22403      712.2604   104      780.0000      464.4523  5161499   40.45%
  28252 22771      644.6874   138      780.0000      464.4713  5224731   40.45%
  28475 22986      730.2500    86      780.0000      464.6201  5289224   40.43%
  28892 23382      476.0762   159      780.0000      464.7370  5353306   40.42%
Elapsed time = 300.11 sec. (351889.75 ticks, tree = 41.37 MB, solutions = 12)
  28999 23472      464.7653   197      780.0000      464.7579  5418749   40.42%
  29312 23774      777.0000    56      780.0000      464.7579  5470092   40.42%
  29752 24202      779.0000    59      780.0000      464.7649  5519877   40.41%
  30061 24484      469.7726   188      780.0000      464.7986  5586848   40.41%
  30349 24756      490.3911   195      780.0000      464.7986  5644696   40.41%
  30459 24857      483.9764   181      780.0000      464.7986  5697245   40.41%
  30773 25155      702.3256   123      780.0000      464.7986  5768009   40.41%
  30988 25354      731.1106   127      780.0000      464.8066  5827892   40.41%
  31109 25453      767.0000    57      780.0000      464.8234  5886600   40.41%
  31415 25741      755.2283   111      780.0000      464.8259  5948701   40.41%
Elapsed time = 334.66 sec. (390964.77 ticks, tree = 45.46 MB, solutions = 12)
  31533 25830      570.2516   151      780.0000      464.9587  6017751   40.39%
  31646 25924      678.2615   134      780.0000      465.0000  6084819   40.38%
  31837 26087      600.6271   133      780.0000      465.0000  6137213   40.38%
  32125 26361      769.0000    58      780.0000      465.0000  6192608   40.38%
  32527 26754      466.8735   199      780.0000      465.0000  6246779   40.38%
  32928 27136      574.4450   140      780.0000      465.0000  6310663   40.38%
  33158 27360      637.0412   143      780.0000      465.0000  6373335   40.38%
  33556 27736      574.5816   136      780.0000      465.0000  6432334   40.38%
  33761 27927      467.2492   223      780.0000      465.0000  6477592   40.38%
  33973 28125      628.9813   165      780.0000      465.0000  6528916   40.38%
Elapsed time = 368.04 sec. (430299.73 ticks, tree = 49.69 MB, solutions = 12)
  34069 28201      635.2258   115      780.0000      465.0000  6558409   40.38%
  34221 28324      767.0000    49      780.0000      465.1225  6584169   40.37%
  34859 28936      767.0000    41      780.0000      465.1225  6661828   40.37%
  35196 29257      574.4450   134      780.0000      465.1225  6717037   40.37%
  35503 29548      465.1513   212      780.0000      465.1241  6780242   40.37%
  35831 29858      465.1423   228      780.0000      465.1241  6841714   40.37%
  36067 30081      574.4483   129      780.0000      465.1241  6890627   40.37%
  36371 30362      779.0000    46      780.0000      465.1241  6951979   40.37%
  36825 30800      475.6426   207      780.0000      465.1241  7020862   40.37%
  37235 31181      598.9791   145      780.0000      465.1317  7096076   40.37%
Elapsed time = 400.07 sec. (468878.88 ticks, tree = 55.20 MB, solutions = 12)
  37692 31626      769.0000    35      780.0000      465.1317  7160506   40.37%
  37943 31856      593.1427   138      780.0000      465.1817  7236932   40.36%
  38314 32205      616.1313   119      780.0000      465.1817  7309306   40.36%
  38694 32563      574.7592   145      780.0000      465.1869  7388169   40.36%
  39319 33168      477.4944   188      780.0000      465.1869  7466028   40.36%
  39665 33486    infeasible            780.0000      465.1869  7553424   40.36%
  40162 33965      763.8287    95      780.0000      465.1923  7629834   40.36%
  40662 34422      770.0000    57      780.0000      465.1923  7715484   40.36%
  40996 34737      624.7272   147      780.0000      465.1967  7790164   40.36%
  41421 35151      468.3419   193      780.0000      465.2916  7854209   40.35%
Elapsed time = 434.34 sec. (507398.90 ticks, tree = 63.24 MB, solutions = 12)
* 41459+21831                          770.0000      465.2916  7874798   39.57%
  41518 21880      500.9683   181      770.0000      465.3165  7905641   39.57%
  41764 22116      630.7212   138      770.0000      465.3389  7961503   39.57%
  41969 22306      471.6994   154      770.0000      465.3389  8009719   39.57%
  42217 22536      598.0925   107      770.0000      465.3389  8066383   39.57%
  42334 22627      536.5002   166      770.0000      465.3389  8127311   39.57%
  42481 22757      757.0000    50      770.0000      465.3434  8180065   39.57%
  42602 22863      755.7916    99      770.0000      465.3452  8241515   39.57%
  42845 23088      636.9077   128      770.0000      465.3480  8295985   39.57%
  43124 23342      466.8381   207      770.0000      465.3480  8367375   39.57%
  43564 23757    infeasible            770.0000      465.3480  8436049   39.57%
Elapsed time = 466.24 sec. (545818.57 ticks, tree = 42.45 MB, solutions = 13)
  43739 23909      767.0000    23      770.0000      465.3518  8494715   39.56%
  44140 24271      767.0000    64      770.0000      465.3676  8566428   39.56%
  44275 24393      574.5259   132      770.0000      465.3676  8617867   39.56%
  44501 24595      506.4668   173      770.0000      465.3801  8684090   39.56%
  44691 24769      620.5205   122      770.0000      465.3801  8749574   39.56%
  45079 25118      467.0467   186      770.0000      465.5761  8812656   39.54%
  45498 25512      588.4172   103      770.0000      465.5761  8878320   39.54%
  45709 25698      769.0000    71      770.0000      465.5761  8953288   39.54%
  46030 25995      479.9479   163      770.0000      465.5761  9027896   39.54%
  46247 26194      588.4172    97      770.0000      465.6502  9088388   39.53%
Elapsed time = 499.81 sec. (584329.41 ticks, tree = 46.78 MB, solutions = 13)
  46443 26358      471.3508   238      770.0000      465.6584  9144753   39.52%
  46554 26451      761.4111   110      770.0000      465.6586  9183142   39.52%
  46859 26727      539.9501   152      770.0000      465.6734  9215223   39.52%
  47139 26979      767.0000    67      770.0000      465.6893  9250314   39.52%
  47433 27258      767.0000    57      770.0000      465.7117  9289110   39.52%
  47584 27405      574.4450   147      770.0000      465.7117  9328063   39.52%
  47721 27516      495.4788   155      770.0000      465.7117  9363750   39.52%
  47946 27725      764.6862    53      770.0000      465.7117  9401144   39.52%
  48231 27994      574.4450   129      770.0000      465.7117  9441400   39.52%
  48354 28108      767.0000    46      770.0000      465.7117  9477345   39.52%
Elapsed time = 531.32 sec. (623047.63 ticks, tree = 50.04 MB, solutions = 13)
  48710 28442      767.0000    42      770.0000      465.7117  9515143   39.52%
  48979 28693      630.0000   128      770.0000      465.7117  9552219   39.52%
  49122 28823      580.0000   135      770.0000      465.7117  9581865   39.52%
  49259 28958      767.0000    39      770.0000      465.7117  9603638   39.52%
  49378 29064      593.8916   120      770.0000      465.7117  9637578   39.52%
  49490 29156      588.2823   121      770.0000      465.7117  9675150   39.52%
  49659 29306      767.0000    45      770.0000      465.7117  9695619   39.52%
  49759 29400      760.0000    54      770.0000      465.7117  9728759   39.52%
  49997 29609      767.0000    63      770.0000      465.7134  9765711   39.52%
  50291 29887      593.6723   129      770.0000      465.7219  9797918   39.52%
Elapsed time = 564.52 sec. (662881.33 ticks, tree = 53.17 MB, solutions = 13)
  50441 30027      604.2270   113      770.0000      465.7219  9831674   39.52%
  50559 30134      767.0000    79      770.0000      465.7219  9851475   39.52%
  50844 30403      627.7643   141      770.0000      465.7219  9877681   39.52%
  51001 30539      767.0000    44      770.0000      465.7232  9900449   39.52%
  51310 30831      767.0000    57      770.0000      465.7253  9931381   39.52%
  51559 31057      767.0000    59      770.0000      465.7259  9955433   39.52%
  51823 31303      766.0959    46      770.0000      465.7297  9991909   39.52%
  51864 31338      574.9886   127      770.0000      465.7297 10021185   39.52%
  52049 31502      541.0047   113      770.0000      465.7297 10059494   39.52%
  52159 31608      767.0000    43      770.0000      465.7297 10073874   39.52%
Elapsed time = 599.65 sec. (704107.26 ticks, tree = 56.26 MB, solutions = 13)

Clique cuts applied:  5
Cover cuts applied:  2
Implied bound cuts applied:  42
Flow cuts applied:  254
Mixed integer rounding cuts applied:  94
Zero-half cuts applied:  4
Lift and project cuts applied:  22

Root node processing (before b&c):
  Real time             =    2.02 sec. (2711.25 ticks)
Sequential b&c:
  Real time             =  597.98 sec. (701820.96 ticks)
                          ------------
Total (root+branch&cut) =  600.00 sec. (704532.21 ticks)
