Tried aggregator 2 times.
MIP Presolve eliminated 1740 rows and 156 columns.
MIP Presolve modified 659 coefficients.
Aggregator did 52 substitutions.
Reduced MIP has 1847 rows, 3354 columns, and 12289 nonzeros.
Reduced MIP has 1714 binaries, 2 generals, 0 SOSs, and 0 indicators.
Presolve time = 0.01 sec. (13.83 ticks)
Found incumbent of value 5050.000000 after 0.03 sec. (33.38 ticks)
Probing fixed 0 vars, tightened 3 bounds.
Probing time = 0.02 sec. (12.73 ticks)
Tried aggregator 2 times.
MIP Presolve eliminated 1 rows and 1 columns.
Aggregator did 1 substitutions.
Reduced MIP has 1845 rows, 3352 columns, and 12285 nonzeros.
Reduced MIP has 1713 binaries, 28 generals, 0 SOSs, and 0 indicators.
Presolve time = 0.01 sec. (9.87 ticks)
Probing time = 0.01 sec. (3.64 ticks)
Clique table members: 3749.
MIP emphasis: balance optimality and feasibility.
MIP search method: dynamic search.
Parallel mode: none, using 1 thread.
Root relaxation solution time = 0.07 sec. (110.20 ticks)

        Nodes                                         Cuts/
   Node  Left     Objective  IInf  Best Integer    Best Bound    ItCnt     Gap

*     0+    0                         5050.0000        0.0000     1253  100.00%
      0     0       99.6041   181     5050.0000       99.6041     1253   98.03%
      0     0      103.0829   176     5050.0000      Cuts: 46     2171   97.96%
      0     0      190.5961   165     5050.0000     Cuts: 112     3618   96.23%
      0     0      198.8282   174     5050.0000      Cuts: 98     4057   96.06%
      0     0      199.1304   169     5050.0000      Cuts: 63     4470   96.06%
      0     0      199.1304   162     5050.0000      Cuts: 42     4668   96.06%
      0     0      199.1304   170     5050.0000      Cuts: 44     4916   96.06%
      0     0      199.1305   149     5050.0000       Cuts: 2     4928   96.06%
      0     0      199.1312   150     5050.0000      Cuts: 25     4969   96.06%
*     0+    0                         2230.0000      199.1312     4969   91.07%
*     0+    0                         1740.0000      199.1312     4969   88.56%
*     0+    0                         1650.0000      199.1312     4969   87.93%
      0     2      199.1312   147     1650.0000      199.1312     4969   87.93%
Elapsed time = 2.04 sec. (2745.84 ticks, tree = 0.00 MB, solutions = 4)
     40    42      201.5959   145     1650.0000      199.1338     6650   87.93%
     56    58      202.3656   147     1650.0000      199.1338     9229   87.93%
     62    64      202.3672   159     1650.0000      199.1338    10261   87.93%
     67    69      202.3672   149     1650.0000      199.1338    13650   87.93%
     80    82      199.5894   155     1650.0000      199.1338    15900   87.93%
     91    93      200.5746   160     1650.0000      199.1338    18713   87.93%
    100   102      199.7031   163     1650.0000      199.1338    20144   87.93%
    120   122      201.0002   161     1650.0000      199.1338    23082   87.93%
    134   136      203.2995   158     1650.0000      199.1338    25363   87.93%
    220   222      203.7249   151     1650.0000      199.1338    35609   87.93%
Elapsed time = 4.55 sec. (6399.05 ticks, tree = 1.95 MB, solutions = 4)
    303   305      203.9587   160     1650.0000      199.1338    43493   87.93%
    349   351      202.9147   159     1650.0000      199.1338    52506   87.93%
    411   409      640.6535   113     1650.0000      199.1338    61371   87.93%
*   506+  332                         1570.0000      289.8914    75301   81.54%
    506   333      583.0000   143     1570.0000      583.0000    85928   62.87%
    510   333      586.0000   172     1570.0000      586.0000    89359   62.68%
    519   337      905.1810    79     1570.0000      586.0000    91127   62.68%
    525   340      940.3834    80     1570.0000      586.0000    95798   62.68%
    531   344      921.4641    87     1570.0000      586.0000   100897   62.68%
    559   357      977.6345    78     1570.0000      586.0000   105607   62.68%
    578   362     1070.2878    82     1570.0000      586.0000   109474   62.68%
Elapsed time = 16.13 sec. (21999.58 ticks, tree = 5.35 MB, solutions = 5)
    608   370     1215.4890    76     1570.0000      586.0000   118246   62.68%
    621   371     1065.4692    66     1570.0000      586.0000   127703   62.68%
    646   380     1218.0000    73     1570.0000      586.0000   133068   62.68%
    688   398     1454.0000    33     1570.0000      586.0000   140965   62.68%
    768   422     1507.4747    19     1570.0000      586.0000   165244   62.68%
    805   427      873.4446    97     1570.0000      587.8643   180554   62.56%
    835   440     1008.1036    69     1570.0000      587.8643   195340   62.56%
    886   469     1384.4297    45     1570.0000      587.8643   211189   62.56%
    959   504     1403.3531    16     1570.0000      587.8643   229240   62.56%
   1019   525     1421.7475    21     1570.0000      587.8643   252540   62.56%
Elapsed time = 24.05 sec. (31864.86 ticks, tree = 3.06 MB, solutions = 5)
   1066   537      596.6540   156     1570.0000      588.0916   275219   62.54%
   1101   553     1036.7285    97     1570.0000      588.0916   283954   62.54%
   1157   581     1386.6689    76     1570.0000      589.8676   297506   62.43%
   1226   614     1388.0000    65     1570.0000      589.8676   301993   62.43%
   1306   682     1397.0000    50     1570.0000      589.8676   310694   62.43%
   1374   749     1377.0000    61     1570.0000      590.0234   328913   62.42%
   1455   826     1384.1446    33     1570.0000      590.0234   343054   62.42%
*  1506+  855                         1520.0000      590.0234   369537   61.18%
*  1506+  835                         1480.0000      590.0234   369537   60.13%
   1506   836     1416.6974    23     1480.0000      590.0234   369537   60.13%
   1536   866     1001.0725    96     1480.0000      592.1604   382329   59.99%
   1667   995     1396.0000    54     1480.0000      592.1604   394642   59.99%
Elapsed time = 32.70 sec. (42479.90 ticks, tree = 2.37 MB, solutions = 7)
   1787  1110     1411.0000    68     1480.0000      592.1604   408076   59.99%
   1917  1239      965.8548    78     1480.0000      592.9234   424562   59.94%
   1978  1298     1401.0000    64     1480.0000      592.9234   439756   59.94%
   2114  1428      959.3550    78     1480.0000      592.9234   456899   59.94%
   2189  1501     1397.0000    66     1480.0000      592.9234   472124   59.94%
   2324  1634     1022.3918    83     1480.0000      594.2496   488212   59.85%
   2396  1699     1402.0820    52     1480.0000      594.2496   506554   59.85%
*  2506+ 1787                         1470.0000      594.2496   530339   59.57%
   2506  1789     1408.9834    35     1470.0000      594.2496   530339   59.57%
   2560  1843     1403.4061    90     1470.0000      594.4263   549433   59.56%
   2650  1927     1425.0000    74     1470.0000      594.4263   559743   59.56%
Elapsed time = 41.23 sec. (52651.04 ticks, tree = 4.05 MB, solutions = 8)
   2748  2023     1098.8165   104     1470.0000      594.6002   581072   59.55%
   2908  2179      597.0242   146     1470.0000      594.6002   599157   59.55%
   3052  2321     1432.0000    44     1470.0000      594.6002   615725   59.55%
   3155  2421     1054.0307    99     1470.0000      594.9636   630954   59.53%
   3305  2560     1453.0000    34     1470.0000      594.9636   649380   59.53%
   3349  2604     1420.0000    75     1470.0000      595.4412   664138   59.49%
   3465  2707     1425.0000    20     1470.0000      595.4412   686776   59.49%
   3513  2750      954.1735    97     1470.0000      596.8166   701757   59.40%
   3569  2804     1421.0000    78     1470.0000      596.8166   716294   59.40%
   3721  2952     1004.9309    80     1470.0000      596.9530   734092   59.39%
Elapsed time = 49.35 sec. (62345.13 ticks, tree = 5.88 MB, solutions = 8)
   3841  3066     1413.0000    60     1470.0000      596.9530   747628   59.39%
   3941  3165     1391.0000    76     1470.0000      597.4577   763401   59.36%
   4062  3270      873.2913   100     1470.0000      597.8893   786340   59.33%
   4127  3335     1430.0000    75     1470.0000      597.8893   801669   59.33%
   4283  3484     1462.0000    43     1470.0000      597.8893   815370   59.33%
   4412  3604     1401.0000    24     1470.0000      599.1573   846584   59.24%
*  4506+ 3632                         1460.0000      599.3592   871257   58.95%
   4506  3634      911.0437    99     1460.0000      599.3592   871257   58.95%
   4644  3770     1401.2011    62     1460.0000      599.3592   893154   58.95%
   4740  3862     1060.2015   107     1460.0000      599.5287   913899   58.94%
   4908  4020      861.9064    89     1460.0000      599.5287   933258   58.94%
Elapsed time = 58.19 sec. (72602.62 ticks, tree = 7.70 MB, solutions = 9)
   5108  4214      885.0762    84     1460.0000      601.8819   961527   58.78%
   5241  4340     1427.0000    49     1460.0000      601.8819   988842   58.78%
   5322  4421      997.6658    82     1460.0000      602.0510  1005200   58.76%
   5368  4467     1100.9596    94     1460.0000      602.0510  1018197   58.76%
   5431  4521     1012.5784    82     1460.0000      602.2035  1036686   58.75%
   5506  4594     1381.0000    71     1460.0000      602.2035  1049999   58.75%
   5690  4767     1458.5339    21     1460.0000      602.2035  1072504   58.75%
   5719  4792     1040.7949    89     1460.0000      602.2759  1087139   58.75%
   5889  4949     1445.0000    48     1460.0000      602.2759  1104106   58.75%
   5991  5050     1400.0000    50     1460.0000      602.7337  1121063   58.72%
Elapsed time = 66.54 sec. (82368.70 ticks, tree = 9.51 MB, solutions = 9)
   6114  5170     1022.7360    91     1460.0000      604.7308  1136118   58.58%
   6191  5245     1391.0000    83     1460.0000      604.7308  1150384   58.58%
   6309  5359      958.8321   105     1460.0000      604.7308  1167068   58.58%
   6346  5396     1400.0131    79     1460.0000      604.7308  1185877   58.58%
   6445  5482     1401.0000    43     1460.0000      604.7308  1201140   58.58%
   6528  5555      786.7986   122     1460.0000      604.7313  1223724   58.58%
   6708  5730      916.1387    84     1460.0000      605.1347  1241816   58.55%
   6847  5864     1381.0000    47     1460.0000      605.1347  1262143   58.55%
   6934  5946     1078.7653    95     1460.0000      605.1347  1285111   58.55%
   7111  6118      979.1977    84     1460.0000      605.5260  1309432   58.53%
Elapsed time = 74.88 sec. (92058.59 ticks, tree = 11.35 MB, solutions = 9)
   7278  6277     1393.0000    57     1460.0000      605.5260  1329230   58.53%
   7382  6375     1402.0000    43     1460.0000      607.7902  1349464   58.37%
   7523  6502     1012.5784    98     1460.0000      607.8442  1383004   58.37%
   7670  6647     1385.6812    41     1460.0000      607.8442  1399892   58.37%
   7792  6766     1397.5952    51     1460.0000      608.0415  1427050   58.35%
   7938  6907     1380.7115    74     1460.0000      608.2749  1456808   58.34%
   8118  7079     1037.1664    78     1460.0000      608.2749  1480109   58.34%
   8314  7267     1295.6868    73     1460.0000      611.1320  1507051   58.14%
   8445  7392     1396.0000    36     1460.0000      611.1320  1538357   58.14%
   8916  7844     1405.0000    73     1460.0000      611.5807  1620191   58.11%
Elapsed time = 86.07 sec. (104518.11 ticks, tree = 14.30 MB, solutions = 9)
   9376  8282     1401.0000    38     1460.0000      611.8504  1697159   58.09%
*  9506+ 7445                         1430.0000      612.0560  1730249   57.20%
   9831  7763     1404.0000    58     1430.0000      612.4376  1774802   57.17%
  10330  8224     1381.0000    72     1430.0000      614.9277  1848801   57.00%
  10626  8500     1408.0000    70     1430.0000      614.9977  1910575   56.99%
* 10627+ 7630                         1420.0000      614.9977  1911085   56.69%
  11174  8134     1407.0332    19     1420.0000      615.0276  1999251   56.69%
  11696  8610     1067.1342    93     1420.0000      615.3458  2120104   56.67%
  12470  9332     1410.0000    32     1420.0000      618.6962  2236311   56.43%
  12994  9811      948.0101    81     1420.0000      618.9437  2343780   56.41%
  13417 10213     1091.0858    80     1420.0000      619.0947  2422119   56.40%
  13771 10531     1400.0000    79     1420.0000      622.3354  2503525   56.17%
Elapsed time = 128.25 sec. (151621.44 ticks, tree = 18.93 MB, solutions = 11)
  14363 11093     1389.0000    43     1420.0000      622.5695  2597436   56.16%
  14812 11504     1087.2817    81     1420.0000      623.0108  2682194   56.13%
  15314 11974    infeasible           1420.0000      623.4260  2779022   56.10%
  15827 12451     1379.0000    62     1420.0000      627.1795  2889505   55.83%
  16596 13170     1404.3274    45     1420.0000      627.4302  2994059   55.81%
  17215 13742     1411.0000    52     1420.0000      627.5853  3102104   55.80%
  17758 14241     1037.1664    82     1420.0000      627.9651  3216359   55.78%
  18300 14733      635.0892   131     1420.0000      628.4704  3303895   55.74%
  18637 15027     1203.1586    92     1420.0000      630.4131  3388376   55.60%
  19059 15411     1411.3513    28     1420.0000      631.8142  3477936   55.51%
Elapsed time = 163.33 sec. (190115.99 ticks, tree = 27.49 MB, solutions = 11)
  19594 15903     1080.0570    78     1420.0000      632.3628  3578313   55.47%
  20144 16404     1398.0000    55     1420.0000      632.7804  3687873   55.44%
  20784 17009     1409.0000    54     1420.0000      632.8739  3803961   55.43%
  21473 17654     1129.7507    88     1420.0000      633.7169  3922965   55.37%
  21924 18062     1410.0000    45     1420.0000      635.0892  4043086   55.28%
  22372 18476     1401.0000    36     1420.0000      637.1065  4137824   55.13%
  22818 18886     1405.0000    29     1420.0000      637.5320  4228822   55.10%
  23257 19294     1399.2565    18     1420.0000      637.6073  4323046   55.10%
  23616 19610     1401.0000    54     1420.0000      637.7150  4402398   55.09%
  24171 20104     1070.8365    67     1420.0000      637.7347  4495697   55.09%
Elapsed time = 198.12 sec. (228384.15 ticks, tree = 36.12 MB, solutions = 11)
  24764 20645     1390.0000    62     1420.0000      637.8707  4604627   55.08%
  25426 21261     1092.5641    73     1420.0000      638.0819  4696493   55.06%
  25995 21777     1415.0000    48     1420.0000      638.1919  4801121   55.06%
  26590 22326     1054.3469    86     1420.0000      638.5688  4897999   55.03%
  27123 22825     1401.0000    76     1420.0000      639.1179  4998159   54.99%
  27780 23442     1414.0000    65     1420.0000      639.7582  5094003   54.95%
  28255 23874     1411.0000    66     1420.0000      640.3223  5203120   54.91%
  28700 24282     1138.7256   101     1420.0000      641.8948  5285109   54.80%
  29150 24700     1037.6599    90     1420.0000      643.1022  5370386   54.71%
  29662 25188     1002.7130    93     1420.0000      643.3937  5452942   54.69%
Elapsed time = 233.65 sec. (266821.24 ticks, tree = 44.80 MB, solutions = 11)
  30149 25634     1410.2590    35     1420.0000      643.4455  5525551   54.69%
  30558 26028     1401.0000    47     1420.0000      643.5328  5604750   54.68%
  31102 26529     1394.0000    64     1420.0000      643.5545  5717328   54.68%
  31768 27132     1311.7983    61     1420.0000      644.0173  5827636   54.65%
  32403 27725     1400.0000    32     1420.0000      644.1750  5935413   54.64%
  33005 28282     1417.0000    67     1420.0000      644.4966  6052328   54.61%
  33424 28653      652.4199   101     1420.0000      645.9201  6155074   54.51%
  33936 29120     1408.0000    67     1420.0000      646.6712  6263679   54.46%
  34506 29649     1417.0000    61     1420.0000      646.9215  6347179   54.44%
  35087 30184      654.8121   122     1420.0000      649.4502  6470900   54.26%
Elapsed time = 270.18 sec. (305328.79 ticks, tree = 53.47 MB, solutions = 11)
  35663 30738     1406.9454    79     1420.0000      649.8446  6553405   54.24%
  36177 31226     1402.0000    53     1420.0000      649.9110  6635347   54.23%
  36691 31711     1396.0692    39     1420.0000      649.9601  6710922   54.23%
  37103 32077     1405.0000    66     1420.0000      650.1785  6810389   54.21%
  37617 32559     1409.0000    64     1420.0000      650.4762  6892036   54.19%
  38162 33060    infeasible           1420.0000      650.7715  6987880   54.17%
  38673 33534      788.7810   101     1420.0000      650.8678  7087204   54.16%
  39254 34061     1419.0000    51     1420.0000      652.6105  7198264   54.04%
  39755 34518     1410.3486    68     1420.0000      652.7932  7300313   54.03%
  40095 34807      969.1399    86     1420.0000      655.4322  7410260   53.84%
Elapsed time = 305.47 sec. (343555.29 ticks, tree = 62.49 MB, solutions = 11)
  40506 35192     1395.0000    50     1420.0000      655.9576  7501756   53.81%
  41100 35750     1401.0000    41     1420.0000      656.4997  7620735   53.77%
  41846 36455     1414.0000    20     1420.0000      657.0097  7742412   53.73%
  42475 37031     1404.0000    34     1420.0000      657.5590  7855092   53.69%
  42906 37415     1416.0000    43     1420.0000      657.6166  7948062   53.69%
  43324 37800     1022.3918    63     1420.0000      658.0897  8030368   53.66%
  43922 38369     1164.3245    81     1420.0000      659.6004  8123810   53.55%
  44449 38857     1416.0000    45     1420.0000      659.8488  8216646   53.53%
  44903 39275     1042.0187    87     1420.0000      660.0974  8300115   53.51%
  45374 39723     1417.4590    58     1420.0000      660.2077  8396277   53.51%
Elapsed time = 340.46 sec. (381886.87 ticks, tree = 71.10 MB, solutions = 11)
  45796 40097      999.0188    74     1420.0000      662.6888  8501984   53.33%
  46377 40653     1390.3715    51     1420.0000      663.6351  8603777   53.27%
  46957 41202     1392.0025    42     1420.0000      664.0593  8713317   53.24%
  47608 41816     1100.8993    65     1420.0000      664.4120  8823109   53.21%
  48311 42477     1412.0000    32     1420.0000      664.7958  8948358   53.18%
  48864 42990      665.2047   108     1420.0000      665.1166  9057099   53.16%
  49532 43609     1392.0000    46     1420.0000      665.2400  9183159   53.15%
  50315 44344     1393.0000    48     1420.0000      665.6146  9307166   53.13%
  50831 44824     1415.1252    27     1420.0000      665.8120  9406753   53.11%
  51368 45309      977.8646    67     1420.0000      666.5373  9501572   53.06%
Elapsed time = 376.29 sec. (420154.74 ticks, tree = 80.72 MB, solutions = 11)
  51989 45901     1394.0000    69     1420.0000      667.6691  9590510   52.98%
  52559 46425     1416.0000    46     1420.0000      667.9034  9686015   52.96%
  52917 46742     1411.0000    81     1420.0000      668.2754  9776423   52.94%
  53362 47152     1411.0000    76     1420.0000      668.4350  9871998   52.93%
  53677 47431     1402.0000    71     1420.0000      672.4959  9967534   52.64%
  54131 47867     1388.0000    47     1420.0000      672.7549 10051901   52.62%
  54761 48433     1032.0000    86     1420.0000      673.2757 10166875   52.59%
  55496 49124     1079.7119    69     1420.0000      673.7055 10282347   52.56%
  56143 49718    infeasible           1420.0000      673.7902 10411940   52.55%
  56825 50357     1406.4095    21     1420.0000      674.1687 10540334   52.52%
Elapsed time = 411.55 sec. (458471.40 ticks, tree = 89.56 MB, solutions = 11)
  57506 50986     1417.0000    81     1420.0000      674.7022 10653488   52.49%
  58295 51707     1401.0000    51     1420.0000      674.7758 10783310   52.48%
  58906 52274     1404.0000    78     1420.0000      675.3695 10904339   52.44%
  59708 53045     1042.0000    67     1420.0000      675.7146 11017122   52.41%
  60351 53654     1136.7074    53     1420.0000      676.9131 11124869   52.33%
  60679 53926     1082.0000    73     1420.0000      678.0355 11212018   52.25%
  61035 54242     1391.2525    65     1420.0000      681.5720 11303658   52.00%
  61781 54956     1409.9832    30     1420.0000      682.9800 11392060   51.90%
  62459 55588     1414.0000    57     1420.0000      683.5204 11500130   51.86%
  63075 56146     1401.0000    64     1420.0000      683.7256 11605551   51.85%
Elapsed time = 447.61 sec. (497057.08 ticks, tree = 99.59 MB, solutions = 11)
  63753 56777     1412.0000    49     1420.0000      684.1456 11729047   51.82%
  64375 57345     1062.0000    74     1420.0000      684.7996 11854986   51.77%
  64974 57898     1398.0000    36     1420.0000      685.0087 11988300   51.76%
  65706 58593     1414.0517    42     1420.0000      685.4148 12101282   51.73%
  66386 59213     1415.0000    34     1420.0000      685.9014 12230564   51.70%
  67046 59801    infeasible           1420.0000      687.0644 12352676   51.62%
  67478 60166     1144.3647    91     1420.0000      691.0000 12479829   51.34%
  68087 60743     1407.0000    46     1420.0000      693.0672 12572688   51.19%
  68721 61347     1416.0000    32     1420.0000      694.0686 12691412   51.12%
  69506 62097     1392.0000    44     1420.0000      694.4734 12788116   51.09%
Elapsed time = 484.41 sec. (535392.50 ticks, tree = 109.60 MB, solutions = 11)
  70262 62810     1056.8682    66     1420.0000      694.8709 12899356   51.07%
  70642 63153     1089.6467    67     1420.0000      695.0060 12985449   51.06%
  71248 63702     1416.0000    26     1420.0000      695.4901 13086906   51.02%
  71733 64137     1411.0000    22     1420.0000      695.9732 13199509   50.99%
  72151 64509     1403.8066    19     1420.0000      696.8565 13291994   50.93%
  72636 64941        cutoff           1420.0000      697.3767 13404948   50.89%
  73227 65476     1147.7287    73     1420.0000      698.1873 13515659   50.83%
  73794 65964     1418.0000    58     1420.0000      699.3186 13625604   50.75%
  74384 66487     1401.0000    53     1420.0000      703.2638 13742744   50.47%
  75205 67268     1037.1664    93     1420.0000      705.1985 13854393   50.34%
Elapsed time = 520.50 sec. (573582.61 ticks, tree = 120.53 MB, solutions = 11)
  76046 68076     1409.0000    61     1420.0000      706.0879 13964665   50.28%
  76830 68793     1397.0580    62     1420.0000      707.3329 14097594   50.19%
  77644 69581     1397.5958    31     1420.0000      707.3653 14203873   50.19%
  78463 70337        cutoff           1420.0000      707.7573 14342281   50.16%
  79108 70936    infeasible           1420.0000      708.4157 14461214   50.11%
  79506 71298     1415.0000    45     1420.0000      709.2328 14540640   50.05%
  79806 71551     1415.0000    57     1420.0000      709.7478 14620250   50.02%
  80106 71811     1091.0858    77     1420.0000      710.7064 14682779   49.95%
  80497 72157     1052.0000    79     1420.0000      711.2917 14759845   49.91%
  80833 72461     1419.0000    43     1420.0000      711.5025 14823634   49.89%
Elapsed time = 557.57 sec. (612693.33 ticks, tree = 129.53 MB, solutions = 11)
  81293 72873     1411.0000    43     1420.0000      713.1823 14914234   49.78%
  81606 73158     1388.0000    47     1420.0000      715.7700 14981922   49.59%
  82106 73622     1022.3918    78     1420.0000      720.2363 15064414   49.28%
  82404 73904     1062.0000    94     1420.0000      720.2449 15099209   49.28%
  82676 74163     1398.0000    51     1420.0000      720.4942 15139660   49.26%
  83006 74454     1394.0000    69     1420.0000      721.7553 15205922   49.17%
  83374 74784     1056.8682    87     1420.0000      721.8665 15282190   49.16%
  83684 75076     1400.9476    60     1420.0000      722.0799 15318441   49.15%
  84408 75763     1418.0000    39     1420.0000      722.1177 15425457   49.15%
  85130 76444     1416.6667    57     1420.0000      722.5791 15540133   49.11%
Elapsed time = 594.58 sec. (652319.07 ticks, tree = 136.31 MB, solutions = 11)
  85698 76965     1401.0000    47     1420.0000      722.7955 15642988   49.10%

GUB cover cuts applied:  2
Cover cuts applied:  2
Implied bound cuts applied:  52
Flow cuts applied:  178
Mixed integer rounding cuts applied:  44
Zero-half cuts applied:  3
Lift and project cuts applied:  1
Gomory fractional cuts applied:  1

Root node processing (before b&c):
  Real time             =    2.02 sec. (2718.72 ticks)
Sequential b&c:
  Real time             =  597.99 sec. (655233.22 ticks)
                          ------------
Total (root+branch&cut) =  600.00 sec. (657951.94 ticks)
