Tried aggregator 2 times.
MIP Presolve eliminated 2170 rows and 726 columns.
MIP Presolve modified 263 coefficients.
Aggregator did 44 substitutions.
Reduced MIP has 2061 rows, 3569 columns, and 13124 nonzeros.
Reduced MIP has 1927 binaries, 2 generals, 0 SOSs, and 0 indicators.
Presolve time = 0.01 sec. (15.05 ticks)
Found incumbent of value 5800.000000 after 0.04 sec. (38.70 ticks)
Probing time = 0.01 sec. (3.77 ticks)
Tried aggregator 1 time.
Reduced MIP has 2061 rows, 3569 columns, and 13124 nonzeros.
Reduced MIP has 1927 binaries, 26 generals, 0 SOSs, and 0 indicators.
Presolve time = 0.01 sec. (6.91 ticks)
Probing time = 0.00 sec. (3.68 ticks)
Clique table members: 7004.
MIP emphasis: balance optimality and feasibility.
MIP search method: dynamic search.
Parallel mode: none, using 1 thread.
Root relaxation solution time = 0.05 sec. (83.16 ticks)

        Nodes                                         Cuts/
   Node  Left     Objective  IInf  Best Integer    Best Bound    ItCnt     Gap

*     0+    0                         5800.0000        0.0000     1050  100.00%
      0     0      106.5785   227     5800.0000      106.5785     1050   98.16%
      0     0      110.8101   211     5800.0000      Cuts: 32     1536   98.09%
      0     0      207.2910   220     5800.0000      Cuts: 99     2675   96.43%
      0     0      210.6603   196     5800.0000      Cuts: 96     3034   96.37%
      0     0      211.1491   186     5800.0000      Cuts: 64     3258   96.36%
      0     0      211.1854   186     5800.0000      Cuts: 58     3402   96.36%
      0     0      211.2077   184     5800.0000      Cuts: 46     3504   96.36%
      0     0      211.2104   189     5800.0000      Cuts: 29     3589   96.36%
      0     0      211.2106   184     5800.0000      Cuts: 40     3663   96.36%
      0     2      211.2106   184     5800.0000      211.2106     3663   96.36%
Elapsed time = 2.14 sec. (2722.89 ticks, tree = 0.00 MB, solutions = 1)
     25    27      212.3190   171     5800.0000      211.9431     5345   96.35%
     30    32      212.0828   166     5800.0000      211.9431     5506   96.35%
     38    40      212.3190   184     5800.0000      211.9431     7944   96.35%
     50    52      212.3789   164     5800.0000      211.9431    10158   96.35%
     75    77      212.3789   163     5800.0000      211.9431    12459   96.35%
     88    90      215.5744   167     5800.0000      211.9431    14681   96.35%
    109   111      215.0561   165     5800.0000      211.9431    17165   96.35%
    123   125      215.0707   155     5800.0000      211.9431    19356   96.35%
    131   133     3670.2264   106     5800.0000      211.9431    22260   96.35%
    172   174      228.1813   141     5800.0000      211.9431    27730   96.35%
Elapsed time = 4.62 sec. (6014.66 ticks, tree = 1.13 MB, solutions = 1)
    308   308      243.9606   131     5800.0000      211.9431    36642   96.35%
    347   347      840.0000    92     5800.0000      211.9431    50353   96.35%
    387   385      360.0000   108     5800.0000      211.9431    62112   96.35%
    398   396      460.0000    87     5800.0000      211.9431    75473   96.35%
*   519+  340                         1930.0000      302.2802   114998   84.34%
    519   341      575.0000   165     1930.0000      575.0000   128624   70.21%
    524   343      578.0000   198     1930.0000      575.0000   132211   70.21%
    532   344      580.1927   190     1930.0000      575.0000   135093   70.21%
    539   343      584.8232   192     1930.0000      575.0000   137940   70.21%
    549   344      596.5113   185     1930.0000      575.0000   140111   70.21%
    557   343      600.7517   185     1930.0000      575.0000   145744   70.21%
Elapsed time = 19.92 sec. (25548.74 ticks, tree = 4.52 MB, solutions = 2)
    561   343      660.4332   130     1930.0000      575.0000   147201   70.21%
    579   346      690.4379   130     1930.0000      575.0000   151621   70.21%
    629   352      832.0000    89     1930.0000      575.0000   157784   70.21%
*   679+  282                         1770.0000      575.0000   163006   67.51%
    689   287     1276.0000    76     1770.0000      575.0000   163756   67.51%
    741   316     1282.5000    25     1770.0000      575.0000   172663   67.51%
*   769+  282                         1390.0000      575.0000   180966   58.63%
    815   282      576.0629   191     1390.0000      576.0000   197915   58.56%
    829   291      591.0000   189     1390.0000      576.0000   203947   58.56%
    867   295      656.0907   125     1390.0000      576.0000   214369   58.56%
*   869+  280                         1340.0000      576.0000   214408   57.01%
    925   308      707.0000    98     1340.0000      576.0000   220986   57.01%
   1006   377      720.5957    71     1340.0000      576.0000   233836   57.01%
Elapsed time = 27.58 sec. (35335.53 ticks, tree = 0.90 MB, solutions = 5)
   1079   444     1064.9725    35     1340.0000      576.0000   251793   57.01%
   1148   493      587.2384   200     1340.0000      576.0000   270030   57.01%
   1205   545     1218.0000    87     1340.0000      576.0000   281756   57.01%
   1333   671      838.3847   119     1340.0000      576.0000   295541   57.01%
   1360   697      679.2204   173     1340.0000      576.0000   306264   57.01%
   1408   732     1070.0000   100     1340.0000      576.0000   318430   57.01%
   1536   854      839.5245   127     1340.0000      576.0000   333203   57.01%
   1571   887     1158.3691    84     1340.0000      576.0000   344988   57.01%
   1727  1039      587.2545   186     1340.0000      576.0270   362435   57.01%
   1763  1074     1044.2461   104     1340.0000      576.0270   373993   57.01%
Elapsed time = 35.19 sec. (45070.50 ticks, tree = 2.42 MB, solutions = 5)
   1921  1227      577.7237   181     1340.0000      577.3101   382239   56.92%
   1976  1275     1209.3082    88     1340.0000      577.3101   392798   56.92%
   2137  1432      603.9446   177     1340.0000      577.3101   404522   56.92%
   2246  1537     1171.0000    76     1340.0000      577.3101   416890   56.92%
   2337  1622      608.0223   188     1340.0000      577.3101   436127   56.92%
   2407  1689     1137.0000    85     1340.0000      577.3101   450426   56.92%
   2522  1802      579.0775   192     1340.0000      577.3101   464014   56.92%
   2576  1855     1142.0000    73     1340.0000      577.3101   476339   56.92%
   2725  1998      585.0217   185     1340.0000      577.3101   490685   56.92%
   2804  2074     1157.0000    72     1340.0000      577.3101   502575   56.92%
Elapsed time = 43.00 sec. (54712.00 ticks, tree = 4.51 MB, solutions = 5)
   2930  2192      594.8484   201     1340.0000      577.3101   517358   56.92%
   2966  2227     1129.9823    89     1340.0000      577.3101   529194   56.92%
   3136  2394      839.8891   127     1340.0000      577.4473   543248   56.91%
   3247  2499     1132.0000    72     1340.0000      577.4473   552446   56.91%
   3347  2598      693.2529   156     1340.0000      577.4473   563486   56.91%
   3431  2671     1167.0000    65     1340.0000      577.4473   575269   56.91%
   3546  2783      845.3114   115     1340.0000      577.5274   594216   56.90%
   3665  2889     1141.0000    61     1340.0000      577.5274   606464   56.90%
   3749  2973      722.1126   140     1340.0000      577.5274   616837   56.90%
   3921  3132      577.5274   190     1340.0000      577.5274   630923   56.90%
Elapsed time = 50.91 sec. (64456.18 ticks, tree = 6.84 MB, solutions = 5)
   4079  3288     1175.0000    36     1340.0000      577.5274   648086   56.90%
   4161  3365     1114.6872   114     1340.0000      577.5274   662221   56.90%
   4334  3534      844.5591   120     1340.0000      577.7237   674814   56.89%
   4391  3585     1133.0000    78     1340.0000      577.7237   688068   56.89%
   4521  3704      577.7237   186     1340.0000      577.7237   702410   56.89%
   4662  3839     1199.0000    80     1340.0000      577.7237   712744   56.89%
   4746  3919      683.0349   153     1340.0000      577.7237   724703   56.89%
   4923  4089      581.4289   191     1340.0000      577.7237   737166   56.89%
   5034  4198     1154.0000    56     1340.0000      577.7237   749075   56.89%
   5141  4300      631.4449   163     1340.0000      577.7237   762017   56.89%
Elapsed time = 58.79 sec. (74185.17 ticks, tree = 9.45 MB, solutions = 5)
   5268  4421     1196.0000    71     1340.0000      577.7237   774858   56.89%
   5341  4493      632.5167   174     1340.0000      577.7564   786570   56.88%
   5391  4535     1133.0000    69     1340.0000      577.7564   797929   56.88%
   5513  4651     1143.0000    61     1340.0000      577.7564   811057   56.88%
   5542  4680      646.8383   165     1340.0000      577.7564   820445   56.88%
   5717  4854     1200.0000    46     1340.0000      577.7564   836388   56.88%
   5798  4929     1219.0000    78     1340.0000      577.8658   851807   56.88%
   5942  5073      672.3499   163     1340.0000      577.8658   864164   56.88%
   6119  5246     1184.0000    51     1340.0000      577.8658   879100   56.88%
   6284  5408     1207.0000    80     1340.0000      578.0000   900527   56.87%
Elapsed time = 66.79 sec. (83940.35 ticks, tree = 11.70 MB, solutions = 5)
   6356  5480      869.7594   107     1340.0000      578.0000   916204   56.87%
   6431  5548     1166.0000    67     1340.0000      578.0000   933070   56.87%
   6521  5638      579.0775   197     1340.0000      578.0000   943129   56.87%
   6573  5687     1134.7036    96     1340.0000      578.0000   959412   56.87%
   6739  5845      637.2601   181     1340.0000      578.2136   972538   56.85%
   6897  5997     1190.0000    89     1340.0000      578.2136   989705   56.85%
   7003  6100     1153.0000    70     1340.0000      579.0368  1003116   56.79%
   7141  6235      655.7167   151     1340.0000      579.0368  1015623   56.79%
   7262  6349     1153.0000    55     1340.0000      579.0368  1026406   56.79%
   7335  6420      842.4114   102     1340.0000      579.0775  1039616   56.79%
Elapsed time = 74.93 sec. (93664.06 ticks, tree = 13.71 MB, solutions = 5)
   7358  6442     1114.3907    90     1340.0000      579.0775  1053325   56.79%
   7502  6573     1146.5214    45     1340.0000      579.0775  1069958   56.79%
*  7519+ 6583                         1330.0000      579.0775  1074079   56.46%
   7532  6597      604.2188   202     1330.0000      579.0775  1080292   56.46%
   7568  6629     1160.5263   110     1330.0000      579.0775  1092602   56.46%
   7725  6785      587.2707   192     1330.0000      579.0775  1103176   56.46%
   7790  6848     1131.0000    87     1330.0000      579.0775  1114978   56.46%
   7940  6997      840.6456   133     1330.0000      579.0775  1131998   56.46%
   8013  7066     1179.0000    75     1330.0000      579.0775  1140619   56.46%
   8143  7195      844.8644   136     1330.0000      579.0775  1155129   56.46%
   8489  7526     1163.0000    47     1330.0000      579.0775  1208417   56.46%
Elapsed time = 85.15 sec. (106208.39 ticks, tree = 15.98 MB, solutions = 6)
*  8519+ 7553                         1320.0000      579.0775  1214189   56.13%
*  8519+ 7447                         1270.0000      579.0775  1214189   54.40%
   8946  7863      719.4528   151     1270.0000      579.0775  1270425   54.40%
   9513  8419     1167.0000    45     1270.0000      579.0775  1339632   54.40%
*  9519+ 8423                         1250.0000      579.0775  1339844   53.67%
*  9619+ 8368                         1230.0000      579.0775  1357436   52.92%
  10121  8853      579.0775   196     1230.0000      579.0775  1412050   52.92%
  10561  9279     1120.8710   102     1230.0000      579.0775  1485931   52.92%
* 10899+ 7387                         1170.0000      579.2249  1510622   50.49%
  10899  7389     1142.0034    70     1170.0000      579.2249  1510622   50.49%
  11205  7662     1149.1693    78     1170.0000      579.3069  1566637   50.49%
* 11519+ 6950                         1160.0000      579.3069  1592887   50.06%
  11759  7171      592.6876   177     1160.0000      579.3168  1628286   50.06%
  11926  7312      708.1420   173     1160.0000      579.3168  1678442   50.06%
  12268  7603      843.6334   102     1160.0000      579.5142  1742214   50.04%
  12507  7813        cutoff           1160.0000      579.5537  1807589   50.04%
Elapsed time = 126.03 sec. (154093.77 ticks, tree = 16.02 MB, solutions = 12)
  12865  8139      851.6564   119     1160.0000      579.6744  1882368   50.03%
  13505  8714      854.2663   126     1160.0000      580.2883  1976120   49.98%
  13981  9160      843.6903   125     1160.0000      580.9447  2051273   49.92%
  14359  9505      838.3847   119     1160.0000      580.9447  2112527   49.92%
  14562  9694     1143.0000    85     1160.0000      580.9447  2159863   49.92%
  14950 10057      595.1309   186     1160.0000      580.9447  2217651   49.92%
  15182 10270     1122.8830    90     1160.0000      580.9447  2271789   49.92%
  15547 10597     1144.0000    83     1160.0000      580.9447  2331147   49.92%
  16109 11125     1156.0170    98     1160.0000      580.9447  2406620   49.92%
  16400 11385     1148.0000   107     1160.0000      580.9497  2455194   49.92%
Elapsed time = 158.46 sec. (192377.65 ticks, tree = 23.05 MB, solutions = 12)
  16811 11759      659.9656   168     1160.0000      580.9497  2515040   49.92%
  17255 12179     1115.8816   120     1160.0000      580.9497  2586571   49.92%
  17519 12419      860.8633   116     1160.0000      580.9497  2654833   49.92%
  17864 12740     1154.0000    79     1160.0000      580.9497  2722225   49.92%
  18232 13090      842.9583   114     1160.0000      581.0000  2798644   49.91%
  18519 13308      630.5611   175     1160.0000      581.0000  2850576   49.91%
  18833 13587     1156.0000    60     1160.0000      581.0477  2902736   49.91%
  19108 13820     1033.7473   117     1160.0000      581.0477  2957120   49.91%
  19299 13972     1153.0000    60     1160.0000      581.0899  3012915   49.91%
  19546 14191     1119.6625    92     1160.0000      581.1873  3067617   49.90%
Elapsed time = 190.67 sec. (230861.82 ticks, tree = 28.37 MB, solutions = 12)
  19910 14532      848.4288   113     1160.0000      581.1873  3124162   49.90%
  20292 14876      846.9212   117     1160.0000      581.3621  3196483   49.88%
  20679 15223      581.6482   192     1160.0000      581.4065  3266295   49.88%
  20925 15447     1148.0327    65     1160.0000      581.4289  3343300   49.88%
  21452 15939     1131.0000   105     1160.0000      581.4537  3430316   49.87%
  21904 16342      844.1707   106     1160.0000      581.4633  3513269   49.87%
  22296 16698     1144.0000    98     1160.0000      581.5281  3581941   49.87%
  22710 17089      908.6991   112     1160.0000      581.5696  3631694   49.86%
  23087 17446      847.5041   128     1160.0000      581.6482  3691402   49.86%
  23519 17832     1149.5030    76     1160.0000      581.7474  3744588   49.85%
Elapsed time = 223.97 sec. (269741.21 ticks, tree = 36.09 MB, solutions = 12)
  24062 18306      895.8536   118     1160.0000      582.2304  3813078   49.81%
  24483 18688      872.3082   112     1160.0000      582.6775  3865548   49.77%
  24744 18903     1128.9891    85     1160.0000      582.8727  3925476   49.75%
  25093 19226      907.5219   138     1160.0000      582.8727  3986794   49.75%
  25223 19323      907.5184   111     1160.0000      582.8751  4054156   49.75%
  25575 19651    infeasible           1160.0000      582.8751  4113751   49.75%
  25969 20015     1117.0000   104     1160.0000      582.9206  4181782   49.75%
  26519 20509      585.0819   195     1160.0000      582.9206  4240365   49.75%
  27127 21087     1150.0000    72     1160.0000      582.9206  4313881   49.75%
  27757 21661      637.0222   181     1160.0000      582.9206  4381410   49.75%
Elapsed time = 257.45 sec. (308717.06 ticks, tree = 43.94 MB, solutions = 12)
  28148 22027     1148.0000    62     1160.0000      582.9220  4438147   49.75%
  28648 22498     1158.0000    42     1160.0000      582.9220  4497058   49.75%
  28904 22730     1150.0000    60     1160.0000      582.9282  4548296   49.75%
  29186 22990     1109.2815   109     1160.0000      582.9296  4594260   49.75%
  29492 23269     1153.0000    75     1160.0000      582.9336  4651032   49.75%
  29746 23507     1155.0000    59     1160.0000      582.9336  4697091   49.75%
  30141 23835      651.0953   170     1160.0000      582.9336  4756387   49.75%
  30517 24191      742.9475   144     1160.0000      582.9336  4808871   49.75%
  31032 24655      838.3847   117     1160.0000      582.9336  4872321   49.75%
  31390 24979     1145.0000    77     1160.0000      582.9336  4934093   49.75%
Elapsed time = 290.39 sec. (347144.68 ticks, tree = 50.74 MB, solutions = 12)
  31790 25352      838.3963   129     1160.0000      582.9336  4987957   49.75%
  32199 25731      838.3847   125     1160.0000      582.9336  5054064   49.75%
  32674 26178      787.7976   156     1160.0000      582.9400  5114563   49.75%
  33011 26477      839.2199   117     1160.0000      583.0000  5183289   49.74%
  33326 26769     1132.0000    39     1160.0000      583.0000  5244148   49.74%
  33740 27142      838.3847   114     1160.0000      583.0324  5313372   49.74%
  34182 27546      838.3847   102     1160.0000      583.0774  5390614   49.73%
  34554 27898     1141.9143    96     1160.0000      583.1083  5451552   49.73%
  35097 28407      839.7722   101     1160.0000      583.1775  5525509   49.73%
  35330 28612     1158.0000    62     1160.0000      583.1775  5585400   49.73%
Elapsed time = 323.46 sec. (385550.59 ticks, tree = 58.14 MB, solutions = 12)
  35532 28790      874.3386   120     1160.0000      583.2350  5631883   49.72%
  35896 29109      841.0601   111     1160.0000      583.2940  5693055   49.72%
  36252 29422      583.7118   204     1160.0000      583.4098  5754159   49.71%
  36469 29609     1157.0000    80     1160.0000      583.4098  5811732   49.71%
  36602 29727     1154.2692    78     1160.0000      583.4117  5861519   49.71%
  36860 29944      853.1482   124     1160.0000      583.4407  5928598   49.70%
  37121 30177     1144.0000    56     1160.0000      583.4451  5990605   49.70%
  37367 30385      844.5285   103     1160.0000      583.5274  6063162   49.70%
  37666 30647        cutoff           1160.0000      583.5847  6142012   49.69%
  37919 30855      847.0691   113     1160.0000      583.7380  6213598   49.68%
Elapsed time = 356.30 sec. (423952.08 ticks, tree = 62.31 MB, solutions = 12)
  38260 31164      847.0819   103     1160.0000      583.9648  6289819   49.66%
  38644 31511     1159.0000    91     1160.0000      584.0000  6349292   49.66%
  38908 31739      600.9280   189     1160.0000      584.0773  6401744   49.65%
  39157 31957     1157.0000    64     1160.0000      584.7628  6466050   49.59%
  39554 32322      907.5219   118     1160.0000      584.7984  6523764   49.59%
  39686 32408      934.9473   127     1160.0000      584.7984  6587156   49.59%
  39905 32611      907.5184   109     1160.0000      584.8675  6640076   49.58%
  40115 32761      907.5923   101     1160.0000      584.9665  6690816   49.57%
  40322 32940      864.1864    96     1160.0000      584.9754  6720620   49.57%
  40566 33159     1143.0000    56     1160.0000      585.0000  6743976   49.57%
Elapsed time = 388.95 sec. (462478.18 ticks, tree = 71.21 MB, solutions = 12)
  40780 33340     1118.3806   114     1160.0000      585.0148  6765800   49.57%
  41194 33734     1139.0000    53     1160.0000      585.0148  6794466   49.57%
  41522 34034      857.7503   115     1160.0000      585.0148  6815999   49.57%
  41910 34385     1150.0475    52     1160.0000      585.0148  6842522   49.57%
  42325 34754    infeasible           1160.0000      585.0148  6871590   49.57%
  42760 35137      659.0288   150     1160.0000      585.0217  6897105   49.57%
  43169 35516     1144.0000    57     1160.0000      585.0217  6922335   49.57%
  43648 35958      844.5730   122     1160.0000      585.0239  6948879   49.57%
  43953 36232     1115.9638    92     1160.0000      585.0325  6976851   49.57%
  44412 36660     1129.4856    85     1160.0000      585.0369  7001257   49.57%
Elapsed time = 418.79 sec. (500831.78 ticks, tree = 128.81 MB, solutions = 12)
  44944 37145     1144.0000    60     1160.0000      585.0369  7027637   49.57%
  45355 37520     1138.0000    63     1160.0000      585.0369  7052386   49.57%
  45687 37819     1157.0000    77     1160.0000      585.0369  7076554   49.57%
  46045 38138      863.0031   115     1160.0000      585.0369  7104217   49.57%
  46557 38596      649.6897   143     1160.0000      585.0369  7128646   49.57%
  46876 38889     1131.9917    46     1160.0000      585.0369  7158083   49.57%
  47219 39204     1125.8093    76     1160.0000      585.0819  7190682   49.56%
  47671 39623     1129.5249    85     1160.0000      585.0971  7214854   49.56%
  48093 40015     1156.0000    50     1160.0000      585.0971  7240990   49.56%
  48476 40354     1144.0000    67     1160.0000      585.1123  7271482   49.56%
Elapsed time = 448.39 sec. (539158.25 ticks, tree = 201.32 MB, solutions = 12)
  48953 40793     1158.9227    85     1160.0000      585.1123  7298361   49.56%
  49354 41149      838.3847   116     1160.0000      585.1123  7328422   49.56%
  49750 41514      839.4641   105     1160.0000      585.1206  7354702   49.56%
  50183 41909      847.1651   102     1160.0000      585.1274  7388065   49.56%
  50789 42477     1158.9283    46     1160.0000      585.1724  7416190   49.55%
  51191 42834     1151.6573    43     1160.0000      585.1876  7445015   49.55%
  51559 43171     1158.9655    56     1160.0000      585.2463  7472624   49.55%
  51923 43506        cutoff           1160.0000      585.2598  7504623   49.55%
  52387 43928     1145.0000    33     1160.0000      585.2874  7532522   49.54%
  52932 44425      604.2889   179     1160.0000      585.2975  7563714   49.54%
Elapsed time = 478.05 sec. (577490.94 ticks, tree = 308.44 MB, solutions = 12)
  53442 44899     1144.4641    53     1160.0000      585.3237  7588997   49.54%
  53928 45327      859.0892   101     1160.0000      585.3390  7616942   49.54%
  54492 45863     1153.0000    38     1160.0000      585.3696  7646518   49.54%
  55032 46360     1158.0000    46     1160.0000      585.4739  7674732   49.53%
  55498 46789      585.5436   204     1160.0000      585.5338  7704182   49.52%
  55942 47209      765.7151   120     1160.0000      585.5338  7731333   49.52%
  56382 47623     1132.0000    42     1160.0000      585.5436  7762251   49.52%
  56739 47946      845.9930   106     1160.0000      585.5484  7792137   49.52%
  57233 48420     1153.0000    46     1160.0000      585.5590  7822111   49.52%
  57642 48795      863.2689   111     1160.0000      585.5710  7850034   49.52%
Elapsed time = 507.35 sec. (615841.31 ticks, tree = 382.29 MB, solutions = 12)
  58026 49133      859.0892    97     1160.0000      585.5864  7879066   49.52%
  58466 49546      926.8790   116     1160.0000      585.5864  7909012   49.52%
  58876 49921     1144.0000    61     1160.0000      585.6019  7933731   49.52%
  59133 50156     1137.5000    56     1160.0000      585.6194  7962899   49.52%
  59567 50540      853.9802    94     1160.0000      585.6534  7992265   49.51%
  60129 51062     1156.0000    47     1160.0000      585.7219  8019881   49.51%
  60462 51352      848.0000   110     1160.0000      585.7787  8047000   49.50%
  60816 51682      850.7608   127     1160.0000      585.8010  8069874   49.50%
  61175 52014     1144.0882    91     1160.0000      585.8179  8095668   49.50%
  61559 52367        cutoff           1160.0000      585.8318  8123990   49.50%
Elapsed time = 537.00 sec. (654319.60 ticks, tree = 433.77 MB, solutions = 12)
  62048 52830     1156.0000    68     1160.0000      585.9074  8150689   49.49%
  62319 53061      847.9540    98     1160.0000      585.9228  8177366   49.49%
  62619 53328      902.4934   114     1160.0000      586.1141  8195867   49.47%
  62819 53518     1158.0000    43     1160.0000      586.1383  8205985   49.47%
  62919 53608      611.1222   182     1160.0000      586.3877  8211169   49.45%
  63145 53795      853.8319    93     1160.0000      586.5301  8227458   49.44%
  63319 53959     1153.3371    82     1160.0000      586.6044  8235899   49.43%
  63480 54105      811.3180   114     1160.0000      586.8054  8258332   49.41%
  63563 54167      907.5184   115     1160.0000      586.8186  8268738   49.41%
  63719 54281      635.0474   161     1160.0000      586.8332  8280247   49.41%
Elapsed time = 570.43 sec. (696251.18 ticks, tree = 473.66 MB, solutions = 12)
  63929 54446      908.0723   104     1160.0000      586.8895  8297591   49.41%
  64131 54590      839.1675   119     1160.0000      586.9750  8312455   49.40%
  64419 54859     1143.4783    64     1160.0000      587.0459  8327759   49.39%
  64719 55125     1145.8333    46     1160.0000      587.0566  8344953   49.39%
  64919 55300     1125.4412    75     1160.0000      587.1871  8358895   49.38%
  65132 55501      679.1294   125     1160.0000      587.2046  8369999   49.38%
  65387 55731    infeasible           1160.0000      587.2384  8391400   49.38%
  65693 56013     1157.0000    34     1160.0000      587.2384  8407910   49.38%
  66019 56324      854.3665   118     1160.0000      587.2384  8426279   49.38%

Clique cuts applied:  1
Implied bound cuts applied:  67
Flow cuts applied:  281
Mixed integer rounding cuts applied:  113
Zero-half cuts applied:  2
Lift and project cuts applied:  16
Gomory fractional cuts applied:  1

Root node processing (before b&c):
  Real time             =    2.12 sec. (2703.90 ticks)
Sequential b&c:
  Real time             =  597.88 sec. (729765.14 ticks)
                          ------------
Total (root+branch&cut) =  600.00 sec. (732469.04 ticks)
