Tried aggregator 2 times.
MIP Presolve eliminated 2764 rows and 384 columns.
MIP Presolve modified 610 coefficients.
Aggregator did 57 substitutions.
Reduced MIP has 3023 rows, 5391 columns, and 20040 nonzeros.
Reduced MIP has 2839 binaries, 2 generals, 0 SOSs, and 0 indicators.
Presolve time = 0.02 sec. (22.21 ticks)
Found incumbent of value 7050.000000 after 0.06 sec. (62.79 ticks)
Probing fixed 0 vars, tightened 4 bounds.
Probing time = 0.02 sec. (15.60 ticks)
Tried aggregator 1 time.
MIP Presolve eliminated 18 rows and 19 columns.
Reduced MIP has 3005 rows, 5372 columns, and 19964 nonzeros.
Reduced MIP has 2820 binaries, 21 generals, 0 SOSs, and 0 indicators.
Presolve time = 0.01 sec. (10.44 ticks)
Probing time = 0.00 sec. (4.33 ticks)
Clique table members: 10700.
MIP emphasis: balance optimality and feasibility.
MIP search method: dynamic search.
Parallel mode: none, using 1 thread.
Root relaxation solution time = 0.17 sec. (267.21 ticks)

        Nodes                                         Cuts/
   Node  Left     Objective  IInf  Best Integer    Best Bound    ItCnt     Gap

*     0+    0                         7050.0000        0.0000     2061  100.00%
      0     0       88.1979   288     7050.0000       88.1979     2061   98.75%
      0     0       92.2088   224     7050.0000      Cuts: 57     2547   98.69%
      0     0      174.0813   253     7050.0000     Cuts: 132     4630   97.53%
      0     0      177.4298   252     7050.0000     Cuts: 130     5206   97.48%
      0     0      177.8461   261     7050.0000      Cuts: 80     5640   97.48%
      0     0      177.8576   270     7050.0000      Cuts: 62     6018   97.48%
      0     0      177.8576   284     7050.0000      Cuts: 69     6368   97.48%
      0     0      177.8592   229     7050.0000      Cuts: 17     6521   97.48%
      0     0      177.8592   234     7050.0000      Cuts: 40     6669   97.48%
*     0+    0                         1920.0000      177.8592     6669   90.74%
*     0+    0                         1870.0000      177.8592     6669   90.49%
      0     2      177.8592   216     1870.0000      177.8592     6669   90.49%
Elapsed time = 3.39 sec. (4620.43 ticks, tree = 0.00 MB, solutions = 3)
     11    13      180.2841   219     1870.0000      178.7207     8627   90.44%
     17    19      182.1150   234     1870.0000      178.7207    11218   90.44%
     30    32      184.4062   216     1870.0000      178.7207    12873   90.44%
     49    51      198.7449   184     1870.0000      178.7207    14806   90.44%
     60    62      207.3903   172     1870.0000      178.7207    16743   90.44%
     73    75      221.3816   167     1870.0000      178.7207    19232   90.44%
     90    92      234.6124   146     1870.0000      178.7207    21143   90.44%
    105   107      340.0000   161     1870.0000      178.7207    25659   90.44%
    111   113     1156.9142    44     1870.0000      178.7207    27970   90.44%
    134   136      271.8448   122     1870.0000      178.7207    40253   90.44%
Elapsed time = 5.98 sec. (8235.44 ticks, tree = 0.88 MB, solutions = 3)
    160   162     1180.1386    47     1870.0000      178.7207    52557   90.44%
    187   187      660.0000    84     1870.0000      178.7207    65243   90.44%
*   200+  198                         1550.0000      178.7207    71190   88.47%
    210   210      413.2869    97     1550.0000      178.7207    72091   88.47%
    255   251     1394.6796    25     1550.0000      178.7207    84201   88.47%
    280   274      738.1554    50     1550.0000      178.7207    93555   88.47%
    307   298      774.2949    36     1550.0000      178.7207   106969   88.47%
*   328+  302                         1440.0000      178.7207   114655   87.59%
    332   308      210.0000   253     1440.0000      178.7207   115892   87.59%
    359   335      252.4471   155     1440.0000      178.7207   124609   87.59%
    380   356      252.4471   151     1440.0000      178.7207   128456   87.59%
    402   378      278.8503   149     1440.0000      178.7207   133991   87.59%
Elapsed time = 13.22 sec. (18261.40 ticks, tree = 5.97 MB, solutions = 5)
    421   397     1173.8532    77     1440.0000      178.7207   142395   87.59%
    440   416      386.2835   106     1440.0000      178.7207   147724   87.59%
    480   456      400.9575    92     1440.0000      178.7207   155914   87.59%
*   491+  310                         1400.0000      267.4467   163785   80.90%
    491   311      530.0000   216     1400.0000      530.0000   186616   62.14%
    493   313      530.0000   266     1400.0000      530.0000   188899   62.14%
    496   314      531.0000   273     1400.0000      530.0000   190693   62.14%
    500   314      533.0000   260     1400.0000      530.0000   193125   62.14%
    501   314      533.0000   262     1400.0000      530.0000   193157   62.14%
    505   317      536.5124   258     1400.0000      530.0000   196257   62.14%
    511   318      536.7834   249     1400.0000      530.0000   197967   62.14%
Elapsed time = 33.01 sec. (44145.80 ticks, tree = 5.41 MB, solutions = 6)
    516   318      537.8972   246     1400.0000      530.0000   202895   62.14%
    521   318      541.1048   232     1400.0000      530.0000   205664   62.14%
    525   320      807.2131   148     1400.0000      530.0000   212599   62.14%
    530   320      807.2131   131     1400.0000      530.0000   218439   62.14%
    533   321      807.2131   134     1400.0000      530.0000   225454   62.14%
    539   326      552.9762   225     1400.0000      530.0000   227985   62.14%
    543   329      560.2721   211     1400.0000      530.0000   231263   62.14%
    561   339      606.4943   162     1400.0000      530.0000   234692   62.14%
    572   343      597.0615   174     1400.0000      530.0000   242087   62.14%
    583   347      608.3475   161     1400.0000      530.0000   247721   62.14%
Elapsed time = 41.78 sec. (55961.44 ticks, tree = 5.44 MB, solutions = 6)
    600   353      922.8318   113     1400.0000      530.0000   256073   62.14%
    611   356      613.0000   133     1400.0000      530.0000   260252   62.14%
    622   360      887.1557    87     1400.0000      530.0000   265559   62.14%
    630   361      637.1521   126     1400.0000      530.0000   271458   62.14%
    643   363      649.3621   117     1400.0000      530.0000   276405   62.14%
    687   380     1066.4296    75     1400.0000      530.0000   285568   62.14%
    728   397     1282.5417    59     1400.0000      530.0000   297884   62.14%
    777   416     1348.0000    53     1400.0000      530.0000   306346   62.14%
    811   423     1348.0000    33     1400.0000      530.0000   318679   62.14%
    861   441     1349.0000    30     1400.0000      530.0000   337063   62.14%
Elapsed time = 49.66 sec. (66122.44 ticks, tree = 4.80 MB, solutions = 6)
    915   436    infeasible           1400.0000      530.0000   360106   62.14%
    929   432      532.2285   265     1400.0000      530.0000   371427   62.14%
    933   434      536.5360   257     1400.0000      530.0000   373868   62.14%
    938   439      537.6779   250     1400.0000      530.0000   378762   62.14%
    942   441      835.5653   139     1400.0000      530.0000   383386   62.14%
    965   452     1068.0499    95     1400.0000      530.0000   393634   62.14%
    991   467     1161.6913   106     1400.0000      530.0000   402327   62.14%
   1030   487     1172.5806    65     1400.0000      530.0000   410926   62.14%
   1068   505     1173.0000    54     1400.0000      530.0000   416291   62.14%
   1111   528     1174.0000    45     1400.0000      530.0000   426214   62.14%
Elapsed time = 57.15 sec. (76029.88 ticks, tree = 3.37 MB, solutions = 6)
   1143   542     1177.6579    43     1400.0000      530.0000   434936   62.14%
   1176   557     1177.5000    26     1400.0000      530.0000   447455   62.14%
   1192   559      530.0000   263     1400.0000      530.0000   454544   62.14%
   1206   573      550.5379   241     1400.0000      530.0000   460669   62.14%
   1218   585      590.0020   207     1400.0000      530.0000   465668   62.14%
   1237   604      699.2958   169     1400.0000      530.0000   476052   62.14%
   1263   629      813.7271   139     1400.0000      530.0000   482643   62.14%
   1292   655     1072.3453   113     1400.0000      530.0000   490652   62.14%
   1298   661      899.8025   143     1400.0000      530.8519   496401   62.08%
   1316   679     1066.0380   129     1400.0000      530.8519   507366   62.08%
Elapsed time = 64.84 sec. (86219.71 ticks, tree = 3.24 MB, solutions = 6)
   1337   699     1187.3646    57     1400.0000      530.8519   516724   62.08%
   1356   716     1190.0000    57     1400.0000      530.8519   523437   62.08%
   1373   731     1203.0000    59     1400.0000      530.8519   529992   62.08%
   1401   758     1231.0000    46     1400.0000      530.8519   537026   62.08%
   1441   793     1232.9660    41     1400.0000      530.8519   545615   62.08%
   1471   818     1231.0000    33     1400.0000      530.8519   557091   62.08%
*  1491+  722                         1330.0000      530.8519   567111   60.09%
   1493   726      899.8025   138     1330.0000      530.9822   570199   60.08%
   1526   759      912.0200   142     1330.0000      530.9822   583171   60.08%
   1531   764      926.7015   151     1330.0000      530.9822   589840   60.08%
   1550   783      987.5928   133     1330.0000      530.9822   597814   60.08%
Elapsed time = 73.48 sec. (96833.43 ticks, tree = 3.47 MB, solutions = 7)
   1580   809     1164.7616   103     1330.0000      530.9822   605245   60.08%
   1613   840     1224.0000    88     1330.0000      530.9822   611304   60.08%
   1643   869     1228.0447    90     1330.0000      530.9822   619871   60.08%
   1685   909     1234.0000   105     1330.0000      530.9822   625276   60.08%
   1707   930      899.8025   120     1330.0000      531.0000   632720   60.08%
   1721   943      912.7967   126     1330.0000      531.0000   642886   60.08%
   1743   965     1047.4197   133     1330.0000      531.0000   650536   60.08%
   1774   990     1276.0330    88     1330.0000      531.0000   659363   60.08%
   1830  1045     1278.0000    82     1330.0000      531.0000   662845   60.08%
   1893  1107      531.9359   257     1330.0000      531.0000   669921   60.08%
Elapsed time = 81.89 sec. (107362.36 ticks, tree = 4.33 MB, solutions = 7)
   1916  1130      587.5104   212     1330.0000      531.0000   682492   60.08%
   1935  1149      850.4546   167     1330.0000      531.0000   694903   60.08%
   1949  1163     1250.7933   115     1330.0000      531.0000   702972   60.08%
   1991  1199     1261.0000    95     1330.0000      531.0000   710610   60.08%
   2037  1244     1291.0000    82     1330.0000      531.0000   716520   60.08%
   2091  1298     1306.0000    64     1330.0000      531.0000   719614   60.08%
   2093  1300      531.0000   274     1330.0000      531.0000   720000   60.08%
   2116  1323      583.3481   215     1330.0000      531.0000   732449   60.08%
   2128  1335      668.7451   178     1330.0000      531.0000   742407   60.08%
   2210  1407      531.3851   271     1330.0000      531.3203   770876   60.05%
Elapsed time = 91.93 sec. (120060.74 ticks, tree = 5.02 MB, solutions = 7)
   2289  1478     1178.0000    79     1330.0000      531.3203   802319   60.05%
*  2491+ 1650                         1310.0000      531.3203   840040   59.44%
   2491  1652     1188.0000    24     1310.0000      531.3203   840040   59.44%
   2545  1705     1176.9399   131     1310.0000      531.5302   873302   59.43%
*  2591+ 1480                         1270.0000      531.5302   881692   58.15%
   2693  1568      611.6444   170     1270.0000      531.7888   900924   58.13%
   2757  1632     1209.8820   136     1270.0000      531.7888   942567   58.13%
   2859  1725     1224.0000    74     1270.0000      531.9359   975259   58.12%
   3080  1943     1241.0000    38     1270.0000      531.9359   990111   58.12%
   3280  2137     1223.0000    70     1270.0000      531.9496  1035979   58.11%
   3440  2291     1176.0000    63     1270.0000      531.9496  1075153   58.11%
   3581  2428     1221.0000    92     1270.0000      531.9556  1119573   58.11%
Elapsed time = 122.73 sec. (158828.20 ticks, tree = 7.68 MB, solutions = 9)
   3771  2612     1226.0000    95     1270.0000      532.0974  1161276   58.10%
   3969  2807     1186.0000    58     1270.0000      532.1282  1189815   58.10%
   4140  2978     1011.4487   133     1270.0000      532.2258  1220603   58.09%
   4311  3143     1066.2754   127     1270.0000      532.2422  1248716   58.09%
   4470  3294     1222.6240    19     1270.0000      532.2422  1284681   58.09%
   4551  3372     1185.0000   124     1270.0000      533.0000  1314589   58.03%
   4694  3503      534.6208   255     1270.0000      533.0000  1339512   58.03%
   4793  3597     1206.6156    74     1270.0000      533.0000  1378972   58.03%
   4920  3719      617.2560   181     1270.0000      533.0000  1408643   58.03%
   5121  3916      625.9363   185     1270.0000      533.0336  1448664   58.03%
Elapsed time = 153.23 sec. (197353.22 ticks, tree = 11.53 MB, solutions = 9)
   5291  4079     1233.0000    73     1270.0000      533.0336  1482366   58.03%
   5486  4264     1202.0000    39     1270.0000      533.0363  1522268   58.03%
   5628  4406     1224.0000    69     1270.0000      533.2455  1555136   58.01%
   5843  4615     1223.0000    76     1270.0000      533.2484  1595332   58.01%
   6091  4860     1236.0000    60     1270.0000      533.2484  1638572   58.01%
   6295  5060      899.8025   139     1270.0000      533.2509  1676496   58.01%
   6522  5280      917.1498   144     1270.0000      533.2845  1732288   58.01%
   6730  5487      992.7323   148     1270.0000      533.4000  1780820   58.00%
   6926  5678      683.2592   179     1270.0000      533.4140  1817675   58.00%
   7131  5882      783.4544   161     1270.0000      533.4665  1862963   57.99%
Elapsed time = 184.73 sec. (236619.48 ticks, tree = 16.76 MB, solutions = 9)
   7297  6044      899.8025   127     1270.0000      533.5412  1897089   57.99%
   7485  6216     1184.0000    35     1270.0000      533.5412  1939873   57.99%
*  7491+ 4233                         1220.0000      533.5412  1941173   56.27%
   7547  4289     1186.0000   107     1220.0000      533.5513  1967233   56.27%
   7722  4456     1161.8602    76     1220.0000      533.9308  1999802   56.24%
   7923  4654     1023.4432   129     1220.0000      534.4555  2033684   56.19%
   7985  4709     1061.2094   115     1220.0000      534.4610  2072882   56.19%
   8121  4824     1211.0000    60     1220.0000      534.4656  2115173   56.19%
   8313  4977      534.6273   222     1220.0000      534.6208  2171241   56.18%
   8425  5083     1183.4041   116     1220.0000      534.6208  2210889   56.18%
   8514  5164     1183.0916   116     1220.0000      534.6208  2246825   56.18%
Elapsed time = 215.57 sec. (275225.08 ticks, tree = 14.86 MB, solutions = 10)
   8632  5268     1202.9068    42     1220.0000      534.6254  2285025   56.18%
   8789  5410      899.8025   116     1220.0000      534.6569  2340318   56.18%
   8912  5526      925.6032   136     1220.0000      534.6569  2398730   56.18%
   9011  5616     1038.4100   147     1220.0000      534.6594  2455992   56.18%
   9237  5825     1218.3318    31     1220.0000      534.6625  2518011   56.18%
   9363  5929      537.7339   252     1220.0000      534.7764  2567994   56.17%
   9460  6023      852.0751   166     1220.0000      534.7764  2601788   56.17%
   9538  6089     1188.7745   111     1220.0000      534.7794  2629379   56.17%
   9627  6173     1191.9199   115     1220.0000      534.7794  2664655   56.17%
   9698  6238     1080.4707   117     1220.0000      534.8490  2696790   56.16%
Elapsed time = 246.72 sec. (313666.20 ticks, tree = 17.62 MB, solutions = 10)
   9903  6423     1193.0000    28     1220.0000      534.8490  2735900   56.16%
  10147  6652     1184.0000    38     1220.0000      534.9378  2779647   56.15%
  10277  6771     1198.8382    88     1220.0000      534.9493  2819757   56.15%
* 10311+ 6303                         1210.0000      534.9945  2836555   55.79%
  10311  6305      592.3402   221     1210.0000      534.9945  2836555   55.79%
  10384  6373     1174.3090   120     1210.0000      535.0787  2881590   55.78%
  10491  6473     1198.4058   112     1210.0000      535.3982  2921205   55.75%
  10570  6542      602.4411   189     1210.0000      535.7999  2969332   55.72%
  10668  6623      588.0500   221     1210.0000      535.9086  3011763   55.71%
  10818  6753      543.8472   217     1210.0000      535.9439  3070307   55.71%
  10943  6871      981.8905   149     1210.0000      535.9439  3122642   55.71%
Elapsed time = 301.49 sec. (378144.33 ticks, tree = 19.19 MB, solutions = 11)
  11126  7042     1196.0000    42     1210.0000      536.0544  3183276   55.70%
  11288  7186      542.9026   262     1210.0000      536.0620  3247291   55.70%
  11397  7284      949.9526   146     1210.0000      536.0641  3295022   55.70%
  11531  7405      536.0818   252     1210.0000      536.0721  3343389   55.70%
  11759  7610      536.0791   261     1210.0000      536.0818  3415685   55.70%
  11959  7784      899.8025   114     1210.0000      536.0905  3452425   55.70%
  12059  7875      901.8406   139     1210.0000      536.0905  3495103   55.70%
  12144  7951      912.3031   122     1210.0000      536.0995  3537105   55.69%
  12237  8037     1070.8098   116     1210.0000      536.1082  3582323   55.69%
  12439  8200      900.3697   124     1210.0000      536.2206  3639457   55.68%
Elapsed time = 333.64 sec. (417042.95 ticks, tree = 22.88 MB, solutions = 11)
  12515  8267      542.4284   248     1210.0000      536.2383  3674657   55.68%
  12604  8350      536.6671   258     1210.0000      536.2967  3705818   55.68%
  12691  8422      542.4023   252     1210.0000      536.4043  3741189   55.67%
  12867  8591     1201.0000    48     1210.0000      536.4043  3785910   55.67%
  13093  8791     1205.8178    79     1210.0000      536.5924  3835198   55.65%
  13181  8866      668.2625   186     1210.0000      536.5978  3879140   55.65%
  13483  9160      912.1967   132     1210.0000      536.6671  3928890   55.65%
* 13491+ 7886                         1200.0000      536.6671  3933426   55.28%
  13572  7961      970.1419   147     1200.0000      536.8561  3976000   55.26%
* 13591+ 6066                         1190.0000      536.8561  3982901   54.89%
  13700  6159     1000.1994   134     1190.0000      537.3877  4037317   54.84%
  13812  6256      962.7090   134     1190.0000      537.4087  4095041   54.84%
Elapsed time = 365.48 sec. (455805.17 ticks, tree = 17.02 MB, solutions = 13)
  14165  6596     1171.0000    48     1190.0000      537.4087  4147838   54.84%
  14378  6784      899.8025   134     1190.0000      537.4235  4199875   54.84%
  14473  6875     1006.6322   138     1190.0000      537.4587  4259758   54.84%
  14572  6964      995.4450   151     1190.0000      537.5597  4314962   54.83%
  14665  7046     1015.0010   146     1190.0000      537.5651  4366943   54.83%
  14736  7109      900.0525   122     1190.0000      537.5779  4409405   54.83%
  14799  7165      733.0287   160     1190.0000      537.5808  4448056   54.83%
  14891  7251     1171.0000    62     1190.0000      537.5836  4482239   54.82%
  15088  7431      939.7432   145     1190.0000      537.5990  4535485   54.82%
  15184  7513      983.8554   130     1190.0000      537.6000  4578912   54.82%
Elapsed time = 397.45 sec. (494773.76 ticks, tree = 20.22 MB, solutions = 13)
  15274  7587      899.8025   118     1190.0000      537.6150  4623773   54.82%
  15337  7643     1136.4619   130     1190.0000      537.6200  4664530   54.82%
  15442  7727      539.2129   244     1190.0000      537.6305  4709728   54.82%
  15511  7791      920.6949   107     1190.0000      537.7339  4750764   54.81%
  15587  7861     1158.4061   129     1190.0000      537.8104  4798013   54.81%
  15692  7953     1056.4852   119     1190.0000      537.8972  4848470   54.80%
  15792  8034      564.8861   221     1190.0000      537.9078  4886703   54.80%
  15866  8098      592.5535   181     1190.0000      538.0359  4920222   54.79%
  15989  8204     1186.0000    65     1190.0000      538.2927  4961529   54.77%
  16125  8317        cutoff           1190.0000      538.2988  4997444   54.76%
Elapsed time = 428.53 sec. (533145.17 ticks, tree = 22.13 MB, solutions = 13)
  16210  8398     1160.3435   113     1190.0000      538.3553  5047635   54.76%
  16307  8487     1182.0139    88     1190.0000      538.6691  5096252   54.73%
  16480  8645      900.0525   119     1190.0000      538.9546  5144394   54.71%
  16548  8705      694.0689   143     1190.0000      538.9581  5189759   54.71%
  16660  8804     1080.0949   106     1190.0000      538.9678  5237973   54.71%
  16837  8967     1187.6746    36     1190.0000      538.9678  5273438   54.71%
  16994  9092      984.1962   145     1190.0000      538.9785  5341876   54.71%
  17141  9231     1172.0000    75     1190.0000      538.9785  5373326   54.71%
  17320  9404     1159.3408   117     1190.0000      538.9785  5417575   54.71%
  17430  9493     1142.2732   107     1190.0000      538.9830  5472144   54.71%
Elapsed time = 460.85 sec. (571507.27 ticks, tree = 25.20 MB, solutions = 13)
  17493  9546      551.4481   222     1190.0000      539.0000  5504971   54.71%
  17592  9637     1162.4164    97     1190.0000      539.0000  5547745   54.71%
  17691  9727     1170.0000   105     1190.0000      539.0000  5584325   54.71%
  17775  9802      980.4232   140     1190.0000      539.0625  5625715   54.70%
  17856  9873     1031.9048   112     1190.0000      539.0929  5666238   54.70%
  17940  9948      656.0323   171     1190.0000      539.1148  5706445   54.70%
  18014 10014    infeasible           1190.0000      539.1352  5750624   54.69%
  18092 10076      561.9171   236     1190.0000      539.1440  5781277   54.69%
  18194 10172      753.3768   142     1190.0000      539.1523  5820461   54.69%
  18298 10261      899.8025   120     1190.0000      539.1656  5864481   54.69%
Elapsed time = 491.82 sec. (610245.68 ticks, tree = 26.99 MB, solutions = 13)
  18421 10373     1172.0000    50     1190.0000      539.2097  5897987   54.69%
  18604 10546      900.1280   143     1190.0000      539.2097  5927772   54.69%
  18928 10852     1183.0000    16     1190.0000      539.2097  5971566   54.69%
  19173 11071      900.3697   147     1190.0000      539.2281  6018005   54.69%
  19280 11172     1183.3121    68     1190.0000      539.2349  6070025   54.69%
  19575 11450     1184.0000    80     1190.0000      539.2396  6107053   54.69%
  19817 11677     1153.0002   143     1190.0000      539.2564  6165334   54.68%
  20087 11943     1186.0000    69     1190.0000      539.3214  6208730   54.68%
  20324 12150      626.0907   164     1190.0000      539.8333  6268892   54.64%
  20472 12290     1186.0000    71     1190.0000      539.8547  6323812   54.63%
Elapsed time = 524.24 sec. (648635.53 ticks, tree = 32.44 MB, solutions = 13)
  20717 12521     1187.0038    72     1190.0000      539.8556  6373789   54.63%
  20795 12590     1080.8492   127     1190.0000      540.1526  6416704   54.61%
  20919 12701     1171.0000    81     1190.0000      540.3035  6471415   54.60%
  21234 13001      684.9321   156     1190.0000      540.3042  6517021   54.60%
  21331 13083     1174.1269   131     1190.0000      540.3143  6569143   54.60%
  21491 13222     1186.0000    37     1190.0000      540.3179  6620304   54.60%
  21620 13329     1179.5653    98     1190.0000      540.3268  6667588   54.59%
  21725 13420     1171.0000    85     1190.0000      540.3909  6701539   54.59%
  21903 13588     1075.3945   129     1190.0000      540.4018  6729597   54.59%
  21991 13666     1175.0000   118     1190.0000      540.4427  6765460   54.58%
Elapsed time = 557.43 sec. (688184.55 ticks, tree = 35.94 MB, solutions = 13)
  22196 13837    infeasible           1190.0000      540.4815  6811208   54.58%
  22295 13921      899.8025   125     1190.0000      540.4961  6851742   54.58%
  22391 14005      912.3736   123     1190.0000      540.5934  6894752   54.57%
  22460 14067      654.0942   165     1190.0000      540.6015  6932706   54.57%
  22520 14120     1073.5246   124     1190.0000      540.6015  6973311   54.57%
  22715 14284      552.1055   241     1190.0000      540.6034  7012419   54.57%
  22791 14349      574.9103   225     1190.0000      540.6144  7040784   54.57%
  22877 14429      988.2370   110     1190.0000      540.6144  7085511   54.57%
  22973 14510     1182.9800    88     1190.0000      540.6206  7123657   54.57%
  23063 14566      928.5640   151     1190.0000      540.6206  7165227   54.57%
Elapsed time = 589.22 sec. (726835.95 ticks, tree = 38.21 MB, solutions = 13)
  23132 14629      940.1552   135     1190.0000      540.6225  7203441   54.57%
  23191 14676      567.7956   222     1190.0000      540.6300  7232030   54.57%
  23291 14766     1171.0000    34     1190.0000      540.6859  7265375   54.56%

GUB cover cuts applied:  1
Clique cuts applied:  3
Implied bound cuts applied:  90
Flow cuts applied:  234
Mixed integer rounding cuts applied:  169
Zero-half cuts applied:  3
Lift and project cuts applied:  9

Root node processing (before b&c):
  Real time             =    3.34 sec. (4569.77 ticks)
Sequential b&c:
  Real time             =  596.67 sec. (734943.57 ticks)
                          ------------
Total (root+branch&cut) =  600.00 sec. (739513.34 ticks)
