Tried aggregator 2 times.
MIP Presolve eliminated 2698 rows and 244 columns.
MIP Presolve modified 908 coefficients.
Aggregator did 61 substitutions.
Reduced MIP has 2855 rows, 5235 columns, and 19280 nonzeros.
Reduced MIP has 2685 binaries, 2 generals, 0 SOSs, and 0 indicators.
Presolve time = 0.02 sec. (21.15 ticks)
Found incumbent of value 6550.000000 after 0.05 sec. (45.99 ticks)
Probing fixed 0 vars, tightened 3 bounds.
Probing time = 0.01 sec. (12.24 ticks)
Tried aggregator 2 times.
Aggregator did 1 substitutions.
Reduced MIP has 2854 rows, 5234 columns, and 19278 nonzeros.
Reduced MIP has 2684 binaries, 28 generals, 0 SOSs, and 0 indicators.
Presolve time = 0.01 sec. (13.36 ticks)
Probing time = 0.01 sec. (4.40 ticks)
Clique table members: 8920.
MIP emphasis: balance optimality and feasibility.
MIP search method: dynamic search.
Parallel mode: none, using 1 thread.
Root relaxation solution time = 0.12 sec. (193.54 ticks)

        Nodes                                         Cuts/
   Node  Left     Objective  IInf  Best Integer    Best Bound    ItCnt     Gap

*     0+    0                         6550.0000        0.0000     1580  100.00%
      0     0       96.1464   248     6550.0000       96.1464     1580   98.53%
      0     0       98.9134   211     6550.0000      Cuts: 44     2206   98.49%
      0     0      173.3557   238     6550.0000     Cuts: 130     3992   97.35%
      0     0      188.3340   238     6550.0000     Cuts: 118     5603   97.12%
      0     0      188.6559   228     6550.0000      Cuts: 86     6385   97.12%
      0     0      188.7208   233     6550.0000      Cuts: 68     7065   97.12%
      0     0      188.7329   227     6550.0000      Cuts: 67     7687   97.12%
      0     0      188.7329   246     6550.0000      Cuts: 68     8199   97.12%
      0     0      188.7329   256     6550.0000      Cuts: 65     8844   97.12%
      0     2      188.7329   256     6550.0000      188.7329     8844   97.12%
Elapsed time = 3.80 sec. (5386.82 ticks, tree = 0.00 MB, solutions = 1)
      2     4      188.7329   231     6550.0000      188.7329    10591   97.12%
      5     7      188.7329   228     6550.0000      188.7329    12593   97.12%
     10    12      190.9479   206     6550.0000      188.7329    15399   97.12%
     14    16      189.1148   216     6550.0000      188.7329    19066   97.12%
     17    19      189.1148   214     6550.0000      188.7329    21478   97.12%
     25    27      190.9633   209     6550.0000      188.7329    27765   97.12%
     31    33      190.9633   189     6550.0000      188.7329    29482   97.12%
     37    39      189.1148   214     6550.0000      188.7329    32978   97.12%
     48    50      190.9633   194     6550.0000      188.7329    36335   97.12%
     75    77      192.8895   189     6550.0000      188.7329    43625   97.12%
Elapsed time = 6.17 sec. (8843.36 ticks, tree = 1.09 MB, solutions = 1)
     86    88      210.0000   212     6550.0000      188.7329    51272   97.12%
    120   122      194.9154   183     6550.0000      188.7329    56622   97.12%
    156   158      350.0000   181     6550.0000      188.7329    65148   97.12%
    172   174      197.7759   195     6550.0000      188.7329    74266   97.12%
    191   193      196.2184   181     6550.0000      188.7329    81199   97.12%
    193   195      330.0000   183     6550.0000      188.7329    89412   97.12%
    202   204      199.4756   192     6550.0000      188.7329    98984   97.12%
    215   217      200.0486   181     6550.0000      188.7329   105812   97.12%
    227   229      230.0000   203     6550.0000      188.7329   116749   97.12%
    235   237      204.9799   179     6550.0000      188.7329   123284   97.12%
Elapsed time = 14.10 sec. (19863.03 ticks, tree = 1.75 MB, solutions = 1)
    249   251      207.6965   175     6550.0000      188.7329   135363   97.12%
    260   262      210.6938   168     6550.0000      188.7329   141934   97.12%
    283   285      217.8233   167     6550.0000      188.7329   149983   97.12%
    332   332     1044.8183    59     6550.0000      188.7329   157912   97.12%
    351   351      380.0000   156     6550.0000      188.7329   170062   97.12%
    399   399     1047.4125    59     6550.0000      188.7329   178537   97.12%
    417   417      470.0000   131     6550.0000      188.7329   188431   97.12%
    444   444      281.2172   120     6550.0000      188.7329   199123   97.12%
    467   467      290.2546   110     6550.0000      188.7329   210571   97.12%
*   472+  470                         1560.0000      188.7329   212453   87.90%
*   472+  470                         1400.0000      188.7329   212453   86.52%
    472   472      298.0334   120     1400.0000      188.7329   212453   86.52%
Elapsed time = 22.30 sec. (30365.48 ticks, tree = 2.45 MB, solutions = 3)
*   473+  471                         1280.0000      188.7329   213250   85.26%
    473   473      190.5731   213     1280.0000      188.7329   213250   85.26%
*   474+  314                         1240.0000      514.5972   233027   58.50%
*   474+  209                         1130.0000      514.5972   233027   54.46%
    474   210      515.0000   177     1130.0000      515.0000   233027   54.42%
    476   209      516.0000   227     1130.0000      516.0000   235103   54.34%
    483   208      520.6914   211     1130.0000      516.0000   237038   54.34%
    485   208      521.0000   211     1130.0000      516.0000   238375   54.34%
    494   209      525.5330   189     1130.0000      516.0000   240717   54.34%
    500   207      528.4837   191     1130.0000      516.0000   246191   54.34%
    504   207      530.0000   187     1130.0000      516.0000   250956   54.34%
    506   206      531.3480   186     1130.0000      516.0000   261924   54.34%
    509   205      532.8151   184     1130.0000      516.0000   266203   54.34%
Elapsed time = 37.50 sec. (50370.45 ticks, tree = 1.06 MB, solutions = 6)
    514   203      607.2868   135     1130.0000      516.0000   271936   54.34%
    517   202      537.2875   176     1130.0000      516.0000   277949   54.34%
    521   205      541.2842   166     1130.0000      516.0000   281459   54.34%
    530   207      758.5572   122     1130.0000      516.0000   286915   54.34%
    536   210      760.5295   119     1130.0000      516.0000   288632   54.34%
    567   217      761.0000   119     1130.0000      516.0000   299030   54.34%
    575   223      761.0000    97     1130.0000      516.0000   299892   54.34%
    597   230      761.0000    89     1130.0000      516.0000   312955   54.34%
    621   239      851.5135    86     1130.0000      516.0000   326388   54.34%
    634   240      850.0000    63     1130.0000      516.0000   333551   54.34%
Elapsed time = 45.74 sec. (60619.44 ticks, tree = 1.05 MB, solutions = 6)
    672   255     1085.0000    52     1130.0000      516.0000   344493   54.34%
    695   273     1085.0000    52     1130.0000      516.0000   345961   54.34%
    730   291     1085.0000    46     1130.0000      516.0000   359997   54.34%
    771   301     1086.5019    34     1130.0000      516.0000   380773   54.34%
    804   310     1100.2961    25     1130.0000      516.0000   404322   54.34%
    835   320     1102.3729    29     1130.0000      516.0000   428436   54.34%
    874   331     1102.8404    28     1130.0000      516.0000   459931   54.34%
    892   334      548.0433   151     1130.0000      516.0000   473596   54.34%
    901   339      548.1165   160     1130.0000      516.0000   481531   54.34%
    909   340      605.9563   144     1130.0000      516.0000   486978   54.34%
Elapsed time = 53.73 sec. (70651.73 ticks, tree = 1.03 MB, solutions = 6)
    915   344      605.9576   156     1130.0000      516.0000   490687   54.34%
    926   349      618.3306   128     1130.0000      516.0000   501311   54.34%
    945   351     1018.6308    81     1130.0000      516.0000   513561   54.34%
    966   354      742.1228   117     1130.0000      516.0000   526263   54.34%
    979   358     1102.6717    87     1130.0000      516.0000   537965   54.34%
    996   371     1081.0000    76     1130.0000      516.0000   545351   54.34%
   1034   408     1081.0000    74     1130.0000      516.0000   550986   54.34%
   1075   446     1081.0000    65     1130.0000      516.0000   560532   54.34%
   1136   489     1088.4080    43     1130.0000      516.0000   583585   54.34%
   1182   530     1095.0000    38     1130.0000      516.0000   602710   54.34%
Elapsed time = 62.08 sec. (80743.10 ticks, tree = 1.45 MB, solutions = 6)
   1232   563     1098.6995    24     1130.0000      516.0000   633355   54.34%
   1262   580     1107.1868    22     1130.0000      516.0000   665572   54.34%
   1268   582      547.2716   154     1130.0000      516.8468   673889   54.26%
   1274   588      598.3668   136     1130.0000      516.8468   676175   54.26%
   1282   596      520.6043   201     1130.0000      516.8468   684419   54.26%
   1296   610      541.9166   158     1130.0000      516.8468   697657   54.26%
   1310   624      744.7829    75     1130.0000      516.8468   707324   54.26%
   1326   640      844.6713    78     1130.0000      516.8468   720216   54.26%
   1338   650     1040.5373    93     1130.0000      516.8468   733106   54.26%
   1380   691     1041.0000    80     1130.0000      516.8468   738695   54.26%
Elapsed time = 70.32 sec. (91100.35 ticks, tree = 1.83 MB, solutions = 6)
   1445   746     1042.5410    63     1130.0000      516.8468   755101   54.26%
   1482   777      523.1341   183     1130.0000      516.8507   775989   54.26%
   1499   794      564.8182   149     1130.0000      516.8507   785955   54.26%
   1513   808      795.4422   107     1130.0000      516.8507   798731   54.26%
   1528   818     1040.5373    79     1130.0000      516.8507   809650   54.26%
   1587   874     1051.0000    80     1130.0000      516.8507   817836   54.26%
   1672   952     1052.0000    81     1130.0000      516.8507   828270   54.26%
   1681   961      523.2419   186     1130.0000      518.0000   833611   54.16%
   1708   988      631.3041   134     1130.0000      518.0000   849426   54.16%
   1731  1010     1019.0000   103     1130.0000      518.0000   860084   54.16%
Elapsed time = 78.72 sec. (100959.50 ticks, tree = 2.56 MB, solutions = 6)
   1842  1121     1019.0000    82     1130.0000      518.0000   869412   54.16%
   1880  1158      521.2003   210     1130.0000      518.0000   879113   54.16%
   1895  1173      548.8603   171     1130.0000      518.0000   892075   54.16%
   1911  1189      742.4744    98     1130.0000      518.0000   902273   54.16%
   1929  1206     1029.0000    85     1130.0000      518.0000   914735   54.16%
   2047  1320     1029.0000    56     1130.0000      518.0000   927285   54.16%
   2079  1350      519.7204   220     1130.0000      518.0000   935149   54.16%
   2094  1365      548.8759   191     1130.0000      518.0000   943942   54.16%
   2112  1383      674.0638   141     1130.0000      518.0000   954127   54.16%
   2288  1543      676.6786   105     1130.0000      518.1205   996598   54.15%
Elapsed time = 89.17 sec. (113653.95 ticks, tree = 3.86 MB, solutions = 6)
*  2374+ 1622                         1120.0000      518.1205  1040894   53.74%
*  2374+ 1577                         1100.0000      518.1205  1040894   52.90%
   2393  1596     1038.0000    83     1100.0000      518.1205  1047600   52.90%
*  2474+ 1553                         1090.0000      518.1205  1060711   52.47%
   2510  1590      666.8706   122     1090.0000      518.1252  1097613   52.47%
   2685  1764      579.7864   148     1090.0000      518.4159  1141840   52.44%
   2885  1956      533.0216   190     1090.0000      518.5712  1207176   52.42%
   3086  2149      536.4141   166     1090.0000      518.8046  1262562   52.40%
   3284  2339      528.3730   199     1090.0000      519.0673  1312000   52.38%
   3329  2382      861.4349    89     1090.0000      519.0673  1357390   52.38%
   3487  2527      536.9240   185     1090.0000      519.1297  1400673   52.37%
   3674  2709     1045.0000    75     1090.0000      519.1297  1441215   52.37%
   3842  2874     1008.0000    67     1090.0000      519.2551  1496791   52.36%
Elapsed time = 123.04 sec. (152401.20 ticks, tree = 6.99 MB, solutions = 9)
*  4074+ 2854                         1080.0000      519.4571  1556429   51.90%
   4077  2859      522.4676   182     1080.0000      519.5941  1558770   51.89%
   4282  3055      526.9963   196     1080.0000      519.7204  1610793   51.88%
   4474  3233     1019.0000    55     1080.0000      519.7204  1679367   51.88%
*  4574+ 2376                         1030.0000      519.7991  1722522   49.53%
   4686  2487      535.0632   208     1030.0000      519.8143  1743628   49.53%
   4797  2583      858.3609   109     1030.0000      519.9514  1840249   49.52%
   4876  2658      842.9537    81     1030.0000      520.0625  1923082   49.51%
   5103  2853     1008.0000    49     1030.0000      520.0625  1999852   49.51%
   5210  2937     1007.0000    75     1030.0000      520.1574  2059906   49.50%
   5432  3143      845.0513   106     1030.0000      520.2789  2129150   49.49%
   5490  3196      955.4926   101     1030.0000      520.2863  2191543   49.49%
Elapsed time = 160.35 sec. (192017.30 ticks, tree = 7.66 MB, solutions = 11)
   5793  3485     1023.0000    44     1030.0000      520.2863  2238830   49.49%
   6005  3636     1009.0000    71     1030.0000      520.3081  2330674   49.48%
   6282  3892     1019.0000    66     1030.0000      520.3230  2439624   49.48%
   6505  4097      852.4966    94     1030.0000      520.4988  2530570   49.47%
   6764  4344     1008.0000    74     1030.0000      520.7591  2604466   49.44%
   7080  4649      860.8352   101     1030.0000      520.9289  2689007   49.42%
   7147  4708      656.2547   134     1030.0000      520.9932  2757869   49.42%
   7190  4746      581.6800   138     1030.0000      521.0000  2808248   49.42%
   7242  4782      912.5872   106     1030.0000      521.0007  2857428   49.42%
   7304  4840      997.0000    67     1030.0000      521.0362  2907199   49.41%
Elapsed time = 196.11 sec. (230478.96 ticks, tree = 11.69 MB, solutions = 11)
   7604  5119      798.0562   110     1030.0000      521.1033  2987905   49.41%
   7912  5408     1020.6069    44     1030.0000      521.1033  3035965   49.41%
   8047  5509      902.4847    94     1030.0000      521.1483  3129694   49.40%
   8137  5591      872.3626    90     1030.0000      521.3436  3227130   49.38%
   8310  5753      847.8395    97     1030.0000      521.4996  3295586   49.37%
   8533  5956      944.0000    49     1030.0000      521.8407  3380746   49.34%
   8868  6268    infeasible           1030.0000      521.8407  3468310   49.34%
   8974  6364     1019.0000    80     1030.0000      522.1490  3573636   49.31%
   9306  6646      940.6667    68     1030.0000      522.1945  3672016   49.30%
   9485  6817      754.7940    82     1030.0000      522.4502  3732702   49.28%
Elapsed time = 233.54 sec. (269114.69 ticks, tree = 16.52 MB, solutions = 11)
   9624  6947     1029.0000    48     1030.0000      522.4502  3800045   49.28%
   9688  6994      584.3157   149     1030.0000      522.4583  3843646   49.28%
   9914  7201     1015.0000    55     1030.0000      522.4583  3892501   49.28%
   9988  7267      797.6298    75     1030.0000      522.5977  3968532   49.26%
  10309  7569     1028.4487    19     1030.0000      522.5977  4037271   49.26%
  10652  7875     1025.0000    50     1030.0000      522.7291  4134470   49.25%
  10933  8141     1027.0000    58     1030.0000      522.8448  4230171   49.24%
  11335  8516     1022.2020    29     1030.0000      522.9359  4313184   49.23%
  11686  8843      990.4752    69     1030.0000      523.0000  4430412   49.22%
  11895  9041     1019.0000    42     1030.0000      523.0000  4520391   49.22%
Elapsed time = 288.98 sec. (330188.97 ticks, tree = 22.25 MB, solutions = 11)
  12043  9176      529.8056   206     1030.0000      523.0000  4599744   49.22%
  12128  9254      934.5558   110     1030.0000      523.0375  4666920   49.22%
  12484  9590      927.3333    77     1030.0000      523.1789  4778419   49.21%
  12556  9654      984.0622    80     1030.0000      523.2641  4850050   49.20%
  12659  9750      897.6197   100     1030.0000      523.4943  4923042   49.18%
  12713  9797     1002.0494   126     1030.0000      523.5060  4993355   49.17%
  12884  9956      797.1947    86     1030.0000      523.7481  5068682   49.15%
  13226 10262    infeasible           1030.0000      523.7481  5149761   49.15%
  13441 10457     1019.0000    47     1030.0000      523.7506  5252545   49.15%
  13611 10605     1019.0000    60     1030.0000      523.8193  5388447   49.14%
Elapsed time = 325.79 sec. (368489.57 ticks, tree = 26.10 MB, solutions = 11)
  13861 10842      675.7847   117     1030.0000      524.0000  5472280   49.13%
  13924 10895      631.0053   146     1030.0000      524.1037  5526521   49.12%
  14132 11087      842.9109    86     1030.0000      524.4093  5634184   49.09%
  14504 11440      920.4523   101     1030.0000      524.4188  5748875   49.09%
  14814 11740      879.5521   102     1030.0000      524.5772  5854332   49.07%
  15131 12039      963.5546    84     1030.0000      524.5821  5946005   49.07%
  15443 12331     1018.6461    66     1030.0000      524.6964  6042712   49.06%
  15687 12553      907.7017    84     1030.0000      524.7712  6129237   49.05%
  15974 12827     1023.0000    31     1030.0000      524.7712  6209411   49.05%
  16064 12903      665.8747   119     1030.0000      525.0486  6280367   49.02%
Elapsed time = 364.88 sec. (407089.82 ticks, tree = 31.71 MB, solutions = 11)
  16115 12947      845.5136   105     1030.0000      525.1529  6344738   49.01%
  16413 13231      944.0000    73     1030.0000      525.1554  6419690   49.01%
  16631 13432     1020.9567    25     1030.0000      525.1554  6517894   49.01%
  16908 13694     1023.0000    65     1030.0000      525.1655  6603336   49.01%
  17235 13997     1029.0000    48     1030.0000      525.1788  6704323   49.01%
  17327 14078      860.6142   105     1030.0000      525.3179  6793031   49.00%
  17450 14184      924.5547   109     1030.0000      525.3959  6886572   48.99%
  17806 14509      997.0000    86     1030.0000      525.4756  6999151   48.98%
  18087 14770      642.1223   115     1030.0000      525.5586  7089425   48.97%
  18314 14981      539.5713   165     1030.0000      525.6085  7185418   48.97%
Elapsed time = 404.36 sec. (445486.96 ticks, tree = 36.75 MB, solutions = 11)
  18544 15196     1024.0000    42     1030.0000      525.6085  7299721   48.97%
  18729 15353     1009.0000    52     1030.0000      525.6779  7386982   48.96%
  18895 15504      862.3335    94     1030.0000      525.6779  7467430   48.96%
  19128 15711     1006.4541    85     1030.0000      525.7106  7542426   48.96%
  19334 15898     1007.0000    52     1030.0000      525.7305  7618711   48.96%
  19570 16113      977.9084    84     1030.0000      525.9440  7706014   48.94%
  19634 16173     1019.0000    80     1030.0000      526.0000  7762235   48.93%
  19946 16439      526.0000   221     1030.0000      526.0000  7859144   48.93%
  20029 16512      860.5053   104     1030.0000      526.0415  7919284   48.93%
  20181 16651      998.0000    37     1030.0000      526.0451  8029529   48.93%
Elapsed time = 442.30 sec. (484063.05 ticks, tree = 41.24 MB, solutions = 11)
  20440 16875      997.0000    69     1030.0000      526.2743  8157872   48.91%
  20742 17160     1027.0000   113     1030.0000      526.4044  8263931   48.89%
  20874 17274      852.0964    73     1030.0000      526.6434  8341445   48.87%
  21137 17516      977.6023   102     1030.0000      526.6524  8438454   48.87%
  21239 17606      870.5738   121     1030.0000      526.6834  8536778   48.87%
  21461 17818     1029.0000    42     1030.0000      526.8145  8620973   48.85%
  21850 18165      927.0443   107     1030.0000      526.8718  8726293   48.85%
  21959 18257     1027.0000    54     1030.0000      526.9438  8834986   48.84%
  22241 18524      784.0000    97     1030.0000      527.0835  8934515   48.83%
  22398 18660     1003.0000    64     1030.0000      527.3618  9013165   48.80%
Elapsed time = 483.17 sec. (522437.28 ticks, tree = 46.07 MB, solutions = 11)
  22597 18815      894.0478   105     1030.0000      527.4724  9125727   48.79%
  22774 18973      997.0000    84     1030.0000      527.5538  9187915   48.78%
  23089 19266     1026.4419    83     1030.0000      527.6216  9278499   48.77%
  23360 19519     1010.9645    33     1030.0000      527.6412  9354264   48.77%
  23560 19683      869.2594   109     1030.0000      527.7723  9436779   48.76%
  23837 19931      908.2763   101     1030.0000      527.7812  9524095   48.76%
  24169 20244      907.5036    71     1030.0000      527.8124  9633460   48.76%
  24511 20554      958.0000    95     1030.0000      528.1182  9741588   48.73%
  24641 20670      838.7238   122     1030.0000      528.3345  9832108   48.71%
  24950 20958      925.0000   101     1030.0000      528.3413  9936527   48.70%
Elapsed time = 521.78 sec. (560833.38 ticks, tree = 51.71 MB, solutions = 11)
  25274 21253      700.0960   149     1030.0000      528.3804 10029631   48.70%
  25423 21370      613.0000   117     1030.0000      528.7527 10123172   48.66%
  25730 21647      852.8026   108     1030.0000      528.9675 10208869   48.64%
  25956 21852      535.5522   171     1030.0000      529.0000 10284975   48.64%
  26048 21935      725.6868   103     1030.0000      529.0025 10362585   48.64%
  26274 22143     1013.0000    33     1030.0000      529.0379 10454928   48.64%
  26464 22304      901.5000    95     1030.0000      529.4900 10558626   48.59%
  26596 22418     1011.0000    63     1030.0000      529.5659 10640495   48.59%
  26901 22697      996.1562    47     1030.0000      529.5787 10713865   48.58%
  27205 22975      932.4847   105     1030.0000      529.5789 10786297   48.58%
Elapsed time = 560.30 sec. (599950.45 ticks, tree = 56.59 MB, solutions = 11)
  27274 23039      997.0000    62     1030.0000      529.6070 10857859   48.58%
  27582 23328      999.0000    56     1030.0000      529.6644 10936799   48.58%
  27730 23448      957.4975    87     1030.0000      529.7641 11013237   48.57%
  27900 23602      798.7115   115     1030.0000      529.8380 11080667   48.56%
  28240 23915      982.0000    95     1030.0000      529.8877 11172519   48.55%
  28287 23957      851.4345   102     1030.0000      530.0017 11228459   48.54%
  28625 24259     1006.1265   113     1030.0000      530.0340 11315016   48.54%
  28772 24389    infeasible           1030.0000      530.0755 11385315   48.54%
  29030 24629      924.7355    97     1030.0000      530.2144 11485612   48.52%
  29323 24900      828.1609   107     1030.0000      530.3103 11560310   48.51%
Elapsed time = 597.53 sec. (638910.87 ticks, tree = 61.32 MB, solutions = 11)

Clique cuts applied:  1
Cover cuts applied:  1
Implied bound cuts applied:  145
Flow cuts applied:  233
Mixed integer rounding cuts applied:  76
Zero-half cuts applied:  4

Root node processing (before b&c):
  Real time             =    3.73 sec. (5313.56 ticks)
Sequential b&c:
  Real time             =  596.27 sec. (636080.77 ticks)
                          ------------
Total (root+branch&cut) =  600.00 sec. (641394.33 ticks)
