Tried aggregator 2 times.
MIP Presolve eliminated 3799 rows and 1600 columns.
MIP Presolve modified 458 coefficients.
Aggregator did 55 substitutions.
Reduced MIP has 3352 rows, 5726 columns, and 21262 nonzeros.
Reduced MIP has 3174 binaries, 2 generals, 0 SOSs, and 0 indicators.
Presolve time = 0.03 sec. (25.30 ticks)
Found incumbent of value 7100.000000 after 0.07 sec. (66.06 ticks)
Probing time = 0.01 sec. (4.82 ticks)
Tried aggregator 1 time.
Reduced MIP has 3352 rows, 5726 columns, and 21262 nonzeros.
Reduced MIP has 3174 binaries, 21 generals, 0 SOSs, and 0 indicators.
Presolve time = 0.01 sec. (11.61 ticks)
Probing time = 0.01 sec. (4.64 ticks)
Clique table members: 8761.
MIP emphasis: balance optimality and feasibility.
MIP search method: dynamic search.
Parallel mode: none, using 1 thread.
Root relaxation solution time = 0.17 sec. (246.45 ticks)

        Nodes                                         Cuts/
   Node  Left     Objective  IInf  Best Integer    Best Bound    ItCnt     Gap

*     0+    0                         7100.0000        0.0000     2023  100.00%
      0     0       93.8444   373     7100.0000       93.8444     2023   98.68%
      0     0       95.9735   314     7100.0000      Cuts: 57     2708   98.65%
      0     0      180.7747   298     7100.0000     Cuts: 139     4103   97.45%
      0     0      182.8469   293     7100.0000     Cuts: 134     4536   97.42%
      0     0      183.2684   296     7100.0000      Cuts: 91     4820   97.42%
      0     0      183.5377   286     7100.0000      Cuts: 80     5071   97.41%
      0     0      183.7270   313     7100.0000      Cuts: 77     5256   97.41%
      0     0      183.8321   311     7100.0000      Cuts: 77     5491   97.41%
      0     0      183.9076   319     7100.0000      Cuts: 74     5665   97.41%
      0     0      183.9198   328     7100.0000      Cuts: 44     5789   97.41%
      0     0      183.9438   323     7100.0000      Cuts: 48     5915   97.41%
      0     0      183.9472   326     7100.0000      Cuts: 48     6010   97.41%
      0     2      183.9472   314     7100.0000      183.9494     6010   97.41%
Elapsed time = 3.45 sec. (4513.32 ticks, tree = 0.00 MB, solutions = 1)
     13    15      184.6834   280     7100.0000      184.6834     7212   97.40%
     42    44      184.6834   270     7100.0000      184.6834     8375   97.40%
     60    62      184.6834   268     7100.0000      184.6834     9789   97.40%
     67    69      184.7833   284     7100.0000      184.6834    12358   97.40%
     74    76      186.5044   275     7100.0000      184.6834    13042   97.40%
     85    87      186.5044   263     7100.0000      184.6834    14175   97.40%
     90    92      184.6834   273     7100.0000      184.6834    14803   97.40%
    113   115      184.6834   265     7100.0000      184.6834    16330   97.40%
    137   139      186.6908   269     7100.0000      184.6834    17953   97.40%
    219   221      270.0000   255     7100.0000      184.6834    25039   97.40%
Elapsed time = 5.88 sec. (7936.17 ticks, tree = 1.04 MB, solutions = 1)
    225   227      220.0000   257     7100.0000      184.6834    32092   97.40%
    239   241      240.0000   240     7100.0000      184.6834    41908   97.40%
    241   243      390.0000   173     7100.0000      184.6834    55219   97.40%
    256   258      340.0000   195     7100.0000      184.6834    64077   97.40%
    262   264      320.0000   216     7100.0000      184.6834    68245   97.40%
    275   277      270.0000   224     7100.0000      184.6834    76226   97.40%
    320   322      188.9007   257     7100.0000      184.6834    83095   97.40%
    352   354      290.0000   222     7100.0000      184.6834    90289   97.40%
    365   367      480.0000   184     7100.0000      184.6834   100072   97.40%
    387   389      480.0000   183     7100.0000      184.6834   108696   97.40%
Elapsed time = 15.84 sec. (20066.81 ticks, tree = 1.57 MB, solutions = 1)
    408   410      550.0000   159     7100.0000      184.6834   116233   97.40%
*   420+  420                         2330.0000      184.6834   120655   92.07%
    423   425      450.0000   170     2330.0000      184.6834   121584   92.07%
    450   452      530.0000   111     2330.0000      184.6834   126972   92.07%
*   530+  353                         2180.0000      256.0910   142444   88.25%
*   530+  234                         1920.0000      256.0910   142444   86.66%
*   530+  156                         1540.0000      256.0910   142444   83.37%
*   530+  104                         1430.0000      256.0910   142444   82.09%
*   530+   69                         1340.0000      504.0660   168617   62.38%
    530    70      505.0000   285     1340.0000      505.0000   168617   62.31%
    531    70      506.0000   269     1340.0000      505.0000   171084   62.31%
    536    73      508.0000   286     1340.0000      505.0000   172776   62.31%
    542    74      510.7188   264     1340.0000      505.0000   175534   62.31%
    545    74      515.1701   254     1340.0000      505.0000   178171   62.31%
    551    72      518.7775   250     1340.0000      505.0000   181786   62.31%
    560    73      524.0000   238     1340.0000      505.0000   183746   62.31%
Elapsed time = 39.18 sec. (49943.89 ticks, tree = 0.26 MB, solutions = 7)
    570    71      529.5766   216     1340.0000      505.0000   185939   62.31%
    575    69      571.3799   196     1340.0000      505.0000   190375   62.31%
    580    68      536.0000   199     1340.0000      505.0000   191261   62.31%
    591    68      577.1782   186     1340.0000      505.0000   197415   62.31%
    600    72      546.0000   188     1340.0000      505.0000   201300   62.31%
    620    78      550.2816   169     1340.0000      505.0000   209346   62.31%
    645    77      563.0014   139     1340.0000      505.0000   220614   62.31%
    665    80      575.0000   153     1340.0000      505.0000   228787   62.31%
    681    84      627.8616   114     1340.0000      505.0000   239449   62.31%
    695    88      684.2886   110     1340.0000      505.0000   247790   62.31%
Elapsed time = 48.72 sec. (62537.19 ticks, tree = 1.08 MB, solutions = 7)
    710    97      705.0000   113     1340.0000      505.0000   257541   62.31%
    734   112      840.9058    92     1340.0000      505.0000   269707   62.31%
    765   136     1038.0000    85     1340.0000      505.0000   279054   62.31%
    800   168     1044.0000    56     1340.0000      505.0000   286946   62.31%
    840   200     1044.0000    48     1340.0000      505.0000   297611   62.31%
    878   231     1191.7568    12     1340.0000      505.0000   313651   62.31%
    911   252     1182.2886    24     1340.0000      505.0000   340181   62.31%
*   956+  268                         1330.0000      505.0000   369185   62.03%
    956   270      505.1696   269     1330.0000      505.1696   369185   62.02%
    967   281      518.3474   266     1330.0000      505.1696   369897   62.02%
    975   289      543.5939   238     1330.0000      505.1696   374381   62.02%
Elapsed time = 56.82 sec. (73070.95 ticks, tree = 8.62 MB, solutions = 8)
    983   296      586.0427   219     1330.0000      505.1696   384524   62.02%
    987   298      590.0198   234     1330.0000      505.1696   390520   62.02%
    991   299      705.8051   190     1330.0000      505.1696   397650   62.02%
    995   302      600.2218   243     1330.0000      505.1696   402665   62.02%
   1001   305      663.7947   246     1330.0000      505.1696   408950   62.02%
   1004   306      664.1532   237     1330.0000      505.1696   413587   62.02%
   1006   307      818.3343   216     1330.0000      505.1696   419434   62.02%
   1012   309      830.4672   219     1330.0000      505.1696   429481   62.02%
   1018   311      671.6284   239     1330.0000      505.1696   437155   62.02%
   1021   312      838.7814   210     1330.0000      505.1696   444619   62.02%
Elapsed time = 66.44 sec. (85501.89 ticks, tree = 9.62 MB, solutions = 8)
   1026   314      829.3801   216     1330.0000      505.1696   452069   62.02%
   1031   316      740.0000   222     1330.0000      505.1696   457207   62.02%
   1039   318      808.8775   202     1330.0000      505.1696   464524   62.02%
   1054   325      952.6966   160     1330.0000      505.1696   472642   62.02%
   1076   340      942.0000   164     1330.0000      505.1696   480662   62.02%
   1107   360      953.6548   133     1330.0000      505.1696   486431   62.02%
   1142   383      982.5761   120     1330.0000      505.1696   492264   62.02%
   1174   403     1110.5295   104     1330.0000      505.1696   498982   62.02%
   1211   438     1117.0000    78     1330.0000      505.1696   501487   62.02%
   1250   477     1117.0000    79     1330.0000      505.1696   505316   62.02%
Elapsed time = 74.43 sec. (95582.19 ticks, tree = 15.68 MB, solutions = 8)
   1299   522     1120.1688    60     1330.0000      505.1696   515599   62.02%
   1330   543     1120.1688    42     1330.0000      505.1696   532611   62.02%
   1377   585     1120.2589    28     1330.0000      505.1696   557151   62.02%
   1414   616     1120.3998    28     1330.0000      505.1696   581508   62.02%
   1458   647      505.1868   277     1330.0000      505.1868   605524   62.02%
   1461   650      683.4784   181     1330.0000      506.0000   609845   61.95%
   1467   656      683.8822   192     1330.0000      506.0000   618873   61.95%
   1473   662      694.2463   229     1330.0000      506.0000   627731   61.95%
   1480   667      700.6750   197     1330.0000      506.0000   637722   61.95%
   1487   672      700.6750   201     1330.0000      506.0000   644786   61.95%
Elapsed time = 82.39 sec. (105761.93 ticks, tree = 21.88 MB, solutions = 8)
   1495   678      707.3194   190     1330.0000      506.0000   650651   61.95%
   1504   684      870.3935   176     1330.0000      506.0000   658062   61.95%
   1511   689      737.7831   204     1330.0000      506.0000   668428   61.95%
   1516   692      798.2821   187     1330.0000      506.0000   678680   61.95%
   1525   696      875.0284   148     1330.0000      506.0000   687004   61.95%
   1530   698      989.3804   128     1330.0000      506.0000   691962   61.95%
   1536   704      513.9716   271     1330.0000      506.3812   698496   61.93%
   1543   711      525.8524   268     1330.0000      506.3812   702036   61.93%
   1552   720      549.5177   253     1330.0000      506.3812   706615   61.93%
   1559   727      579.8649   227     1330.0000      506.3812   709906   61.93%
Elapsed time = 90.68 sec. (116388.12 ticks, tree = 24.55 MB, solutions = 8)
   1567   735      646.8722   212     1330.0000      506.3812   714489   61.93%
   1576   744      894.2354   137     1330.0000      506.3812   720539   61.93%
   1601   762     1047.0000   121     1330.0000      506.3812   727337   61.93%
   1633   784     1158.1215    90     1330.0000      506.3812   734185   61.93%
   1650   799     1161.0000    69     1330.0000      506.3812   736071   61.93%
   1706   854     1191.0000    76     1330.0000      506.3812   738803   61.93%
   1735   882      510.3785   283     1330.0000      506.4001   744968   61.92%
   1749   896      539.6726   258     1330.0000      506.4001   751629   61.92%
   1756   903      689.7396   198     1330.0000      506.4001   760698   61.92%
   1809   944     1085.0000    78     1330.0000      506.4001   807977   61.92%
Elapsed time = 100.99 sec. (129281.08 ticks, tree = 32.70 MB, solutions = 8)
   1959  1091      582.9469   253     1330.0000      506.4001   834687   61.92%
   2034  1149     1047.0830    80     1330.0000      506.4001   865591   61.92%
   2155  1269      706.8708   201     1330.0000      506.4007   899516   61.92%
   2283  1385     1078.0000    48     1330.0000      506.4007   946173   61.92%
   2350  1451      526.4822   284     1330.0000      506.4007   976165   61.92%
   2377  1476      596.0346   247     1330.0000      506.4007  1002218   61.92%
   2415  1500      846.2215   157     1330.0000      506.4007  1032923   61.92%
   2507  1552      962.9732    96     1330.0000      506.4007  1072789   61.92%
*  2530+ 1547                         1230.0000      506.4007  1080929   58.83%
*  2530+ 1449                         1170.0000      506.4007  1080929   56.72%
*  2530+ 1355                         1130.0000      506.4007  1080929   55.19%
   2558  1384      582.3019   246     1130.0000      506.4308  1093823   55.18%
   2690  1499     1055.0000    78     1130.0000      506.4308  1118071   55.18%
Elapsed time = 132.56 sec. (168289.72 ticks, tree = 48.03 MB, solutions = 11)
   2767  1576      725.5367   210     1130.0000      506.4633  1155241   55.18%
   2929  1713     1079.0000    64     1130.0000      506.4633  1182729   55.18%
   2981  1763      992.0000   142     1130.0000      506.4735  1209391   55.18%
   3150  1913      699.7004   206     1130.0000      507.1402  1251246   55.12%
   3260  2011     1057.0000    69     1130.0000      507.1402  1297973   55.12%
   3360  2111      549.0564   210     1130.0000      507.6461  1328107   55.08%
   3404  2153      826.1420   126     1130.0000      507.6461  1378241   55.08%
   3531  2262     1059.0000    87     1130.0000      507.6461  1413023   55.08%
   3620  2345     1019.6650   110     1130.0000      507.6461  1455978   55.08%
   3758  2477      583.3201   257     1130.0000      507.6676  1491851   55.07%
Elapsed time = 164.96 sec. (207087.25 ticks, tree = 75.78 MB, solutions = 11)
   3940  2647      632.5882   207     1130.0000      507.6676  1542802   55.07%
   3964  2670      883.9931   175     1130.0000      507.6676  1579493   55.07%
   4020  2708     1048.0163    90     1130.0000      507.6676  1608629   55.07%
   4147  2828      536.7034   292     1130.0000      507.6679  1635326   55.07%
   4210  2882     1020.0000   130     1130.0000      507.6679  1663659   55.07%
   4345  3003      638.6359   220     1130.0000      507.6731  1700297   55.07%
   4375  3033      830.5236   189     1130.0000      507.6731  1741813   55.07%
   4472  3095     1042.0000    76     1130.0000      507.6731  1787744   55.07%
   4553  3171      558.3873   280     1130.0000      507.6744  1810895   55.07%
   4668  3273     1069.0000    86     1130.0000      507.6744  1845371   55.07%
Elapsed time = 197.56 sec. (246169.92 ticks, tree = 96.65 MB, solutions = 11)
   4761  3366      657.7591   213     1130.0000      507.6994  1888146   55.07%
   4923  3509     1045.0000    65     1130.0000      507.6994  1940183   55.07%
   5000  3580     1019.0000   120     1130.0000      507.7688  1990565   55.06%
   5160  3733      710.2919   197     1130.0000      508.0000  2040165   55.04%
   5333  3887      509.8102   272     1130.0000      508.0000  2080884   55.04%
   5371  3925      598.4153   215     1130.0000      508.0000  2116969   55.04%
   5429  3971     1091.1285    75     1130.0000      508.0000  2164544   55.04%
   5557  4088      584.3432   243     1130.0000      508.0000  2198015   55.04%
   5742  4267      524.4883   272     1130.0000      508.5043  2231114   55.00%
   5817  4333      865.0000   136     1130.0000      508.5043  2263939   55.00%
Elapsed time = 230.45 sec. (284802.53 ticks, tree = 122.61 MB, solutions = 11)
   5945  4448      669.5978   196     1130.0000      508.9681  2303419   54.96%
   5976  4478     1012.4680   142     1130.0000      508.9681  2340354   54.96%
   6132  4611      508.9871   302     1130.0000      508.9683  2373811   54.96%
   6162  4641      710.6964   216     1130.0000      508.9683  2408918   54.96%
   6300  4752     1067.0000    60     1130.0000      508.9683  2444223   54.96%
   6356  4808      637.0437   232     1130.0000      508.9683  2474546   54.96%
   6385  4837      875.5793   195     1130.0000      508.9683  2514465   54.96%
   6536  4960      631.0890   189     1130.0000      508.9925  2565351   54.96%
   6572  4996      894.5535   190     1130.0000      508.9925  2609332   54.96%
   6737  5137      631.2584   181     1130.0000      508.9925  2646375   54.96%
Elapsed time = 263.01 sec. (323455.66 ticks, tree = 144.12 MB, solutions = 11)
   6797  5196     1013.1894   120     1130.0000      508.9925  2695103   54.96%
   6960  5355      612.4147   238     1130.0000      508.9927  2732288   54.96%
   7141  5529      637.2204   210     1130.0000      508.9927  2780546   54.96%
   7221  5604     1035.4693   103     1130.0000      508.9927  2834142   54.96%
   7353  5735      795.2520   158     1130.0000      508.9927  2882185   54.96%
   7387  5769      894.1320   185     1130.0000      508.9927  2934656   54.96%
   7465  5819     1039.0000    97     1130.0000      508.9927  2983911   54.96%
   7550  5896      700.6736   195     1130.0000      509.0247  3024350   54.95%
   7604  5944     1015.1720   128     1130.0000      509.0247  3057886   54.95%
   7752  6084      692.7522   206     1130.0000      509.0250  3090167   54.95%
Elapsed time = 296.48 sec. (362077.12 ticks, tree = 163.68 MB, solutions = 11)
   7858  6183     1073.0000    66     1130.0000      509.0250  3129080   54.95%
   7961  6285      713.9731   216     1130.0000      509.0637  3169625   54.95%
   8102  6403     1045.0000    66     1130.0000      509.0637  3204683   54.95%
   8158  6459      716.5543   218     1130.0000      509.3636  3252866   54.92%
   8254  6540     1047.0000    75     1130.0000      509.3636  3284688   54.92%
   8364  6650      659.1687   220     1130.0000      509.3673  3323538   54.92%
   8461  6726     1056.9555    74     1130.0000      509.3673  3368306   54.92%
   8566  6827      678.2852   204     1130.0000      509.5864  3407172   54.90%
   8739  6988      518.7840   262     1130.0000      509.5864  3444233   54.90%
   8789  7030     1073.0000   130     1130.0000      509.5864  3477829   54.90%
Elapsed time = 329.60 sec. (400667.39 ticks, tree = 186.16 MB, solutions = 11)
   8887  7106      583.4876   236     1130.0000      509.5945  3506757   54.90%
   9075  7283     1107.0000    67     1130.0000      509.5945  3547910   54.90%
   9171  7379      808.3141   151     1130.0000      509.8102  3594868   54.88%
   9338  7529      515.7448   284     1130.0000      509.8102  3633848   54.88%
   9374  7565      637.2382   211     1130.0000      509.8102  3674819   54.88%
   9435  7616     1094.7392   146     1130.0000      509.8102  3717351   54.88%
   9560  7734      676.3383   180     1130.0000      509.8725  3753133   54.88%
   9743  7909      528.4428   273     1130.0000      510.0000  3803866   54.87%
   9832  7986      511.5721   288     1130.0000      510.1327  3846833   54.86%
   9957  8106     1104.1999    60     1130.0000      510.1327  3891259   54.86%
Elapsed time = 362.54 sec. (439987.68 ticks, tree = 207.85 MB, solutions = 11)
  10186  8332     1086.4854   116     1130.0000      510.2287  3935210   54.85%
* 10270+ 8236                         1120.0000      510.2287  3948282   54.44%
* 10270+ 7874                         1110.0000      510.2287  3948282   54.03%
* 10270+ 7385                         1100.0000      510.2287  3948282   53.62%
* 10270+ 6241                         1070.0000      510.2287  3948282   52.32%
  10270  6240     1121.0000    69     1070.0000      510.2287  3948282   52.32%
  10297  6267      593.9216   261     1070.0000      510.3513  3976298   52.30%
  10340  6301      639.9238   203     1070.0000      510.3513  4019210   52.30%
  10390  6347     1013.7161   114     1070.0000      510.3513  4057537   52.30%
  10791  6716      510.3671   311     1070.0000      510.3513  4110875   52.30%
  10831  6755     1051.4137   156     1070.0000      510.3513  4142039   52.30%
  10883  6802     1051.6396   186     1070.0000      510.3513  4177955   52.30%
  10929  6842      709.2452   207     1070.0000      510.3545  4211391   52.30%
  10953  6866      797.0547   176     1070.0000      510.3545  4240347   52.30%
Elapsed time = 416.14 sec. (502464.41 ticks, tree = 177.18 MB, solutions = 15)
  11050  6928    infeasible           1070.0000      510.3545  4283435   52.30%
  11274  7126      795.8002   168     1070.0000      510.3699  4338349   52.30%
  11438  7272     1045.0000    41     1070.0000      510.3699  4375116   52.30%
  11624  7448      685.6083   200     1070.0000      510.3729  4416429   52.30%
  11697  7506      654.4532   214     1070.0000      510.3729  4462094   52.30%
  11800  7595     1047.0000    84     1070.0000      510.3729  4503696   52.30%
  12156  7943      658.5466   190     1070.0000      510.3785  4562114   52.30%
  12336  8108      631.5238   180     1070.0000      510.3785  4623911   52.30%
  12408  8170     1009.9431   143     1070.0000      510.3785  4675303   52.30%
  12561  8313      634.2390   235     1070.0000      510.3785  4709054   52.30%
Elapsed time = 449.08 sec. (540727.60 ticks, tree = 202.07 MB, solutions = 15)
  12685  8428      631.0656   192     1070.0000      510.3787  4751328   52.30%
  12738  8480     1016.0000   109     1070.0000      510.3787  4809699   52.30%
  13095  8825      630.8732   202     1070.0000      510.4118  4852941   52.30%
  13137  8866      994.1023   160     1070.0000      510.4118  4907254   52.30%
  13345  9069      879.2868   166     1070.0000      510.4514  4963183   52.29%
  13378  9099      920.7467   140     1070.0000      510.4514  5004234   52.29%
  13450  9155      993.0257   154     1070.0000      510.4535  5048041   52.29%
  13734  9428      689.4276   184     1070.0000      510.7550  5080491   52.27%
  13832  9519     1044.0664    71     1070.0000      510.7550  5127493   52.27%
  13956  9640      654.1015   215     1070.0000      510.7594  5170090   52.27%
Elapsed time = 483.33 sec. (580066.99 ticks, tree = 206.17 MB, solutions = 15)
  14057  9724     1067.0000    82     1070.0000      510.7594  5211611   52.27%
  14159  9824      652.3543   216     1070.0000      510.9538  5255603   52.25%
  14341  9989      727.9220   160     1070.0000      510.9713  5303497   52.25%
  14392 10034     1017.0000   129     1070.0000      510.9713  5360731   52.25%
  14550 10171      553.1372   251     1070.0000      511.0000  5399123   52.24%
  14617 10233      772.3647   156     1070.0000      511.0174  5440175   52.24%
  14939 10539      522.5824   271     1070.0000      511.0174  5493054   52.24%
  15017 10612      758.0405   160     1070.0000      511.0295  5539018   52.24%
  15069 10658      762.4745   162     1070.0000      511.0438  5604762   52.24%
  15200 10770     1052.0000    73     1070.0000      511.0438  5649976   52.24%
Elapsed time = 517.47 sec. (618564.29 ticks, tree = 209.11 MB, solutions = 15)
  15452 10996      744.8147   157     1070.0000      511.1623  5724912   52.23%
  15650 11191     1049.0000    71     1070.0000      511.1623  5777819   52.23%
  15805 11337      660.2301   175     1070.0000      511.2025  5813676   52.22%
  15920 11440     1050.5293    92     1070.0000      511.2025  5876629   52.22%
  16186 11704     1019.0000   121     1070.0000      511.2726  5921143   52.22%
  16355 11871      676.2874   177     1070.0000      511.2726  5955037   52.22%
  16525 12029      724.8454   157     1070.0000      511.2751  6014101   52.22%
  16530 12034      732.7520   163     1070.0000      511.2751  6022831   52.22%
  16630 12127     1053.0000    72     1070.0000      511.2751  6069544   52.22%
  16785 12279     1017.9146   139     1070.0000      511.2777  6132951   52.22%
Elapsed time = 553.52 sec. (658419.78 ticks, tree = 213.13 MB, solutions = 15)
  16911 12393      883.1542   164     1070.0000      511.2777  6183924   52.22%
  16993 12459      757.4783   158     1070.0000      511.5022  6228180   52.20%
  17054 12507      562.5961   249     1070.0000      511.5721  6257591   52.19%
  17089 12540     1042.1091   112     1070.0000      511.5721  6293939   52.19%
  17330 12767     1069.0000    33     1070.0000      511.5721  6325470   52.19%
  17430 12841      732.0482   152     1070.0000      511.5971  6371185   52.19%
  17530 12926     1047.0000    71     1070.0000      511.5971  6407358   52.19%
  17739 13134     1048.0000    50     1070.0000      511.5971  6426091   52.19%
  17894 13273      776.5404   145     1070.0000      511.6030  6490440   52.19%
  18130 13491     1065.0000    67     1070.0000      511.6030  6520347   52.19%
Elapsed time = 589.06 sec. (699126.53 ticks, tree = 216.23 MB, solutions = 15)
  18252 13601     1045.0000    69     1070.0000      511.6397  6579592   52.18%
  18361 13710      720.6784   195     1070.0000      511.6514  6631379   52.18%

Implied bound cuts applied:  116
Flow cuts applied:  310
Mixed integer rounding cuts applied:  199
Lift and project cuts applied:  21

Root node processing (before b&c):
  Real time             =    3.40 sec. (4464.50 ticks)
Sequential b&c:
  Real time             =  596.60 sec. (706178.89 ticks)
                          ------------
Total (root+branch&cut) =  600.00 sec. (710643.39 ticks)
