Tried aggregator 3 times.
MIP Presolve eliminated 3117 rows and 744 columns.
MIP Presolve modified 519 coefficients.
Aggregator did 61 substitutions.
Reduced MIP has 2912 rows, 5305 columns, and 19275 nonzeros.
Reduced MIP has 2756 binaries, 2 generals, 0 SOSs, and 0 indicators.
Presolve time = 0.03 sec. (29.96 ticks)
Found incumbent of value 6550.000000 after 0.06 sec. (59.40 ticks)
Probing time = 0.01 sec. (4.62 ticks)
Tried aggregator 1 time.
Reduced MIP has 2912 rows, 5305 columns, and 19275 nonzeros.
Reduced MIP has 2756 binaries, 49 generals, 0 SOSs, and 0 indicators.
Presolve time = 0.01 sec. (9.98 ticks)
Probing time = 0.01 sec. (4.40 ticks)
Clique table members: 9010.
MIP emphasis: balance optimality and feasibility.
MIP search method: dynamic search.
Parallel mode: none, using 1 thread.
Root relaxation solution time = 0.08 sec. (131.90 ticks)

        Nodes                                         Cuts/
   Node  Left     Objective  IInf  Best Integer    Best Bound    ItCnt     Gap

*     0+    0                         6550.0000        0.0000     1151  100.00%
      0     0      131.0003   248     6550.0000      131.0003     1151   98.00%
      0     0      132.0000   216     6550.0000      Cuts: 12     1578   97.98%
      0     0      236.1523   233     6550.0000     Cuts: 103     2853   96.39%
      0     0      255.1147   205     6550.0000      Cuts: 52     4329   96.11%
      0     0      255.1147   199     6550.0000      Cuts: 46     4459   96.11%
      0     0      255.1147   190     6550.0000      Cuts: 43     4551   96.11%
      0     0      255.1147   183     6550.0000      Cuts: 40     4616   96.11%
      0     0      255.1147   178     6550.0000      Cuts: 44     4678   96.11%
      0     0      255.1147   176     6550.0000       Cuts: 8     4821   96.11%
*     0+    0                         4230.0000      255.1147     4821   93.97%
*     0+    0                         4060.0000      255.1147     4821   93.72%
*     0+    0                         4020.0000      255.1147     4821   93.65%
*     0+    0                         3390.0000      255.1147     4821   92.47%
      0     2      255.1147   174     3390.0000      255.1147     4821   92.47%
Elapsed time = 2.69 sec. (3973.23 ticks, tree = 0.00 MB, solutions = 5)
     24    26      257.6249   173     3390.0000      255.1147     6259   92.47%
     50    52      257.6249   175     3390.0000      255.1147     7187   92.47%
     75    77      257.6418   172     3390.0000      255.1147     8583   92.47%
     96    98      257.9360   194     3390.0000      255.1147    10220   92.47%
    111   113      257.9360   175     3390.0000      255.1147    11992   92.47%
    123   125      257.9360   171     3390.0000      255.1147    12884   92.47%
    145   147      257.9359   199     3390.0000      255.1147    15538   92.47%
    160   162      255.2518   170     3390.0000      255.1147    16774   92.47%
    195   197      257.9040   177     3390.0000      255.1147    18596   92.47%
    228   230      257.7682   168     3390.0000      255.1147    24593   92.47%
Elapsed time = 5.10 sec. (7697.94 ticks, tree = 2.91 MB, solutions = 5)
    266   268      257.9359   195     3390.0000      255.1147    30653   92.47%
    356   358      257.9359   179     3390.0000      255.1147    38813   92.47%
    399   401      257.9359   187     3390.0000      255.1147    44241   92.47%
    453   455      257.9359   190     3390.0000      255.1147    52729   92.47%
    480   482      255.2518   165     3390.0000      255.1147    58514   92.47%
*   506+  506                         2980.0000      255.1147    63768   91.44%
*   506+  506                         2930.0000      255.1147    63768   91.29%
*   506+  506                         2380.0000      255.1147    63768   89.28%
    506   508      255.2518   166     2380.0000      255.1147    63768   89.28%
*   508+  338                         2270.0000      776.7800    83863   65.78%
    508   339      777.0000   163     2270.0000      777.0000    83863   65.77%
    514   340      785.0000   209     2270.0000      778.6122    85931   65.70%
    518   342      787.0000   207     2270.0000      778.6122    88300   65.70%
    521   341     1072.1535   164     2270.0000      778.6122    91916   65.70%
Elapsed time = 20.09 sec. (27616.89 ticks, tree = 3.33 MB, solutions = 9)
    524   341     1072.1535   154     2270.0000      778.6122    97454   65.70%
    525   341      791.4056   229     2270.0000      778.6122   101423   65.70%
    530   344      799.2417   229     2270.0000      778.6122   103069   65.70%
    533   346      805.1580   225     2270.0000      778.6122   105731   65.70%
    537   348     1129.8523   152     2270.0000      778.6122   108721   65.70%
    540   350     1207.8845   146     2270.0000      778.6122   109549   65.70%
    545   352     1319.2978   158     2270.0000      778.6122   111259   65.70%
    549   356     1319.4250   170     2270.0000      778.6122   113745   65.70%
    555   358     1319.2978   147     2270.0000      778.6122   116593   65.70%
    560   360      882.2138   154     2270.0000      778.6122   119188   65.70%
Elapsed time = 27.85 sec. (38355.82 ticks, tree = 3.65 MB, solutions = 9)
    568   360      923.3056   154     2270.0000      778.6122   124919   65.70%
    579   361     1792.0000   150     2270.0000      778.6122   130437   65.70%
    594   362     1793.8378   159     2270.0000      778.6122   136303   65.70%
    608   363     1436.0000   173     2270.0000      778.6122   139136   65.70%
    635   367     2185.0000   118     2270.0000      778.6122   143021   65.70%
    648   372     2185.0000   114     2270.0000      778.6122   143648   65.70%
    688   393     2190.0000   113     2270.0000      778.6122   147060   65.70%
    708   406     2190.0000    86     2270.0000      778.6122   149197   65.70%
    774   438     2190.0000    74     2270.0000      778.6122   167806   65.70%
    848   456     2197.0000    29     2270.0000      778.6122   193526   65.70%
Elapsed time = 37.29 sec. (50087.27 ticks, tree = 2.90 MB, solutions = 9)
*   874+  403                         2260.0000      778.6122   207908   65.55%
    884   410     1072.1535   149     2260.0000      784.0263   211080   65.31%
    901   420     1208.5580   164     2260.0000      784.0263   220281   65.31%
    908   423     1492.0000   170     2260.0000      784.0263   222040   65.31%
    930   428     2184.1506   161     2260.0000      784.0263   228967   65.31%
    980   459     2185.0000    97     2260.0000      784.0263   234005   65.31%
   1062   505     2187.0000    77     2260.0000      784.0263   240680   65.31%
   1168   564     2193.3333    14     2260.0000      784.0263   273318   65.31%
*  1206   591      integral     0     2230.0000      784.0263   300203   64.84%
   1230   613     1129.8523   136     2230.0000      785.0000   310069   64.80%
   1246   629     1136.2094   151     2230.0000      785.0000   317501   64.80%
Elapsed time = 45.34 sec. (60284.20 ticks, tree = 2.00 MB, solutions = 11)
   1310   692      786.7652   180     2230.0000      786.7870   322190   64.72%
   1332   714      847.3729   178     2230.0000      789.0531   337288   64.62%
   1350   732     1061.1365   155     2230.0000      789.0531   347398   64.62%
   1363   745     1810.0057   157     2230.0000      789.0531   357590   64.62%
   1410   790     2184.0000   101     2230.0000      789.0531   365914   64.62%
   1521   901     1792.0000   129     2230.0000      790.0000   377258   64.57%
   1543   923     2086.1052   149     2230.0000      790.0000   386970   64.57%
   1603   981     2184.0000   146     2230.0000      790.0000   394827   64.57%
   1711  1087      791.4017   199     2230.0000      790.0000   403356   64.57%
   1726  1102      847.3432   183     2230.0000      790.0000   413498   64.57%
Elapsed time = 53.24 sec. (70215.11 ticks, tree = 3.13 MB, solutions = 11)
   1748  1124     1435.8029   155     2230.0000      790.0000   421360   64.57%
   1891  1265     2190.0000    48     2230.0000      790.0000   431092   64.57%
   1936  1310     1795.4069   154     2230.0000      791.4016   443883   64.51%
   2030  1403     2186.0000   130     2230.0000      791.4016   452104   64.51%
   2121  1492     1792.0000   141     2230.0000      791.4017   463056   64.51%
   2144  1515     1797.7863   165     2230.0000      791.4017   472187   64.51%
   2289  1659     2188.0000   109     2230.0000      791.4017   480028   64.51%
   2355  1723     2185.0000   105     2230.0000      792.0000   490137   64.48%
   2450  1815     2188.0000    71     2230.0000      792.0000   505188   64.48%
   2497  1857     2188.0000    44     2230.0000      792.0000   525988   64.48%
Elapsed time = 61.46 sec. (79943.50 ticks, tree = 5.05 MB, solutions = 11)
   2523  1878     1792.0000   131     2230.0000      793.8908   538723   64.40%
   2542  1897     1795.4069   181     2230.0000      793.8908   547227   64.40%
   2558  1912     2185.0000   127     2230.0000      793.8908   552308   64.40%
   2625  1979     2185.0000   136     2230.0000      793.8908   554606   64.40%
   2729  2082     1792.0000   120     2230.0000      793.8909   565388   64.40%
   2749  2101     2185.2621   142     2230.0000      793.8909   574364   64.40%
   2910  2261     1792.0000   128     2230.0000      794.0000   582085   64.39%
   2946  2297     1798.2120   145     2230.0000      794.0000   594379   64.39%
   3082  2432     2187.0000    88     2230.0000      794.0000   600802   64.39%
   3129  2478     1793.8378   170     2230.0000      796.4958   611591   64.28%
Elapsed time = 69.65 sec. (89711.79 ticks, tree = 6.61 MB, solutions = 11)
   3144  2493     1793.8378   180     2230.0000      796.4958   619132   64.28%
   3252  2600     2184.0000   111     2230.0000      796.4958   627417   64.28%
   3348  2694     2184.0000   107     2230.0000      796.5016   638816   64.28%
   3453  2796     2184.0000    78     2230.0000      796.5016   648960   64.28%
   3537  2880     1795.4069   159     2230.0000      799.2417   666119   64.16%
   3590  2932     2186.0000   125     2230.0000      799.2417   672786   64.16%
   3708  3049     2191.0000   104     2230.0000      799.2417   679611   64.16%
   3743  3084     1798.5143   186     2230.0000      799.2431   693854   64.16%
   3808  3148     2185.0000   144     2230.0000      799.2431   698457   64.16%
   3934  3273     2184.0000   119     2230.0000      799.2554   709402   64.16%
Elapsed time = 78.54 sec. (99944.68 ticks, tree = 8.57 MB, solutions = 11)
   4099  3437     2188.0000    93     2230.0000      799.2554   719179   64.16%
   4143  3481     1792.6759   145     2230.0000      802.1313   730201   64.03%
   4299  3635     2187.0000    70     2230.0000      802.1313   738820   64.03%
   4334  3669     2085.7908   141     2230.0000      805.1461   749484   63.89%
   4349  3684     2095.0355   120     2230.0000      805.1461   759638   63.89%
   4465  3799     2184.0000    73     2230.0000      805.1461   768977   63.89%
   4511  3842     1792.0000   117     2230.0000      805.1580   779288   63.89%
   4540  3871     1795.4069   154     2230.0000      805.1580   790908   63.89%
   4667  3997     2185.0000   106     2230.0000      805.1580   799190   63.89%
   4936  4264     1793.8378   150     2230.0000      808.3243   836078   63.75%
Elapsed time = 89.60 sec. (112644.13 ticks, tree = 11.11 MB, solutions = 11)
   5306  4632     2187.0000    86     2230.0000      808.3439   873958   63.75%
   5532  4844     1792.0000   137     2230.0000      811.7532   910501   63.60%
   5745  5056     2184.0000   134     2230.0000      815.2571   935132   63.44%
   6126  5433     1793.8378   135     2230.0000      819.0710   971783   63.27%
   6343  5648     2095.0355   140     2230.0000      819.0877  1007604   63.27%
*  6608+ 5902                         2220.0000      823.0355  1041419   62.93%
   6650  5946     2187.0000    84     2220.0000      823.0355  1043946   62.93%
   6928  6222     2086.5771   149     2220.0000      827.2909  1083925   62.73%
*  7208+ 6496                         2210.0000      827.2980  1114413   62.57%
   7266  6556     2187.0000    70     2210.0000      827.2980  1118879   62.57%
   7510  6791     1792.0000   137     2210.0000      836.6537  1163139   62.14%
   7730  7010     1797.7863   152     2210.0000      836.6653  1193186   62.14%
Elapsed time = 123.31 sec. (151145.91 ticks, tree = 17.65 MB, solutions = 13)
   8118  7394     1792.0000   125     2210.0000      847.3432  1227126   61.66%
   8433  7702     2190.0000    84     2210.0000      852.6496  1264430   61.42%
   8725  7991     1792.0000   105     2210.0000      853.3225  1307549   61.39%
   9131  8392     1797.1940   158     2210.0000      859.7669  1345958   61.10%
   9468  8724     2185.0000   100     2210.0000      866.6076  1378361   60.79%
   9771  9023     2184.0000   133     2210.0000      874.1006  1417206   60.45%
  10125  9376     1793.8378   142     2210.0000      882.2461  1450187   60.08%
* 10408+ 9634                         2200.0000      891.1628  1477537   59.49%
  10521  9747     1793.8378   144     2200.0000      891.1750  1496499   59.49%
  11038 10248     2185.0000   109     2200.0000      900.8796  1555003   59.05%
  11508 10685     2184.0000   127     2200.0000      911.5530  1638425   58.57%
Elapsed time = 157.54 sec. (189757.92 ticks, tree = 26.87 MB, solutions = 14)
  12108 11282     2188.0000   106     2200.0000      923.3590  1691556   58.03%
  12430 11602     2186.9939    73     2200.0000      936.5123  1732312   57.43%
  12774 11943     2185.0000   141     2200.0000      951.2040  1773986   56.76%
  13134 12297     2184.0000   135     2200.0000      967.7072  1812218   56.01%
  13527 12683     2184.0000   138     2200.0000      986.5006  1854713   55.16%
  14008 13160     2185.0000   111     2200.0000     1032.4400  1889954   53.07%
  14459 13604     2186.0000    90     2200.0000     1061.5365  1929066   51.75%
  14877 14012     2186.6667    76     2200.0000     1072.1535  1966602   51.27%
  15200 14332     2185.0000   127     2200.0000     1072.1535  2010459   51.27%
  15546 14671     2184.0000   152     2200.0000     1072.1535  2059063   51.27%
Elapsed time = 191.69 sec. (228630.31 ticks, tree = 36.70 MB, solutions = 14)
  15906 15029     2187.0000   101     2200.0000     1072.1535  2087959   51.27%
  16332 15454     2086.5771   165     2200.0000     1072.1535  2148619   51.27%
  16749 15868     1860.5544   142     2200.0000     1073.0000  2206622   51.23%
  17402 16511     2186.0000    99     2200.0000     1129.8523  2254311   48.64%
  18092 17192     2187.0000    92     2200.0000     1129.8523  2313695   48.64%
  18639 17733     2184.0000   107     2200.0000     1129.8523  2381996   48.64%
  19308 18398     2184.0000   105     2200.0000     1129.8523  2434121   48.64%
  20084 19164     2185.0000   103     2200.0000     1130.3465  2502887   48.62%
  20511 19585     1792.0000   129     2200.0000     1136.2968  2537530   48.35%
  21262 20327     2188.0000   104     2200.0000     1207.8845  2575647   45.10%
Elapsed time = 226.89 sec. (266854.46 ticks, tree = 50.76 MB, solutions = 14)
  21526 20580     2186.0000   152     2200.0000     1319.2978  2628745   40.03%
  22008 21056     2184.0000   118     2200.0000     1319.2978  2658492   40.03%
  22509 21547     2187.0000    65     2200.0000     1319.2978  2700473   40.03%
  23106 22136     2184.0000    99     2200.0000     1319.2978  2737893   40.03%
  23457 22482     2184.0000    91     2200.0000     1319.2978  2778739   40.03%
  23748 22765     2184.0000   126     2200.0000     1319.2978  2817413   40.03%
  24316 23325     2086.0000   132     2200.0000     1319.4250  2852155   40.03%
  24728 23727     1792.0000   107     2200.0000     1319.4250  2890841   40.03%
  25132 24124     1810.0916   166     2200.0000     1319.4250  2926554   40.03%
  25591 24572     2185.0000   155     2200.0000     1319.4250  2966063   40.03%
Elapsed time = 260.61 sec. (305219.94 ticks, tree = 60.76 MB, solutions = 14)
  26124 25100     1792.0000   141     2200.0000     1320.0000  3001908   40.00%
  26723 25691     2186.0000   139     2200.0000     1408.5526  3056149   35.97%
  27308 26273     2188.0000   128     2200.0000     1409.9284  3100170   35.91%
  27764 26728     2184.0000   126     2200.0000     1409.9284  3156247   35.91%
  28408 27372     2184.0000   105     2200.0000     1409.9284  3217173   35.91%
  29023 27985     2184.0000   115     2200.0000     1409.9284  3276604   35.91%
  29665 28625     2185.0000   142     2200.0000     1409.9284  3336528   35.91%
  30144 29102     2086.0000   158     2200.0000     1409.9284  3395194   35.91%
  30746 29698     2086.0145   143     2200.0000     1409.9284  3456633   35.91%
  31318 30268     2088.3931   170     2200.0000     1485.9020  3509644   32.46%
Elapsed time = 297.76 sec. (343985.17 ticks, tree = 74.12 MB, solutions = 14)
  31927 30872     2095.7119   129     2200.0000     1486.5492  3559555   32.43%
  32515 31451     2088.3931   159     2200.0000     1487.2429  3604777   32.40%
  32967 31895     2184.0000   124     2200.0000     1487.2429  3643053   32.40%
  33560 32479     2185.0000   134     2200.0000     1487.2429  3689657   32.40%
  34044 32958     2184.0000   133     2200.0000     1487.2429  3726973   32.40%
  34473 33382     2187.0000    44     2200.0000     1487.2429  3766082   32.40%
  34908 33807     2184.0000   109     2200.0000     1487.5296  3810491   32.39%
  35501 34389     2190.0000    78     2200.0000     1487.5296  3846118   32.39%
  36108 34988     2184.0000   122     2200.0000     1491.3400  3882180   32.21%
  36510 35379     2085.5000   147     2200.0000     1491.3400  3922668   32.21%
Elapsed time = 332.02 sec. (383058.89 ticks, tree = 87.25 MB, solutions = 14)
  37078 35939     2185.0000   119     2200.0000     1491.3400  3962505   32.21%
  37535 36387     2086.0145   134     2200.0000     1491.3400  4007010   32.21%
  38108 36956     2185.0000   117     2200.0000     1491.3400  4043787   32.21%
  38675 37515     2186.0000   118     2200.0000     1491.3400  4092325   32.21%
  39158 37991     2185.0000   138     2200.0000     1491.3400  4121738   32.21%
  39919 38743     2086.0000   150     2200.0000     1491.3400  4176512   32.21%
  40741 39555     2186.0000   146     2200.0000     1491.7794  4232357   32.19%
  41412 40225     2185.0000   107     2200.0000     1492.0000  4268771   32.18%
  42370 41180     2185.0000   116     2200.0000     1492.0000  4325411   32.18%
  43308 42118     2188.0000   111     2200.0000     1492.0000  4375872   32.18%
Elapsed time = 367.60 sec. (422390.70 ticks, tree = 103.33 MB, solutions = 14)
  43931 42739     2185.0000   145     2200.0000     1583.0747  4417930   28.04%
  44715 43517     2086.0000   132     2200.0000     1704.9814  4471430   22.50%
  45708 44502     2187.0000   106     2200.0000     1705.8145  4527422   22.46%
  47020 45812     2185.0000   137     2200.0000     1705.8145  4583087   22.46%
  48026 46814     2185.0000   117     2200.0000     1705.8145  4635539   22.46%
  48908 47692     2187.0000   108     2200.0000     1705.8145  4675972   22.46%
  49851 48632     2184.0000   123     2200.0000     1792.0000  4738083   18.55%
  50459 49229     2187.1241    69     2200.0000     1792.0000  4792711   18.55%
  50908 49668     2185.0000   108     2200.0000     1792.0000  4821941   18.55%
  51508 50260     2186.6667    97     2200.0000     1792.0000  4869763   18.55%
Elapsed time = 403.74 sec. (461351.02 ticks, tree = 122.67 MB, solutions = 14)
  52108 50855     2187.0000   114     2200.0000     1792.0000  4912937   18.55%
  52534 51275     2183.6267   141     2200.0000     1792.0000  4962139   18.55%
  53272 52010     2185.0000   138     2200.0000     1792.0000  4998195   18.55%
  53873 52606     2185.0000   112     2200.0000     1792.0000  5037984   18.55%
  54532 53253     2087.0000   148     2200.0000     1792.0000  5081155   18.55%
  54955 53670     2185.0000   131     2200.0000     1792.0000  5117555   18.55%
  55481 54189     2196.6667    84     2200.0000     1792.0000  5155527   18.55%
  56108 54810     2188.0000    87     2200.0000     1792.0000  5200544   18.55%
  56551 55244     2095.7119   158     2200.0000     1792.0000  5242577   18.55%
  57294 55977     2184.0000   113     2200.0000     1792.0000  5280983   18.55%
Elapsed time = 437.92 sec. (499827.98 ticks, tree = 136.12 MB, solutions = 14)
  57802 56477     2185.0000   124     2200.0000     1792.0000  5323608   18.55%
  58440 57109     2186.6836    94     2200.0000     1792.0000  5381814   18.55%
  59262 57924     2184.0000   124     2200.0000     1792.0000  5436025   18.55%
  59743 58401     2095.2316   153     2200.0000     1792.0000  5487386   18.55%
  60725 59376     2086.0000   135     2200.0000     1792.0000  5545669   18.55%
  61521 60168     2184.7379   143     2200.0000     1792.0000  5601491   18.55%
  62310 60957     1792.0000   138     2200.0000     1792.0000  5640901   18.55%
  62924 61564     2086.0000   149     2200.0000     1792.0000  5696269   18.55%
  63452 62087     2185.0000    92     2200.0000     1792.0000  5746403   18.55%
  64314 62936     2086.0000   150     2200.0000     1792.0000  5807418   18.55%
Elapsed time = 473.94 sec. (538115.36 ticks, tree = 152.49 MB, solutions = 14)
  64966 63586     2185.0000   133     2200.0000     1792.0000  5871767   18.55%
  65688 64306     2186.6667   111     2200.0000     1792.0000  5921965   18.55%
  66507 65117     2187.0193    66     2200.0000     1792.0000  5995702   18.55%
  67108 65716     2184.0000   125     2200.0000     1792.0000  6034638   18.55%
  67548 66150     2094.9502   147     2200.0000     1792.0000  6083107   18.55%
  68316 66910     2086.0000   151     2200.0000     1792.0000  6125175   18.55%
  68879 67466     2184.0000   131     2200.0000     1792.0000  6168971   18.55%
  69339 67922     2184.0000   122     2200.0000     1792.0000  6206468   18.55%
  69924 68495     2086.0000   136     2200.0000     1792.0000  6247943   18.55%
  70505 69071     2184.0000    90     2200.0000     1792.0000  6297969   18.55%
Elapsed time = 509.22 sec. (576616.81 ticks, tree = 168.80 MB, solutions = 14)
  70957 69518     2184.0000   117     2200.0000     1792.0000  6332097   18.55%
  71655 70208     2184.0000   125     2200.0000     1792.0000  6380920   18.55%
  72168 70715     2184.0000   119     2200.0000     1792.0000  6427485   18.55%
  72763 71298     2185.0000   128     2200.0000     1792.0000  6475666   18.55%
  73402 71929     2185.0000   116     2200.0000     1792.0000  6516193   18.55%
  73938 72456     1862.0000   150     2200.0000     1792.0000  6560939   18.55%
  74494 72996     2187.0193    95     2200.0000     1792.0000  6601760   18.55%
  75002 73494     2184.0000   124     2200.0000     1792.0000  6642843   18.55%
  75519 74001     2095.2316   146     2200.0000     1792.0000  6688632   18.55%
  76008 74485     2184.0000   127     2200.0000     1792.0000  6717782   18.55%
Elapsed time = 543.55 sec. (614859.13 ticks, tree = 181.48 MB, solutions = 14)
  76495 74967     2187.0000    65     2200.0000     1792.0000  6748236   18.55%
  77261 75729     2184.0000   130     2200.0000     1792.0000  6800365   18.55%
  77630 76094     2184.0000   105     2200.0000     1792.0000  6838643   18.55%
  78121 76583     2086.0145   138     2200.0000     1792.0000  6881858   18.55%
  78860 77319     2184.0000    93     2200.0000     1792.0000  6943142   18.55%
  79536 77989     2094.9502   138     2200.0000     1792.0000  7004019   18.55%
  80339 78785     2086.0145   151     2200.0000     1792.0000  7061122   18.55%
  81113 79551     2086.0000   153     2200.0000     1792.0000  7114657   18.55%
  81833 80265     2185.0000   100     2200.0000     1792.0000  7167421   18.55%
  82608 81036     2184.0000   117     2200.0000     1792.0000  7228602   18.55%
Elapsed time = 579.86 sec. (653350.95 ticks, tree = 196.97 MB, solutions = 14)
  83545 81959     2184.1506   131     2200.0000     1792.0000  7294806   18.55%
  84321 82731     2086.0145   149     2200.0000     1792.0000  7342403   18.55%
  85179 83581     2184.0000   128     2200.0000     1792.0000  7409685   18.55%
  86101 84494     2185.0000   101     2200.0000     1792.0000  7475287   18.55%
  86710 85094     1792.0000   126     2200.0000     1792.0000  7521761   18.55%

Implied bound cuts applied:  91
Flow cuts applied:  321
Mixed integer rounding cuts applied:  93
Lift and project cuts applied:  5

Root node processing (before b&c):
  Real time             =    2.65 sec. (3941.32 ticks)
Sequential b&c:
  Real time             =  597.35 sec. (670873.50 ticks)
                          ------------
Total (root+branch&cut) =  600.00 sec. (674814.83 ticks)
