Tried aggregator 2 times.
MIP Presolve eliminated 2637 rows and 161 columns.
MIP Presolve modified 993 coefficients.
Aggregator did 66 substitutions.
Reduced MIP has 2839 rows, 5218 columns, and 19240 nonzeros.
Reduced MIP has 2667 binaries, 2 generals, 0 SOSs, and 0 indicators.
Presolve time = 0.02 sec. (21.52 ticks)
Found incumbent of value 7300.000000 after 0.05 sec. (51.54 ticks)
Probing fixed 0 vars, tightened 2 bounds.
Probing time = 0.01 sec. (9.81 ticks)
Tried aggregator 2 times.
Aggregator did 4 substitutions.
Reduced MIP has 2835 rows, 5214 columns, and 19232 nonzeros.
Reduced MIP has 2665 binaries, 35 generals, 0 SOSs, and 0 indicators.
Presolve time = 0.01 sec. (13.35 ticks)
Probing fixed 0 vars, tightened 2 bounds.
Probing time = 0.01 sec. (11.20 ticks)
Clique table members: 6763.
MIP emphasis: balance optimality and feasibility.
MIP search method: dynamic search.
Parallel mode: none, using 1 thread.
Root relaxation solution time = 0.14 sec. (224.46 ticks)

        Nodes                                         Cuts/
   Node  Left     Objective  IInf  Best Integer    Best Bound    ItCnt     Gap

*     0+    0                         7300.0000        0.0000     1706  100.00%
      0     0      109.2464   246     7300.0000      109.2464     1706   98.50%
      0     0      112.6192   241     7300.0000      Cuts: 56     3034   98.46%
      0     0      211.9210   232     7300.0000     Cuts: 136     5455   97.10%
      0     0      214.4288   232     7300.0000     Cuts: 123     6755   97.06%
      0     0      214.9975   226     7300.0000      Cuts: 85     7296   97.05%
      0     0      215.0235   241     7300.0000      Cuts: 81     8082   97.05%
      0     0      215.0750   207     7300.0000      Cuts: 63     8592   97.05%
      0     0      215.0838   220     7300.0000      Cuts: 55     8978   97.05%
      0     0      215.1628   210     7300.0000      Cuts: 47     9244   97.05%
      0     0      215.2599   204     7300.0000      Cuts: 37     9409   97.05%
      0     0      215.2844   219     7300.0000      Cuts: 38     9632   97.05%
      0     0      215.3046   212     7300.0000      Cuts: 25     9823   97.05%
      0     2      215.3046   212     7300.0000      215.3046     9823   97.05%
Elapsed time = 3.93 sec. (5691.80 ticks, tree = 0.00 MB, solutions = 1)
      8    10      218.8238   193     7300.0000      216.6985    12273   97.03%
     15    17      216.6985   200     7300.0000      216.6985    14089   97.03%
     18    20      217.6131   191     7300.0000      216.6985    16072   97.03%
     23    25      219.8022   191     7300.0000      216.6985    19957   97.03%
     27    29      219.8208   186     7300.0000      216.6985    24035   97.03%
     30    32      219.8023   195     7300.0000      216.6985    25326   97.03%
     34    36      219.8023   193     7300.0000      216.6985    27360   97.03%
     37    39      217.6131   191     7300.0000      216.6985    29198   97.03%
     42    44      217.6131   198     7300.0000      216.6985    30822   97.03%
     71    73      220.9588   199     7300.0000      216.6985    37836   97.03%
Elapsed time = 6.80 sec. (10390.17 ticks, tree = 1.70 MB, solutions = 1)
     90    92      320.0000   183     7300.0000      216.6985    45372   97.03%
    116   118      227.6121   173     7300.0000      216.6985    50087   97.03%
    150   150      230.8126   191     7300.0000      216.6985    58667   97.03%
    181   181      234.4929   181     7300.0000      216.6985    68125   97.03%
    202   202      237.8075   182     7300.0000      216.6985    78124   97.03%
    236   236     1145.8321    75     7300.0000      216.6985    88246   97.03%
    266   266      264.0809   144     7300.0000      216.6985    98689   97.03%
    297   295      292.0556   134     7300.0000      216.6985   108413   97.03%
    308   306     1155.2378    47     7300.0000      216.6985   119014   97.03%
*   320+  316                         3710.0000      216.6985   121397   94.16%
    344   342     1408.1824    37     3710.0000      216.6985   129159   94.16%
Elapsed time = 13.96 sec. (20245.43 ticks, tree = 2.64 MB, solutions = 2)
*   350+  346                         2630.0000      216.6985   130193   91.76%
    372   370     1429.4418    34     2630.0000      216.6985   138440   91.76%
    411   409     1477.6186    24     2630.0000      216.6985   151894   91.76%
    453   451      967.3741    47     2630.0000      216.6985   161187   91.76%
    498   494     1627.9607    22     2630.0000      216.6985   171014   91.76%
*   515+  499                         2240.0000      216.6985   175343   90.33%
*   515+  495                         1880.0000      216.6985   175343   88.47%
*   515+  495                         1850.0000      216.6985   175343   88.29%
*   515+  486                         1730.0000      216.6985   175343   87.47%
*   515+  485                         1690.0000      216.6985   175343   87.18%
*   515+  485                         1680.0000      216.6985   175343   87.10%
*   515+  479                         1630.0000      216.6985   175343   86.71%
*   515+  463                         1610.0000      216.6985   175343   86.54%
    515   465      219.0032   182     1610.0000      216.6985   175343   86.54%
    533   483      233.7483   183     1610.0000      216.6985   183553   86.54%
    540   490     1141.7069   124     1610.0000      216.6985   192145   86.54%
    553   503     1153.6287   115     1610.0000      216.6985   200635   86.54%
    586   536     1181.1772    90     1610.0000      216.6985   209413   86.54%
*   625+  382                         1570.0000      304.8798   219640   80.58%
    625   383      599.6776   206     1570.0000      599.6776   243524   61.80%
Elapsed time = 33.10 sec. (45491.21 ticks, tree = 2.22 MB, solutions = 12)
    627   384      599.6776   208     1570.0000      600.7750   243729   61.73%
    633   388      605.6947   190     1570.0000      600.7750   243910   61.73%
    640   393      633.2816   137     1570.0000      600.7750   246456   61.73%
    645   396      657.0000   126     1570.0000      600.7750   247212   61.73%
    648   397      667.0000   139     1570.0000      600.7750   252246   61.73%
    649   398      678.3932   136     1570.0000      600.7750   256383   61.73%
    653   401      678.4691   133     1570.0000      600.7750   260931   61.73%
    655   403      678.7879   152     1570.0000      600.7750   262505   61.73%
    661   406      789.9107   127     1570.0000      600.7750   265916   61.73%
    668   408     1204.0000   120     1570.0000      600.7750   267989   61.73%
Elapsed time = 40.35 sec. (56241.19 ticks, tree = 2.47 MB, solutions = 12)
    681   414     1204.0000   118     1570.0000      600.7750   269425   61.73%
    698   422     1204.0000   107     1570.0000      600.7750   271541   61.73%
    705   426     1204.0000   102     1570.0000      600.7750   272104   61.73%
    744   446     1204.0000    82     1570.0000      600.7750   276568   61.73%
    769   463     1204.0000    69     1570.0000      600.7750   285102   61.73%
    790   473     1235.5458    72     1570.0000      600.7750   299199   61.73%
    817   486     1208.9393    57     1570.0000      600.7750   323972   61.73%
    834   493     1214.4225    50     1570.0000      600.7750   335805   61.73%
    862   503     1212.0000    66     1570.0000      600.7750   353092   61.73%
    878   507     1215.0000    48     1570.0000      600.7750   367298   61.73%
Elapsed time = 48.35 sec. (66297.95 ticks, tree = 2.46 MB, solutions = 12)
    896   509     1218.7540    40     1570.0000      600.7750   391374   61.73%
    919   516     1348.2430    36     1570.0000      600.7750   406532   61.73%
    943   521     1230.0712    34     1570.0000      600.7750   425168   61.73%
    976   536     1368.0000    26     1570.0000      600.7750   448939   61.73%
*  1012+  451                         1480.0000      600.7750   472743   59.41%
*  1012+  403                         1470.0000      600.7750   472743   59.13%
   1012   405      600.7750   205     1470.0000      600.7750   472743   59.13%
   1018   408      606.4161   203     1470.0000      600.7750   476680   59.13%
   1023   412      611.7592   206     1470.0000      600.7750   480263   59.13%
   1025   413      611.7602   213     1470.0000      600.7750   481979   59.13%
   1030   416      636.1821   162     1470.0000      600.7750   486595   59.13%
   1037   420      653.1874   155     1470.0000      600.7750   493641   59.13%
Elapsed time = 57.30 sec. (78713.12 ticks, tree = 1.61 MB, solutions = 14)
   1050   424      800.0713   129     1470.0000      600.7750   500756   59.13%
   1074   439      702.0000   132     1470.0000      600.7750   507528   59.13%
   1106   462      724.0000   128     1470.0000      600.7750   515152   59.13%
   1135   470      732.0000   114     1470.0000      600.7750   525396   59.13%
   1145   473      742.4134    95     1470.0000      600.7750   531602   59.13%
   1183   485     1025.0937    69     1470.0000      600.7750   547126   59.13%
   1230   503     1252.0981    70     1470.0000      600.7750   564161   59.13%
   1278   548     1222.0115    45     1470.0000      600.7750   581583   59.13%
   1313   577     1226.0000    55     1470.0000      600.7750   598569   59.13%
   1357   602     1230.4950    29     1470.0000      600.7750   621977   59.13%
Elapsed time = 65.00 sec. (88690.90 ticks, tree = 1.81 MB, solutions = 14)
*  1408   621      integral     0     1410.0000      600.7750   645765   57.39%
   1411   624      600.8673   236     1410.0000      600.9097   649622   57.38%
   1417   630      606.4661   221     1410.0000      600.9097   652823   57.38%
   1425   638      621.3926   208     1410.0000      600.9097   656754   57.38%
   1427   640      601.0612   232     1410.0000      601.0612   660405   57.37%
   1432   645      619.9386   188     1410.0000      601.0612   665409   57.37%
   1441   654     1165.9324   146     1410.0000      601.0612   674304   57.37%
   1458   668     1166.3076   135     1410.0000      601.0612   688126   57.37%
   1485   695     1167.0119   122     1410.0000      601.0612   702717   57.37%
   1507   714     1070.9272   100     1410.0000      601.0612   715488   57.37%
Elapsed time = 72.73 sec. (99208.48 ticks, tree = 2.08 MB, solutions = 15)
*  1508+  700                         1380.0000      601.0612   715561   56.44%
*  1508+  683                         1350.0000      601.0612   715561   55.48%
*  1508+  682                         1330.0000      601.0612   715561   54.81%
*  1508+  681                         1300.0000      601.0612   715561   53.76%
   1511   685     1172.5224   107     1300.0000      601.0612   720432   53.76%
   1544   714     1086.4501   105     1300.0000      601.0612   733387   53.76%
   1562   727     1160.2895    99     1300.0000      601.0612   743301   53.76%
   1598   761     1295.0000    90     1300.0000      601.0612   750057   53.76%
   1625   786     1295.0000    81     1300.0000      601.0612   751965   53.76%
   1632   793      606.7082   234     1300.0000      601.0612   753769   53.76%
   1653   814      648.5866   194     1300.0000      601.0612   763328   53.76%
   1665   826      706.9018   161     1300.0000      601.0612   774462   53.76%
   1684   845      817.9744   135     1300.0000      601.0612   787342   53.76%
   1706   862     1119.4955   139     1300.0000      601.0612   798336   53.76%
Elapsed time = 80.98 sec. (109518.53 ticks, tree = 2.42 MB, solutions = 19)
   1747   900     1130.0000   143     1300.0000      601.0612   802884   53.76%
   1802   949     1235.0000   109     1300.0000      601.0612   809662   53.76%
   1833   970      609.3044   208     1300.0000      601.1281   816152   53.76%
   1876  1013      893.8789   112     1300.0000      601.1281   832922   53.76%
   1905  1040     1179.0000   111     1300.0000      601.1281   838358   53.76%
   1982  1114     1189.0000    96     1300.0000      601.1281   844876   53.76%
   2035  1165      685.5888   160     1300.0000      601.1281   858197   53.76%
   2047  1177      778.5419   147     1300.0000      601.1281   869186   53.76%
   2064  1192     1185.8148   131     1300.0000      601.1281   879693   53.76%
   2106  1223      637.1520   169     1300.0000      601.1493   913872   53.76%
Elapsed time = 91.18 sec. (122237.78 ticks, tree = 3.24 MB, solutions = 19)
   2174  1288     1119.0000    89     1300.0000      601.1493   965230   53.76%
   2375  1480     1193.0000    90     1300.0000      601.1493   994018   53.76%
   2472  1557      626.4059   214     1300.0000      602.1251  1037793   53.68%
   2625  1706     1189.0000   104     1300.0000      602.1251  1071342   53.68%
   2857  1929      687.8092   171     1300.0000      602.1251  1124807   53.68%
   3052  2122      654.9690   180     1300.0000      602.2025  1172551   53.68%
   3267  2326      827.2416   158     1300.0000      602.2605  1222457   53.67%
   3431  2489      742.2441   148     1300.0000      602.2605  1249299   53.67%
   3482  2539     1077.5676   144     1300.0000      602.2605  1288776   53.67%
*  3625+ 2613                         1290.0000      602.2605  1323729   53.31%
*  3625+ 2611                         1280.0000      602.2605  1323729   52.95%
*  3625+ 2606                         1260.0000      602.2605  1323729   52.20%
   3627  2610      602.2939   235     1260.0000      602.2628  1326005   52.20%
Elapsed time = 122.68 sec. (161646.09 ticks, tree = 6.50 MB, solutions = 22)
   3825  2803     1180.0000    94     1260.0000      602.2628  1358577   52.20%
   3950  2924     1157.0000    81     1260.0000      602.3251  1393659   52.20%
   4096  3053     1180.7084   114     1260.0000      602.3477  1451204   52.19%
   4185  3111     1202.7878   125     1260.0000      602.4730  1522459   52.18%
   4282  3194     1164.0000   104     1260.0000      602.5117  1574624   52.18%
   4619  3511     1215.0000    24     1260.0000      602.5117  1636258   52.18%
   4698  3561      602.6443   229     1260.0000      602.5542  1700111   52.18%
   4791  3648     1194.0000   115     1260.0000      602.5542  1724599   52.18%
   5141  3978     1225.0000    59     1260.0000      602.5542  1763302   52.18%
*  5225+ 4028                         1250.0000      602.6443  1799559   51.79%
   5285  4090     1182.0000   109     1250.0000      602.6443  1823731   51.79%
Elapsed time = 155.71 sec. (201626.28 ticks, tree = 9.96 MB, solutions = 23)
   5523  4326     1188.1287    69     1250.0000      603.0125  1863244   51.76%
   5689  4473      609.5490   205     1250.0000      603.3417  1928512   51.73%
   5968  4744     1190.0000    62     1250.0000      603.3417  1977819   51.73%
   6066  4827      605.0408   210     1250.0000      603.5010  2027130   51.72%
   6155  4915     1197.0000   101     1250.0000      603.5010  2059454   51.72%
   6418  5171     1232.9429    59     1250.0000      603.5010  2095140   51.72%
   6474  5224     1148.0000    99     1250.0000      603.5102  2137974   51.72%
   6625  5363     1163.0000    46     1250.0000      603.5102  2187158   51.72%
   6784  5520     1157.0000    95     1250.0000      603.7113  2219740   51.70%
   6917  5647     1152.0000   127     1250.0000      603.7487  2275510   51.70%
Elapsed time = 187.59 sec. (240810.56 ticks, tree = 13.78 MB, solutions = 23)
   7029  5756        cutoff           1250.0000      603.7891  2289155   51.70%
   7113  5834      925.1329   128     1250.0000      603.8465  2351428   51.69%
   7431  6127      879.8469   123     1250.0000      603.8620  2400482   51.69%
   7647  6331      860.8412   117     1250.0000      603.8641  2466440   51.69%
   7876  6550     1159.0000   116     1250.0000      603.8765  2523804   51.69%
   8094  6768     1161.0000   111     1250.0000      603.8806  2583754   51.69%
   8427  7093      603.9097   234     1250.0000      603.9000  2641053   51.69%
   8555  7215     1181.0000    80     1250.0000      603.9000  2687813   51.69%
   8659  7316      746.2208   161     1250.0000      603.9097  2721028   51.69%
   8957  7613     1191.0000    93     1250.0000      603.9101  2784859   51.69%
Elapsed time = 220.84 sec. (279445.51 ticks, tree = 18.41 MB, solutions = 23)
   9087  7736      790.6614   125     1250.0000      603.9139  2850717   51.69%
   9141  7781      793.2422   132     1250.0000      603.9898  2893855   51.68%
   9191  7811      791.2251   131     1250.0000      603.9901  2944315   51.68%
   9234  7849      605.6876   251     1250.0000      604.0572  2990334   51.68%
   9385  7999     1179.0000    93     1250.0000      604.0572  3013319   51.68%
*  9625+ 8206                         1240.0000      604.0572  3053796   51.29%
   9629  8208     1229.3452    30     1240.0000      604.0572  3057150   51.29%
   9717  8289     1189.0000   104     1240.0000      604.3134  3091302   51.27%
   9936  8503     1192.9829    61     1240.0000      604.3134  3114138   51.27%
  10150  8689     1220.7880   135     1240.0000      604.3401  3192394   51.26%
  10227  8741      894.1476   124     1240.0000      604.9764  3276107   51.21%
Elapsed time = 252.63 sec. (317962.24 ticks, tree = 21.23 MB, solutions = 24)
  10548  9053     1190.3889    42     1240.0000      604.9764  3339155   51.21%
  10697  9192     1159.0000    86     1240.0000      604.9880  3408766   51.21%
  11074  9560     1041.4624   131     1240.0000      605.0190  3479138   51.21%
* 11185+ 9129                         1210.0000      605.0190  3487706   50.00%
  11185  9131     1147.0000    88     1210.0000      605.0190  3487706   50.00%
  11219  9165     1148.6194    95     1210.0000      605.0408  3525484   50.00%
* 11285+ 8572                         1200.0000      605.0408  3551699   49.58%
  11409  8687     1153.1133    56     1200.0000      605.0408  3606687   49.58%
  11625  8890      708.1473   140     1200.0000      605.0729  3715921   49.58%
  11862  9125      756.9995   123     1200.0000      605.0917  3760770   49.58%
  12061  9310      726.5206   144     1200.0000      605.1290  3800128   49.57%
  12253  9495      861.6979   126     1200.0000      605.1420  3850745   49.57%
Elapsed time = 300.35 sec. (373147.56 ticks, tree = 22.89 MB, solutions = 26)
  12470  9701     1154.1566    89     1200.0000      605.1590  3898547   49.57%
  12653  9865      861.1863   140     1200.0000      605.1965  3953268   49.57%
  12866 10062      712.4541   162     1200.0000      605.2932  3994272   49.56%
  13227 10415      606.7735   205     1200.0000      605.3063  4043347   49.56%
  13430 10614     1062.3285   122     1200.0000      605.3255  4089254   49.56%
  13625 10789     1179.0000    31     1200.0000      605.3255  4152985   49.56%
  13798 10961     1179.0000    89     1200.0000      605.3353  4183095   49.56%
  14027 11188      859.7388   134     1200.0000      605.3561  4238304   49.55%
  14227 11387      856.7458   122     1200.0000      605.3855  4294587   49.55%
  14460 11620     1151.0742    90     1200.0000      605.3969  4362465   49.55%
Elapsed time = 333.27 sec. (412791.44 ticks, tree = 27.93 MB, solutions = 26)
  14643 11791      642.3693   218     1200.0000      605.4232  4443425   49.55%
  14845 11989      860.8412   129     1200.0000      605.4652  4495143   49.54%
  15057 12199      833.2290   143     1200.0000      605.4681  4555868   49.54%
  15355 12488     1182.0707    58     1200.0000      605.4681  4610537   49.54%
  15463 12594     1190.0788    92     1200.0000      605.6356  4657332   49.53%
  15642 12758      908.5102   109     1200.0000      605.6583  4715840   49.53%
  15712 12823      876.5423   151     1200.0000      605.6876  4764216   49.53%
  16068 13162      947.6514   128     1200.0000      606.2093  4808726   49.48%
  16269 13357     1081.6125   109     1200.0000      606.2740  4862283   49.48%
  16317 13396     1192.8516    97     1200.0000      606.2740  4897362   49.48%
Elapsed time = 365.62 sec. (452210.84 ticks, tree = 32.24 MB, solutions = 26)
  16449 13521     1165.0000    55     1200.0000      606.2740  4942303   49.48%
  16539 13598     1174.2605    27     1200.0000      606.2740  5011550   49.48%
  16601 13636      873.4616   122     1200.0000      606.3603  5085996   49.47%
  16643 13678     1065.8421   108     1200.0000      606.3603  5109952   49.47%
  16851 13884      672.7486   165     1200.0000      606.3683  5136832   49.47%
  17026 14055     1179.0917    82     1200.0000      606.3683  5174192   49.47%
  17188 14214     1187.0000    98     1200.0000      606.3855  5211683   49.47%
  17425 14449     1191.0000    57     1200.0000      606.4161  5255337   49.47%
  17513 14534     1184.0000   101     1200.0000      606.4506  5298454   49.46%
  17679 14691     1174.0087   120     1200.0000      606.5082  5346595   49.46%
Elapsed time = 397.61 sec. (491156.02 ticks, tree = 35.37 MB, solutions = 26)
  18027 15035      606.5082   229     1200.0000      606.5091  5396323   49.46%
  18237 15245      856.9440   114     1200.0000      606.5841  5448247   49.45%
  18438 15446     1035.0591   121     1200.0000      606.5980  5502324   49.45%
  18553 15556     1152.6408    71     1200.0000      606.5980  5553090   49.45%
  18657 15654      747.5928   156     1200.0000      606.6219  5613408   49.45%
  18860 15857      802.3519   168     1200.0000      606.6270  5661436   49.45%
  19108 16098      608.2507   241     1200.0000      606.6457  5730559   49.45%
  19429 16415      856.6118   102     1200.0000      606.6457  5795615   49.45%
  19508 16489        cutoff           1200.0000      606.6457  5851100   49.45%
  19639 16612      635.0822   203     1200.0000      606.6569  5898758   49.45%
Elapsed time = 431.34 sec. (530987.47 ticks, tree = 40.59 MB, solutions = 26)
  19825 16798     1190.0000    82     1200.0000      606.6569  5939372   49.45%
  20032 17004      858.2700   128     1200.0000      606.6692  5992794   49.44%
  20127 17094      861.1752   117     1200.0000      606.6846  6033516   49.44%
  20320 17280     1195.0000    57     1200.0000      606.6846  6052237   49.44%
  20447 17395     1157.1124   100     1200.0000      606.7082  6075462   49.44%
  20495 17442     1170.0000    77     1200.0000      606.7082  6091182   49.44%
  20595 17533     1175.0000    51     1200.0000      606.7082  6114698   49.44%
  20681 17612     1110.0901   116     1200.0000      606.7207  6135959   49.44%
  20746 17665     1155.8440   108     1200.0000      606.7347  6153251   49.44%
  20877 17792     1162.5958    83     1200.0000      606.7347  6168775   49.44%
Elapsed time = 462.56 sec. (570934.90 ticks, tree = 57.46 MB, solutions = 26)
  21040 17948      857.5985    99     1200.0000      606.7347  6186178   49.44%
  21145 18051     1159.0000    84     1200.0000      606.7347  6199427   49.44%
  21281 18179     1166.0000   103     1200.0000      606.7347  6217041   49.44%
  21469 18364     1171.0000    76     1200.0000      606.7368  6232659   49.44%
  21527 18420     1174.3474    63     1200.0000      606.7368  6253707   49.44%
  21581 18461     1177.0000    48     1200.0000      606.7368  6276884   49.44%
  21668 18539     1046.8026    78     1200.0000      606.7389  6297553   49.44%
  21827 18694      606.7537   252     1200.0000      606.7537  6315453   49.44%
  21942 18805     1171.0000    92     1200.0000      606.7537  6328018   49.44%
  22114 18974     1159.0000    88     1200.0000      606.7689  6343640   49.44%
Elapsed time = 491.83 sec. (609607.80 ticks, tree = 95.07 MB, solutions = 26)
  22269 19127     1046.8026   107     1200.0000      606.7735  6361209   49.44%
  22433 19284      613.4793   180     1200.0000      606.7984  6375947   49.43%
  22495 19342     1179.0000   107     1200.0000      606.7984  6389882   49.43%
  22540 19381     1185.0000    67     1200.0000      606.7984  6409316   49.43%
  22650 19481      893.3004   101     1200.0000      606.8299  6432527   49.43%
  22827 19654      859.8076   137     1200.0000      606.8455  6452079   49.43%
  23013 19833     1163.0000    87     1200.0000      606.8455  6470368   49.43%
  23131 19948     1161.0000    77     1200.0000      606.8571  6486339   49.43%
  23325 20139     1161.0000    77     1200.0000      606.8874  6505527   49.43%
  23484 20293     1164.7208    78     1200.0000      606.8944  6525229   49.43%
Elapsed time = 521.58 sec. (648998.42 ticks, tree = 123.61 MB, solutions = 26)
  23567 20373     1162.3220    45     1200.0000      606.8944  6547966   49.43%
  23671 20467     1135.2533   102     1200.0000      606.9141  6569775   49.42%
  23821 20609     1163.0000    85     1200.0000      606.9147  6586573   49.42%
  24027 20812      906.5287   104     1200.0000      606.9296  6609620   49.42%
  24185 20965     1189.0000    68     1200.0000      606.9296  6626776   49.42%
  24323 21096     1199.0000    70     1200.0000      606.9784  6641660   49.42%
  24429 21191     1159.0000    86     1200.0000      607.0544  6657647   49.41%
  24484 21246     1160.2956    71     1200.0000      607.0544  6681111   49.41%
  24553 21308     1159.0000    51     1200.0000      607.0544  6706479   49.41%
  24674 21415     1168.7150    95     1200.0000      607.0784  6731140   49.41%
Elapsed time = 550.97 sec. (687680.37 ticks, tree = 156.16 MB, solutions = 26)
  24725 21460     1193.0000   106     1200.0000      607.0784  6737358   49.41%
  24847 21580      660.2714   157     1200.0000      607.0784  6745681   49.41%
  24948 21677     1159.0000    64     1200.0000      607.0784  6756180   49.41%
  25067 21790     1163.1775   108     1200.0000      607.1958  6771017   49.40%
  25227 21945      859.6061   134     1200.0000      607.2523  6786157   49.40%
  25425 22140     1164.0000    58     1200.0000      607.2523  6800507   49.40%
  25560 22268     1181.0000    66     1200.0000      607.4333  6814387   49.38%
  25768 22472     1189.0000    57     1200.0000      607.4333  6833477   49.38%
  25996 22699     1181.0000    62     1200.0000      607.5710  6850516   49.37%
  26040 22741      909.6264   112     1200.0000      607.6248  6861210   49.36%
Elapsed time = 582.64 sec. (726808.48 ticks, tree = 195.34 MB, solutions = 26)
  26227 22924      896.2784   132     1200.0000      607.6429  6876968   49.36%
  26427 23119      893.6844   126     1200.0000      607.7180  6894039   49.36%
  26524 23210     1180.2300    64     1200.0000      607.7180  6918558   49.36%
  26625 23301     1183.0000    37     1200.0000      607.7180  6946310   49.36%
  26825 23491     1195.0000    81     1200.0000      607.7857  6964918   49.35%

GUB cover cuts applied:  4
Implied bound cuts applied:  50
Flow cuts applied:  300
Mixed integer rounding cuts applied:  141
Zero-half cuts applied:  2
Lift and project cuts applied:  16
Gomory fractional cuts applied:  1

Root node processing (before b&c):
  Real time             =    3.86 sec. (5616.70 ticks)
Sequential b&c:
  Real time             =  596.14 sec. (743305.57 ticks)
                          ------------
Total (root+branch&cut) =  600.00 sec. (748922.28 ticks)
