Tried aggregator 3 times.
MIP Presolve eliminated 3151 rows and 788 columns.
MIP Presolve modified 534 coefficients.
Aggregator did 59 substitutions.
Reduced MIP has 2923 rows, 5316 columns, and 19317 nonzeros.
Reduced MIP has 2767 binaries, 2 generals, 0 SOSs, and 0 indicators.
Presolve time = 0.03 sec. (31.70 ticks)
Found incumbent of value 6700.000000 after 0.06 sec. (60.76 ticks)
Probing time = 0.01 sec. (4.63 ticks)
Tried aggregator 1 time.
Reduced MIP has 2923 rows, 5316 columns, and 19317 nonzeros.
Reduced MIP has 2767 binaries, 49 generals, 0 SOSs, and 0 indicators.
Presolve time = 0.01 sec. (10.02 ticks)
Probing time = 0.01 sec. (4.40 ticks)
Clique table members: 9072.
MIP emphasis: balance optimality and feasibility.
MIP search method: dynamic search.
Parallel mode: none, using 1 thread.
Root relaxation solution time = 0.08 sec. (127.08 ticks)

        Nodes                                         Cuts/
   Node  Left     Objective  IInf  Best Integer    Best Bound    ItCnt     Gap

*     0+    0                         6700.0000        0.0000     1106  100.00%
      0     0      134.0027   247     6700.0000      134.0027     1106   98.00%
      0     0      135.0000   189     6700.0000       Cuts: 4     1339   97.99%
      0     0      250.5103   218     6700.0000      Cuts: 94     2565   96.26%
      0     0      260.9061   206     6700.0000      Cuts: 40     3988   96.11%
      0     0      260.9061   208     6700.0000      Cuts: 38     4154   96.11%
      0     0      260.9061   178     6700.0000       Cuts: 8     4220   96.11%
      0     0      260.9061   207     6700.0000      Cuts: 32     4427   96.11%
*     0+    0                         3840.0000      260.9061     4427   93.21%
      0     2      260.9061   181     3840.0000      260.9061     4427   93.21%
Elapsed time = 2.40 sec. (3589.92 ticks, tree = 0.00 MB, solutions = 2)
     27    29      263.4710   174     3840.0000      260.9061     5868   93.21%
     68    70      263.4713   174     3840.0000      260.9061     7301   93.21%
     91    93      260.9061   173     3840.0000      260.9061     8278   93.21%
    110   112      260.9061   181     3840.0000      260.9061     8885   93.21%
    146   148      260.9157   172     3840.0000      260.9061    10671   93.21%
    163   165      261.1467   171     3840.0000      260.9061    12667   93.21%
    207   209      264.0618   164     3840.0000      260.9061    14511   93.21%
    240   242      263.7224   171     3840.0000      260.9061    16818   93.21%
    266   268      263.7224   167     3840.0000      260.9061    18745   93.21%
    351   353      263.7224   168     3840.0000      260.9061    27019   93.21%
Elapsed time = 4.52 sec. (6936.94 ticks, tree = 1.73 MB, solutions = 2)
    431   433      263.7224   164     3840.0000      260.9061    33904   93.21%
*   488+  488                         3630.0000      260.9061    38322   92.81%
    488   490      261.1467   161     3630.0000      260.9061    38322   92.81%
*   490+  326                         2860.0000      785.4200    55509   72.54%
    490   327      786.0000   165     2860.0000      786.0000    55509   72.52%
    496   330      788.0000   194     2860.0000      786.0000    56686   72.52%
    503   335      790.0000   209     2860.0000      786.0000    58172   72.52%
    510   338      790.0000   193     2860.0000      786.0000    58382   72.52%
    512   338      790.0000   186     2860.0000      786.0000    62769   72.52%
    516   340      792.0000   201     2860.0000      786.0000    65339   72.52%
    519   340      792.0000   198     2860.0000      786.0000    67921   72.52%
    521   340      793.4755   194     2860.0000      786.0000    68647   72.52%
Elapsed time = 17.44 sec. (24342.83 ticks, tree = 1.76 MB, solutions = 4)
    527   341      794.0000   202     2860.0000      786.0000    71950   72.52%
    538   345     1432.6304   151     2860.0000      786.0000    76025   72.52%
    541   344     1432.6304   160     2860.0000      786.0000    80412   72.52%
    545   345     1432.6304   155     2860.0000      786.0000    83942   72.52%
    549   344      803.0516   193     2860.0000      786.0000    87759   72.52%
    550   345      801.0000   182     2860.0000      786.0000    87781   72.52%
    557   348     1437.8909   151     2860.0000      786.0000    95417   72.52%
    562   349      808.5743   180     2860.0000      786.0000    99651   72.52%
    577   358      809.0000   185     2860.0000      786.0000   101354   72.52%
    581   359      811.5433   194     2860.0000      786.0000   105571   72.52%
Elapsed time = 26.21 sec. (36166.84 ticks, tree = 3.15 MB, solutions = 4)
    586   361      814.6689   205     2860.0000      786.0000   111208   72.52%
*   590+  263                         2640.0000      786.0000   111800   70.23%
    590   265      815.0000   205     2640.0000      786.0000   111800   70.23%
    596   264      817.9637   196     2640.0000      786.0000   117162   70.23%
    608   267      825.1194   188     2640.0000      786.0000   121976   70.23%
    616   268      829.0136   185     2640.0000      786.0000   125147   70.23%
    630   270      838.0000   183     2640.0000      786.0000   129697   70.23%
    646   271      859.0000   187     2640.0000      786.0000   137466   70.23%
    660   274      871.0000   190     2640.0000      786.0000   141625   70.23%
    680   275     1459.3955   146     2640.0000      786.0000   150278   70.23%
    706   280     1001.5302   156     2640.0000      786.0000   159464   70.23%
Elapsed time = 36.04 sec. (48992.57 ticks, tree = 4.66 MB, solutions = 5)
    716   281     1460.2198   140     2640.0000      786.0000   163386   70.23%
    747   291     1461.0000   127     2640.0000      786.0000   171124   70.23%
    789   303     2237.1542   126     2640.0000      786.0000   176169   70.23%
    840   331     2235.0000   106     2640.0000      786.0000   182459   70.23%
    921   368     2253.4613    25     2640.0000      786.0000   212419   70.23%
*   966   373      integral     0     2480.0000      786.0000   234252   68.31%
*   975   366      integral     0     2430.0000      786.0000   241756   67.65%
    990   376     1458.8988   107     2430.0000      786.0000   249080   67.65%
   1004   390     1458.8988   131     2430.0000      786.0000   260428   67.65%
   1011   397      903.1572   161     2430.0000      786.0000   266503   67.65%
Elapsed time = 42.99 sec. (57812.02 ticks, tree = 9.39 MB, solutions = 7)
   1028   414     1483.3403   134     2430.0000      786.0000   277472   67.65%
   1050   430     2240.0000   123     2430.0000      786.0000   286810   67.65%
*  1075+  447                         2300.0000      786.0000   289367   65.83%
   1086   460     2234.0000   123     2300.0000      786.0000   289860   65.83%
   1212   586     2234.0000    72     2300.0000      786.0000   297970   65.83%
   1270   640     2234.0000    45     2300.0000      786.0000   318499   65.83%
   1330   692     2241.0000    10     2300.0000      786.0000   347842   65.83%
   1341   699     1431.2878   112     2300.0000      787.3061   358055   65.77%
   1352   710     1437.8909   125     2300.0000      787.3061   368978   65.77%
   1361   719      842.2185   196     2300.0000      787.3061   375528   65.77%
   1372   730      894.1737   184     2300.0000      787.3061   381644   65.77%
Elapsed time = 50.93 sec. (67994.32 ticks, tree = 17.25 MB, solutions = 8)
   1383   741     1023.5115   178     2300.0000      787.3061   385669   65.77%
   1390   748     1461.4122   143     2300.0000      787.3061   388689   65.77%
   1426   781     2234.0000   103     2300.0000      787.3061   395526   65.77%
   1505   860      821.3629   150     2300.0000      787.3061   405996   65.77%
   1520   875      913.1967   175     2300.0000      787.3061   414279   65.77%
   1534   889     1353.2406   126     2300.0000      787.3061   422845   65.77%
   1674  1028     2235.0000   141     2300.0000      787.3061   429087   65.77%
   1705  1059      821.4522   178     2300.0000      787.3185   437077   65.77%
   1731  1085     1155.6605   160     2300.0000      787.3185   443454   65.77%
   1852  1206     2234.0000   113     2300.0000      787.3185   450166   65.77%
Elapsed time = 58.98 sec. (78377.98 ticks, tree = 24.81 MB, solutions = 8)
   1903  1257     1482.7810   139     2300.0000      787.3218   461478   65.77%
   1932  1286     1535.8293   142     2300.0000      787.3218   470792   65.77%
   1983  1336     2235.0000   135     2300.0000      787.3218   477384   65.77%
   2104  1457     1508.2891   135     2300.0000      788.0000   487114   65.74%
   2132  1485     1535.5000   156     2300.0000      788.0000   498902   65.74%
   2148  1500     2235.0000   154     2300.0000      788.0000   505231   65.74%
   2298  1650      795.7055   166     2300.0000      788.0000   510114   65.74%
   2318  1670     1482.7810   115     2300.0000      788.0000   522039   65.74%
   2341  1693     1353.8222   155     2300.0000      788.0000   532809   65.74%
   2382  1731     2234.0000    94     2300.0000      788.0000   539158   65.74%
Elapsed time = 67.08 sec. (88094.72 ticks, tree = 33.76 MB, solutions = 8)
   2486  1831     2234.0000    66     2300.0000      788.0000   546226   65.74%
   2518  1863      894.1419   176     2300.0000      788.0000   558614   65.74%
   2567  1911     2234.0000   140     2300.0000      788.0000   566299   65.74%
   2699  2043     1535.5000   139     2300.0000      788.0000   575291   65.74%
   2730  2074     1537.3790   151     2300.0000      788.0000   587045   65.74%
   2778  2122     2234.0000   100     2300.0000      788.0000   593685   65.74%
   2840  2184     2234.0000   121     2300.0000      788.0000   596356   65.74%
   2921  2265      936.2678   171     2300.0000      788.0000   604334   65.74%
   2963  2305     2234.0000   136     2300.0000      788.0000   613421   65.74%
   3104  2446      817.8978   187     2300.0000      788.0000   619116   65.74%
Elapsed time = 75.16 sec. (97791.40 ticks, tree = 46.14 MB, solutions = 8)
   3125  2467      981.9448   165     2300.0000      788.0000   627514   65.74%
   3138  2479     2233.9563   139     2300.0000      788.0000   637176   65.74%
   3292  2633      789.2708   194     2300.0000      788.0000   642075   65.74%
   3309  2650      833.0974   185     2300.0000      788.0000   650953   65.74%
   3329  2670      981.9947   165     2300.0000      788.0000   659483   65.74%
   3341  2682     1535.5000   132     2300.0000      788.0000   667448   65.74%
   3401  2738     2235.0000    88     2300.0000      788.0000   675990   65.74%
   3495  2832      793.4674   206     2300.0000      788.0000   686026   65.74%
   3516  2853      877.9579   186     2300.0000      788.0000   692882   65.74%
   3729  3065     1113.1602   149     2300.0000      788.0000   723914   65.74%
Elapsed time = 85.19 sec. (110630.57 ticks, tree = 56.03 MB, solutions = 8)
   4068  3402     2235.0000    92     2300.0000      789.2708   752491   65.68%
   4299  3632      803.0514   171     2300.0000      789.2708   775202   65.68%
   4502  3833      814.6896   156     2300.0000      789.2708   816257   65.68%
   4732  4062     1270.8897   151     2300.0000      789.2708   845506   65.68%
   5092  4421      789.2826   194     2300.0000      789.2708   872900   65.68%
   5317  4645      878.1815   182     2300.0000      789.2708   904183   65.68%
   5505  4829      825.1194   187     2300.0000      789.2753   925469   65.68%
   5740  5062     2234.0000   125     2300.0000      789.2825   966237   65.68%
   5939  5260     2234.0000   143     2300.0000      789.2826   999969   65.68%
   6131  5452     1665.4697   139     2300.0000      789.2826  1027710   65.68%
Elapsed time = 116.35 sec. (149204.98 ticks, tree = 87.03 MB, solutions = 8)
   6329  5648     1537.3790   143     2300.0000      789.2839  1060872   65.68%
*  6390+ 5705                         2270.0000      789.2839  1072336   65.23%
   6511  5828     1535.5000   118     2270.0000      789.2877  1091076   65.23%
   6709  6025     1535.5000   119     2270.0000      789.2878  1122897   65.23%
   6892  6207     1535.5000   139     2270.0000      789.2899  1145077   65.23%
   7116  6430     1510.1953   153     2270.0000      789.2913  1176800   65.23%
   7312  6624     2234.9304   147     2270.0000      789.3295  1208604   65.23%
   7522  6833     1538.2094   164     2270.0000      790.0000  1240934   65.20%
   7729  7039     1113.8670   162     2270.0000      790.0000  1263383   65.20%
   8072  7380     2234.0000   124     2270.0000      790.0000  1293232   65.20%
   8295  7602     1535.8149   150     2270.0000      790.0000  1318737   65.20%
Elapsed time = 148.29 sec. (187818.79 ticks, tree = 116.72 MB, solutions = 9)
   8493  7797      793.4674   196     2270.0000      790.0000  1365032   65.20%
   8856  8157     2235.0000   130     2270.0000      790.0000  1410232   65.20%
   9145  8443     2235.0000   125     2270.0000      790.0000  1456545   65.20%
   9483  8779     2238.0000   103     2270.0000      790.0000  1497015   65.20%
   9694  8989      795.7035   188     2270.0000      791.3191  1530119   65.14%
   9918  9212      913.5057   154     2270.0000      791.3191  1564174   65.14%
  10250  9543     2237.0000   126     2270.0000      791.3191  1593322   65.14%
  10640  9931     2234.0000   132     2270.0000      791.3191  1625407   65.14%
  10894 10184      795.7035   196     2270.0000      791.3191  1660344   65.14%
  11085 10374     2234.0000   126     2270.0000      791.3191  1690762   65.14%
Elapsed time = 193.63 sec. (242296.58 ticks, tree = 139.43 MB, solutions = 9)
  11316 10604      878.0943   189     2270.0000      791.3266  1720215   65.14%
  11587 10872     2234.0000   100     2270.0000      791.3267  1756061   65.14%
  11892 11176     1535.5000   139     2270.0000      791.3267  1788023   65.14%
  12108 11391     1535.5000   154     2270.0000      791.3267  1825489   65.14%
  12429 11710     2234.0000    82     2270.0000      791.3267  1863984   65.14%
  12722 12001     1537.4739   138     2270.0000      791.3267  1913915   65.14%
  13093 12369     1535.5000   147     2270.0000      791.3335  1965173   65.14%
  13458 12729     2234.0000    64     2270.0000      791.3344  2013147   65.14%
  13835 13102     2234.0000   133     2270.0000      791.3344  2077231   65.14%
  14226 13492     2234.0000   118     2270.0000      791.3344  2133457   65.14%
Elapsed time = 227.52 sec. (280638.96 ticks, tree = 171.86 MB, solutions = 9)
  14525 13786     1537.4739   150     2270.0000      791.3344  2182649   65.14%
  14992 14247     2234.0000    99     2270.0000      791.3344  2249792   65.14%
  15498 14750     1536.0000   147     2270.0000      791.3370  2314781   65.14%
  15713 14964     1535.5000   140     2270.0000      791.3410  2355355   65.14%
  15920 15170     1537.3790   162     2270.0000      791.3420  2397293   65.14%
  16116 15365     1510.1953   152     2270.0000      791.3448  2427670   65.14%
  16440 15687     2234.0000    74     2270.0000      791.3768  2468095   65.14%
  16692 15939      792.0000   214     2270.0000      792.0000  2510513   65.11%
  16918 16165      924.5285   158     2270.0000      792.0000  2543215   65.11%
  17222 16467     2234.0000   115     2270.0000      792.0000  2577731   65.11%
Elapsed time = 261.90 sec. (319244.65 ticks, tree = 190.75 MB, solutions = 9)
  17447 16689     2238.0000    72     2270.0000      792.0000  2607763   65.11%
  17692 16932      793.4755   208     2270.0000      792.0000  2638912   65.11%
  17925 17164     1537.4739   154     2270.0000      793.4565  2679166   65.05%
  18180 17417     2234.0000   119     2270.0000      793.4565  2712719   65.05%
  18390 17624     2234.0000   101     2270.0000      793.4565  2748553   65.05%
  18698 17931      811.5109   200     2270.0000      793.4565  2796054   65.05%
  18933 18165     1618.5263   148     2270.0000      793.4565  2834097   65.05%
  19296 18528      803.0516   196     2270.0000      793.4565  2871557   65.05%
  19665 18893     2240.0000   116     2270.0000      793.4565  2933675   65.05%
  19965 19192     2234.0000   144     2270.0000      793.4594  2990512   65.05%
Elapsed time = 295.12 sec. (357871.96 ticks, tree = 222.24 MB, solutions = 9)
  20421 19644     2234.0000   111     2270.0000      793.4594  3053827   65.05%
  20732 19953     1666.8717   148     2270.0000      793.4674  3114370   65.05%
  21213 20430     2234.0000   136     2270.0000      793.4674  3182675   65.05%
  21533 20748     1779.6228   160     2270.0000      793.4674  3256700   65.05%
  21894 21105     1535.5000   129     2270.0000      793.4674  3303834   65.05%
  22108 21317     1535.5000   147     2270.0000      793.4674  3339119   65.05%
  22343 21550     2235.0000   119     2270.0000      793.4674  3377271   65.05%
  22579 21784     2234.0000   138     2270.0000      793.4674  3419851   65.05%
  22890 22093     2234.0000   136     2270.0000      793.4674  3454346   65.05%
  23131 22334     1779.6228   127     2270.0000      793.4710  3492349   65.05%
Elapsed time = 331.05 sec. (396315.62 ticks, tree = 236.53 MB, solutions = 9)
  23358 22558     2234.0000   130     2270.0000      793.4716  3529039   65.05%
  23555 22754     2234.0000   131     2270.0000      793.4755  3572165   65.05%
  23902 23100     1535.5000   127     2270.0000      793.4755  3610970   65.05%
  24057 23254     2234.0000   128     2270.0000      793.4755  3642577   65.05%
  24300 23495     1535.5000   149     2270.0000      793.4755  3678131   65.05%
  24516 23708     1535.9212   143     2270.0000      793.4755  3726015   65.05%
  24731 23922     1665.4697   143     2270.0000      793.4755  3764091   65.05%
  25082 24271     2234.0000   135     2270.0000      793.4755  3800901   65.05%
  25330 24517     1665.4697   120     2270.0000      793.4755  3856128   65.05%
  25717 24900     1537.3790   144     2270.0000      793.4755  3916042   65.05%
Elapsed time = 365.69 sec. (434647.86 ticks, tree = 265.15 MB, solutions = 9)
  26090 25269     2234.0000   143     2270.0000      793.4755  3969102   65.05%
  26333 25509     1665.4697   136     2270.0000      793.4786  4024951   65.04%
  26814 25988     2234.0000   121     2270.0000      793.4796  4089698   65.04%
  27173 26344     2234.0000   150     2270.0000      793.4838  4141481   65.04%
  27607 26777     2234.0000   134     2270.0000      793.5108  4198104   65.04%
  27935 27105     2236.1791   170     2270.0000      794.0000  4255051   65.02%
  28294 27464     1535.8149   146     2270.0000      794.0000  4287650   65.02%
  28646 27816     2235.0000   112     2270.0000      794.0000  4352032   65.02%
  29102 28270      825.1055   198     2270.0000      794.0000  4416696   65.02%
  29430 28594     2238.0000   105     2270.0000      794.0000  4460097   65.02%
Elapsed time = 402.89 sec. (473988.11 ticks, tree = 284.57 MB, solutions = 9)
  29697 28859      808.5637   203     2270.0000      794.0000  4493766   65.02%
  29932 29093     1619.4925   163     2270.0000      794.0000  4531986   65.02%
  30293 29450      798.0237   192     2270.0000      795.6889  4565079   64.95%
  30501 29655      825.0964   191     2270.0000      795.6889  4605093   64.95%
  30769 29923     2237.0000   137     2270.0000      795.6889  4640346   64.95%
  31068 30220     2238.0000   124     2270.0000      795.6889  4669204   64.95%
  31322 30473      982.3461   177     2270.0000      795.6889  4702954   64.95%
  31552 30703     2238.0000   171     2270.0000      795.6889  4742069   64.95%
  31770 30920     2240.0000   122     2270.0000      795.6889  4768329   64.95%
  32104 31252     1535.5000   131     2270.0000      795.6889  4807777   64.95%
Elapsed time = 435.08 sec. (512526.36 ticks, tree = 299.77 MB, solutions = 9)
  32454 31597     2235.0000    79     2270.0000      795.6889  4847484   64.95%
  32699 31840     1535.5000   168     2270.0000      795.6950  4886072   64.95%
  32892 32032     1508.2891   128     2270.0000      795.6951  4914315   64.95%
  33112 32251     1537.4739   157     2270.0000      795.6951  4955848   64.95%
  33328 32464     1535.5000   151     2270.0000      795.6951  4999891   64.95%
  33527 32661     1574.8994   140     2270.0000      795.6951  5043910   64.95%
  33760 32890     2234.0000   141     2270.0000      795.6951  5089863   64.95%
* 34090+33213                         2260.0000      795.6951  5123147   64.79%
  34109 33234     1535.5000   145     2260.0000      795.6997  5130856   64.79%
  34490 33612     2234.0000    48     2260.0000      795.7003  5175679   64.79%
  34796 33918     2234.0000   134     2260.0000      795.7035  5234992   64.79%
Elapsed time = 469.53 sec. (551177.38 ticks, tree = 327.62 MB, solutions = 10)
  35129 34249     1665.4697   147     2260.0000      795.7035  5292961   64.79%
  35506 34622     1535.5000   137     2260.0000      795.7035  5360223   64.79%
* 35590+34663                         2250.0000      795.7035  5383114   64.64%
  35733 34808     1848.5602   149     2250.0000      795.7035  5412564   64.64%
  36136 35207     2234.0000   136     2250.0000      795.7035  5475746   64.64%
  36491 35558     2234.0000    34     2250.0000      795.7035  5533309   64.64%
  36806 35871     2234.0000   113     2250.0000      795.7035  5596038   64.64%
  37128 36191     1574.8994   161     2250.0000      795.7035  5651112   64.64%
  37483 36539     2234.0000    62     2250.0000      795.7035  5711757   64.64%
  37869 36924     2234.0000   133     2250.0000      795.7035  5769402   64.64%
  38094 37147     1535.5000   130     2250.0000      795.7035  5803611   64.64%
Elapsed time = 505.94 sec. (589532.69 ticks, tree = 341.92 MB, solutions = 11)
  38390 37442     2235.0000    76     2250.0000      795.7035  5850836   64.64%
  38542 37591     2234.0000   141     2250.0000      795.7035  5901430   64.64%
  38901 37949     1535.5000   133     2250.0000      795.7054  5943953   64.64%
  39134 38182     2233.9563   141     2250.0000      795.7087  5987476   64.64%
  39504 38549     1535.5000   135     2250.0000      795.7119  6028514   64.64%
  39729 38773     1666.8717   158     2250.0000      795.7119  6071352   64.64%
  39933 38975     1849.0045   136     2250.0000      795.7119  6113783   64.64%
  40260 39300     2234.0000   117     2250.0000      795.7119  6150355   64.64%
  40524 39563     1537.3790   133     2250.0000      795.7119  6190636   64.64%
  40733 39771     1849.0045   138     2250.0000      795.7119  6235654   64.64%
Elapsed time = 539.97 sec. (628050.68 ticks, tree = 359.94 MB, solutions = 11)
  40933 39970     1849.0045   158     2250.0000      795.7119  6269814   64.64%
  41120 40156     1537.3790   150     2250.0000      795.7119  6293200   64.64%
  41290 40325     2234.0000   107     2250.0000      795.7119  6313532   64.64%
  41524 40553     1537.3790   155     2250.0000      795.7119  6369755   64.64%
  41723 40751     1537.4739   164     2250.0000      795.7119  6400162   64.64%
  42090 41116     2234.0000    97     2250.0000      795.7119  6425723   64.64%
  42373 41395     2234.0000   123     2250.0000      795.7119  6482931   64.64%
  42690 41710     2234.0000   100     2250.0000      795.7171  6528171   64.63%
  42901 41920     1535.5000   139     2250.0000      795.7177  6567427   64.63%
  43163 42180     2234.0000   128     2250.0000      795.7202  6616592   64.63%
Elapsed time = 575.77 sec. (668429.25 ticks, tree = 383.40 MB, solutions = 11)
  43496 42512     1535.5000   135     2250.0000      795.7261  6667202   64.63%
  43733 42749     1849.0045   157     2250.0000      796.0000  6723216   64.62%
  44130 43146     1354.7804   154     2250.0000      796.0000  6767388   64.62%
  44527 43543     1537.3790   160     2250.0000      798.0227  6827926   64.53%
  44978 43990     2234.0000   126     2250.0000      798.0227  6890542   64.53%
  45303 44313      828.9694   194     2250.0000      798.0227  6925551   64.53%
  45651 44659     2237.0000   138     2250.0000      798.0227  6976395   64.53%

Implied bound cuts applied:  83
Flow cuts applied:  402
Mixed integer rounding cuts applied:  79
Lift and project cuts applied:  19

Root node processing (before b&c):
  Real time             =    2.36 sec. (3557.58 ticks)
Sequential b&c:
  Real time             =  597.64 sec. (692071.15 ticks)
                          ------------
Total (root+branch&cut) =  600.00 sec. (695628.73 ticks)
