Tried aggregator 2 times.
MIP Presolve eliminated 141 rows and 39 columns.
MIP Presolve modified 91 coefficients.
Aggregator did 11 substitutions.
Reduced MIP has 144 rows, 216 columns, and 718 nonzeros.
Reduced MIP has 112 binaries, 2 generals, 0 SOSs, and 0 indicators.
Presolve time = 0.00 sec. (1.00 ticks)
Found incumbent of value 1250.000000 after 0.00 sec. (2.02 ticks)
Probing time = 0.00 sec. (0.48 ticks)
Cover probing fixed 0 vars, tightened 82 bounds.
Tried aggregator 1 time.
MIP Presolve modified 81 coefficients.
Reduced MIP has 144 rows, 216 columns, and 718 nonzeros.
Reduced MIP has 112 binaries, 4 generals, 0 SOSs, and 0 indicators.
Presolve time = 0.00 sec. (0.45 ticks)
Probing time = 0.00 sec. (0.47 ticks)
Clique table members: 29.
MIP emphasis: balance optimality and feasibility.
MIP search method: dynamic search.
Parallel mode: none, using 1 thread.
Root relaxation solution time = 0.00 sec. (0.86 ticks)

        Nodes                                         Cuts/
   Node  Left     Objective  IInf  Best Integer    Best Bound    ItCnt     Gap

*     0+    0                         1250.0000       60.0000       79   95.20%
      0     0      125.1671    32     1250.0000      125.1671       79   89.99%
      0     0      153.5108    34     1250.0000      Cuts: 22      197   87.72%
      0     0      196.5604    33     1250.0000      Cuts: 35      321   84.28%
      0     0      215.4465    32     1250.0000      Cuts: 25      351   82.76%
      0     0      218.6152    33     1250.0000      Cuts: 20      392   82.51%
      0     0      218.6152    34     1250.0000       Cuts: 9      405   82.51%
      0     0      218.6152    33     1250.0000       Cuts: 2      410   82.51%
*     0+    0                          700.0000      218.6152      410   68.77%
*     0+    0                          610.0000      218.6152      410   64.16%
*     0+    0                          596.0000      218.6152      410   63.32%
*     0+    0                          460.0000      218.6152      410   52.47%
      0     2      218.6152    33      460.0000      218.6152      410   52.47%
Elapsed time = 0.15 sec. (111.18 ticks, tree = 0.00 MB, solutions = 5)
*    30+   30                          380.0000      219.3727      706   42.27%
*   413   254      integral     0      370.0000      225.8330     6244   38.96%
*  1048+  493                          350.0000      312.2606    17167   10.78%
   1048   494      313.0000    31      350.0000      313.0000    17167   10.57%
   1268   384      317.6147    16      350.0000      313.0000    21577   10.57%
   1805   466      316.5375    19      350.0000      313.7736    31353   10.35%
   2298   786      314.3053    28      350.0000      314.2240    42319   10.22%
   2791  1103      323.2053    13      350.0000      314.5000    53160   10.14%
   3131  1302      316.8299    21      350.0000      314.7074    62634   10.08%
   3604  1598      328.0644    16      350.0000      315.0421    73405    9.99%
*  3871  1654      integral     0      340.0000      315.1029    79464    7.32%
   5488  2586      323.7886    19      340.0000      315.5083   118962    7.20%
Elapsed time = 3.54 sec. (3315.02 ticks, tree = 0.95 MB, solutions = 9)
   7153  3478      326.1687    20      340.0000      316.0178   159336    7.05%
   8798  4302      318.2795    24      340.0000      316.4584   200719    6.92%
  10285  4989      325.8542    14      340.0000      316.6953   241041    6.85%
  11528  5523      326.1958    16      340.0000      316.8245   275815    6.82%
  12770  6040      330.0000    13      340.0000      317.0011   310521    6.76%
  14237  6564      321.8522    23      340.0000      317.3187   354210    6.67%
  15777  7043      331.9288    19      340.0000      317.7060   398059    6.56%
  17251  7494      320.3481    25      340.0000      318.1163   442332    6.44%
  18705  7966      335.6893    16      340.0000      318.3905   485994    6.36%
  20222  8457      328.0521    22      340.0000      318.5945   529871    6.30%
Elapsed time = 13.71 sec. (13264.36 ticks, tree = 2.92 MB, solutions = 9)
  21723  8881      321.8827    19      340.0000      318.8140   573019    6.23%
  23014  9144      321.0724    19      340.0000      319.0214   618278    6.17%
  24404  9362      330.7502    19      340.0000      319.4001   664727    6.06%
  25809  9612      319.7614    17      340.0000      319.7614   709880    5.95%
  27176 10002      320.2072    24      340.0000      319.9553   753634    5.90%
  28363 10159        cutoff            340.0000      320.0403   802591    5.87%
  29752 10389      320.2648    25      340.0000      320.2642   845466    5.80%
  31118 10586      321.9744    26      340.0000      320.5158   887649    5.73%
  32526 10694        cutoff            340.0000      320.7121   932522    5.67%
  33933 10849        cutoff            340.0000      320.9163   976420    5.61%
Elapsed time = 22.68 sec. (22805.20 ticks, tree = 3.60 MB, solutions = 9)
  35264 10961        cutoff            340.0000      321.1379  1021651    5.55%
  36671 11092      326.3162    15      340.0000      321.3666  1067567    5.48%
  38085 11192        cutoff            340.0000      321.6202  1110772    5.41%
  39537 11313      324.2838    23      340.0000      321.8456  1155768    5.34%
  40951 11401      331.2339    16      340.0000      322.0344  1199653    5.28%
  42355 11404        cutoff            340.0000      322.3162  1243564    5.20%
  43717 11461      325.8000    19      340.0000      322.5412  1287071    5.13%
  45099 11477      323.0471    20      340.0000      322.7598  1330859    5.07%
  46494 11404      329.5167    18      340.0000      323.0057  1375571    5.00%
  47916 11402        cutoff            340.0000      323.2222  1419305    4.93%
Elapsed time = 31.48 sec. (32346.79 ticks, tree = 3.75 MB, solutions = 9)
  49378 11221        cutoff            340.0000      323.5250  1465018    4.85%
  50773 11118        cutoff            340.0000      323.8000  1509775    4.76%
  52279 11025        cutoff            340.0000      324.0942  1555065    4.68%
  53774 10840        cutoff            340.0000      324.4696  1598908    4.57%
  55239 10686        cutoff            340.0000      324.7325  1644830    4.49%
  56698 10367      330.3149    18      340.0000      325.0834  1690360    4.39%
  58199  9949      330.3051    18      340.0000      325.5569  1737296    4.25%
  59687  9615        cutoff            340.0000      325.8830  1782451    4.15%
  61230  9296        cutoff            340.0000      326.2270  1827692    4.05%
  62730  8738        cutoff            340.0000      326.8060  1873249    3.88%
Elapsed time = 40.14 sec. (41889.72 ticks, tree = 2.98 MB, solutions = 9)
  64365  8187      336.6667    11      340.0000      327.5000  1919513    3.68%
  65924  7675      329.1053    17      340.0000      327.8668  1965054    3.57%
  67640  6859      328.8615    24      340.0000      328.5714  2011103    3.36%
  69404  5921        cutoff            340.0000      329.6800  2055673    3.04%
  71092  5034      332.3075    25      340.0000      330.4193  2103157    2.82%
  73174  3799        cutoff            340.0000      331.9244  2146262    2.38%
  75464  2035      335.4925    13      340.0000      334.2000  2189246    1.71%

GUB cover cuts applied:  8
Cover cuts applied:  17
Implied bound cuts applied:  71
Flow cuts applied:  52
Mixed integer rounding cuts applied:  33
Zero-half cuts applied:  6
Lift and project cuts applied:  18

Root node processing (before b&c):
  Real time             =    0.15 sec. (111.19 ticks)
Sequential b&c:
  Real time             =   46.62 sec. (49158.13 ticks)
                          ------------
Total (root+branch&cut) =   46.77 sec. (49269.32 ticks)
