Tried aggregator 2 times.
MIP Presolve eliminated 472 rows and 79 columns.
MIP Presolve modified 202 coefficients.
Aggregator did 24 substitutions.
Reduced MIP has 520 rows, 871 columns, and 3069 nonzeros.
Reduced MIP has 452 binaries, 2 generals, 0 SOSs, and 0 indicators.
Presolve time = 0.01 sec. (4.08 ticks)
Found incumbent of value 2850.000000 after 0.01 sec. (8.13 ticks)
Probing fixed 0 vars, tightened 1 bounds.
Probing time = 0.01 sec. (3.85 ticks)
Cover probing fixed 0 vars, tightened 158 bounds.
Tried aggregator 1 time.
MIP Presolve eliminated 1 rows and 1 columns.
MIP Presolve modified 152 coefficients.
Reduced MIP has 519 rows, 870 columns, and 3067 nonzeros.
Reduced MIP has 451 binaries, 16 generals, 0 SOSs, and 0 indicators.
Presolve time = 0.00 sec. (1.84 ticks)
Probing fixed 0 vars, tightened 3 bounds.
Probing time = 0.00 sec. (3.62 ticks)
Cover probing fixed 0 vars, tightened 20 bounds.
Clique table members: 1079.
MIP emphasis: balance optimality and feasibility.
MIP search method: dynamic search.
Parallel mode: none, using 1 thread.
Root relaxation solution time = 0.01 sec. (9.09 ticks)

        Nodes                                         Cuts/
   Node  Left     Objective  IInf  Best Integer    Best Bound    ItCnt     Gap

*     0+    0                         2850.0000        0.0000      345  100.00%
      0     0      119.9446    82     2850.0000      119.9446      345   95.79%
      0     0      124.3578    86     2850.0000      Cuts: 34      621   95.64%
      0     0      214.8416    86     2850.0000      Cuts: 78     1218   92.46%
      0     0      230.1068    78     2850.0000      Cuts: 63     1358   91.93%
      0     0      230.3490    76     2850.0000      Cuts: 24     1398   91.92%
      0     0      230.3682    81     2850.0000      Cuts: 27     1442   91.92%
      0     0      230.3682    78     2850.0000      Cuts: 17     1468   91.92%
      0     0      230.3805    75     2850.0000       Cuts: 9     1505   91.92%
*     0+    0                         1180.0000      230.3805     1505   80.48%
*     0+    0                         1140.0000      230.3805     1505   79.79%
*     0+    0                         1030.0000      230.3805     1505   77.63%
*     0+    0                          980.0000      230.3805     1505   76.49%
*     0+    0                          870.0000      230.3805     1505   73.52%
      0     2      230.3805    73      870.0000      230.3805     1505   73.52%
Elapsed time = 0.93 sec. (997.92 ticks, tree = 0.00 MB, solutions = 6)
    100   102      398.5809    40      870.0000      230.8361     7484   73.47%
    234   217      841.6868    16      870.0000      230.8361    14741   73.47%
    422   394      864.0723    26      870.0000      230.8466    21193   73.47%
    533   488      670.0000    74      870.0000      670.0000    35830   22.99%
    537   490      673.0000    67      870.0000      673.0000    37346   22.64%
    542   492      743.5070    50      870.0000      676.8181    38167   22.20%
    550   495      688.7327    63      870.0000      676.8181    39082   22.20%
    561   467      710.3942    49      870.0000      676.8181    40822   22.20%
    581   475      755.0000    37      870.0000      676.8181    43420   22.20%
    910   565      831.0570    30      870.0000      684.8214    59041   21.28%
Elapsed time = 6.23 sec. (7528.84 ticks, tree = 0.61 MB, solutions = 6)
   1408   762      841.0000    21      870.0000      702.5819    79691   19.24%
   2070  1304      836.2005    26      870.0000      706.3090    96447   18.82%
   2615  1794      834.8793    26      870.0000      707.5900   113109   18.67%
   3222  2352      752.9868    42      870.0000      710.4615   129479   18.34%
   3873  2943      828.3333    31      870.0000      710.9685   148141   18.28%
   4627  3633      832.8458    29      870.0000      721.0107   166285   17.13%
   5351  4283      834.2640    18      870.0000      734.2194   185370   15.61%
   6030  4897      829.0633    16      870.0000      743.5070   202341   14.54%
*  6533+ 5003                          860.0000      743.5070   211646   13.55%
   6984  5413      827.9487    27      860.0000      743.5070   218783   13.55%
   7878  6226      830.0817    28      860.0000      743.5070   238441   13.55%
Elapsed time = 14.08 sec. (17089.15 ticks, tree = 32.90 MB, solutions = 7)
   8629  6882      806.7301    41      860.0000      743.5070   255280   13.55%
   9540  7700      844.4051    23      860.0000      743.7607   271282   13.52%
  10348  8432      834.2667    32      860.0000      743.7607   288900   13.52%
  11056  9054      830.0817    33      860.0000      743.7607   307306   13.52%
  11193  9182      830.3267    26      860.0000      743.7607   310076   13.52%
  11727  9666      827.2177    25      860.0000      743.7607   321297   13.52%
  12488 10351      833.6449    27      860.0000      743.7937   340061   13.51%
  13313 11085      834.0546    28      860.0000      743.9443   357567   13.49%
  13982 11684      830.5588    29      860.0000      744.0000   372404   13.49%
  14649 12290      834.8602    32      860.0000      744.4188   387522   13.44%
Elapsed time = 22.12 sec. (26901.19 ticks, tree = 69.45 MB, solutions = 7)
  15473 13043      840.0000    12      860.0000      744.6330   405955   13.41%
  16310 13776      748.7753    43      860.0000      745.0246   424112   13.37%
  17409 14753        cutoff            860.0000      745.0246   440710   13.37%
  18298 15551      833.0121    32      860.0000      745.5079   459724   13.31%
  19215 16388      830.1624    18      860.0000      745.6059   477546   13.30%
  20048 17150      808.6587    32      860.0000      745.6059   494736   13.30%
  20858 17891      830.6229    42      860.0000      745.6059   511943   13.30%
  21607 18555      833.3333    27      860.0000      745.6059   529708   13.30%
* 22533+17925                          850.0000      745.8885   547473   12.25%
  22533 17927      834.4691    29      850.0000      745.8885   547473   12.25%
  23615 18906      808.0000    33      850.0000      746.8202   563654   12.14%
Elapsed time = 29.77 sec. (36469.57 ticks, tree = 117.28 MB, solutions = 8)
  24514 19713      843.3333    18      850.0000      747.0000   582262   12.12%
  25488 20559      808.0000    47      850.0000      747.3138   599984   12.08%
  26372 21346      747.3138    53      850.0000      747.3138   618831   12.08%
  27267 22142      833.7070    34      850.0000      748.0000   636831   12.00%
  28161 22938      813.0000    38      850.0000      749.6068   654694   11.81%
  29145 23821      811.7543    38      850.0000      750.8915   670643   11.66%
  30035 24609      843.3333    12      850.0000      752.3045   687188   11.49%
  30914 25391      831.6667    31      850.0000      752.3717   703620   11.49%
  31830 26190      848.4198    30      850.0000      752.4173   722760   11.48%
  32726 27003      827.2177    21      850.0000      752.5927   740299   11.46%
Elapsed time = 37.43 sec. (46027.23 ticks, tree = 177.88 MB, solutions = 8)
  33702 27888      806.7301    47      850.0000      752.9160   757417   11.42%
  34545 28648      831.6667    24      850.0000      752.9868   775960   11.41%
  35502 29490      828.8785    18      850.0000      752.9868   793656   11.41%
  36340 30253      836.6667    21      850.0000      752.9877   812296   11.41%
  37274 31073      808.6587    40      850.0000      753.4956   828965   11.35%
  38177 31857      829.8879    31      850.0000      753.9127   846033   11.30%
  39186 32762      840.0000    27      850.0000      753.9911   862883   11.30%
  40064 33531      836.6667    20      850.0000      753.9914   880419   11.30%
  41100 34471      832.4304    24      850.0000      754.3087   897696   11.26%
  41993 35267      846.6667    19      850.0000      754.9728   915783   11.18%
Elapsed time = 45.12 sec. (55581.60 ticks, tree = 235.87 MB, solutions = 8)
  42726 35881      840.0000    32      850.0000      755.4347   935051   11.13%
  43692 36715      836.6667    18      850.0000      756.9350   952141   10.95%
  44533 37433      836.6667    29      850.0000      766.6751   970590    9.80%
  45533 38300      835.1952    22      850.0000      776.3563   989117    8.66%
  46382 39032      835.6155    29      850.0000      780.5305  1005746    8.17%
  47059 39638      828.8863    31      850.0000      780.5305  1020597    8.17%
  47861 40362      828.8863    36      850.0000      780.5305  1035030    8.17%
  48613 41053      828.9756    27      850.0000      780.5305  1049091    8.17%
  49492 41856      781.1388    37      850.0000      780.5512  1065995    8.17%
  50331 42612      830.1636    23      850.0000      780.8697  1079017    8.13%
Elapsed time = 52.94 sec. (65204.99 ticks, tree = 289.77 MB, solutions = 8)
  51313 43478      828.8863    27      850.0000      780.8697  1094991    8.13%
  52253 44325      834.7687    18      850.0000      780.8697  1107965    8.13%
  53144 45139      828.8785    26      850.0000      780.8697  1121006    8.13%
  53948 45873      830.1624    29      850.0000      780.8697  1133998    8.13%
  54776 46628      841.3942    24      850.0000      781.1738  1148713    8.10%
  55519 47278      817.4147    47      850.0000      781.2519  1167288    8.09%
  56408 48061      828.8863    34      850.0000      781.2863  1183039    8.08%
  57417 48972      834.3662    22      850.0000      781.5453  1199561    8.05%
  58232 49671      833.3333    13      850.0000      781.5453  1214943    8.05%
  59055 50394      830.1624    20      850.0000      781.5453  1230276    8.05%
Elapsed time = 60.91 sec. (74764.13 ticks, tree = 317.14 MB, solutions = 8)
  59903 51151      828.4919    24      850.0000      781.5676  1242841    8.05%
  60993 52120      839.7778    28      850.0000      781.6472  1259256    8.04%
  61762 52788      828.8785    12      850.0000      781.8274  1277192    8.02%
  62679 53619      833.3333    28      850.0000      782.0252  1294126    8.00%
  63577 54407        cutoff            850.0000      782.0252  1313665    8.00%
  64533 55271      808.6587    35      850.0000      782.0252  1331098    8.00%
  65513 56138      835.5089    29      850.0000      782.2177  1349481    7.97%
  66507 57000      828.3333    29      850.0000      782.2521  1367283    7.97%
  67443 57845      834.4691    22      850.0000      782.4332  1385170    7.95%
  68230 58552      828.3217    22      850.0000      782.4904  1400285    7.94%
Elapsed time = 68.66 sec. (84349.17 ticks, tree = 340.15 MB, solutions = 8)
  69131 59353      836.6667    34      850.0000      782.5000  1419096    7.94%
  69934 60056      831.1202    30      850.0000      782.9910  1436544    7.88%
  71029 61047      833.3333    33      850.0000      783.1250  1450578    7.87%
  71830 61739      785.6808    47      850.0000      783.1250  1468425    7.87%
  72688 62498      836.8643    31      850.0000      783.1250  1482593    7.87%
  73553 63236      836.6667     9      850.0000      783.4405  1500587    7.83%
  74533 64065      809.9345    33      850.0000      783.6016  1519574    7.81%
  75506 64934      846.7674    15      850.0000      783.7436  1538250    7.79%
  76319 65635      835.3576    22      850.0000      784.0728  1555263    7.76%
  79931 68750      843.3333    29      850.0000      785.6808  1627553    7.57%
Elapsed time = 78.70 sec. (96775.40 ticks, tree = 364.14 MB, solutions = 8)
  83594 71908      848.8700    38      850.0000      803.5070  1697183    5.47%
  87342 75059      828.4131    29      850.0000      805.7587  1761684    5.20%
  90578 78010      841.5187    28      850.0000      806.2535  1829083    5.15%
  94471 81547      832.2430    21      850.0000      806.2535  1897540    5.15%
  98479 85137      845.0000     7      850.0000      806.2535  1960743    5.15%
 102289 88569      843.4889    16      850.0000      806.2535  2024201    5.15%
 106427 92290      836.6667    23      850.0000      806.2535  2086280    5.15%
 110322 95810      828.8863    35      850.0000      806.2535  2147490    5.15%
 114039 99176      830.0000    23      850.0000      806.3630  2207414    5.13%
 117483 102197      827.7674    35      850.0000      806.3630  2267690    5.13%
Elapsed time = 108.65 sec. (134932.30 ticks, tree = 631.92 MB, solutions = 8)
 121597 105897      828.8863    38      850.0000      806.3630  2328439    5.13%
 125664 109630      827.2177    23      850.0000      806.3630  2389879    5.13%
 129560 113197      828.8863    35      850.0000      806.3630  2449336    5.13%
 133536 116797      835.6075    21      850.0000      806.6670  2511843    5.10%
 137453 120331      809.4037    42      850.0000      806.6670  2578208    5.10%
 141394 123866      828.8785    22      850.0000      806.6822  2638518    5.10%
 145527 127574      840.0000    23      850.0000      806.7301  2704155    5.09%
 149672 131347      830.1636    18      850.0000      806.7301  2769216    5.09%
 153656 134938      816.6432    41      850.0000      806.7301  2833007    5.09%
 157860 138698      835.7881    32      850.0000      806.7301  2898843    5.09%
Elapsed time = 138.67 sec. (173091.62 ticks, tree = 956.29 MB, solutions = 8)
 162269 142680      839.1551    26      850.0000      806.7301  2966785    5.09%
 165844 145914      833.3333    31      850.0000      806.7301  3033965    5.09%
 169614 149302      828.8785    24      850.0000      806.7301  3097877    5.09%
 173593 152857      834.5592    18      850.0000      806.7301  3163687    5.09%
 177633 156507      843.8148    36      850.0000      806.7301  3228436    5.09%
 181533 159992      847.3376    23      850.0000      806.7301  3293407    5.09%
 185270 163388      833.8765    20      850.0000      806.7301  3355752    5.09%
 189108 166865      832.9482    35      850.0000      806.7301  3421457    5.09%
 192673 170075      828.8785    26      850.0000      806.7301  3483192    5.09%
 196166 173212      836.6667    38      850.0000      806.7312  3550099    5.09%
Elapsed time = 169.04 sec. (211363.11 ticks, tree = 1157.18 MB, solutions = 8)
 200065 176673      841.3123    31      850.0000      806.7789  3616137    5.08%
 204219 180337      832.4025    29      850.0000      807.1984  3681173    5.04%
 208715 184365      830.2439    25      850.0000      807.3944  3744576    5.01%
 213566 188717      830.4895    29      850.0000      807.3944  3808120    5.01%
 217419 192154      828.9326    24      850.0000      807.3998  3871881    5.01%
 221187 195496      828.9756    22      850.0000      807.3998  3936157    5.01%
 225660 199455      833.6240    37      850.0000      807.5472  3999831    4.99%
 230494 203789      847.6031    27      850.0000      807.7129  4065200    4.97%
 235094 207888      834.8565    39      850.0000      807.7129  4130225    4.97%
 240148 212466      808.6764    39      850.0000      807.7129  4194335    4.97%
Elapsed time = 199.40 sec. (249521.28 ticks, tree = 1471.80 MB, solutions = 8)
 244639 216481      828.3333    45      850.0000      807.7129  4255884    4.97%
 248937 220354      834.0970    37      850.0000      807.7129  4318665    4.97%
 253607 224578      830.1659    25      850.0000      807.7564  4382028    4.97%
 257757 228340      837.0573    18      850.0000      807.7588  4446192    4.97%
 261488 231608      833.3333    25      850.0000      807.7727  4516461    4.97%
 266519 236100      836.6667    20      850.0000      807.8059  4577331    4.96%
 271197 240292      828.3333    27      850.0000      807.8935  4642007    4.95%
 274958 243680      828.8785    27      850.0000      807.9140  4710497    4.95%
 278827 247179      815.5000    35      850.0000      807.9949  4782002    4.94%
 282471 250470      808.1569    28      850.0000      807.9949  4854861    4.94%
Elapsed time = 229.97 sec. (287693.83 ticks, tree = 1762.63 MB, solutions = 8)
 286442 253959      828.3333    22      850.0000      808.0000  4923252    4.94%
 290208 257269      846.6667    19      850.0000      808.0000  4989898    4.94%
 294264 260780      833.5459    43      850.0000      808.0000  5056880    4.94%
 298613 264682      831.6667    35      850.0000      808.0452  5118352    4.94%
 302740 268417      841.0122    18      850.0000      808.0890  5187105    4.93%
 307378 272632      835.7881    30      850.0000      808.0890  5255019    4.93%
 311523 276320        cutoff            850.0000      808.1020  5319392    4.93%
 315424 279812        cutoff            850.0000      808.1976  5387995    4.92%
 319278 283210      840.0846    25      850.0000      808.6587  5455254    4.86%
 322655 286069      828.3333    32      850.0000      808.6587  5517849    4.86%
Elapsed time = 261.40 sec. (325857.94 ticks, tree = 2076.53 MB, solutions = 8)
Nodefile size = 29.17 MB (15.68 MB after compression)
 326517 289383        cutoff            850.0000      808.6587  5586067    4.86%
 329966 292346      843.3333    12      850.0000      808.6767  5653519    4.86%
 333666 295628      836.8458    23      850.0000      808.7209  5717469    4.86%
 337031 298539      830.5588    29      850.0000      808.8073  5787005    4.85%
 340595 301647      828.8785    28      850.0000      808.9460  5850415    4.83%
 344147 304769      833.3333    34      850.0000      809.1542  5912124    4.81%
 347933 308124      816.6432    45      850.0000      809.4037  5973099    4.78%
 352133 311785      830.1701    22      850.0000      809.6033  6036582    4.75%
 357665 316650      837.1028    25      850.0000      809.6033  6089224    4.75%
 363331 321753      840.7746    20      850.0000      809.6033  6139550    4.75%
Elapsed time = 303.03 sec. (364032.99 ticks, tree = 2394.54 MB, solutions = 8)
Nodefile size = 346.61 MB (182.67 MB after compression)
 366934 324859      840.0000    31      850.0000      809.9345  6203403    4.71%
 369808 327282      846.6667    15      850.0000      809.9345  6267979    4.71%
 373216 330125      840.0000    38      850.0000      809.9345  6337586    4.71%
 376192 332633      833.3333    17      850.0000      809.9345  6405638    4.71%
 379440 335342      836.6667    20      850.0000      809.9345  6475408    4.71%
 382476 337898      837.4478    16      850.0000      809.9345  6541824    4.71%
 385387 340348      828.3333    29      850.0000      809.9345  6611734    4.71%
 388769 343137      830.2439    21      850.0000      810.1276  6678250    4.69%
 391993 345838      833.9442    34      850.0000      810.2173  6742566    4.68%
 395251 348577      843.3333    33      850.0000      810.2173  6804871    4.68%
Elapsed time = 342.49 sec. (402193.22 ticks, tree = 2633.92 MB, solutions = 8)
Nodefile size = 586.13 MB (297.64 MB after compression)
 398653 351423      843.3333    24      850.0000      810.2173  6868219    4.68%
 401715 353967      833.3333    24      850.0000      810.2173  6932011    4.68%
 404918 356717      833.3333    20      850.0000      810.3979  7000664    4.66%
 408457 359722      810.6259    32      850.0000      810.5000  7068978    4.65%
 412009 362927      830.1636    32      850.0000      810.5000  7129638    4.65%
 415901 366364      810.5000    44      850.0000      810.5000  7192901    4.65%
 419360 369391      832.2430    17      850.0000      810.5000  7251989    4.65%
 422742 372265      839.1551    40      850.0000      810.5000  7316313    4.65%
 426639 375666      843.3333    27      850.0000      810.5000  7376742    4.65%
 430308 378853      840.4484    30      850.0000      810.5000  7446365    4.65%
Elapsed time = 383.81 sec. (440352.87 ticks, tree = 2904.82 MB, solutions = 8)
Nodefile size = 856.90 MB (434.63 MB after compression)
 433733 381815      830.3163    37      850.0000      810.5000  7509320    4.65%
 437533 385152      836.6667    30      850.0000      810.6259  7572198    4.63%
 441809 388912      836.6667    39      850.0000      810.6265  7632494    4.63%
 445891 392516      832.1377    26      850.0000      810.9724  7712419    4.59%
 449713 395871      832.3329    27      850.0000      811.2683  7793822    4.56%
 454438 400108      838.8766    40      850.0000      811.3687  7878654    4.54%
 458854 404136      843.7641    38      850.0000      811.3687  7963324    4.54%
 463203 407945      833.3803    24      850.0000      811.3717  8046715    4.54%
 467775 411949      821.9721    45      850.0000      811.3717  8128152    4.54%
 471784 415464      845.6654    10      850.0000      811.6514  8214409    4.51%
Elapsed time = 420.96 sec. (478576.37 ticks, tree = 3010.97 MB, solutions = 8)
Nodefile size = 963.02 MB (485.78 MB after compression)
 475694 418978      832.2500    38      850.0000      811.7094  8301790    4.50%
 479700 422585      832.2430    18      850.0000      811.7094  8385241    4.50%
 483634 426072      830.1636    13      850.0000      811.7500  8483656    4.50%
 487317 429272      843.3333    27      850.0000      811.7500  8580160    4.50%
 490805 432327      834.7480    26      850.0000      811.7500  8669854    4.50%
 494145 435183      833.3333    38      850.0000      811.7500  8768953    4.50%
 497375 437949      811.7500    33      850.0000      811.7500  8858812    4.50%
 500643 440790      846.6667    27      850.0000      811.7500  8943988    4.50%
 503815 443506      833.6709    17      850.0000      811.7500  9015794    4.50%
 506809 446000      811.7500    42      850.0000      811.7500  9087178    4.50%
Elapsed time = 456.26 sec. (516734.25 ticks, tree = 3073.77 MB, solutions = 8)
Nodefile size = 1026.28 MB (515.36 MB after compression)
 510059 448855      833.3333    27      850.0000      811.7502  9154294    4.50%
 514111 452384      843.3333    18      850.0000      811.7543  9220280    4.50%
 517527 455280      840.0000    21      850.0000      812.0991  9281621    4.46%
 520788 458010      835.0000    34      850.0000      812.1650  9347690    4.45%
 525142 461768      831.6667    30      850.0000      812.7068  9411971    4.39%
 528817 464779      843.3333    17      850.0000      812.7212  9474948    4.39%
 532558 467851      836.8758    26      850.0000      812.7212  9535478    4.39%
 535673 470434        cutoff            850.0000      812.7217  9605752    4.39%
 538614 472890      840.4069    30      850.0000      812.7217  9674813    4.39%
 541744 475435      834.6977    17      850.0000      812.7377  9740866    4.38%
Elapsed time = 496.21 sec. (554895.47 ticks, tree = 3325.43 MB, solutions = 8)
Nodefile size = 1277.91 MB (633.25 MB after compression)
 545203 478500      843.3333    34      850.0000      812.7902  9806460    4.38%
 548500 481418      840.0000    38      850.0000      812.7902  9875030    4.38%
 551547 484124      833.3333    30      850.0000      812.7902  9942688    4.38%
 554605 486715      846.6667    25      850.0000      812.9023 10013740    4.36%
 557996 489505      835.0163    28      850.0000      812.9023 10087976    4.36%
 561469 492471      833.3333    23      850.0000      812.9023 10152418    4.36%
 565037 495523      812.9286    40      850.0000      812.9286 10218879    4.36%
 568250 498124      845.0485    12      850.0000      812.9717 10283893    4.36%
 572471 501815      840.0000    30      850.0000      812.9717 10375480    4.36%
 576132 504933      833.3333    41      850.0000      813.0000 10464260    4.35%
Elapsed time = 534.95 sec. (593067.71 ticks, tree = 3518.56 MB, solutions = 8)
Nodefile size = 1470.58 MB (722.55 MB after compression)
 579340 507574      833.7042    17      850.0000      813.0000 10536378    4.35%
 581183 509079      840.0000    20      850.0000      813.0000 10571563    4.35%
 582033 509827      831.6667    24      850.0000      813.0000 10589944    4.35%
 582833 510506      837.3376    28      850.0000      813.1917 10603307    4.33%
 583633 511143      840.0000    28      850.0000      813.5105 10623014    4.29%
 584533 511881      840.9363    25      850.0000      813.6048 10643766    4.28%
 585433 512598      843.3333    30      850.0000      813.6048 10667211    4.28%
 586333 513370      833.3333    21      850.0000      813.6048 10684558    4.28%
 587233 514148      833.4465    27      850.0000      813.6048 10707174    4.28%
 588133 514908      833.3333    26      850.0000      813.6048 10728114    4.28%
Elapsed time = 573.36 sec. (633232.65 ticks, tree = 3581.95 MB, solutions = 8)
Nodefile size = 1534.21 MB (751.21 MB after compression)
 588933 515587      847.4505    30      850.0000      813.7038 10747052    4.27%
 589833 516288      847.1033    17      850.0000      813.7038 10768853    4.27%
 590633 516932      840.0000    33      850.0000      813.7038 10789425    4.27%
 592470 518315      846.6667    12      850.0000      813.7038 10830313    4.27%
 595833 521049      832.0930    32      850.0000      813.7038 10899433    4.27%
 599120 523701      836.6667    23      850.0000      813.7038 10967744    4.27%
 602463 526415      843.3333    24      850.0000      813.7038 11032171    4.27%

GUB cover cuts applied:  3
Clique cuts applied:  2
Cover cuts applied:  8
Implied bound cuts applied:  45
Flow cuts applied:  105
Mixed integer rounding cuts applied:  26
Zero-half cuts applied:  1
Lift and project cuts applied:  23

Root node processing (before b&c):
  Real time             =    0.93 sec. (997.93 ticks)
Sequential b&c:
  Real time             =  599.11 sec. (659671.23 ticks)
                          ------------
Total (root+branch&cut) =  600.04 sec. (660669.16 ticks)
