Tried aggregator 2 times.
MIP Presolve eliminated 1015 rows and 127 columns.
MIP Presolve modified 441 coefficients.
Aggregator did 38 substitutions.
Reduced MIP has 1074 rows, 1900 columns, and 6803 nonzeros.
Reduced MIP has 973 binaries, 2 generals, 0 SOSs, and 0 indicators.
Presolve time = 0.01 sec. (8.22 ticks)
Found incumbent of value 4050.000000 after 0.02 sec. (17.19 ticks)
Probing fixed 0 vars, tightened 1 bounds.
Probing time = 0.01 sec. (8.43 ticks)
Tried aggregator 1 time.
MIP Presolve eliminated 1 rows and 1 columns.
Reduced MIP has 1073 rows, 1899 columns, and 6801 nonzeros.
Reduced MIP has 972 binaries, 23 generals, 0 SOSs, and 0 indicators.
Presolve time = 0.00 sec. (3.75 ticks)
Probing time = 0.00 sec. (3.11 ticks)
Clique table members: 1943.
MIP emphasis: balance optimality and feasibility.
MIP search method: dynamic search.
Parallel mode: none, using 1 thread.
Root relaxation solution time = 0.02 sec. (29.45 ticks)

        Nodes                                         Cuts/
   Node  Left     Objective  IInf  Best Integer    Best Bound    ItCnt     Gap

*     0+    0                         4050.0000        0.0000      585  100.00%
      0     0      118.6696   130     4050.0000      118.6696      585   97.07%
      0     0      119.2394   116     4050.0000      Cuts: 33     1310   97.06%
      0     0      196.4820   105     4050.0000      Cuts: 85     1798   95.15%
      0     0      219.8691   104     4050.0000      Cuts: 69     2227   94.57%
*     0+    0                         1370.0000      219.8691     2227   83.95%
*     0+    0                         1280.0000      219.8691     2227   82.82%
*     0+    0                         1120.0000      219.8691     2227   80.37%
*     0+    0                         1070.0000      219.8691     2227   79.45%
*     0+    0                          930.0000      219.8691     2227   76.36%
      0     0      219.8691   105      930.0000      Cuts: 26     2449   76.36%
      0     0      221.5347   109      930.0000      Cuts: 39     2748   76.18%
      0     0      221.5727   100      930.0000      Cuts: 38     2831   76.17%
      0     0      221.5727   103      930.0000      Cuts: 17     2893   76.17%
      0     2      221.5727   100      930.0000      224.4132     2893   75.87%
Elapsed time = 0.86 sec. (1052.05 ticks, tree = 0.00 MB, solutions = 6)
     20    22      232.4183    91      930.0000      227.6872     4451   75.52%
     58    60      319.1350    57      930.0000      227.6872     7391   75.52%
     96    98      360.3109    50      930.0000      227.6872    11938   75.52%
    120   122      418.9594    42      930.0000      227.6872    14373   75.52%
    149   151      560.1686    34      930.0000      227.6872    18168   75.52%
    193   195      610.9249    32      930.0000      227.6872    21759   75.52%
    218   213      927.4895    16      930.0000      227.6872    28396   75.52%
    330   321      357.1262    50      930.0000      227.6872    31331   75.52%
    396   387      428.3400    38      930.0000      227.6872    34807   75.52%
*   511+  333                          850.0000      383.6130    48892   54.87%
*   511+  221                          810.0000      582.3589    57969   28.10%
    511   222      583.0000   102      810.0000      583.0000    57969   28.02%
Elapsed time = 5.85 sec. (7409.95 ticks, tree = 2.52 MB, solutions = 8)
    521   222      587.7323   101      810.0000      583.0000    62461   28.02%
    550   230      589.0000    92      810.0000      583.0000    65696   28.02%
    594   248      591.0000    93      810.0000      583.0000    72406   28.02%
    660   267      694.0000    49      810.0000      583.0000    88788   28.02%
    800   296      586.8724   105      810.0000      583.2013   122847   28.00%
    861   329      667.9346    57      810.0000      583.2013   144253   28.00%
    955   361      586.8724   116      810.0000      583.2013   162683   28.00%
   1041   412      630.8643    91      810.0000      583.2013   175947   28.00%
   1173   529      599.9248    98      810.0000      583.2013   190334   28.00%
   1347   663      722.8762    34      810.0000      583.2013   209147   28.00%
Elapsed time = 13.04 sec. (17099.27 ticks, tree = 3.93 MB, solutions = 8)
   1460   762      591.7369   109      810.0000      583.6506   230433   27.94%
   1611   875      782.4601    36      810.0000      583.6506   246627   27.94%
   1770  1023      609.0827    72      810.0000      584.2364   267557   27.87%
   1922  1145      592.5492   111      810.0000      584.2444   282022   27.87%
   2046  1241      751.0000    59      810.0000      584.2444   294884   27.87%
   2191  1369      627.9239    89      810.0000      584.3340   308788   27.86%
   2332  1486      670.5092    50      810.0000      584.3340   325828   27.86%
   2505  1629      591.7369   104      810.0000      584.3365   356880   27.86%
   2629  1731      777.0000    55      810.0000      584.3365   370070   27.86%
   2841  1897      723.0000    44      810.0000      584.3365   389921   27.86%
Elapsed time = 20.50 sec. (26730.11 ticks, tree = 10.54 MB, solutions = 8)
   3107  2103      750.0539    38      810.0000      584.3451   410948   27.86%
   3266  2232      728.5633    42      810.0000      584.3507   429885   27.86%
   3427  2370      736.1058    34      810.0000      584.3816   453658   27.85%
   3570  2467      659.9985    72      810.0000      584.4914   477285   27.84%
   3723  2607      755.9360    66      810.0000      584.4914   492251   27.84%
   3885  2749      608.8605    79      810.0000      584.5012   521925   27.84%
   4109  2933      601.1477    77      810.0000      584.5056   546584   27.84%
   4155  2975      784.7643    41      810.0000      584.5056   563478   27.84%
   4255  3057      740.0000    31      810.0000      584.5056   588647   27.84%
   4382  3158      747.0000    71      810.0000      584.6837   607461   27.82%
Elapsed time = 28.13 sec. (36390.89 ticks, tree = 16.51 MB, solutions = 8)
   4621  3371      661.9448    70      810.0000      584.6837   632028   27.82%
   4855  3588      763.4786    33      810.0000      584.6837   654884   27.82%
   5076  3768      747.0000    38      810.0000      584.6837   677368   27.82%
   5259  3931      739.0000    56      810.0000      584.7776   698710   27.81%
   5391  4057      730.0000    38      810.0000      584.8871   722082   27.79%
   5556  4184      723.0000    50      810.0000      585.3773   749156   27.73%
   5711  4321      603.8603   102      810.0000      585.3932   769049   27.73%
   5934  4530      592.9599    98      810.0000      585.4473   790424   27.72%
   6141  4704      598.6479   100      810.0000      585.4473   811996   27.72%
   6334  4869      656.1567    76      810.0000      585.5540   837653   27.71%
Elapsed time = 35.86 sec. (46126.25 ticks, tree = 20.45 MB, solutions = 8)
   6496  4991      586.0000   102      810.0000      585.5629   870340   27.71%
*  6511+ 4984                          800.0000      585.5629   872114   26.80%
   6611  5078      759.0000    49      800.0000      585.5629   880347   26.80%
   6774  5231      693.7001    79      800.0000      585.5629   900373   26.80%
   6950  5403      674.4359    86      800.0000      585.5629   919946   26.80%
   7139  5582      672.8253    64      800.0000      585.5703   940547   26.80%
   7344  5785      609.9527    97      800.0000      585.5810   960081   26.80%
   7482  5900      585.8017   108      800.0000      585.6096   988180   26.80%
   7564  5975      745.0000    53      800.0000      585.6096   999606   26.80%
   7785  6182      725.0000    39      800.0000      585.6516  1020690   26.79%
   7979  6366      729.0000    38      800.0000      585.6516  1047426   26.79%
Elapsed time = 45.74 sec. (55779.57 ticks, tree = 26.74 MB, solutions = 9)
   8150  6529      725.0000    54      800.0000      585.6952  1072598   26.79%
   8395  6760      726.5267    41      800.0000      585.6952  1102411   26.79%
   8561  6905      726.7879    65      800.0000      585.6952  1133015   26.79%
   8841  7181      727.0000    38      800.0000      585.6952  1163101   26.79%
   9096  7428      734.0000    45      800.0000      585.6952  1193401   26.79%
   9315  7641      637.5706    75      800.0000      585.6952  1221260   26.79%
   9465  7781      743.1277    33      800.0000      585.6952  1255881   26.79%
*  9511+ 7229                          770.0000      585.8017  1267506   23.92%
   9690  7406      746.7265    23      770.0000      585.8017  1281921   23.92%
   9913  7613      588.0000   132      770.0000      585.8232  1310954   23.92%
  10029  7727      745.0000    54      770.0000      585.8232  1325596   23.92%
Elapsed time = 57.00 sec. (65574.55 ticks, tree = 30.60 MB, solutions = 10)
  10181  7869      663.0000    58      770.0000      585.9161  1346705   23.91%
  10301  7975      757.0729    17      770.0000      585.9161  1373904   23.91%
  10511  8170      739.0000    52      770.0000      585.9161  1394317   23.91%
  10681  8320      723.0000    42      770.0000      586.0000  1414521   23.90%
  10731  8367      730.0000    66      770.0000      586.0000  1420044   23.90%
  10732  8368      586.0000   116      770.0000      586.0000  1420453   23.90%
  10916  8539      614.3393    91      770.0000      586.0000  1444338   23.90%
  11137  8741      589.9049   105      770.0000      586.0000  1469293   23.90%
  11384  8971      595.7374   111      770.0000      586.0000  1489575   23.90%
  11615  9196      691.6362    75      770.0000      586.0000  1519400   23.90%
Elapsed time = 77.26 sec. (82343.00 ticks, tree = 36.43 MB, solutions = 10)
  11808  9363      630.1406    80      770.0000      586.0000  1554578   23.90%
  12037  9584      643.4277    63      770.0000      586.0000  1581438   23.90%
  12284  9820      605.9688    78      770.0000      586.0000  1616485   23.90%
  12511 10041      586.9998    96      770.0000      586.0000  1636200   23.90%
  12646 10168      725.0000    40      770.0000      586.0000  1650707   23.90%
  12782 10282      728.9040    38      770.0000      586.0000  1664189   23.90%
  12894 10372      653.1708    57      770.0000      586.0000  1679766   23.90%
  13113 10570      720.2370    49      770.0000      586.0000  1695052   23.90%
  13372 10810      723.0000    37      770.0000      586.0000  1710815   23.90%
* 13511+10576                          760.0000      586.0000  1722191   22.89%
  13537 10604      721.0000    54      760.0000      586.0000  1723648   22.89%
Elapsed time = 88.40 sec. (92059.86 ticks, tree = 52.24 MB, solutions = 11)
  13715 10768      588.6004    92      760.0000      586.0000  1738140   22.89%
  13833 10873      750.3277    18      760.0000      586.0000  1753866   22.89%
  14000 11027      730.0000    30      760.0000      586.0000  1768801   22.89%
  14199 11209      725.0000    44      760.0000      586.0000  1782914   22.89%
  14426 11419      743.0000    29      760.0000      586.0000  1798067   22.89%
  14665 11644      748.0000    38      760.0000      586.1045  1813113   22.88%
  14805 11771      731.9625    33      760.0000      586.1936  1829615   22.87%
  14960 11904      727.0000    47      760.0000      586.3079  1846747   22.85%
  15200 12135      742.0000    42      760.0000      586.3079  1861210   22.85%
  15948 12843      731.0000    40      760.0000      586.3234  1915365   22.85%
Elapsed time = 102.49 sec. (104525.71 ticks, tree = 88.26 MB, solutions = 11)
  16758 13598      749.0000    53      760.0000      586.6164  1968819   22.81%
  17544 14334      735.0000    50      760.0000      586.6442  2021395   22.81%
  18381 15118      739.0000    43      760.0000      586.6456  2073700   22.81%
  19309 16004      725.0000    32      760.0000      586.8724  2130956   22.78%
  20083 16720      734.5638    41      760.0000      586.9119  2188887   22.77%
  21052 17624        cutoff            760.0000      586.9235  2246482   22.77%
  21924 18421      750.0357    33      760.0000      586.9302  2306677   22.77%
  22711 19125      731.0000    45      760.0000      586.9302  2367038   22.77%
  23371 19728      633.2465    52      760.0000      586.9694  2425446   22.77%
  23971 20278      753.0000    39      760.0000      586.9694  2475293   22.77%
Elapsed time = 145.60 sec. (142783.97 ticks, tree = 179.66 MB, solutions = 11)
  24561 20799      753.0000    24      760.0000      586.9700  2525356   22.77%
  25178 21365      725.0000    57      760.0000      586.9748  2574604   22.77%
  25941 22061        cutoff            760.0000      586.9947  2621873   22.76%
  26568 22628      728.0000    47      760.0000      586.9957  2671801   22.76%
  27287 23293      733.0000    26      760.0000      586.9957  2721152   22.76%
  28021 23974      757.0000    39      760.0000      586.9992  2770515   22.76%
  28801 24690      721.0000    28      760.0000      586.9998  2823643   22.76%
  29455 25274      732.2211    32      760.0000      587.0231  2878690   22.76%
  30309 26050        cutoff            760.0000      587.0568  2935236   22.76%
  31084 26745      742.1890    49      760.0000      587.0835  2991759   22.75%
Elapsed time = 188.47 sec. (181021.06 ticks, tree = 264.36 MB, solutions = 11)
  31977 27586      738.1284    31      760.0000      587.0899  3046687   22.75%
  32759 28313      692.2906    39      760.0000      587.1242  3101843   22.75%
  33512 28998      648.9793    59      760.0000      587.1558  3153118   22.74%
  34451 29856      750.0000    26      760.0000      587.2091  3204396   22.74%
  35115 30442      758.0728    18      760.0000      587.2091  3256485   22.74%
  35834 31087      636.9940    58      760.0000      587.2468  3306526   22.73%
  36677 31872      741.0000    30      760.0000      587.3193  3357102   22.72%
  37613 32741      729.0000    30      760.0000      587.4147  3409155   22.71%
  38444 33485      740.2122    31      760.0000      587.5234  3463693   22.69%
  39299 34256      740.2704    39      760.0000      587.5564  3511623   22.69%
Elapsed time = 231.28 sec. (219234.56 ticks, tree = 357.72 MB, solutions = 11)
  40067 34943      596.0109    91      760.0000      587.6965  3563212   22.67%
  40807 35619      657.4323    56      760.0000      587.9022  3618113   22.64%
  41599 36349      725.0000    41      760.0000      587.9657  3668991   22.64%
  42391 37062      751.0000    31      760.0000      588.0000  3723722   22.63%
  43102 37719      714.1268    40      760.0000      588.0000  3777812   22.63%
  43773 38321      754.3200    38      760.0000      588.2915  3826971   22.59%
* 44511+34711                          750.0000      588.3163  3867749   21.56%
  44581 34774      720.4784    27      750.0000      588.3163  3872886   21.56%
  45341 35475      739.0000    29      750.0000      588.3315  3915018   21.56%
  45927 35997      692.2865    36      750.0000      588.3398  3957322   21.55%
  46634 36646      733.0000    42      750.0000      588.3471  4000548   21.55%
Elapsed time = 274.29 sec. (257449.12 ticks, tree = 394.19 MB, solutions = 12)
  47427 37351      722.1534    36      750.0000      588.3631  4048587   21.55%
  48273 38134      727.0000    47      750.0000      588.3631  4097050   21.55%
  49182 38968      720.2803    32      750.0000      588.3890  4143777   21.55%
  49921 39645      729.0000    46      750.0000      588.3890  4193259   21.55%
  50622 40285    infeasible            750.0000      588.3901  4245008   21.55%
  51372 40968      676.0106    48      750.0000      588.4254  4299608   21.54%
  52159 41675        cutoff            750.0000      588.4268  4348396   21.54%
  52962 42426      743.0000    33      750.0000      588.4268  4398203   21.54%
  53781 43171      640.1353    49      750.0000      588.4357  4449978   21.54%
  54511 43828      588.4897    82      750.0000      588.4415  4502383   21.54%
Elapsed time = 317.41 sec. (295959.67 ticks, tree = 497.57 MB, solutions = 12)
  55322 44580      738.0441    36      750.0000      588.4738  4551106   21.54%
  56189 45358        cutoff            750.0000      588.4765  4602387   21.54%
  56945 46046      588.6333    81      750.0000      588.4897  4646937   21.53%
  57694 46715      740.1802    38      750.0000      588.4921  4693491   21.53%
  58516 47466      588.6004    96      750.0000      588.4971  4736304   21.53%
  59232 48092      714.0496    64      750.0000      588.5072  4785272   21.53%
  59963 48751      741.0000    34      750.0000      588.5072  4832910   21.53%
  60731 49435      745.0000    22      750.0000      588.5121  4880806   21.53%
  61577 50200        cutoff            750.0000      588.5141  4926975   21.53%
  62511 51053      730.1589    30      750.0000      588.5628  4969504   21.52%
Elapsed time = 359.98 sec. (334226.80 ticks, tree = 613.64 MB, solutions = 12)
  63280 51745      732.3723    27      750.0000      588.6078  5019800   21.52%
  64343 52717        cutoff            750.0000      588.6333  5066675   21.52%
  65215 53526      738.0902    35      750.0000      588.6615  5118771   21.51%
  66243 54445      732.3293    41      750.0000      588.6795  5169579   21.51%
  67043 55169      729.0000    25      750.0000      588.7660  5222329   21.50%
  67890 55924      590.7262    84      750.0000      588.8417  5268704   21.49%
  68649 56605      724.4307    45      750.0000      588.8633  5313158   21.48%
  69325 57224      729.2407    43      750.0000      588.8700  5362203   21.48%
  70163 57967      748.2071    27      750.0000      588.8801  5404996   21.48%
  70954 58670      595.4735    91      750.0000      588.9185  5449876   21.48%
Elapsed time = 402.35 sec. (372430.20 ticks, tree = 728.26 MB, solutions = 12)
  71815 59458      739.0000    29      750.0000      588.9280  5496444   21.48%
  72722 60289      724.1724    26      750.0000      588.9498  5542087   21.47%
  73577 61083      592.6762   107      750.0000      588.9661  5585917   21.47%
  74430 61876      720.2406    36      750.0000      588.9915  5631553   21.47%
  75130 62507        cutoff            750.0000      589.0000  5673162   21.47%
  75709 63033      742.6915    39      750.0000      589.0000  5714626   21.47%
  76348 63629      744.0335    45      750.0000      589.0000  5762228   21.47%
  77023 64245    infeasible            750.0000      589.0000  5805524   21.47%
  77552 64725      746.0391    26      750.0000      589.0000  5852698   21.47%
  78219 65326      666.0045    44      750.0000      589.0000  5898398   21.47%
Elapsed time = 444.69 sec. (410663.78 ticks, tree = 814.11 MB, solutions = 12)
  78927 65975      724.4966    44      750.0000      589.0000  5945987   21.47%
  79581 66572      648.6538    72      750.0000      589.0000  5989405   21.47%
  80241 67168      738.1413    26      750.0000      589.0024  6036769   21.47%
  81056 67895      637.5726    53      750.0000      589.0330  6088402   21.46%
  81979 68736      625.6988    71      750.0000      589.0582  6137566   21.46%
  83021 69690        cutoff            750.0000      589.1117  6181146   21.45%
  84087 70672      638.3043    60      750.0000      589.1679  6226883   21.44%
  84880 71397      747.0000    21      750.0000      589.2565  6271039   21.43%
  85804 72239      746.6912    49      750.0000      589.3375  6315291   21.42%
  86662 73027      740.0308    32      750.0000      589.4079  6356658   21.41%
Elapsed time = 479.28 sec. (448878.23 ticks, tree = 929.44 MB, solutions = 12)
  87511 73809      744.4015    27      750.0000      589.4737  6399977   21.40%
  88327 74541      595.8004    82      750.0000      589.5194  6448537   21.40%
  89102 75245      732.1736    40      750.0000      589.6092  6493819   21.39%
  90004 76055      594.6301   101      750.0000      589.7102  6536028   21.37%
  90940 76894    infeasible            750.0000      589.7240  6582258   21.37%
  91518 77391      607.2010    83      750.0000      589.7651  6628535   21.36%
  92456 78244      737.0995    34      750.0000      589.8229  6676855   21.36%
  93257 78966      745.0000    34      750.0000      589.8298  6722889   21.36%
  94167 79783      594.8515    93      750.0000      589.8848  6768097   21.35%
  94987 80550      742.0000    22      750.0000      589.8848  6811344   21.35%
Elapsed time = 508.05 sec. (487132.22 ticks, tree = 1033.00 MB, solutions = 12)
  95595 81101      660.2777    58      750.0000      589.8848  6852914   21.35%
  96335 81771      633.8396    66      750.0000      589.8848  6898310   21.35%
  97167 82529      740.0099    36      750.0000      589.8848  6941134   21.35%
  97873 83172      732.8832    35      750.0000      589.8848  6984128   21.35%
  98686 83926      748.2814    32      750.0000      589.9049  7030009   21.35%
  99435 84601      739.9399    34      750.0000      589.9049  7075555   21.35%
 100281 85370      747.8639    34      750.0000      589.9072  7122335   21.35%
 101177 86189      728.0580    38      750.0000      589.9074  7163728   21.35%
 101830 86785      620.0614    81      750.0000      589.9074  7204580   21.35%
 102759 87648      737.3137    56      750.0000      589.9224  7258615   21.34%
Elapsed time = 536.66 sec. (525406.70 ticks, tree = 1105.29 MB, solutions = 12)
 103606 88409      745.0000    43      750.0000      589.9284  7313711   21.34%
 104111 88861      601.3948    78      750.0000      589.9284  7345182   21.34%
 104749 89444      590.0549    93      750.0000      589.9387  7394696   21.34%
 105189 89849      601.1515    92      750.0000      589.9647  7426241   21.34%
 105706 90311      624.0275    63      750.0000      589.9647  7460215   21.34%
 106111 90694      739.0000    42      750.0000      589.9676  7487817   21.34%
 106611 91145      624.0633    67      750.0000      589.9676  7526457   21.34%
 107044 91540      630.4517    59      750.0000      589.9676  7565554   21.34%
 107411 91878      624.8791    65      750.0000      589.9710  7588507   21.34%
 107796 92241      594.2001   111      750.0000      590.0000  7616000   21.33%
Elapsed time = 569.59 sec. (565192.78 ticks, tree = 1109.57 MB, solutions = 12)
 108339 92741      742.7129    33      750.0000      590.0000  7651645   21.33%
 108670 93033      608.0248    92      750.0000      590.0000  7682483   21.33%
 109011 93347      745.0000    30      750.0000      590.0004  7714757   21.33%
 109481 93782      724.0857    35      750.0000      590.0004  7742627   21.33%
 109911 94182      590.2203    83      750.0000      590.0004  7772975   21.33%
 110523 94758      673.6866    52      750.0000      590.0022  7819236   21.33%
 111411 95573      740.6940    31      750.0000      590.0044  7881717   21.33%
 112330 96430      591.7190    85      750.0000      590.0096  7944690   21.33%
 113284 97323    infeasible            750.0000      590.0132  7999879   21.33%

GUB cover cuts applied:  6
Cover cuts applied:  1
Implied bound cuts applied:  53
Flow cuts applied:  181
Mixed integer rounding cuts applied:  32
Zero-half cuts applied:  1
Lift and project cuts applied:  31

Root node processing (before b&c):
  Real time             =    0.84 sec. (1041.90 ticks)
Sequential b&c:
  Real time             =  599.16 sec. (601320.30 ticks)
                          ------------
Total (root+branch&cut) =  600.00 sec. (602362.20 ticks)
