Tried aggregator 2 times.
MIP Presolve eliminated 1796 rows and 275 columns.
MIP Presolve modified 475 coefficients.
Aggregator did 48 substitutions.
Reduced MIP has 2010 rows, 3514 columns, and 12947 nonzeros.
Reduced MIP has 1872 binaries, 2 generals, 0 SOSs, and 0 indicators.
Presolve time = 0.02 sec. (14.93 ticks)
Found incumbent of value 5450.000000 after 0.03 sec. (33.85 ticks)
Probing fixed 0 vars, tightened 2 bounds.
Probing time = 0.01 sec. (9.22 ticks)
Tried aggregator 1 time.
Reduced MIP has 2010 rows, 3514 columns, and 12947 nonzeros.
Reduced MIP has 1872 binaries, 22 generals, 0 SOSs, and 0 indicators.
Presolve time = 0.01 sec. (6.77 ticks)
Probing time = 0.00 sec. (3.45 ticks)
Clique table members: 6535.
MIP emphasis: balance optimality and feasibility.
MIP search method: dynamic search.
Parallel mode: none, using 1 thread.
Root relaxation solution time = 0.07 sec. (104.88 ticks)

        Nodes                                         Cuts/
   Node  Left     Objective  IInf  Best Integer    Best Bound    ItCnt     Gap

*     0+    0                         5450.0000        0.0000     1230  100.00%
      0     0       89.8833   234     5450.0000       89.8833     1230   98.35%
      0     0       95.1942   208     5450.0000      Cuts: 45     1461   98.25%
      0     0      178.7614   233     5450.0000     Cuts: 115     2629   96.72%
      0     0      184.2121   224     5450.0000     Cuts: 103     2951   96.62%
      0     0      184.8263   223     5450.0000      Cuts: 69     3166   96.61%
      0     0      184.9228   235     5450.0000      Cuts: 60     3342   96.61%
      0     0      184.9843   224     5450.0000      Cuts: 53     3480   96.61%
      0     0      185.1571   222     5450.0000      Cuts: 51     3627   96.60%
      0     0      185.2580   216     5450.0000      Cuts: 42     3852   96.60%
      0     0      185.2819   216     5450.0000      Cuts: 39     3955   96.60%
      0     0      185.3101   218     5450.0000      Cuts: 29     4058   96.60%
      0     0      185.3516   213     5450.0000      Cuts: 24     4111   96.60%
      0     0      185.3526   218     5450.0000      Cuts: 14     4144   96.60%
      0     0      185.3536   220     5450.0000      Cuts: 31     4163   96.60%
      0     2      185.3536   212     5450.0000      185.3987     4163   96.60%
Elapsed time = 2.22 sec. (3002.24 ticks, tree = 0.00 MB, solutions = 1)
     30    32      210.0000   204     5450.0000      185.8825     7322   96.59%
     50    52      188.2697   196     5450.0000      185.8825     9477   96.59%
     65    67      320.0000   147     5450.0000      185.8825    12739   96.59%
     88    88      208.9211   177     5450.0000      185.8825    15742   96.59%
     99    99      240.0000   184     5450.0000      185.8825    19676   96.59%
    107   107      340.0000   156     5450.0000      185.8825    21473   96.59%
    118   118      410.0000   120     5450.0000      185.8825    26366   96.59%
    131   131      470.0000   154     5450.0000      185.8825    29518   96.59%
    140   140      310.0000   142     5450.0000      185.8825    30851   96.59%
    180   180      470.0000   111     5450.0000      185.8825    45742   96.59%
Elapsed time = 5.36 sec. (7094.29 ticks, tree = 1.64 MB, solutions = 1)
    306   306      721.4862    95     5450.0000      185.8825    56945   96.59%
*   320+  318                         2680.0000      185.8825    57808   93.06%
*   350+  348                         2390.0000      185.8825    58864   92.22%
    380   380      991.0000    41     2390.0000      185.8825    65339   92.22%
*   450+  442                         2170.0000      185.8825    75789   91.43%
*   450+  435                         1730.0000      185.8825    75789   89.26%
    450   437      204.6586   186     1730.0000      185.8825    75789   89.26%
    560   545      533.0000   198     1730.0000      533.0000   106369   69.19%
    564   547      534.0000   243     1730.0000      533.0000   109347   69.19%
    568   548      536.0000   230     1730.0000      533.0000   112800   69.19%
    574   549      539.7126   209     1730.0000      533.0000   119069   69.19%
    580   551      544.0000   218     1730.0000      533.0000   120959   69.19%
    587   554      544.9992   199     1730.0000      533.0000   123635   69.19%
    592   557      556.7091   178     1730.0000      533.0000   127151   69.19%
Elapsed time = 20.96 sec. (27667.54 ticks, tree = 11.23 MB, solutions = 5)
    615   569      565.2853   161     1730.0000      533.0000   133859   69.19%
    640   582      579.8247   145     1730.0000      533.0000   139470   69.19%
    690   595     1499.0000    73     1730.0000      533.0000   150041   69.19%
    740   620     1499.0000    43     1730.0000      533.0000   153496   69.19%
    816   652     1509.5928    20     1730.0000      533.0000   171453   69.19%
    869   670     1541.2103    19     1730.0000      533.0000   187646   69.19%
    925   661      534.0168   211     1730.0000      533.0000   196752   69.19%
    930   664      677.2738   154     1730.0000      533.0000   205418   69.19%
    950   674      543.9168   222     1730.0000      533.0000   217070   69.19%
    971   687      848.8131   130     1730.0000      533.0000   224174   69.19%
Elapsed time = 28.60 sec. (38054.66 ticks, tree = 8.21 MB, solutions = 5)
    995   701      569.9289   166     1730.0000      533.0000   233735   69.19%
   1034   720      608.5719   129     1730.0000      533.0000   245889   69.19%
   1061   736      807.9201   103     1730.0000      533.0000   254023   69.19%
   1093   745     1239.6341    84     1730.0000      533.0000   265486   69.19%
   1160   773     1515.0000    40     1730.0000      533.0000   273655   69.19%
   1265   802      533.0000   216     1730.0000      533.0000   298084   69.19%
   1268   804      535.3841   215     1730.0000      533.9196   305612   69.14%
   1294   823      581.7156   186     1730.0000      533.9196   309932   69.14%
   1351   858      740.7860   112     1730.0000      533.9196   320152   69.14%
   1396   883     1321.2678    83     1730.0000      534.0000   334024   69.13%
Elapsed time = 36.42 sec. (48399.67 ticks, tree = 5.34 MB, solutions = 5)
   1528   920     1377.8171    34     1730.0000      534.0000   348519   69.13%
   1564   930      537.4558   235     1730.0000      534.0000   356910   69.13%
   1604   950      732.4800   143     1730.0000      534.0000   369917   69.13%
   1673   971      992.4113   116     1730.0000      534.0000   379515   69.13%
   1767  1003      880.0126   139     1730.0000      534.0168   390047   69.13%
   1791  1020     1283.0000   115     1730.0000      534.0168   401982   69.13%
   1854  1071     1405.8477    85     1730.0000      534.0168   412584   69.13%
   1900  1108      611.0658   189     1730.0000      534.0168   421993   69.13%
   1947  1151      929.0804   122     1730.0000      534.0168   432443   69.13%
   1993  1191     1385.0000    89     1730.0000      534.0168   443378   69.13%
Elapsed time = 43.93 sec. (58326.93 ticks, tree = 2.48 MB, solutions = 5)
   2080  1258     1422.0000    53     1730.0000      534.0168   451660   69.13%
   2175  1341      566.9625   212     1730.0000      534.0211   461749   69.13%
   2218  1381     1177.0000    86     1730.0000      534.0211   473026   69.13%
   2362  1506      535.6196   231     1730.0000      534.0389   486443   69.13%
   2384  1528      837.4817   115     1730.0000      534.0389   495997   69.13%
   2419  1562     1424.7055    94     1730.0000      534.0389   510944   69.13%
   2471  1607     1399.0000    69     1730.0000      534.0389   522206   69.13%
   2562  1681      535.6436   220     1730.0000      534.1085   534535   69.13%
   2609  1727     1326.9182   120     1730.0000      534.1085   549834   69.13%
   2762  1850      684.4228   144     1730.0000      534.1085   560075   69.13%
Elapsed time = 51.81 sec. (68469.30 ticks, tree = 3.74 MB, solutions = 5)
   2803  1889     1172.8947   124     1730.0000      534.1085   574585   69.13%
   2903  1981     1391.0000    66     1730.0000      534.1085   580127   69.13%
   2931  2008     1394.0000    50     1730.0000      534.1085   586404   69.13%
   3019  2091     1344.0428   101     1730.0000      534.7744   591550   69.09%
   3141  2196     1422.0000    50     1730.0000      534.7744   597665   69.09%
   3200  2252      655.4559   142     1730.0000      534.8752   603612   69.08%
   3240  2289      771.0000   127     1730.0000      534.8752   609400   69.08%
   3293  2336      943.0000    83     1730.0000      534.8752   614600   69.08%
   3362  2399      538.1697   225     1730.0000      535.6109   620511   69.04%
   3410  2444     1349.5424    71     1730.0000      535.6109   626518   69.04%
Elapsed time = 59.50 sec. (78349.37 ticks, tree = 14.89 MB, solutions = 5)
   3442  2469     1367.6594    56     1730.0000      535.6109   632359   69.04%
   3498  2519     1374.0000    38     1730.0000      535.6109   640421   69.04%
   3558  2566     1388.0000    17     1730.0000      535.6109   649492   69.04%
   3651  2652     1406.0000    87     1730.0000      535.6151   654823   69.04%
   3747  2742     1445.0000    52     1730.0000      535.6151   662092   69.04%
   3825  2811     1339.7567    89     1730.0000      535.6196   667381   69.04%
   3941  2918     1377.0000    52     1730.0000      535.6196   675018   69.04%
   3987  2962     1304.6898   116     1730.0000      535.6236   680308   69.04%
   4023  2993     1400.4707    76     1730.0000      535.6236   685668   69.04%
   4110  3077     1438.0000    49     1730.0000      535.6236   692707   69.04%
Elapsed time = 67.17 sec. (88161.53 ticks, tree = 33.37 MB, solutions = 5)
   4189  3150     1088.2241   119     1730.0000      535.6369   699699   69.04%
   4263  3216     1330.8934    78     1730.0000      535.6369   705625   69.04%
   4322  3264     1394.0000    64     1730.0000      535.6369   711596   69.04%
   4365  3307      917.7620   140     1730.0000      535.6492   718691   69.04%
   4386  3326     1317.8054    87     1730.0000      535.6492   724544   69.04%
   4476  3409     1340.0000    25     1730.0000      535.6492   730245   69.04%
   4515  3440     1353.9141    18     1730.0000      535.6492   741196   69.04%
*  4542  3443      integral     0     1600.0000      535.6492   748762   66.52%
*  4560+ 3457                         1590.0000      535.6654   749935   66.31%
   4601  3498     1312.3936    85     1590.0000      535.6654   752587   66.31%
   4655  3545     1371.2469    60     1590.0000      535.6654   759264   66.31%
Elapsed time = 74.79 sec. (97917.41 ticks, tree = 47.47 MB, solutions = 7)
   4743  3631     1374.4435    44     1590.0000      535.6654   768433   66.31%
   4804  3691      850.8567   115     1590.0000      535.7612   772427   66.30%
   4886  3765     1379.0000    57     1590.0000      535.7612   778428   66.30%
   4969  3843      549.8851   205     1590.0000      535.7739   785831   66.30%
   5076  3944     1375.0000    59     1590.0000      535.7739   791644   66.30%
   5190  4054     1085.8507   114     1590.0000      536.0586   798811   66.29%
   5282  4139     1410.4337    54     1590.0000      536.0586   804936   66.29%
   5373  4230     1306.1080   116     1590.0000      536.1446   811751   66.28%
   5424  4276     1344.7643    54     1590.0000      536.1446   818110   66.28%
*  5560+ 4162                         1500.0000      536.1446   847561   64.26%
   5647  4244     1366.7035    65     1500.0000      536.5906   852716   64.23%
Elapsed time = 84.56 sec. (110536.33 ticks, tree = 73.61 MB, solutions = 8)
   6114  4694     1407.0000    57     1500.0000      537.4411   876931   64.17%
   6382  4951     1110.3502   115     1500.0000      537.4565   900013   64.17%
*  6560+ 4744                         1430.0000      537.4565   928056   62.42%
   6560  4743     1443.6240    12     1430.0000      537.4565   928056   62.42%
*  6660+ 4662                         1420.0000      537.4565   932180   62.15%
*  6660+ 4454                         1410.0000      537.4565   932180   61.88%
   6938  4708      538.2507   218     1410.0000      537.4703   954850   61.88%
   7343  5096     1404.0000    41     1410.0000      537.4722   982919   61.88%
   7522  5248      537.5953   213     1410.0000      537.5953  1008378   61.87%
*  7560+ 4044                         1390.0000      537.5953  1010037   61.32%
   7791  4271     1087.4674   117     1390.0000      537.6345  1024105   61.32%
   8162  4621      917.6802   132     1390.0000      537.7682  1052507   61.31%
   8409  4852     1380.7550    27     1390.0000      537.9638  1084140   61.30%
   8733  5136     1385.0062    38     1390.0000      538.4455  1104619   61.26%
Elapsed time = 114.68 sec. (149530.37 ticks, tree = 97.65 MB, solutions = 12)
   9047  5411     1375.0000    52     1390.0000      539.3286  1126893   61.20%
   9494  5819     1351.6054    62     1390.0000      539.3785  1160473   61.20%
   9807  6116     1371.0000    51     1390.0000      539.3790  1186314   61.20%
  10173  6464      700.9716   144     1390.0000      539.5787  1213342   61.18%
* 10720+ 4782                         1370.0000      539.7943  1237166   60.60%
* 10720+ 3626                         1350.0000      539.7943  1237166   60.02%
  10720  3625     1374.0000    57     1350.0000      539.7943  1237166   60.02%
  11001  3879        cutoff           1350.0000      540.2640  1258249   59.98%
  11335  4144      628.4096   163     1350.0000      541.4370  1280494   59.89%
  11701  4465    infeasible           1350.0000      541.5035  1302956   59.89%
  12068  4792      543.9789   198     1350.0000      541.7360  1323716   59.87%
  12371  5075     1324.3230   116     1350.0000      541.9292  1348158   59.86%
Elapsed time = 159.92 sec. (204659.61 ticks, tree = 85.94 MB, solutions = 14)
  12698  5363        cutoff           1350.0000      542.0643  1376654   59.85%
  13066  5686      556.5343   207     1350.0000      543.5560  1400182   59.74%
  13485  6067     1115.9976   114     1350.0000      543.6507  1423904   59.73%
  13817  6366      559.9175   183     1350.0000      543.9168  1442496   59.71%
  14143  6666     1348.5672    89     1350.0000      543.9168  1463297   59.71%
  14366  6855      558.8950   180     1350.0000      543.9168  1481651   59.71%
  14562  7007      545.3401   214     1350.0000      544.1036  1504557   59.70%
  14837  7257     1087.4196   128     1350.0000      544.2495  1527721   59.69%
  15139  7531     1085.9198   129     1350.0000      544.2876  1551074   59.68%
  15464  7824     1115.2252   116     1350.0000      544.9992  1573311   59.63%
Elapsed time = 189.09 sec. (243811.61 ticks, tree = 142.62 MB, solutions = 14)
  15761  8100      908.1371    98     1350.0000      544.9992  1596642   59.63%
  15983  8294      604.1280   163     1350.0000      545.3243  1618896   59.61%
  16262  8528     1340.3009   100     1350.0000      545.4518  1652717   59.60%
  16562  8780        cutoff           1350.0000      545.8157  1674034   59.57%
  16893  9071     1134.7068   114     1350.0000      545.9121  1696892   59.56%
  17165  9306     1342.7465    69     1350.0000      546.1605  1720697   59.54%
  17507  9591     1089.6954   120     1350.0000      546.2618  1749586   59.54%
  17780  9812      555.6137   188     1350.0000      546.4474  1770921   59.52%
  18030 10037      736.1861   143     1350.0000      546.8879  1795207   59.49%
  18470 10422     1127.0188   109     1350.0000      547.7995  1818606   59.42%
Elapsed time = 218.82 sec. (282372.06 ticks, tree = 195.93 MB, solutions = 14)
  18811 10710      909.0532   112     1350.0000      548.0000  1836149   59.41%
  19126 10988     1322.1807    70     1350.0000      548.2553  1860923   59.39%
  19395 11217     1338.0242   113     1350.0000      548.3463  1880625   59.38%
  19760 11545     1118.2272   103     1350.0000      548.4924  1900838   59.37%
  20031 11792     1129.3151   104     1350.0000      548.5115  1925438   59.37%
  20234 11961     1086.4230   138     1350.0000      548.5861  1948342   59.36%
  20551 12243     1129.3151   102     1350.0000      548.6826  1966410   59.36%
  20884 12533     1172.4540   117     1350.0000      548.9185  1986085   59.34%
  21118 12727      574.2034   181     1350.0000      549.1034  2006491   59.33%
  21379 12958     1119.0573   114     1350.0000      549.7270  2025645   59.28%
Elapsed time = 246.61 sec. (320946.35 ticks, tree = 235.58 MB, solutions = 14)
  21583 13131     1156.4818   111     1350.0000      550.1025  2042452   59.25%
  21787 13306     1124.8436   112     1350.0000      550.4973  2062377   59.22%
  21968 13457     1086.2397   121     1350.0000      550.6288  2083645   59.21%
  22249 13691     1300.9950   119     1350.0000      550.6867  2104503   59.21%
  22575 13977     1123.3033   105     1350.0000      550.7929  2129340   59.20%
  22889 14248     1136.4849   105     1350.0000      550.8583  2148950   59.20%
  23134 14454     1118.9027   124     1350.0000      550.8888  2173928   59.19%
  23511 14792     1133.4381    86     1350.0000      551.1674  2197486   59.17%
  23776 15035     1344.0000    28     1350.0000      551.3350  2218587   59.16%
  24061 15274     1088.0231   100     1350.0000      551.4471  2244728   59.15%
Elapsed time = 275.44 sec. (359783.15 ticks, tree = 278.77 MB, solutions = 14)
  24318 15488     1086.8540   118     1350.0000      551.6197  2266867   59.14%
  24613 15749     1332.8145   122     1350.0000      552.1624  2287459   59.10%
  24891 15985     1320.1383    97     1350.0000      552.5787  2310439   59.07%
  25183 16239      783.0176   126     1350.0000      552.8064  2332348   59.05%
  25471 16499     1116.9977   113     1350.0000      553.0266  2353708   59.04%
  25643 16648     1177.5898   116     1350.0000      553.1656  2373257   59.02%
  25860 16831     1092.4298   122     1350.0000      553.4301  2396315   59.01%
  26182 17109     1192.6355   112     1350.0000      553.5016  2418745   59.00%
  26480 17373     1344.1860    31     1350.0000      553.5777  2441011   58.99%
  26705 17571     1347.0000    29     1350.0000      553.6076  2467623   58.99%
Elapsed time = 303.82 sec. (398297.93 ticks, tree = 316.65 MB, solutions = 14)
  26928 17759    infeasible           1350.0000      553.6747  2499503   58.99%
  27172 17973      620.1011   175     1350.0000      553.7281  2518518   58.98%
  27410 18171      627.6117   148     1350.0000      553.8161  2543041   58.98%
  27630 18361     1087.7032   128     1350.0000      553.9273  2559001   58.97%
  28002 18697     1116.4516   107     1350.0000      554.0448  2578024   58.96%
  28192 18866     1111.1542   123     1350.0000      554.0988  2596809   58.96%
  28359 18992     1085.0487   136     1350.0000      554.1227  2623443   58.95%
  28592 19203     1145.4142   124     1350.0000      554.1915  2642128   58.95%
  28840 19422     1087.2213   125     1350.0000      554.2777  2664011   58.94%
  29066 19628     1338.5239   116     1350.0000      554.4732  2682830   58.93%
Elapsed time = 332.14 sec. (437004.19 ticks, tree = 357.52 MB, solutions = 14)
  29284 19797     1141.4214   125     1350.0000      554.8014  2704872   58.90%
  29560 20032     1105.8643   105     1350.0000      554.9519  2725850   58.89%
  29852 20276     1349.0000    31     1350.0000      555.3705  2746274   58.86%
  30092 20480     1345.7188    75     1350.0000      555.4461  2775123   58.86%
  30385 20733     1345.0000    34     1350.0000      555.7271  2796958   58.84%
  30666 20953     1111.8272   139     1350.0000      556.0362  2821017   58.81%
  30980 21217     1130.3471   110     1350.0000      556.3179  2843730   58.79%
  31358 21549      631.4123   142     1350.0000      556.4550  2866510   58.78%
  31702 21855     1085.2442   123     1350.0000      556.6241  2887200   58.77%
  32210 22307      900.1146   136     1350.0000      556.7047  2906389   58.76%
Elapsed time = 360.34 sec. (475693.40 ticks, tree = 410.18 MB, solutions = 14)
  32384 22469     1338.8934    38     1350.0000      556.7056  2934176   58.76%
  32667 22708    infeasible           1350.0000      556.7982  2958246   58.76%
  32929 22942      612.3634   169     1350.0000      556.9820  2980838   58.74%
  33227 23205     1089.4597   116     1350.0000      557.1116  3003655   58.73%
  33529 23465     1012.0828    96     1350.0000      557.2196  3026184   58.72%
  33849 23751     1124.4553   114     1350.0000      557.3067  3052203   58.72%
  34118 23981     1116.3475   137     1350.0000      557.3599  3078806   58.71%
  34394 24227        cutoff           1350.0000      557.8880  3100963   58.67%
  34668 24461      849.4677   123     1350.0000      558.2730  3121715   58.65%
  34933 24697     1338.0000    72     1350.0000      558.3433  3145659   58.64%
Elapsed time = 388.48 sec. (514301.93 ticks, tree = 455.77 MB, solutions = 14)
  35184 24923     1109.7232   113     1350.0000      558.4140  3174828   58.64%
  35378 25083     1117.4007   113     1350.0000      558.6099  3203777   58.62%
  35585 25250    infeasible           1350.0000      558.7633  3230157   58.61%
  35821 25455     1112.8325   119     1350.0000      558.8566  3250309   58.60%
  36068 25663     1117.7218   110     1350.0000      559.1617  3272018   58.58%
  36295 25857     1085.0487   129     1350.0000      559.5214  3293485   58.55%
  36664 26181      559.6439   186     1350.0000      559.6366  3311719   58.55%
  36988 26465      993.3341   116     1350.0000      559.8193  3332503   58.53%
  37284 26720     1110.8572   131     1350.0000      559.8739  3353121   58.53%
  37543 26942     1091.0118   130     1350.0000      560.0778  3373859   58.51%
Elapsed time = 416.94 sec. (553063.76 ticks, tree = 500.45 MB, solutions = 14)
  37797 27162     1085.6759   109     1350.0000      560.1005  3396368   58.51%
  38094 27423     1111.5843   127     1350.0000      560.1407  3417144   58.51%
  38398 27688      573.6786   186     1350.0000      560.2248  3438181   58.50%
  38587 27849     1085.9331   142     1350.0000      560.3206  3454687   58.49%
  38897 28124     1348.5959    99     1350.0000      560.4464  3480273   58.49%
  39172 28337     1089.1397   134     1350.0000      560.5574  3503666   58.48%
  39453 28583     1158.2158   121     1350.0000      560.7830  3528189   58.46%
  39690 28794     1341.0000    43     1350.0000      560.9701  3551289   58.45%
  40035 29087      655.2873   151     1350.0000      561.3745  3577297   58.42%
  40242 29273     1109.5277   105     1350.0000      561.4452  3607744   58.41%
Elapsed time = 445.36 sec. (591849.20 ticks, tree = 549.39 MB, solutions = 14)
  40475 29476     1193.4450   103     1350.0000      561.5601  3630912   58.40%
  40709 29670     1139.6877   138     1350.0000      561.8255  3648621   58.38%
  40960 29885     1114.6780   117     1350.0000      561.8862  3670789   58.38%
  41251 30133     1118.3643   104     1350.0000      562.1169  3693958   58.36%
  41498 30345     1132.0226    98     1350.0000      562.4405  3717338   58.34%
  41651 30477      719.4372   120     1350.0000      562.6496  3740281   58.32%
  41833 30621     1333.7010    89     1350.0000      562.8925  3763918   58.30%
  42165 30925     1340.6618    42     1350.0000      562.9785  3786169   58.30%
  42466 31173      709.3771   104     1350.0000      563.0000  3810569   58.30%
  42648 31333     1338.0000    49     1350.0000      563.0802  3831705   58.29%
Elapsed time = 473.78 sec. (630373.91 ticks, tree = 583.71 MB, solutions = 14)
  43001 31642     1339.1667    57     1350.0000      563.1800  3856045   58.28%
  43433 32026     1320.4893   101     1350.0000      563.2839  3882165   58.28%
  43707 32267     1158.6799   109     1350.0000      563.4225  3902569   58.26%
  44058 32575     1098.8085   139     1350.0000      563.5447  3926251   58.26%
  44395 32867        cutoff           1350.0000      563.6258  3948779   58.25%
  44645 33080     1346.6667    31     1350.0000      563.6519  3967945   58.25%
  44876 33273        cutoff           1350.0000      563.7474  3991347   58.24%
  45166 33516     1087.8509   136     1350.0000      563.8066  4018485   58.24%
  45414 33738     1344.1860    33     1350.0000      563.9184  4042447   58.23%
  45663 33954     1088.6013   134     1350.0000      564.0240  4062775   58.22%
Elapsed time = 502.51 sec. (669119.66 ticks, tree = 639.80 MB, solutions = 14)
  45897 34162        cutoff           1350.0000      564.1438  4084938   58.21%
  46184 34415        cutoff           1350.0000      564.2770  4106610   58.20%
  46366 34571     1343.7286    56     1350.0000      564.6566  4129627   58.17%
  46656 34842     1339.0000    60     1350.0000      564.7600  4156081   58.17%
  46918 35068     1339.0200    86     1350.0000      564.9104  4178163   58.15%
  47202 35319     1338.7561    61     1350.0000      565.0102  4199050   58.15%
  47490 35579      565.3708   183     1350.0000      565.0667  4222036   58.14%
  47750 35806     1108.7174   129     1350.0000      565.1425  4247774   58.14%
  48017 36038     1334.0527    91     1350.0000      565.3416  4270694   58.12%
  48251 36223     1332.0402    62     1350.0000      565.4465  4292608   58.12%
Elapsed time = 531.19 sec. (707527.50 ticks, tree = 678.71 MB, solutions = 14)
  48399 36351     1341.0000    25     1350.0000      565.4465  4327624   58.12%
  48578 36497     1335.5569    98     1350.0000      565.6018  4352739   58.10%
  48874 36749     1121.4333   106     1350.0000      565.9809  4375612   58.08%
  49066 36909     1110.8449   108     1350.0000      566.0166  4403637   58.07%
  49230 37055      634.3513   127     1350.0000      566.0745  4420662   58.07%
  49360 37164      612.9572   137     1350.0000      566.1016  4435059   58.07%
  49560 37336      635.7692   151     1350.0000      566.4179  4454249   58.04%
  49717 37456     1105.9352   120     1350.0000      566.4477  4475342   58.04%
  49960 37665      666.0900   158     1350.0000      566.5948  4487414   58.03%
  50256 37924     1087.7268   119     1350.0000      566.6276  4505765   58.03%
Elapsed time = 562.74 sec. (748433.17 ticks, tree = 708.58 MB, solutions = 14)
  50400 38057     1340.0000    35     1350.0000      566.6329  4514658   58.03%
  50660 38289     1085.6759   112     1350.0000      566.6778  4532120   58.02%
  50934 38520     1336.2851   111     1350.0000      566.8264  4553906   58.01%
  51160 38711     1349.0000    43     1350.0000      566.9035  4567760   58.01%
  51420 38941      629.2209   164     1350.0000      566.9365  4597438   58.00%
  51649 39139     1136.4849   119     1350.0000      566.9973  4615928   58.00%
  51860 39325     1095.0827   137     1350.0000      567.0450  4632282   58.00%
  52080 39520     1085.0733   124     1350.0000      567.1517  4647756   57.99%
  52273 39696     1112.8938   111     1350.0000      567.1818  4662100   57.99%
  52460 39855     1346.5743    71     1350.0000      567.2401  4681459   57.98%
Elapsed time = 595.07 sec. (789636.02 ticks, tree = 740.46 MB, solutions = 14)
  52660 40024     1086.9014   131     1350.0000      567.2935  4699317   57.98%

GUB cover cuts applied:  1
Clique cuts applied:  1
Cover cuts applied:  1
Implied bound cuts applied:  86
Flow cuts applied:  188
Mixed integer rounding cuts applied:  138
Zero-half cuts applied:  2
Lift and project cuts applied:  31

Root node processing (before b&c):
  Real time             =    2.20 sec. (2978.59 ticks)
Sequential b&c:
  Real time             =  597.81 sec. (793061.43 ticks)
                          ------------
Total (root+branch&cut) =  600.00 sec. (796040.02 ticks)
