Tried aggregator 3 times.
MIP Presolve eliminated 2777 rows and 338 columns.
MIP Presolve modified 638 coefficients.
Aggregator did 66 substitutions.
Reduced MIP has 2838 rows, 5228 columns, and 19210 nonzeros.
Reduced MIP has 2681 binaries, 2 generals, 0 SOSs, and 0 indicators.
Presolve time = 0.03 sec. (27.40 ticks)
Found incumbent of value 7150.000000 after 0.05 sec. (52.55 ticks)
Probing time = 0.01 sec. (4.63 ticks)
Tried aggregator 1 time.
Reduced MIP has 2838 rows, 5228 columns, and 19210 nonzeros.
Reduced MIP has 2681 binaries, 47 generals, 0 SOSs, and 0 indicators.
Presolve time = 0.01 sec. (9.83 ticks)
Probing time = 0.01 sec. (4.42 ticks)
Clique table members: 8216.
MIP emphasis: balance optimality and feasibility.
MIP search method: dynamic search.
Parallel mode: none, using 1 thread.
Root relaxation solution time = 0.10 sec. (163.92 ticks)

        Nodes                                         Cuts/
   Node  Left     Objective  IInf  Best Integer    Best Bound    ItCnt     Gap

*     0+    0                         7150.0000        0.0000     1371  100.00%
      0     0      143.0147   236     7150.0000      143.0147     1371   98.00%
      0     0      144.0000   215     7150.0000       Cuts: 9     2300   97.99%
      0     0      267.8079   215     7150.0000     Cuts: 118     3793   96.25%
      0     0      278.4099   186     7150.0000      Cuts: 55     4617   96.11%
      0     0      278.4099   179     7150.0000      Cuts: 54     4715   96.11%
      0     0      278.4099   178     7150.0000      Cuts: 55     4793   96.11%
      0     0      278.4099   183     7150.0000       Cuts: 7     4968   96.11%
*     0+    0                         5110.0000      278.4099     4968   94.55%
*     0+    0                         4430.0000      278.4099     4968   93.72%
      0     2      278.4099   171     4430.0000      278.4099     4968   93.72%
Elapsed time = 2.61 sec. (3874.42 ticks, tree = 0.00 MB, solutions = 3)
     21    23      278.7979   185     4430.0000      278.4099     6809   93.72%
     33    35      280.3478   174     4430.0000      278.4099     8235   93.72%
     46    48      278.7979   184     4430.0000      278.4099     9946   93.72%
     56    58      278.4167   174     4430.0000      278.4099    11483   93.72%
     67    69      278.4267   186     4430.0000      278.4099    13377   93.72%
     79    81      280.3298   171     4430.0000      278.4099    14790   93.72%
     88    90      283.1635   169     4430.0000      278.4099    16466   93.72%
    155   155      295.7505   150     4430.0000      278.4099    17991   93.72%
    160   160      295.7505   150     4430.0000      278.4099    17996   93.72%
    214   214      308.9184   138     4430.0000      278.4099    26881   93.72%
Elapsed time = 4.68 sec. (7242.51 ticks, tree = 1.00 MB, solutions = 3)
    371   371      381.2772    95     4430.0000      278.4099    37193   93.72%
*   490+  488                         4290.0000      278.4099    44080   93.51%
*   490+  488                         2630.0000      278.4099    44080   89.41%
*   490+  488                         2620.0000      278.4099    44080   89.37%
    490   490      420.7733    82     2620.0000      278.4099    44080   89.37%
*   492+  326                         2490.0000      829.2047    64333   66.70%
    492   327      830.0000   164     2490.0000      830.0000    64333   66.67%
    496   327      832.0000   208     2490.0000      830.0000    66382   66.67%
    502   327      841.0000   206     2490.0000      830.0000    67863   66.67%
    508   328      847.0000   206     2490.0000      830.0000    69908   66.67%
    512   327      851.7073   202     2490.0000      830.0000    72744   66.67%
    515   326      854.7500   203     2490.0000      830.0000    76096   66.67%
    519   326      857.9487   196     2490.0000      830.0000    80848   66.67%
    527   332      858.0000   176     2490.0000      830.0000    81180   66.67%
Elapsed time = 19.27 sec. (26645.27 ticks, tree = 1.22 MB, solutions = 7)
    538   331     1004.2979   152     2490.0000      830.0000    85999   66.67%
    544   331     1003.8828   162     2490.0000      830.0000    90195   66.67%
    557   332     1003.8828   158     2490.0000      830.0000    94487   66.67%
    572   337     1003.8828   153     2490.0000      830.0000    99999   66.67%
    580   337      902.1215   178     2490.0000      830.0000   105950   66.67%
    585   338      908.2931   154     2490.0000      830.0000   110596   66.67%
*   592+  245                         2420.0000      830.0000   113417   65.70%
    592   245     1003.8828   131     2420.0000      830.0000   113417   65.70%
    605   245      957.1635   148     2420.0000      830.0000   119083   65.70%
    623   248     1025.0000   148     2420.0000      830.0000   123463   65.70%
    649   255     1231.0000   140     2420.0000      830.0000   128558   65.70%
Elapsed time = 27.52 sec. (37512.90 ticks, tree = 2.74 MB, solutions = 8)
    661   256     1555.1380   119     2420.0000      830.0000   130994   65.70%
    690   266     2285.5979   122     2420.0000      830.0000   136360   65.70%
    702   271     2286.0000   114     2420.0000      830.0000   137059   65.70%
    722   283     2286.0000   104     2420.0000      830.0000   138902   65.70%
    745   296     2299.0893    66     2420.0000      830.0000   142768   65.70%
    779   308     2286.0000    72     2420.0000      830.0000   154562   65.70%
    825   327     2297.0606    39     2420.0000      830.0000   177456   65.70%
    864   343     2397.0000    52     2420.0000      830.0000   200190   65.70%
    888   350     2397.0000    53     2420.0000      830.0000   218685   65.70%
    920   360     2398.0000    36     2420.0000      830.0000   240685   65.70%
Elapsed time = 35.52 sec. (47515.87 ticks, tree = 7.52 MB, solutions = 8)
    947   358      830.0000   164     2420.0000      830.0000   264765   65.70%
    957   365     1030.3103   122     2420.0000      830.0000   270602   65.70%
    971   371     1072.9460   132     2420.0000      830.0000   281643   65.70%
    983   379     1129.6908   145     2420.0000      830.0000   289457   65.70%
    992   383      978.3868   162     2420.0000      830.0000   296652   65.70%
    999   388     1329.4315   129     2420.0000      830.0000   305114   65.70%
   1010   395     1226.3726   152     2420.0000      830.0000   314750   65.70%
   1021   401     1724.0026   166     2420.0000      830.0000   324708   65.70%
   1071   446     2385.0000   117     2420.0000      830.0000   331271   65.70%
   1153   528     2385.0000    94     2420.0000      830.0000   338069   65.70%
Elapsed time = 43.55 sec. (58416.71 ticks, tree = 13.32 MB, solutions = 8)
   1205   575     2385.0000    57     2420.0000      830.0000   354390   65.70%
   1233   595     2385.0000    46     2420.0000      830.0000   371151   65.70%
   1269   622     2386.0000    31     2420.0000      830.0000   398096   65.70%
   1291   632      970.9983   146     2420.0000      831.8367   411276   65.63%
   1303   644      977.1328   144     2420.0000      831.8367   417918   65.63%
   1314   655     1082.1051   156     2420.0000      831.8367   423294   65.63%
   1327   668     1343.6569   132     2420.0000      831.8367   427165   65.63%
   1346   686     2284.0000   125     2420.0000      831.8367   432874   65.63%
   1441   781     2395.0000    86     2420.0000      831.8367   441118   65.63%
   1511   851     1082.1051   154     2420.0000      833.3492   453237   65.56%
Elapsed time = 50.96 sec. (68289.74 ticks, tree = 20.20 MB, solutions = 8)
   1530   870     1943.6444   132     2420.0000      833.3492   465024   65.56%
   1588   927     2395.0000   119     2420.0000      833.3492   469551   65.56%
   1701  1039      970.8478   149     2420.0000      833.9583   479637   65.54%
   1719  1057     1209.6197   160     2420.0000      833.9583   486233   65.54%
   1741  1076     2269.5080   137     2420.0000      833.9583   493558   65.54%
   1849  1182     2395.0000   105     2420.0000      833.9583   499458   65.54%
   1908  1241     1222.5355   162     2420.0000      836.1702   510686   65.45%
   1930  1263     1347.7857   144     2420.0000      836.1702   521834   65.45%
   1983  1315     2395.0000   121     2420.0000      836.1702   527323   65.45%
   2070  1402     2395.0000    92     2420.0000      836.1702   532651   65.45%
Elapsed time = 58.65 sec. (78088.81 ticks, tree = 31.68 MB, solutions = 8)
   2110  1442     1038.5660   153     2420.0000      837.8551   544443   65.38%
   2173  1504     2395.0000   115     2420.0000      837.8551   552286   65.38%
   2237  1568     2395.0000    94     2420.0000      837.8551   555384   65.38%
   2304  1633     1130.4530   148     2420.0000      838.4783   572175   65.35%
   2355  1681     2385.0000   101     2420.0000      838.4783   582793   65.35%
   2460  1783     2395.0465    63     2420.0000      838.4783   593306   65.35%
   2501  1823     1345.2197   165     2420.0000      842.7719   605994   65.17%
   2517  1839     1943.6448   128     2420.0000      842.7719   615881   65.17%
   2535  1857     1953.0000   129     2420.0000      842.7719   624652   65.17%
   2668  1990     2395.0000   105     2420.0000      842.7719   631535   65.17%
Elapsed time = 66.63 sec. (87851.09 ticks, tree = 42.73 MB, solutions = 8)
   2712  2034     1918.5035   136     2420.0000      843.4091   641437   65.15%
   2743  2063     2387.0000   141     2420.0000      843.4091   650011   65.15%
   2845  2165     2387.0000   133     2420.0000      843.4091   653933   65.15%
   2910  2229     2282.0293   116     2420.0000      846.0465   667564   65.04%
   2930  2248     2284.0000   146     2420.0000      846.0465   675048   65.04%
   3094  2411     1003.8828   149     2420.0000      848.1583   684001   64.95%
   3113  2430     2282.0293   113     2420.0000      848.1583   695386   64.95%
   3171  2487     2395.0000   108     2420.0000      848.1583   703472   64.95%
   3279  2594     2405.0000   128     2420.0000      848.1583   710042   64.95%
   3303  2618     2266.9978   133     2420.0000      848.4009   718288   64.94%
Elapsed time = 74.76 sec. (97603.96 ticks, tree = 52.64 MB, solutions = 8)
   3356  2669     2386.0000   110     2420.0000      848.4009   726149   64.94%
   3430  2739     2393.6639    69     2420.0000      848.4009   738602   64.94%
   3466  2764     2386.0000    70     2420.0000      848.4009   752802   64.94%
   3494  2783      954.2828   170     2420.0000      848.8095   768012   64.93%
   3522  2811     1941.9997   135     2420.0000      848.8095   776177   64.93%
   3584  2872     2394.0000   107     2420.0000      848.8095   784887   64.93%
   3694  2982     1037.9324   147     2420.0000      851.7073   792299   64.81%
   3725  3013     1942.0000   119     2420.0000      851.7073   803960   64.81%
   3762  3049     2404.0000   112     2420.0000      851.7073   809599   64.81%
   4115  3400     1942.0000   129     2420.0000      855.0000   848218   64.67%
Elapsed time = 85.32 sec. (110283.63 ticks, tree = 64.32 MB, solutions = 8)
   4399  3678     2394.0000   101     2420.0000      857.2583   885717   64.58%
   4592  3862     2387.0000   133     2420.0000      857.9487   915492   64.55%
   4903  4169     2282.0291   129     2420.0000      858.0000   952153   64.55%
   5240  4503     2394.0000    71     2420.0000      858.0000   987117   64.55%
   5485  4734     2408.0000    61     2420.0000      858.0000  1028492   64.55%
   5785  5029     2394.0000   118     2420.0000      858.0000  1058369   64.55%
   6132  5371     2394.0000   141     2420.0000      858.0000  1095324   64.55%
   6336  5574     1443.0576   142     2420.0000      858.0000  1131380   64.55%
   6525  5759     1953.6329   136     2420.0000      858.0000  1166137   64.55%
   6771  6003     2395.0000   128     2420.0000      858.0000  1198896   64.55%
Elapsed time = 117.02 sec. (148983.26 ticks, tree = 102.40 MB, solutions = 8)
   7099  6330      881.2121   183     2420.0000      858.0000  1221946   64.55%
   7399  6625     2394.0000    88     2420.0000      861.3158  1261487   64.41%
   7684  6904     2395.0000   109     2420.0000      861.3158  1301112   64.41%
   7993  7211     2397.0000   118     2420.0000      861.3158  1346240   64.41%
   8306  7521     2284.5509   142     2420.0000      861.3158  1384092   64.41%
   8674  7883     2394.0000    92     2420.0000      861.3158  1433531   64.41%
   9094  8299     1342.5410   142     2420.0000      862.0000  1490680   64.38%
   9416  8613     2394.0000    95     2420.0000      862.0000  1543335   64.38%
   9718  8902     1944.0000   126     2420.0000      862.0000  1584624   64.38%
  10113  9293     1942.0000   134     2420.0000      864.8649  1621523   64.26%
Elapsed time = 150.55 sec. (187301.51 ticks, tree = 142.35 MB, solutions = 8)
  10292  9469     2394.0000    97     2420.0000      864.8649  1636595   64.26%
  10612  9738     2415.4134    28     2420.0000      864.8649  1701841   64.26%
  10784  9879     2395.0000    93     2420.0000      864.8649  1735095   64.26%
  11116 10207     1946.9323   157     2420.0000      864.8649  1773460   64.26%
  11356 10436     2398.0000   102     2420.0000      864.8649  1808617   64.26%
  11728 10803     2027.4201   127     2420.0000      864.8649  1857748   64.26%
  12132 11199     2294.2532   132     2420.0000      864.8652  1903662   64.26%
  12534 11599     2394.0000   143     2420.0000      867.8768  1962541   64.14%
  12928 11990     2025.6548   116     2420.0000      868.6111  2004718   64.11%
  13494 12553     1942.0000   130     2420.0000      868.6111  2073363   64.11%
Elapsed time = 193.99 sec. (237310.24 ticks, tree = 181.21 MB, solutions = 8)
  13951 13005     2395.0000   123     2420.0000      868.6111  2137874   64.11%
  14480 13525     2394.0000    72     2420.0000      868.6111  2190594   64.11%
  14992 14032     2395.0000   140     2420.0000      868.6200  2258978   64.11%
  15551 14587     2395.0000   117     2420.0000      872.5714  2334441   63.94%
  16108 15138     1942.0000   130     2420.0000      872.5714  2394231   63.94%
  16446 15473     2394.0000    83     2420.0000      872.5714  2436026   63.94%
  16854 15876     2395.0000   111     2420.0000      872.5714  2480441   63.94%
  17168 16186     2395.0000   102     2420.0000      876.7647  2524215   63.77%
  17515 16530     1946.9325   121     2420.0000      876.7647  2572203   63.77%
  17829 16838     2394.0000   124     2420.0000      876.7647  2613016   63.77%
Elapsed time = 230.20 sec. (276043.49 ticks, tree = 207.31 MB, solutions = 8)
  18122 17125     1959.5862   146     2420.0000      876.7647  2657740   63.77%
  18519 17516     1944.0000   135     2420.0000      876.7647  2696790   63.77%
  18903 17895     1944.0000   112     2420.0000      876.7647  2734134   63.77%
  19191 18179     2397.0000   112     2420.0000      876.7647  2766236   63.77%
  19667 18651     2394.0000    99     2420.0000      877.0000  2821178   63.76%
  20111 19066      967.7516   172     2420.0000      877.0000  2899255   63.76%
  20494 19427      877.0000   186     2420.0000      877.0000  2960028   63.76%
* 20592+19485                         2410.0000      877.0000  2980312   63.61%
  20909 19800      967.7516   163     2410.0000      877.0000  3012366   63.61%
  21426 20309     2394.0000    57     2410.0000      877.0000  3079340   63.61%
  21895 20772     1523.6500   108     2410.0000      881.2121  3135671   63.44%
Elapsed time = 263.99 sec. (314437.91 ticks, tree = 241.94 MB, solutions = 9)
  22494 21368     1943.6446   135     2410.0000      881.2121  3192026   63.44%
  23009 21882     2395.0000    92     2410.0000      881.2121  3244587   63.44%
  23692 22561     2395.0000   103     2410.0000      881.2121  3317561   63.44%
  24310 23171     1944.0000   115     2410.0000      881.2259  3390773   63.43%
  24700 23556     1941.9998   134     2410.0000      881.2530  3438000   63.43%
  25094 23945     1942.0000   121     2410.0000      881.3377  3483980   63.43%
  25513 24360     1942.0000   122     2410.0000      885.9375  3533536   63.24%
  25891 24737     2395.0000   111     2410.0000      885.9375  3569316   63.24%
  26292 25134     2394.0000   103     2410.0000      885.9375  3614196   63.24%
  26572 25409     2394.0000   115     2410.0000      885.9375  3659884   63.24%
Elapsed time = 299.48 sec. (352894.69 ticks, tree = 266.40 MB, solutions = 9)
  26991 25826     2394.0000   122     2410.0000      885.9375  3705049   63.24%
  27309 26139     2282.0291   119     2410.0000      885.9375  3736421   63.24%
  27692 26518     2395.0000   111     2410.0000      885.9375  3774419   63.24%
  28096 26917     1942.0000   123     2410.0000      885.9629  3809981   63.24%
  28505 27321     1942.0000   118     2410.0000      885.9629  3865918   63.24%
  28958 27770     2394.0000   106     2410.0000      885.9629  3929303   63.24%
  29511 28316     1946.9323   112     2410.0000      886.0000  4001481   63.24%
  29898 28699     1944.0000   132     2410.0000      886.0000  4043193   63.24%
  30401 29200     2404.1667    98     2410.0000      886.0000  4109545   63.24%
  30894 29693      891.0098   182     2410.0000      890.9677  4173036   63.03%
Elapsed time = 334.32 sec. (391854.68 ticks, tree = 301.34 MB, solutions = 9)
  31431 30223     2395.0000    75     2410.0000      890.9677  4236336   63.03%
  32060 30850     2394.0000   106     2410.0000      890.9677  4310211   63.03%
  32492 31279     2395.0000    73     2410.0000      890.9677  4360691   63.03%
  33122 31909     2025.6547   143     2410.0000      890.9755  4426513   63.03%
  33738 32519     2395.0000   113     2410.0000      890.9755  4498357   63.03%
  34297 33073     1943.6448   124     2410.0000      891.0063  4550714   63.03%
  34704 33476     1942.0000   128     2410.0000      891.0370  4603352   63.03%
  35108 33878     1944.0000   139     2410.0000      891.1267  4652728   63.02%
  35472 34236     2395.0000    81     2410.0000      892.0000  4700099   62.99%
  35735 34489     2394.0000   126     2410.0000      892.0000  4740592   62.99%
Elapsed time = 369.79 sec. (430349.31 ticks, tree = 322.71 MB, solutions = 9)
  36106 34856     1944.0000   125     2410.0000      892.0000  4779640   62.99%
  36393 35139     2394.0000    65     2410.0000      892.0000  4825963   62.99%
  36694 35436     1943.6448   144     2410.0000      896.3333  4867308   62.81%
  36945 35682     2394.0000   140     2410.0000      896.3333  4905622   62.81%
  37442 36167     2395.0000    82     2410.0000      896.3333  4961627   62.81%
  37766 36487     2394.0000   119     2410.0000      896.3333  5002206   62.81%
  38288 36988     2394.0000    61     2410.0000      896.3333  5064467   62.81%
  38773 37468     2395.0000   138     2410.0000      896.3333  5125180   62.81%
  39075 37769     2397.0000    98     2410.0000      896.3333  5152718   62.81%
  39626 38315     2394.0000    95     2410.0000      896.3538  5219288   62.81%
Elapsed time = 403.62 sec. (468618.42 ticks, tree = 359.13 MB, solutions = 9)
  40151 38838     2395.0000   119     2410.0000      896.3867  5287224   62.81%
  40698 39383     1942.0000   125     2410.0000      896.3867  5359925   62.81%
  41092 39774     2394.0000   120     2410.0000      896.4196  5405858   62.80%
  41550 40226     2395.0000   138     2410.0000      896.4902  5475065   62.80%
  42129 40802     2394.0000   127     2410.0000      897.0000  5535780   62.78%
  42711 41379     1062.7050   140     2410.0000      897.0000  5611619   62.78%
  43245 41909     2398.0000    77     2410.0000      902.0690  5672818   62.57%
  43592 42211     2394.0000   115     2410.0000      902.0690  5790890   62.57%
  44107 42721     1944.0000   147     2410.0000      902.0690  5844589   62.57%
  44520 43130     2025.6548   105     2410.0000      902.0690  5898676   62.57%
Elapsed time = 439.68 sec. (507046.04 ticks, tree = 381.40 MB, solutions = 9)
  45065 43672     2395.0000   113     2410.0000      902.0690  5944177   62.57%
  45362 43966     2397.0000   112     2410.0000      902.0690  5986686   62.57%
  45899 44503     1941.9997   122     2410.0000      902.1040  6033781   62.57%
  46323 44923     2291.9478   122     2410.0000      902.1040  6083302   62.57%
  46714 45310     1946.9325   105     2410.0000      902.1392  6138945   62.57%
  46935 45527     2395.0000   126     2410.0000      902.1392  6163810   62.57%
  47347 45936     2395.0000   106     2410.0000      902.1392  6208763   62.57%
  47692 46273     2395.0000    80     2410.0000      902.1392  6258536   62.57%
  48008 46586     2394.0000    91     2410.0000      902.1744  6309324   62.57%
  48392 46966     2404.0000    97     2410.0000      902.2540  6357607   62.56%
Elapsed time = 474.27 sec. (545822.70 ticks, tree = 413.06 MB, solutions = 9)
  48892 47460     2395.0000   108     2410.0000      903.0000  6414726   62.53%
  49322 47886     2393.3333    91     2410.0000      903.0000  6469339   62.53%
  49817 48381     2394.0000   108     2410.0000      903.0000  6527250   62.53%
  50195 48755     2394.0000   134     2410.0000      908.2143  6568997   62.31%
  50861 49387     2395.0000    97     2410.0000      908.2143  6643523   62.31%
  51292 49814     2394.0000   113     2410.0000      908.2143  6693901   62.31%
  51882 50404     2394.0000   123     2410.0000      908.2143  6757631   62.31%
  52114 50635     1951.9359   161     2410.0000      908.2282  6790443   62.31%
  52727 51242     2394.0000   117     2410.0000      908.2282  6863359   62.31%
  53363 51874     2397.0000    98     2410.0000      908.2667  6932252   62.31%
Elapsed time = 510.08 sec. (584503.48 ticks, tree = 443.29 MB, solutions = 9)
  53962 52463     2395.0000   118     2410.0000      908.3037  7013036   62.31%
  54579 53078     2394.0000   108     2410.0000      908.3037  7092113   62.31%
  55266 53761     2395.0000   120     2410.0000      908.3044  7165156   62.31%
  55779 54272     2394.0000   100     2410.0000      908.3950  7245944   62.31%
  56253 54743     2394.0000   114     2410.0000      909.0000  7296040   62.28%
  56694 55179     1523.6500   140     2410.0000      914.8148  7347096   62.04%
  57134 55609     2403.6499    62     2410.0000      914.8148  7396229   62.04%
  57453 55874     2394.0000    97     2410.0000      914.8148  7464708   62.04%
  57811 56196     2395.0000   136     2410.0000      914.8148  7527570   62.04%
  58092 56468     2397.0000    64     2410.0000      914.8148  7560645   62.04%
Elapsed time = 546.91 sec. (624269.62 ticks, tree = 461.91 MB, solutions = 9)
  58297 56609     2394.0000   122     2410.0000      914.8148  7632152   62.04%
  58466 56778     2394.0000   103     2410.0000      914.8148  7643175   62.04%
  58692 56980     2394.0000   108     2410.0000      914.8148  7685183   62.04%
  58992 57278     2394.0000   121     2410.0000      914.8148  7706150   62.04%
  59384 57649     2406.0000    53     2410.0000      914.8148  7765228   62.04%
  59598 57811     2394.0000   100     2410.0000      914.8449  7822695   62.04%
  59915 58127     1946.9325   137     2410.0000      914.8855  7864310   62.04%
  60373 58582     2395.0000    90     2410.0000      914.8855  7912988   62.04%
  60796 59002     2394.0000   114     2410.0000      914.8855  7980027   62.04%
  61292 59495     2395.0000    99     2410.0000      914.8871  8026203   62.04%
Elapsed time = 581.60 sec. (663929.34 ticks, tree = 493.61 MB, solutions = 9)
  61694 59891     1943.6446   141     2410.0000      914.9269  8093402   62.04%
  62294 60489      922.0697   171     2410.0000      915.0000  8166787   62.03%
  62818 61010     2395.0000   105     2410.0000      915.0000  8243027   62.03%
  63404 61594     2395.0000   108     2410.0000      915.0000  8305886   62.03%

Implied bound cuts applied:  129
Flow cuts applied:  237
Mixed integer rounding cuts applied:  108

Root node processing (before b&c):
  Real time             =    2.57 sec. (3841.96 ticks)
Sequential b&c:
  Real time             =  597.43 sec. (679115.51 ticks)
                          ------------
Total (root+branch&cut) =  600.00 sec. (682957.46 ticks)
