Tried aggregator 2 times.
MIP Presolve eliminated 531 rows and 172 columns.
MIP Presolve modified 130 coefficients.
Aggregator did 23 substitutions.
Reduced MIP has 582 rows, 933 columns, and 3323 nonzeros.
Reduced MIP has 511 binaries, 2 generals, 0 SOSs, and 0 indicators.
Presolve time = 0.00 sec. (4.27 ticks)
Found incumbent of value 3000.000000 after 0.01 sec. (9.28 ticks)
Probing time = 0.01 sec. (5.60 ticks)
Cover probing fixed 0 vars, tightened 11 bounds.
Tried aggregator 1 time.
MIP Presolve eliminated 1 rows and 1 columns.
Reduced MIP has 581 rows, 932 columns, and 3321 nonzeros.
Reduced MIP has 510 binaries, 11 generals, 0 SOSs, and 0 indicators.
Presolve time = 0.00 sec. (1.98 ticks)
Probing time = 0.00 sec. (2.61 ticks)
Clique table members: 2408.
MIP emphasis: balance optimality and feasibility.
MIP search method: dynamic search.
Parallel mode: none, using 1 thread.
Root relaxation solution time = 0.01 sec. (11.11 ticks)

        Nodes                                         Cuts/
   Node  Left     Objective  IInf  Best Integer    Best Bound    ItCnt     Gap

*     0+    0                         3000.0000        0.0000      415  100.00%
      0     0      112.1614   104     3000.0000      112.1614      415   96.26%
      0     0      115.9890    93     3000.0000      Cuts: 23      577   96.13%
      0     0      179.1603    92     3000.0000      Cuts: 53     1070   94.03%
      0     0      208.1468    82     3000.0000      Cuts: 49     1382   93.06%
      0     0      208.4396    78     3000.0000      Cuts: 31     1495   93.05%
      0     0      208.4396    90     3000.0000      Cuts: 33     1631   93.05%
      0     0      208.4396    76     3000.0000      Cuts: 16     1717   93.05%
      0     0      208.4396    73     3000.0000      Cuts: 24     1753   93.05%
*     0+    0                         1390.0000      208.4396     1753   85.00%
*     0+    0                          910.0000      208.4396     1753   77.09%
*     0+    0                          740.0000      208.4396     1753   71.83%
*     0+    0                          670.0000      208.4396     1753   68.89%
      0     2      208.4396    72      670.0000      208.4396     1753   68.89%
Elapsed time = 0.30 sec. (333.51 ticks, tree = 0.00 MB, solutions = 5)
     99    88      264.1786    51      670.0000      210.0000     5791   68.66%
    354   323      626.3451    26      670.0000      213.4062    11406   68.15%
*   522+  317                          610.0000      424.5398    18048   30.40%
    522   318      520.0000    55      610.0000      520.0000    21782   14.75%
    526   318      521.0000    60      610.0000      521.0000    22472   14.59%
    532   320      524.0000    54      610.0000      521.0000    23462   14.59%
    544   321      528.9481    44      610.0000      521.0000    24729   14.59%
    577   335      562.0000    20      610.0000      521.0000    29143   14.59%
    631   316      521.0000    65      610.0000      521.0000    32713   14.59%
    707   336      581.0000    31      610.0000      521.0000    36257   14.59%
   1110   467      523.8468    67      610.0000      522.6628    51475   14.32%
Elapsed time = 5.08 sec. (6040.93 ticks, tree = 3.45 MB, solutions = 6)
   1481   784      593.6741    31      610.0000      523.0076    67000   14.26%
   1923  1162        cutoff            610.0000      524.0000    84296   14.10%
   2352  1533      580.0000    30      610.0000      524.3082    99688   14.05%
   2853  1983      580.0000    23      610.0000      524.3082   115578   14.05%
   3291  2370      588.7418    27      610.0000      524.4242   129725   14.03%
   3772  2769      527.8398    45      610.0000      524.6817   145264   13.99%
   4340  3264      595.2007    24      610.0000      525.4326   159888   13.86%
   4910  3753      531.2587    56      610.0000      525.6368   175267   13.83%
   5409  4193      580.0000     8      610.0000      526.0325   191153   13.77%
   5977  4685      587.5000    16      610.0000      526.0624   206286   13.76%
Elapsed time = 12.85 sec. (15606.38 ticks, tree = 30.87 MB, solutions = 6)
   6410  5060      595.0000    17      610.0000      526.5166   221153   13.69%
   6874  5459      580.0000    19      610.0000      526.5166   236737   13.69%
   7389  5883      529.8936    44      610.0000      526.7738   252833   13.64%
   8042  6472      526.7740    49      610.0000      526.7740   269424   13.64%
   8509  6879      551.7005    40      610.0000      526.7740   285185   13.64%
   9084  7381      582.8490    25      610.0000      526.7960   300489   13.64%
   9717  7944      589.4751    29      610.0000      527.3611   315363   13.55%
  10227  8388      589.3687    33      610.0000      527.6327   330324   13.50%
  10773  8866      545.8387    39      610.0000      527.9868   347065   13.44%
  10962  9026      556.7833    39      610.0000      528.0400   351581   13.44%
Elapsed time = 21.02 sec. (25429.58 ticks, tree = 62.01 MB, solutions = 6)
  11321  9329      602.9406    21      610.0000      528.4131   363556   13.37%
  11783  9709      560.5762    37      610.0000      528.4545   380270   13.37%
  12231 10092      551.0000    34      610.0000      528.4545   396783   13.37%
  12789 10579      608.1658    17      610.0000      528.7438   411717   13.32%
  13402 11111      533.7912    54      610.0000      528.7796   426948   13.31%
  13917 11566      537.2222    43      610.0000      528.8894   442144   13.30%
  14438 11987      538.8655    40      610.0000      528.9481   459606   13.29%
  15010 12479      530.0148    58      610.0000      529.2937   475243   13.23%
  15550 12922      598.9842    19      610.0000      529.4083   492857   13.21%
  16122 13416      592.1000    22      610.0000      529.4205   510482   13.21%
Elapsed time = 28.86 sec. (34995.11 ticks, tree = 98.84 MB, solutions = 6)
  16726 13906      580.0000    22      610.0000      529.4377   528076   13.21%
  17321 14422      564.9811    44      610.0000      529.4817   545178   13.20%
  17879 14910      587.5000    21      610.0000      529.6293   561255   13.18%
  18328 15277      565.0000    32      610.0000      529.7212   576960   13.16%
  18792 15668      543.5000    40      610.0000      529.8442   592149   13.14%
  19330 16136      580.9880    31      610.0000      529.9913   608411   13.12%
  19883 16604      553.0000    43      610.0000      530.0995   624941   13.10%
* 20386 14978      integral     0      600.0000      530.2038   641524   11.63%
* 20522+11052                          590.0000      530.2800   646713   10.12%
  20804 11274      587.5000    12      590.0000      530.3981   656534   10.10%
  21374 11704      587.5000    23      590.0000      530.8366   673466   10.03%
Elapsed time = 36.86 sec. (44564.48 ticks, tree = 89.27 MB, solutions = 8)
  21851 12085      531.2379    53      590.0000      531.1161   689803    9.98%
  22407 12540      536.5229    49      590.0000      531.3967   707255    9.93%
  22924 12956      581.0000    20      590.0000      531.4000   724957    9.93%
  23332 13271      565.9414    38      590.0000      531.4000   740079    9.93%
  23779 13626      582.0604    24      590.0000      531.4000   756055    9.93%
  24209 13973      575.8000    42      590.0000      531.5035   770314    9.91%
  24665 14301      543.2500    52      590.0000      531.6292   785507    9.89%
  25161 14680      580.0000    18      590.0000      531.7110   802489    9.88%
  25663 15089      580.5142    18      590.0000      531.8177   818843    9.86%
  26201 15497      587.5000    18      590.0000      532.0596   835816    9.82%
Elapsed time = 45.07 sec. (54134.71 ticks, tree = 116.58 MB, solutions = 8)
  26685 15864      580.0000    17      590.0000      532.3084   852905    9.78%
  27186 16245      587.5000    20      590.0000      532.3922   869162    9.76%
  27608 16542      550.6528    48      590.0000      532.6536   883194    9.72%
  28088 16938      539.6069    54      590.0000      532.6536   899458    9.72%
  28511 17263      580.0000    20      590.0000      532.9485   915866    9.67%
  28922 17593      580.0000    13      590.0000      533.1000   929161    9.64%
  29376 17958      580.0000    18      590.0000      533.1000   944611    9.64%
  29883 18364      580.0000    14      590.0000      533.3333   959229    9.60%
  30416 18788      544.7600    36      590.0000      533.4650   974463    9.58%
  30828 19102      557.9600    46      590.0000      533.7659   988631    9.53%
Elapsed time = 53.35 sec. (63719.13 ticks, tree = 142.65 MB, solutions = 8)
  31349 19500      543.7125    51      590.0000      534.0959  1004378    9.48%
  31823 19899      580.0000    20      590.0000      534.2395  1018873    9.45%
  32302 20247      534.4050    49      590.0000      534.4050  1034729    9.42%
  32730 20590      542.9527    40      590.0000      534.4908  1049486    9.41%
  33248 20979      536.5366    44      590.0000      534.7028  1065818    9.37%
  33529 21190      569.6271    38      590.0000      534.8519  1075883    9.35%
  34118 21632      587.5000    16      590.0000      534.8519  1093636    9.35%
  34562 21955      553.0401    36      590.0000      535.0000  1108178    9.32%
  35109 22365      553.0000    30      590.0000      535.0000  1125226    9.32%
  35522 22682      583.8120    19      590.0000      535.0000  1137923    9.32%
Elapsed time = 61.80 sec. (73336.79 ticks, tree = 169.57 MB, solutions = 8)
  35985 23029      586.1842    30      590.0000      535.0000  1154379    9.32%
  36496 23437      587.5000    19      590.0000      535.0000  1169951    9.32%
  36907 23741      553.0000    29      590.0000      535.0000  1183315    9.32%
  37304 24032      554.7021    45      590.0000      535.0000  1199771    9.32%
  37714 24353      587.6131    23      590.0000      535.0000  1212968    9.32%
  38202 24713      549.4847    35      590.0000      535.0181  1229353    9.32%
  38661 25077      557.9600    33      590.0000      535.1287  1241870    9.30%
  39158 25448      581.3065    14      590.0000      535.2848  1257380    9.27%
  39522 25715      581.0000    38      590.0000      535.3673  1270812    9.26%
  40052 26099      588.1770    21      590.0000      535.6165  1287572    9.22%
Elapsed time = 70.19 sec. (82970.67 ticks, tree = 194.72 MB, solutions = 8)
  40522 26439      565.9414    40      590.0000      536.1250  1302380    9.13%
  40973 26780      580.0000    14      590.0000      536.2075  1319378    9.12%
  41522 27240      569.8000    25      590.0000      536.2308  1335943    9.11%
  42046 27632      580.3333    18      590.0000      536.5286  1352838    9.06%
  42512 27989      581.7540    29      590.0000      536.6744  1373097    9.04%
  42896 28281      542.0222    30      590.0000      536.7204  1388124    9.03%
  43365 28617      551.0000    39      590.0000      536.8913  1402813    9.00%
  43802 28967      580.0000     9      590.0000      536.9921  1417283    8.98%
  44259 29319      582.0336    19      590.0000      537.1242  1432950    8.96%
  45640 30334        cutoff            590.0000      537.4502  1487211    8.91%
Elapsed time = 81.05 sec. (95582.39 ticks, tree = 221.27 MB, solutions = 8)
  47604 31822      580.0000    14      590.0000      537.8533  1550491    8.84%
  49435 33213      587.5000    13      590.0000      538.3333  1611213    8.76%
  51412 34695      580.0000    18      590.0000      538.6523  1675008    8.70%
  53250 36104      587.5000    19      590.0000      538.9259  1747252    8.66%
  55107 37529      580.3345    18      590.0000      539.2657  1818667    8.60%
  56781 38719      551.0000    33      590.0000      539.5000  1880429    8.56%
  58491 40044      587.5000    29      590.0000      539.5000  1951058    8.56%
  59983 41130      553.0000    31      590.0000      539.5000  2011693    8.56%
  61733 42449      587.5000    25      590.0000      539.6226  2071185    8.54%
  63454 43651      580.4439    15      590.0000      540.3081  2135757    8.42%
Elapsed time = 114.32 sec. (133752.68 ticks, tree = 306.58 MB, solutions = 8)
  65379 45122      582.1602    25      590.0000      540.5356  2200503    8.38%
  66913 46300      587.5394    26      590.0000      540.8506  2263429    8.33%
  68602 47515      547.6051    46      590.0000      541.3625  2324213    8.24%
  70167 48550      553.9248    31      590.0000      541.7629  2391671    8.18%
  71585 49618      583.0902    18      590.0000      542.1538  2448569    8.11%
  73364 50992      551.0000    39      590.0000      542.2866  2516288    8.09%
  74922 52208      580.3333    28      590.0000      542.3785  2581895    8.07%
  76625 53437      563.8000    16      590.0000      543.1583  2644456    7.94%
  78459 54806      567.3692    40      590.0000      543.2500  2706441    7.92%
  80413 56293      553.8571    36      590.0000      543.2500  2769311    7.92%
Elapsed time = 147.21 sec. (171911.62 ticks, tree = 394.89 MB, solutions = 8)
  82301 57708      587.5905    28      590.0000      543.2500  2833395    7.92%
  84158 59152      566.0000    30      590.0000      543.3014  2895473    7.92%
  86010 60493      565.8485    35      590.0000      543.5937  2958666    7.87%
  87682 61630      558.0000    40      590.0000      544.1409  3014869    7.77%
  89477 62951      586.9575    27      590.0000      544.7600  3079084    7.67%
  90981 64094        cutoff            590.0000      544.8118  3143805    7.66%
  92604 65172      553.0000    38      590.0000      545.2857  3205592    7.58%
  94257 66367      583.3187    24      590.0000      545.2857  3271026    7.58%
  95970 67627      581.5082    19      590.0000      545.2857  3334490    7.58%
  97615 68825      557.9600    36      590.0000      545.2857  3396130    7.58%
Elapsed time = 179.39 sec. (210100.60 ticks, tree = 494.73 MB, solutions = 8)
  99255 70034      581.4402    22      590.0000      545.2857  3458898    7.58%
 100911 71248      555.5714    35      590.0000      545.2857  3518536    7.58%
 102470 72375      587.5000    16      590.0000      545.2857  3584338    7.58%
 104126 73581      581.0458    34      590.0000      545.3531  3645340    7.57%
 105880 74708      587.5000    20      590.0000      545.8387  3709586    7.48%
 107721 76069      548.0178    36      590.0000      546.2053  3772786    7.42%
 109287 77030      547.0957    50      590.0000      546.8239  3831233    7.32%
 110776 78001        cutoff            590.0000      547.1971  3891824    7.25%
 112339 79088      547.6809    25      590.0000      547.6809  3955993    7.17%
 113994 80274      587.5000    18      590.0000      548.0406  4024599    7.11%
Elapsed time = 211.35 sec. (248284.19 ticks, tree = 580.47 MB, solutions = 8)
 115577 81375      588.3774    28      590.0000      548.6105  4082397    7.02%
 117383 82753      587.5000    25      590.0000      548.7538  4147982    6.99%
 119268 84246      569.8000    23      590.0000      548.7538  4216833    6.99%
 120930 85497      587.5000    23      590.0000      548.7538  4278184    6.99%
 122389 86479      580.0000    26      590.0000      549.2108  4340630    6.91%
 123952 87533      587.7121    25      590.0000      549.5714  4401962    6.85%
 125770 88898        cutoff            590.0000      549.5714  4471826    6.85%
 127496 90159      587.5000    26      590.0000      549.5714  4540863    6.85%
 129172 91370        cutoff            590.0000      549.5714  4604310    6.85%
 130876 92671      587.5000    18      590.0000      549.5714  4677837    6.85%
Elapsed time = 243.76 sec. (286447.99 ticks, tree = 672.48 MB, solutions = 8)
 132593 93965      587.5000    12      590.0000      549.5714  4739477    6.85%
 134337 95234        cutoff            590.0000      549.6096  4806433    6.85%
 136187 96324      587.5000    18      590.0000      550.3333  4866197    6.72%
 137854 97427      556.6462    41      590.0000      550.7910  4926902    6.65%
 139550 98666      587.5000    15      590.0000      551.0000  4994684    6.61%
 141357 99961      570.3333    30      590.0000      551.0000  5064948    6.61%
 143196 101350      553.0000    29      590.0000      551.0000  5132544    6.61%
 144739 102495      580.0000    14      590.0000      551.0000  5194437    6.61%
 146522 103793      581.1771    23      590.0000      551.0000  5262922    6.61%
 148292 105118      580.3333    29      590.0000      551.0000  5333954    6.61%
Elapsed time = 275.36 sec. (324620.49 ticks, tree = 767.83 MB, solutions = 8)
 149964 106329      587.5000    18      590.0000      551.0000  5401991    6.61%
 151573 107526      587.6131    21      590.0000      551.0000  5473277    6.61%
 153440 108908      552.0588    28      590.0000      551.0000  5548786    6.61%
 155155 110188      551.0000    27      590.0000      551.0000  5616291    6.61%
 156892 111454      581.1969    17      590.0000      551.0000  5681013    6.61%
 158542 112683      580.0000     8      590.0000      551.0000  5747420    6.61%
 160227 113890      587.5000    17      590.0000      551.0000  5814848    6.61%
 161901 115165        cutoff            590.0000      551.0000  5880717    6.61%
 163571 116360      566.0000    26      590.0000      551.0000  5947981    6.61%
 165255 117598      580.0000    13      590.0000      551.0000  6021087    6.61%
Elapsed time = 307.17 sec. (362803.12 ticks, tree = 863.15 MB, solutions = 8)
 166942 118766        cutoff            590.0000      551.0000  6091088    6.61%
 168547 119866      587.5000    19      590.0000      551.1540  6155222    6.58%
 170329 120891      580.0000    24      590.0000      551.2900  6217172    6.56%
 172458 122595      580.0000    10      590.0000      551.2900  6282381    6.56%
 174030 123706        cutoff            590.0000      551.4793  6341900    6.53%
 175728 124921      580.3333    25      590.0000      551.6429  6411873    6.50%
 177461 126217      552.5149    34      590.0000      551.7005  6480679    6.49%
 179088 127337      587.6633    24      590.0000      551.9510  6553471    6.45%
 180780 128479      566.0000    36      590.0000      552.0710  6619565    6.43%
 182539 129652      552.8687    31      590.0000      552.4625  6686973    6.36%
Elapsed time = 338.81 sec. (400977.99 ticks, tree = 954.32 MB, solutions = 8)
 184326 130776      566.0000    27      590.0000      552.8687  6760137    6.29%
 186031 131695      553.0000    37      590.0000      553.0000  6824065    6.27%
 187477 132505        cutoff            590.0000      553.0000  6885512    6.27%
 189122 133635      570.3333    22      590.0000      553.0000  6951914    6.27%
 190725 134787      581.0000    30      590.0000      553.0000  7018085    6.27%
 192464 136005      580.0000    15      590.0000      553.0000  7082912    6.27%
 194242 137254      582.4529    32      590.0000      553.0000  7152052    6.27%
 196018 138546      582.5810    24      590.0000      553.0000  7216646    6.27%
 197679 139743      580.0000    23      590.0000      553.0000  7283241    6.27%
 199465 141028      580.3083    36      590.0000      553.0000  7351486    6.27%
Elapsed time = 370.82 sec. (439169.59 ticks, tree = 1046.01 MB, solutions = 8)
 201053 142160      582.7435    28      590.0000      553.0000  7420199    6.27%
 202705 143367      580.0000    10      590.0000      553.0000  7485497    6.27%
 204464 144617      581.0448    20      590.0000      553.0000  7550159    6.27%
 205954 145642      581.4548    22      590.0000      553.0000  7614188    6.27%
 207652 146858      580.0000    16      590.0000      553.0000  7679809    6.27%
 209276 148053      580.1241    17      590.0000      553.0000  7747462    6.27%
 210882 149219      582.8278    31      590.0000      553.0000  7813423    6.27%
 212419 150348      582.7185    18      590.0000      553.0000  7877033    6.27%
 214057 151503      583.6594    13      590.0000      553.0000  7944196    6.27%
 215572 152585      582.4596    26      590.0000      553.0000  8009639    6.27%
Elapsed time = 403.09 sec. (477349.02 ticks, tree = 1136.67 MB, solutions = 8)
 217049 153613      580.0000    17      590.0000      553.0000  8068326    6.27%
 218630 154733      580.0000    12      590.0000      553.0000  8133642    6.27%
 220195 155841      587.5000    24      590.0000      553.0000  8201744    6.27%
 221792 156980      583.0384    23      590.0000      553.0000  8266172    6.27%
 223405 158140      582.4495    25      590.0000      553.0000  8335649    6.27%
 224932 159218      588.0451    30      590.0000      553.0401  8399408    6.26%
 226657 160438      580.0000    14      590.0000      553.0506  8461815    6.26%
 228492 161861      557.9600    32      590.0000      553.0539  8528236    6.26%
 230284 163184      587.5000    17      590.0000      553.0762  8588549    6.26%
 231965 164379      587.5000    17      590.0000      553.0804  8650977    6.26%
Elapsed time = 435.35 sec. (515508.57 ticks, tree = 1232.87 MB, solutions = 8)
 233762 165688      580.0000    13      590.0000      553.0906  8712380    6.26%
 235907 167433      587.5000    12      590.0000      553.1032  8772335    6.25%
 237608 168653        cutoff            590.0000      553.2328  8836024    6.23%
 239327 169904        cutoff            590.0000      553.3025  8904378    6.22%
 241101 171132      587.5000    17      590.0000      553.3781  8967450    6.21%
 242846 172268      573.8199    38      590.0000      553.5617  9029310    6.18%
 244522 173386      571.8510    24      590.0000      553.6399  9090843    6.16%
 246392 174690      587.5000    15      590.0000      553.7660  9156367    6.14%
 248062 175673      553.8571    45      590.0000      553.8571  9222015    6.13%
 249679 175938      557.9600    30      590.0000      553.8710  9284368    6.12%
Elapsed time = 466.89 sec. (553698.16 ticks, tree = 1322.03 MB, solutions = 8)
 251245 176936      580.0000     9      590.0000      554.0723  9341228    6.09%
 252750 177732      580.0000    20      590.0000      554.4546  9403200    6.02%
 254493 178836      587.5000    14      590.0000      554.7021  9465309    5.98%
 256356 179970      570.7923    35      590.0000      554.8174  9533521    5.96%
 257844 180673      587.5000    14      590.0000      555.5000  9599339    5.85%
 259471 181772      587.5401    18      590.0000      555.7537  9664684    5.80%
 261522 183372      580.0000    16      590.0000      555.8333  9725179    5.79%
 263645 185056      580.7298    16      590.0000      555.9814  9793164    5.77%
 265346 185879        cutoff            590.0000      556.3877  9852709    5.70%
 267014 186493      588.5049    17      590.0000      557.1300  9916988    5.57%
Elapsed time = 498.33 sec. (591972.49 ticks, tree = 1403.47 MB, solutions = 8)
 268522 187380      587.5000    19      590.0000      557.9600  9978144    5.43%
 270571 188942      587.5000    25      590.0000      557.9600 10048572    5.43%
 272362 190301      587.5000    21      590.0000      557.9600 10112492    5.43%
 274279 191757      587.5000    14      590.0000      557.9600 10183878    5.43%
 276089 193112      566.0000    38      590.0000      557.9600 10251556    5.43%
 277969 194538      558.0000    39      590.0000      558.0000 10317960    5.42%
 279660 195723      566.0000    35      590.0000      558.0000 10383202    5.42%
 281328 196966      587.5000    23      590.0000      558.0000 10447581    5.42%
 283057 198291      587.5000    16      590.0000      558.0000 10510890    5.42%
 284777 199576      587.5000    16      590.0000      558.0000 10571899    5.42%
Elapsed time = 530.36 sec. (630259.19 ticks, tree = 1516.26 MB, solutions = 8)
 286522 200832      587.5000    22      590.0000      558.0000 10634875    5.42%
 288193 202050      587.5000    21      590.0000      558.0000 10701400    5.42%
 289974 203378      587.5000    29      590.0000      558.0000 10766131    5.42%
 290822 204021      587.5000    17      590.0000      558.0000 10797043    5.42%
 291557 204568      588.0698    18      590.0000      558.0000 10822278    5.42%
 292238 205081      587.5000    22      590.0000      558.0000 10847365    5.42%
 292855 205497      587.5000    19      590.0000      558.0000 10874285    5.42%
 293522 205952      587.5000    15      590.0000      558.0040 10900391    5.42%
 293981 206284      571.7347    27      590.0000      558.0463 10920698    5.42%
 294656 206657      566.0000    24      590.0000      558.2297 10947505    5.38%
Elapsed time = 565.00 sec. (669670.95 ticks, tree = 1574.83 MB, solutions = 8)
 295522 207182      587.5000    24      590.0000      558.4759 10974254    5.34%
 296222 207643      587.5000    20      590.0000      558.5000 11000431    5.34%
 297108 208256      587.5000    24      590.0000      558.5000 11032103    5.34%
 297422 208464      587.5000    31      590.0000      558.5000 11043697    5.34%
 297922 208778      587.5000    25      590.0000      558.5000 11063994    5.34%
 298622 209196      587.5000    20      590.0000      558.5000 11092946    5.34%
 299222 209623      587.5000    17      590.0000      558.5000 11115226    5.34%
 299722 209973      580.0000     8      590.0000      558.5486 11136837    5.33%
 300722 210676      580.2674    27      590.0000      558.6653 11177008    5.31%

GUB cover cuts applied:  4
Cover cuts applied:  13
Implied bound cuts applied:  57
Flow cuts applied:  125
Mixed integer rounding cuts applied:  47
Zero-half cuts applied:  3
Lift and project cuts applied:  21

Root node processing (before b&c):
  Real time             =    0.30 sec. (333.53 ticks)
Sequential b&c:
  Real time             =  599.70 sec. (709296.87 ticks)
                          ------------
Total (root+branch&cut) =  600.00 sec. (709630.40 ticks)
