Tried aggregator 2 times.
MIP Presolve eliminated 469 rows and 69 columns.
MIP Presolve modified 249 coefficients.
Aggregator did 23 substitutions.
Reduced MIP has 505 rows, 854 columns, and 2996 nonzeros.
Reduced MIP has 438 binaries, 2 generals, 0 SOSs, and 0 indicators.
Presolve time = 0.00 sec. (3.84 ticks)
Found incumbent of value 2350.000000 after 0.01 sec. (7.78 ticks)
Probing fixed 0 vars, tightened 2 bounds.
Probing time = 0.00 sec. (3.70 ticks)
Cover probing fixed 0 vars, tightened 190 bounds.
Tried aggregator 1 time.
MIP Presolve eliminated 1 rows and 1 columns.
MIP Presolve modified 190 coefficients.
Reduced MIP has 504 rows, 853 columns, and 2994 nonzeros.
Reduced MIP has 437 binaries, 14 generals, 0 SOSs, and 0 indicators.
Presolve time = 0.00 sec. (1.81 ticks)
Probing fixed 0 vars, tightened 2 bounds.
Probing time = 0.00 sec. (3.37 ticks)
Cover probing fixed 0 vars, tightened 40 bounds.
Clique table members: 518.
MIP emphasis: balance optimality and feasibility.
MIP search method: dynamic search.
Parallel mode: none, using 1 thread.
Root relaxation solution time = 0.01 sec. (9.06 ticks)

        Nodes                                         Cuts/
   Node  Left     Objective  IInf  Best Integer    Best Bound    ItCnt     Gap

*     0+    0                         2350.0000        0.0000      343  100.00%
      0     0      101.0537    80     2350.0000      101.0537      343   95.70%
      0     0      102.0000    76     2350.0000      Cuts: 29      641   95.66%
      0     0      158.9427    81     2350.0000      Cuts: 71     1142   93.24%
      0     0      178.1246    69     2350.0000      Cuts: 39     1248   92.42%
      0     0      178.1644    72     2350.0000      Cuts: 23     1311   92.42%
      0     0      178.1644    74     2350.0000      Cuts: 22     1341   92.42%
      0     0      178.1654    73     2350.0000      Cuts: 18     1374   92.42%
*     0+    0                          540.0000      178.1654     1374   67.01%
      0     2      178.1654    73      540.0000      178.1654     1374   67.01%
Elapsed time = 0.55 sec. (600.02 ticks, tree = 0.00 MB, solutions = 2)
     80    78      472.2565    19      540.0000      178.1654     6724   67.01%
    203   182      186.4727    72      540.0000      178.1863    13117   67.00%
    414   388      229.3057    56      540.0000      178.1863    18245   67.00%
*   501+  310                          510.0000      379.4618    27363   25.60%
*   501+  206                          470.0000      379.4618    27363   19.26%
*   501+  137                          460.0000      379.4618    27363   17.51%
*   501+   90                          450.0000      379.4618    27363   15.68%
    501    91      380.0000    69      450.0000      380.0000    27363   15.56%
    511    96      381.0000    75      450.0000      380.0000    28171   15.56%
    519    98      383.0000    80      450.0000      380.0000    29001   15.56%
    531   106      383.0000    68      450.0000      380.0000    29917   15.56%
    561   115      390.0000    59      450.0000      380.0000    33387   15.56%
    623   123      432.4828    14      450.0000      380.0000    40163   15.56%
    921   336      412.7914    28      450.0000      381.0000    62926   15.33%
Elapsed time = 6.78 sec. (8386.18 ticks, tree = 1.14 MB, solutions = 6)
   1387   720      428.2200    43      450.0000      381.0000    83366   15.33%
   1950  1201      412.6037    29      450.0000      381.7997   100219   15.16%
   2468  1651      420.0000    17      450.0000      382.0000   117693   15.11%
   2924  2040      411.5922    35      450.0000      382.2926   134308   15.05%
   3498  2545      384.6213    58      450.0000      382.4615   152503   15.01%
   4075  3061      384.4127    78      450.0000      382.5706   172590   14.98%
   4650  3563      413.4282    24      450.0000      382.6323   189590   14.97%
   5189  4025      421.0813    46      450.0000      382.6706   207400   14.96%
   5642  4407      418.9417    32      450.0000      382.7560   222951   14.94%
   6118  4806      400.3333    39      450.0000      382.8397   241217   14.92%
Elapsed time = 14.26 sec. (17968.58 ticks, tree = 31.58 MB, solutions = 6)
   6585  5214      384.0804    62      450.0000      383.0000   258363   14.89%
   6901  5484      413.0157    45      450.0000      383.0000   276416   14.89%
   7245  5747      383.1082    69      450.0000      383.1082   293976   14.86%
*  7501+ 5339                          440.0000      383.1082   305888   12.93%
   7501  5337      441.0000    22      440.0000      383.1082   305888   12.93%
   8083  5863      398.4647    41      440.0000      383.1302   323500   12.92%
   8501  6204      414.7325    41      440.0000      383.2308   339887   12.90%
   9008  6636      396.8305    41      440.0000      383.2709   359849   12.89%
   9523  7056      414.4741    35      440.0000      383.3536   381023   12.87%
   9934  7407      405.4444    39      440.0000      383.3887   399472   12.87%
  10430  7821      386.7778    54      440.0000      383.4220   418385   12.86%
Elapsed time = 21.87 sec. (27782.49 ticks, tree = 52.98 MB, solutions = 7)
  10521  7895      384.6054    57      440.0000      383.4232   420964   12.86%
  11011  8309      384.5500    58      440.0000      383.5072   440058   12.84%
  11515  8735      432.7425    22      440.0000      383.5092   458571   12.84%
  12166  9280      427.1618    31      440.0000      383.5522   480105   12.83%
  12745  9746      387.7926    53      440.0000      383.6138   501515   12.82%
  13278 10185      385.3862    57      440.0000      383.6253   523501   12.81%
  13637 10472      423.0000    34      440.0000      383.6429   539561   12.81%
  14144 10880      387.1680    60      440.0000      383.6890   558776   12.80%
  14626 11284      389.5431    48      440.0000      383.7206   578183   12.79%
  15196 11758      428.4408    28      440.0000      383.7555   597233   12.78%
Elapsed time = 30.49 sec. (38348.46 ticks, tree = 81.96 MB, solutions = 7)
  15631 12124      413.0409    41      440.0000      383.7873   617698   12.78%
  16161 12548      406.7343    37      440.0000      383.8325   637889   12.77%
  16535 12857      397.8235    48      440.0000      383.8456   652304   12.76%
  17161 13397      436.0888    15      440.0000      383.8874   674089   12.75%
  17676 13805      434.6305    34      440.0000      383.9395   694075   12.74%
  18205 14253      409.3574    33      440.0000      383.9835   715685   12.73%
  18677 14648      411.3860    42      440.0000      384.1020   735608   12.70%
  19186 15078      398.9762    45      440.0000      384.1321   754369   12.70%
  19521 15358      385.3662    51      440.0000      384.1394   769506   12.70%
  19975 15751      419.4460    32      440.0000      384.1511   788003   12.69%
Elapsed time = 37.88 sec. (47903.13 ticks, tree = 111.06 MB, solutions = 7)
  20414 16096      421.8832    23      440.0000      384.1670   806621   12.69%
  20921 16503      436.0768    37      440.0000      384.1738   825520   12.69%
  21440 16924      384.4863    61      440.0000      384.2092   845354   12.68%
  21881 17284      434.2823    40      440.0000      384.2174   864006   12.68%
  22387 17710      406.3913    31      440.0000      384.2452   884455   12.67%
  22907 18149      401.6392    35      440.0000      384.2817   904560   12.66%
  23401 18578      429.5405    46      440.0000      384.3368   925025   12.65%
  23852 18936      434.9528    24      440.0000      384.3743   944383   12.64%
  24283 19289      393.7104    51      440.0000      384.3933   963780   12.64%
  24707 19662      406.5283    38      440.0000      384.4064   979251   12.63%
Elapsed time = 45.28 sec. (57462.00 ticks, tree = 142.57 MB, solutions = 7)
  25293 20147      390.2116    50      440.0000      384.4404   997037   12.63%
  25839 20583      386.6945    56      440.0000      384.4717  1015559   12.62%
  26260 20922      433.7323    20      440.0000      384.4717  1035483   12.62%
  26548 21142      387.6513    53      440.0000      384.4717  1050195   12.62%
  27064 21567      397.6306    42      440.0000      384.5007  1069838   12.61%
  27612 22009      437.9725    26      440.0000      384.5294  1090082   12.61%
  28170 22438      393.9143    58      440.0000      384.5340  1110005   12.61%
  28685 22860      393.5541    53      440.0000      384.5500  1131341   12.60%
  29220 23312        cutoff            440.0000      384.5682  1152073   12.60%
  29535 23571      406.2072    49      440.0000      384.5805  1165715   12.60%
Elapsed time = 52.67 sec. (67017.04 ticks, tree = 175.11 MB, solutions = 7)
  30062 24006      436.2245    25      440.0000      384.5854  1184948   12.59%
  30540 24392      403.2926    50      440.0000      384.5897  1203265   12.59%
  31062 24831      426.9321    18      440.0000      384.6000  1222633   12.59%
  31529 25204        cutoff            440.0000      384.6082  1242277   12.59%
  32032 25622      387.8247    62      440.0000      384.6190  1262465   12.59%
  32429 25945      416.4924    31      440.0000      384.6190  1283265   12.59%
  32833 26276      387.9773    48      440.0000      384.6305  1300225   12.58%
  33376 26718      396.2092    49      440.0000      384.6649  1320204   12.58%
  33865 27125      387.2456    48      440.0000      384.6938  1340916   12.57%
  34379 27549      431.4658    38      440.0000      384.7013  1362632   12.57%
Elapsed time = 59.99 sec. (76577.81 ticks, tree = 205.58 MB, solutions = 7)
  34806 27897      430.8110    39      440.0000      384.7166  1378685   12.56%
  35403 28389      437.7179    33      440.0000      384.7513  1399203   12.56%
  35876 28779      414.1644    45      440.0000      384.7576  1419445   12.56%
  36340 29157      413.7619    27      440.0000      384.7692  1439320   12.55%
  36698 29450      436.4540    33      440.0000      384.7850  1453586   12.55%
  37244 29899      432.7747    37      440.0000      384.8065  1472737   12.54%
  37787 30314      393.0733    52      440.0000      384.8376  1491185   12.54%
  38315 30739      388.9837    49      440.0000      384.8504  1510245   12.53%
  38838 31157      388.6165    48      440.0000      384.8559  1529436   12.53%
  39337 31552      389.2889    60      440.0000      384.8666  1549412   12.53%
Elapsed time = 67.44 sec. (86142.14 ticks, tree = 233.71 MB, solutions = 7)
  39866 31971      388.3789    54      440.0000      384.8825  1569533   12.53%
  40288 32321      432.3597    25      440.0000      384.9079  1589833   12.52%
  40709 32666      398.6903    47      440.0000      384.9163  1604998   12.52%
  41174 33032      400.8468    40      440.0000      384.9233  1624949   12.52%
  41695 33446      389.4778    52      440.0000      384.9402  1645093   12.51%
  42260 33906      394.1766    47      440.0000      384.9712  1663964   12.51%
  42747 34307      434.5379    50      440.0000      384.9847  1683774   12.50%
  43278 34740      409.9560    31      440.0000      385.0000  1702622   12.50%
  43578 34980      434.3989    27      440.0000      385.0000  1716472   12.50%
  45512 36547      411.4000    36      440.0000      385.0825  1793112   12.48%
Elapsed time = 77.06 sec. (98560.18 ticks, tree = 273.93 MB, solutions = 7)
  47672 38328      391.8190    52      440.0000      385.1446  1868647   12.47%
  49838 40116      398.3866    37      440.0000      385.2030  1950166   12.45%
  51832 41751      429.6208    37      440.0000      385.2712  2024227   12.44%
  53922 43466      418.8330    24      440.0000      385.3562  2097360   12.42%
  55814 45006      416.8330    36      440.0000      385.3810  2173464   12.41%
  57875 46689      408.0476    40      440.0000      385.4286  2247273   12.40%
  60016 48469      389.0040    44      440.0000      385.4616  2327265   12.40%
  62138 50245      386.0561    50      440.0000      385.5154  2398376   12.38%
  64306 51958      399.5085    40      440.0000      385.5680  2478853   12.37%
  66139 53470      385.9562    58      440.0000      385.6095  2549677   12.36%
Elapsed time = 106.49 sec. (136730.30 ticks, tree = 404.21 MB, solutions = 7)
  68050 55040      419.6713    28      440.0000      385.6845  2626335   12.34%
  70120 56679      385.7220    48      440.0000      385.7220  2700485   12.34%
  71958 58214      396.5588    40      440.0000      385.7347  2772459   12.33%
  74071 59968      430.1981    26      440.0000      385.7539  2849283   12.33%
  76039 61578      416.6822    29      440.0000      385.7812  2922329   12.32%
  77934 63125      438.0142    28      440.0000      385.8147  2997321   12.31%
  79778 64627      422.0000    23      440.0000      385.8443  3071383   12.31%
  81850 66336      400.0000    39      440.0000      385.9072  3146435   12.29%
  83701 67816      400.0000    44      440.0000      385.9389  3223527   12.29%
  85462 69265      397.2122    39      440.0000      385.9743  3294070   12.28%
Elapsed time = 136.05 sec. (174900.19 ticks, tree = 538.05 MB, solutions = 7)
  87351 70768      390.2881    55      440.0000      385.9915  3369837   12.27%
  89307 72365      431.7051    35      440.0000      386.0136  3447071   12.27%
  91194 73843      429.0000    32      440.0000      386.0417  3523711   12.26%
  93112 75414      392.3826    47      440.0000      386.0732  3598676   12.26%
  95026 76978      434.0000    24      440.0000      386.0732  3671541   12.26%
  96741 78354      386.0966    58      440.0000      386.0899  3748129   12.25%
  98563 79835      399.4000    37      440.0000      386.1163  3819537   12.25%
 100316 81253      437.2539    30      440.0000      386.1444  3897856   12.24%
*100501+63931                          430.0000      386.1511  3904448   10.20%
 102096 65156      423.3030    38      430.0000      386.1756  3966567   10.19%
 103805 66474      395.3613    53      430.0000      386.1861  4039050   10.19%
Elapsed time = 165.55 sec. (213063.89 ticks, tree = 515.95 MB, solutions = 8)
 105642 67870      389.0322    36      430.0000      386.2165  4109900   10.18%
 107500 69307      427.0606    30      430.0000      386.2526  4183512   10.17%
 109253 70623      420.0170    22      430.0000      386.2816  4254757   10.17%
 111041 72001      390.5487    51      430.0000      386.3054  4328519   10.16%
 112851 73424      392.8596    38      430.0000      386.3333  4400588   10.16%
 114884 74984      419.0000    24      430.0000      386.3688  4477227   10.15%
 116501 76225      399.0000    34      430.0000      386.4050  4543758   10.14%
 118243 77547      414.5040    28      430.0000      386.4323  4617153   10.13%
 120016 78886      390.4552    44      430.0000      386.4723  4690493   10.12%
 121839 80254      418.5161    43      430.0000      386.5149  4767308   10.11%
Elapsed time = 195.21 sec. (251257.53 ticks, tree = 626.37 MB, solutions = 8)
 123627 81618      407.4006    53      430.0000      386.5306  4845762   10.11%
 125354 82957      412.4645    38      430.0000      386.5675  4920950   10.10%
 126822 84080      422.1776    21      430.0000      386.5874  4982883   10.10%
 128553 85406      401.8276    41      430.0000      386.6190  5057312   10.09%
 130199 86647      395.2069    48      430.0000      386.6422  5132090   10.08%
 131701 87795      404.1061    34      430.0000      386.6705  5200990   10.08%
 133406 89068      389.8534    49      430.0000      386.6983  5277233   10.07%
 135081 90349      389.6289    45      430.0000      386.7273  5348491   10.06%
 136687 91580      403.8422    47      430.0000      386.7479  5415993   10.06%
 138437 92914      419.7921    32      430.0000      386.7850  5489883   10.05%
Elapsed time = 224.68 sec. (289437.13 ticks, tree = 729.81 MB, solutions = 8)
 140217 94287      390.1494    45      430.0000      386.8261  5564746   10.04%
 141699 95388      400.7302    48      430.0000      386.8313  5636122   10.04%
 143487 96770      389.1290    49      430.0000      386.8572  5712034   10.03%
 145183 98074      389.4739    47      430.0000      386.8955  5785725   10.02%
 146799 99313      404.3704    39      430.0000      386.9104  5856699   10.02%
 148501 100600      406.7803    39      430.0000      386.9310  5931425   10.02%
 150141 101868      389.6869    55      430.0000      386.9322  6008102   10.02%
 151777 103148      415.4920    31      430.0000      386.9514  6077431   10.01%
 153501 104474      392.7669    45      430.0000      386.9794  6150795   10.00%
 155313 105883      389.6897    44      430.0000      387.0152  6226048   10.00%
Elapsed time = 254.39 sec. (327886.80 ticks, tree = 838.68 MB, solutions = 8)
 157020 107160      390.0905    49      430.0000      387.0425  6302228    9.99%
 158769 108491      408.6065    48      430.0000      387.0751  6375029    9.98%
 160322 109704      398.4403    56      430.0000      387.1053  6448444    9.98%
 161997 110975        cutoff            430.0000      387.1232  6520104    9.97%
 163536 112136      387.1395    59      430.0000      387.1395  6587844    9.97%
 165189 113394      423.5026    27      430.0000      387.1579  6662497    9.96%
 166800 114574      424.8955    32      430.0000      387.1791  6731077    9.96%
 168643 115969      391.6603    51      430.0000      387.1926  6807623    9.96%
 170399 117320      391.1935    58      430.0000      387.2126  6877890    9.95%
 171975 118526      387.6364    59      430.0000      387.2222  6954638    9.95%
Elapsed time = 283.92 sec. (366047.25 ticks, tree = 940.73 MB, solutions = 8)
 173501 119728      391.1622    45      430.0000      387.2222  7027207    9.95%
 175029 120933      414.6169    36      430.0000      387.2251  7100427    9.95%
 176691 122182      425.6750    32      430.0000      387.2410  7171827    9.94%
 178377 123437      388.9047    46      430.0000      387.2487  7242115    9.94%
 180069 124738      404.1955    42      430.0000      387.2716  7318511    9.94%
 181756 126023      388.3258    58      430.0000      387.2926  7390734    9.93%
 183293 127178      388.3148    53      430.0000      387.3155  7464454    9.93%
 184747 128265      388.1781    49      430.0000      387.3333  7536579    9.92%
 186374 129521      413.1116    36      430.0000      387.3529  7607888    9.92%
 187978 130709      392.9702    62      430.0000      387.3708  7682331    9.91%
Elapsed time = 313.63 sec. (404384.34 ticks, tree = 1042.51 MB, solutions = 8)
 189560 131889      399.9024    41      430.0000      387.3957  7750354    9.91%
 191261 133163      422.1520    27      430.0000      387.4211  7822149    9.90%
 192941 134438      394.8732    54      430.0000      387.4303  7897065    9.90%
 194498 135614      403.4651    46      430.0000      387.4530  7972557    9.89%
 196363 137091      412.2837    34      430.0000      387.4660  8047174    9.89%
 197800 138183        cutoff            430.0000      387.4805  8114555    9.89%
 199491 139454      399.0352    46      430.0000      387.5000  8188144    9.88%
 201339 140859      396.9506    48      430.0000      387.5165  8261639    9.88%
 202825 141975      390.4802    47      430.0000      387.5311  8327896    9.88%
 204651 143353      414.7981    30      430.0000      387.5430  8402600    9.87%
Elapsed time = 343.23 sec. (442562.81 ticks, tree = 1145.86 MB, solutions = 8)
 206531 144773        cutoff            430.0000      387.5521  8474953    9.87%
 208433 146223      420.0453    35      430.0000      387.5697  8544532    9.87%
 210196 147576      413.8226    50      430.0000      387.5714  8621734    9.87%
 212019 148981      393.1198    53      430.0000      387.5800  8692550    9.87%
 213732 150233      407.1134    42      430.0000      387.5911  8765441    9.86%
 215363 151450      414.7651    35      430.0000      387.6076  8830646    9.86%
 217108 152780      390.8672    49      430.0000      387.6364  8909887    9.85%
 218719 153982      420.1921    33      430.0000      387.6455  8980142    9.85%
 220505 155339      412.2548    29      430.0000      387.6609  9056096    9.85%
 222144 156635      425.1579    32      430.0000      387.6678  9129618    9.84%
Elapsed time = 372.96 sec. (480732.01 ticks, tree = 1254.75 MB, solutions = 8)
 223644 157759      414.3762    41      430.0000      387.6769  9197001    9.84%
 225436 159101      422.7500    32      430.0000      387.6922  9272552    9.84%
 227149 160394      399.0277    47      430.0000      387.7198  9347192    9.83%
 228610 161490      391.1504    47      430.0000      387.7385  9408723    9.83%
 230443 162906      397.8000    47      430.0000      387.7500  9482797    9.83%
 232170 164198      420.4510    21      430.0000      387.7654  9559261    9.82%
 233873 165481      423.6431    32      430.0000      387.7878  9628935    9.82%
 235660 166841      391.2231    41      430.0000      387.7961  9706011    9.81%
 237291 168050      418.1779    34      430.0000      387.8115  9780938    9.81%
 238955 169340      413.2142    29      430.0000      387.8280  9850522    9.81%
Elapsed time = 402.75 sec. (518885.62 ticks, tree = 1361.63 MB, solutions = 8)
 240736 170714      391.0998    55      430.0000      387.8511  9921196    9.80%
 242501 172040      396.5139    41      430.0000      387.8734  9991743    9.80%
 244335 173375        cutoff            430.0000      387.9000 10069300    9.79%
 246023 174652      392.9858    62      430.0000      387.9224 10143307    9.79%
 247719 175945      392.9716    52      430.0000      387.9429 10212293    9.78%
 249548 177280      404.1515    41      430.0000      387.9726 10289914    9.77%
 251244 178590        cutoff            430.0000      387.9831 10360335    9.77%
 252979 179840      409.0432    39      430.0000      388.0149 10437451    9.76%
 254501 180979      422.1658    28      430.0000      388.0284 10506558    9.76%
 256225 182300      404.3627    48      430.0000      388.0476 10579675    9.76%
Elapsed time = 432.63 sec. (557110.71 ticks, tree = 1469.17 MB, solutions = 8)
 257733 183430      415.8042    35      430.0000      388.0654 10650962    9.75%
 259340 184608      396.3521    36      430.0000      388.0945 10726984    9.75%
 261129 185937      400.2000    40      430.0000      388.1108 10800418    9.74%
 262921 187295      408.7502    37      430.0000      388.1181 10876254    9.74%
 264592 188540      389.6728    50      430.0000      388.1405 10945426    9.73%
 266211 189716      426.0000    38      430.0000      388.1411 11021936    9.73%
 267675 190770        cutoff            430.0000      388.1550 11089541    9.73%
 269420 192083      396.6923    37      430.0000      388.1800 11163174    9.73%
 271139 193381      395.0557    47      430.0000      388.2002 11234899    9.72%
 272682 194544      394.2704    52      430.0000      388.2179 11300381    9.72%
Elapsed time = 462.29 sec. (595293.49 ticks, tree = 1573.13 MB, solutions = 8)
 274291 195751      418.2244    29      430.0000      388.2207 11371752    9.72%
 276101 197154      397.4444    32      430.0000      388.2389 11443875    9.71%
 277710 198350      404.6841    42      430.0000      388.2590 11516340    9.71%
 279402 199624      400.2500    27      430.0000      388.2593 11593432    9.71%
 281102 200910      410.2820    28      430.0000      388.2801 11664189    9.70%
 282715 202088      401.7137    38      430.0000      388.2944 11740087    9.70%
 284412 203364      418.4992    29      430.0000      388.3073 11812713    9.70%
 285849 204463      390.0104    48      430.0000      388.3167 11874683    9.69%
 287572 205784      426.3611    23      430.0000      388.3258 11947902    9.69%
 289380 207144      389.0000    55      430.0000      388.3427 12020005    9.69%
Elapsed time = 492.00 sec. (633480.46 ticks, tree = 1675.50 MB, solutions = 8)
 290974 208341      404.7373    49      430.0000      388.3595 12089040    9.68%
 292501 209479      414.9805    42      430.0000      388.3725 12159592    9.68%
 294109 210673      402.3138    42      430.0000      388.3807 12235201    9.68%
 295774 211908      409.5331    48      430.0000      388.4001 12310116    9.67%
 297458 213161      396.6471    55      430.0000      388.4193 12384430    9.67%
 299004 214318      401.1517    34      430.0000      388.4370 12453436    9.67%
 300626 215475      404.6522    44      430.0000      388.4495 12527289    9.66%
 302309 216740      392.2432    46      430.0000      388.4716 12596531    9.66%
 303964 217979      390.2669    44      430.0000      388.4847 12663823    9.65%
 305679 219247      418.4260    35      430.0000      388.4907 12737541    9.65%
Elapsed time = 521.88 sec. (671776.95 ticks, tree = 1774.19 MB, solutions = 8)
 307450 220518      407.2222    43      430.0000      388.4990 12813051    9.65%
 309057 221747      390.3413    47      430.0000      388.5000 12885729    9.65%
 310581 222877      398.6917    40      430.0000      388.5090 12957246    9.65%
 312203 224066      393.4633    49      430.0000      388.5238 13028576    9.65%
 313945 225380      401.9412    32      430.0000      388.5302 13105682    9.64%
 315501 226536      421.1124    40      430.0000      388.5421 13178841    9.64%
 316429 227233      415.2745    39      430.0000      388.5455 13215675    9.64%
 317001 227661      426.5006    32      430.0000      388.5466 13238346    9.64%
 317611 228106      416.8604    28      430.0000      388.5523 13262460    9.64%
 318001 228387      417.0310    39      430.0000      388.5585 13281202    9.64%
Elapsed time = 553.68 sec. (711031.21 ticks, tree = 1850.38 MB, solutions = 8)
 318501 228764      414.1989    20      430.0000      388.5640 13305535    9.64%
 319301 229373      423.3627    24      430.0000      388.5706 13340019    9.63%
 320001 229891      417.2051    32      430.0000      388.5787 13368201    9.63%
 320601 230337      414.4279    31      430.0000      388.5868 13395203    9.63%
 321101 230702      396.7938    43      430.0000      388.5961 13416954    9.63%
 321501 230999      399.3493    45      430.0000      388.6004 13432461    9.63%
 322005 231366      391.1027    44      430.0000      388.6071 13455567    9.63%
 322501 231741      411.0671    38      430.0000      388.6100 13480137    9.63%
 323171 232246      416.9915    25      430.0000      388.6129 13505611    9.62%
 323601 232559      401.1569    43      430.0000      388.6156 13523377    9.62%
Elapsed time = 590.39 sec. (754181.55 ticks, tree = 1881.10 MB, solutions = 8)
 324001 232845      418.3384    36      430.0000      388.6176 13539280    9.62%
 324801 233463      408.5960    46      430.0000      388.6226 13574156    9.62%

GUB cover cuts applied:  11
Cover cuts applied:  11
Implied bound cuts applied:  92
Flow cuts applied:  86
Mixed integer rounding cuts applied:  34
Zero-half cuts applied:  4
Lift and project cuts applied:  33
Gomory fractional cuts applied:  1

Root node processing (before b&c):
  Real time             =    0.55 sec. (600.03 ticks)
Sequential b&c:
  Real time             =  599.45 sec. (764935.91 ticks)
                          ------------
Total (root+branch&cut) =  600.00 sec. (765535.95 ticks)
