Tried aggregator 2 times.
MIP Presolve eliminated 460 rows and 66 columns.
MIP Presolve modified 213 coefficients.
Aggregator did 25 substitutions.
Reduced MIP has 524 rows, 874 columns, and 3091 nonzeros.
Reduced MIP has 455 binaries, 2 generals, 0 SOSs, and 0 indicators.
Presolve time = 0.01 sec. (4.07 ticks)
Found incumbent of value 2450.000000 after 0.01 sec. (8.38 ticks)
Probing fixed 0 vars, tightened 4 bounds.
Probing time = 0.01 sec. (5.02 ticks)
Cover probing fixed 0 vars, tightened 107 bounds.
Tried aggregator 1 time.
MIP Presolve modified 95 coefficients.
Reduced MIP has 524 rows, 874 columns, and 3091 nonzeros.
Reduced MIP has 455 binaries, 11 generals, 0 SOSs, and 0 indicators.
Presolve time = 0.00 sec. (1.75 ticks)
Probing fixed 0 vars, tightened 8 bounds.
Probing time = 0.01 sec. (4.85 ticks)
Cover probing fixed 0 vars, tightened 44 bounds.
Clique table members: 1270.
MIP emphasis: balance optimality and feasibility.
MIP search method: dynamic search.
Parallel mode: none, using 1 thread.
Root relaxation solution time = 0.01 sec. (9.81 ticks)

        Nodes                                         Cuts/
   Node  Left     Objective  IInf  Best Integer    Best Bound    ItCnt     Gap

*     0+    0                         2450.0000        0.0000      362  100.00%
      0     0       84.7142    89     2450.0000       84.7142      362   96.54%
      0     0       90.1970    83     2450.0000      Cuts: 30      604   96.32%
      0     0      154.0451    83     2450.0000      Cuts: 72     1198   93.71%
      0     0      166.7498    74     2450.0000      Cuts: 54     1276   93.19%
      0     0      167.2313    76     2450.0000      Cuts: 37     1334   93.17%
      0     0      167.2313    75     2450.0000      Cuts: 31     1371   93.17%
      0     0      167.2313    74     2450.0000      Cuts: 23     1404   93.17%
*     0+    0                          640.0000      167.2313     1404   73.87%
      0     2      167.2313    74      640.0000      167.2313     1404   73.87%
Elapsed time = 0.73 sec. (736.90 ticks, tree = 0.00 MB, solutions = 2)
    106    85      590.3524    20      640.0000      171.2738     6065   73.24%
    220   190      391.7963    39      640.0000      171.3084    12491   73.23%
    480   419      627.9880    27      640.0000      171.3118    20218   73.23%
    502   438      507.0000    78      640.0000      507.0000    31216   20.78%
    508   292      513.0000    61      640.0000      510.0000    32725   20.31%
    522   295      600.2033    31      640.0000      510.0000    33697   20.31%
    542   282      612.6133    23      640.0000      510.0000    35618   20.31%
    578   273      513.9016    63      640.0000      510.0000    39058   20.31%
    637   292      511.1996    70      640.0000      511.0490    42597   20.15%
   1079   461      517.1557    67      640.0000      513.6213    62883   19.75%
Elapsed time = 5.56 sec. (6282.80 ticks, tree = 0.36 MB, solutions = 2)
   1579   898      632.5000    10      640.0000      516.7699    84517   19.25%
   2242  1461      603.6648    21      640.0000      522.2537   105584   18.40%
   3018  2118      634.6667    20      640.0000      526.2731   126849   17.77%
   3848  2834      637.6453    27      640.0000      527.5236   149738   17.57%
   4592  3461      634.3750    19      640.0000      530.5417   172174   17.10%
   5160  3928      627.8723    30      640.0000      532.6470   192872   16.77%
   5923  4563      626.6667    23      640.0000      535.3158   215150   16.36%
   6651  5140      603.4735     9      640.0000      537.2817   240361   16.05%
   7325  5701      629.2198    46      640.0000      538.6524   263285   15.84%
   7966  6208      619.2933    34      640.0000      541.4377   286353   15.40%
Elapsed time = 14.06 sec. (15837.75 ticks, tree = 3.76 MB, solutions = 2)
   8764  6874      601.9894    35      640.0000      544.1030   312540   14.98%
   9576  7536      623.3333    23      640.0000      545.8132   337326   14.72%
  10325  8127      615.5641    21      640.0000      546.4994   360775   14.61%
* 10542+ 8242                          639.0000      546.6897   367723   14.45%
* 10542+ 7113                          630.0000      546.6897   367723   13.22%
  10543  7116      578.1800    34      630.0000      546.7467   367859   13.21%
  10544  7117      572.0000    64      630.0000      572.0000   376412    9.21%
  10576  6808      624.0000    16      630.0000      572.0000   380642    9.21%
  10639  5809      572.0000    54      630.0000      572.0000   385622    9.21%
  10782  5657      604.2045    28      630.0000      572.0000   390330    9.21%
  10980  5539      572.0000    57      630.0000      572.0000   397779    9.21%
  11217  5514      605.3879    37      630.0000      572.3183   406316    9.16%
Elapsed time = 25.94 sec. (28824.79 ticks, tree = 6.19 MB, solutions = 4)
  11533  5513      607.0000    31      630.0000      572.8744   412990    9.07%
  11968  5571      575.3685    49      630.0000      573.2968   423056    9.00%
  12462  5714      586.3605    41      630.0000      573.9279   433954    8.90%
  12955  5875      616.5567    49      630.0000      574.6576   445658    8.78%
  13497  6033      579.6701    64      630.0000      575.2571   459410    8.69%
  14028  6168      597.1360    39      630.0000      575.6043   473169    8.63%
  14637  6373      590.9845    44      630.0000      576.4588   486941    8.50%
  15272  6641      610.5000    20      630.0000      576.8748   503129    8.43%
  15891  6886      603.3333    14      630.0000      577.0656   518967    8.40%
  16365  7057      594.2432    39      630.0000      577.2778   531085    8.37%
Elapsed time = 36.41 sec. (38433.66 ticks, tree = 35.39 MB, solutions = 4)
  16960  7280      614.9231    32      630.0000      577.7562   545461    8.29%
  17640  7556      609.1046    33      630.0000      578.4119   560786    8.19%
  18214  7766      623.3333    18      630.0000      578.6902   577429    8.14%
  18844  8014        cutoff            630.0000      579.0722   592286    8.08%
  19507  8266        cutoff            630.0000      579.3750   607284    8.04%
* 19544+ 6860                          620.0000      579.4286   608065    6.54%
  20136  7052      604.2255    23      620.0000      579.7233   623704    6.50%
  20661  7212      607.4801    32      620.0000      580.0308   638829    6.45%
  21294  7622      587.2770    48      620.0000      580.4206   655128    6.38%
  21847  8068      589.5185    41      620.0000      580.6189   671326    6.35%
  22447  8551      603.3333    16      620.0000      580.9339   686914    6.30%
Elapsed time = 48.88 sec. (47987.78 ticks, tree = 56.81 MB, solutions = 5)
  22911  8919        cutoff            620.0000      581.0695   700601    6.28%
  23525  9414      602.6567    27      620.0000      581.2432   715766    6.25%
  24029  9825      614.1384    17      620.0000      581.3993   728047    6.23%
  24645 10311      614.1888    30      620.0000      581.5170   741877    6.21%
  25300 10823      607.2727    20      620.0000      581.8649   756883    6.15%
  25844 11274      609.1789    33      620.0000      581.9550   773081    6.14%
  26341 11663      607.4436    22      620.0000      582.1667   785620    6.10%
  26909 12101      607.6568    26      620.0000      582.3217   797405    6.08%
  27518 12569      612.5705    31      620.0000      582.5506   811880    6.04%
  28059 12977      616.1160    29      620.0000      582.7873   826643    6.00%
Elapsed time = 61.76 sec. (57539.72 ticks, tree = 86.63 MB, solutions = 5)
  28617 13444      611.5888    19      620.0000      583.0972   842602    5.95%
  29094 13760      613.4124    18      620.0000      583.3441   854763    5.91%
  29702 14172      608.5377    31      620.0000      583.4941   867176    5.89%
  30243 14590      610.3732    22      620.0000      583.6667   882480    5.86%
  30612 14879      596.7632    30      620.0000      583.8613   893257    5.83%
  31126 15283      618.8194    30      620.0000      584.1147   908288    5.79%
  31544 15630      610.9015    24      620.0000      584.2359   919767    5.77%
  32088 16050      607.3684    31      620.0000      584.3846   932282    5.74%
  32544 16398      587.3333    45      620.0000      584.5490   943830    5.72%
  33155 16905      606.6667    19      620.0000      584.7607   958275    5.68%
Elapsed time = 74.75 sec. (67168.02 ticks, tree = 116.88 MB, solutions = 5)
  33718 17361      587.6294    39      620.0000      584.8877   972483    5.66%
  34324 17856      612.0000    41      620.0000      585.0352   988759    5.64%
  34834 18267      613.3333    20      620.0000      585.1429  1003628    5.62%
  35288 18609      600.1878    27      620.0000      585.2140  1016679    5.61%
  35744 18965      600.2182    33      620.0000      585.3205  1026445    5.59%
