Tried aggregator 3 times.
MIP Presolve eliminated 1023 rows and 134 columns.
MIP Presolve modified 470 coefficients.
Aggregator did 40 substitutions.
Reduced MIP has 1063 rows, 1889 columns, and 6752 nonzeros.
Reduced MIP has 966 binaries, 2 generals, 0 SOSs, and 0 indicators.
Presolve time = 0.01 sec. (10.24 ticks)
Found incumbent of value 4350.000000 after 0.02 sec. (18.92 ticks)
Probing time = 0.00 sec. (3.09 ticks)
Tried aggregator 1 time.
Reduced MIP has 1063 rows, 1889 columns, and 6752 nonzeros.
Reduced MIP has 966 binaries, 23 generals, 0 SOSs, and 0 indicators.
Presolve time = 0.00 sec. (3.58 ticks)
Probing time = 0.00 sec. (3.25 ticks)
Clique table members: 1433.
MIP emphasis: balance optimality and feasibility.
MIP search method: dynamic search.
Parallel mode: none, using 1 thread.
Root relaxation solution time = 0.02 sec. (24.78 ticks)

        Nodes                                         Cuts/
   Node  Left     Objective  IInf  Best Integer    Best Bound    ItCnt     Gap

*     0+    0                         4350.0000        0.0000      521  100.00%
      0     0      145.0253   125     4350.0000      145.0253      521   96.67%
      0     0      146.0000   117     4350.0000      Cuts: 28      781   96.64%
      0     0      257.8077   116     4350.0000      Cuts: 80     1700   94.07%
      0     0      271.5883   110     4350.0000      Cuts: 48     1854   93.76%
      0     0      271.5883   102     4350.0000      Cuts: 34     1928   93.76%
      0     0      271.5883   107     4350.0000      Cuts: 33     2060   93.76%
*     0+    0                         2530.0000      271.5883     2060   89.27%
*     0+    0                         1560.0000      271.5883     2060   82.59%
*     0+    0                         1470.0000      271.5883     2060   81.52%
*     0+    0                         1330.0000      271.5883     2060   79.58%
      0     0      271.5883   104     1330.0000      Cuts: 17     2160   79.58%
      0     2      271.5883   100     1330.0000      271.5883     2160   79.58%
Elapsed time = 0.93 sec. (1177.23 ticks, tree = 0.00 MB, solutions = 5)
     31    33      276.5630    95     1330.0000      271.6532     5689   79.57%
     58    60      304.7800    78     1330.0000      271.6532     8844   79.57%
     80    82      329.6108    61     1330.0000      271.6532     9946   79.57%
    120   122      378.6347    50     1330.0000      271.6532    13327   79.57%
    166   166      416.6689    43     1330.0000      271.6532    17868   79.57%
    198   198      570.0000    38     1330.0000      271.6532    23010   79.57%
    234   232     1103.5184    11     1330.0000      271.6532    28949   79.57%
*   240+  230                         1320.0000      271.6532    30016   79.42%
    260   252      802.2132    55     1320.0000      271.6532    30402   79.42%
    324   316      811.0939    51     1320.0000      271.6532    33965   79.42%
    491   473      771.0000   101     1320.0000      771.0000    60965   41.59%
Elapsed time = 6.12 sec. (7859.50 ticks, tree = 4.71 MB, solutions = 6)
    507   479     1009.0000    77     1320.0000      771.0000    64835   41.59%
    527   489     1090.7011    85     1320.0000      771.0000    71363   41.59%
    586   501     1012.4753    51     1320.0000      771.0000    79910   41.59%
    673   534     1017.8679    44     1320.0000      771.0000    99616   41.59%
    824   589     1101.0000    18     1320.0000      771.0000   134437   41.59%
    891   600     1008.7868    70     1320.0000      771.0000   149441   41.59%
   1033   646     1113.3608    20     1320.0000      771.0000   167591   41.59%
   1168   686      967.0000    92     1320.0000      772.4462   183286   41.48%
   1312   755     1014.4107    64     1320.0000      772.4502   194772   41.48%
   1441   821     1098.0000    40     1320.0000      772.4502   212460   41.48%
Elapsed time = 13.44 sec. (17561.55 ticks, tree = 5.73 MB, solutions = 6)
   1607   970     1097.0000    58     1320.0000      772.4502   232854   41.48%
   1889  1241     1100.0000    25     1320.0000      772.4534   250250   41.48%
   2123  1471      967.3904    84     1320.0000      772.5695   267778   41.47%
   2381  1728     1093.2011    56     1320.0000      772.5961   286326   41.47%
   2693  2038      774.3876   128     1320.0000      772.8341   304196   41.45%
   2961  2299     1091.0000    79     1320.0000      772.9147   322780   41.45%
   3325  2655     1011.4228    84     1320.0000      774.2412   346565   41.35%
   3535  2861     1091.0000    86     1320.0000      774.2428   368329   41.35%
   3902  3223      847.8891    74     1320.0000      774.2504   383965   41.34%
   4175  3493     1090.0000    63     1320.0000      774.2569   403865   41.34%
Elapsed time = 20.95 sec. (27161.82 ticks, tree = 14.11 MB, solutions = 6)
   4370  3680     1088.0000    49     1320.0000      774.2775   423756   41.34%
   4700  4007      846.6055    89     1320.0000      774.3156   444795   41.34%
   5093  4397      847.4679    65     1320.0000      774.3861   462594   41.33%
   5335  4636     1090.7989    67     1320.0000      774.3861   481172   41.33%
*  5491+ 4784                         1200.0000      774.3861   494814   35.47%
   5578  4873     1091.0000    69     1200.0000      774.3876   503644   35.47%
   5884  5177     1105.7081    31     1200.0000      774.3881   520072   35.47%
   6298  5589      847.7311    93     1200.0000      776.1722   544098   35.32%
*  6491+ 5762                         1190.0000      776.1722   564533   34.78%
   6491  5764     1102.0000    38     1190.0000      776.1722   564533   34.78%
*  6591+ 5862                         1180.0000      776.1722   571052   34.22%
   6824  6095     1097.0000    69     1180.0000      776.1747   582284   34.22%
   7106  6374      826.4689    99     1180.0000      776.1839   602482   34.22%
Elapsed time = 28.62 sec. (36840.66 ticks, tree = 22.73 MB, solutions = 9)
   7366  6631     1090.0000    71     1180.0000      776.1839   621646   34.22%
*  7491+ 6738                         1140.0000      776.1839   630600   31.91%
   7615  6862     1094.0296    66     1140.0000      776.2132   638130   31.91%
   7957  7204     1090.0000    70     1140.0000      776.2306   656586   31.91%
   8325  7567     1096.0000    73     1140.0000      776.2684   676700   31.91%
   8528  7763     1089.0000    59     1140.0000      776.2720   699297   31.91%
   8839  8070     1092.0000    76     1140.0000      776.2981   716098   31.90%
   9275  8502     1098.2213    39     1140.0000      776.3328   739301   31.90%
   9491  8715     1097.0000    42     1140.0000      776.3420   769433   31.90%
   9907  9129      851.8338    97     1140.0000      776.3445   795087   31.90%
  10311  9530      850.8915    76     1140.0000      776.3451   820376   31.90%
Elapsed time = 40.51 sec. (50934.63 ticks, tree = 31.77 MB, solutions = 10)
  10312  9531      778.4173   110     1140.0000      776.3451   820992   31.90%
  10639  9850      852.1023    93     1140.0000      776.3451   848254   31.90%
  11045 10247     1088.0000    57     1140.0000      776.6844   873175   31.87%
  11304 10494     1096.0000    60     1140.0000      778.2619   898642   31.73%
  11486 10658     1092.0000    86     1140.0000      778.2647   922633   31.73%
  11723 10895     1091.0000    69     1140.0000      778.2710   937832   31.73%
  12109 11277      855.7708    96     1140.0000      778.2712   957234   31.73%
  12333 11500     1091.0000    87     1140.0000      778.2712   974804   31.73%
  12556 11716     1088.0000    74     1140.0000      778.2860   994766   31.73%
  12914 12064     1015.0688    71     1140.0000      778.3007  1013955   31.73%
Elapsed time = 48.65 sec. (61158.98 ticks, tree = 38.36 MB, solutions = 10)
  13330 12475     1093.3808    72     1140.0000      778.3261  1039094   31.73%
  13727 12866     1089.0000    87     1140.0000      778.3561  1064347   31.72%
  14281 13415     1098.0000    55     1140.0000      778.3802  1091094   31.72%
  14696 13817      847.8891    81     1140.0000      778.4173  1124952   31.72%
  15197 14314     1091.0000    71     1140.0000      778.4173  1156988   31.72%
  15491 14600     1101.5617    23     1140.0000      778.4466  1188786   31.72%
  15913 15018      932.3493    84     1140.0000      778.4534  1221720   31.71%
  16316 15418     1013.0000    76     1140.0000      778.4540  1246869   31.71%
  16512 15609      966.2451    83     1140.0000      778.4540  1271791   31.71%
  16901 15993      849.4100    94     1140.0000      778.4540  1294015   31.71%
Elapsed time = 56.69 sec. (70819.58 ticks, tree = 44.56 MB, solutions = 10)
  17295 16384      851.2296    88     1140.0000      778.6829  1315391   31.69%
  17491 16568     1111.0000    28     1140.0000      778.6829  1334988   31.69%
  17795 16868     1091.0000    64     1140.0000      780.5101  1355221   31.53%
  18140 17208     1096.0000    66     1140.0000      780.5244  1375762   31.53%
  18371 17435     1097.5501    47     1140.0000      780.5253  1396566   31.53%
  18693 17746      780.6011    95     1140.0000      780.5492  1418142   31.53%
  19093 18142      847.1584    68     1140.0000      780.5574  1439329   31.53%
  19371 18419     1099.0000    51     1140.0000      780.5617  1463517   31.53%
* 19491+18526                         1130.0000      780.5617  1472250   30.92%
  19692 18725     1094.0000    54     1130.0000      780.5617  1482307   30.92%
  20189 19218     1089.0000    66     1130.0000      780.5805  1508083   30.92%
Elapsed time = 64.55 sec. (80542.03 ticks, tree = 52.96 MB, solutions = 11)
  20491 19515     1103.0000    29     1130.0000      780.6011  1538046   30.92%
  21024 20046     1093.0000    47     1130.0000      780.6528  1566416   30.92%
  21384 20402     1091.0000    54     1130.0000      780.6645  1597770   30.91%
  21789 20797     1091.0000    66     1130.0000      780.6645  1626297   30.91%
  22296 21296      788.7380   103     1130.0000      780.6645  1656692   30.91%
  22500 21496      814.1246   100     1130.0000      780.6645  1683557   30.91%
  23021 22013     1092.7952    61     1130.0000      780.6658  1716098   30.91%
  23430 22417     1102.6403    30     1130.0000      780.6764  1747631   30.91%
  23713 22695     1015.4571    62     1130.0000      780.6934  1770712   30.91%
  24106 23082      855.5411    96     1130.0000      780.6934  1793636   30.91%
Elapsed time = 72.73 sec. (90306.80 ticks, tree = 58.74 MB, solutions = 11)
  24418 23389     1091.0000    29     1130.0000      780.6934  1818928   30.91%
  24677 23643     1091.0000    36     1130.0000      780.6934  1839852   30.91%
  25039 23996     1092.0000    63     1130.0000      780.7306  1861099   30.91%
  25321 24274     1089.0766    65     1130.0000      780.7331  1883566   30.91%
  25507 24452      868.9265    78     1130.0000      780.7331  1906210   30.91%
  25897 24836      847.9944    89     1130.0000      780.7331  1926712   30.91%
  26227 25162     1088.2807    71     1130.0000      780.9484  1945723   30.89%
  26491 25414     1104.0000    24     1130.0000      780.9697  1975690   30.89%
  26858 25778     1106.0000    40     1130.0000      780.9697  2002346   30.89%
  28409 27301     1097.0000    32     1130.0000      782.9590  2117046   30.71%
Elapsed time = 82.95 sec. (102780.77 ticks, tree = 68.07 MB, solutions = 11)
  30300 29169      846.9100    80     1130.0000      782.9922  2232651   30.71%
  31693 30532      846.0000    69     1130.0000      783.0258  2339776   30.71%
  33108 31922      885.1876    88     1130.0000      783.0487  2436601   30.70%
  34326 33116     1091.0000    72     1130.0000      783.0926  2520870   30.70%
  35501 34272      827.3095   109     1130.0000      783.1116  2614073   30.70%
  36911 35672      968.0193    93     1130.0000      783.1424  2725470   30.70%
  38111 36841     1089.0000    60     1130.0000      783.1609  2812638   30.69%
  38869 37559     1094.0000    37     1130.0000      783.1609  2878175   30.69%
  39465 38124     1099.0000    30     1130.0000      783.2013  2943268   30.69%
  40061 38704     1092.0000    48     1130.0000      783.2040  2993231   30.69%
Elapsed time = 114.49 sec. (141049.66 ticks, tree = 87.93 MB, solutions = 11)
  40693 39308      846.5493    78     1130.0000      783.4159  3051554   30.67%
  41401 39995     1094.0000    38     1130.0000      783.4176  3106330   30.67%
  41970 40543     1091.0000    57     1130.0000      783.7759  3163167   30.64%
  42581 41130     1097.0000    70     1130.0000      785.5997  3220349   30.48%
  43280 41808     1120.8471    37     1130.0000      785.6040  3276355   30.48%
  43932 42429     1088.0547    58     1130.0000      785.6220  3339472   30.48%
  44491 42960     1108.0000    24     1130.0000      785.6220  3403055   30.48%
  45493 43906      846.5493    67     1130.0000      785.6398  3459312   30.47%
  46639 44995     1094.0000    67     1130.0000      785.6645  3515583   30.47%
  47678 45973     1108.0000    52     1130.0000      785.6800  3572959   30.47%
Elapsed time = 145.43 sec. (179526.87 ticks, tree = 117.85 MB, solutions = 11)
  48976 47220     1092.5263    49     1130.0000      785.7106  3623999   30.47%
  50157 48361     1093.0000    65     1130.0000      785.7647  3678988   30.46%
  50973 49145     1093.0000    52     1130.0000      785.7981  3727437   30.46%
  51948 50077     1092.0000    34     1130.0000      785.8108  3777504   30.46%
  53037 51121     1103.0000    52     1130.0000      785.8249  3825695   30.46%
  54026 52054     1101.0000    36     1130.0000      785.8450  3877063   30.46%
  54951 52934     1094.0000    48     1130.0000      785.8532  3926079   30.46%
  55921 53866     1090.8663    38     1130.0000      785.8920  3977941   30.45%
  57046 54931     1093.0000    42     1130.0000      786.0646  4027489   30.44%
  58154 55992     1101.3750    54     1130.0000      786.1723  4081813   30.43%
Elapsed time = 174.75 sec. (217733.10 ticks, tree = 229.33 MB, solutions = 11)
  58996 56796     1098.0000    55     1130.0000      786.3777  4130094   30.41%
  59978 57738     1110.0000    44     1130.0000      788.4649  4184968   30.22%
  61135 58850     1092.6976    53     1130.0000      788.5065  4236844   30.22%
  62356 60026     1095.7998    40     1130.0000      788.5314  4289473   30.22%
  63389 61008     1095.5141    56     1130.0000      788.5587  4341015   30.22%
  64468 62047     1106.0069    25     1130.0000      788.5727  4399768   30.21%
  65493 63027     1092.6976    45     1130.0000      788.5866  4448453   30.21%
  66538 64014     1098.2011    65     1130.0000      788.5954  4499182   30.21%
  67563 65001     1093.1689    65     1130.0000      788.6405  4549502   30.21%
  68548 65943     1096.0000    48     1130.0000      788.6868  4601153   30.20%
Elapsed time = 204.33 sec. (255962.33 ticks, tree = 348.76 MB, solutions = 11)
  69430 66774     1108.7585    54     1130.0000      788.6876  4657388   30.20%
  70402 67707     1096.1712    42     1130.0000      788.7333  4706587   30.20%
  71475 68737     1103.5412    37     1130.0000      788.7380  4761280   30.20%
  72482 69674      846.5493    66     1130.0000      788.7755  4814714   30.20%
  73674 70813     1104.0000    35     1130.0000      788.7873  4866366   30.20%
  74826 71925     1103.4440    62     1130.0000      788.8269  4919094   30.19%
  75895 72953      848.1856    76     1130.0000      788.9607  4970475   30.18%
  76971 73984     1098.0000    64     1130.0000      788.9908  5025495   30.18%
  77874 74845     1115.0000    34     1130.0000      789.0000  5081087   30.18%
  79059 75997     1094.0000    39     1130.0000      789.0862  5133036   30.17%
Elapsed time = 233.85 sec. (294213.88 ticks, tree = 452.42 MB, solutions = 11)
  80087 76981     1117.8677    35     1130.0000      789.4013  5187206   30.14%
  81272 78115     1101.0000    37     1130.0000      791.6442  5234570   29.94%
  82400 79187     1108.0035    51     1130.0000      791.6713  5289169   29.94%
  83396 80108     1103.0000    44     1130.0000      791.6761  5340887   29.94%
  84283 80941     1111.0000    30     1130.0000      791.6922  5394387   29.94%
  85431 82045     1107.7612    42     1130.0000      791.7090  5446067   29.94%
  86485 83066     1101.0000    25     1130.0000      791.7277  5496142   29.94%
  87636 84182     1108.0000    46     1130.0000      791.7569  5551204   29.93%
  89093 85590      846.5493    82     1130.0000      791.7899  5604076   29.93%
  90180 86625     1106.0000    48     1130.0000      791.8352  5651946   29.93%
Elapsed time = 263.26 sec. (332433.87 ticks, tree = 553.20 MB, solutions = 11)
  91310 87715     1089.0580    52     1130.0000      791.8914  5705042   29.92%
  92411 88776     1107.0000    31     1130.0000      791.9102  5760124   29.92%
  93465 89791     1110.2642    24     1130.0000      791.9316  5814805   29.92%
  94600 90851     1095.6383    34     1130.0000      791.9637  5866563   29.91%
  95624 91842     1104.0000    41     1130.0000      791.9879  5923007   29.91%
  96893 93083      850.7365    76     1130.0000      792.0056  5975871   29.91%
  98086 94239     1104.0000    44     1130.0000      792.0444  6024582   29.91%
  99100 95216      966.4874    74     1130.0000      792.1116  6075846   29.90%
 100173 96259     1099.0000    63     1130.0000      792.1712  6125135   29.90%
 101277 97322     1113.0559    31     1130.0000      792.1893  6174834   29.89%
Elapsed time = 292.39 sec. (370659.44 ticks, tree = 683.78 MB, solutions = 11)
 102351 98342     1097.5000    56     1130.0000      792.2458  6222949   29.89%
 103338 99284     1095.0029    46     1130.0000      792.3427  6269969   29.88%
 104338 100245     1095.7816    69     1130.0000      792.5928  6318275   29.86%
 105429 101280     1117.8051    17     1130.0000      795.1066  6371488   29.64%
 106554 102364     1105.0029    33     1130.0000      795.1359  6417759   29.63%
 107893 103635      846.0029    69     1130.0000      795.1620  6471875   29.63%
 109101 104791      850.0116    73     1130.0000      795.1922  6525385   29.63%
 110462 106098     1107.7757    30     1130.0000      795.2124  6580439   29.63%
 111833 107411     1116.0000    40     1130.0000      795.2365  6632401   29.63%
 113292 108839     1109.0000    48     1130.0000      795.2551  6683956   29.62%
Elapsed time = 321.82 sec. (408894.38 ticks, tree = 807.45 MB, solutions = 11)
 114500 109982      868.9334    50     1130.0000      795.2754  6737393   29.62%
 115844 111289     1116.0000    49     1130.0000      795.3762  6784950   29.61%
 117291 112704     1113.0000    35     1130.0000      795.4186  6835607   29.61%
 118432 113784        cutoff           1130.0000      795.4393  6890670   29.61%
 119560 114881     1093.5152    44     1130.0000      795.4797  6938916   29.60%
 120902 116189      868.6812    57     1130.0000      795.4941  6984612   29.60%
 121969 117220     1097.5000    24     1130.0000      795.5142  7029246   29.60%
 123245 118471     1093.0000    32     1130.0000      795.5472  7079296   29.60%
 124401 119589     1096.0000    30     1130.0000      795.6107  7126742   29.59%
 125576 120711     1099.0000    42     1130.0000      795.6438  7173762   29.59%
Elapsed time = 350.81 sec. (447116.79 ticks, tree = 949.05 MB, solutions = 11)
 126820 121918     1107.0000    40     1130.0000      795.6882  7226018   29.59%
 128149 123210     1097.5000    50     1130.0000      795.7028  7276109   29.58%
 129408 124432     1106.0000    24     1130.0000      795.7179  7327330   29.58%
 130659 125632     1115.6295    30     1130.0000      795.7960  7379525   29.58%
 132011 126932        cutoff           1130.0000      795.8796  7429048   29.57%
 133353 128231     1105.0000    22     1130.0000      796.0922  7479350   29.55%
 134491 129305     1110.0000    20     1130.0000      796.1957  7533918   29.54%
 135821 130581     1106.0000    45     1130.0000      798.9728  7581596   29.29%
 137048 131731     1093.1106    45     1130.0000      798.9977  7634119   29.29%
 138375 132988     1095.9522    30     1130.0000      798.9979  7685716   29.29%
Elapsed time = 379.93 sec. (485390.59 ticks, tree = 1097.27 MB, solutions = 11)
 139763 134330     1098.0380    56     1130.0000      798.9979  7731125   29.29%
 140957 135478     1100.0692    37     1130.0000      799.0000  7776596   29.29%
 142391 136844     1112.5000    30     1130.0000      799.0251  7827934   29.29%
 143893 138280      849.9461    74     1130.0000      799.0440  7872173   29.29%
 145433 139756     1100.5009    16     1130.0000      799.0658  7920845   29.29%
 146621 140901     1110.2500    38     1130.0000      799.0848  7965960   29.28%
 148069 142292     1112.8292    53     1130.0000      799.1131  8016385   29.28%
 149620 143775     1116.0000    55     1130.0000      799.1406  8062463   29.28%
 151155 145258     1090.7522    48     1130.0000      799.1708  8114186   29.28%
 152458 146525     1106.0000    30     1130.0000      799.2519  8164931   29.27%
Elapsed time = 408.94 sec. (523595.30 ticks, tree = 1251.37 MB, solutions = 11)
 153893 147928      847.1584    92     1130.0000      799.3206  8208651   29.26%
 155408 149402     1112.5000    18     1130.0000      799.3476  8256886   29.26%
 156596 150544     1100.1381    27     1130.0000      799.3885  8305342   29.26%
 158023 151933     1105.9805    47     1130.0000      799.4092  8354176   29.26%
 159457 153318      931.5502    68     1130.0000      799.4388  8400761   29.25%
 160594 154409     1102.5343    40     1130.0000      799.4663  8446561   29.25%
 162137 155913     1105.0000    51     1130.0000      799.5035  8496118   29.25%
 163469 157196     1107.6365    19     1130.0000      799.5468  8545613   29.24%
 164885 158557     1106.0603    42     1130.0000      799.5749  8587532   29.24%
 166075 159710     1118.1786    23     1130.0000      799.6023  8630004   29.24%
Elapsed time = 437.62 sec. (561790.82 ticks, tree = 1379.04 MB, solutions = 11)
 167348 160954     1100.1494    29     1130.0000      799.6718  8679451   29.23%
 168491 162052     1089.5437    48     1130.0000      799.7400  8729729   29.23%
 169778 163304     1101.7835    43     1130.0000      799.8258  8775091   29.22%
 171361 164835        cutoff           1130.0000      800.0080  8821558   29.20%
 172807 166211     1108.5106    32     1130.0000      803.2365  8867412   28.92%
 174234 167594     1107.5000    24     1130.0000      803.2700  8914046   28.91%
 175491 168785     1087.9644    58     1130.0000      803.2779  8959905   28.91%
 177122 170374     1088.6885    52     1130.0000      803.2985  9010742   28.91%
*177491+168036                         1120.0000      803.3126  9026145   28.28%
 178498 169008     1097.8328    59     1120.0000      803.3200  9057214   28.27%
 180129 170567        cutoff           1120.0000      803.3402  9105356   28.27%
Elapsed time = 466.45 sec. (600125.85 ticks, tree = 1485.75 MB, solutions = 12)
 181650 172011     1105.3104    40     1120.0000      803.3669  9149596   28.27%
 183093 173400      847.2688    82     1120.0000      803.4014  9199952   28.27%
 184592 174865     1105.4797    39     1120.0000      803.4043  9239844   28.27%
 186283 176499     1112.5000    37     1120.0000      803.4242  9288827   28.27%
 187825 177966     1107.7364    19     1120.0000      803.4917  9336589   28.26%
 189361 179439     1100.0000    35     1120.0000      803.5561  9380126   28.25%
 190445 180479     1105.3122    32     1120.0000      803.5716  9425166   28.25%
 191721 181704     1098.1671    47     1120.0000      803.6084  9475588   28.25%
 193093 183032      803.8767    78     1120.0000      803.6608  9520257   28.24%
 194337 184218     1090.3157    52     1120.0000      803.6865  9565855   28.24%
Elapsed time = 495.35 sec. (638345.75 ticks, tree = 1649.54 MB, solutions = 12)
 195711 185549     1090.4587    41     1120.0000      803.7239  9610756   28.24%
 197211 186996     1100.5000    52     1120.0000      803.7364  9650693   28.24%
 198441 188169     1087.8336    40     1120.0000      803.7413  9701000   28.24%
 199947 189634     1093.0186    65     1120.0000      803.8010  9747042   28.23%
 201290 190952     1099.0000    35     1120.0000      803.8067  9793788   28.23%
 202553 192145     1100.1381    43     1120.0000      803.8275  9838464   28.23%
 204171 193733     1102.6467    43     1120.0000      803.8670  9888443   28.23%
 205403 194922     1103.0063    26     1120.0000      803.8797  9930961   28.23%
 206863 196322     1111.0000    31     1120.0000      803.8945  9979291   28.22%
 208088 197485      855.2132    87     1120.0000      803.9361 10022941   28.22%
Elapsed time = 524.24 sec. (676587.80 ticks, tree = 1792.19 MB, solutions = 12)
 209552 198894     1108.5709    47     1120.0000      803.9874 10072306   28.22%
 210924 200204     1090.8663    43     1120.0000      803.9990 10118782   28.21%
 212419 201658     1117.5000    16     1120.0000      804.0257 10168141   28.21%
 213725 202908     1090.5502    56     1120.0000      804.1416 10213205   28.20%
 215085 204179     1093.2011    52     1120.0000      804.2121 10260240   28.20%
 215891 204944     1091.5113    47     1120.0000      804.2479 10286606   28.19%
 216652 205671     1091.5705    50     1120.0000      804.2897 10312843   28.19%
 217026 206035      886.5433    74     1120.0000      804.3217 10325417   28.19%
 217691 206680     1113.6379    32     1120.0000      804.3507 10348395   28.18%
 218228 207178     1102.9351    50     1120.0000      804.3661 10369248   28.18%
Elapsed time = 555.06 sec. (715366.21 ticks, tree = 1931.22 MB, solutions = 12)
 218906 207812     1095.0237    41     1120.0000      804.4304 10388990   28.18%
 219391 208266      857.6479    64     1120.0000      804.4652 10405110   28.17%
 220191 209004     1105.3111    33     1120.0000      804.6885 10436622   28.15%
 220791 209572     1095.0259    29     1120.0000      808.0213 10455526   27.86%
 221591 210329     1094.0000    35     1120.0000      808.0284 10475385   27.85%
 222191 210893     1090.3502    43     1120.0000      808.0387 10494941   27.85%
 222794 211469      819.5400    83     1120.0000      808.0464 10512468   27.85%
 223291 211947     1098.0254    34     1120.0000      808.0464 10527561   27.85%
 223791 212428     1103.5024    28     1120.0000      808.0486 10539511   27.85%
 224491 213092     1093.2184    46     1120.0000      808.0510 10565636   27.85%
Elapsed time = 589.90 sec. (756381.15 ticks, tree = 2009.19 MB, solutions = 12)
 225577 214141     1088.2447    45     1120.0000      808.0696 10599400   27.85%
 227091 215596     1112.6594    29     1120.0000      808.0912 10640263   27.85%
 228297 216722     1088.1286    45     1120.0000      808.1033 10685643   27.85%

GUB cover cuts applied:  1
Cover cuts applied:  3
Implied bound cuts applied:  63
Flow cuts applied:  146
Mixed integer rounding cuts applied:  47
Lift and project cuts applied:  16

Root node processing (before b&c):
  Real time             =    0.93 sec. (1177.33 ticks)
Sequential b&c:
  Real time             =  599.07 sec. (767954.23 ticks)
                          ------------
Total (root+branch&cut) =  600.00 sec. (769131.56 ticks)
