Tried aggregator 2 times.
MIP Presolve eliminated 1736 rows and 184 columns.
MIP Presolve modified 588 coefficients.
Aggregator did 51 substitutions.
Reduced MIP has 1933 rows, 3433 columns, and 12516 nonzeros.
Reduced MIP has 1793 binaries, 2 generals, 0 SOSs, and 0 indicators.
Presolve time = 0.02 sec. (14.06 ticks)
Found incumbent of value 6000.000000 after 0.04 sec. (35.65 ticks)
Probing fixed 0 vars, tightened 2 bounds.
Probing time = 0.02 sec. (14.72 ticks)
Tried aggregator 2 times.
MIP Presolve eliminated 2 rows and 2 columns.
Aggregator did 1 substitutions.
Reduced MIP has 1930 rows, 3430 columns, and 12510 nonzeros.
Reduced MIP has 1791 binaries, 22 generals, 0 SOSs, and 0 indicators.
Presolve time = 0.01 sec. (10.21 ticks)
Probing time = 0.00 sec. (3.46 ticks)
Clique table members: 5965.
MIP emphasis: balance optimality and feasibility.
MIP search method: dynamic search.
Parallel mode: none, using 1 thread.
Root relaxation solution time = 0.06 sec. (86.72 ticks)

        Nodes                                         Cuts/
   Node  Left     Objective  IInf  Best Integer    Best Bound    ItCnt     Gap

*     0+    0                         6000.0000        0.0000     1095  100.00%
      0     0       99.2668   219     6000.0000       99.2668     1095   98.35%
      0     0      100.5530   205     6000.0000      Cuts: 38     1924   98.32%
      0     0      193.7802   206     6000.0000     Cuts: 133     3316   96.77%
      0     0      195.1156   182     6000.0000     Cuts: 114     3775   96.75%
*     0+    0                         2090.0000      195.1156     3775   90.66%
      0     0      195.5853   198     2090.0000      Cuts: 61     4139   90.64%
      0     0      196.8470   201     2090.0000     Cuts: 122     4508   90.58%
      0     0      197.0192   194     2090.0000      Cuts: 45     4713   90.57%
      0     0      197.0585   190     2090.0000      Cuts: 48     4782   90.57%
      0     0      197.0600   190     2090.0000      Cuts: 24     5109   90.57%
      0     0      197.0655   187     2090.0000      Cuts: 15     5219   90.57%
      0     2      197.0655   185     2090.0000      197.0767     5219   90.57%
Elapsed time = 1.68 sec. (2187.54 ticks, tree = 0.00 MB, solutions = 2)
     28    30      199.7201   185     2090.0000      197.1779     6500   90.57%
     54    56      210.0000   175     2090.0000      197.1779     8229   90.57%
     70    72      207.3740   162     2090.0000      197.1779     8880   90.57%
     80    82      213.3497   155     2090.0000      197.1779    10052   90.57%
    103   103      224.3466   143     2090.0000      197.1779    12471   90.57%
    120   120      233.2206   134     2090.0000      197.1779    14983   90.57%
    126   126      233.2206   137     2090.0000      197.1779    17872   90.57%
    140   140      238.8859   131     2090.0000      197.1779    20957   90.57%
    143   143      830.0000    86     2090.0000      197.1779    26000   90.57%
    215   215      272.9428   104     2090.0000      197.1779    36671   90.57%
Elapsed time = 4.49 sec. (5900.24 ticks, tree = 1.61 MB, solutions = 2)
    268   268      282.6579    98     2090.0000      197.1779    50345   90.57%
    320   320      352.8463    69     2090.0000      197.1779    64681   90.57%
    360   360      368.5078    72     2090.0000      197.1779    81503   90.57%
    426   426      924.9894    26     2090.0000      197.1779    99849   90.57%
*   479+  316                         1770.0000      287.8119   114561   83.74%
    479   317      581.0000   185     1770.0000      581.0000   129036   67.18%
    483   317      584.2068   190     1770.0000      583.0000   131676   67.06%
    487   316      733.6918   115     1770.0000      583.0000   135170   67.06%
    493   318      674.8498   122     1770.0000      583.0000   140122   67.06%
    499   318      600.5590   180     1770.0000      583.0000   144652   67.06%
    503   319      601.0720   180     1770.0000      583.0000   149040   67.06%
Elapsed time = 18.68 sec. (24419.49 ticks, tree = 1.69 MB, solutions = 3)
    509   316      607.2379   174     1770.0000      583.0000   152072   67.06%
    518   317      712.7019   116     1770.0000      583.0000   160722   67.06%
    529   318     1222.7134    97     1770.0000      583.0000   167874   67.06%
    549   323     1305.7813    75     1770.0000      583.0000   176395   67.06%
    579   339     1515.0000    74     1770.0000      583.0000   178509   67.06%
    619   363     1515.0000    59     1770.0000      583.0000   181542   67.06%
    659   386     1515.0000    34     1770.0000      583.0000   186240   67.06%
    751   411     1528.5142    19     1770.0000      583.0000   205670   67.06%
    799   421      634.1668   180     1770.0000      583.0000   214380   67.06%
    820   423     1220.6663   103     1770.0000      583.0000   223021   67.06%
Elapsed time = 26.60 sec. (35120.88 ticks, tree = 5.24 MB, solutions = 3)
    849   430     1224.1869    76     1770.0000      583.0000   233224   67.06%
    879   433     1482.1296    74     1770.0000      583.0000   242140   67.06%
    959   469     1483.0000    65     1770.0000      583.0000   247262   67.06%
   1049   502      583.5695   186     1770.0000      585.0000   264642   66.95%
   1078   519      769.5191   141     1770.0000      585.0000   270454   66.95%
   1092   527      658.5477   130     1770.0000      586.1250   274587   66.89%
   1119   535     1213.0000    93     1770.0000      586.1250   279431   66.89%
   1213   594     1470.0000    57     1770.0000      586.1250   284948   66.89%
   1287   662      639.8157   109     1770.0000      586.1278   293258   66.89%
   1297   672      686.3014   136     1770.0000      586.1278   302643   66.89%
Elapsed time = 34.20 sec. (45319.48 ticks, tree = 10.03 MB, solutions = 3)
   1318   693      903.3138   116     1770.0000      586.1278   310219   66.89%
   1346   719     1450.0000    67     1770.0000      586.1278   317807   66.89%
   1423   793     1540.0000    14     1770.0000      586.1278   330719   66.89%
*  1479+  829                         1740.0000      586.1278   343779   66.31%
*  1479+  829                         1700.0000      586.1278   343779   65.52%
   1479   831     1463.0000    28     1700.0000      586.1278   343779   65.52%
   1507   859      761.1944   147     1700.0000      586.1278   348374   65.52%
   1547   895     1408.0000    55     1700.0000      586.1278   358083   65.52%
   1657   997     1412.0000    54     1700.0000      586.1278   364471   65.52%
   1712  1052      981.6488   133     1700.0000      586.4398   373064   65.50%
   1785  1119     1516.0000    70     1700.0000      586.4398   380826   65.50%
   1914  1238     1078.9491   114     1700.0000      588.1546   391632   65.40%
Elapsed time = 41.78 sec. (55140.93 ticks, tree = 18.23 MB, solutions = 5)
   1987  1308     1484.0000    68     1700.0000      588.1546   401924   65.40%
   2103  1420      709.6739   147     1700.0000      588.2120   414764   65.40%
   2223  1528     1430.0000    52     1700.0000      588.2120   423700   65.40%
   2289  1594     1082.4181    64     1700.0000      590.0000   437208   65.29%
   2308  1613     1087.2345    76     1700.0000      590.0000   447588   65.29%
   2324  1628     1287.5994    96     1700.0000      590.0000   458285   65.29%
   2389  1687     1456.8351    56     1700.0000      590.0000   468140   65.29%
   2460  1751     1463.4921    24     1700.0000      590.0000   482389   65.29%
*  2479+ 1767                         1690.0000      590.0000   484729   65.09%
*  2479+ 1765                         1610.0000      590.0000   484729   63.35%
   2481  1769      700.8107    96     1610.0000      590.2828   487890   63.34%
   2500  1788      862.6665    92     1610.0000      590.2828   495606   63.34%
Elapsed time = 49.59 sec. (65304.40 ticks, tree = 24.42 MB, solutions = 7)
   2538  1823     1518.0000    64     1610.0000      590.2828   502102   63.34%
   2683  1955      606.8322   173     1610.0000      590.4184   510936   63.33%
   2718  1987     1423.0000    92     1610.0000      590.4184   519242   63.33%
   2885  2142      606.0721   160     1610.0000      590.4996   529258   63.32%
   2930  2182     1478.0000    75     1610.0000      590.4996   537894   63.32%
   3084  2323     1088.0688   104     1610.0000      591.7279   549647   63.25%
   3109  2348     1224.9230   112     1610.0000      591.7279   562179   63.25%
   3134  2365     1421.6563    91     1610.0000      591.7279   570932   63.25%
   3245  2475     1431.0000    53     1610.0000      591.7279   581211   63.25%
   3299  2520     1404.3396    82     1610.0000      592.7549   597674   63.18%
Elapsed time = 57.27 sec. (75197.31 ticks, tree = 31.19 MB, solutions = 7)
   3372  2589     1408.0000    39     1610.0000      592.7549   607795   63.18%
   3461  2669     1440.2473    10     1610.0000      592.7549   625994   63.18%
*  3479+ 2684                         1600.0000      592.7549   627886   62.95%
*  3479+ 2677                         1560.0000      592.7549   627886   62.00%
   3489  2689      684.5555   137     1560.0000      594.0000   632605   61.92%
   3510  2710     1079.2738   120     1560.0000      594.0000   640687   61.92%
   3602  2800     1451.0000    60     1560.0000      594.0000   648469   61.92%
   3687  2884      757.1901    96     1560.0000      594.0000   658026   61.92%
   3711  2908     1076.7877    99     1560.0000      594.0000   666440   61.92%
   3824  3016     1521.0000    65     1560.0000      594.0000   673082   61.92%
   3958  3146     1519.0000    89     1560.0000      594.0000   681413   61.92%
   4081  3264      688.3671   114     1560.0000      594.1931   694357   61.91%
Elapsed time = 65.02 sec. (85195.84 ticks, tree = 39.45 MB, solutions = 9)
   4107  3290      980.0478   118     1560.0000      594.1931   702292   61.91%
   4180  3360     1495.0307    71     1560.0000      594.1931   709068   61.91%
   4290  3462      700.8129   109     1560.0000      594.8322   718059   61.87%
   4311  3483      921.1746   106     1560.0000      594.8322   726609   61.87%
   4364  3531     1468.0000    54     1560.0000      594.8322   735940   61.87%
*  4479+ 3613                         1550.0000      594.8322   746054   61.62%
*  4479+ 3305                         1520.0000      594.8322   746054   60.87%
*  4479+ 2813                         1500.0000      594.8322   746054   60.34%
   4479  2815     1473.0000    33     1500.0000      594.8322   746054   60.34%
   4503  2839      785.3651   131     1500.0000      595.2431   752954   60.32%
   4598  2924     1429.0257    53     1500.0000      595.2431   762332   60.32%
   4690  3013      646.6292   164     1500.0000      595.9686   771813   60.27%
   4721  3038     1478.9474    81     1500.0000      595.9686   781152   60.27%
Elapsed time = 72.58 sec. (95126.79 ticks, tree = 37.07 MB, solutions = 12)
   4750  3061     1005.3229    92     1500.0000      596.0253   793942   60.26%
   4775  3081      813.7483   102     1500.0000      596.1210   801518   60.26%
   4799  3105     1106.3028   116     1500.0000      596.1210   809759   60.26%
   4860  3160     1203.5493    98     1500.0000      597.8852   820482   60.14%
   4905  3200     1409.0000    62     1500.0000      597.8852   832250   60.14%
   4984  3273     1414.0000    32     1500.0000      597.8852   844928   60.14%
   5098  3385     1424.4444    19     1500.0000      597.8852   867917   60.14%
   5155  3426     1462.4428   106     1500.0000      598.1622   881954   60.12%
   5217  3473     1486.9350    46     1500.0000      598.1622   896066   60.12%
*  5479+ 3450                         1490.0000      598.3126   934414   59.84%
*  5628+ 2953                         1480.0000      598.3126   946756   59.57%
   5628  2955      783.1813    81     1480.0000      598.4342   946756   59.57%
Elapsed time = 82.85 sec. (107955.03 ticks, tree = 37.85 MB, solutions = 14)
   5899  3199     1460.4447    27     1480.0000      599.5972   982256   59.49%
   6156  3406     1442.0000    30     1480.0000      599.9981  1037097   59.46%
   6446  3662      725.8364   152     1480.0000      600.8035  1079326   59.41%
   6562  3758     1244.9028    91     1480.0000      602.0000  1112321   59.32%
   6877  4025     1436.3569   132     1480.0000      602.9060  1157398   59.26%
   7186  4296     1396.5336    96     1480.0000      603.7178  1207463   59.21%
   7289  4382      964.2533    97     1480.0000      604.0000  1245946   59.19%
   7380  4455      832.3739   108     1480.0000      605.1963  1286062   59.11%
   7466  4535     1214.6738   123     1480.0000      605.9509  1333780   59.06%
*  7479+ 3455                         1460.0000      605.9509  1339508   58.50%
   7733  3682      726.5506   153     1460.0000      606.2559  1385301   58.48%
Elapsed time = 112.72 sec. (146640.07 ticks, tree = 47.99 MB, solutions = 15)
   8048  3954      986.7300   104     1460.0000      608.9583  1439644   58.29%
   8258  4140      935.4187    87     1460.0000      609.3295  1480037   58.27%
   8343  4213      988.3960   153     1460.0000      611.0000  1515020   58.15%
   8433  4284     1205.2026   129     1460.0000      612.4351  1542195   58.05%
   8503  4345     1104.4020   111     1460.0000      612.4550  1578887   58.05%
   8749  4566     1281.1417    45     1460.0000      614.0000  1617584   57.95%
   8995  4770        cutoff           1460.0000      614.1902  1668863   57.93%
*  9279+ 4141                         1450.0000      615.8387  1712978   57.53%
   9279  4143     1209.8557   115     1450.0000      615.8387  1712978   57.53%
   9479  4313     1417.0000    47     1450.0000      615.8490  1762042   57.53%
   9654  4461     1427.0000    90     1450.0000      616.7218  1810989   57.47%
Elapsed time = 142.71 sec. (185095.11 ticks, tree = 52.38 MB, solutions = 16)
* 10059+ 4302                         1440.0000      617.6026  1868173   57.11%
  10059  4304      994.4269   127     1440.0000      617.6026  1868173   57.11%
  10184  4407     1204.2790   125     1440.0000      620.5587  1919720   56.91%
  10469  4659     1243.3060   103     1440.0000      621.0000  1980798   56.87%
  10686  4845     1243.0000    83     1440.0000      622.5928  2028195   56.76%
  10882  5026     1242.6171    83     1440.0000      623.0698  2077385   56.73%
  11137  5267    infeasible           1440.0000      623.2831  2127162   56.72%
  11352  5443      628.8933   174     1440.0000      624.5009  2164127   56.63%
  11628  5684      996.4268   102     1440.0000      625.0412  2193802   56.59%
  11851  5869     1328.8950    91     1440.0000      625.9302  2224569   56.53%
  12127  6116     1420.7944    38     1440.0000      627.6826  2253332   56.41%
Elapsed time = 193.11 sec. (244028.36 ticks, tree = 64.54 MB, solutions = 17)
  12433  6380      913.9681    99     1440.0000      628.9836  2283353   56.32%
  12781  6676     1414.0000    46     1440.0000      632.2034  2307101   56.10%
  13149  6984      989.9631    89     1440.0000      634.7458  2337141   55.92%
  13428  7223     1408.3797    49     1440.0000      635.4516  2370980   55.87%
  13783  7551     1214.6738   123     1440.0000      637.0647  2407141   55.76%
  14088  7833     1251.0973    85     1440.0000      637.1802  2441919   55.75%
  14413  8129     1408.0000    66     1440.0000      638.5198  2472508   55.66%
  14742  8430      765.5720   137     1440.0000      638.6152  2503215   55.65%
  15032  8686     1426.0000    65     1440.0000      639.4337  2531959   55.59%
  15272  8883     1219.6068   125     1440.0000      642.1139  2566603   55.41%
Elapsed time = 223.33 sec. (282439.24 ticks, tree = 122.87 MB, solutions = 17)
  15572  9150     1204.3934    96     1440.0000      643.2378  2605807   55.33%
  16031  9581     1416.0000    49     1440.0000      643.3138  2638934   55.33%
  16425  9907     1430.0000    43     1440.0000      645.7108  2671171   55.16%
  16737 10172     1392.4088   106     1440.0000      649.9718  2697771   54.86%
  17050 10439     1431.0000    67     1440.0000      650.9586  2735872   54.79%
  17293 10659     1431.0000    38     1440.0000      652.2969  2763014   54.70%
  17631 10977    infeasible           1440.0000      652.4093  2794910   54.69%
  17786 11100     1205.4157    95     1440.0000      654.2555  2823161   54.57%
  18080 11375     1218.4238   115     1440.0000      654.7789  2848947   54.53%
  18421 11667     1396.3326   102     1440.0000      657.5115  2871493   54.34%
Elapsed time = 253.21 sec. (320976.43 ticks, tree = 190.18 MB, solutions = 17)
  18735 11943     1431.0945    52     1440.0000      657.5387  2899298   54.34%
  18929 12115     1241.4752   117     1440.0000      658.4599  2929302   54.27%
  19219 12380     1428.7079    59     1440.0000      659.0162  2954211   54.23%
  19563 12701     1255.7486   106     1440.0000      659.2989  2981102   54.22%
  19950 13073     1425.0000    29     1440.0000      659.6634  3008074   54.19%
  20175 13281     1434.0000    23     1440.0000      659.9379  3040411   54.17%
  20470 13542     1435.0000    41     1440.0000      661.4101  3069834   54.07%
  20755 13784     1438.0000    29     1440.0000      663.2398  3099006   53.94%
  21151 14126     1224.6782   125     1440.0000      665.0252  3127766   53.82%
  21493 14432     1428.0000    52     1440.0000      666.5114  3154469   53.71%
Elapsed time = 284.25 sec. (359717.38 ticks, tree = 247.62 MB, solutions = 17)
  21785 14673     1425.0000    34     1440.0000      668.4615  3181653   53.58%
  22136 14999     1203.8303   102     1440.0000      669.5507  3213197   53.50%
  22395 15215     1289.0499    95     1440.0000      670.8590  3245465   53.41%
  22704 15486     1418.0000    55     1440.0000      671.6714  3270439   53.36%
  22960 15704     1429.0000    55     1440.0000      675.1429  3302614   53.12%
  23296 16006     1425.0000    55     1440.0000      678.2342  3331367   52.90%
  23637 16317     1426.6667    30     1440.0000      679.1430  3362880   52.84%
  24030 16683     1041.0024    95     1440.0000      679.9152  3393595   52.78%
  24256 16860     1432.3116    46     1440.0000      681.3390  3424250   52.68%
  24478 17047     1426.0000    62     1440.0000      682.9434  3458969   52.57%
Elapsed time = 314.19 sec. (398060.04 ticks, tree = 307.00 MB, solutions = 17)
  24780 17314     1435.0000    39     1440.0000      683.1234  3487312   52.56%
  25074 17588     1274.8979    85     1440.0000      683.8614  3517576   52.51%
  25357 17855      712.5260   152     1440.0000      686.5076  3544388   52.33%
  25592 18057     1427.6722    45     1440.0000      687.0261  3575955   52.29%
  25860 18289     1434.0000    36     1440.0000      688.3671  3601569   52.20%
  26179 18542     1252.7432    85     1440.0000      690.1473  3625590   52.07%
  26479 18786     1243.4170    77     1440.0000      691.1796  3649191   52.00%
  26789 19076     1264.9752   101     1440.0000      691.9576  3678311   51.95%
  26989 19254     1429.0000    51     1440.0000      693.3933  3703396   51.85%
  27418 19669     1427.0000    30     1440.0000      695.2303  3732078   51.72%
Elapsed time = 344.77 sec. (436934.42 ticks, tree = 350.85 MB, solutions = 17)
  27739 19945     1425.0000    70     1440.0000      695.9182  3761945   51.67%
  28126 20316     1204.0531    87     1440.0000      697.1905  3792998   51.58%
  28479 20642     1421.0000    40     1440.0000      698.1096  3820233   51.52%
  28801 20909     1283.8303   119     1440.0000      701.7168  3850467   51.27%
  29092 21126     1426.8795    48     1440.0000      704.9413  3872079   51.05%
  29451 21460     1432.0000    48     1440.0000      706.0506  3902217   50.97%
  29851 21828     1240.0827    91     1440.0000      709.7225  3934265   50.71%
  30055 21985     1252.7432    90     1440.0000      710.5595  3965737   50.66%
  30383 22296     1432.0367    45     1440.0000      710.5839  3992444   50.65%
  30750 22610     1428.0000    62     1440.0000      713.3074  4020096   50.46%
Elapsed time = 374.60 sec. (475343.35 ticks, tree = 398.92 MB, solutions = 17)
  31042 22878     1425.0000    55     1440.0000      714.2060  4053209   50.40%
  31255 23054     1429.0000    43     1440.0000      716.4586  4081232   50.25%
  31601 23376     1417.8599    46     1440.0000      717.7306  4111113   50.16%
  31890 23644     1242.8655    95     1440.0000      717.8530  4143752   50.15%
  32039 23772        cutoff           1440.0000      717.8530  4179278   50.15%
  32393 24095     1433.4481    52     1440.0000      718.3924  4211951   50.11%
  32697 24372        cutoff           1440.0000      718.3951  4244091   50.11%
  32917 24561     1426.0000    39     1440.0000      719.1995  4276530   50.06%
  33228 24836     1438.0000    52     1440.0000      719.9921  4315277   50.00%
  33624 25200     1424.0000    35     1440.0000      720.8527  4346974   49.94%
Elapsed time = 405.52 sec. (513772.71 ticks, tree = 448.14 MB, solutions = 17)
  33846 25408     1408.0000    53     1440.0000      721.0901  4374331   49.92%
  34035 25558     1352.5564    71     1440.0000      722.6671  4405739   49.81%
  34362 25842     1248.3443    92     1440.0000      724.6841  4431825   49.67%
  34623 26079     1430.0000    41     1440.0000      727.0151  4458203   49.51%
  34878 26306     1437.0000    43     1440.0000      727.8614  4485759   49.45%
  35108 26473     1396.3326   100     1440.0000      735.6180  4509005   48.92%
  35212 26544    infeasible           1440.0000      735.6180  4541024   48.92%
  35390 26686     1409.0000    56     1440.0000      738.0000  4572783   48.75%
  35653 26927     1408.0000    36     1440.0000      738.0000  4606544   48.75%
  35859 27078     1425.0000    70     1440.0000      739.7427  4637673   48.63%
Elapsed time = 435.33 sec. (552069.64 ticks, tree = 497.58 MB, solutions = 17)
  36167 27362     1433.0000    40     1440.0000      739.8815  4671577   48.62%
  36419 27575     1438.0000    47     1440.0000      742.0012  4701228   48.47%
  36730 27852     1204.3914   107     1440.0000      743.5117  4731440   48.37%
  37035 28123     1424.6359    65     1440.0000      744.9073  4760955   48.27%
  37315 28385     1423.9105    71     1440.0000      745.9276  4792749   48.20%
  37503 28531     1353.8930    81     1440.0000      746.2095  4825919   48.18%
  37684 28661     1257.8655    79     1440.0000      748.2594  4851493   48.04%
  37872 28806     1423.6137    74     1440.0000      750.4360  4879431   47.89%
  38062 28976     1425.0000    46     1440.0000      750.5031  4910106   47.88%
  38213 29099     1431.0000    26     1440.0000      750.5031  4946762   47.88%
Elapsed time = 465.99 sec. (590890.91 ticks, tree = 541.50 MB, solutions = 17)
  38365 29209     1424.0000    74     1440.0000      754.7215  4979219   47.59%
  38589 29412     1424.0000    53     1440.0000      755.0386  5008907   47.57%
  38742 29521     1255.4077    95     1440.0000      756.3683  5045889   47.47%
  38977 29723     1407.0000    69     1440.0000      757.7597  5072091   47.38%
  39301 30024     1408.1060    43     1440.0000      758.0000  5106091   47.36%
  39539 30234     1432.0000    50     1440.0000      758.4062  5143149   47.33%
  39770 30428        cutoff           1440.0000      758.6022  5175877   47.32%
  39982 30623     1431.0000    35     1440.0000      759.2498  5209405   47.27%
  40158 30773     1408.0000    34     1440.0000      759.2501  5242532   47.27%
  40290 30873     1402.8228    86     1440.0000      759.7655  5280937   47.24%
Elapsed time = 496.10 sec. (629362.90 ticks, tree = 575.27 MB, solutions = 17)
  40550 31107     1228.3086   121     1440.0000      761.0012  5310854   47.15%
  40778 31288     1258.7079    98     1440.0000      762.5160  5338590   47.05%
  41013 31485     1439.0000    42     1440.0000      765.7385  5366327   46.82%
  41214 31665     1434.0000    47     1440.0000      765.8114  5396871   46.82%
  41507 31917     1422.8228    73     1440.0000      767.7241  5428939   46.69%
  41714 32068     1268.8039    89     1440.0000      769.4329  5460135   46.57%
  41849 32160     1425.0000    64     1440.0000      770.3011  5486034   46.51%
  42028 32320     1428.0000    50     1440.0000      771.8038  5513783   46.40%
  42192 32449     1427.2491    71     1440.0000      772.2224  5546813   46.37%
  42427 32665     1408.0000    61     1440.0000      773.3726  5578208   46.29%
Elapsed time = 525.87 sec. (667786.18 ticks, tree = 601.99 MB, solutions = 17)
  42741 32948      991.0768   110     1440.0000      773.8830  5607538   46.26%
  43056 33231        cutoff           1440.0000      774.4368  5639632   46.22%
  43313 33451     1352.7657    86     1440.0000      775.6759  5671731   46.13%
  43474 33559     1398.8689    80     1440.0000      781.1851  5698213   45.75%
  43671 33711     1396.7481    96     1440.0000      781.8988  5731075   45.70%
* 43679+24246                         1430.0000      781.8988  5733628   45.32%
  43903 24453     1406.0000    52     1430.0000      782.9283  5755863   45.25%
  44079 24615     1176.5453    96     1430.0000      783.0366  5775138   45.24%
  44255 24750        cutoff           1430.0000      784.8371  5794869   45.12%
  44379 24842     1408.0000    58     1430.0000      785.4425  5816111   45.07%
  44617 25063     1256.5743   113     1430.0000      785.8360  5846706   45.05%
Elapsed time = 557.25 sec. (707321.58 ticks, tree = 460.66 MB, solutions = 18)
  44702 25129     1408.0000    45     1430.0000      786.2065  5870335   45.02%
  44882 25269     1416.3770   103     1430.0000      786.7246  5903872   44.98%
  45019 25379     1427.0000    76     1430.0000      787.1372  5933989   44.96%
  45189 25509     1425.0000    59     1430.0000      788.3905  5960784   44.87%
  45368 25659        cutoff           1430.0000      788.8415  5989895   44.84%
  45479 25732     1425.0000    74     1430.0000      791.7349  6011839   44.63%
  45719 25951     1408.0000    32     1430.0000      794.8451  6032910   44.42%
  45925 26128     1209.9698    84     1430.0000      795.1374  6060257   44.40%
  46142 26305     1146.4268    83     1430.0000      800.2537  6081913   44.04%
  46297 26420     1251.0364   103     1430.0000      805.3893  6101998   43.68%
Elapsed time = 588.64 sec. (746158.96 ticks, tree = 489.72 MB, solutions = 18)
  46458 26571     1429.0000    49     1430.0000      806.4517  6120617   43.60%
  46585 26669     1424.0000    69     1430.0000      810.9185  6137661   43.29%
  46859 26912     1018.6208    98     1430.0000      811.8197  6164010   43.23%

Implied bound cuts applied:  62
Flow cuts applied:  195
Mixed integer rounding cuts applied:  140
Zero-half cuts applied:  1
Lift and project cuts applied:  22

Root node processing (before b&c):
  Real time             =    1.65 sec. (2159.74 ticks)
Sequential b&c:
  Real time             =  598.35 sec. (757793.69 ticks)
                          ------------
Total (root+branch&cut) =  600.00 sec. (759953.42 ticks)
