Tried aggregator 3 times.
MIP Presolve eliminated 148 rows and 55 columns.
MIP Presolve modified 53 coefficients.
Aggregator did 14 substitutions.
Reduced MIP has 163 rows, 241 columns, and 834 nonzeros.
Reduced MIP has 132 binaries, 2 generals, 0 SOSs, and 0 indicators.
Presolve time = 0.00 sec. (1.52 ticks)
Found incumbent of value 1300.000000 after 0.00 sec. (2.74 ticks)
Probing time = 0.00 sec. (0.46 ticks)
Cover probing fixed 0 vars, tightened 27 bounds.
Tried aggregator 1 time.
MIP Presolve modified 27 coefficients.
Reduced MIP has 163 rows, 241 columns, and 834 nonzeros.
Reduced MIP has 132 binaries, 9 generals, 0 SOSs, and 0 indicators.
Presolve time = 0.00 sec. (0.52 ticks)
Probing time = 0.00 sec. (0.44 ticks)
Clique table members: 386.
MIP emphasis: balance optimality and feasibility.
MIP search method: dynamic search.
Parallel mode: none, using 1 thread.
Root relaxation solution time = 0.00 sec. (0.98 ticks)

        Nodes                                         Cuts/
   Node  Left     Objective  IInf  Best Integer    Best Bound    ItCnt     Gap

*     0+    0                         1300.0000        0.0000       87  100.00%
      0     0      130.1141    38     1300.0000      130.1141       87   89.99%
      0     0      150.7636    33     1300.0000      Cuts: 19      165   88.40%
      0     0      212.8894    30     1300.0000      Cuts: 28      239   83.62%
      0     0      220.6000    28     1300.0000      Cuts: 15      300   83.03%
      0     0      220.6000    32     1300.0000      Cuts: 12      312   83.03%
      0     0      220.6000    25     1300.0000   Flowcuts: 1      316   83.03%
      0     0      220.6000    28     1300.0000      Cuts: 11      332   83.03%
*     0+    0                          600.0000      220.6000      332   63.23%
      0     2      220.6000    28      600.0000      220.6000      332   63.23%
Elapsed time = 0.08 sec. (58.77 ticks, tree = 0.00 MB, solutions = 2)
*    10+   10                          490.0000      220.6000      758   54.98%
*    30+   30                          480.0000      220.6000     1401   54.04%
*    89    89      integral     0      420.0000      220.6000     3471   47.48%
*   189+  173                          410.0000      220.6000     5612   46.20%
*   844   663      integral     0      380.0000      221.8138    17557   41.63%
*   954+  497                          370.0000      316.0000    20884   14.59%
    954   498      316.0000    27      370.0000      316.0000    20884   14.59%
   1269   468      365.0000    19      370.0000      316.0000    26686   14.59%
*  1729   490      integral     0      350.0000      316.6667    34550    9.52%
   2273   836      346.0381    15      350.0000      316.6667    45116    9.52%
   2868  1237      319.4849    24      350.0000      316.8020    57532    9.49%
   3505  1628      345.9579    19      350.0000      316.9702    68393    9.44%
   3990  1955      317.5000    24      350.0000      317.0000    79280    9.43%
   6554  3631      320.0520    25      350.0000      317.5000   124793    9.29%
Elapsed time = 3.33 sec. (3079.53 ticks, tree = 1.16 MB, solutions = 9)
   8817  4933        cutoff            350.0000      317.7517   169593    9.21%
  10415  5737      318.0263    28      350.0000      318.0263   204923    9.14%
  12557  6831      323.5455    22      350.0000      318.5714   246844    8.98%
  14594  8039      323.4638    22      350.0000      318.5919   292310    8.97%
  16540  8978      320.5595    23      350.0000      318.7486   336650    8.93%
  18492  9841      320.7124    20      350.0000      318.8718   380891    8.89%
  20144 10217      327.5680    22      350.0000      319.0000   430749    8.86%
  21869 10743      359.3151    20      350.0000      319.2261   477932    8.79%
  23534 11224      335.8276    11      350.0000      319.3860   525797    8.75%
  25277 11715      320.5584    31      350.0000      319.7536   572608    8.64%
Elapsed time = 13.59 sec. (12715.83 ticks, tree = 3.91 MB, solutions = 9)
  26986 12294      344.4593    19      350.0000      320.0000   619411    8.57%
  28697 12790      326.4398    26      350.0000      320.1515   666982    8.53%
  30482 13438      325.6399    18      350.0000      320.2303   710766    8.51%
  32211 14013        cutoff            350.0000      320.3032   755310    8.48%
  33954 14507        cutoff            350.0000      320.4414   799428    8.45%
  35657 14923      329.1018    19      350.0000      320.6305   845638    8.39%
  37300 15287        cutoff            350.0000      320.8246   890496    8.34%
  38856 15521      338.3041    20      350.0000      321.0000   942257    8.29%
  40492 15828      325.2651    20      350.0000      321.2500   986843    8.21%
  42213 16083      331.5498    21      350.0000      321.5021  1034115    8.14%
Elapsed time = 23.42 sec. (22256.85 ticks, tree = 5.17 MB, solutions = 9)
  43861 16186      324.7042    23      350.0000      321.8800  1080649    8.03%
  45488 16365        cutoff            350.0000      322.0408  1131400    7.99%
  47046 16551      325.8512    22      350.0000      322.2524  1178917    7.93%
  48744 16990      323.3585    23      350.0000      322.3353  1222688    7.90%
  50483 17408        cutoff            350.0000      322.4240  1265760    7.88%
  52224 17643        cutoff            350.0000      322.5842  1310151    7.83%
  53762 17748        cutoff            350.0000      322.7804  1356950    7.78%
  55269 17968      336.4418    18      350.0000      322.8910  1405079    7.75%
  56791 18028      333.3333     8      350.0000      323.1263  1453620    7.68%
  58374 18084        cutoff            350.0000      323.3585  1502597    7.61%
Elapsed time = 32.97 sec. (31798.10 ticks, tree = 6.25 MB, solutions = 9)
  59955 18000      326.3889    22      350.0000      323.5910  1552415    7.55%
  61629 18134        cutoff            350.0000      323.8611  1598220    7.47%
  63242 18177      332.1062    13      350.0000      324.1454  1646812    7.39%
  64862 18169    infeasible            350.0000      324.4466  1692086    7.30%
  66523 17969      328.3596    20      350.0000      324.9890  1741419    7.15%
  68030 18168      328.0493    24      350.0000      325.0000  1790433    7.14%
  69647 18176      334.5863    18      350.0000      325.2679  1838486    7.07%
  71309 18124      346.2651    13      350.0000      325.5769  1883326    6.98%
  72954 18036      329.5253    17      350.0000      325.8706  1930214    6.89%
  74687 18002        cutoff            350.0000      326.2257  1977088    6.79%
Elapsed time = 42.44 sec. (41337.91 ticks, tree = 6.28 MB, solutions = 9)
  76387 17851        cutoff            350.0000      326.4843  2025198    6.72%
  78060 17742      340.0687    21      350.0000      326.8462  2069372    6.62%
  79710 17572        cutoff            350.0000      327.2378  2118815    6.50%
  81374 17414      340.7284    21      350.0000      327.6510  2165258    6.39%
  83027 17152      328.5906    22      350.0000      328.0000  2215344    6.29%
  84604 17149        cutoff            350.0000      328.0612  2264684    6.27%
  86322 16961        cutoff            350.0000      328.3888  2312664    6.17%
  88078 16733        cutoff            350.0000      328.7663  2359615    6.07%
  89781 16326        cutoff            350.0000      329.2696  2407946    5.92%
  91584 16078      330.6679    22      350.0000      329.7144  2455121    5.80%
Elapsed time = 51.89 sec. (50878.14 ticks, tree = 5.78 MB, solutions = 9)
  93173 15667      342.4508    15      350.0000      330.0000  2509381    5.71%
  94680 15539      343.4738    20      350.0000      330.0377  2560734    5.70%
  96403 15157      335.2345    22      350.0000      330.4299  2610342    5.59%
  98236 14756        cutoff            350.0000      330.9825  2658141    5.43%
 100106 14192        cutoff            350.0000      331.7014  2706114    5.23%
 101981 13731        cutoff            350.0000      332.4481  2755100    5.01%
 103817 12925      338.7805    27      350.0000      333.0084  2804217    4.85%
 105775 12168        cutoff            350.0000      333.8239  2851496    4.62%
 107459 11732      342.0078    23      350.0000      334.0000  2903874    4.57%
 109333 11062        cutoff            350.0000      334.5558  2950906    4.41%
Elapsed time = 61.47 sec. (60419.17 ticks, tree = 4.28 MB, solutions = 9)
 111416 10283        cutoff            350.0000      335.2500  2998163    4.21%
 113673  9184      336.3821    19      350.0000      336.3821  3045028    3.89%
 115895  7916        cutoff            350.0000      337.7273  3093031    3.51%
 118562  6178        cutoff            350.0000      340.0000  3139571    2.86%
 120869  4440        cutoff            350.0000      341.5303  3192138    2.42%
 124183  1699        cutoff            350.0000      345.4280  3234282    1.31%

GUB cover cuts applied:  11
Cover cuts applied:  13
Implied bound cuts applied:  29
Flow cuts applied:  52
Mixed integer rounding cuts applied:  20
Zero-half cuts applied:  3
Lift and project cuts applied:  16

Root node processing (before b&c):
  Real time             =    0.08 sec. (58.80 ticks)
Sequential b&c:
  Real time             =   67.57 sec. (66570.18 ticks)
                          ------------
Total (root+branch&cut) =   67.65 sec. (66628.98 ticks)
