Tried aggregator 2 times.
MIP Presolve eliminated 462 rows and 72 columns.
MIP Presolve modified 207 coefficients.
Aggregator did 25 substitutions.
Reduced MIP has 534 rows, 884 columns, and 3138 nonzeros.
Reduced MIP has 466 binaries, 2 generals, 0 SOSs, and 0 indicators.
Presolve time = 0.00 sec. (4.17 ticks)
Found incumbent of value 3050.000000 after 0.01 sec. (8.38 ticks)
Probing fixed 0 vars, tightened 2 bounds.
Probing time = 0.01 sec. (4.97 ticks)
Cover probing fixed 0 vars, tightened 145 bounds.
Tried aggregator 1 time.
MIP Presolve modified 133 coefficients.
Reduced MIP has 534 rows, 884 columns, and 3138 nonzeros.
Reduced MIP has 466 binaries, 12 generals, 0 SOSs, and 0 indicators.
Presolve time = 0.00 sec. (1.80 ticks)
Probing fixed 0 vars, tightened 6 bounds.
Probing time = 0.01 sec. (4.87 ticks)
Clique table members: 2044.
MIP emphasis: balance optimality and feasibility.
MIP search method: dynamic search.
Parallel mode: none, using 1 thread.
Root relaxation solution time = 0.01 sec. (10.17 ticks)

        Nodes                                         Cuts/
   Node  Left     Objective  IInf  Best Integer    Best Bound    ItCnt     Gap

*     0+    0                         3050.0000        0.0000      364  100.00%
      0     0      117.2065    93     3050.0000      117.2065      364   96.16%
      0     0      119.1379    88     3050.0000      Cuts: 36      767   96.09%
      0     0      213.4892    89     3050.0000      Cuts: 71     1170   93.00%
      0     0      220.8732    81     3050.0000      Cuts: 54     1339   92.76%
      0     0      220.9711    76     3050.0000      Cuts: 28     1361   92.76%
      0     0      220.9711    75     3050.0000      Cuts: 23     1382   92.76%
      0     0      220.9711    71     3050.0000       Cuts: 6     1391   92.76%
*     0+    0                          900.0000      220.9711     1391   75.45%
      0     2      220.9711    71      900.0000      220.9711     1391   75.45%
Elapsed time = 0.64 sec. (692.49 ticks, tree = 0.00 MB, solutions = 2)
    110   102      275.8406    54      900.0000      221.0185     4886   75.44%
    320   294      372.2292    35      900.0000      221.3025    10984   75.41%
*   467+  289                          850.0000      622.8590    25124   26.72%
    467   290      623.0000    89      850.0000      623.0000    25124   26.71%
    474   292      808.0000    60      850.0000      623.7709    26878   26.62%
    496   262      844.0000    40      850.0000      623.7709    28046   26.62%
    531   258      844.6667    18      850.0000      623.7709    30577   26.62%
    562   267      793.3333    43      850.0000      624.8916    33562   26.48%
    607   282      818.3926    28      850.0000      624.8916    39011   26.48%
    701   309      807.0917    16      850.0000      625.8488    44924   26.37%
   1113   543      800.4162     7      850.0000      628.4646    66242   26.06%
Elapsed time = 5.91 sec. (6904.60 ticks, tree = 0.31 MB, solutions = 3)
*  1123   500      integral     0      830.0000      628.4646    67160   24.28%
   1676   988      794.4133    35      830.0000      633.9295    87286   23.62%
   2393  1604      828.6008    33      830.0000      636.5341   108176   23.31%
   3087  2216      729.9049    48      830.0000      638.5418   131874   23.07%
   3837  2850      765.4892    41      830.0000      641.7933   154265   22.68%
   4454  3396      791.6667    32      830.0000      642.2812   177267   22.62%
   5165  4009      774.2299    45      830.0000      646.8261   198566   22.07%
   5954  4698      818.4469    19      830.0000      650.0642   222630   21.68%
   6471  5139      801.0000    26      830.0000      654.4205   247239   21.15%
   7004  5576      788.0000    29      830.0000      657.0750   272885   20.83%
Elapsed time = 13.20 sec. (15563.98 ticks, tree = 3.30 MB, solutions = 4)
   7494  5975      818.0000    11      830.0000      660.6563   299771   20.40%
   8130  6504        cutoff            830.0000      662.0000   328487   20.24%
   8655  6955      667.0618    54      830.0000      664.7899   349297   19.90%
   9283  7513      791.3281    21      830.0000      665.9228   369414   19.77%
   9777  7933      756.1983    49      830.0000      669.3165   388808   19.36%
*  9807+ 6126                          820.0000      669.3165   389866   18.38%
*  9807+ 5487                          810.0000      669.3165   389866   17.37%
   9807  5489      793.3333    27      810.0000      669.3165   389866   17.37%
  10419  5988      790.0000    27      810.0000      674.3487   415955   16.75%
  11099  6576      804.1091    20      810.0000      677.7607   444877   16.33%
  11779  7141      785.5854    26      810.0000      683.2224   473409   15.65%
  12583  7849      791.4692    22      810.0000      688.6095   498134   14.99%
Elapsed time = 23.14 sec. (26554.08 ticks, tree = 10.60 MB, solutions = 6)
  13402  8590      787.2767    24      810.0000      689.5035   522698   14.88%
  14234  9305      794.9603    26      810.0000      692.2317   545092   14.54%
  15019  9974      794.6748    24      810.0000      698.9894   571591   13.71%
  15731 10569      753.7994    37      810.0000      707.7267   597058   12.63%
  16751 11483      806.7465    15      810.0000      708.9183   622826   12.48%
  17608 12229      790.0000    29      810.0000      710.1832   646461   12.32%
  18429 12944      753.7994    29      810.0000      712.9310   672709   11.98%
  19194 13620        cutoff            810.0000      713.9828   694539   11.85%
  19725 14073      784.0285    50      810.0000      716.3075   715256   11.57%
  20517 14688      807.1432    28      810.0000      721.1497   736701   10.97%
Elapsed time = 31.49 sec. (36107.91 ticks, tree = 14.71 MB, solutions = 6)
  21395 15353      790.5249    28      810.0000      722.7650   761390   10.77%
  22017 15834        cutoff            810.0000      726.7212   780500   10.28%
  22868 16494      806.8261    26      810.0000      728.9526   805111   10.01%
  23771 17280      806.7394    17      810.0000      729.2324   828169    9.97%
  24501 17906      800.0000    10      810.0000      729.4373   852120    9.95%
  25395 18679      796.6667    28      810.0000      729.9049   874571    9.89%
  26229 19401      787.2767    28      810.0000      731.1039   897090    9.74%
  26867 19956      795.2876    23      810.0000      731.5283   916685    9.69%
  27567 20576      800.0117    22      810.0000      731.6388   940139    9.67%
  28267 21158      791.3546    27      810.0000      732.3238   960914    9.59%
Elapsed time = 39.68 sec. (45665.42 ticks, tree = 18.79 MB, solutions = 6)
  29101 21885      793.4138    27      810.0000      733.1831   983704    9.48%
  29896 22577      789.3961    34      810.0000      733.6257  1006035    9.43%
  30612 23191      790.0655    37      810.0000      734.2833  1030039    9.35%
  31507 23922        cutoff            810.0000      736.5512  1053927    9.07%
  32469 24775      791.6984    42      810.0000      738.0057  1079052    8.89%
  33427 25614      790.1386    17      810.0000      738.3481  1102832    8.85%
  34347 26429      789.7080    20      810.0000      738.8005  1125607    8.79%
  35173 27183      793.8952    10      810.0000      739.2833  1145319    8.73%
  35979 27883      742.7113    50      810.0000      741.4620  1167750    8.46%
  36874 28625      766.6310    46      810.0000      746.5742  1190639    7.83%
Elapsed time = 47.98 sec. (55225.44 ticks, tree = 23.06 MB, solutions = 6)
  37755 29359      805.2116    27      810.0000      751.9589  1213499    7.17%
  38638 30070      797.3372    23      810.0000      753.6402  1232396    6.96%
  39766 31054      806.9324    35      810.0000      753.7339  1254354    6.95%
  40883 32061      787.0729    27      810.0000      753.7994  1277117    6.94%
  42001 33072      791.8704    19      810.0000      753.7994  1301298    6.94%
  42935 33902      792.3736    18      810.0000      754.0315  1323633    6.91%
  43873 34770      793.3333    39      810.0000      754.0315  1344890    6.91%
  44845 35646      787.0729    32      810.0000      754.0315  1370001    6.91%
  45637 36360      787.0729    29      810.0000      754.0315  1391612    6.91%
  46525 37114      785.5854    32      810.0000      754.1908  1414325    6.89%
Elapsed time = 56.20 sec. (64777.44 ticks, tree = 28.78 MB, solutions = 6)
  47547 38034      790.0655    30      810.0000      754.3165  1436938    6.87%
  48382 38773      790.5447    16      810.0000      754.5503  1461726    6.85%
  49248 39553      766.6265    39      810.0000      754.5503  1480220    6.85%
  50349 40496      788.0351    24      810.0000      755.0517  1504683    6.78%
  51324 41351      790.9310    28      810.0000      755.0839  1528889    6.78%
  52377 42310      790.0657    20      810.0000      755.0839  1553461    6.78%
  53467 43279      790.6209    19      810.0000      755.5000  1578524    6.73%
  54496 44213      787.0729    28      810.0000      755.5000  1603296    6.73%
  55657 45268      797.7274    20      810.0000      755.5000  1629088    6.73%
  56649 46135      790.0000    30      810.0000      755.8568  1652667    6.68%
Elapsed time = 64.16 sec. (74461.17 ticks, tree = 33.89 MB, solutions = 6)
  57495 46895      791.0000     7      810.0000      755.8568  1672134    6.68%
  58450 47744      791.6667    30      810.0000      755.8568  1695621    6.68%
  59414 48597      805.2007    19      810.0000      756.1452  1718776    6.65%
  60467 49554      794.7573    20      810.0000      756.1452  1742428    6.65%
  61735 50709      787.2530    31      810.0000      756.1452  1766157    6.65%
  62818 51671      803.3333    15      810.0000      756.1983  1790093    6.64%
  63936 52686      799.1990    28      810.0000      756.1983  1814380    6.64%
  64858 53514      788.2228    30      810.0000      756.3678  1834841    6.62%
  65907 54469        cutoff            810.0000      756.3678  1857416    6.62%
  67147 55595      787.4822    18      810.0000      756.5289  1880390    6.60%
Elapsed time = 72.09 sec. (84124.87 ticks, tree = 39.19 MB, solutions = 6)
  68359 56685      790.5249    22      810.0000      756.5289  1903197    6.60%
  69519 57740      787.5850    19      810.0000      756.5289  1926828    6.60%
  70564 58688      793.3624    30      810.0000      756.6388  1947524    6.59%
  71451 59493      800.6120    21      810.0000      756.9977  1971590    6.54%
  72302 60227      793.4389    18      810.0000      757.2708  1996115    6.51%
  73358 61169      798.0697    17      810.0000      757.2708  2018417    6.51%
  74192 61918      800.2125    20      810.0000      757.3419  2040007    6.50%
  75310 62904      792.0115    30      810.0000      757.3419  2062045    6.50%
  76307 63784      805.6991    28      810.0000      757.3419  2087274    6.50%
  80065 67082      791.6667    27      810.0000      757.3985  2186717    6.49%
Elapsed time = 82.35 sec. (96537.38 ticks, tree = 47.64 MB, solutions = 6)
  83422 69967      797.5756    20      810.0000      759.0289  2281447    6.29%
  86852 73004      791.6667    38      810.0000      759.6888  2375028    6.21%
  90100 75810      794.3299    20      810.0000      759.6888  2474347    6.21%
  93937 79220      807.1288    20      810.0000      760.6465  2570427    6.09%
  97467 82268      793.6009    19      810.0000      763.0000  2666460    5.80%
 100862 85139      798.0219    28      810.0000      763.7900  2764447    5.70%
 104245 87926      807.5598    21      810.0000      766.0781  2865122    5.42%
 108180 90986      787.0729    23      810.0000      770.6151  2958552    4.86%
 111795 93811      794.2393    25      810.0000      776.0514  3049711    4.19%
 115640 96770      805.2116    30      810.0000      783.1178  3135410    3.32%
Elapsed time = 114.01 sec. (134857.81 ticks, tree = 64.84 MB, solutions = 6)
 119552 99879      790.9660    19      810.0000      785.0764  3222734    3.08%
 123616 103065      806.9859    32      810.0000      785.5000  3314387    3.02%
 127467 106522      787.2889    26      810.0000      785.5854  3403495    3.01%
 131351 110011      800.2871    20      810.0000      785.5854  3489088    3.01%
 135650 113890      803.9631     9      810.0000      785.5854  3581800    3.01%
 139433 117247      787.2615    30      810.0000      785.5854  3672820    3.01%
 143454 120866      786.6667    27      810.0000      785.5854  3761935    3.01%
 147291 124300      790.8288    22      810.0000      785.5854  3852070    3.01%
 151310 127933      790.6209    26      810.0000      785.5854  3941376    3.01%
 155020 131202        cutoff            810.0000      785.5854  4031846    3.01%
Elapsed time = 144.90 sec. (173015.17 ticks, tree = 86.28 MB, solutions = 6)
 159163 134875      794.1767    18      810.0000      785.5854  4126794    3.01%
 163126 138411      802.9508    26      810.0000      785.5854  4216334    3.01%
 167177 141998      790.8288    23      810.0000      785.5854  4304930    3.01%
 171778 146107      806.8354    12      810.0000      785.5854  4401983    3.01%
 176218 150116      790.8288    17      810.0000      785.5854  4493585    3.01%
 180444 153933      796.7251    12      810.0000      785.5854  4586658    3.01%
 184003 157122      790.4363    20      810.0000      785.5854  4673369    3.01%
 187739 160468      800.5784    23      810.0000      785.5854  4757062    3.01%
 191886 164153      787.3573    23      810.0000      785.5854  4847080    3.01%
 196052 167847      794.1755    31      810.0000      785.5854  4935777    3.01%
Elapsed time = 175.73 sec. (211169.92 ticks, tree = 108.42 MB, solutions = 6)
 200201 171538      787.3573    21      810.0000      785.5854  5029717    3.01%
 204467 175316      785.5854    32      810.0000      785.5854  5122457    3.01%
 209254 179584      790.4135    23      810.0000      785.5854  5213325    3.01%
 213597 183379      787.0474    33      810.0000      785.5854  5310801    3.01%
 217875 187208      787.5675    29      810.0000      785.5854  5404841    3.01%
 222389 191258      792.0325    27      810.0000      785.5854  5499901    3.01%
 227058 195456      787.0474    26      810.0000      785.5854  5591426    3.01%
 231123 199036      787.0474    31      810.0000      785.5854  5685431    3.01%
 235385 202815      791.7474    21      810.0000      785.5854  5784689    3.01%
 239402 206331      801.6667    25      810.0000      785.5854  5881149    3.01%
Elapsed time = 206.79 sec. (249416.38 ticks, tree = 132.26 MB, solutions = 6)
 243838 210267      792.6042    23      810.0000      785.5854  5978942    3.01%
 247783 213756      787.3573    20      810.0000      785.5854  6068569    3.01%
 251944 217423      791.4020    19      810.0000      785.5854  6163479    3.01%
 256190 221145      800.0000    25      810.0000      785.5854  6258983    3.01%
 260017 224430      790.6209    28      810.0000      785.5854  6359968    3.01%
 264168 228073      787.4873    28      810.0000      785.5854  6455690    3.01%
 268267 231688      787.0474    28      810.0000      785.5854  6548802    3.01%
 272584 235456      789.3143    22      810.0000      785.5854  6646158    3.01%
 276654 239001      787.4898    26      810.0000      785.5854  6741395    3.01%
 280843 242665      790.6209    17      810.0000      785.5854  6838863    3.01%
Elapsed time = 237.78 sec. (287572.20 ticks, tree = 155.39 MB, solutions = 6)
 285307 246566      787.3573    30      810.0000      785.5854  6936049    3.01%
 289472 250232      807.3321    24      810.0000      785.5854  7030144    3.01%
 294195 254365      807.5682    21      810.0000      785.5912  7121263    3.01%
 298899 258422      807.4007    20      810.0000      785.5912  7209122    3.01%
 303506 262407      790.6467    34      810.0000      785.5912  7296589    3.01%
 308295 266635      793.9651    20      810.0000      785.5912  7387624    3.01%
 313467 271256      787.2615    28      810.0000      785.5912  7482896    3.01%
 318946 276110      789.3083    27      810.0000      785.5912  7575085    3.01%
 323954 280543      806.7840    17      810.0000      785.5914  7666773    3.01%
 327510 283594        cutoff            810.0000      785.5914  7765207    3.01%
Elapsed time = 269.25 sec. (325850.26 ticks, tree = 181.58 MB, solutions = 6)
 331724 287253      787.7027    31      810.0000      785.5970  7859767    3.01%
 336232 291243      787.0474    27      810.0000      785.6095  7955872    3.01%
 341229 295613      790.8288    12      810.0000      785.6129  8047538    3.01%
 344704 298441      796.7779    21      810.0000      785.6362  8143605    3.01%
 347824 301028      787.3573    30      810.0000      785.6799  8243707    3.00%
 351642 304238      790.4135    20      810.0000      785.7055  8340377    3.00%
 355031 307120      790.4135    26      810.0000      785.8068  8437300    2.99%
 358583 310057      804.6921    28      810.0000      785.9366  8530090    2.97%
 361910 312816      786.6667    22      810.0000      785.9366  8626709    2.97%
 365700 316129      790.0657    30      810.0000      785.9366  8725964    2.97%
Elapsed time = 301.16 sec. (364019.09 ticks, tree = 200.86 MB, solutions = 6)
 369262 319200      789.0625    22      810.0000      785.9564  8825941    2.97%
 372874 322279      807.4672    23      810.0000      786.0000  8916530    2.96%
 375481 324510      788.2902    17      810.0000      786.0000  9003325    2.96%
 378656 327240      793.8428    14      810.0000      786.0000  9099708    2.96%
 382167 330087      791.0869    29      810.0000      786.2139  9193758    2.94%
 385718 332929      807.4455    25      810.0000      786.6437  9290576    2.88%
 389299 335993      787.0729    16      810.0000      786.6667  9394351    2.88%
 392707 338944      790.8288    12      810.0000      786.6667  9487005    2.88%
 396357 342077      787.0729    35      810.0000      786.6667  9583776    2.88%
 399930 345137      787.0729    35      810.0000      786.6667  9678030    2.88%
Elapsed time = 333.07 sec. (402176.83 ticks, tree = 220.12 MB, solutions = 6)
 403781 348444      796.6740    32      810.0000      786.6667  9775687    2.88%
 407526 351639      787.0474    34      810.0000      786.6667  9873474    2.88%
 411155 354733      787.0729    22      810.0000      786.6667  9972293    2.88%
 414660 357721      787.0729    20      810.0000      786.6667 10071788    2.88%
 418319 360859      790.4135    31      810.0000      786.6667 10169918    2.88%
 421979 363962      787.0729    25      810.0000      786.6667 10267573    2.88%
 425772 367221      806.9789    19      810.0000      786.6667 10366722    2.88%
 429452 370398      806.0065    13      810.0000      786.6667 10463621    2.88%
 432984 373457      801.6781    24      810.0000      786.6667 10560103    2.88%
 436679 376626      790.0657    21      810.0000      786.6667 10663394    2.88%
Elapsed time = 364.37 sec. (440335.82 ticks, tree = 238.93 MB, solutions = 6)
 439853 379290      791.0062    23      810.0000      786.6667 10762571    2.88%
 443199 382119      790.6209    18      810.0000      786.6667 10860902    2.88%
 447194 385544      796.6667    28      810.0000      786.6667 10965419    2.88%
 450575 388399        cutoff            810.0000      786.6667 11064811    2.88%
 454176 391498      793.3734    23      810.0000      786.6667 11165206    2.88%
 457755 394536      792.2270    24      810.0000      786.6667 11267959    2.88%
 461097 397383      790.3056    19      810.0000      786.6667 11366011    2.88%
 464467 400255      790.0657    29      810.0000      786.6667 11462137    2.88%
 467777 403054      790.0657    17      810.0000      786.6667 11564274    2.88%
 471239 405990      791.0363    15      810.0000      786.6667 11661756    2.88%
Elapsed time = 396.46 sec. (478594.20 ticks, tree = 259.29 MB, solutions = 6)
 474775 408983      790.6209    15      810.0000      786.6667 11761198    2.88%
 477929 411692      790.3378    35      810.0000      786.6667 11858267    2.88%
 481296 414526      796.9870    22      810.0000      786.6667 11959263    2.88%
 484448 417160      791.0698    20      810.0000      786.6667 12056143    2.88%
 487700 419873      790.0657    20      810.0000      786.6667 12156485    2.88%
 490971 422647      793.8053    19      810.0000      786.6667 12248354    2.88%
 494196 425331        cutoff            810.0000      786.6667 12348594    2.88%
 497704 428291      791.0829    29      810.0000      786.6667 12449373    2.88%
 501143 431190        cutoff            810.0000      786.6667 12550232    2.88%
 504536 434053      790.0657    18      810.0000      786.6667 12649877    2.88%
Elapsed time = 428.92 sec. (516767.79 ticks, tree = 276.19 MB, solutions = 6)
 507769 436790      794.0000    21      810.0000      786.6667 12753894    2.88%
 509444 438093      803.3844    15      810.0000      786.6667 12862843    2.88%
 511186 439461      806.6667    16      810.0000      786.6667 12971102    2.88%
 513106 441014      803.6314    17      810.0000      786.6667 13079880    2.88%
 515259 442741      791.0000    17      810.0000      786.6667 13190314    2.88%
 517415 444521      807.2794    20      810.0000      786.6667 13297084    2.88%
 519402 446080      792.0000    20      810.0000      786.6667 13406933    2.88%
 521267 447578      790.0657    23      810.0000      786.6667 13518146    2.88%
 523493 449471      797.5410    16      810.0000      786.6667 13622617    2.88%
 525784 451332      803.7105    26      810.0000      786.6667 13731339    2.88%
Elapsed time = 461.95 sec. (554932.21 ticks, tree = 286.59 MB, solutions = 6)
 527883 453056      790.6209    29      810.0000      786.6667 13829963    2.88%
 530476 455226      796.0996    23      810.0000      786.6667 13938830    2.88%
 533088 457398      790.0657    23      810.0000      786.6667 14041142    2.88%
 536011 459863      791.0000    29      810.0000      786.6667 14151243    2.88%
 538595 462037      790.6209    16      810.0000      786.6667 14249073    2.88%
 540717 463803      791.0000    25      810.0000      786.6667 14344886    2.88%
 543520 466147      790.6209    23      810.0000      786.6667 14445748    2.88%
 546011 468206      790.0657    25      810.0000      786.6667 14549174    2.88%
 548419 470251      803.3333    31      810.0000      786.6667 14649527    2.88%
 551192 472593      793.9220    17      810.0000      786.6667 14751199    2.88%
Elapsed time = 494.58 sec. (593098.11 ticks, tree = 302.62 MB, solutions = 6)
 553680 474657      791.0000    25      810.0000      786.6667 14851386    2.88%
 556534 477055      790.6209    18      810.0000      786.6667 14954596    2.88%
 559517 479567      791.2504    22      810.0000      786.6667 15055047    2.88%
 562813 482358      790.1542    17      810.0000      786.6667 15158704    2.88%
 566049 485101      791.9971    19      810.0000      786.6667 15257240    2.88%
 569016 487618      791.0000    22      810.0000      786.6667 15356952    2.88%
 572060 490211      787.0729    23      810.0000      786.6667 15462134    2.88%
 574956 492687      791.0000    22      810.0000      786.6667 15561270    2.88%
 578074 495321      790.9990    30      810.0000      786.6667 15663953    2.88%
 580917 497713      787.0474    39      810.0000      786.6667 15758848    2.88%
Elapsed time = 526.95 sec. (631250.21 ticks, tree = 317.71 MB, solutions = 6)
 583788 500161        cutoff            810.0000      786.6667 15857240    2.88%
 586822 502751      825.0000    38      810.0000      786.6667 15954294    2.88%
 589717 505223      790.6209    26      810.0000      786.6667 16048100    2.88%
 592763 507726      791.0000    25      810.0000      786.6667 16152135    2.88%
 593873 508649        cutoff            810.0000      786.6667 16192009    2.88%
 594967 509547      798.6124    25      810.0000      786.6667 16234786    2.88%
 595767 510200      790.6209    16      810.0000      786.6667 16261597    2.88%
 597067 511298      800.4607    21      810.0000      786.6667 16301318    2.88%
 597867 511946      791.0000    16      810.0000      786.6667 16325704    2.88%
 598493 512480      790.5249    25      810.0000      786.6667 16345256    2.88%
Elapsed time = 561.95 sec. (670091.81 ticks, tree = 326.62 MB, solutions = 6)
 599698 513505      791.0000    19      810.0000      786.6667 16381799    2.88%
 600447 514113      795.0578    22      810.0000      786.6667 16404644    2.88%
 601267 514777      787.0729    22      810.0000      786.6667 16435114    2.88%
 602237 515607      794.1816    36      810.0000      786.6667 16467156    2.88%
 602767 516046      793.7697    12      810.0000      786.6667 16487564    2.88%
 603667 516818      790.0657    20      810.0000      786.6667 16519791    2.88%
 604516 517515        cutoff            810.0000      786.6667 16550090    2.88%
 605396 518270      804.0000    14      810.0000      786.6667 16578598    2.88%
 606398 519129      790.1386    10      810.0000      786.6667 16616232    2.88%
 608516 520968      791.8750    18      810.0000      786.6667 16683144    2.88%
Elapsed time = 598.51 sec. (709572.09 ticks, tree = 331.68 MB, solutions = 6)

GUB cover cuts applied:  3
Clique cuts applied:  2
Cover cuts applied:  19
Implied bound cuts applied:  66
Flow cuts applied:  97
Mixed integer rounding cuts applied:  42
Zero-half cuts applied:  3
Lift and project cuts applied:  21

Root node processing (before b&c):
  Real time             =    0.64 sec. (692.50 ticks)
Sequential b&c:
  Real time             =  599.36 sec. (710632.79 ticks)
                          ------------
Total (root+branch&cut) =  600.00 sec. (711325.29 ticks)
