Tried aggregator 2 times.
MIP Presolve eliminated 994 rows and 105 columns.
MIP Presolve modified 367 coefficients.
Aggregator did 37 substitutions.
Reduced MIP has 1090 rows, 1919 columns, and 6876 nonzeros.
Reduced MIP has 988 binaries, 2 generals, 0 SOSs, and 0 indicators.
Presolve time = 0.01 sec. (7.98 ticks)
Found incumbent of value 3900.000000 after 0.02 sec. (17.29 ticks)
Probing fixed 0 vars, tightened 1 bounds.
Probing time = 0.01 sec. (9.96 ticks)
Tried aggregator 1 time.
MIP Presolve eliminated 2 rows and 2 columns.
Reduced MIP has 1088 rows, 1917 columns, and 6872 nonzeros.
Reduced MIP has 986 binaries, 24 generals, 0 SOSs, and 0 indicators.
Presolve time = 0.00 sec. (3.80 ticks)
Probing time = 0.00 sec. (3.07 ticks)
Clique table members: 2966.
MIP emphasis: balance optimality and feasibility.
MIP search method: dynamic search.
Parallel mode: none, using 1 thread.
Root relaxation solution time = 0.02 sec. (34.23 ticks)

        Nodes                                         Cuts/
   Node  Left     Objective  IInf  Best Integer    Best Bound    ItCnt     Gap

*     0+    0                         3900.0000        0.0000      710  100.00%
      0     0      105.0401   124     3900.0000      105.0401      710   97.31%
      0     0      106.0000   128     3900.0000      Cuts: 32     1127   97.28%
      0     0      180.4916   126     3900.0000      Cuts: 88     2126   95.37%
      0     0      197.6368   124     3900.0000      Cuts: 53     2262   94.93%
*     0+    0                         1200.0000      197.6368     2262   83.53%
*     0+    0                         1010.0000      197.6368     2262   80.43%
*     0+    0                         1000.0000      197.6368     2262   80.24%
*     0+    0                          970.0000      197.6368     2262   79.63%
      0     0      197.6537   119      970.0000      Cuts: 30     2332   79.62%
      0     0      199.6259   114      970.0000      Cuts: 82     2735   79.42%
      0     0      199.7521   118      970.0000      Cuts: 40     2791   79.41%
      0     0      199.7521   117      970.0000      Cuts: 32     2825   79.41%
      0     0      199.7521   113      970.0000       Cuts: 7     2867   79.41%
      0     2      199.7521   112      970.0000      200.0939     2867   79.37%
Elapsed time = 0.98 sec. (1280.93 ticks, tree = 0.00 MB, solutions = 5)
     20    20      253.3837    70      970.0000      204.0825     5240   78.96%
     60    58      270.6593    66      970.0000      204.0825     7042   78.96%
    117   115      338.2364    55      970.0000      204.0825    10977   78.96%
    150   148      384.1004    44      970.0000      204.0825    14873   78.96%
    173   171      479.3574    32      970.0000      204.0825    18584   78.96%
    200   194      695.4093    24      970.0000      204.0825    23337   78.96%
*   213+  200                          950.0000      204.0825    25070   78.52%
*   213+  195                          870.0000      204.0825    25070   76.54%
    221   205      383.0000    54      870.0000      204.0825    26938   76.54%
    294   274      428.8457    44      870.0000      204.0825    30110   76.54%
    339   319      766.0000    28      870.0000      204.0825    33811   76.54%
*   504+  310                          850.0000      356.5095    47484   58.06%
    504   311      592.0238   110      850.0000      592.8238    57028   30.26%
Elapsed time = 6.19 sec. (7906.03 ticks, tree = 3.55 MB, solutions = 8)
    512   314      596.7616   125      850.0000      593.0000    61551   30.24%
    521   319      625.2875    93      850.0000      593.0000    64071   30.24%
    602   310      626.8464    76      850.0000      595.0000    76727   30.00%
    694   352      829.0000    23      850.0000      595.0000    90507   30.00%
    824   389      805.0000    55      850.0000      595.0000   108621   30.00%
    944   448      659.0779    82      850.0000      595.2055   122426   29.98%
   1104   510      625.2406    90      850.0000      595.8356   141716   29.90%
   1308   677      792.9232    57      850.0000      596.7616   165287   29.79%
   1476   813      806.8372    68      850.0000      596.7616   188036   29.79%
   1668   970      596.7616   118      850.0000      596.7616   204335   29.79%
Elapsed time = 14.22 sec. (18058.35 ticks, tree = 0.95 MB, solutions = 8)
   1810  1098      811.0000    35      850.0000      596.7616   215051   29.79%
   2006  1268      814.0000    24      850.0000      597.2542   240609   29.73%
   2154  1391      713.5822    81      850.0000      598.3756   269344   29.60%
   2350  1572      829.3226    40      850.0000      598.3756   295980   29.60%
   2512  1691      648.3121    82      850.0000      598.3756   331039   29.60%
   2662  1835      809.0000    56      850.0000      598.3756   345801   29.60%
   2754  1919      802.5646    62      850.0000      600.0757   360277   29.40%
   2861  2016      806.0000    42      850.0000      600.0757   372932   29.40%
   3028  2176      802.0000    42      850.0000      600.1298   384421   29.40%
   3208  2342      806.0000    42      850.0000      600.1298   396723   29.40%
Elapsed time = 22.07 sec. (27729.87 ticks, tree = 8.15 MB, solutions = 8)
   3393  2491        cutoff            850.0000      600.2116   409691   29.39%
   3542  2619      629.2779    72      850.0000      602.1457   420847   29.16%
   3805  2857      799.0000    42      850.0000      602.5914   432095   29.11%
   4048  3084      838.0000    43      850.0000      603.1960   444429   29.04%
   4155  3172      629.2779    72      850.0000      604.1688   456625   28.92%
   4414  3400      825.0000    32      850.0000      604.2653   468641   28.91%
   4560  3535      827.0000    49      850.0000      604.2653   478054   28.91%
   4740  3695      839.0000    53      850.0000      604.8411   489669   28.84%
   4901  3843      827.0000    33      850.0000      605.6436   502265   28.75%
   5092  4018      821.0000    50      850.0000      605.7497   515598   28.74%
Elapsed time = 29.66 sec. (37393.87 ticks, tree = 24.90 MB, solutions = 8)
   5299  4205      815.0000    51      850.0000      606.2220   527812   28.68%
   5504  4390      843.0000    30      850.0000      606.6102   537109   28.63%
   5736  4599      606.6102    98      850.0000      606.8731   549948   28.60%
   5857  4697      626.6881    78      850.0000      607.5718   562421   28.52%
   6127  4941      811.0000    29      850.0000      608.1498   572976   28.45%
   6384  5170      826.0755    31      850.0000      608.1498   585088   28.45%
   6506  5281        cutoff            850.0000      608.1679   592904   28.45%
   6687  5446      736.8464    74      850.0000      608.8748   603750   28.37%
   6923  5664      838.4247    33      850.0000      609.2281   615935   28.33%
   7131  5860      821.0000    26      850.0000      610.0000   628097   28.24%
Elapsed time = 37.34 sec. (47175.91 ticks, tree = 41.81 MB, solutions = 8)
   7294  5995      816.0000    38      850.0000      610.1362   637552   28.22%
   7588  6263      832.1667    30      850.0000      610.1731   648536   28.21%
   7813  6465      629.4910    71      850.0000      610.7255   660484   28.15%
   8054  6681      629.4008    72      850.0000      611.2845   671809   28.08%
   8410  6991      758.0229    41      850.0000      612.2373   682945   27.97%
   8605  7168      842.5000    34      850.0000      612.4850   691295   27.94%
   8763  7299      618.9218    92      850.0000      612.4850   704477   27.94%
   9028  7552      842.7255    35      850.0000      612.4850   716279   27.94%
   9316  7805      805.7500    39      850.0000      612.4850   727722   27.94%
   9504  7957      628.1427    78      850.0000      612.4850   737618   27.94%
Elapsed time = 45.01 sec. (56976.50 ticks, tree = 65.54 MB, solutions = 8)
   9836  8273      825.3885    48      850.0000      613.8573   748888   27.78%
  10106  8518      814.0000    37      850.0000      614.3028   760504   27.73%
  10338  8727      830.0000    38      850.0000      614.6802   773382   27.68%
  10578  8952      813.2716    37      850.0000      614.6802   783044   27.68%
* 10584+ 7872                          840.0000      614.6802   783175   26.82%
  10584  7874      813.4157    35      840.0000      614.6802   783175   26.82%
  10585  7875      618.2351    90      840.0000      614.6802   783272   26.82%
  10881  8149      834.0000    31      840.0000      615.2678   793617   26.75%
  11186  8424      825.0000    41      840.0000      617.0182   804819   26.55%
  11379  8596        cutoff            840.0000      617.2053   817345   26.52%
  11607  8804      830.0000    48      840.0000      617.8412   827935   26.45%
Elapsed time = 55.63 sec. (69411.11 ticks, tree = 78.18 MB, solutions = 9)
  11810  8983      679.7714    66      840.0000      618.6610   837455   26.35%
  12080  9236    infeasible            840.0000      618.8127   848868   26.33%
  12336  9478      817.9129    24      840.0000      619.2284   858862   26.28%
  12556  9673        cutoff            840.0000      619.3609   870891   26.27%
  12860  9958      818.0000    35      840.0000      619.4099   880920   26.26%
  13101 10173      837.0000    36      840.0000      620.2266   891146   26.16%
  13369 10425      827.0000    40      840.0000      620.6214   901243   26.12%
  13639 10649    infeasible            840.0000      620.8692   911399   26.09%
  13880 10875      822.7145    25      840.0000      620.8882   922201   26.08%
  14143 11112      832.5000    38      840.0000      621.3721   932726   26.03%
Elapsed time = 63.35 sec. (79037.99 ticks, tree = 108.47 MB, solutions = 9)
  14455 11377      811.0000    46      840.0000      622.0726   943090   25.94%
  14729 11630      818.6295    29      840.0000      622.3719   952876   25.91%
  14916 11804      829.0000    44      840.0000      622.4160   965411   25.90%
  15195 12051      830.0000    35      840.0000      623.5445   977177   25.77%
  15487 12319      832.0000    36      840.0000      623.7316   987811   25.75%
  15678 12483    infeasible            840.0000      623.8642   997998   25.73%
  15923 12713      811.4266    24      840.0000      623.8873  1009263   25.73%
  16233 12987      762.9056    55      840.0000      624.0556  1021214   25.71%
  16504 13242      810.0000    41      840.0000      624.3734  1032125   25.67%
  16695 13408      823.6590    31      840.0000      624.6317  1045911   25.64%
Elapsed time = 71.11 sec. (88838.76 ticks, tree = 140.88 MB, solutions = 9)
  16975 13664      838.0290    34      840.0000      624.9775  1057461   25.60%
  17291 13959      811.8555    24      840.0000      625.1501  1070414   25.58%
  17608 14250      814.0000    44      840.0000      625.2406  1078936   25.57%
  17882 14506      812.5000    30      840.0000      625.4375  1091686   25.54%
  18178 14785      838.0000    11      840.0000      625.7356  1105694   25.51%
  18392 14968      820.0000    22      840.0000      626.2487  1116770   25.45%
  18624 15181      830.2834    24      840.0000      626.2745  1124938   25.44%
  18968 15479      827.9733    45      840.0000      626.6212  1136635   25.40%
  19262 15747        cutoff            840.0000      626.6881  1148672   25.39%
  20091 16504      640.5735    68      840.0000      626.8464  1191832   25.38%
Elapsed time = 80.87 sec. (101304.19 ticks, tree = 179.91 MB, solutions = 9)
  21121 17464      825.4220    19      840.0000      627.5872  1229915   25.29%
  22056 18334      645.4188    75      840.0000      627.5872  1268389   25.29%
  22903 19131      818.1099    30      840.0000      628.0000  1306335   25.24%
  23823 19975      655.8209    67      840.0000      628.3949  1344415   25.19%
  24861 20925      815.8138    47      840.0000      628.8373  1383399   25.14%
  25980 21962      817.5000    23      840.0000      629.2779  1423127   25.09%
  26884 22790      811.2211    27      840.0000      629.4482  1463387   25.07%
  28064 23869      823.8879    33      840.0000      630.2404  1503835   24.97%
  29187 24907      830.1911    31      840.0000      630.3654  1547345   24.96%
  30238 25873      640.9174    70      840.0000      631.2652  1587541   24.85%
Elapsed time = 110.64 sec. (139513.44 ticks, tree = 264.97 MB, solutions = 9)
  31095 26657      811.0000    29      840.0000      631.5940  1632009   24.81%
  32197 27668      836.0000    22      840.0000      631.9239  1670602   24.77%
  33099 28508      827.7580    31      840.0000      631.9856  1709562   24.76%
  34198 29526      831.0000    16      840.0000      631.9856  1747691   24.76%
  35322 30555      821.0631    25      840.0000      632.2470  1786250   24.73%
  36394 31550      812.3027    35      840.0000      632.4281  1828543   24.71%
  37482 32561      798.4997    59      840.0000      633.2068  1868449   24.62%
  38692 33680      776.7554    43      840.0000      633.6315  1904514   24.57%
  39941 34815      641.2607    69      840.0000      634.1456  1946142   24.51%
  41216 36011      824.6348    39      840.0000      634.1456  1983815   24.51%
Elapsed time = 139.88 sec. (177713.41 ticks, tree = 378.99 MB, solutions = 9)
  42326 37025      830.0000    28      840.0000      634.5971  2024347   24.45%
  43586 38191      830.2553    38      840.0000      634.7283  2061844   24.44%
  44729 39228      644.0367    66      840.0000      635.0261  2104161   24.40%
  46077 40478      835.0000    34      840.0000      635.0775  2139474   24.40%
  47368 41651        cutoff            840.0000      635.5288  2175459   24.34%
  48206 42406        cutoff            840.0000      635.8667  2214321   24.30%
  49561 43657      823.0000    39      840.0000      635.8857  2251529   24.30%
  50528 44544      797.1622    55      840.0000      636.0679  2289725   24.28%
  51595 45520      636.6196    73      840.0000      636.0902  2336863   24.27%
  53036 46852        cutoff            840.0000      637.0089  2374847   24.17%
Elapsed time = 168.81 sec. (215948.97 ticks, tree = 540.77 MB, solutions = 9)
  54347 48059      817.5574    24      840.0000      637.3348  2416022   24.13%
  55585 49217      812.5283    45      840.0000      638.0220  2453971   24.04%
  56714 50234      832.5450    25      840.0000      638.2396  2495679   24.02%
  57962 51389      835.2054    33      840.0000      638.2396  2539754   24.02%
  59284 52629      820.1563    30      840.0000      638.5425  2579787   23.98%
  60454 53711      804.3360    46      840.0000      638.9752  2616666   23.93%
  61649 54807      807.5000    46      840.0000      639.4198  2651860   23.88%
  62786 55874      835.1671    32      840.0000      639.7285  2687481   23.84%
  63866 56861      807.5000    32      840.0000      640.0598  2725675   23.80%
  64908 57802      835.0386    31      840.0000      640.2190  2768120   23.78%
Elapsed time = 197.91 sec. (254126.15 ticks, tree = 687.57 MB, solutions = 9)
  66152 58939      812.7427    39      840.0000      640.4858  2807510   23.75%
  67271 59946      838.1620    31      840.0000      640.5977  2847366   23.74%
  68457 61032      828.3548    29      840.0000      640.9174  2886876   23.70%
  69774 62238      651.3360    77      840.0000      640.9763  2922723   23.69%
  71170 63513      822.5275    23      840.0000      641.1569  2963333   23.67%
  72425 64686      808.6732    44      840.0000      641.2576  3000973   23.66%
  73576 65744      792.8660    62      840.0000      641.3166  3040184   23.65%
  74884 66954      830.6505    54      840.0000      641.6243  3080704   23.62%
  76110 68094      817.7049    37      840.0000      641.9198  3122814   23.58%
  77517 69397      820.1656    42      840.0000      642.1459  3163408   23.55%
Elapsed time = 227.08 sec. (292321.84 ticks, tree = 860.05 MB, solutions = 9)
  78505 70293      826.0000    34      840.0000      642.4598  3204326   23.52%
  79771 71444      655.4572    66      840.0000      642.5415  3242683   23.51%
  81035 72613      773.3311    47      840.0000      642.6725  3280696   23.49%
* 81504+60834                          830.0000      642.8009  3296919   22.55%
  82163 61423      822.8474    30      830.0000      642.9337  3314180   22.54%
  83504 62648      791.5531    52      830.0000      643.3280  3351085   22.49%
  84653 63684      822.8517    22      830.0000      643.5807  3388225   22.46%
  85928 64829      813.5833    35      830.0000      643.8614  3430529   22.43%
  87412 66177      765.4789    64      830.0000      644.1015  3467842   22.40%
  88492 67177      817.1793    45      830.0000      644.1015  3508162   22.40%
  89813 68356      828.2937    36      830.0000      644.6414  3548610   22.33%
Elapsed time = 256.32 sec. (330726.22 ticks, tree = 874.73 MB, solutions = 10)
  91054 69478      816.0000    28      830.0000      644.7363  3586948   22.32%
  92310 70618      775.2043    51      830.0000      645.0992  3628879   22.28%
  93484 71678      825.1930    38      830.0000      645.2905  3664021   22.25%
  94843 72918      820.5021    39      830.0000      645.4456  3702927   22.24%
  96105 74056        cutoff            830.0000      645.9013  3741357   22.18%
  97530 75325      761.0000    53      830.0000      646.0632  3779902   22.16%
  98688 76406      825.3877    31      830.0000      646.4270  3817378   22.12%
  99690 77318      825.3213    25      830.0000      646.6814  3852562   22.09%
 100971 78491      812.0000    59      830.0000      646.9172  3891302   22.06%
 102310 79677      806.2500    45      830.0000      647.0480  3929952   22.04%
Elapsed time = 285.28 sec. (368956.59 ticks, tree = 1049.83 MB, solutions = 10)
 103455 80693      653.3352    74      830.0000      647.0480  3969263   22.04%
 104709 81835      805.0000    25      830.0000      647.3125  4012858   22.01%
 105989 83005      668.5426    58      830.0000      647.7036  4054568   21.96%
 107349 84242      817.1540    39      830.0000      647.8592  4092146   21.94%
 108606 85395      826.0000    44      830.0000      647.9593  4128362   21.93%
 109924 86564      812.5718    39      830.0000      648.2565  4169917   21.90%
 111174 87680      807.5000    35      830.0000      648.3121  4207901   21.89%
 112468 88826      822.5000    20      830.0000      648.4897  4249116   21.87%
 113976 90206      659.7109    68      830.0000      648.7392  4289267   21.84%
 115311 91448      790.4659    27      830.0000      648.8674  4327071   21.82%
Elapsed time = 314.07 sec. (407151.66 ticks, tree = 1203.37 MB, solutions = 10)
 116431 92455      828.1787    28      830.0000      648.9063  4369677   21.82%
 117506 93427      827.0978    40      830.0000      649.0602  4408020   21.80%
 118541 94351        cutoff            830.0000      649.2247  4443632   21.78%
 119701 95400      821.5567    40      830.0000      649.4658  4481555   21.75%
 121031 96588      828.2361    27      830.0000      649.6728  4516697   21.73%
 122479 97902      724.2235    57      830.0000      650.0801  4555552   21.68%
 123730 99047      654.5479    71      830.0000      650.2033  4591394   21.66%
 124904 100097      810.4758    32      830.0000      650.2033  4629817   21.66%
 126054 101137      810.0000    43      830.0000      650.2033  4673038   21.66%
 127298 102275      820.3475    39      830.0000      650.3383  4713046   21.65%
Elapsed time = 343.48 sec. (445383.86 ticks, tree = 1344.39 MB, solutions = 10)
 128571 103409      755.6000    55      830.0000      650.3383  4750077   21.65%
 129943 104645      825.0000    20      830.0000      650.4968  4787938   21.63%
 131276 105843      820.5008    39      830.0000      650.8029  4829469   21.59%
 132586 107001      811.5198    36      830.0000      651.3360  4863872   21.53%
 133892 108191      807.6497    34      830.0000      651.6326  4904041   21.49%
 135224 109397      661.9019    67      830.0000      651.8235  4942910   21.47%
 136615 110632      827.5000    32      830.0000      652.4247  4983637   21.39%
 138023 111923      815.1210    28      830.0000      652.5699  5021640   21.38%
 139140 112929      769.7892    45      830.0000      652.8158  5057286   21.35%
 140303 113982      827.3265    35      830.0000      653.0738  5094709   21.32%
Elapsed time = 372.27 sec. (483569.92 ticks, tree = 1477.72 MB, solutions = 10)
 141444 114992      786.0000    50      830.0000      653.1634  5133378   21.31%
 142512 115961      822.7105    34      830.0000      653.3352  5170173   21.28%
 143734 117061      807.2270    38      830.0000      653.5608  5209620   21.26%
 144953 118171      700.0815    59      830.0000      653.6462  5246870   21.25%
 146104 119201      764.0989    58      830.0000      654.1699  5285862   21.18%
 147394 120354      727.0554    55      830.0000      654.3729  5323965   21.16%
 148526 121362        cutoff            830.0000      654.5661  5364051   21.14%
 149609 122319      820.4360    31      830.0000      654.6715  5404117   21.12%
 150919 123509      827.5000    27      830.0000      654.7451  5441453   21.12%
 152320 124778      800.9720    49      830.0000      654.8215  5483074   21.11%
Elapsed time = 401.06 sec. (521763.63 ticks, tree = 1626.17 MB, solutions = 10)
 153343 125717      680.1623    57      830.0000      655.0521  5521933   21.08%
 154530 126763    infeasible            830.0000      655.4596  5567792   21.03%
 155665 127825      828.2207    44      830.0000      655.4596  5609080   21.03%
 156601 128680        cutoff            830.0000      655.5196  5652705   21.02%
 157676 129652      810.2314    19      830.0000      655.6155  5693223   21.01%
 158833 130662      824.3408    43      830.0000      655.6549  5731468   21.01%
 159878 131595      773.5914    48      830.0000      655.7627  5774592   20.99%
 160829 132463      821.0000    28      830.0000      655.8209  5818038   20.99%
 161734 133303      813.2773    36      830.0000      655.9005  5858052   20.98%
 162698 134151      818.3333    43      830.0000      656.0089  5895432   20.96%
Elapsed time = 430.10 sec. (559966.41 ticks, tree = 1766.28 MB, solutions = 10)
 164092 135416        cutoff            830.0000      656.4636  5933873   20.91%
 165446 136663      805.8455    25      830.0000      656.7569  5971104   20.87%
*165504+103632                          820.0000      656.7569  5971770   19.91%
 166694 104675      685.8022    58      820.0000      656.8466  6007063   19.90%
 168051 105871      816.1718    40      820.0000      656.9470  6042991   19.88%
 169264 106926      657.2066    77      820.0000      657.1082  6079479   19.86%
 170371 107927      817.7704    24      820.0000      657.2434  6115542   19.85%
 171614 109002      696.4218    53      820.0000      657.4375  6146346   19.82%
 172964 110180      793.2820    49      820.0000      657.6834  6184444   19.79%
 174161 111248      810.0000    44      820.0000      657.7956  6223827   19.78%
 175507 112431      769.5584    48      820.0000      657.9681  6257874   19.76%
Elapsed time = 459.03 sec. (598163.91 ticks, tree = 1461.73 MB, solutions = 11)
 176906 113642      812.6189    35      820.0000      658.2391  6294693   19.73%
 178046 114623      817.1793    43      820.0000      658.4716  6330161   19.70%
 179307 115731      811.1137    34      820.0000      658.8620  6370596   19.65%
 180559 116843      749.9877    52      820.0000      658.9357  6407225   19.64%
 181862 117985      781.3693    51      820.0000      658.9357  6447392   19.64%
 183118 119065      817.1793    45      820.0000      659.2902  6485363   19.60%
 184287 120071      811.2810    32      820.0000      659.5224  6521459   19.57%
 185517 121154      792.5713    39      820.0000      659.7980  6556526   19.54%
 186683 122149      753.5960    73      820.0000      660.0347  6594806   19.51%
 187884 123167      818.1332    41      820.0000      660.4768  6630049   19.45%
Elapsed time = 487.69 sec. (636359.75 ticks, tree = 1603.87 MB, solutions = 11)
 189078 124211      816.0611    42      820.0000      660.6521  6671468   19.43%
 190204 125187      746.8225    45      820.0000      660.9260  6706103   19.40%
 191517 126302      721.7016    62      820.0000      661.2651  6744652   19.36%
 192460 127131      810.0000    47      820.0000      661.2651  6786578   19.36%
 193258 127828      729.3674    60      820.0000      661.3992  6822377   19.34%
 194858 129252      808.0639    37      820.0000      661.6158  6860071   19.32%
 196210 130425      793.1298    57      820.0000      662.1263  6898131   19.25%
 197324 131371      818.1800    41      820.0000      662.3603  6935675   19.22%
 198567 132425      814.3920    48      820.0000      662.5442  6973204   19.20%
 199685 133371      817.5000    48      820.0000      662.6694  7006365   19.19%
Elapsed time = 517.96 sec. (674571.01 ticks, tree = 1737.43 MB, solutions = 11)
 200868 134392        cutoff            820.0000      662.9633  7045114   19.15%
 202061 135412        cutoff            820.0000      663.3323  7083428   19.11%
 203275 136473      812.5000    27      820.0000      663.4333  7119391   19.09%
 204613 137596      810.0000    45      820.0000      663.5466  7157995   19.08%
 205935 138740      696.8627    65      820.0000      663.6915  7195660   19.06%
 207236 139898      810.5518    25      820.0000      663.7943  7232862   19.05%
 208551 141024      700.2425    53      820.0000      664.0794  7271524   19.01%
 209604 141913      813.5628    28      820.0000      664.2895  7309192   18.99%
 210204 142437      782.4862    57      820.0000      664.2895  7327114   18.99%
 210904 143052      782.4862    45      820.0000      664.2895  7349182   18.99%
Elapsed time = 548.43 sec. (713994.50 ticks, tree = 1867.16 MB, solutions = 11)
 211504 143585      807.0000    29      820.0000      664.2895  7372330   18.99%
 212104 144107      807.5000    44      820.0000      664.3106  7389108   18.99%
 212704 144616      813.1824    29      820.0000      664.3477  7406090   18.98%
 213204 145044      812.3867    45      820.0000      664.4821  7424292   18.97%
 213691 145484      750.5901    62      820.0000      664.5659  7440414   18.96%
 214304 146020      793.8431    41      820.0000      664.7334  7460228   18.93%
 214604 146281      774.7786    50      820.0000      664.8695  7469628   18.92%
 215105 146712      807.5000    31      820.0000      665.0094  7483524   18.90%
 215604 147139      775.2043    69      820.0000      665.0525  7498564   18.90%
 216104 147571      803.2499    47      820.0000      665.2998  7514127   18.87%
Elapsed time = 582.85 sec. (754807.69 ticks, tree = 1921.28 MB, solutions = 11)
 216604 148016      807.5000    41      820.0000      665.4596  7529162   18.85%
 217051 148394      812.5000    31      820.0000      665.5322  7542295   18.84%
 217504 148789      810.0000    39      820.0000      665.5523  7557509   18.84%
 218405 149580      780.0471    45      820.0000      665.8247  7586533   18.80%
 219658 150674      803.8727    57      820.0000      665.9032  7621527   18.79%

GUB cover cuts applied:  1
Cover cuts applied:  5
Implied bound cuts applied:  46
Flow cuts applied:  212
Mixed integer rounding cuts applied:  44
Zero-half cuts applied:  2
Lift and project cuts applied:  28

Root node processing (before b&c):
  Real time             =    0.97 sec. (1271.02 ticks)
Sequential b&c:
  Real time             =  599.03 sec. (774256.09 ticks)
                          ------------
Total (root+branch&cut) =  600.00 sec. (775527.11 ticks)
