Tried aggregator 2 times.
MIP Presolve eliminated 1000 rows and 106 columns.
MIP Presolve modified 429 coefficients.
Aggregator did 40 substitutions.
Reduced MIP has 1069 rows, 1897 columns, and 6865 nonzeros.
Reduced MIP has 968 binaries, 2 generals, 0 SOSs, and 0 indicators.
Presolve time = 0.01 sec. (8.25 ticks)
Found incumbent of value 4050.000000 after 0.02 sec. (18.31 ticks)
Probing fixed 0 vars, tightened 1 bounds.
Probing time = 0.01 sec. (8.28 ticks)
Tried aggregator 2 times.
MIP Presolve eliminated 1 rows and 1 columns.
Aggregator did 2 substitutions.
Reduced MIP has 1066 rows, 1894 columns, and 6859 nonzeros.
Reduced MIP has 967 binaries, 22 generals, 0 SOSs, and 0 indicators.
Presolve time = 0.01 sec. (5.70 ticks)
Probing time = 0.00 sec. (3.09 ticks)
Clique table members: 1335.
MIP emphasis: balance optimality and feasibility.
MIP search method: dynamic search.
Parallel mode: none, using 1 thread.
Root relaxation solution time = 0.03 sec. (39.76 ticks)

        Nodes                                         Cuts/
   Node  Left     Objective  IInf  Best Integer    Best Bound    ItCnt     Gap

*     0+    0                         4050.0000        0.0000      747  100.00%
      0     0      109.8650   121     4050.0000      109.8650      747   97.29%
      0     0      115.8699   104     4050.0000      Cuts: 35      981   97.14%
      0     0      196.7721   131     4050.0000      Cuts: 71     2060   95.14%
      0     0      215.3921   119     4050.0000      Cuts: 73     2681   94.68%
*     0+    0                         1070.0000      215.3921     2681   79.87%
      0     0      215.9358   112     1070.0000      Cuts: 38     2796   79.82%
      0     0      217.2440   123     1070.0000      Cuts: 65     3117   79.70%
      0     0      217.4728   117     1070.0000      Cuts: 46     3270   79.68%
      0     0      217.4728   115     1070.0000      Cuts: 40     3337   79.68%
      0     0      217.4728   105     1070.0000      Cuts: 10     3351   79.68%
      0     0      217.4728   104     1070.0000      Cuts: 14     3366   79.68%
      0     2      217.4728   104     1070.0000      217.4728     3366   79.68%
Elapsed time = 0.87 sec. (1117.65 ticks, tree = 0.00 MB, solutions = 2)
     30    32      217.5313   111     1070.0000      217.5313     4558   79.67%
     50    52      218.3421   117     1070.0000      217.5313     6403   79.67%
     85    87      224.7421   112     1070.0000      217.5313    10276   79.67%
     94    96      271.1827    83     1070.0000      217.5313    13246   79.67%
    130   132      320.0000    61     1070.0000      217.5313    16767   79.67%
    142   144      320.0000    68     1070.0000      217.5313    21434   79.67%
    179   181      458.9224    40     1070.0000      217.5313    26783   79.67%
    227   229      478.4622    40     1070.0000      217.5313    31087   79.67%
    264   266      609.5088    35     1070.0000      217.5313    34515   79.67%
    412   402      929.5456    22     1070.0000      217.5313    47615   79.67%
Elapsed time = 3.18 sec. (4386.93 ticks, tree = 4.54 MB, solutions = 2)
*   499+  317                         1000.0000      610.8120    68804   38.92%
*   499+  210                          910.0000      610.8120    68804   32.88%
    499   211      611.0000   108      910.0000      611.0000    68804   32.86%
    506   211      616.5965   124      910.0000      611.0000    72913   32.86%
    519   218      772.1771    69      910.0000      611.0000    77388   32.86%
    572   234      779.7238    55      910.0000      611.0000    86487   32.86%
    629   249      902.7962    64      910.0000      611.0000    99824   32.86%
    680   261      686.7030    82      910.0000      612.3746   109364   32.71%
    739   281      857.0000    42      910.0000      612.3746   117296   32.71%
    879   319      655.3136    90      910.0000      613.6430   136176   32.57%
   1039   456      901.0000    48      910.0000      613.6430   152668   32.57%
   1189   571      869.0000    67      910.0000      615.0000   177361   32.42%
Elapsed time = 14.32 sec. (17405.28 ticks, tree = 0.59 MB, solutions = 4)
   1315   677      800.6886    87      910.0000      615.3177   194828   32.38%
   1399   739      656.4559    98      910.0000      616.0000   216042   32.31%
   1563   895      879.0000    42      910.0000      616.0000   232417   32.31%
   1680   973      858.7060    63      910.0000      616.8906   251480   32.21%
   1859  1110      908.7810    37      910.0000      616.8906   268125   32.21%
   2034  1265      899.7284    25      910.0000      617.1260   286696   32.18%
   2136  1354      868.0000    59      910.0000      617.9259   307031   32.10%
   2313  1506      874.6198    49      910.0000      618.3974   337390   32.04%
   2457  1631      627.9876   106      910.0000      618.8881   362852   31.99%
   2641  1807      888.0000    26      910.0000      618.8881   382604   31.99%
Elapsed time = 22.67 sec. (27003.22 ticks, tree = 6.07 MB, solutions = 4)
   2878  2015      897.0000    42      910.0000      619.0847   405563   31.97%
   3062  2194      872.0000    43      910.0000      620.1727   425182   31.85%
   3272  2392      892.0000    32      910.0000      620.9053   447215   31.77%
   3424  2516      882.0000    37      910.0000      621.2133   478753   31.73%
   3512  2588      739.9655    64      910.0000      622.2569   500165   31.62%
   3707  2776      796.4022    53      910.0000      623.3551   516556   31.50%
   3941  2997      883.0000    43      910.0000      623.5349   540938   31.48%
   4099  3146      872.0000    69      910.0000      624.5219   563837   31.37%
   4294  3313      851.9965    57      910.0000      625.3699   589341   31.28%
   4414  3411      832.2314    77      910.0000      626.0845   612757   31.20%
Elapsed time = 30.26 sec. (36649.29 ticks, tree = 13.40 MB, solutions = 4)
   4652  3628      905.0000    29      910.0000      626.0845   629493   31.20%
   4820  3784      870.0000    48      910.0000      626.6603   648921   31.14%
   5039  3981      885.0000    54      910.0000      627.4945   675114   31.04%
   5152  4083      907.5000    60      910.0000      627.9876   695171   30.99%
   5376  4288      885.4801    24      910.0000      627.9876   720666   30.99%
   5664  4540      629.3931   111      910.0000      628.9429   751631   30.89%
   5921  4780      698.1372    80      910.0000      629.3931   774841   30.84%
   6113  4970      872.0000    38      910.0000      629.3931   800410   30.84%
   6295  5128      876.0000    39      910.0000      629.4186   829789   30.83%
   6413  5213      894.3429    57      910.0000      629.9277   853552   30.78%
Elapsed time = 38.02 sec. (46457.17 ticks, tree = 19.87 MB, solutions = 4)
   6545  5338      906.0000    43      910.0000      629.9277   865704   30.78%
   6755  5527      884.0000    60      910.0000      630.3054   889927   30.74%
   6908  5660    infeasible            910.0000      631.4572   912629   30.61%
   7132  5870      884.0000    54      910.0000      632.0287   936765   30.55%
   7302  6010      826.2701    71      910.0000      632.5641   959939   30.49%
   7487  6167      733.8332    61      910.0000      633.0220   995328   30.44%
   7646  6323      872.0000    45      910.0000      633.0220  1011988   30.44%
   7822  6490      849.4329    81      910.0000      633.4119  1039012   30.39%
   8099  6745      792.7132    76      910.0000      633.4348  1070742   30.39%
   8333  6961      872.0000    67      910.0000      633.4348  1104807   30.39%
Elapsed time = 45.95 sec. (56072.58 ticks, tree = 21.46 MB, solutions = 4)
   8474  7077      821.2400    67      910.0000      633.4402  1135935   30.39%
   8591  7192      869.0000    42      910.0000      633.4402  1147736   30.39%
   8761  7360      891.0000    57      910.0000      634.0263  1161464   30.33%
   8872  7471      891.0000    56      910.0000      634.0263  1178702   30.33%
   9011  7609      866.0000    28      910.0000      634.0263  1188897   30.33%
   9273  7861      893.0000    37      910.0000      634.0263  1202072   30.33%
   9385  7964      871.0000    46      910.0000      634.0263  1213958   30.33%
   9460  8027      879.5583    27      910.0000      634.0263  1228716   30.33%
   9582  8137      869.0000    45      910.0000      634.0263  1241836   30.33%
   9803  8356      866.0000    23      910.0000      634.2676  1252492   30.30%
Elapsed time = 54.42 sec. (65763.01 ticks, tree = 33.62 MB, solutions = 4)
  10035  8585      886.0000    55      910.0000      634.5982  1264578   30.26%
  10173  8714      887.9778    37      910.0000      634.8396  1277817   30.24%
  10248  8779      898.2756    22      910.0000      634.8396  1290109   30.24%
  10339  8847      866.0000    54      910.0000      634.8396  1302151   30.24%
  10479  8980      876.0000    30      910.0000      634.8396  1310673   30.24%
  10480  8981      790.6300    52      910.0000      634.8396  1311110   30.24%
  10693  9191      871.1381    21      910.0000      634.8396  1319989   30.24%
  10808  9288      896.0000    58      910.0000      635.4478  1332385   30.17%
  11025  9497      770.6414    75      910.0000      635.4478  1345527   30.17%
  11137  9580      680.2271    98      910.0000      635.4478  1356862   30.17%
Elapsed time = 66.58 sec. (77558.74 ticks, tree = 45.93 MB, solutions = 4)
  11337  9761      891.0000    39      910.0000      635.7621  1368485   30.14%
  11542  9958      883.0000    64      910.0000      635.8128  1379170   30.13%
  11737 10147      894.0000    37      910.0000      635.8128  1392498   30.13%
  11958 10355      874.0000    28      910.0000      635.8128  1406192   30.13%
  12092 10470      870.6055    42      910.0000      635.8128  1419665   30.13%
  12201 10539        cutoff            910.0000      635.8128  1435832   30.13%
  12441 10773      900.3270    24      910.0000      635.8128  1448348   30.13%
  12643 10962      871.0000    29      910.0000      635.8190  1459104   30.13%
  12840 11142      884.7195    39      910.0000      635.9373  1473653   30.12%
  13119 11405      869.0000    47      910.0000      635.9373  1487559   30.12%
Elapsed time = 73.94 sec. (87190.27 ticks, tree = 66.95 MB, solutions = 4)
  13261 11537      870.2279    45      910.0000      635.9373  1501935   30.12%
  13401 11646      822.2988    61      910.0000      636.5248  1518475   30.05%
  13567 11809      873.2083    50      910.0000      636.5248  1528457   30.05%
  13799 12025      869.4209    40      910.0000      636.5248  1541374   30.05%
  14099 12311      886.0000    21      910.0000      636.6483  1555371   30.04%
  14328 12530      872.8044    62      910.0000      636.6483  1568489   30.04%
  14483 12669      881.0168    16      910.0000      636.6483  1584810   30.04%
  14638 12808      875.0000    51      910.0000      636.6483  1593085   30.04%
  14844 13008      889.2559    43      910.0000      636.8476  1606310   30.02%
  15537 13633      881.9871    43      910.0000      639.5706  1654030   29.72%
Elapsed time = 83.58 sec. (99668.90 ticks, tree = 90.15 MB, solutions = 4)
  16393 14424      870.6618    35      910.0000      641.3617  1708946   29.52%
  17118 15089      838.2708    59      910.0000      641.7296  1761314   29.48%
  17871 15768        cutoff            910.0000      641.9227  1817140   29.46%
  18547 16393      847.2843    62      910.0000      643.0615  1862134   29.33%
  19327 17096      885.0000    39      910.0000      644.6355  1910759   29.16%
  20091 17795      888.4970    36      910.0000      645.3541  1957782   29.08%
  20707 18371      873.7771    32      910.0000      645.4135  2006023   29.08%
  21486 19076      897.0956    38      910.0000      646.5488  2055277   28.95%
  22318 19848      886.0000    25      910.0000      648.8007  2106822   28.70%
  23095 20552      892.0000    37      910.0000      650.4659  2157567   28.52%
Elapsed time = 112.97 sec. (137883.88 ticks, tree = 151.89 MB, solutions = 4)
  23878 21264      692.2420    83      910.0000      653.2637  2206023   28.21%
  24764 22089      885.0000    44      910.0000      654.7798  2257694   28.05%
  25540 22773      889.0000    37      910.0000      656.3295  2309123   27.88%
  26233 23396      739.5158    57      910.0000      656.5416  2359832   27.85%
  27054 24143      900.4513    50      910.0000      659.5441  2405168   27.52%
  27699 24727      813.0537    64      910.0000      659.5942  2451488   27.52%
  28499 25455      895.0000    40      910.0000      660.3086  2496012   27.44%
  29272 26160      875.4803    33      910.0000      663.2728  2542043   27.11%
  30081 26905      875.8840    39      910.0000      666.3149  2587410   26.78%
  30989 27761      896.0000    25      910.0000      669.9090  2634531   26.38%
Elapsed time = 142.54 sec. (176317.41 ticks, tree = 211.76 MB, solutions = 4)
  31756 28453      886.0000    50      910.0000      674.7839  2685817   25.85%
  32664 29286      885.5102    46      910.0000      675.3268  2736709   25.79%
  33482 30035      866.3796    64      910.0000      677.6012  2786779   25.54%
  34399 30889      891.3191    45      910.0000      679.3078  2833775   25.35%
  35367 31758      891.0000    45      910.0000      684.5813  2880187   24.77%
* 35499+21283                          890.0000      684.6689  2886396   23.07%
  36179 21892      876.2899    54      890.0000      687.0710  2923705   22.80%
  37066 22706      877.5000    54      890.0000      693.0064  2968580   22.13%
  37783 23363      880.0000    36      890.0000      694.2317  3014449   22.00%
  38456 23962      830.7004    68      890.0000      694.9537  3060669   21.92%
  39172 24618      887.8746    38      890.0000      695.9750  3101231   21.80%
Elapsed time = 171.59 sec. (214609.68 ticks, tree = 194.30 MB, solutions = 5)
* 39499+13266                          880.0000      696.1942  3118023   20.89%
  39929 13632      869.0000    32      880.0000      701.7779  3139863   20.25%
  40748 14339        cutoff            880.0000      705.2998  3183197   19.85%
  41621 15107      823.4838    70      880.0000      710.3238  3221783   19.28%
  42401 15752      767.2734    59      880.0000      715.8795  3262579   18.65%
  43359 16616    infeasible            880.0000      722.0433  3309330   17.95%
  43826 16917      798.2333    61      880.0000      726.8320  3352488   17.41%
  44507 17427      735.8248    77      880.0000      733.8332  3388684   16.61%
  45499 18337      878.6255    25      880.0000      733.8332  3432243   16.61%
  46286 19044        cutoff            880.0000      733.8332  3476190   16.61%
  46988 19678      865.3127    54      880.0000      733.8332  3519951   16.61%
Elapsed time = 202.18 sec. (253374.52 ticks, tree = 177.16 MB, solutions = 6)
  47995 20606      806.7772    63      880.0000      733.8332  3558341   16.61%
  48788 21329      839.9134    65      880.0000      734.0074  3604070   16.59%
  49781 22254      871.0000    52      880.0000      734.1452  3645623   16.57%
  50474 22884      871.4563    31      880.0000      734.2842  3691124   16.56%
  51462 23788        cutoff            880.0000      734.3066  3730473   16.56%
  52370 24619      878.0000    31      880.0000      734.5416  3769353   16.53%
  53298 25483      877.9114    38      880.0000      734.5416  3809033   16.53%
  54182 26273      840.3779    55      880.0000      734.6592  3844018   16.52%
  54974 26999      832.3286    62      880.0000      734.6978  3888560   16.51%
  55722 27661      872.9612    33      880.0000      734.7368  3936746   16.51%
Elapsed time = 231.34 sec. (291635.11 ticks, tree = 295.39 MB, solutions = 6)
  56634 28493      867.7700    17      880.0000      735.1752  3976791   16.46%
  57678 29441      843.1417    63      880.0000      735.3988  4020358   16.43%
  58499 30147      869.0848    44      880.0000      735.9813  4062130   16.37%
  59389 30959      738.7796    77      880.0000      736.8331  4107991   16.27%
  60139 31573      826.0016    61      880.0000      738.0461  4147763   16.13%
  60944 32290        cutoff            880.0000      738.6894  4188556   16.06%
  61918 33177      873.5178    41      880.0000      738.7333  4234514   16.05%
  62809 33971      867.0000    35      880.0000      738.8514  4283334   16.04%
  63545 34626      875.9815    30      880.0000      738.9623  4328299   16.03%
  64397 35401        cutoff            880.0000      739.2854  4370928   15.99%
Elapsed time = 260.85 sec. (330238.13 ticks, tree = 391.12 MB, solutions = 6)
  65326 36224      876.0000    40      880.0000      739.5158  4413106   15.96%
  66126 36948      852.1810    41      880.0000      739.5897  4447889   15.96%
  67044 37713    infeasible            880.0000      739.8874  4486174   15.92%
  67916 38485      839.8176    63      880.0000      740.0977  4527624   15.90%
  68899 39387      876.0000    31      880.0000      740.3421  4563773   15.87%
  69992 40367      877.9334    38      880.0000      740.9694  4604283   15.80%
  70951 41198      878.2389    36      880.0000      742.8292  4645871   15.59%
  71855 42017      878.9939    38      880.0000      743.0032  4683679   15.57%
  72899 42975      861.5072    59      880.0000      743.4131  4724531   15.52%
  73662 43634      870.2527    34      880.0000      743.9641  4766629   15.46%
Elapsed time = 290.59 sec. (368460.60 ticks, tree = 496.26 MB, solutions = 6)
  74715 44597      870.0000    30      880.0000      744.6136  4814634   15.38%
  75499 45303      871.5319    56      880.0000      745.5646  4857557   15.28%
  76249 45966      875.5734    61      880.0000      746.2511  4909008   15.20%
  76958 46545      878.8180    53      880.0000      747.3089  4952511   15.08%
  77699 47172      852.2945    59      880.0000      747.9339  4995591   15.01%
  78539 47904      879.0000    40      880.0000      748.2923  5035902   14.97%
  79391 48631      871.3759    25      880.0000      748.6485  5082497   14.93%
  80427 49565      850.6228    49      880.0000      749.3650  5121978   14.84%
  81126 50139      835.7665    48      880.0000      752.3895  5159463   14.50%
  81830 50743      763.7982    77      880.0000      752.9803  5197001   14.43%
Elapsed time = 320.45 sec. (406771.66 ticks, tree = 583.26 MB, solutions = 6)
  82605 51412      761.0069    69      880.0000      754.9810  5234446   14.21%
  83382 52103      879.0000    37      880.0000      755.5016  5277718   14.15%
  83881 52508      851.4105    55      880.0000      756.0236  5315261   14.09%
  84637 53117      791.3873    51      880.0000      756.8901  5356739   13.99%
  85499 53817      834.6144    67      880.0000      758.8749  5396580   13.76%
  86482 54633        cutoff            880.0000      759.6955  5438443   13.67%
  87272 55276    infeasible            880.0000      761.4594  5483160   13.47%
  87791 55631    infeasible            880.0000      764.3415  5529925   13.14%
  88479 56206      877.2591    35      880.0000      767.1796  5576481   12.82%
  89533 57147      875.1391    23      880.0000      767.3587  5617953   12.80%
Elapsed time = 350.05 sec. (445340.17 ticks, tree = 664.54 MB, solutions = 6)
  90499 58015      868.4279    45      880.0000      767.5031  5659607   12.78%
  91390 58740      866.3738    50      880.0000      767.9822  5705389   12.73%
  92116 59374    infeasible            880.0000      767.9822  5742474   12.73%
  92881 60039      875.2294    33      880.0000      767.9822  5787988   12.73%
  93563 60632      877.9324    24      880.0000      767.9822  5833716   12.73%
  94326 61263      876.0000    39      880.0000      767.9822  5879398   12.73%
  95171 61989      866.0000    38      880.0000      767.9865  5922149   12.73%
  95944 62682        cutoff            880.0000      768.0594  5962463   12.72%
  96815 63464        cutoff            880.0000      768.1106  5999064   12.71%
  97789 64311      783.3562    62      880.0000      768.2074  6039761   12.70%
Elapsed time = 380.37 sec. (483762.01 ticks, tree = 768.03 MB, solutions = 6)
  98895 65282      869.0000    48      880.0000      768.6543  6075429   12.65%
  99696 65990        cutoff            880.0000      768.6840  6116385   12.65%
 100869 67001      870.0926    18      880.0000      768.6840  6156627   12.65%
 101859 67877      870.0496    44      880.0000      768.7654  6195783   12.64%
 102799 68715      867.9093    38      880.0000      768.8102  6232263   12.64%
 103631 69437      871.3322    48      880.0000      768.8361  6278136   12.63%
 104499 70181      769.1585    65      880.0000      768.9774  6323746   12.62%
 105280 70814      868.4450    33      880.0000      769.0090  6369968   12.61%
 106137 71551        cutoff            880.0000      769.2010  6407833   12.59%
 107003 72306        cutoff            880.0000      769.4364  6456263   12.56%
Elapsed time = 410.60 sec. (522095.57 ticks, tree = 896.56 MB, solutions = 6)
 108066 73267      874.3835    24      880.0000      769.5129  6502353   12.56%
 108970 74035        cutoff            880.0000      769.8729  6540267   12.51%
 110038 74983      867.7471    27      880.0000      770.1123  6584844   12.49%
 111135 75933      873.0087    45      880.0000      770.6899  6625483   12.42%
 112131 76811      875.5850    43      880.0000      771.0151  6663488   12.38%
 113402 77915      878.1196    31      880.0000      771.4486  6701814   12.34%
 114298 78676      857.7805    66      880.0000      772.2044  6744620   12.25%
 115046 79290      871.0000    43      880.0000      772.8972  6793105   12.17%
 115509 79674      861.4496    45      880.0000      773.1410  6838186   12.14%
 116301 80342      875.0000    35      880.0000      773.7638  6875447   12.07%
Elapsed time = 440.37 sec. (560301.08 ticks, tree = 1005.50 MB, solutions = 6)
 116855 80764      877.9275    48      880.0000      775.3391  6917181   11.89%
 117663 81390      878.3441    35      880.0000      776.3975  6960771   11.77%
 118357 81912      878.1097    39      880.0000      776.7658  7003136   11.73%
 118996 82403    infeasible            880.0000      777.4122  7050946   11.66%
 119581 82803      851.4114    58      880.0000      779.0000  7089507   11.48%
 120228 83296      878.9756    35      880.0000      780.5766  7130497   11.30%
 121148 83987      878.1558    38      880.0000      783.8332  7170780   10.93%
 122189 84838      878.6361    38      880.0000      783.9767  7209869   10.91%
 122817 85354      867.6147    48      880.0000      784.6498  7259000   10.84%
 123434 85835      877.7536    30      880.0000      785.5316  7310324   10.74%
Elapsed time = 469.75 sec. (598680.14 ticks, tree = 1089.38 MB, solutions = 6)
 124227 86473      842.8075    56      880.0000      786.1244  7351338   10.67%
 124868 86972        cutoff            880.0000      786.8327  7391018   10.59%
 125528 87498      853.0219    35      880.0000      787.5671  7432231   10.50%
 126359 88073      849.0907    61      880.0000      787.9263  7468501   10.46%
 127086 88557      873.1957    56      880.0000      788.3682  7504137   10.41%
 127719 88946      867.7036    49      880.0000      789.4057  7538873   10.29%
 128426 89479      877.7490    42      880.0000      790.1268  7577212   10.21%
 128953 89841      797.3589    48      880.0000      790.3991  7610639   10.18%
 129508 90131      853.0765    63      880.0000      791.2758  7648912   10.08%
 130142 90561      853.0509    68      880.0000      791.7604  7687958   10.03%
Elapsed time = 497.75 sec. (636915.89 ticks, tree = 1144.04 MB, solutions = 6)
 130674 90899    infeasible            880.0000      792.0282  7728044   10.00%
 131123 91206      865.9611    61      880.0000      792.6650  7773730    9.92%
 131499 91410      873.2335    53      880.0000      793.3627  7807595    9.85%
 132227 91972      872.9047    46      880.0000      793.6854  7845106    9.81%
 133108 92689      851.9965    50      880.0000      793.7235  7878596    9.80%
 133884 93336      870.6388    56      880.0000      793.8332  7916222    9.79%
 134590 93807      853.2826    54      880.0000      793.8332  7947400    9.79%
 135302 94280      860.6196    54      880.0000      794.0098  7983935    9.77%
 135763 94581      874.0575    59      880.0000      794.1251  8023183    9.76%
 136342 94960      862.2177    60      880.0000      794.4668  8063656    9.72%
Elapsed time = 526.18 sec. (675377.15 ticks, tree = 1201.92 MB, solutions = 6)
 136913 95302      794.6953    57      880.0000      794.6592  8099020    9.70%
 137460 95659      856.9015    53      880.0000      794.7644  8133876    9.69%
 137944 95933      860.9092    56      880.0000      794.8299  8168026    9.68%
 138499 96287      856.7703    67      880.0000      795.3899  8205173    9.61%
 139008 96528      851.4920    51      880.0000      795.7462  8244386    9.57%
 139299 96682      877.8128    63      880.0000      795.8391  8266952    9.56%
 139599 96882      853.4576    70      880.0000      795.9296  8292071    9.55%
 139849 97054      874.5136    43      880.0000      795.9711  8313523    9.55%
 140099 97198      859.4962    48      880.0000      796.2056  8331362    9.52%
 140303 97310      871.1155    64      880.0000      796.3269  8347895    9.51%
Elapsed time = 557.12 sec. (715882.15 ticks, tree = 1229.95 MB, solutions = 6)
 140612 97503      874.5126    54      880.0000      796.4022  8371481    9.50%
 140959 97679      871.3517    44      880.0000      796.5367  8394610    9.48%
 141399 97933      852.7998    49      880.0000      796.7652  8423877    9.46%
 141599 98059      870.8339    52      880.0000      796.7883  8438480    9.46%
 141900 98217      852.1081    51      880.0000      796.9786  8457265    9.43%
 142169 98332      852.1810    56      880.0000      797.1222  8472294    9.42%
 142399 98445      873.4749    53      880.0000      797.4649  8484194    9.38%
 142741 98620      852.4633    64      880.0000      797.7453  8505818    9.35%
 143099 98842      875.2576    48      880.0000      798.1011  8524104    9.31%
 143373 98977      853.4576    63      880.0000      798.4359  8547629    9.27%
Elapsed time = 590.94 sec. (758148.99 ticks, tree = 1251.53 MB, solutions = 6)
 143627 99088      853.1178    71      880.0000      799.4624  8567137    9.15%
 143879 99168      855.6165    55      880.0000      799.8148  8590600    9.11%

GUB cover cuts applied:  3
Cover cuts applied:  1
Implied bound cuts applied:  86
Flow cuts applied:  182
Mixed integer rounding cuts applied:  40
Zero-half cuts applied:  4
Lift and project cuts applied:  31

Root node processing (before b&c):
  Real time             =    0.86 sec. (1106.16 ticks)
Sequential b&c:
  Real time             =  599.14 sec. (768331.91 ticks)
                          ------------
Total (root+branch&cut) =  600.00 sec. (769438.07 ticks)
