Tried aggregator 2 times.
MIP Presolve eliminated 1790 rows and 245 columns.
MIP Presolve modified 473 coefficients.
Aggregator did 48 substitutions.
Reduced MIP has 1920 rows, 3425 columns, and 12744 nonzeros.
Reduced MIP has 1784 binaries, 2 generals, 0 SOSs, and 0 indicators.
Presolve time = 0.01 sec. (14.13 ticks)
Found incumbent of value 5900.000000 after 0.03 sec. (32.91 ticks)
Probing fixed 0 vars, tightened 1 bounds.
Probing time = 0.01 sec. (7.12 ticks)
Tried aggregator 1 time.
Reduced MIP has 1920 rows, 3425 columns, and 12744 nonzeros.
Reduced MIP has 1784 binaries, 23 generals, 0 SOSs, and 0 indicators.
Presolve time = 0.01 sec. (6.55 ticks)
Probing time = 0.00 sec. (3.38 ticks)
Clique table members: 4576.
MIP emphasis: balance optimality and feasibility.
MIP search method: dynamic search.
Parallel mode: none, using 1 thread.
Root relaxation solution time = 0.08 sec. (125.73 ticks)

        Nodes                                         Cuts/
   Node  Left     Objective  IInf  Best Integer    Best Bound    ItCnt     Gap

*     0+    0                         5900.0000        0.0000     1439  100.00%
      0     0      106.9553   199     5900.0000      106.9553     1439   98.19%
      0     0      115.4231   180     5900.0000      Cuts: 46     2071   98.04%
      0     0      206.0815   189     5900.0000     Cuts: 100     3836   96.51%
      0     0      215.2896   176     5900.0000     Cuts: 109     4373   96.35%
      0     0      216.8767   175     5900.0000      Cuts: 79     4621   96.32%
      0     0      216.9444   175     5900.0000      Cuts: 58     4804   96.32%
      0     0      216.9658   167     5900.0000      Cuts: 50     4888   96.32%
      0     0      216.9704   169     5900.0000      Cuts: 41     4982   96.32%
      0     0      216.9757   170     5900.0000       Cuts: 5     5005   96.32%
*     0+    0                         1550.0000      216.9757     5005   86.00%
      0     2      216.9757   163     1550.0000      217.0418     5005   86.00%
Elapsed time = 1.56 sec. (2168.70 ticks, tree = 0.00 MB, solutions = 2)
     10    12      218.0017   158     1550.0000      218.0017     6249   85.94%
     27    29      218.1939   172     1550.0000      218.0017     9417   85.94%
     30    32      218.2710   156     1550.0000      218.0017    10097   85.94%
     46    48      380.0000   148     1550.0000      218.0017    13477   85.94%
     50    52      330.0000   173     1550.0000      218.0017    14333   85.94%
     68    70      218.5978   157     1550.0000      218.0017    16840   85.94%
     78    80      222.5706   153     1550.0000      218.0017    19785   85.94%
     93    95      223.7859   152     1550.0000      218.0017    21946   85.94%
    115   117      236.9353   134     1550.0000      218.0017    24705   85.94%
    265   264      510.0000    52     1550.0000      218.0017    42685   85.94%
Elapsed time = 4.60 sec. (6376.10 ticks, tree = 1.18 MB, solutions = 2)
    369   349      229.6176   173     1550.0000      218.0017    57542   85.94%
    427   407      278.8123   128     1550.0000      218.0017    66647   85.94%
*   464+  294                         1330.0000      311.7341    76605   76.56%
*   464+  196                         1230.0000      570.2600    93944   53.64%
*   464+  130                         1220.0000      570.2600    93944   53.26%
    464   131      571.0000   165     1220.0000      571.0000    93944   53.20%
    468   132      577.0000   209     1220.0000      571.0000    96991   53.20%
    474   134      582.0000   186     1220.0000      571.0000    99580   53.20%
    482   135      585.0350   186     1220.0000      571.0000   102312   53.20%
    489   136      589.5255   171     1220.0000      571.0000   104549   53.20%
    496   138      590.0000   169     1220.0000      571.0000   107017   53.20%
    514   142      599.5206   161     1220.0000      571.0000   112717   53.20%
    524   144      604.0000   155     1220.0000      571.0000   117498   53.20%
Elapsed time = 19.25 sec. (25913.52 ticks, tree = 0.42 MB, solutions = 5)
    544   151      741.0000   115     1220.0000      571.0000   121605   53.20%
    581   162     1060.0000    81     1220.0000      571.0000   128496   53.20%
    620   175     1063.0603    46     1220.0000      571.0000   137052   53.20%
    660   188     1063.3520    29     1220.0000      571.0000   152208   53.20%
    694   196     1061.0000    41     1220.0000      571.0000   171020   53.20%
    738   217     1064.3285    35     1220.0000      571.0000   198663   53.20%
    795   251     1212.0000    26     1220.0000      571.0000   228103   53.20%
    817   263      575.7590   183     1220.0000      572.8259   239407   53.05%
    832   278      590.6688   161     1220.0000      572.8259   244699   53.05%
    860   303      603.6893   122     1220.0000      572.8259   253847   53.05%
Elapsed time = 26.69 sec. (36277.27 ticks, tree = 0.64 MB, solutions = 5)
    880   319      618.1622   142     1220.0000      572.8259   261503   53.05%
    901   338      635.9966   110     1220.0000      572.8259   270823   53.05%
    930   362      831.4570    68     1220.0000      572.8259   275603   53.05%
    954   380      852.5999    65     1220.0000      572.8259   286745   53.05%
    982   396      904.0000    60     1220.0000      572.8259   301295   53.05%
   1009   417     1076.8239    44     1220.0000      572.8259   312365   53.05%
   1080   475     1096.4390    26     1220.0000      572.8259   323153   53.05%
   1143   519      584.9972   154     1220.0000      573.0000   335838   53.03%
   1173   549      616.4988   143     1220.0000      573.0000   339572   53.03%
   1213   588      708.4803    99     1220.0000      573.0000   346622   53.03%
Elapsed time = 33.99 sec. (46486.12 ticks, tree = 6.42 MB, solutions = 5)
   1248   616      878.4170    62     1220.0000      573.0000   352726   53.03%
   1283   648      639.8969   109     1220.0000      573.0000   360310   53.03%
   1314   679      648.5726   110     1220.0000      573.0000   367031   53.03%
   1360   721      793.8367    56     1220.0000      573.0000   375371   53.03%
   1377   735      804.0000    69     1220.0000      573.0000   383752   53.03%
   1457   803     1134.0000    27     1220.0000      573.0000   397947   53.03%
*  1464+  791                         1170.0000      573.0000   399407   51.03%
*  1464+  791                         1140.0000      573.0000   399407   49.74%
   1489   815      605.0206   159     1140.0000      573.0000   403044   49.74%
   1538   861      677.0000   118     1140.0000      573.0000   411131   49.74%
*  1564+  780                         1090.0000      573.0000   415926   47.43%
*  1564+  774                         1080.0000      573.0000   415926   46.94%
   1604   816      814.0000    92     1080.0000      573.0000   418483   46.94%
   1678   889      614.0000   150     1080.0000      573.6066   427818   46.89%
Elapsed time = 41.41 sec. (56226.29 ticks, tree = 7.30 MB, solutions = 9)
   1764   970      886.0000    63     1080.0000      573.6066   437235   46.89%
   1866  1070      573.6843   182     1080.0000      573.6843   443451   46.88%
   1935  1129      690.4813   122     1080.0000      573.6843   452513   46.88%
   2014  1206     1029.0000    91     1080.0000      573.6843   459440   46.88%
   2079  1270      587.0000   176     1080.0000      574.1478   466541   46.84%
   2101  1291      644.1933   113     1080.0000      574.1478   476642   46.84%
   2167  1353      908.0017    83     1080.0000      574.1478   487727   46.84%
   2275  1460      583.5946   164     1080.0000      574.1478   496341   46.84%
   2303  1486      663.0000   116     1080.0000      574.1478   504775   46.84%
   2325  1505      681.0000   110     1080.0000      574.1478   514141   46.84%
Elapsed time = 48.71 sec. (65965.66 ticks, tree = 8.31 MB, solutions = 9)
   2368  1540      995.0000    55     1080.0000      574.1478   527352   46.84%
   2436  1601     1008.0000    35     1080.0000      574.1478   538967   46.84%
*  2464+ 1603                         1070.0000      574.1478   544857   46.34%
   2471  1612      581.1628   156     1070.0000      574.2472   546352   46.33%
   2539  1672      677.5278   124     1070.0000      574.2472   559450   46.33%
*  2564+ 1547                         1060.0000      574.2472   564545   45.83%
   2623  1608      961.0000    58     1060.0000      574.2472   568966   45.83%
   2671  1655      577.9372   196     1060.0000      574.2516   582134   45.83%
   2742  1719      884.5977    76     1060.0000      574.2516   598415   45.83%
   2848  1824      969.0000    57     1060.0000      574.2516   609384   45.83%
   2909  1885      652.3251   125     1060.0000      574.2551   623983   45.82%
   3012  1984      977.0000    77     1060.0000      574.2551   639361   45.82%
Elapsed time = 56.24 sec. (75710.20 ticks, tree = 8.73 MB, solutions = 11)
   3110  2081      717.2926    99     1060.0000      574.2673   653061   45.82%
   3248  2216      971.0000    58     1060.0000      574.2673   665551   45.82%
   3281  2247      625.7857   129     1060.0000      574.2673   679188   45.82%
   3305  2271      825.4058    89     1060.0000      574.2673   690723   45.82%
   3330  2295      848.0936    98     1060.0000      574.2673   704333   45.82%
   3390  2345      968.2918    49     1060.0000      574.2673   719131   45.82%
   3436  2384      976.0664    28     1060.0000      574.2673   737695   45.82%
   3467  2413      577.4831   180     1060.0000      574.2979   742618   45.82%
   3513  2458      682.1564   130     1060.0000      574.2979   752215   45.82%
   3588  2533      973.0795    46     1060.0000      574.2979   765067   45.82%
Elapsed time = 63.57 sec. (85374.06 ticks, tree = 9.71 MB, solutions = 11)
   3664  2607      979.0000    39     1060.0000      574.2979   776195   45.82%
   3715  2657      653.9940   130     1060.0000      574.2979   789805   45.82%
   3823  2763      981.0000    60     1060.0000      574.2979   800059   45.82%
   3891  2828      641.0076   141     1060.0000      574.2979   816097   45.82%
   3954  2887      947.0000    62     1060.0000      574.2979   831709   45.82%
   4032  2964      957.0000    55     1060.0000      574.2979   847220   45.82%
   4101  3032      640.2156   150     1060.0000      574.4432   864947   45.81%
   4237  3167      947.0000    71     1060.0000      574.4432   879191   45.81%
   4291  3221      643.3508   128     1060.0000      574.4432   897208   45.81%
   4353  3282      941.0000    34     1060.0000      574.4432   916678   45.81%
Elapsed time = 71.16 sec. (95024.78 ticks, tree = 10.95 MB, solutions = 11)
   4449  3356    infeasible           1060.0000      574.4432   955399   45.81%
*  4464+ 3247                         1010.0000      574.5023   962644   43.12%
   4468  3253      618.5195   121     1010.0000      574.5023   963663   43.12%
   4529  3313      960.9572    46     1010.0000      574.5023   985335   43.12%
   4647  3424      973.0843    44     1010.0000      574.5023  1000271   43.12%
   4689  3466      644.7917   136     1010.0000      574.5023  1011707   43.12%
   4785  3560      974.0000    38     1010.0000      574.5023  1027161   43.12%
   4877  3649      634.6706   122     1010.0000      574.5229  1044995   43.12%
   4952  3724      977.0000    74     1010.0000      574.5229  1058396   43.12%
   5077  3846      591.0229   181     1010.0000      574.5561  1070493   43.11%
   5315  4077      893.1354    92     1010.0000      574.5574  1126665   43.11%
Elapsed time = 80.93 sec. (107612.82 ticks, tree = 11.78 MB, solutions = 12)
   5506  4255      692.5418   118     1010.0000      574.5574  1187539   43.11%
   5889  4631      629.2690   141     1010.0000      574.6102  1255924   43.11%
   6288  5022      819.8787   103     1010.0000      574.9495  1331095   43.07%
   6468  5185      707.5616   120     1010.0000      575.3059  1398570   43.04%
   7050  5765      993.0000    58     1010.0000      575.6393  1481181   43.01%
   7334  6048      976.0000    60     1010.0000      575.7530  1542240   42.99%
   7671  6367      587.6794   161     1010.0000      575.7595  1603604   42.99%
   7871  6552      661.9131   147     1010.0000      575.8292  1668263   42.99%
   8232  6908      977.0959    58     1010.0000      575.8490  1720885   42.99%
*  8464+ 7036                         1000.0000      575.8490  1780269   42.42%
   8491  7065      674.5812   157     1000.0000      575.8602  1790691   42.41%
Elapsed time = 111.25 sec. (146020.79 ticks, tree = 16.83 MB, solutions = 13)
   8908  7472      706.9624   106     1000.0000      575.9521  1849136   42.40%
   9326  7884      932.8034    68     1000.0000      576.0044  1927739   42.40%
   9686  8219      649.1515   135     1000.0000      576.0225  1999734   42.40%
*  9744+ 7163                          980.0000      576.0225  2007973   41.22%
   9744  7165      974.0000    93      980.0000      576.0225  2007973   41.22%
  10057  7471      977.0000    52      980.0000      576.0639  2075549   41.22%
  10521  7919      963.0000    58      980.0000      576.1551  2156405   41.21%
  10927  8301      921.6777    85      980.0000      576.1566  2236939   41.21%
  11182  8504      928.0000    74      980.0000      576.1982  2317446   41.20%
  11464  8754      978.0000    61      980.0000      576.2129  2388518   41.20%
  11866  9138      965.0000    68      980.0000      576.3017  2455488   41.19%
Elapsed time = 154.23 sec. (197076.76 ticks, tree = 20.35 MB, solutions = 14)
  12214  9469    infeasible            980.0000      576.3022  2550025   41.19%
* 12464+ 7077                          970.0000      576.3090  2604297   40.59%
  12510  7125      965.0000    71      970.0000      576.3090  2613945   40.59%
  12997  7590      962.1085    39      970.0000      576.3137  2696859   40.59%
  13358  7918      732.2778   120      970.0000      576.3572  2808164   40.58%
  13832  8371      754.4070   114      970.0000      576.7638  2890798   40.54%
  14193  8702      969.0000    48      970.0000      576.7660  2979222   40.54%
  14669  9157    infeasible            970.0000      576.9045  3049107   40.53%
  15012  9485      934.0000    75      970.0000      577.0000  3121034   40.52%
  15312  9753      635.1496   168      970.0000      577.0000  3188157   40.52%
  15459  9885      726.6233   122      970.0000      577.0000  3239137   40.52%
Elapsed time = 184.92 sec. (235358.09 ticks, tree = 21.47 MB, solutions = 15)
  15629 10024      683.1351   106      970.0000      577.2358  3294040   40.49%
  16189 10569      795.0611    88      970.0000      577.2501  3381629   40.49%
  16464 10822      599.7360   159      970.0000      577.2501  3479402   40.49%
  16994 11328      946.4879    99      970.0000      577.2501  3582253   40.49%
  17436 11733      599.7655   174      970.0000      577.2501  3674323   40.49%
  18030 12298      633.7693   121      970.0000      577.3303  3768744   40.48%
  18537 12762      577.4642   165      970.0000      577.4529  3866377   40.47%
  19025 13238      947.0672    43      970.0000      577.4529  3940930   40.47%
  19424 13606      947.1736   106      970.0000      577.4598  4016229   40.47%
  19649 13799      809.0145   100      970.0000      577.4598  4084038   40.47%
Elapsed time = 216.09 sec. (273735.26 ticks, tree = 28.35 MB, solutions = 15)
  20275 14389      577.6670   178      970.0000      577.4771  4164630   40.47%
  20719 14817      944.0000    32      970.0000      577.4771  4230368   40.47%
  21010 15076      926.8904    88      970.0000      577.5055  4317280   40.46%
  21575 15613      943.0000    49      970.0000      577.5545  4409351   40.46%
  22065 16080      819.2593   113      970.0000      577.6414  4494115   40.45%
  22347 16329      935.0000    64      970.0000      577.6539  4602429   40.45%
  22875 16837      823.1128    88      970.0000      577.6790  4685663   40.45%
  23331 17288      946.2697    58      970.0000      577.7426  4782166   40.44%
  23861 17794      950.1752    69      970.0000      577.7915  4880048   40.43%
  24123 18047      694.1624   100      970.0000      577.9233  4956827   40.42%
Elapsed time = 247.09 sec. (312135.58 ticks, tree = 36.30 MB, solutions = 15)
  24395 18288      944.9477    74      970.0000      577.9372  5038183   40.42%
  24827 18695      609.2054   148      970.0000      577.9372  5105524   40.42%
  25217 19065      942.0000    80      970.0000      577.9612  5177470   40.42%
  25614 19429      955.0000    42      970.0000      577.9691  5259598   40.42%
  26086 19896      689.8737   105      970.0000      578.0180  5336412   40.41%
  26464 20249      697.5227   126      970.0000      578.0478  5423950   40.41%
  27066 20846      643.4110   126      970.0000      578.1111  5509765   40.40%
  27470 21224      653.2857   133      970.0000      578.2173  5605427   40.39%
  27985 21737      963.0000    54      970.0000      578.2705  5689633   40.38%
  28419 22154      952.4883    40      970.0000      578.3535  5776308   40.38%
Elapsed time = 278.31 sec. (350917.11 ticks, tree = 43.54 MB, solutions = 15)
  28858 22577      935.0000    58      970.0000      578.3737  5868251   40.37%
  29139 22849      723.6252   111      970.0000      578.4061  5943647   40.37%
  29418 23098      843.2207    99      970.0000      578.4510  6015996   40.37%
  29715 23378      958.2186    35      970.0000      578.5433  6088404   40.36%
  30075 23712      722.6668   105      970.0000      578.8768  6163977   40.32%
  30260 23861      944.8306    85      970.0000      578.9546  6232140   40.31%
  30742 24322      949.0000    41      970.0000      578.9594  6297450   40.31%
  31150 24699      686.6393   105      970.0000      579.0514  6371728   40.30%
  31484 25016      946.0000    84      970.0000      579.2245  6431494   40.29%
  31987 25499      964.8799    26      970.0000      579.2282  6507058   40.29%
Elapsed time = 309.02 sec. (389205.43 ticks, tree = 49.29 MB, solutions = 15)
  32210 25698      666.9649   118      970.0000      579.2467  6585061   40.28%
  32619 26096      942.0000    52      970.0000      579.2481  6657141   40.28%
  33310 26758      939.0000    43      970.0000      579.2526  6743611   40.28%
  33608 27034      946.0000    50      970.0000      579.2526  6818808   40.28%
  34162 27564      935.0000    58      970.0000      579.2584  6915374   40.28%
  34685 28068      925.5187    84      970.0000      579.2631  6997410   40.28%
  35073 28438      946.4287    43      970.0000      579.2678  7073536   40.28%
  35554 28898      930.9512    60      970.0000      579.2811  7165050   40.28%
  36064 29381      946.0000    95      970.0000      579.3224  7258911   40.28%
  36450 29751      934.0087    35      970.0000      579.3267  7355523   40.28%
Elapsed time = 340.62 sec. (427874.67 ticks, tree = 57.06 MB, solutions = 15)
  36810 30105      959.0000    48      970.0000      579.3608  7424756   40.27%
  37264 30555      932.0000    33      970.0000      579.4096  7495743   40.27%
  37466 30755      579.6100   172      970.0000      579.4445  7558628   40.26%
  37899 31187      924.8857   101      970.0000      579.4779  7625669   40.26%
  38286 31566      942.8961    90      970.0000      579.4847  7699771   40.26%
  38609 31869      948.0000    72      970.0000      579.4896  7768256   40.26%
  39066 32323      672.8499   109      970.0000      579.5485  7833207   40.25%
  39371 32617      943.1057    51      970.0000      579.5793  7909890   40.25%
  39754 32987      951.0000    55      970.0000      579.6100  7994837   40.25%
  40207 33435    infeasible            970.0000      579.6233  8081032   40.25%
Elapsed time = 371.54 sec. (466390.51 ticks, tree = 64.49 MB, solutions = 15)
  40608 33810      948.6126    22      970.0000      579.7325  8171265   40.23%
  41088 34277      703.8738   117      970.0000      579.8472  8262965   40.22%
  41462 34637      948.0000    32      970.0000      579.8618  8362625   40.22%
  41842 35007      942.7685    54      970.0000      579.8867  8436550   40.22%
  42294 35443      932.5350    95      970.0000      579.9607  8529195   40.21%
  42666 35794      655.4276   120      970.0000      579.9727  8604727   40.21%
  43222 36345      950.4498    42      970.0000      579.9968  8697549   40.21%
  43452 36534      956.0000    51      970.0000      580.0488  8769967   40.20%
  43917 36976      937.0000    44      970.0000      580.0708  8846217   40.20%
  44213 37253      954.4290    36      970.0000      580.0763  8922656   40.20%
Elapsed time = 402.73 sec. (504868.20 ticks, tree = 71.14 MB, solutions = 15)
  44464 37472      956.0000    61      970.0000      580.0850  8999340   40.20%
  44849 37834      732.6305    89      970.0000      580.1090  9066483   40.19%
  45013 37970      621.7454   127      970.0000      580.1640  9137096   40.19%
  45441 38383      938.0000    56      970.0000      580.1640  9212036   40.19%
  45839 38729      588.2241   180      970.0000      580.1742  9305624   40.19%
  46079 38949      926.7681    76      970.0000      580.2085  9384544   40.18%
  46313 39156      658.9061   116      970.0000      580.2142  9474169   40.18%
  46943 39763    infeasible            970.0000      580.2171  9558005   40.18%
  47184 39976        cutoff            970.0000      580.2279  9635238   40.18%
  47531 40300      627.4490   121      970.0000      580.2374  9703702   40.18%
Elapsed time = 433.48 sec. (543130.09 ticks, tree = 76.59 MB, solutions = 15)
  48073 40828      957.0000    43      970.0000      580.2399  9791308   40.18%
  48456 41189      951.0000    45      970.0000      580.2895  9892519   40.18%
  48937 41648      958.1248    30      970.0000      580.3587  9989928   40.17%
  49261 41943      940.4362    50      970.0000      580.4457 10081849   40.16%
  49836 42493      696.8085    93      970.0000      580.5764 10164851   40.15%
  50464 43108      958.0000    45      970.0000      580.6082 10256860   40.14%
  50804 43429      723.2433    80      970.0000      580.7527 10332304   40.13%
  51301 43916      943.0000    44      970.0000      580.7548 10401473   40.13%
  51634 44229      948.6235    50      970.0000      580.7701 10476890   40.13%
  51853 44424      958.0000   107      970.0000      580.7701 10553927   40.13%
Elapsed time = 465.03 sec. (581659.28 ticks, tree = 83.71 MB, solutions = 15)
  52333 44884      960.0000    43      970.0000      580.8980 10630071   40.11%
  52637 45170      931.0000    47      970.0000      580.9448 10701474   40.11%
  53006 45508      686.2842   120      970.0000      580.9520 10787619   40.11%
  53517 46006      935.0000    37      970.0000      580.9552 10859904   40.11%
  53920 46393      846.8643    77      970.0000      580.9684 10940951   40.11%
  54172 46617      770.0427    83      970.0000      580.9684 11035728   40.11%
  54808 47239      951.0000    70      970.0000      581.0266 11122984   40.10%
  55153 47567      958.9535    56      970.0000      581.0757 11201881   40.10%
  55587 47970      958.1267    25      970.0000      581.0757 11285053   40.10%
  56044 48412      659.6178   119      970.0000      581.0819 11361747   40.09%
Elapsed time = 496.17 sec. (619973.37 ticks, tree = 90.90 MB, solutions = 15)
  56344 48711      946.0000    57      970.0000      581.0819 11428083   40.09%
  56679 49036      621.6618   143      970.0000      581.1065 11515394   40.09%
  57078 49432      696.5919   120      970.0000      581.1328 11591777   40.09%
  57358 49684      939.0000    63      970.0000      581.1581 11675937   40.09%
  57950 50265      927.0000    44      970.0000      581.1593 11760485   40.09%
  58298 50609      933.6680    97      970.0000      581.1628 11820310   40.09%
  58640 50929      955.0000    37      970.0000      581.1642 11891581   40.09%
  59094 51374      865.5658    93      970.0000      581.1809 11965153   40.08%
  59357 51627      937.0000    58      970.0000      581.1828 12025034   40.08%
  59497 51757      935.2623    84      970.0000      581.1833 12093049   40.08%
Elapsed time = 526.96 sec. (658246.14 ticks, tree = 97.18 MB, solutions = 15)
  59914 52170      933.0000    50      970.0000      581.1889 12158704   40.08%
  60287 52536      676.6552   142      970.0000      581.1923 12227961   40.08%
  60560 52797      929.0000    39      970.0000      581.1984 12298521   40.08%
  61014 53234      969.0000    33      970.0000      581.2293 12374201   40.08%
  61266 53471      709.7559    88      970.0000      581.2553 12412259   40.08%
  61433 53621      945.0000    47      970.0000      581.2604 12470343   40.08%
* 61464+44229                          960.0000      581.2604 12472696   39.45%
  61674 44431      678.9936   125      960.0000      581.2608 12506852   39.45%
  61864 44618      937.0000    45      960.0000      581.2608 12534558   39.45%
  62096 44849      922.8739    84      960.0000      581.2762 12590969   39.45%
  62283 45032      680.6008   104      960.0000      581.3310 12626660   39.44%
Elapsed time = 559.16 sec. (697474.33 ticks, tree = 84.93 MB, solutions = 16)
  62638 45373      712.4102   128      960.0000      581.3500 12688500   39.44%
  62964 45697      952.0000    58      960.0000      581.3599 12741379   39.44%
  63223 45948      945.7220    51      960.0000      581.3639 12782069   39.44%
  63454 46171      948.0000    25      960.0000      581.3728 12847037   39.44%
  63719 46434      952.4508    69      960.0000      581.3915 12906630   39.44%
  63964 46674      937.0000    48      960.0000      581.4056 12944849   39.44%
  64253 46955      659.6985   116      960.0000      581.4319 12997646   39.43%
  64364 47060      936.5267    30      960.0000      581.4319 13040536   39.43%
  64564 47252      941.0000    56      960.0000      581.4322 13112492   39.43%
  64796 47470      654.0202   114      960.0000      581.5035 13164342   39.43%
Elapsed time = 593.38 sec. (737915.94 ticks, tree = 89.30 MB, solutions = 16)
  65121 47784      932.0000    68      960.0000      581.5052 13244084   39.43%
  65389 48038      953.0000    41      960.0000      581.5052 13287532   39.43%

GUB cover cuts applied:  3
Clique cuts applied:  4
Cover cuts applied:  2
Implied bound cuts applied:  69
Flow cuts applied:  207
Mixed integer rounding cuts applied:  114
Zero-half cuts applied:  3
Lift and project cuts applied:  12
Gomory fractional cuts applied:  1

Root node processing (before b&c):
  Real time             =    1.54 sec. (2142.68 ticks)
Sequential b&c:
  Real time             =  598.46 sec. (743870.99 ticks)
                          ------------
Total (root+branch&cut) =  600.00 sec. (746013.67 ticks)
