Tried aggregator 2 times.
MIP Presolve eliminated 2005 rows and 527 columns.
MIP Presolve modified 353 coefficients.
Aggregator did 46 substitutions.
Reduced MIP has 2052 rows, 3555 columns, and 13232 nonzeros.
Reduced MIP has 1913 binaries, 2 generals, 0 SOSs, and 0 indicators.
Presolve time = 0.02 sec. (14.99 ticks)
Found incumbent of value 5300.000000 after 0.04 sec. (38.21 ticks)
Probing time = 0.00 sec. (3.58 ticks)
Tried aggregator 1 time.
Reduced MIP has 2052 rows, 3555 columns, and 13232 nonzeros.
Reduced MIP has 1913 binaries, 15 generals, 0 SOSs, and 0 indicators.
Presolve time = 0.01 sec. (6.96 ticks)
Probing time = 0.01 sec. (3.90 ticks)
Clique table members: 7340.
MIP emphasis: balance optimality and feasibility.
MIP search method: dynamic search.
Parallel mode: none, using 1 thread.
Root relaxation solution time = 0.08 sec. (123.48 ticks)

        Nodes                                         Cuts/
   Node  Left     Objective  IInf  Best Integer    Best Bound    ItCnt     Gap

*     0+    0                         5300.0000        0.0000     1435  100.00%
      0     0       84.5315   231     5300.0000       84.5315     1435   98.41%
      0     0       86.8427   230     5300.0000      Cuts: 46     2634   98.36%
      0     0      144.9905   248     5300.0000     Cuts: 162     3631   97.26%
      0     0      163.2426   226     5300.0000     Cuts: 124     4289   96.92%
      0     0      163.5806   230     5300.0000      Cuts: 77     4804   96.91%
      0     0      163.6868   218     5300.0000      Cuts: 59     5225   96.91%
      0     0      163.8120   210     5300.0000      Cuts: 65     5479   96.91%
      0     0      163.8356   196     5300.0000      Cuts: 54     5893   96.91%
      0     0      163.8453   201     5300.0000      Cuts: 51     6103   96.91%
      0     0      163.8547   182     5300.0000      Cuts: 21     6337   96.91%
      0     0      163.8582   201     5300.0000      Cuts: 38     6638   96.91%
*     0+    0                         5299.0000      163.8582     6638   96.91%
      0     2      163.8582   173     5299.0000      163.8604     6638   96.91%
Elapsed time = 1.78 sec. (2400.64 ticks, tree = 0.00 MB, solutions = 2)
     10    12      168.0506   161     5299.0000      165.9562     7102   96.87%
     33    35      177.6610   144     5299.0000      165.9562     8747   96.87%
     47    49      192.9435   129     5299.0000      165.9562    11735   96.87%
     58    60      810.0000    92     5299.0000      165.9562    16521   96.87%
*    60+   60                         1080.0000      165.9562    16634   84.63%
*    70+   70                         1070.0000      165.9562    18609   84.49%
     72    74      215.0925   108     1070.0000      165.9562    18787   84.49%
     78    80      440.0000    94     1070.0000      165.9562    22792   84.49%
     95    97      855.6204    40     1070.0000      165.9562    26475   84.49%
    101   103      231.9729   105     1070.0000      165.9562    28329   84.49%
    114   116      340.0000    98     1070.0000      165.9562    35206   84.49%
    270   259      176.2208   135     1070.0000      165.9562    57236   84.49%
Elapsed time = 4.86 sec. (6619.33 ticks, tree = 1.28 MB, solutions = 4)
    388   367      198.3950   114     1070.0000      165.9562    67168   84.49%
    456   425      208.8975   118     1070.0000      165.9562    79106   84.49%
    474   443      214.9949   115     1070.0000      165.9562    88862   84.49%
*   496+  309                          970.0000      232.5877   100453   76.02%
*   496+  205                          850.0000      232.5877   100453   72.64%
    496   206      439.0000   165      850.0000      439.0000   116061   48.35%
    501   206      444.0000   221      850.0000      440.0000   121025   48.24%
    506   206      448.6925   212      850.0000      440.0000   124273   48.24%
    514   206      449.3535   175      850.0000      440.0000   127593   48.24%
    523   206      454.1098   158      850.0000      440.0000   131267   48.24%
    528   207      456.7941   139      850.0000      440.0000   132961   48.24%
    556   204      476.0000   108      850.0000      440.0000   139588   48.24%
Elapsed time = 19.16 sec. (25214.15 ticks, tree = 2.47 MB, solutions = 6)
    604   209      537.0000    84      850.0000      440.0000   152591   48.24%
    656   230      760.0000    53      850.0000      440.0000   163748   48.24%
    736   263      771.0000    20      850.0000      440.0000   184572   48.24%
*   747+  231                          800.0000      440.0000   188573   45.00%
    757   238      478.4332   112      800.0000      440.0000   196509   45.00%
    767   241      521.7631   111      800.0000      440.0000   206017   45.00%
    776   243      495.0000   137      800.0000      440.0000   210779   45.00%
    789   244      539.2524   116      800.0000      440.0000   223232   45.00%
    798   244      510.4239   126      800.0000      440.0000   231968   45.00%
    823   247      556.2371   106      800.0000      440.0000   244415   45.00%
    860   256      623.0000    60      800.0000      440.0000   258130   45.00%
Elapsed time = 26.99 sec. (35614.77 ticks, tree = 0.54 MB, solutions = 7)
    993   353      769.0000    36      800.0000      440.0000   273698   45.00%
   1061   393      454.5152   160      800.0000      440.5357   291892   44.93%
   1099   428      443.1900   187      800.0000      440.5357   310994   44.93%
   1130   452      577.9221   105      800.0000      440.5357   323403   44.93%
   1201   517      738.0000    66      800.0000      440.5357   329904   44.93%
   1296   606      755.0000    32      800.0000      440.5357   337774   44.93%
   1330   635      515.3424   150      800.0000      440.5374   353064   44.93%
   1357   649      728.8153   106      800.0000      440.5374   367201   44.93%
   1384   661      477.9220   113      800.0000      440.5374   381609   44.93%
   1404   681      618.6855    87      800.0000      440.5374   397930   44.93%
Elapsed time = 34.37 sec. (45473.38 ticks, tree = 1.29 MB, solutions = 7)
   1451   720      715.0000    44      800.0000      440.5374   409343   44.93%
   1519   786      718.0000    41      800.0000      440.5374   416773   44.93%
   1613   871      763.0000    32      800.0000      440.5374   431568   44.93%
   1655   901      711.5729    74      800.0000      440.5787   453375   44.93%
   1770  1004      731.0000    41      800.0000      440.5787   467103   44.93%
   1825  1045      497.1450   136      800.0000      441.8236   485007   44.77%
   1874  1084      760.0000    40      800.0000      441.8236   495263   44.77%
   2047  1250      787.0000    19      800.0000      441.8236   505818   44.77%
   2096  1281      535.7776   151      800.0000      441.8240   522703   44.77%
   2159  1326      795.0000    69      800.0000      441.8240   536778   44.77%
Elapsed time = 41.77 sec. (55117.35 ticks, tree = 2.57 MB, solutions = 7)
   2198  1361      489.7112   133      800.0000      441.8240   550969   44.77%
   2219  1382      590.5632   121      800.0000      441.8240   563326   44.77%
   2295  1450      724.6614    49      800.0000      441.8240   578504   44.77%
   2411  1536      786.9221     9      800.0000      441.8240   603993   44.77%
   2430  1551      503.0669   125      800.0000      441.8428   617813   44.77%
   2453  1569      763.4237    89      800.0000      441.8428   629812   44.77%
   2530  1640      781.0000    44      800.0000      441.8428   636008   44.77%
   2699  1796      444.6657   187      800.0000      443.0000   656553   44.62%
   2721  1816      554.5216   125      800.0000      443.0000   670791   44.62%
   2818  1899      782.2852    45      800.0000      443.0000   686755   44.62%
Elapsed time = 49.38 sec. (64830.14 ticks, tree = 3.66 MB, solutions = 7)
   2896  1971      461.6860   180      800.0000      443.1900   697737   44.60%
   2920  1995      657.0187   109      800.0000      443.1900   709784   44.60%
   2959  2003      453.5484   199      800.0000      443.1962   725340   44.60%
   2998  2035      477.7944   122      800.0000      443.1962   745592   44.60%
   3031  2068      701.0540    82      800.0000      443.1962   770167   44.60%
   3159  2192      709.0000    21      800.0000      443.1962   797410   44.60%
   3193  2210      478.7263   129      800.0000      443.2522   818467   44.59%
   3220  2231      579.0000   105      800.0000      443.2522   832426   44.59%
   3296  2303      732.5780    58      800.0000      443.2522   843945   44.59%
   3423  2407    infeasible            800.0000      443.2522   867626   44.59%
Elapsed time = 57.53 sec. (75131.39 ticks, tree = 4.64 MB, solutions = 7)
   3456  2420      488.7223   129      800.0000      443.2571   889546   44.59%
   3475  2439      644.1414   113      800.0000      443.2571   898829   44.59%
   3579  2536      771.0000    42      800.0000      443.2571   911839   44.59%
   3715  2654      601.2925    84      800.0000      443.5461   934314   44.56%
   3758  2691      709.0000    31      800.0000      443.5461   951232   44.56%
   3876  2797      448.7342   208      800.0000      444.0000   968075   44.50%
   3905  2826      607.2011   123      800.0000      444.0000   976306   44.50%
   3924  2839      465.3241   185      800.0000      444.6424   987967   44.42%
   3948  2863      666.8035    96      800.0000      444.6424  1001520   44.42%
   3973  2883      463.5425   203      800.0000      444.6551  1017241   44.42%
Elapsed time = 64.95 sec. (84860.32 ticks, tree = 5.49 MB, solutions = 7)
   4037  2943      720.0000    49      800.0000      444.6551  1031029   44.42%
   4170  3055      500.1698   143      800.0000      444.6583  1058517   44.42%
   4275  3158      794.0000    31      800.0000      444.6583  1080767   44.42%
   4383  3255      516.9002   132      800.0000      444.6657  1103895   44.42%
*  4496+ 3059                          790.0000      444.6657  1118155   43.71%
   4496  3061      721.0000    43      790.0000      444.6657  1118155   43.71%
   4647  3202      499.1541   139      790.0000      444.7049  1144582   43.71%
   4702  3254      717.0000    46      790.0000      444.7049  1165117   43.71%
   4865  3400      486.1378   138      790.0000      446.2040  1191994   43.52%
   4906  3437      717.0000    66      790.0000      446.2040  1201119   43.52%
   4991  3511      732.1967    33      790.0000      446.2040  1223326   43.52%
Elapsed time = 72.82 sec. (94548.83 ticks, tree = 6.65 MB, solutions = 8)
   5122  3619      478.4903   115      790.0000      446.2040  1257273   43.52%
   5181  3678      784.0000    56      790.0000      446.2040  1273574   43.52%
   5296  3781      519.1755   140      790.0000      446.2094  1288832   43.52%
   5330  3804      481.2872   122      790.0000      446.2207  1307479   43.52%
   5359  3833      592.1395   126      790.0000      446.2207  1323926   43.52%
*  5496+ 3189                          770.0000      446.2207  1338674   42.05%
   5496  3191      757.0000    44      770.0000      446.2207  1338674   42.05%
   5580  3257      494.9519   128      770.0000      446.2425  1362279   42.05%
   5609  3286      649.8931   113      770.0000      446.2425  1378235   42.05%
   5642  3313      603.3715    92      770.0000      446.8677  1392914   41.97%
   5876  3520      764.0000    84      770.0000      447.0000  1467304   41.95%
Elapsed time = 83.20 sec. (107791.77 ticks, tree = 6.72 MB, solutions = 9)
   6068  3686      449.2160   217      770.0000      447.8411  1513285   41.84%
   6214  3820      711.5258    62      770.0000      447.8411  1562866   41.84%
*  6496+ 3389                          750.0000      447.8492  1599591   40.29%
*  6496+ 3240                          740.0000      447.8492  1599591   39.48%
   6507  3250      488.7981   119      740.0000      447.8492  1600680   39.48%
   6805  3531      725.0000    45      740.0000      447.8696  1630611   39.48%
   7156  3844      739.0000    28      740.0000      447.8817  1662006   39.48%
   7480  4141      720.8185    59      740.0000      447.9059  1690525   39.47%
   7876  4501      632.3492    80      740.0000      448.7342  1722233   39.36%
   8096  4679      737.0000    50      740.0000      449.6212  1741919   39.24%
   8464  5010      734.4110    38      740.0000      449.6212  1781802   39.24%
   8775  5290      479.6898   132      740.0000      449.6456  1812027   39.24%
Elapsed time = 112.99 sec. (146350.05 ticks, tree = 43.17 MB, solutions = 11)
   9224  5709      700.3431    71      740.0000      449.6456  1841495   39.24%
   9524  5970      717.0000    69      740.0000      449.7502  1871621   39.22%
   9818  6220      578.9258   104      740.0000      450.0000  1901395   39.19%
  10061  6423      509.0187   133      740.0000      450.7538  1923100   39.09%
  10307  6625      483.9178   129      740.0000      451.2202  1947230   39.02%
  10416  6723      480.5394   154      740.0000      451.2409  1958617   39.02%
  10699  6985      454.3377   169      740.0000      451.5685  1986035   38.98%
  11117  7365      729.0000    47      740.0000      451.7555  2016497   38.95%
  11385  7592      534.9444   107      740.0000      452.0000  2043644   38.92%
  11622  7781      651.7655    81      740.0000      452.7290  2065301   38.82%
Elapsed time = 151.72 sec. (195104.71 ticks, tree = 97.93 MB, solutions = 11)
  11959  8056      453.0000   178      740.0000      453.0000  2088023   38.78%
  12153  8228      731.0000    34      740.0000      453.0630  2117737   38.78%
  12441  8471      460.4565   143      740.0000      453.4024  2149997   38.73%
  12638  8622      483.4392   158      740.0000      453.5828  2170632   38.71%
  12890  8836      702.6104    79      740.0000      453.5828  2202389   38.71%
  13209  9113      454.3818   161      740.0000      454.3818  2229491   38.60%
  13504  9367      662.8232    80      740.0000      454.5765  2253651   38.57%
  13696  9519      714.6077    84      740.0000      454.7229  2277530   38.55%
  14003  9780      732.5173    45      740.0000      455.0000  2302977   38.51%
  14218  9966      595.0120   123      740.0000      455.1553  2328979   38.49%
Elapsed time = 180.45 sec. (233533.59 ticks, tree = 140.67 MB, solutions = 11)
  14451 10157        cutoff            740.0000      455.5167  2353390   38.44%
  14645 10316      455.7564   174      740.0000      455.7564  2387395   38.41%
  14838 10487      732.2926    29      740.0000      455.7889  2414993   38.41%
  15046 10643      457.5169   160      740.0000      456.0000  2442810   38.38%
  15329 10874      717.5799    71      740.0000      456.4194  2468337   38.32%
  15556 11067      725.0000    24      740.0000      456.5903  2494522   38.30%
  15799 11267      586.5000    80      740.0000      456.8604  2522539   38.26%
  16090 11532      632.3492    95      740.0000      457.2039  2547723   38.22%
  16302 11710      667.7199    83      740.0000      457.4939  2570727   38.18%
  16499 11870      468.3143   139      740.0000      457.9121  2586550   38.12%
Elapsed time = 209.32 sec. (271947.15 ticks, tree = 178.97 MB, solutions = 11)
  16713 12045      738.2000    42      740.0000      458.1440  2609197   38.09%
  16905 12199      701.4780    95      740.0000      458.1875  2635496   38.08%
  17129 12384      584.9607    98      740.0000      458.4436  2661861   38.05%
  17319 12526      458.7409   166      740.0000      458.7326  2681795   38.01%
  17515 12678      636.2331    92      740.0000      458.8100  2699734   38.00%
  17649 12795      738.0279    30      740.0000      458.8860  2725383   37.99%
  17856 12960      465.5635   191      740.0000      459.3812  2749122   37.92%
  18133 13176      460.0000   139      740.0000      459.9599  2772165   37.84%
  18313 13323      469.1091   177      740.0000      460.1551  2799579   37.82%
  18536 13503      738.1010    25      740.0000      460.4712  2822241   37.77%
Elapsed time = 238.24 sec. (310563.94 ticks, tree = 213.98 MB, solutions = 11)
  18773 13696      716.7927    78      740.0000      460.7404  2849810   37.74%
  19073 13949      714.0890    81      740.0000      461.0265  2872471   37.70%
  19325 14146      586.5000    63      740.0000      461.2283  2894159   37.67%
  19534 14320      732.0121    46      740.0000      461.4849  2919382   37.64%
  19788 14529      614.9734    94      740.0000      461.9395  2945063   37.58%
  20008 14701      576.8906    92      740.0000      462.1072  2968728   37.55%
  20228 14876    infeasible            740.0000      462.5730  2995769   37.49%
  20438 15057      491.6786   135      740.0000      462.7579  3024728   37.47%
  20731 15292      467.8808   149      740.0000      463.1240  3047392   37.42%
  20979 15478      473.5724   163      740.0000      463.3118  3070569   37.39%
Elapsed time = 267.19 sec. (349160.02 ticks, tree = 253.25 MB, solutions = 11)
  21194 15644      558.7798   103      740.0000      463.5236  3099036   37.36%
  21386 15808      641.0497   112      740.0000      463.5604  3123716   37.36%
  21619 15989      624.4506   105      740.0000      463.7882  3147773   37.33%
  21857 16176      508.5847   123      740.0000      464.5041  3172244   37.23%
  22135 16389      581.8912    93      740.0000      464.7399  3196818   37.20%
  22304 16520      580.4269    98      740.0000      464.9836  3224412   37.16%
  22551 16721      661.4668   101      740.0000      465.4134  3247603   37.11%
  22876 16968      594.9047   122      740.0000      465.5410  3272120   37.09%
  23148 17188      731.0000    52      740.0000      465.8202  3294599   37.05%
  23401 17416      730.3949    18      740.0000      465.8785  3318823   37.04%
Elapsed time = 296.26 sec. (387556.51 ticks, tree = 286.95 MB, solutions = 11)
  23649 17622      733.0000    26      740.0000      466.1650  3341925   37.00%
  23823 17762      719.1822    79      740.0000      466.2139  3369132   37.00%
  24043 17943      731.8353    94      740.0000      466.3123  3392492   36.98%
  24291 18142      704.4103    58      740.0000      466.6641  3411405   36.94%
  24460 18283      551.4342    97      740.0000      466.7281  3442493   36.93%
  24600 18397    infeasible            740.0000      467.1465  3473751   36.87%
  24767 18534      739.0000    28      740.0000      467.3834  3497832   36.84%
  24998 18713      576.9828    80      740.0000      467.5334  3524405   36.82%
  25195 18868      657.2774    96      740.0000      467.8584  3552313   36.78%
  25390 19022        cutoff            740.0000      468.1328  3576159   36.74%
Elapsed time = 325.68 sec. (426435.55 ticks, tree = 323.27 MB, solutions = 11)
  25587 19174      608.9258   107      740.0000      468.2332  3607933   36.73%
  25926 19424    infeasible            740.0000      468.3182  3633397   36.71%
  26238 19672      583.9258    77      740.0000      468.6363  3659064   36.67%
  26497 19890      714.2891    72      740.0000      468.9102  3684989   36.63%
  26718 20063      578.9258    97      740.0000      469.1270  3709835   36.60%
  26926 20235    infeasible            740.0000      469.1837  3732289   36.60%
  27112 20381      587.4213    75      740.0000      469.4564  3757725   36.56%
  27368 20578      564.2860    98      740.0000      470.1448  3780726   36.47%
  27632 20782      551.6676   102      740.0000      470.6471  3803021   36.40%
  27795 20924      729.0000    26      740.0000      470.7894  3831654   36.38%
Elapsed time = 354.65 sec. (464913.98 ticks, tree = 364.25 MB, solutions = 11)
  28079 21156      732.7865    87      740.0000      471.0539  3861755   36.34%
  28342 21377      679.9612    85      740.0000      471.1753  3886889   36.33%
  28587 21566      581.3809   116      740.0000      471.3310  3909062   36.31%
  28912 21802      731.2425    72      740.0000      471.5666  3936006   36.27%
  29134 21983        cutoff            740.0000      471.7284  3963525   36.25%
  29378 22167      610.6377   100      740.0000      471.7813  3993540   36.25%
  29554 22304      636.2314    80      740.0000      472.0486  4015571   36.21%
  29803 22503      656.2133    91      740.0000      472.2272  4040821   36.19%
  30004 22662      578.9258   103      740.0000      472.3380  4065854   36.17%
  30249 22853      692.4844    91      740.0000      472.6004  4092865   36.14%
Elapsed time = 383.53 sec. (503295.89 ticks, tree = 402.10 MB, solutions = 11)
  30440 23000      560.7292   144      740.0000      473.5420  4117841   36.01%
  30629 23151      667.5938    88      740.0000      473.8310  4139254   35.97%
  30847 23315      601.6108    72      740.0000      474.3819  4162510   35.89%
  31030 23470      710.6495    65      740.0000      474.4173  4185243   35.89%
  31227 23627      507.5258   136      740.0000      474.4714  4209832   35.88%
  31424 23782      727.0000    33      740.0000      474.7014  4232299   35.85%
  31631 23951      638.0613    96      740.0000      474.9520  4259750   35.82%
  31877 24144      601.2925    87      740.0000      475.0347  4290814   35.81%
  32140 24360      687.4292    81      740.0000      475.0456  4317913   35.80%
  32415 24587      672.2839    86      740.0000      475.2316  4345085   35.78%
Elapsed time = 412.58 sec. (541759.23 ticks, tree = 430.00 MB, solutions = 11)
  32702 24795      579.1021   102      740.0000      475.6805  4366746   35.72%
  32952 24980      501.7086   119      740.0000      475.8241  4391105   35.70%
  33160 25151      586.5674    70      740.0000      475.9514  4420941   35.68%
  33425 25362      614.7072    85      740.0000      476.7118  4445967   35.58%
  33546 25461        cutoff            740.0000      476.7149  4472031   35.58%
  33786 25651      727.0000    41      740.0000      476.9963  4503890   35.54%
  34027 25854      652.4576    96      740.0000      477.3585  4535611   35.49%
  34302 26069      717.3500   103      740.0000      477.6944  4561432   35.45%
  34482 26207      616.9587    75      740.0000      477.8017  4588884   35.43%
  34644 26338      525.0369    98      740.0000      477.9028  4616291   35.42%
Elapsed time = 441.69 sec. (580168.50 ticks, tree = 474.28 MB, solutions = 11)
  34918 26579      737.0075    57      740.0000      477.9220  4640135   35.42%
  35117 26725      697.8716    70      740.0000      478.0000  4669715   35.41%
  35314 26882      738.0000    36      740.0000      478.0000  4695236   35.41%
  35503 27014      611.6759    88      740.0000      478.2025  4719151   35.38%
  35742 27202      584.3474   100      740.0000      478.3077  4747011   35.36%
  35882 27296      584.1409    96      740.0000      478.3873  4775368   35.35%
  36029 27397        cutoff            740.0000      478.4807  4802987   35.34%
  36180 27503        cutoff            740.0000      478.4903  4833529   35.34%
  36330 27633      702.0000    84      740.0000      478.4903  4859274   35.34%
  36498 27764      737.2482    17      740.0000      478.4903  4893513   35.34%
Elapsed time = 471.59 sec. (618634.15 ticks, tree = 507.00 MB, solutions = 11)
  36595 27843      500.8260   118      740.0000      478.4963  4918305   35.34%
  36686 27917      706.0000    62      740.0000      478.4963  4943055   35.34%
  36830 28036      737.4119   110      740.0000      478.4965  4972277   35.34%
  36954 28129      738.0120    21      740.0000      478.5151  4998838   35.34%
  37093 28230        cutoff            740.0000      478.5323  5031317   35.33%
  37228 28332      739.0000    31      740.0000      478.5561  5058692   35.33%
  37380 28441      734.0158    62      740.0000      478.6482  5085978   35.32%
  37562 28581        cutoff            740.0000      478.6561  5117785   35.32%
  37688 28675      725.0000    57      740.0000      478.7725  5142601   35.30%
  37931 28889      733.3671    71      740.0000      478.7959  5170716   35.30%
Elapsed time = 501.45 sec. (657575.45 ticks, tree = 535.62 MB, solutions = 11)
  38145 29073      736.8098    56      740.0000      478.8025  5202581   35.30%
  38336 29227      737.0000    58      740.0000      478.8559  5229772   35.29%
  38496 29347      633.7638   104      740.0000      478.8696  5265389   35.29%
  38758 29533    infeasible            740.0000      479.0000  5294108   35.27%
  38972 29726      513.8227   131      740.0000      479.0530  5317710   35.26%
  39158 29875      689.6590   109      740.0000      479.0926  5352168   35.26%
  39318 29987      704.5332    89      740.0000      479.4393  5374288   35.21%
  39570 30167      717.8455    72      740.0000      479.5876  5399712   35.19%
  39759 30311      632.9070   104      740.0000      479.7537  5425080   35.17%
  39879 30396      604.3932    90      740.0000      479.9492  5451042   35.14%
Elapsed time = 531.09 sec. (696152.75 ticks, tree = 571.15 MB, solutions = 11)
  40005 30497      710.5049    50      740.0000      480.0000  5477338   35.14%
  40171 30632      589.9207   110      740.0000      480.1403  5508646   35.12%
  40341 30755      714.5348    57      740.0000      480.3361  5532687   35.09%
  40492 30877      714.0000    22      740.0000      480.3361  5566999   35.09%
  40550 30924      512.9740   145      740.0000      480.6576  5593012   35.05%
  40685 31037      724.0000    47      740.0000      480.7457  5614539   35.03%
  40796 31114      612.9731    75      740.0000      480.7488  5636335   35.03%
  41003 31291      729.0000    61      740.0000      481.0819  5661539   34.99%
  41173 31424        cutoff            740.0000      481.2413  5691839   34.97%
  41342 31546      576.8906    98      740.0000      481.3983  5714171   34.95%
Elapsed time = 561.80 sec. (734981.00 ticks, tree = 600.68 MB, solutions = 11)
  41401 31585        cutoff            740.0000      481.4321  5720263   34.94%
  41496 31661      739.0000    65      740.0000      481.4979  5730689   34.93%
  41684 31825      586.3059   108      740.0000      481.7370  5760084   34.90%
  41796 31905      731.1653    92      740.0000      481.7925  5776487   34.89%
  41928 31996      609.6495    86      740.0000      481.8666  5794258   34.88%
  42002 32058      706.5285    41      740.0000      481.9529  5800490   34.87%
  42101 32134      729.0000    23      740.0000      481.9529  5830497   34.87%
  42196 32212      643.5648    85      740.0000      482.0000  5853158   34.86%
  42296 32288      688.2910   103      740.0000      482.0723  5867133   34.86%
  42396 32367      739.0000    36      740.0000      482.2041  5878287   34.84%
Elapsed time = 596.90 sec. (778679.79 ticks, tree = 619.56 MB, solutions = 11)

GUB cover cuts applied:  1
Clique cuts applied:  8
Cover cuts applied:  2
Implied bound cuts applied:  76
Flow cuts applied:  260
Mixed integer rounding cuts applied:  156
Zero-half cuts applied:  2
Lift and project cuts applied:  17

Root node processing (before b&c):
  Real time             =    1.74 sec. (2363.78 ticks)
Sequential b&c:
  Real time             =  598.26 sec. (780112.86 ticks)
                          ------------
Total (root+branch&cut) =  600.00 sec. (782476.64 ticks)
