Tried aggregator 2 times.
MIP Presolve eliminated 1723 rows and 139 columns.
MIP Presolve modified 646 coefficients.
Aggregator did 53 substitutions.
Reduced MIP has 1851 rows, 3355 columns, and 12247 nonzeros.
Reduced MIP has 1715 binaries, 2 generals, 0 SOSs, and 0 indicators.
Presolve time = 0.01 sec. (13.77 ticks)
Found incumbent of value 5650.000000 after 0.03 sec. (32.85 ticks)
Probing fixed 0 vars, tightened 3 bounds.
Probing time = 0.02 sec. (12.75 ticks)
Tried aggregator 2 times.
MIP Presolve eliminated 3 rows and 4 columns.
Aggregator did 1 substitutions.
Reduced MIP has 1847 rows, 3350 columns, and 12233 nonzeros.
Reduced MIP has 1711 binaries, 29 generals, 0 SOSs, and 0 indicators.
Presolve time = 0.01 sec. (9.89 ticks)
Probing time = 0.01 sec. (9.06 ticks)
Clique table members: 3507.
MIP emphasis: balance optimality and feasibility.
MIP search method: dynamic search.
Parallel mode: none, using 1 thread.
Root relaxation solution time = 0.05 sec. (78.45 ticks)

        Nodes                                         Cuts/
   Node  Left     Objective  IInf  Best Integer    Best Bound    ItCnt     Gap

*     0+    0                         5650.0000        0.0000      984  100.00%
      0     0      109.0135   169     5650.0000      109.0135      984   98.07%
      0     0      110.0000   166     5650.0000      Cuts: 51     1564   98.05%
      0     0      203.3663   176     5650.0000     Cuts: 108     2592   96.40%
      0     0      211.3591   152     5650.0000      Cuts: 60     2879   96.26%
*     0+    0                         2450.0000      211.3591     2879   91.37%
      0     0      211.3591   168     2450.0000      Cuts: 40     3091   91.37%
      0     0      212.1819   154     2450.0000      Cuts: 96     3307   91.34%
      0     0      212.1819   156     2450.0000      Cuts: 34     3455   91.34%
      0     2      212.1819   140     2450.0000      214.5904     3455   91.24%
Elapsed time = 1.39 sec. (1841.37 ticks, tree = 0.00 MB, solutions = 2)
     20    22      226.4835   122     2450.0000      214.5904     4591   91.24%
     47    49      230.9186   126     2450.0000      214.5904     5707   91.24%
     51    53      233.0651   123     2450.0000      214.5904     6809   91.24%
     65    67      233.6453   117     2450.0000      214.5904     9484   91.24%
     90    92      246.4762   107     2450.0000      214.5904    12003   91.24%
    141   141      265.4199   112     2450.0000      214.5904    14250   91.24%
    160   160      272.4489   104     2450.0000      214.5904    17487   91.24%
    183   183      320.1584    81     2450.0000      214.5904    20481   91.24%
    213   213      988.3134    40     2450.0000      214.5904    24273   91.24%
    266   264      445.7039    44     2450.0000      214.5904    34435   91.24%
Elapsed time = 3.64 sec. (5084.54 ticks, tree = 3.68 MB, solutions = 2)
*   280+  276                         2110.0000      214.5904    37346   89.83%
    336   334      553.7355    36     2110.0000      214.5904    47236   89.83%
    381   379      619.3077    41     2110.0000      214.5904    56285   89.83%
    415   413      983.4651    24     2110.0000      214.5904    72126   89.83%
*   430+  415                         1740.0000      214.5904    73706   87.67%
*   430+  415                         1630.0000      214.5904    73706   86.83%
*   430+  415                         1590.0000      214.5904    73706   86.50%
    438   425      233.5508   129     1590.0000      217.2615    77772   86.34%
    540   521      630.0000   150     1590.0000      630.0000   112985   60.38%
    544   521      634.0000   200     1590.0000      634.0000   115379   60.13%
    547   522      636.0000   188     1590.0000      634.0000   117833   60.13%
    550   524      639.5977   176     1590.0000      634.0000   122264   60.13%
    555   525      644.6765   187     1590.0000      634.0000   125750   60.13%
    560   529      644.6765   181     1590.0000      634.0000   126610   60.13%
Elapsed time = 18.97 sec. (26120.88 ticks, tree = 8.70 MB, solutions = 6)
    566   530      654.0000   182     1590.0000      634.0000   128039   60.13%
    570   532      659.7578   174     1590.0000      634.0000   130293   60.13%
    580   537      675.9686   158     1590.0000      634.0000   133456   60.13%
    596   541      731.4140   110     1590.0000      634.0000   138898   60.13%
    645   539      939.9965    56     1590.0000      634.0000   151467   60.13%
    710   537     1476.0000    52     1590.0000      634.0000   164099   60.13%
    767   521      888.8391    96     1590.0000      634.0000   180297   60.13%
    781   530      890.8358    86     1590.0000      634.0000   189395   60.13%
    826   553     1405.5000    56     1590.0000      634.0000   202718   60.13%
    871   577     1411.0464    52     1590.0000      634.0000   214711   60.13%
Elapsed time = 26.53 sec. (36393.17 ticks, tree = 5.82 MB, solutions = 6)
    918   597     1568.5927    39     1590.0000      634.0000   234251   60.13%
    984   618     1581.2600    31     1590.0000      634.0000   252703   60.13%
   1035   609      639.8870   167     1590.0000      637.3373   270519   59.92%
   1074   631      677.9972   164     1590.0000      637.3373   275685   59.92%
   1142   666      888.7639    92     1590.0000      639.5977   284087   59.77%
   1202   694     1213.3540    84     1590.0000      639.5977   294556   59.77%
   1260   728     1214.0000    88     1590.0000      639.5977   298699   59.77%
   1340   763     1534.0000    85     1590.0000      639.5977   313325   59.77%
   1389   790     1474.4071    66     1590.0000      640.4397   328575   59.72%
   1485   842     1481.0028    23     1590.0000      640.4397   343641   59.72%
Elapsed time = 34.70 sec. (46838.73 ticks, tree = 2.29 MB, solutions = 6)
   1541   869     1531.2991    11     1590.0000      640.4397   367549   59.72%
   1609   907     1222.0000    61     1590.0000      642.5904   381859   59.59%
   1681   965     1416.0000    80     1590.0000      642.5904   392015   59.59%
   1744  1022      995.6353    84     1590.0000      644.6387   400537   59.46%
   1843  1110     1452.9700    77     1590.0000      644.6387   417505   59.46%
   1942  1203      890.4653   110     1590.0000      644.6765   432938   59.45%
   1985  1244     1197.1507    87     1590.0000      644.6765   446431   59.45%
   2030  1280     1290.6112   103     1590.0000      644.6765   457836   59.45%
   2144  1390      653.5488   177     1590.0000      644.6765   465760   59.45%
   2222  1466      716.3415   128     1590.0000      644.6765   478953   59.45%
Elapsed time = 42.66 sec. (56669.06 ticks, tree = 2.58 MB, solutions = 6)
   2304  1530     1031.7641    91     1590.0000      644.6765   491165   59.45%
   2355  1576     1386.5203    66     1590.0000      644.6765   502015   59.45%
   2401  1621     1461.0000    61     1590.0000      644.6765   519143   59.45%
   2480  1692     1461.0000    41     1590.0000      644.6765   535071   59.45%
   2542  1748      649.2352   154     1590.0000      644.6765   555394   59.45%
   2597  1803      702.6238   133     1590.0000      644.6765   562056   59.45%
   2666  1864      846.9775   123     1590.0000      644.6765   572659   59.45%
   2742  1932      647.8976   179     1590.0000      644.6765   581228   59.45%
   2815  2003    infeasible           1590.0000      644.6765   592089   59.45%
   2895  2078     1504.0000    89     1590.0000      644.6765   603059   59.45%
Elapsed time = 50.11 sec. (66478.83 ticks, tree = 3.62 MB, solutions = 6)
   2975  2155      689.1492   168     1590.0000      644.7004   611634   59.45%
   3054  2234     1470.0000    91     1590.0000      644.7004   623175   59.45%
   3152  2330     1212.0000    82     1590.0000      644.7004   634223   59.45%
   3336  2511     1471.0000    81     1590.0000      644.7004   647507   59.45%
   3380  2553     1461.0000    73     1590.0000      644.9087   659544   59.44%
   3523  2674     1471.0000    26     1590.0000      644.9087   681303   59.44%
*  3540+ 2622                         1570.0000      644.9087   686042   58.92%
   3568  2650     1204.0000    91     1570.0000      644.9087   696157   58.92%
   3658  2737     1462.0000    81     1570.0000      644.9087   706391   58.92%
   3791  2860      688.9724   145     1570.0000      644.9937   718352   58.92%
   3941  3003     1467.0000    70     1570.0000      644.9937   730343   58.92%
Elapsed time = 57.94 sec. (76213.11 ticks, tree = 5.12 MB, solutions = 7)
   3975  3037     1461.0000    84     1570.0000      645.0000   742144   58.92%
   4142  3201      645.0000   186     1570.0000      645.0000   761237   58.92%
   4199  3258      726.8946   145     1570.0000      645.0000   771554   58.92%
   4306  3365     1470.0000   103     1570.0000      645.0000   782027   58.92%
   4345  3404     1185.1100    78     1570.0000      645.0000   788953   58.92%
   4374  3433     1411.3632    74     1570.0000      645.0000   804437   58.92%
   4454  3506     1474.0000    49     1570.0000      645.0000   820512   58.92%
   4542  3588     1185.1100    97     1570.0000      645.5234   834557   58.88%
   4572  3618     1223.7199   111     1570.0000      645.5234   848903   58.88%
   4599  3645     1398.6958   105     1570.0000      645.5234   858948   58.88%
Elapsed time = 65.87 sec. (86283.66 ticks, tree = 6.24 MB, solutions = 7)
   4704  3749     1502.0000    87     1570.0000      645.5234   864085   58.88%
   4791  3830     1212.9632    89     1570.0000      647.4230   878757   58.76%
   4881  3912     1472.0000    92     1570.0000      647.4230   887666   58.76%
   4992  4021      687.9303   145     1570.0000      647.4442   896327   58.76%
   5097  4124     1462.0000    85     1570.0000      647.4442   907387   58.76%
   5180  4207     1272.7431    97     1570.0000      647.4442   927141   58.76%
   5316  4342     1462.0000    78     1570.0000      647.4442   940290   58.76%
   5358  4384      687.2056   145     1570.0000      647.4442   952795   58.76%
   5390  4416     1513.7507    72     1570.0000      647.4442   966762   58.76%
   5440  4462     1539.0000    76     1570.0000      647.4442   986315   58.76%
Elapsed time = 73.70 sec. (95951.26 ticks, tree = 7.63 MB, solutions = 7)
   5542  4560     1184.1769    87     1570.0000      647.6567  1008251   58.75%
   5600  4618     1461.4663    89     1570.0000      647.6567  1031605   58.75%
   5750  4768     1193.0000    83     1570.0000      647.7110  1043084   58.74%
   5889  4895     1463.0000    73     1570.0000      647.7110  1062296   58.74%
   5963  4967     1204.0000    95     1570.0000      647.7110  1076100   58.74%
   6007  5009     1461.0000    80     1570.0000      647.7110  1088666   58.74%
   6155  5153      688.9724   140     1570.0000      647.7453  1100531   58.74%
   6311  5307     1462.0000    84     1570.0000      647.7453  1111887   58.74%
   6366  5358     1468.0925    47     1570.0000      647.7718  1124520   58.74%
*  6540+ 5319                         1520.0000      647.8976  1164703   57.38%
   6621  5400     1462.0000    77     1520.0000      647.8976  1177203   57.38%
Elapsed time = 84.62 sec. (108618.82 ticks, tree = 9.15 MB, solutions = 8)
   6976  5751     1325.6123   104     1520.0000      648.0543  1224298   57.36%
   7340  6108     1473.0000    62     1520.0000      648.1034  1268496   57.36%
   7607  6363     1485.0000    88     1520.0000      650.3906  1339108   57.21%
   7993  6745      737.8940   152     1520.0000      650.4264  1403092   57.21%
   8491  7227     1464.0000    23     1520.0000      650.7047  1483253   57.19%
   8940  7658     1472.0050    62     1520.0000      650.9494  1565746   57.17%
   9370  8084     1461.0000    73     1520.0000      650.9563  1638544   57.17%
   9742  8441     1293.9829    91     1520.0000      651.3440  1704733   57.15%
   9993  8687     1363.7754    87     1520.0000      651.3574  1762722   57.15%
  10360  9047     1263.7168    75     1520.0000      653.4548  1814344   57.01%
Elapsed time = 119.11 sec. (147394.44 ticks, tree = 15.44 MB, solutions = 8)
  10600  9264     1309.9805    94     1520.0000      653.5224  1881823   57.01%
* 10660+ 8163                         1490.0000      653.5224  1884703   56.14%
  10660  8165     1462.0000    86     1490.0000      653.5224  1884703   56.14%
  11058  8527        cutoff           1490.0000      653.6879  1943231   56.13%
  11431  8877     1471.0000    56     1490.0000      654.1118  2011363   56.10%
  12027  9432     1471.0000    50     1490.0000      654.1954  2108588   56.09%
  12540  9924     1470.0000    87     1490.0000      654.2310  2196184   56.09%
  13185 10549     1390.7836    66     1490.0000      654.5094  2297839   56.07%
  13632 10966     1477.0000    42     1490.0000      655.9972  2368982   55.97%
  13989 11292      660.5038   163     1490.0000      656.8786  2431000   55.91%
  14286 11564      668.7217   168     1490.0000      656.8819  2497757   55.91%
Elapsed time = 159.88 sec. (193392.61 ticks, tree = 19.71 MB, solutions = 9)
  14513 11775     1372.9202    94     1490.0000      656.9113  2557468   55.91%
  14786 12024     1481.0000    23     1490.0000      657.0000  2637003   55.91%
  14984 12188     1193.0000    77     1490.0000      657.3154  2700047   55.88%
  15288 12469     1481.9716    91     1490.0000      657.4807  2784345   55.87%
  15512 12673     1202.5728    79     1490.0000      657.6850  2862800   55.86%
  15641 12789      895.9767    92     1490.0000      659.4481  2931834   55.74%
  16236 13358      663.3717   152     1490.0000      659.7578  3008721   55.72%
  16562 13656     1183.5606    94     1490.0000      660.4920  3092091   55.67%
  16851 13924     1195.9502    82     1490.0000      660.4951  3164057   55.67%
  16990 14047     1458.7213    58     1490.0000      660.5050  3224589   55.67%
Elapsed time = 192.69 sec. (231857.49 ticks, tree = 24.00 MB, solutions = 9)
  17197 14226      660.5223   163     1490.0000      660.5223  3289279   55.67%
  17612 14629     1183.5606    91     1490.0000      660.5452  3348184   55.67%
  18096 15079     1190.9595    84     1490.0000      660.8189  3429066   55.65%
  18515 15452     1295.0595    76     1490.0000      660.8835  3508909   55.65%
  19043 15935      940.3340   104     1490.0000      660.9398  3586210   55.64%
  19414 16281     1211.0655    98     1490.0000      661.2402  3663179   55.62%
  20026 16870     1242.9847    84     1490.0000      662.5329  3727931   55.53%
  20568 17388      714.7130   151     1490.0000      664.0239  3816597   55.43%
  20724 17511     1183.6273    76     1490.0000      664.3958  3887758   55.41%
  21463 18231     1463.0000    59     1490.0000      664.4111  3973419   55.41%
Elapsed time = 225.88 sec. (270290.08 ticks, tree = 31.80 MB, solutions = 9)
  22036 18787     1467.1218    50     1490.0000      664.4417  4046549   55.41%
  22510 19244     1478.0000    37     1490.0000      664.4510  4116453   55.41%
  22872 19582      671.7768   162     1490.0000      664.4510  4179330   55.41%
  23080 19775     1484.1779    13     1490.0000      664.7789  4236855   55.38%
  23404 20067      672.2260   142     1490.0000      664.8447  4284673   55.38%
  23739 20384     1077.5098   105     1490.0000      664.8447  4329998   55.38%
  24040 20652     1471.0000    63     1490.0000      664.9139  4383527   55.37%
  24540 21130     1467.0000    71     1490.0000      665.1522  4441344   55.36%
  25085 21640     1205.7247    77     1490.0000      665.1548  4516529   55.36%
  25492 22018     1466.9588    77     1490.0000      665.5706  4606647   55.33%
Elapsed time = 263.41 sec. (309548.49 ticks, tree = 38.51 MB, solutions = 9)
  26020 22513        cutoff           1490.0000      667.1598  4675926   55.22%
  26324 22805     1252.3991    94     1490.0000      668.2535  4721248   55.15%
  26673 23127     1192.4950    94     1490.0000      668.6784  4786863   55.12%
  27475 23909     1190.5462    85     1490.0000      668.6784  4871720   55.12%
  27983 24389     1192.4950    82     1490.0000      668.7217  4958272   55.12%
  28561 24959     1464.0000    69     1490.0000      668.7217  5011875   55.12%
  29340 25704     1477.0000    75     1490.0000      668.9431  5090207   55.10%
  29879 26228      684.2068   139     1490.0000      669.0467  5138136   55.10%
  30595 26935     1485.1214    39     1490.0000      669.0467  5212070   55.10%
  31183 27499     1477.0000    39     1490.0000      669.0830  5281160   55.10%
Elapsed time = 299.81 sec. (348238.42 ticks, tree = 48.23 MB, solutions = 9)
  31663 27959     1218.6683    99     1490.0000      669.1701  5348121   55.09%
  32266 28523      687.2960   138     1490.0000      669.1709  5428698   55.09%
  32609 28851     1481.0000    26     1490.0000      669.2034  5472191   55.09%
  32953 29154     1080.3527    82     1490.0000      669.8700  5554879   55.04%
  33370 29541     1483.6882    49     1490.0000      671.2223  5632524   54.95%
  33798 29931     1278.4480    80     1490.0000      672.2260  5707270   54.88%
  33965 30053     1465.1853    75     1490.0000      673.0981  5780519   54.83%
  34400 30472     1462.0000    76     1490.0000      673.2415  5846263   54.82%
  34937 30980     1473.0000    79     1490.0000      673.2682  5922997   54.81%
  35341 31376     1470.0000    45     1490.0000      673.2803  5978251   54.81%
Elapsed time = 333.21 sec. (386616.05 ticks, tree = 55.12 MB, solutions = 9)
  35896 31910     1464.0000    23     1490.0000      673.3151  6059374   54.81%
  36671 32660     1488.0000    41     1490.0000      673.4203  6133688   54.80%
  36878 32836     1462.0000    59     1490.0000      673.5281  6205204   54.80%
  37580 33516     1202.0000    73     1490.0000      673.5281  6265461   54.80%
  38035 33953     1466.0000    87     1490.0000      673.5281  6343152   54.80%
  38785 34685     1465.1300    60     1490.0000      673.5281  6415706   54.80%
  39401 35283     1470.5477    54     1490.0000      673.6944  6486016   54.79%
  39787 35640     1467.0000    57     1490.0000      673.7522  6549606   54.78%
  40441 36276     1480.0000    32     1490.0000      673.7860  6617072   54.78%
  40927 36746     1465.0000    80     1490.0000      673.8260  6677643   54.78%
Elapsed time = 366.65 sec. (424986.79 ticks, tree = 65.63 MB, solutions = 9)
  41452 37250     1470.0000    71     1490.0000      673.8260  6727521   54.78%
  41878 37654     1345.3037   104     1490.0000      674.2889  6795886   54.75%
  42210 37965     1473.0000    68     1490.0000      674.8541  6870567   54.71%
  42836 38570     1482.0873    49     1490.0000      675.7352  6941332   54.65%
  43250 38937        cutoff           1490.0000      675.9686  7015542   54.63%
  43414 39050     1456.0514    87     1490.0000      677.0382  7085868   54.56%
  43637 39250     1470.0000    56     1490.0000      677.6628  7138890   54.52%
  44161 39739     1305.9750    61     1490.0000      677.9972  7204360   54.50%
  44338 39873      700.3973   125     1490.0000      677.9972  7283167   54.50%
  44516 40020     1322.0000    71     1490.0000      677.9972  7343385   54.50%
Elapsed time = 400.34 sec. (463544.91 ticks, tree = 71.53 MB, solutions = 9)
  44707 40171      968.8768   105     1490.0000      677.9972  7408149   54.50%
  44895 40314        cutoff           1490.0000      677.9972  7466534   54.50%
  45064 40443      687.4340   138     1490.0000      677.9972  7531155   54.50%
  45267 40593      677.9972   141     1490.0000      677.9972  7605290   54.50%
  45407 40698     1046.9715   101     1490.0000      677.9972  7659465   54.50%
  45563 40806     1133.1256    91     1490.0000      677.9972  7712487   54.50%
  45710 40913     1465.0000    69     1490.0000      678.1656  7768968   54.49%
  46103 41297     1312.2903    80     1490.0000      678.1964  7805192   54.48%
  46524 41700     1300.4439    83     1490.0000      678.2727  7863612   54.48%
  46690 41849     1467.0000    70     1490.0000      678.4663  7911218   54.47%
Elapsed time = 432.37 sec. (501971.76 ticks, tree = 74.77 MB, solutions = 9)
  47187 42325     1467.0000    38     1490.0000      678.5159  7972852   54.46%
  47420 42530     1466.7704    73     1490.0000      678.5159  8030007   54.46%
  47798 42890     1469.0000    60     1490.0000      678.5159  8095892   54.46%
  48461 43525     1473.0000    62     1490.0000      678.5159  8171631   54.46%
  48931 43981      682.8899   146     1490.0000      678.5159  8243500   54.46%
  49288 44304     1202.0000    72     1490.0000      678.6303  8313135   54.45%
  49720 44719     1483.4550    53     1490.0000      678.6766  8380432   54.45%
  50010 44978     1325.1460    55     1490.0000      678.7728  8466470   54.44%
  50652 45599      805.6262    98     1490.0000      678.7873  8531115   54.44%
  51065 45974      838.9153   120     1490.0000      678.7887  8600102   54.44%
Elapsed time = 465.33 sec. (540314.21 ticks, tree = 82.37 MB, solutions = 9)
  51340 46218     1477.0000    54     1490.0000      679.1308  8670354   54.42%
  52095 46954     1486.6667    11     1490.0000      679.3825  8752773   54.40%
  52579 47415     1474.0000    56     1490.0000      679.6672  8817239   54.38%
  52917 47725     1462.0000    82     1490.0000      680.1057  8885063   54.36%
  53445 48227     1362.0779    85     1490.0000      680.2606  8944870   54.34%
  53665 48430     1488.0000    68     1490.0000      680.6251  9005553   54.32%
  53961 48697     1483.0000    64     1490.0000      680.8425  9063349   54.31%
  54151 48859     1252.0779    71     1490.0000      681.3241  9116307   54.27%
  54352 49033     1442.0000    68     1490.0000      682.4908  9172620   54.20%
  54583 49234     1475.0000    50     1490.0000      682.6020  9225265   54.19%
Elapsed time = 498.71 sec. (579320.28 ticks, tree = 88.18 MB, solutions = 9)
  54803 49427      754.5459   130     1490.0000      682.6020  9278972   54.19%
  55158 49754      687.0445   159     1490.0000      682.6020  9323030   54.19%
  55336 49912     1238.2728    78     1490.0000      682.6020  9369634   54.19%
  55657 50219     1302.2549    75     1490.0000      682.6020  9416087   54.19%
  55765 50308     1044.3155    91     1490.0000      682.6020  9460913   54.19%
  56174 50679      697.5461   147     1490.0000      682.6020  9519147   54.19%
  56327 50807     1466.9847    64     1490.0000      682.6020  9567356   54.19%
  56629 51072     1472.0000    51     1490.0000      682.6020  9634794   54.19%
  56896 51323     1463.6080    53     1490.0000      682.6020  9702622   54.19%
  57278 51683     1466.0000    55     1490.0000      682.6020  9774455   54.19%
Elapsed time = 530.33 sec. (618039.15 ticks, tree = 92.52 MB, solutions = 9)
  57797 52180     1470.0000    33     1490.0000      682.6020  9844743   54.19%
  58013 52373     1470.0000    71     1490.0000      682.6503  9899481   54.18%
  58277 52602     1452.0000    76     1490.0000      682.7718  9954822   54.18%
  58653 52958      739.4978   143     1490.0000      682.8104 10000231   54.17%
  58940 53241     1474.0000    48     1490.0000      682.8104 10022454   54.17%
  59299 53596     1470.0000    37     1490.0000      682.8104 10060376   54.17%
  59570 53858     1470.0000    70     1490.0000      682.8122 10090459   54.17%
  59740 54013      996.1436   104     1490.0000      682.8122 10127581   54.17%
  59940 54190        cutoff           1490.0000      682.8122 10169970   54.17%
  60290 54517     1475.0000    40     1490.0000      682.8122 10217118   54.17%
Elapsed time = 565.19 sec. (658214.02 ticks, tree = 97.44 MB, solutions = 9)
  60433 54639     1467.1040    64     1490.0000      682.8122 10265992   54.17%
  60545 54745     1476.8021    48     1490.0000      682.8122 10317425   54.17%
  60919 55098     1464.0000    51     1490.0000      682.8122 10369513   54.17%
  61340 55496     1141.1535    81     1490.0000      682.8122 10420116   54.17%
  61758 55884    infeasible           1490.0000      682.8122 10499603   54.17%
  62182 56276     1322.0000    82     1490.0000      682.8122 10565880   54.17%
  62587 56645      719.3017   147     1490.0000      682.8122 10622429   54.17%
  62701 56746     1464.4031    46     1490.0000      682.8122 10675508   54.17%
  62924 56956     1462.0000    56     1490.0000      682.8122 10730983   54.17%
  63226 57227     1406.4401    60     1490.0000      682.8122 10789770   54.17%
Elapsed time = 599.38 sec. (697413.75 ticks, tree = 102.41 MB, solutions = 9)

GUB cover cuts applied:  6
Clique cuts applied:  2
Cover cuts applied:  1
Implied bound cuts applied:  107
Flow cuts applied:  270
Mixed integer rounding cuts applied:  79
Zero-half cuts applied:  4
Lift and project cuts applied:  23
Gomory fractional cuts applied:  1

Root node processing (before b&c):
  Real time             =    1.37 sec. (1824.03 ticks)
Sequential b&c:
  Real time             =  598.63 sec. (696382.90 ticks)
                          ------------
Total (root+branch&cut) =  600.00 sec. (698206.93 ticks)
