Tried aggregator 2 times.
MIP Presolve eliminated 2782 rows and 367 columns.
MIP Presolve modified 607 coefficients.
Aggregator did 60 substitutions.
Reduced MIP has 2908 rows, 5292 columns, and 19915 nonzeros.
Reduced MIP has 2741 binaries, 2 generals, 0 SOSs, and 0 indicators.
Presolve time = 0.02 sec. (21.79 ticks)
Found incumbent of value 6500.000000 after 0.06 sec. (56.56 ticks)
Probing fixed 0 vars, tightened 1 bounds.
Probing time = 0.01 sec. (8.09 ticks)
Tried aggregator 1 time.
Reduced MIP has 2908 rows, 5292 columns, and 19915 nonzeros.
Reduced MIP has 2741 binaries, 32 generals, 0 SOSs, and 0 indicators.
Presolve time = 0.01 sec. (10.23 ticks)
Probing time = 0.01 sec. (4.37 ticks)
Clique table members: 8726.
MIP emphasis: balance optimality and feasibility.
MIP search method: dynamic search.
Parallel mode: none, using 1 thread.
Root relaxation solution time = 0.13 sec. (215.58 ticks)

        Nodes                                         Cuts/
   Node  Left     Objective  IInf  Best Integer    Best Bound    ItCnt     Gap

*     0+    0                         6500.0000        0.0000     1753  100.00%
      0     0       98.1753   247     6500.0000       98.1753     1753   98.49%
      0     0      102.1435   236     6500.0000      Cuts: 59     3131   98.43%
      0     0      182.9192   222     6500.0000     Cuts: 145     3731   97.19%
      0     0      194.7824   227     6500.0000      Cuts: 74     4578   97.00%
      0     0      194.8011   202     6500.0000      Cuts: 64     4858   97.00%
      0     0      194.8011   215     6500.0000      Cuts: 54     5160   97.00%
      0     0      194.8011   206     6500.0000      Cuts: 14     5417   97.00%
      0     0      194.8016   199     6500.0000      Cuts: 37     5650   97.00%
      0     0      194.8055   199     6500.0000      Cuts: 30     5816   97.00%
      0     2      194.8055   189     6500.0000      194.8055     5816   97.00%
Elapsed time = 3.15 sec. (4473.75 ticks, tree = 0.00 MB, solutions = 1)
     11    13      196.7688   191     6500.0000      194.8055     7409   97.00%
     18    20      196.7688   197     6500.0000      194.8055     9072   97.00%
     23    25      194.8384   195     6500.0000      194.8055    10506   97.00%
     29    31      196.8031   198     6500.0000      194.8055    12362   97.00%
     32    34      196.8044   201     6500.0000      194.8055    15394   97.00%
     38    40      196.8338   194     6500.0000      194.8055    18569   97.00%
     40    42      197.0078   186     6500.0000      194.8055    20190   97.00%
     46    48      196.8351   196     6500.0000      194.8055    21858   97.00%
     53    55      194.8976   203     6500.0000      194.8055    23521   97.00%
    106   108      200.2919   202     6500.0000      194.8055    31078   97.00%
Elapsed time = 5.35 sec. (8093.53 ticks, tree = 0.73 MB, solutions = 1)
    128   130      195.1528   207     6500.0000      194.8055    37510   97.00%
    147   149      199.3025   189     6500.0000      194.8055    44125   97.00%
    182   180      211.2058   172     6500.0000      194.8055    52910   97.00%
    207   205      450.0000   143     6500.0000      194.8055    63868   97.00%
    227   225      350.0000   153     6500.0000      194.8055    72597   97.00%
    245   243      400.0000   155     6500.0000      194.8055    83496   97.00%
    260   258      270.0000   173     6500.0000      194.8055    92129   97.00%
    283   279      241.2156   145     6500.0000      194.8055   101713   97.00%
    304   300      245.4303   136     6500.0000      194.8055   110703   97.00%
    339   333      400.0000   111     6500.0000      194.8055   123002   97.00%
Elapsed time = 12.61 sec. (18187.60 ticks, tree = 1.84 MB, solutions = 1)
    357   351      263.4031   129     6500.0000      194.8055   133464   97.00%
*   360+  352                         2420.0000      194.8055   137919   91.95%
    360   354      269.5451   127     2420.0000      194.8055   137919   91.95%
    386   380      286.4449   112     2420.0000      194.8055   150218   91.95%
    400   394      287.4563   112     2420.0000      194.8055   160475   91.95%
    436   430      350.0000   106     2420.0000      194.8055   168169   91.95%
    450   444      311.9538   112     2420.0000      194.8055   178579   91.95%
*   489+  481                         2260.0000      194.8055   199412   91.38%
*   489+  481                         2110.0000      194.8055   199412   90.77%
*   489+  481                         2080.0000      194.8055   199412   90.63%
    490   484      196.7688   194     2080.0000      194.8055   200897   90.63%
*   491+  322                         2000.0000      554.7948   234788   72.26%
*   491+  214                         1910.0000      554.7948   234788   70.95%
*   491+  142                         1880.0000      554.7948   234788   70.49%
    491   143      554.7948   196     1880.0000      554.8033   234788   70.49%
    494   146      559.1112   202     1880.0000      555.7790   235622   70.44%
    500   149      627.3465   137     1880.0000      555.7790   237223   70.44%
Elapsed time = 33.61 sec. (46626.12 ticks, tree = 1.24 MB, solutions = 8)
    508   154      679.0000   127     1880.0000      555.7790   239810   70.44%
    512   156      680.0000   148     1880.0000      555.7790   243945   70.44%
    522   160      682.3655   159     1880.0000      555.7790   247854   70.44%
    529   161      689.5376   161     1880.0000      555.7790   252588   70.44%
    537   160      703.1813   175     1880.0000      555.7790   256797   70.44%
    542   162      710.0000   172     1880.0000      555.7790   258146   70.44%
    549   163      732.9532   184     1880.0000      555.7790   261448   70.44%
    550   164     1184.0428   116     1880.0000      555.7790   268063   70.44%
    551   164      733.0000   185     1880.0000      555.7790   268099   70.44%
    554   164      771.4381   179     1880.0000      555.7790   275600   70.44%
Elapsed time = 42.82 sec. (59267.34 ticks, tree = 1.16 MB, solutions = 8)
    562   165     1153.0000   133     1880.0000      555.7790   280002   70.44%
    576   165     1200.8328   129     1880.0000      555.7790   287325   70.44%
*   591+  133                         1580.0000      555.7790   294767   64.82%
*   591+  109                         1480.0000      555.7790   294767   62.45%
    591   110     1416.0000    91     1480.0000      555.7790   294767   62.45%
    630   134     1416.0000   104     1480.0000      555.7790   298732   62.45%
    668   156     1416.0000    88     1480.0000      555.7790   303245   62.45%
*   691+  164                         1470.0000      555.7790   305951   62.19%
    691   165     1416.0000    57     1470.0000      555.7790   305951   62.19%
    724   190     1417.0000    61     1470.0000      555.7790   333773   62.19%
    750   207     1417.0000    51     1470.0000      555.7790   361427   62.19%
    766   217     1418.2485    52     1470.0000      555.7790   391022   62.19%
    778   222      600.3915   153     1470.0000      556.1501   409856   62.17%
Elapsed time = 51.65 sec. (70029.65 ticks, tree = 0.65 MB, solutions = 11)
    786   230      606.8391   163     1470.0000      556.1501   420338   62.17%
*   791+  210                         1420.0000      556.1501   423848   60.83%
    791   212      615.4106   175     1420.0000      556.1501   423848   60.83%
    808   229      681.9696   150     1420.0000      556.1501   430598   60.83%
    818   239     1133.0737   127     1420.0000      556.1501   438844   60.83%
    834   252     1392.0000   109     1420.0000      556.1501   449828   60.83%
    855   273     1392.0000   106     1420.0000      556.1501   454006   60.83%
    891   301     1417.0000    87     1420.0000      556.1501   462281   60.83%
    965   369     1419.0000    79     1420.0000      556.1501   475371   60.83%
   1011   397      557.5625   215     1420.0000      556.1506   498761   60.83%
   1018   404      567.5379   223     1420.0000      556.1506   510230   60.83%
Elapsed time = 60.55 sec. (81422.99 ticks, tree = 1.10 MB, solutions = 12)
   1029   415      593.3335   187     1420.0000      556.1506   522080   60.83%
   1037   423      628.2749   169     1420.0000      556.1506   531696   60.83%
   1049   435      763.9693   133     1420.0000      556.1506   544024   60.83%
   1061   445     1312.0000    96     1420.0000      556.1506   553754   60.83%
   1093   477      556.1927   211     1420.0000      556.1927   558540   60.83%
   1113   497      596.3722   168     1420.0000      556.1927   570395   60.83%
   1126   510      674.1624   150     1420.0000      556.1927   586898   60.83%
   1149   531     1312.0000    86     1420.0000      556.1927   594053   60.83%
*  1191+  317                         1400.0000      556.1927   597795   60.27%
   1191   319     1312.0000    94     1400.0000      556.1927   597795   60.27%
   1287   415     1313.2861    78     1400.0000      556.1927   607637   60.27%
Elapsed time = 68.10 sec. (91473.10 ticks, tree = 1.03 MB, solutions = 13)
   1300   428      569.5239   208     1400.0000      556.3464   615123   60.26%
   1310   438      604.4524   217     1400.0000      556.3464   625315   60.26%
   1325   453      652.2041   171     1400.0000      556.3464   636171   60.26%
   1340   468     1099.6376   109     1400.0000      556.3464   651061   60.26%
   1363   487     1372.0000    97     1400.0000      556.3464   656084   60.26%
   1412   532     1372.0000    90     1400.0000      556.3464   666146   60.26%
   1480   596     1373.4562    69     1400.0000      556.3464   682598   60.26%
   1498   613     1042.4230   133     1400.0000      556.7460   699065   60.23%
   1507   622     1043.9398   112     1400.0000      556.7460   710091   60.23%
   1526   641     1049.6411   137     1400.0000      556.7460   718917   60.23%
Elapsed time = 76.16 sec. (101532.38 ticks, tree = 1.54 MB, solutions = 13)
   1536   651     1088.2029   142     1400.0000      556.7460   727120   60.23%
   1587   698     1367.0000    86     1400.0000      556.7460   737030   60.23%
   1645   756     1368.0000    91     1400.0000      556.7460   743273   60.23%
   1698   807      565.1103   203     1400.0000      556.7460   755867   60.23%
   1724   833      665.6793   151     1400.0000      556.7460   767659   60.23%
   1750   859     1341.0000   114     1400.0000      556.7460   777752   60.23%
   1854   963     1341.0000    75     1400.0000      556.7460   786615   60.23%
   1899  1006      568.4142   207     1400.0000      557.5625   799668   60.17%
   1916  1023      623.2722   192     1400.0000      557.5625   807762   60.17%
   1934  1041      971.3292   135     1400.0000      557.5625   816786   60.17%
Elapsed time = 84.06 sec. (111383.72 ticks, tree = 2.44 MB, solutions = 13)
   1991  1096     1343.0000    87     1400.0000      557.5625   824975   60.17%
   2091  1195     1346.0000    95     1400.0000      557.5625   833561   60.17%
   2102  1206      574.0690   225     1400.0000      557.6127   847893   60.17%
   2113  1217      608.0072   210     1400.0000      557.6127   856301   60.17%
   2133  1237      908.3827   140     1400.0000      557.6127   864863   60.17%
   2225  1328     1318.0000    89     1400.0000      557.6127   874544   60.17%
   2295  1398      560.8333   210     1400.0000      557.6899   886063   60.17%
   2302  1404     1065.8261   142     1400.0000      557.6899   900714   60.17%
   2314  1416     1067.7935   141     1400.0000      557.6899   919320   60.17%
   2426  1526     1329.0000    76     1400.0000      557.6899   960232   60.17%
Elapsed time = 95.14 sec. (124589.64 ticks, tree = 3.58 MB, solutions = 13)
   2530  1623      794.1662   181     1400.0000      558.0858   999629   60.14%
   2716  1807     1048.2729   123     1400.0000      558.1761  1037154   60.13%
   2891  1978     1320.0000    86     1400.0000      558.1761  1070422   60.13%
   3116  2201     1049.3913   129     1400.0000      558.4653  1128934   60.11%
   3303  2384     1042.0000   112     1400.0000      559.0355  1193314   60.07%
   3336  2417     1080.1238   132     1400.0000      559.0355  1236062   60.07%
   3496  2558      565.6282   205     1400.0000      559.0609  1297086   60.07%
   3524  2586      710.0075   148     1400.0000      559.0609  1327639   60.07%
   3707  2762      589.1488   188     1400.0000      559.1285  1364294   60.06%
*  3891+ 2907                         1390.0000      559.1285  1404679   59.77%
   3891  2909     1317.0000    82     1390.0000      559.1285  1404679   59.77%
Elapsed time = 128.08 sec. (163648.93 ticks, tree = 6.92 MB, solutions = 14)
   4029  3045     1320.0000    55     1390.0000      559.1993  1453007   59.77%
   4199  3214     1317.0000    64     1390.0000      559.3356  1496981   59.76%
   4465  3466     1317.9724    34     1390.0000      559.6678  1568029   59.74%
   4619  3618     1341.0000    90     1390.0000      559.7877  1612350   59.73%
   4898  3896      569.5092   216     1390.0000      560.6278  1680474   59.67%
   5111  4108      606.0043   173     1390.0000      560.6334  1735729   59.67%
   5318  4315     1047.4030   121     1390.0000      560.6758  1799568   59.66%
   5500  4491      573.3368   195     1390.0000      560.7323  1871516   59.66%
   5699  4678      571.2389   182     1390.0000      560.7517  1919506   59.66%
   5863  4834     1335.0000    82     1390.0000      560.7517  1959034   59.66%
Elapsed time = 161.09 sec. (202203.30 ticks, tree = 11.51 MB, solutions = 14)
   5926  4897     1048.8084   132     1390.0000      560.7851  2013295   59.66%
   6101  5066     1043.7035   126     1390.0000      560.8818  2051087   59.65%
   6298  5258     1043.0476   111     1390.0000      560.9049  2101389   59.65%
   6462  5409     1312.0000    51     1390.0000      560.9049  2168250   59.65%
   6652  5598     1314.0000    86     1390.0000      561.0411  2221935   59.64%
*  6791+ 5291                         1360.0000      561.0803  2267470   58.74%
   6864  5365     1337.0000    90     1360.0000      561.0803  2273981   58.74%
   7093  5593      563.6860   205     1360.0000      561.7538  2318234   58.69%
   7306  5803      603.7871   161     1360.0000      561.7552  2377837   58.69%
   7510  6001      608.0287   185     1360.0000      561.8354  2441664   58.69%
   7715  6203     1067.4645   137     1360.0000      561.9980  2498180   58.68%
Elapsed time = 195.96 sec. (240728.68 ticks, tree = 14.67 MB, solutions = 15)
   7928  6415     1096.8353   146     1360.0000      562.0362  2573367   58.67%
   8119  6603     1068.5384   147     1360.0000      562.0510  2635534   58.67%
   8392  6875     1330.0000    77     1360.0000      562.0936  2696890   58.67%
   8493  6969     1061.4589   129     1360.0000      562.1845  2747285   58.66%
   8615  7087     1324.0000    88     1360.0000      562.1845  2800550   58.66%
   8725  7197      742.0846   162     1360.0000      562.2148  2846460   58.66%
   8791  7253     1043.1171   144     1360.0000      562.2202  2883647   58.66%
   9094  7551      564.0910   204     1360.0000      562.2438  2923024   58.66%
   9291  7745     1321.0000    95     1360.0000      562.2438  2968987   58.66%
   9398  7850     1349.2327   104     1360.0000      562.2497  3018307   58.66%
Elapsed time = 230.39 sec. (280053.90 ticks, tree = 18.61 MB, solutions = 15)
   9517  7954      646.2014   172     1360.0000      562.2929  3066300   58.65%
   9724  8155      725.7594   173     1360.0000      562.3031  3116360   58.65%
   9966  8394     1314.0000    89     1360.0000      562.3971  3170543   58.65%
  10170  8594     1315.0000    91     1360.0000      562.4215  3216524   58.65%
  10271  8695     1315.0000    73     1360.0000      562.4215  3223867   58.65%
  10593  9016     1345.6019    31     1360.0000      562.7255  3306500   58.62%
  10830  9235     1315.0000    77     1360.0000      562.8557  3408138   58.61%
  11105  9507     1062.1298   142     1360.0000      563.1872  3485210   58.59%
  11353  9748     1326.0000    95     1360.0000      563.3174  3547096   58.58%
  11701 10090      601.7465   170     1360.0000      563.5029  3608141   58.57%
Elapsed time = 286.66 sec. (341326.48 ticks, tree = 24.43 MB, solutions = 15)
  11929 10317     1111.7448   138     1360.0000      563.6699  3662954   58.55%
  12167 10555     1329.1366   112     1360.0000      563.7553  3720581   58.55%
  12398 10778     1339.0000   103     1360.0000      563.8062  3780817   58.54%
  12525 10897     1088.8599   123     1360.0000      563.8463  3841237   58.54%
  12722 11088     1072.9546   125     1360.0000      563.8679  3897459   58.54%
  12915 11273      640.4583   210     1360.0000      563.9015  3950860   58.54%
  13154 11508     1314.0000   105     1360.0000      563.9097  4001140   58.54%
  13322 11674      684.1917   186     1360.0000      563.9200  4046080   58.54%
  13498 11834      573.1627   199     1360.0000      563.9344  4094597   58.53%
  13722 12056      706.3765   139     1360.0000      563.9405  4156027   58.53%
Elapsed time = 320.68 sec. (379846.29 ticks, tree = 29.25 MB, solutions = 15)
  13963 12291     1316.0000    68     1360.0000      563.9861  4214516   58.53%
  14296 12624     1041.6668   131     1360.0000      564.1209  4276215   58.52%
  14506 12824     1067.9698   132     1360.0000      564.1389  4369119   58.52%
  14728 13045     1076.1995   145     1360.0000      564.1717  4438278   58.52%
  15024 13335     1342.0000    92     1360.0000      564.4362  4500217   58.50%
  15294 13605      566.4911   207     1360.0000      564.6498  4567823   58.48%
  15483 13783     1321.0000    55     1360.0000      564.6498  4643743   58.48%
  15605 13892     1089.6923   107     1360.0000      564.7712  4730447   58.47%
  15990 14253     1049.7153   111     1360.0000      564.8167  4824161   58.47%
  16251 14508     1314.0000    55     1360.0000      564.8167  4890370   58.47%
Elapsed time = 357.56 sec. (418234.48 ticks, tree = 35.20 MB, solutions = 15)
  16408 14650     1338.0000    74     1360.0000      564.9503  4952576   58.46%
  16591 14829     1334.0000    73     1360.0000      565.0048  5011140   58.46%
  16802 15039     1343.0000    93     1360.0000      565.0224  5071816   58.45%
  17099 15335     1051.2367   109     1360.0000      565.1509  5128600   58.44%
  17305 15535     1052.5507    95     1360.0000      565.1594  5195367   58.44%
  17518 15730     1069.3339   137     1360.0000      565.3560  5266993   58.43%
  17733 15942     1320.6320   122     1360.0000      565.3907  5330910   58.43%
  17991 16192     1351.0000    66     1360.0000      565.5218  5393063   58.42%
  18295 16486     1081.4899   109     1360.0000      565.6677  5464573   58.41%
  18560 16744     1314.0000    92     1360.0000      565.6812  5546374   58.41%
Elapsed time = 393.95 sec. (456746.20 ticks, tree = 41.23 MB, solutions = 15)
  18893 17073      565.7241   220     1360.0000      565.7048  5612803   58.40%
  19165 17344     1320.0000    56     1360.0000      565.7096  5683789   58.40%
  19519 17694      684.6737   189     1360.0000      565.7410  5765677   58.40%
  19766 17939     1331.0000    89     1360.0000      565.7452  5839907   58.40%
  20093 18262     1041.4692   143     1360.0000      565.7608  5909396   58.40%
  20411 18576     1325.0000    56     1360.0000      565.7801  5997172   58.40%
  20693 18852      565.9208   215     1360.0000      565.8133  6070398   58.40%
  20906 19064     1083.0115   122     1360.0000      565.8197  6131735   58.40%
  21128 19281     1099.8390   128     1360.0000      565.8817  6189146   58.39%
  21390 19538     1345.0000    53     1360.0000      565.9600  6251997   58.39%
Elapsed time = 430.42 sec. (496030.65 ticks, tree = 47.99 MB, solutions = 15)
  21559 19688     1340.0000   111     1360.0000      566.0675  6316662   58.38%
  21744 19869     1310.0000    96     1360.0000      566.2180  6376169   58.37%
  21923 20045     1080.0947   157     1360.0000      566.2677  6438025   58.36%
  22091 20208     1347.0000    75     1360.0000      566.2677  6480259   58.36%
  22282 20391     1340.0000    68     1360.0000      566.2828  6539037   58.36%
  22431 20524     1338.0000    99     1360.0000      566.3336  6568770   58.36%
  22502 20589     1352.0000    86     1360.0000      566.3336  6591126   58.36%
  22649 20727     1086.1776   121     1360.0000      566.3464  6617871   58.36%
  22863 20930     1358.0000    58     1360.0000      566.3464  6641150   58.36%
  22991 21050     1326.0000    77     1360.0000      566.3488  6661588   58.36%
Elapsed time = 462.61 sec. (534380.03 ticks, tree = 62.92 MB, solutions = 15)
  23266 21321     1329.0000    77     1360.0000      566.3511  6685214   58.36%
  23332 21384     1311.0000    90     1360.0000      566.4474  6707699   58.35%
  23425 21472     1316.0586    64     1360.0000      566.4474  6731042   58.35%
  23524 21561     1084.0772   121     1360.0000      566.4489  6758793   58.35%
  23643 21676     1344.0000    96     1360.0000      566.4489  6781509   58.35%
  23790 21816     1328.6562   105     1360.0000      566.5868  6804884   58.34%
  23891 21914     1330.0558    99     1360.0000      566.5868  6826185   58.34%
  24071 22092     1340.0000    88     1360.0000      566.7286  6846694   58.33%
  24182 22199     1311.0000   102     1360.0000      566.8448  6859695   58.32%
  24345 22358     1337.3806    99     1360.0000      566.9024  6884837   58.32%
Elapsed time = 491.25 sec. (573101.22 ticks, tree = 102.08 MB, solutions = 15)
  24425 22423     1340.8839    63     1360.0000      566.9024  6913676   58.32%
  24525 22510     1073.2069   111     1360.0000      566.9409  6940600   58.31%
  24716 22696     1084.8364   134     1360.0000      567.0892  6961234   58.30%
  24927 22905     1076.0631   131     1360.0000      567.1272  6978367   58.30%
  25131 23104     1151.4357   122     1360.0000      567.1464  6999313   58.30%
  25259 23224     1335.0000    95     1360.0000      567.1464  7018428   58.30%
  25330 23290     1326.3091    93     1360.0000      567.1965  7040604   58.29%
  25381 23335     1327.0000    77     1360.0000      567.1965  7064502   58.29%
  25434 23381     1335.3132    80     1360.0000      567.1965  7089641   58.29%
  25524 23461     1063.6224   135     1360.0000      567.2017  7113446   58.29%
Elapsed time = 520.63 sec. (612077.53 ticks, tree = 123.65 MB, solutions = 15)
  25742 23672     1354.0000    92     1360.0000      567.2767  7132135   58.29%
  26021 23947     1345.0000    84     1360.0000      567.2847  7152858   58.29%
  26293 24215     1062.8544   128     1360.0000      567.3325  7171946   58.28%
  26411 24320     1338.0000    74     1360.0000      567.3325  7196270   58.28%
  26591 24496     1337.0000    92     1360.0000      567.3897  7215142   58.28%
  26803 24703     1346.0000   102     1360.0000      567.3937  7236646   58.28%
  26931 24827     1152.4572   122     1360.0000      567.4211  7257218   58.28%
  27109 25000     1042.2541   127     1360.0000      567.4341  7271983   58.28%
  27319 25201     1339.0000    95     1360.0000      567.4398  7294008   58.28%
  27391 25273     1339.0000    62     1360.0000      567.4398  7312387   58.28%
Elapsed time = 550.50 sec. (651317.11 ticks, tree = 168.93 MB, solutions = 15)
  27471 25341     1340.0000    64     1360.0000      567.4398  7342157   58.28%
  27631 25494     1315.0000    89     1360.0000      567.4403  7360319   58.28%
  27791 25650     1351.0000    92     1360.0000      567.4778  7371052   58.27%
  28043 25893     1315.0000    69     1360.0000      567.5091  7392393   58.27%
  28209 26056     1330.3623   118     1360.0000      567.5192  7410260   58.27%
  28307 26149     1077.4264   114     1360.0000      567.5252  7426443   58.27%
  28413 26242     1350.1155    58     1360.0000      567.5252  7453747   58.27%
  28546 26352     1328.0385   109     1360.0000      567.5374  7482123   58.27%
  28640 26443     1332.0000   101     1360.0000      567.5374  7495115   58.27%
  28791 26592     1310.3785    82     1360.0000      567.5453  7510791   58.27%
Elapsed time = 581.34 sec. (691086.37 ticks, tree = 202.69 MB, solutions = 15)
  29023 26819     1314.0000    83     1360.0000      567.5610  7532190   58.27%
  29191 26983     1314.0000    98     1360.0000      567.5682  7545219   58.27%
  29328 27109     1351.0000    90     1360.0000      567.5718  7567016   58.27%
  29438 27206     1354.3136    72     1360.0000      567.5718  7592671   58.27%
  29591 27350     1351.0000    86     1360.0000      567.5758  7609945   58.27%
  29805 27554     1311.0000    80     1360.0000      567.6031  7627563   58.26%

Clique cuts applied:  1
Cover cuts applied:  1
Implied bound cuts applied:  71
Flow cuts applied:  143
Mixed integer rounding cuts applied:  67
Zero-half cuts applied:  1
Lift and project cuts applied:  6

Root node processing (before b&c):
  Real time             =    3.10 sec. (4428.88 ticks)
Sequential b&c:
  Real time             =  596.90 sec. (711238.39 ticks)
                          ------------
Total (root+branch&cut) =  600.00 sec. (715667.27 ticks)
