Tried aggregator 3 times.
MIP Presolve eliminated 2748 rows and 293 columns.
MIP Presolve modified 842 coefficients.
Aggregator did 70 substitutions.
Reduced MIP has 2812 rows, 5198 columns, and 19312 nonzeros.
Reduced MIP has 2655 binaries, 2 generals, 0 SOSs, and 0 indicators.
Presolve time = 0.03 sec. (27.01 ticks)
Found incumbent of value 6850.000000 after 0.05 sec. (53.23 ticks)
Probing time = 0.01 sec. (4.40 ticks)
Tried aggregator 1 time.
Reduced MIP has 2812 rows, 5198 columns, and 19312 nonzeros.
Reduced MIP has 2655 binaries, 43 generals, 0 SOSs, and 0 indicators.
Presolve time = 0.01 sec. (9.95 ticks)
Probing time = 0.01 sec. (4.58 ticks)
Clique table members: 7987.
MIP emphasis: balance optimality and feasibility.
MIP search method: dynamic search.
Parallel mode: none, using 1 thread.
Root relaxation solution time = 0.11 sec. (194.41 ticks)

        Nodes                                         Cuts/
   Node  Left     Objective  IInf  Best Integer    Best Bound    ItCnt     Gap

*     0+    0                         6850.0000        0.0000     1551  100.00%
      0     0      137.0159   231     6850.0000      137.0159     1551   98.00%
      0     0      138.0000   220     6850.0000      Cuts: 15     2122   97.99%
      0     0      243.9207   208     6850.0000     Cuts: 112     4383   96.44%
      0     0      263.9814   195     6850.0000      Cuts: 63     5622   96.15%
      0     0      263.9814   203     6850.0000      Cuts: 56     5908   96.15%
      0     0      263.9814   192     6850.0000      Cuts: 24     6055   96.15%
      0     0      263.9814   199     6850.0000      Cuts: 45     6264   96.15%
*     0+    0                         3390.0000      263.9814     6264   92.21%
      0     2      263.9814   162     3390.0000      263.9814     6264   92.21%
Elapsed time = 2.52 sec. (3647.84 ticks, tree = 0.00 MB, solutions = 2)
     19    21      263.9814   178     3390.0000      263.9814     7516   92.21%
     30    32      264.0388   190     3390.0000      263.9814     8514   92.21%
     58    60      266.6111   186     3390.0000      263.9814     9776   92.21%
     88    90      264.0419   178     3390.0000      263.9814    11268   92.21%
     90    92      264.0419   179     3390.0000      263.9814    11462   92.21%
     99   101      266.6150   175     3390.0000      263.9814    13203   92.21%
    108   110      266.6150   178     3390.0000      263.9814    14792   92.21%
    119   121      266.6150   179     3390.0000      263.9814    16257   92.21%
    130   132      264.0419   179     3390.0000      263.9814    17498   92.21%
    180   182      266.7052   183     3390.0000      263.9814    21063   92.21%
Elapsed time = 4.88 sec. (7762.82 ticks, tree = 3.26 MB, solutions = 2)
    300   302      266.8387   164     3390.0000      263.9814    26072   92.21%
    400   402      266.8697   175     3390.0000      263.9814    31690   92.21%
*   489+  489                         3020.0000      263.9814    35909   91.26%
*   489+  489                         2810.0000      263.9814    35909   90.61%
    489   491      266.8897   177     2810.0000      263.9814    35909   90.61%
*   491+  328                         2370.0000      755.4354    68407   68.13%
*   491+  218                         2210.0000      755.4354    68407   65.82%
    491   219      756.0000   170     2210.0000      756.0000    68407   65.79%
    494   219      758.0000   211     2210.0000      756.0000    71780   65.79%
    498   218      760.0000   226     2210.0000      756.0000    74756   65.79%
    505   219      763.2997   229     2210.0000      756.0000    75687   65.79%
    509   220      764.0000   210     2210.0000      756.0000    78324   65.79%
    511   220      764.0000   216     2210.0000      756.0000    78472   65.79%
    515   221     1182.7357   159     2210.0000      756.0000    83118   65.79%
Elapsed time = 23.85 sec. (33426.39 ticks, tree = 6.01 MB, solutions = 6)
    518   221     1182.3803   138     2210.0000      756.0000    86944   65.79%
    522   221      769.8491   205     2210.0000      756.0000    90988   65.79%
    525   222      772.1848   213     2210.0000      756.0000    96577   65.79%
    528   222      774.6256   202     2210.0000      756.0000   101043   65.79%
    535   222      778.0000   220     2210.0000      756.0000   103526   65.79%
    541   222      778.0000   217     2210.0000      756.0000   104385   65.79%
    551   225      780.0000   212     2210.0000      756.0000   107241   65.79%
    567   232      780.0000   210     2210.0000      756.0000   109803   65.79%
    588   241      782.7606   196     2210.0000      756.0000   114068   65.79%
    613   252      789.0000   189     2210.0000      756.0000   120922   65.79%
Elapsed time = 32.54 sec. (44583.73 ticks, tree = 5.00 MB, solutions = 6)
    651   264      809.0405   149     2210.0000      756.0000   130145   65.79%
    678   274      824.0000   142     2210.0000      756.0000   139310   65.79%
    717   287      845.2011   107     2210.0000      756.0000   154556   65.79%
    744   290      842.0000   103     2210.0000      756.0000   174009   65.79%
    798   309      874.2563    85     2210.0000      756.0000   193011   65.79%
    813   314      866.0000    93     2210.0000      756.0000   200827   65.79%
    843   328     1771.0000    57     2210.0000      756.0000   219747   65.79%
    873   342     1780.1480    42     2210.0000      756.0000   243484   65.79%
*   891+  331                         2090.0000      756.0000   256485   63.83%
    891   333     1781.0000    33     2090.0000      756.0000   256485   63.83%
    928   346     1787.0000    31     2090.0000      756.0000   282019   63.83%
Elapsed time = 40.80 sec. (54659.76 ticks, tree = 1.34 MB, solutions = 7)
    967   354     1912.0000     9     2090.0000      756.0000   314444   63.83%
    975   358      766.8129   182     2090.0000      756.0000   317435   63.83%
    980   363     1174.6032   162     2090.0000      756.0000   325847   63.83%
    987   367      774.0725   206     2090.0000      756.0000   332944   63.83%
*   991+  366                         2020.0000      756.0000   335685   62.57%
*   991+  363                         1960.0000      756.0000   335685   61.43%
    991   364      776.6398   202     1960.0000      756.0000   335685   61.43%
   1000   367      785.1201   202     1960.0000      756.0000   344536   61.43%
   1006   372      798.8487   199     1960.0000      756.0000   349422   61.43%
   1018   384      871.1907   177     1960.0000      756.0000   353959   61.43%
   1033   397     1267.3596   127     1960.0000      756.0000   361989   61.43%
   1061   419     1371.0000   126     1960.0000      756.0000   368930   61.43%
Elapsed time = 48.80 sec. (65378.46 ticks, tree = 1.10 MB, solutions = 9)
   1144   500     1510.0813   101     1960.0000      756.0000   377612   61.43%
   1191   545     1371.0000   106     1960.0000      756.0000   383417   61.43%
   1265   613     1377.0826    57     1960.0000      756.0000   401563   61.43%
   1318   654     1745.1705    33     1960.0000      756.0000   423247   61.43%
   1356   686     1737.0000    24     1960.0000      756.0000   453226   61.43%
   1402   715        cutoff           1960.0000      756.0000   483040   61.43%
   1407   716     1154.0068   157     1960.0000      757.1386   490877   61.37%
   1415   724      769.0952   184     1960.0000      757.2222   495512   61.37%
   1423   732      787.9982   194     1960.0000      757.2222   500629   61.37%
   1432   741      821.3737   197     1960.0000      757.2222   506415   61.37%
Elapsed time = 57.16 sec. (76181.24 ticks, tree = 1.94 MB, solutions = 9)
   1445   754      904.9584   182     1960.0000      757.2222   511984   61.37%
   1461   770     1232.3921   149     1960.0000      757.2222   517023   61.37%
   1495   803     1153.3725   142     1960.0000      757.2427   528544   61.37%
   1511   819     1153.3725   153     1960.0000      757.2427   545289   61.37%
   1531   839     1157.5274   154     1960.0000      757.2427   555795   61.37%
   1584   891     1716.0000   136     1960.0000      757.2427   563062   61.37%
   1614   919     1716.0000   132     1960.0000      757.2427   564631   61.37%
   1696   995     1221.6155   145     1960.0000      758.0000   577998   61.33%
   1713  1012     1221.6155   143     1960.0000      758.0000   597149   61.33%
   1734  1033     1228.5695   157     1960.0000      758.0000   609391   61.33%
Elapsed time = 65.85 sec. (86235.48 ticks, tree = 2.61 MB, solutions = 9)
   1843  1138     1718.0000   123     1960.0000      758.0000   615692   61.33%
   1904  1197      784.7512   203     1960.0000      758.0000   623717   61.33%
   1919  1212      861.7611   189     1960.0000      758.0000   632952   61.33%
   1973  1264     1716.0000   117     1960.0000      758.0000   641363   61.33%
   2093  1384      758.0000   236     1960.0000      758.0000   648269   61.33%
   2149  1439     1718.0000   116     1960.0000      758.0000   659655   61.33%
   2280  1570     1718.0000   102     1960.0000      758.0000   665805   61.33%
   2309  1599     1155.2311   165     1960.0000      758.0000   677453   61.33%
   2323  1613     1159.3357   159     1960.0000      758.0000   688430   61.33%
   2338  1628     1224.9787   155     1960.0000      758.0000   700084   61.33%
Elapsed time = 74.14 sec. (96463.76 ticks, tree = 3.90 MB, solutions = 9)
   2358  1648     1269.8367   144     1960.0000      758.0000   710179   61.33%
   2399  1686     1718.0000   106     1960.0000      758.0000   721519   61.33%
   2491  1777     1718.0000    89     1960.0000      758.0000   733582   61.33%
   2511  1797      811.0630   190     1960.0000      758.0000   740547   61.33%
   2537  1822     1715.8054   135     1960.0000      758.0000   749240   61.33%
   2690  1975     1716.0000   129     1960.0000      758.0000   756939   61.33%
   2709  1994     1154.7167   151     1960.0000      758.9101   770020   61.28%
   2726  2011     1223.6136   139     1960.0000      758.9101   780729   61.28%
   2766  2049     1721.0000   141     1960.0000      758.9101   789873   61.28%
   2817  2100     1721.0000   121     1960.0000      758.9101   792800   61.28%
Elapsed time = 82.66 sec. (106485.65 ticks, tree = 5.06 MB, solutions = 9)
   2907  2190      795.1992   199     1960.0000      758.9129   804004   61.28%
   2923  2206      905.0913   181     1960.0000      758.9129   816521   61.28%
   2948  2230     1721.0000   136     1960.0000      758.9129   826407   61.28%
   3061  2343     1721.0000   118     1960.0000      758.9129   833238   61.28%
   3127  2407      971.5312   161     1960.0000      758.9129   839887   61.28%
   3221  2500     1721.0000   124     1960.0000      758.9129   850077   61.28%
   3300  2577     1222.3373   145     1960.0000      759.0191   858059   61.27%
   3328  2605     1224.0630   146     1960.0000      759.0191   871745   61.27%
   3360  2637     1272.2179   170     1960.0000      759.0191   885804   61.27%
   3526  2797      950.6945   172     1960.0000      759.0466   928747   61.27%
Elapsed time = 92.91 sec. (119044.93 ticks, tree = 6.62 MB, solutions = 9)
   3750  3018     1720.0000   129     1960.0000      759.0673   967044   61.27%
   3975  3241     1718.0000   102     1960.0000      759.0688  1001043   61.27%
   4139  3403     1716.0000   135     1960.0000      759.0774  1042131   61.27%
   4339  3602     1554.7601   143     1960.0000      759.1304  1082765   61.27%
   4515  3774     1223.7362   148     1960.0000      759.2159  1131973   61.26%
*  4591+ 3841                         1920.0000      759.2159  1149668   60.46%
*  4691+ 3919                         1790.0000      759.2159  1154414   57.59%
   4694  3924     1226.6864   149     1790.0000      759.2196  1156610   57.59%
   4904  4134     1226.6864   168     1790.0000      760.0000  1188780   57.54%
   5182  4407     1721.0000   106     1790.0000      760.0000  1226703   57.54%
   5377  4601     1721.0000   108     1790.0000      760.0000  1277871   57.54%
   5626  4848     1724.0000   121     1790.0000      760.0000  1313587   57.54%
Elapsed time = 126.26 sec. (157392.20 ticks, tree = 11.39 MB, solutions = 11)
   5901  5122      779.4525   220     1790.0000      760.7598  1364678   57.50%
   6229  5448     1725.0000   125     1790.0000      760.7626  1403931   57.50%
   6503  5718     1220.8909   149     1790.0000      760.8409  1460008   57.49%
   6856  6066     1722.0000   121     1790.0000      760.8467  1520858   57.49%
   6930  6140     1229.2850   147     1790.0000      760.8571  1557385   57.49%
   7192  6398     1725.0000   120     1790.0000      760.9092  1598230   57.49%
   7505  6707     1221.7681   138     1790.0000      760.9429  1643904   57.49%
   7691  6892     1720.0000   124     1790.0000      760.9429  1669908   57.49%
   7911  7111     1221.8157   142     1790.0000      761.1857  1720350   57.48%
   8103  7301     1223.2940   147     1790.0000      761.4538  1760505   57.46%
Elapsed time = 161.75 sec. (197400.87 ticks, tree = 16.97 MB, solutions = 11)
   8315  7511     1721.0000   127     1790.0000      761.4663  1807434   57.46%
   8525  7710     1235.3423   143     1790.0000      761.4747  1860417   57.46%
   8803  7986     1725.0000   115     1790.0000      762.0000  1913062   57.43%
   9125  8306     1242.0508   132     1790.0000      762.0000  1981838   57.43%
   9368  8545     1724.0000   115     1790.0000      762.6870  2041823   57.39%
   9691  8864     1724.0000   119     1790.0000      762.6897  2078470   57.39%
   9942  9112     1720.8218   136     1790.0000      762.7574  2128461   57.39%
  10271  9439     1720.0000   126     1790.0000      762.7744  2162303   57.39%
  10722  9886     1225.0370   142     1790.0000      762.8550  2237419   57.38%
  11128 10288     1231.3233   153     1790.0000      762.8809  2301434   57.38%
Elapsed time = 214.13 sec. (254973.83 ticks, tree = 24.13 MB, solutions = 11)
  11524 10682     1716.0000   134     1790.0000      762.8957  2382689   57.38%
  11896 11052     1227.6883   153     1790.0000      763.4098  2437798   57.35%
  12103 11259     1232.7193   143     1790.0000      763.4155  2484748   57.35%
  12317 11472     1237.1657   145     1790.0000      763.4229  2530962   57.35%
  12506 11644     1232.7193   171     1790.0000      763.4359  2586068   57.35%
  12725 11861     1235.9437   145     1790.0000      764.0000  2631896   57.32%
  12988 12121     1724.0000   131     1790.0000      764.0000  2682095   57.32%
* 12991+12052                         1770.0000      764.0000  2682126   56.84%
  13200 12262     1726.0000    93     1770.0000      764.0000  2725578   56.84%
  13493 12549      764.0000   228     1770.0000      764.0000  2773005   56.84%
  13757 12812     1727.0000   118     1770.0000      764.7026  2833564   56.80%
Elapsed time = 249.93 sec. (293602.73 ticks, tree = 30.13 MB, solutions = 12)
* 13791+12840                         1760.0000      764.7026  2835550   56.55%
  14033 13082     1721.0000   135     1760.0000      764.7027  2855331   56.55%
  14401 13444     1721.0000    83     1760.0000      764.7763  2913914   56.55%
  14772 13808     1720.0000   142     1760.0000      764.7892  2982417   56.55%
  15191 14225     1719.0000   104     1760.0000      764.7940  3043684   56.55%
  15699 14729     1220.7893   154     1760.0000      764.9149  3111976   56.54%
  16095 15123     1220.8909   144     1760.0000      764.9311  3176365   56.54%
  16402 15430     1722.0000   114     1760.0000      764.9581  3265707   56.54%
  16726 15753     1233.0907   155     1760.0000      765.4441  3347039   56.51%
  17136 16161     1725.0000   120     1760.0000      765.4578  3411119   56.51%
  17502 16521     1232.3818   158     1760.0000      766.0000  3480181   56.48%
Elapsed time = 287.84 sec. (331987.67 ticks, tree = 39.20 MB, solutions = 13)
  17769 16782     1726.0000   105     1760.0000      766.8092  3535034   56.43%
  18140 17144      892.2217   173     1760.0000      766.8129  3575347   56.43%
  18352 17342     1234.1712   165     1760.0000      766.8129  3616161   56.43%
  18574 17556     1721.0000   134     1760.0000      766.8684  3663492   56.43%
  18984 17958     1725.0000   152     1760.0000      766.8870  3712273   56.43%
  19352 18316     1718.0000   135     1760.0000      766.9055  3763455   56.43%
  19716 18667     1221.0000   127     1760.0000      766.9216  3812189   56.42%
  20097 19032      774.0039   215     1760.0000      766.9574  3858637   56.42%
* 20191+19105                         1750.0000      766.9574  3882103   56.17%
  20322 19234     1225.0000   163     1750.0000      767.0000  3901629   56.17%
  20559 19462     1720.0000   136     1750.0000      767.0000  3955362   56.17%
Elapsed time = 322.27 sec. (370299.41 ticks, tree = 45.80 MB, solutions = 14)
  20934 19831     1228.6421   158     1750.0000      767.0420  4005144   56.17%
  21334 20229     1553.9423   134     1750.0000      767.0597  4074541   56.17%
  21723 20615     1227.0000   149     1750.0000      767.1392  4142718   56.16%
  22132 21022     1236.0000   159     1750.0000      767.5853  4206163   56.14%
  22536 21424     1372.8607   131     1750.0000      767.5996  4267419   56.14%
  23105 21988     1233.0000   135     1750.0000      769.0173  4340986   56.06%
  23500 22381      779.0896   189     1750.0000      769.0314  4408733   56.06%
  23893 22770     1226.6864   164     1750.0000      769.0765  4459364   56.05%
  24416 23287     1726.0000   115     1750.0000      769.0952  4528346   56.05%
  24872 23741     1725.0000   104     1750.0000      769.0959  4595416   56.05%
Elapsed time = 360.16 sec. (408673.17 ticks, tree = 55.59 MB, solutions = 14)
  25336 24201     1555.0848   139     1750.0000      769.1259  4670134   56.05%
  25691 24552     1722.0000   104     1750.0000      769.1348  4730990   56.05%
  26029 24887     1720.0000   141     1750.0000      769.2585  4773673   56.04%
  26314 25169     1715.2688   116     1750.0000      769.2795  4826631   56.04%
  26528 25380     1233.7075   143     1750.0000      769.2882  4885811   56.04%
  26930 25776     1225.8787   155     1750.0000      769.3179  4938404   56.04%
  27310 26151     1236.0815   124     1750.0000      769.8418  4990473   56.01%
  27571 26408     1727.0000   129     1750.0000      770.0000  5039894   56.00%
  27914 26747     1225.1192   150     1750.0000      771.3257  5090832   55.92%
  28123 26951      904.7621   169     1750.0000      771.3300  5118809   55.92%
Elapsed time = 397.05 sec. (447879.71 ticks, tree = 62.94 MB, solutions = 14)
  28340 27166     1719.0000   133     1750.0000      771.3414  5158724   55.92%
  28552 27355     1506.6456   140     1750.0000      771.3620  5205395   55.92%
  29069 27864     1720.0000   112     1750.0000      771.3695  5250028   55.92%
  29437 28224     1726.3102    83     1750.0000      771.3899  5326362   55.92%
  29730 28509     1506.8906   148     1750.0000      771.4102  5391431   55.92%
  30301 29076     1220.8909   143     1750.0000      771.4306  5438642   55.92%
  30694 29462     1220.8909   152     1750.0000      771.5093  5507586   55.91%
  31136 29893     1718.4519   135     1750.0000      771.5974  5576866   55.91%
  31501 30250     1224.9801   157     1750.0000      771.6025  5651243   55.91%
  31715 30464     1222.7308   143     1750.0000      771.6104  5703361   55.91%
Elapsed time = 433.55 sec. (486215.17 ticks, tree = 71.18 MB, solutions = 14)
  32122 30869     1227.6874   145     1750.0000      771.6236  5776159   55.91%
  32520 31265     1226.6528   143     1750.0000      771.6548  5842083   55.91%
  32928 31669     1230.3109   136     1750.0000      771.7821  5908200   55.90%
  33291 32032     1717.0000   124     1750.0000      772.0000  5953396   55.89%
  33664 32405     1721.0000   114     1750.0000      772.0000  6041506   55.89%
  33930 32671     1557.7277   148     1750.0000      772.0000  6112008   55.89%
  34371 33108     1717.0000   114     1750.0000      772.0000  6164685   55.89%
  34693 33426     1221.6155   162     1750.0000      772.1918  6220324   55.87%
  34912 33644     1237.3633   153     1750.0000      772.1918  6266906   55.87%
  35294 34021     1232.3818   141     1750.0000      772.2231  6323214   55.87%
Elapsed time = 472.37 sec. (525920.29 ticks, tree = 80.29 MB, solutions = 14)
  35510 34230     1236.0815   136     1750.0000      773.7452  6386833   55.79%
  35855 34569     1725.0000   122     1750.0000      773.7524  6426395   55.79%
  36159 34870     1723.0000   121     1750.0000      773.7855  6452111   55.78%
  36702 35405     1220.7893   146     1750.0000      773.8161  6494074   55.78%
  37285 35982     1732.0000    77     1750.0000      773.8161  6543080   55.78%
  37561 36244     1720.0000   120     1750.0000      773.8367  6601747   55.78%
  37893 36572     1220.8909   163     1750.0000      773.8581  6648995   55.78%
  38151 36830     1717.0000   126     1750.0000      773.8589  6699753   55.78%
  38508 37177     1221.6713   133     1750.0000      773.9530  6773686   55.77%
  38965 37628     1717.0000   136     1750.0000      773.9693  6826842   55.77%
Elapsed time = 507.64 sec. (564153.17 ticks, tree = 88.71 MB, solutions = 14)
  39379 38038     1717.0000   109     1750.0000      774.0000  6882585   55.77%
  39721 38377     1231.4723   174     1750.0000      774.0000  6947932   55.77%
  40107 38763     1220.7893   135     1750.0000      774.0000  7000810   55.77%
  40529 39182     1507.8366   164     1750.0000      774.0039  7082255   55.77%
  40891 39540     1719.0000   105     1750.0000      774.0129  7129683   55.77%
  41291 39938     1721.0000   130     1750.0000      774.0687  7194530   55.77%
  41495 40137     1221.6155   145     1750.0000      774.1410  7261860   55.76%
  41893 40534     1222.5315   140     1750.0000      774.6574  7340975   55.73%
  42297 40933     1232.3818   135     1750.0000      774.9413  7399099   55.72%
  42491 41119     1726.0000    72     1750.0000      774.9413  7444618   55.72%
Elapsed time = 547.19 sec. (604729.78 ticks, tree = 96.92 MB, solutions = 14)
  42696 41323     1224.9828   163     1750.0000      775.0000  7484604   55.71%
  42893 41520     1222.3373   150     1750.0000      776.2925  7522057   55.64%
  43189 41812     1730.6378   106     1750.0000      776.2959  7589210   55.64%
  43500 42121      798.9247   205     1750.0000      776.3303  7651985   55.64%
  44096 42700     1221.0000   147     1750.0000      776.3638  7711133   55.64%
  44742 43342     1736.0000    71     1750.0000      776.3638  7768269   55.64%
  45047 43609     1723.0000   113     1750.0000      776.3638  7838444   55.64%
  45344 43904     1718.0000   141     1750.0000      776.3863  7897036   55.64%
  45764 44317     1729.0000    73     1750.0000      776.4088  7951312   55.63%
  46096 44635     1220.8909   132     1750.0000      776.5198  8015917   55.63%
Elapsed time = 583.59 sec. (643667.33 ticks, tree = 105.44 MB, solutions = 14)
  46389 44920     1731.3757    54     1750.0000      776.5198  8075464   55.63%
  46561 45080     1720.0000   114     1750.0000      776.5742  8126408   55.62%
  47076 45592     1725.0000   119     1750.0000      776.6333  8165568   55.62%
  47429 45937     1719.0000   115     1750.0000      776.7620  8222747   55.61%

Implied bound cuts applied:  99
Flow cuts applied:  169
Mixed integer rounding cuts applied:  59
Zero-half cuts applied:  1
Lift and project cuts applied:  2

Root node processing (before b&c):
  Real time             =    2.47 sec. (3613.81 ticks)
Sequential b&c:
  Real time             =  597.53 sec. (658215.16 ticks)
                          ------------
Total (root+branch&cut) =  600.00 sec. (661828.98 ticks)
