Tried aggregator 2 times.
MIP Presolve eliminated 2687 rows and 212 columns.
MIP Presolve modified 1049 coefficients.
Aggregator did 62 substitutions.
Reduced MIP has 2799 rows, 5179 columns, and 18982 nonzeros.
Reduced MIP has 2634 binaries, 2 generals, 0 SOSs, and 0 indicators.
Presolve time = 0.02 sec. (20.99 ticks)
Found incumbent of value 6600.000000 after 0.05 sec. (51.34 ticks)
Probing time = 0.00 sec. (3.90 ticks)
Tried aggregator 2 times.
MIP Presolve eliminated 0 rows and 1 columns.
Aggregator did 4 substitutions.
Reduced MIP has 2795 rows, 5174 columns, and 18973 nonzeros.
Reduced MIP has 2632 binaries, 34 generals, 0 SOSs, and 0 indicators.
Presolve time = 0.01 sec. (13.22 ticks)
Probing fixed 0 vars, tightened 2 bounds.
Probing time = 0.01 sec. (10.71 ticks)
Clique table members: 6006.
MIP emphasis: balance optimality and feasibility.
MIP search method: dynamic search.
Parallel mode: none, using 1 thread.
Root relaxation solution time = 0.11 sec. (184.52 ticks)

        Nodes                                         Cuts/
   Node  Left     Objective  IInf  Best Integer    Best Bound    ItCnt     Gap

*     0+    0                         6600.0000        0.0000     1506  100.00%
      0     0      111.6516   220     6600.0000      111.6516     1506   98.31%
      0     0      112.6232   199     6600.0000      Cuts: 50     2872   98.29%
      0     0      214.0596   213     6600.0000     Cuts: 109     4583   96.76%
      0     0      214.8404   192     6600.0000     Cuts: 103     5105   96.74%
      0     0      214.9590   195     6600.0000      Cuts: 65     5316   96.74%
      0     0      214.9590   185     6600.0000      Cuts: 54     5442   96.74%
      0     0      214.9590   181     6600.0000      Cuts: 41     5534   96.74%
      0     0      214.9590   177     6600.0000      Cuts: 27     5591   96.74%
      0     2      214.9590   177     6600.0000      214.9590     5591   96.74%
Elapsed time = 2.81 sec. (4072.71 ticks, tree = 0.00 MB, solutions = 1)
     20    22      214.9590   192     6600.0000      214.9590     6842   96.74%
     37    39      216.1809   185     6600.0000      214.9590     8197   96.74%
     42    44      218.2964   186     6600.0000      214.9590    10420   96.74%
     54    56      218.2964   181     6600.0000      214.9590    12427   96.74%
     61    63      218.2964   185     6600.0000      214.9590    14668   96.74%
     67    69      218.2964   186     6600.0000      214.9590    16607   96.74%
     74    76      216.2203   187     6600.0000      214.9590    18469   96.74%
     76    78      216.9283   201     6600.0000      214.9590    20490   96.74%
     78    80      216.5162   215     6600.0000      214.9590    22758   96.74%
     84    86     1141.5003   114     6600.0000      214.9590    30327   96.74%
Elapsed time = 5.14 sec. (7784.78 ticks, tree = 0.80 MB, solutions = 1)
    100   102      221.8843   195     6600.0000      214.9590    36920   96.74%
    140   142      223.1514   189     6600.0000      214.9590    44472   96.74%
    160   162      223.1578   182     6600.0000      214.9590    51760   96.74%
    184   186      420.0000   176     6600.0000      214.9590    59059   96.74%
    198   200      340.0000   188     6600.0000      214.9590    67665   96.74%
    200   202      340.0000   181     6600.0000      214.9590    76721   96.74%
    225   227     1151.3035    65     6600.0000      214.9590    83913   96.74%
    253   255     1162.2265    49     6600.0000      214.9590    90203   96.74%
    273   275     1172.3604    47     6600.0000      214.9590    98654   96.74%
    280   282     1172.5646    41     6600.0000      214.9590   100219   96.74%
Elapsed time = 13.87 sec. (19472.89 ticks, tree = 1.71 MB, solutions = 1)
    303   305     1180.2847    27     6600.0000      214.9590   110076   96.74%
*   320+  316                         1610.0000      214.9590   120467   86.65%
    321   319     1219.8555    19     1610.0000      214.9590   121122   86.65%
    361   355     1293.7100    24     1610.0000      214.9590   151045   86.65%
    421   395        cutoff           1610.0000      214.9590   193456   86.65%
    447   417      219.2706   177     1610.0000      214.9590   211949   86.65%
    462   432      590.0000   135     1610.0000      214.9590   215783   86.65%
*   488+  456                         1590.0000      214.9590   223673   86.48%
*   488+  456                         1540.0000      214.9590   223673   86.04%
*   488+  430                         1380.0000      214.9590   223673   84.42%
    488   432      233.4307   156     1380.0000      214.9590   223673   84.42%
    490   434      398.0000   177     1380.0000      398.0000   239456   71.16%
    493   434      402.0000   204     1380.0000      398.0000   245981   71.16%
    499   437      405.1889   199     1380.0000      398.0000   249925   71.16%
Elapsed time = 29.86 sec. (40345.98 ticks, tree = 2.28 MB, solutions = 5)
    503   436      407.3352   195     1380.0000      398.0000   251296   71.16%
    508   436      410.1516   173     1380.0000      398.0000   252893   71.16%
    516   437      415.8003   161     1380.0000      398.0000   255179   71.16%
    525   435      423.1569   157     1380.0000      398.0000   259222   71.16%
    533   435      495.3069   138     1380.0000      398.0000   264459   71.16%
    540   431      432.0020   161     1380.0000      398.0000   270608   71.16%
    555   430      448.0000   158     1380.0000      398.0000   279301   71.16%
    568   426      527.0631   136     1380.0000      398.0000   288549   71.16%
    584   425      640.5179   121     1380.0000      398.0000   298654   71.16%
*   590+  298                         1360.0000      398.0000   302655   70.74%
    594   298      564.0297   125     1360.0000      398.0000   305637   70.74%
Elapsed time = 37.04 sec. (50545.48 ticks, tree = 2.57 MB, solutions = 6)
    605   299      652.0000   114     1360.0000      398.0000   314095   70.74%
    612   299      788.4755    99     1360.0000      398.0000   319966   70.74%
    634   309      963.2195    87     1360.0000      398.0000   330141   70.74%
    653   319      930.0000   108     1360.0000      398.0000   332619   70.74%
    689   337     1073.0000    86     1360.0000      398.0000   341370   70.74%
    710   348     1073.0000    79     1360.0000      398.0000   347269   70.74%
    750   366     1074.0000    71     1360.0000      398.0000   356483   70.74%
    784   379     1077.0000    54     1360.0000      398.0000   372916   70.74%
    809   384     1078.0000    54     1360.0000      398.0000   382014   70.74%
    826   386     1082.5749    45     1360.0000      398.0000   391254   70.74%
Elapsed time = 45.42 sec. (60817.94 ticks, tree = 7.23 MB, solutions = 6)
    864   403     1109.0683    39     1360.0000      398.0000   409851   70.74%
*   890+  371                         1340.0000      398.0000   424492   70.30%
    898   374     1091.2506    33     1340.0000      398.0000   430283   70.30%
    923   384     1249.1793    38     1340.0000      398.0000   448509   70.30%
    943   391      400.3534   183     1340.0000      398.7272   460424   70.24%
    963   395      586.9889    85     1340.0000      398.7272   471963   70.24%
    977   398      623.1475   108     1340.0000      398.7272   483318   70.24%
    990   398      624.1888   121     1340.0000      398.7272   491316   70.24%
   1005   398      626.6295   118     1340.0000      398.7272   500414   70.24%
   1023   401      687.0000   145     1340.0000      398.7272   509187   70.24%
   1043   401      807.0676   125     1340.0000      398.7272   518390   70.24%
Elapsed time = 53.52 sec. (71082.74 ticks, tree = 10.98 MB, solutions = 7)
   1059   401     1032.5965   117     1340.0000      398.7272   524081   70.24%
   1090   417     1222.0000   109     1340.0000      398.7272   527886   70.24%
   1152   476     1229.0000    68     1340.0000      398.7272   535664   70.24%
   1221   542     1230.0000    88     1340.0000      398.7272   547455   70.24%
   1300   617     1231.1555    52     1340.0000      398.7272   561594   70.24%
   1347   657     1235.1178    37     1340.0000      398.7272   579786   70.24%
   1386   686     1232.0000    55     1340.0000      398.7272   607440   70.24%
   1399   691     1237.8831    45     1340.0000      398.7272   621807   70.24%
   1444   719    infeasible           1340.0000      398.7272   640444   70.24%
   1482   734     1260.0000    32     1340.0000      398.7272   666082   70.24%
Elapsed time = 61.61 sec. (81238.30 ticks, tree = 19.48 MB, solutions = 7)
   1507   746      757.5197    78     1340.0000      398.8082   681800   70.24%
   1516   755      964.4707    82     1340.0000      401.0000   691804   70.07%
   1528   766     1069.0482    99     1340.0000      401.0000   699310   70.07%
   1540   777     1133.0000   112     1340.0000      401.0000   707668   70.07%
   1579   816     1133.0000    91     1340.0000      401.0000   709758   70.07%
   1623   860     1133.0000    94     1340.0000      401.0000   714534   70.07%
   1691   928     1133.0000    83     1340.0000      401.0000   723106   70.07%
   1709   946      839.6043    97     1340.0000      401.0000   735573   70.07%
   1737   970     1124.4816    95     1340.0000      401.0000   749953   70.07%
   1772  1000     1199.0000   112     1340.0000      401.0000   756700   70.07%
Elapsed time = 69.46 sec. (91082.66 ticks, tree = 26.80 MB, solutions = 7)
   1874  1102     1199.0000    92     1340.0000      401.0000   762396   70.07%
   1907  1135      437.5417   191     1340.0000      401.0000   769585   70.07%
   1950  1168      855.3970   114     1340.0000      401.0000   782389   70.07%
   2039  1248     1199.0000   115     1340.0000      401.0000   789922   70.07%
   2101  1309     1108.0549    99     1340.0000      401.8605   804202   70.01%
   2170  1377     1163.0000    96     1340.0000      401.8605   811768   70.01%
   2213  1417     1170.7002    73     1340.0000      401.8605   820042   70.01%
   2292  1493      402.0309   209     1340.0000      402.0000   831386   70.00%
   2310  1510      837.5197   123     1340.0000      402.0000   843534   70.00%
   2329  1523      894.0028   103     1340.0000      402.0000   858208   70.00%
Elapsed time = 77.83 sec. (101402.29 ticks, tree = 37.24 MB, solutions = 7)
   2347  1538      839.8602   104     1340.0000      402.0000   874080   70.00%
   2362  1552      708.3553   128     1340.0000      402.0000   886774   70.00%
   2376  1562     1112.9708   103     1340.0000      402.0000   899057   70.00%
   2396  1579     1200.0000   108     1340.0000      402.0000   904419   70.00%
   2409  1588     1205.0000    97     1340.0000      402.0000   910717   70.00%
   2490  1669     1205.0000    38     1340.0000      402.0000   926005   70.00%
   2506  1685      440.3768   180     1340.0000      402.1749   933942   69.99%
   2526  1705      590.6496   137     1340.0000      402.1749   938539   69.99%
   2582  1758     1220.0000   107     1340.0000      402.1749   945191   69.99%
   2887  2048     1176.9757    98     1340.0000      402.1965   977930   69.99%
Elapsed time = 88.31 sec. (114400.74 ticks, tree = 49.83 MB, solutions = 7)
   3111  2265      840.8917   115     1340.0000      402.2264  1022649   69.98%
   3299  2448      758.1747   102     1340.0000      402.2264  1060074   69.98%
   3349  2497     1085.1012   113     1340.0000      402.2264  1105722   69.98%
*  3390+ 2521                         1290.0000      402.2264  1113020   68.82%
   3503  2627      964.8417   100     1290.0000      402.3025  1146672   68.81%
   3721  2840      761.3273   115     1290.0000      402.3242  1178748   68.81%
   3976  3089     1148.0000    83     1290.0000      402.7090  1227034   68.78%
*  4190+ 3230                         1250.0000      403.7218  1282323   67.70%
   4250  3290     1156.0000    97     1250.0000      403.7218  1285677   67.70%
*  4390+ 3375                         1240.0000      403.8631  1344784   67.43%
   4405  3392     1178.0000    91     1240.0000      403.8631  1345880   67.43%
   4701  3676      838.0000   114     1240.0000      403.9346  1418756   67.42%
   4904  3872      443.9979   182     1240.0000      404.0000  1456170   67.42%
Elapsed time = 121.26 sec. (152864.41 ticks, tree = 81.61 MB, solutions = 10)
   5115  4076      493.4846   158     1240.0000      404.0000  1490673   67.42%
   5306  4258      427.1308   184     1240.0000      404.1473  1528748   67.41%
   5365  4316     1186.0000   111     1240.0000      404.1473  1575276   67.41%
   5509  4450      457.9388   168     1240.0000      404.1473  1614564   67.41%
   5693  4627      406.2717   193     1240.0000      404.2854  1637707   67.40%
   5924  4856      783.4342   110     1240.0000      404.5100  1685265   67.38%
   6126  5050      799.6505   129     1240.0000      404.6355  1734765   67.37%
   6352  5272     1145.0000    99     1240.0000      404.6550  1807015   67.37%
   6590  5500     1133.0000    87     1240.0000      405.4499  1885576   67.30%
   6906  5806      444.3585   166     1240.0000      405.5995  1932770   67.29%
Elapsed time = 154.22 sec. (191684.66 ticks, tree = 115.73 MB, solutions = 10)
   7292  6186      837.1098    94     1240.0000      405.6576  2010541   67.29%
   7590  6469     1167.0000    92     1240.0000      405.8153  2090693   67.27%
   7902  6778      441.1571   164     1240.0000      406.0168  2150795   67.26%
   8120  6982      842.2301   117     1240.0000      406.1807  2202213   67.24%
   8321  7175      757.4699    98     1240.0000      406.2184  2248290   67.24%
   8384  7236     1133.0000    89     1240.0000      406.2184  2296121   67.24%
   8524  7371      865.6781   123     1240.0000      406.2717  2351285   67.24%
   8723  7566      781.9416   129     1240.0000      406.4213  2398493   67.22%
   8911  7749      758.1624   101     1240.0000      406.4872  2433506   67.22%
   9114  7940      761.9274    94     1240.0000      406.5126  2480158   67.22%
Elapsed time = 188.02 sec. (230188.02 ticks, tree = 145.58 MB, solutions = 10)
   9336  8158     1077.8168   105     1240.0000      406.5241  2549486   67.22%
   9529  8345      837.9414   121     1240.0000      407.0000  2613219   67.18%
   9722  8532      561.4755   146     1240.0000      407.0000  2647513   67.18%
   9933  8740      943.1749   111     1240.0000      407.4681  2690241   67.14%
  10250  9050     1164.0000    77     1240.0000      407.4681  2734110   67.14%
  10695  9478      837.1098    94     1240.0000      407.6851  2829980   67.12%
  11064  9821     1171.0000    63     1240.0000      407.8101  2911667   67.11%
  11336 10084     1038.7518    88     1240.0000      407.8721  2984138   67.11%
  11693 10424      418.7441   175     1240.0000      408.0000  3066047   67.10%
  11924 10642      626.9930   122     1240.0000      408.0377  3115457   67.09%
Elapsed time = 236.80 sec. (285836.95 ticks, tree = 179.41 MB, solutions = 10)
  12228 10932     1205.0000    87     1240.0000      408.0399  3188611   67.09%
  12418 11113     1166.8977    70     1240.0000      408.0399  3243240   67.09%
  12543 11231     1166.6668    77     1240.0000      408.2418  3300980   67.08%
  12816 11497     1167.0000    66     1240.0000      408.3084  3354725   67.07%
  13110 11784      489.8807   151     1240.0000      408.4591  3406597   67.06%
  13327 11999      773.6700   119     1240.0000      408.5701  3472320   67.05%
  13529 12183      898.6464   106     1240.0000      408.5941  3535705   67.05%
  13892 12536      757.0492   115     1240.0000      409.0000  3594570   67.02%
  14108 12745      459.1835   161     1240.0000      409.0000  3651082   67.02%
  14297 12926      868.8385   109     1240.0000      409.0000  3688824   67.02%
Elapsed time = 270.83 sec. (324374.72 ticks, tree = 190.87 MB, solutions = 10)
  14490 13112     1192.0000    70     1240.0000      409.0000  3743083   67.02%
  14890 13502     1187.0000    64     1240.0000      409.5709  3806682   66.97%
  15128 13734      877.1146   102     1240.0000      409.7293  3874150   66.96%
  15336 13936      646.2243   118     1240.0000      409.7990  3932292   66.95%
  15579 14166     1165.0000    94     1240.0000      409.8807  4017045   66.95%
  15911 14487      844.4318   102     1240.0000      409.9660  4069393   66.94%
  16190 14739     1169.0000    63     1240.0000      409.9753  4151456   66.94%
* 16290+14637                         1230.0000      409.9753  4162357   66.67%
  16414 14751     1170.0000    72     1230.0000      409.9818  4209572   66.67%
  16703 15025      839.1133    96     1230.0000      410.2912  4281190   66.64%
  16960 15261     1179.0000    97     1230.0000      410.3370  4341273   66.64%
Elapsed time = 306.07 sec. (362901.46 ticks, tree = 192.66 MB, solutions = 11)
  17245 15533     1190.2720    80     1230.0000      410.3370  4402504   66.64%
  17472 15743     1174.6184    57     1230.0000      410.4130  4463300   66.63%
  17692 15946      867.1325   113     1230.0000      410.5121  4518089   66.63%
  17790 16033     1181.0000    95     1230.0000      410.5121  4553295   66.63%
  18126 16355      771.4444    81     1230.0000      410.6343  4574371   66.62%
  18361 16580     1157.0000   103     1230.0000      410.6379  4595714   66.61%
  18461 16663     1159.0000    54     1230.0000      410.6379  4620551   66.61%
  18590 16785     1148.0000    81     1230.0000      410.6741  4640144   66.61%
  18822 17009     1149.0000    82     1230.0000      410.7069  4662512   66.61%
  19079 17253     1148.0000    75     1230.0000      410.8606  4682704   66.60%
Elapsed time = 336.87 sec. (401795.17 ticks, tree = 243.83 MB, solutions = 11)
  19280 17445     1186.0000    70     1230.0000      410.9461  4704802   66.59%
  19339 17496     1135.0000    92     1230.0000      411.0000  4726745   66.59%
  19447 17599     1140.0000    46     1230.0000      411.0000  4751262   66.59%
  19578 17723     1176.0000   107     1230.0000      411.0000  4775675   66.59%
  19732 17866     1174.7172    93     1230.0000      411.0000  4790835   66.59%
  19985 18106     1179.1487    89     1230.0000      411.1110  4811037   66.58%
  20216 18327     1131.0000    67     1230.0000      411.5240  4829431   66.54%
  20419 18517     1191.0000    62     1230.0000      411.6867  4853819   66.53%
  20620 18711     1166.0000    75     1230.0000      411.7773  4875338   66.52%
  20828 18908     1175.0000    76     1230.0000      411.8617  4898413   66.52%
Elapsed time = 365.81 sec. (440240.81 ticks, tree = 304.46 MB, solutions = 11)
  21034 19109     1168.0000    85     1230.0000      411.9217  4919306   66.51%
  21225 19293     1190.9028    99     1230.0000      411.9307  4941558   66.51%
  21360 19421     1167.2341   103     1230.0000      411.9432  4963173   66.51%
  21468 19511     1172.0000    65     1230.0000      411.9432  4989897   66.51%
  21717 19750      841.8088    90     1230.0000      411.9647  5010703   66.51%
  21939 19967     1193.0000    85     1230.0000      412.0112  5028454   66.50%
  22150 20169     1199.0000   102     1230.0000      412.0380  5048423   66.50%
  22294 20309      891.6992    99     1230.0000      412.1343  5070227   66.49%
* 22390+20139                         1220.0000      412.1343  5084869   66.22%
  22438 20184     1195.0000    72     1220.0000      412.1343  5091207   66.22%
  22604 20340     1167.0000    73     1220.0000      412.2283  5109651   66.21%
Elapsed time = 394.79 sec. (478810.89 ticks, tree = 351.79 MB, solutions = 12)
  22842 20566     1169.0629    74     1220.0000      412.3454  5132244   66.20%
  23086 20801     1179.0000    53     1220.0000      412.3717  5151198   66.20%
  23271 20973     1205.0000    87     1220.0000      412.3803  5171154   66.20%
  23388 21089     1178.9396    72     1220.0000      412.3885  5191272   66.20%
  23460 21148     1191.0000    58     1220.0000      412.3885  5212436   66.20%
  23635 21316     1173.0000    90     1220.0000      412.4070  5230613   66.20%
  23880 21557     1207.3911    78     1220.0000      412.4926  5248803   66.19%
  24090 21759     1183.0000    81     1220.0000      412.5577  5269519   66.18%
  24316 21978     1123.3130    76     1220.0000      412.6581  5291061   66.18%
  24440 22094     1179.0000    56     1220.0000      412.6581  5315815   66.18%
Elapsed time = 429.27 sec. (518072.69 ticks, tree = 409.20 MB, solutions = 12)
  24669 22319     1180.0000    72     1220.0000      412.6772  5336770   66.17%
  24878 22521     1204.0000    81     1220.0000      412.8859  5355319   66.16%
  25093 22730      414.5362   188     1220.0000      413.0000  5375189   66.15%
  25296 22920      867.1325   110     1220.0000      413.0000  5390425   66.15%
  25455 23066     1180.5547    47     1220.0000      413.0000  5416541   66.15%
  25701 23300      832.1060    97     1220.0000      413.0501  5438152   66.14%
  25930 23526      995.8555    74     1220.0000      413.0516  5459783   66.14%
  26142 23731     1197.1433    79     1220.0000      413.0643  5478493   66.14%
  26344 23925     1136.7987    91     1220.0000      413.0775  5501809   66.14%
  26480 24056     1135.0000    60     1220.0000      413.0775  5525587   66.14%
Elapsed time = 458.42 sec. (556785.04 ticks, tree = 455.91 MB, solutions = 12)
  26635 24205     1131.0000    94     1220.0000      413.0775  5545307   66.14%
  26890 24455     1149.0000    50     1220.0000      413.4267  5568621   66.11%
  27128 24690      709.9134   108     1220.0000      414.0000  5587779   66.07%
  27295 24854      415.6746   177     1220.0000      414.0000  5606053   66.07%
  27395 24951     1164.0000    83     1220.0000      414.0883  5628150   66.06%
  27530 25080      786.5677    83     1220.0000      414.1828  5657416   66.05%
  27721 25262      844.8417    93     1220.0000      414.1908  5676963   66.05%
  27944 25479     1163.5146    70     1220.0000      414.2394  5694713   66.05%
  28255 25781     1175.0000    65     1220.0000      414.2676  5718546   66.04%
  28410 25927     1175.0000    53     1220.0000      414.2844  5740749   66.04%
Elapsed time = 487.44 sec. (595340.46 ticks, tree = 520.02 MB, solutions = 12)
  28653 26160     1171.0000    77     1220.0000      414.2947  5763668   66.04%
  28842 26346     1185.1933    85     1220.0000      414.3424  5782014   66.04%
  29138 26636     1037.4429    93     1220.0000      414.4956  5802184   66.02%
  29356 26846     1185.1969    80     1220.0000      414.5189  5822146   66.02%
  29440 26926     1198.8519    56     1220.0000      414.5189  5846991   66.02%
  29523 27003      840.0325    86     1220.0000      414.5362  5872722   66.02%
  29826 27296     1180.0000    75     1220.0000      414.5438  5891035   66.02%
  30077 27539     1166.0350    64     1220.0000      414.6571  5912223   66.01%
  30330 27787     1112.6533   104     1220.0000      414.7041  5930832   66.01%
  30453 27902     1169.0000    71     1220.0000      414.7041  5953390   66.01%
Elapsed time = 516.25 sec. (634150.04 ticks, tree = 590.74 MB, solutions = 12)
  30590 28032     1165.0000    67     1220.0000      414.7128  5974566   66.01%
  30820 28256     1180.0000    88     1220.0000      414.7769  5995501   66.00%
  31136 28565     1174.4968    69     1220.0000      414.9038  6013633   65.99%
  31348 28772     1164.0000    79     1220.0000      414.9355  6034187   65.99%
  31479 28897     1174.3431    47     1220.0000      414.9355  6060928   65.99%
  31892 29305      452.8736   154     1220.0000      414.9830  6079530   65.98%
  32072 29483     1197.0000    78     1220.0000      414.9830  6097914   65.98%
  32330 29736        cutoff           1220.0000      415.0652  6118175   65.98%
  32424 29824     1179.0979    61     1220.0000      415.0652  6140457   65.98%
  32577 29969     1176.0000    98     1220.0000      415.1475  6164056   65.97%
Elapsed time = 545.61 sec. (673291.97 ticks, tree = 649.59 MB, solutions = 12)
  32790 30172     1197.0000    59     1220.0000      415.1564  6179821   65.97%
  32992 30372     1136.0000    62     1220.0000      415.1978  6192190   65.97%
  33137 30517      879.5884    90     1220.0000      415.3329  6198881   65.96%
  33221 30599     1179.0000    85     1220.0000      415.3329  6207836   65.96%
  33371 30745     1138.6946    57     1220.0000      415.4239  6226638   65.95%
  33490 30859     1149.0000    44     1220.0000      415.4239  6250684   65.95%
  33629 30996     1136.4265    79     1220.0000      415.5077  6263230   65.94%
  33862 31225     1172.0000    70     1220.0000      415.7290  6275299   65.92%
  34118 31477      841.5000    99     1220.0000      415.9024  6290229   65.91%
  34388 31731     1168.6442    37     1220.0000      415.9906  6312463   65.90%
Elapsed time = 577.38 sec. (714567.43 ticks, tree = 718.26 MB, solutions = 12)
  34486 31824     1171.2184    38     1220.0000      415.9906  6345924   65.90%
  34593 31928     1178.0000   114     1220.0000      416.0000  6354478   65.90%
  34792 32121     1187.0000    66     1220.0000      416.0000  6371467   65.90%
  35092 32405      758.1747    87     1220.0000      416.0927  6393280   65.89%
  35379 32686     1185.0000    64     1220.0000      416.0992  6409879   65.89%
  35456 32757     1194.0198    47     1220.0000      416.0992  6436224   65.89%
  35663 32962     1166.0000    86     1220.0000      416.3365  6452910   65.87%

GUB cover cuts applied:  1
Cover cuts applied:  1
Implied bound cuts applied:  146
Flow cuts applied:  177
Mixed integer rounding cuts applied:  65
Zero-half cuts applied:  1
Lift and project cuts applied:  5

Root node processing (before b&c):
  Real time             =    2.77 sec. (4032.86 ticks)
Sequential b&c:
  Real time             =  597.23 sec. (740799.16 ticks)
                          ------------
Total (root+branch&cut) =  600.00 sec. (744832.03 ticks)
