Tried aggregator 2 times.
MIP Presolve eliminated 468 rows and 70 columns.
MIP Presolve modified 219 coefficients.
Aggregator did 26 substitutions.
Reduced MIP has 510 rows, 861 columns, and 3070 nonzeros.
Reduced MIP has 442 binaries, 2 generals, 0 SOSs, and 0 indicators.
Presolve time = 0.01 sec. (4.06 ticks)
Found incumbent of value 2800.000000 after 0.01 sec. (8.16 ticks)
Probing time = 0.01 sec. (3.87 ticks)
Cover probing fixed 0 vars, tightened 199 bounds.
Tried aggregator 1 time.
MIP Presolve eliminated 1 rows and 1 columns.
MIP Presolve modified 190 coefficients.
Reduced MIP has 509 rows, 860 columns, and 3068 nonzeros.
Reduced MIP has 441 binaries, 16 generals, 0 SOSs, and 0 indicators.
Presolve time = 0.00 sec. (1.84 ticks)
Probing fixed 0 vars, tightened 3 bounds.
Probing time = 0.00 sec. (3.68 ticks)
Clique table members: 641.
MIP emphasis: balance optimality and feasibility.
MIP search method: dynamic search.
Parallel mode: none, using 1 thread.
Root relaxation solution time = 0.01 sec. (10.20 ticks)

        Nodes                                         Cuts/
   Node  Left     Objective  IInf  Best Integer    Best Bound    ItCnt     Gap

*     0+    0                         2800.0000        0.0000      326  100.00%
      0     0      121.8572    82     2800.0000      121.8572      326   95.65%
      0     0      124.3150    76     2800.0000      Cuts: 25      684   95.56%
      0     0      217.0632    80     2800.0000      Cuts: 62     1104   92.25%
      0     0      230.6510    77     2800.0000      Cuts: 53     1271   91.76%
      0     0      231.3104    79     2800.0000      Cuts: 24     1330   91.74%
      0     0      231.4349    82     2800.0000      Cuts: 24     1401   91.73%
      0     0      231.4364    85     2800.0000      Cuts: 12     1434   91.73%
      0     0      231.5178    81     2800.0000      Cuts: 17     1478   91.73%
      0     0      231.5248    82     2800.0000      Cuts: 22     1518   91.73%
*     0+    0                         1420.0000      231.5248     1518   83.70%
*     0+    0                         1170.0000      231.5248     1518   80.21%
*     0+    0                         1040.0000      231.5248     1518   77.74%
*     0+    0                         1020.0000      231.5248     1518   77.30%
      0     2      231.5248    79     1020.0000      231.5248     1518   77.30%
Elapsed time = 1.09 sec. (1213.11 ticks, tree = 0.00 MB, solutions = 5)
     50    52      237.8858    68     1020.0000      231.6025     2862   77.29%
    129   131      291.8791    45     1020.0000      231.6025     7195   77.29%
*   224+  201                          980.0000      231.6025    12165   76.37%
*   224+  201                          960.0000      231.6025    12165   75.87%
*   224+  199                          890.0000      231.6025    12165   73.98%
    240   217      245.6545    66      890.0000      231.7213    12788   73.96%
    390   354      480.7938    40      890.0000      231.7286    19821   73.96%
*   513+  314                          870.0000      465.5412    26369   46.49%
*   513+  209                          860.0000      465.5412    26369   45.87%
    513   210      648.0000    75      860.0000      648.0000    33128   24.65%
    517   211      714.0000    67      860.0000      648.8977    35213   24.55%
    524   216      846.0906    58      860.0000      648.8977    36672   24.55%
    543   211      858.4583    34      860.0000      648.8977    38042   24.55%
    613   186      736.5390    53      860.0000      650.8049    42813   24.33%
    969   328      703.2260    68      860.0000      656.1244    60492   23.71%
Elapsed time = 7.01 sec. (8228.61 ticks, tree = 0.23 MB, solutions = 10)
   1548   807      831.9884    60      860.0000      681.7359    89510   20.73%
   2142  1268    infeasible            860.0000      702.4669   116546   18.32%
   2687  1695      817.4573    43      860.0000      728.1896   141596   15.33%
   3237  2136      834.0000    27      860.0000      736.5390   167239   14.36%
   3988  2747      838.0000    37      860.0000      772.8221   200850   10.14%
   4640  3251    infeasible            860.0000      773.7262   231559   10.03%
   5310  3797      818.4831    52      860.0000      775.3852   261165    9.84%
   6067  4415      844.2363    30      860.0000      777.0000   293921    9.65%
   6647  4870      834.0000    49      860.0000      777.0000   322046    9.65%
   7376  5477      839.0000    33      860.0000      777.0000   351029    9.65%
Elapsed time = 15.41 sec. (17779.19 ticks, tree = 3.18 MB, solutions = 10)
   7903  5896      832.0814    26      860.0000      778.6270   379225    9.46%
   8345  6261      834.5365    23      860.0000      780.1907   405378    9.28%
   8797  6638      858.0308    22      860.0000      781.0000   426729    9.19%
   9307  7078      835.0649    21      860.0000      782.0000   449745    9.07%
   9733  7435      833.9408    33      860.0000      783.4586   467676    8.90%
  10180  7810      823.3607    41      860.0000      786.1334   488506    8.59%
  10559  8114      843.3650    23      860.0000      786.6567   507696    8.53%
  10845  8359      839.0000    43      860.0000      787.7678   518041    8.40%
  11279  8719      840.0000    28      860.0000      788.4286   541381    8.32%
  11828  9184      833.6374    32      860.0000      799.8986   565018    6.99%
Elapsed time = 23.84 sec. (27346.06 ticks, tree = 21.23 MB, solutions = 10)
  12234  9520        cutoff            860.0000      799.8986   588184    6.99%
  12556  9789      842.1038    27      860.0000      799.8986   604699    6.99%
  12959 10122      818.0713    60      860.0000      803.5388   628151    6.57%
  13423 10514        cutoff            860.0000      808.0000   649335    6.05%
  13769 10799      856.6667    22      860.0000      809.8729   667489    5.83%
  14195 11150      853.3333    30      860.0000      814.5400   686481    5.29%
  14584 11477      854.0491    18      860.0000      815.9110   703293    5.13%
  14994 11816      847.2248    33      860.0000      815.9110   723591    5.13%
  15430 12193      852.0000    16      860.0000      815.9110   746049    5.13%
  15717 12432      817.8373    53      860.0000      815.9110   762306    5.13%
Elapsed time = 32.51 sec. (36949.32 ticks, tree = 38.15 MB, solutions = 10)
  16063 12733      844.6244    23      860.0000      815.9110   783761    5.13%
  16472 13070      837.0304    42      860.0000      815.9110   805147    5.13%
  16899 13438      851.0000    22      860.0000      815.9876   826710    5.12%
  17301 13790      838.0000    17      860.0000      816.0071   846592    5.12%
  17739 14159      833.6105    18      860.0000      816.0071   866190    5.12%
  18126 14491      840.5707    22      860.0000      816.0071   885392    5.12%
  18501 14816      843.0000    40      860.0000      816.1527   904365    5.10%
  18777 15048      836.0000    35      860.0000      816.1527   917338    5.10%
  19123 15364      837.0000    37      860.0000      816.1527   935715    5.10%
  19512 15694      831.9744    35      860.0000      816.1791   955257    5.10%
Elapsed time = 40.09 sec. (46509.80 ticks, tree = 55.57 MB, solutions = 10)
  19932 16057      837.3772    13      860.0000      816.4178   974825    5.07%
  20314 16392      850.5945    17      860.0000      816.4178   996471    5.07%
  20716 16747      850.6786    26      860.0000      817.0000  1018069    5.00%
  21137 17103      837.3908    26      860.0000      817.4573  1039068    4.95%
  21513 17420      847.3943    30      860.0000      817.6171  1057897    4.93%
  21921 17752      848.0000    24      860.0000      817.6171  1078141    4.93%
  22373 18139      857.5063    21      860.0000      817.6171  1098153    4.93%
  22813 18522      852.0000    38      860.0000      818.0000  1116632    4.88%
  23232 18882      835.0000    38      860.0000      818.0000  1135091    4.88%
  23589 19194      840.0000    37      860.0000      818.0000  1150789    4.88%
Elapsed time = 47.88 sec. (56162.43 ticks, tree = 73.30 MB, solutions = 10)
  24006 19565      850.3686    17      860.0000      818.0000  1169311    4.88%
  24411 19912      820.5000    55      860.0000      818.0000  1187631    4.88%
  24788 20260      853.8126    17      860.0000      818.0000  1202794    4.88%
  25313 20733      838.0000    21      860.0000      818.0000  1221234    4.88%
  25681 21051      840.8816    20      860.0000      818.0000  1242045    4.88%
  26260 21583      848.9374    17      860.0000      818.0000  1260976    4.88%
  26590 21871      843.3333    21      860.0000      818.3741  1273790    4.84%
  27101 22334      844.0000    20      860.0000      818.4110  1292494    4.84%
  27646 22819      855.0000    20      860.0000      818.4831  1312242    4.83%
  28160 23274      851.0000    17      860.0000      818.4831  1331638    4.83%
Elapsed time = 55.40 sec. (65736.80 ticks, tree = 95.92 MB, solutions = 10)
  28694 23753      840.4717    33      860.0000      818.4831  1351128    4.83%
  29273 24263      842.4053    30      860.0000      818.5114  1371437    4.82%
  29807 24737      840.0000    26      860.0000      818.6387  1389342    4.81%
  30278 25153      821.7698    42      860.0000      818.8333  1407045    4.79%
  30686 25512      845.0000    22      860.0000      818.8333  1421670    4.79%
  31142 25897      835.0000    47      860.0000      818.8884  1440444    4.78%
  31623 26326      841.5711    30      860.0000      819.0000  1457543    4.77%
  32033 26687      836.6667    51      860.0000      819.0437  1474944    4.76%
  32493 27101      836.6667    35      860.0000      819.0437  1492430    4.76%
  32837 27410      848.0998    18      860.0000      819.0652  1506548    4.76%
Elapsed time = 63.14 sec. (75322.20 ticks, tree = 121.59 MB, solutions = 10)
  33303 27814      820.5000    38      860.0000      819.1847  1525529    4.75%
  33837 28279      837.0296    36      860.0000      819.3172  1543456    4.73%
  34382 28761      839.5630    29      860.0000      819.4947  1562033    4.71%
  34760 29098      843.4403    19      860.0000      820.0266  1574114    4.65%
  35486 29743      842.0162    34      860.0000      820.1311  1592859    4.64%
  36153 30335      821.6552    39      860.0000      820.4061  1611502    4.60%
  36618 30747      839.5153    23      860.0000      820.5000  1630618    4.59%
  37253 31291      836.6667    37      860.0000      820.5000  1650540    4.59%
  37787 31763      824.3730    47      860.0000      820.5000  1670231    4.59%
  38303 32224      856.6667    16      860.0000      820.5000  1688691    4.59%
Elapsed time = 71.12 sec. (84877.81 ticks, tree = 160.64 MB, solutions = 10)
  38677 32552      835.0000    41      860.0000      820.5000  1700752    4.59%
  39163 32981      833.6391    50      860.0000      820.5000  1718080    4.59%
  39681 33430      851.3861    15      860.0000      820.5000  1734916    4.59%
  40293 33974      836.6667    19      860.0000      820.5000  1752131    4.59%
  40836 34455      842.4531    23      860.0000      820.5000  1771028    4.59%
  41350 34904      838.6137    31      860.0000      820.5000  1790619    4.59%
  41886 35362      820.5000    46      860.0000      820.5000  1808024    4.59%
  42472 35848      820.5000    35      860.0000      820.5000  1825725    4.59%
  42899 36213      833.4136    48      860.0000      820.5000  1841233    4.59%
  44946 38013      821.5087    32      860.0000      820.5000  1910132    4.59%
Elapsed time = 80.98 sec. (97347.65 ticks, tree = 202.65 MB, solutions = 10)
  47221 39994      856.6667    15      860.0000      820.5000  1981750    4.59%
  49238 41756      856.7742    14      860.0000      820.6963  2043882    4.57%
  51513 43781      842.2222    27      860.0000      820.8354  2108713    4.55%
  53710 45705      837.2954    28      860.0000      820.8858  2178936    4.55%
  55743 47492      840.0743    16      860.0000      820.8858  2245121    4.55%
  57914 49408      840.2850    13      860.0000      820.8903  2317316    4.55%
  60442 51643      835.0000    40      860.0000      820.9787  2379367    4.54%
  62506 53493      841.4091    36      860.0000      821.0229  2447681    4.53%
  64805 55525      823.3607    53      860.0000      821.1274  2512727    4.52%
  67265 57645      840.0951    22      860.0000      821.2639  2579994    4.50%
Elapsed time = 111.26 sec. (135571.07 ticks, tree = 364.11 MB, solutions = 10)
  69411 59538      822.1667    26      860.0000      821.3980  2643566    4.49%
  71615 61424      840.5515    23      860.0000      821.4865  2712663    4.48%
  73873 63334      828.0670    45      860.0000      821.5648  2777162    4.47%
  76218 65376      837.2966    21      860.0000      821.6587  2844050    4.46%
  78321 67205      832.9560    44      860.0000      821.7728  2910793    4.45%
  80869 69416      844.5408    24      860.0000      821.9105  2979725    4.43%
  83037 71329      836.6667    45      860.0000      821.9485  3040635    4.42%
  85134 73098      841.7867    29      860.0000      822.0537  3103382    4.41%
  87331 74978      850.0000    19      860.0000      822.1811  3170466    4.40%
  89770 77086      836.0499    38      860.0000      822.2207  3237328    4.39%
Elapsed time = 141.43 sec. (173765.87 ticks, tree = 525.63 MB, solutions = 10)
  92018 78939      853.5576    17      860.0000      822.2207  3306065    4.39%
  94230 80812      838.2367    37      860.0000      822.2798  3372378    4.39%
  96527 82791      853.9797    24      860.0000      822.4020  3435450    4.37%
  98913 84830      825.5000    34      860.0000      822.5000  3499290    4.36%
 101337 86928      840.5667    17      860.0000      822.5695  3565497    4.35%
 103967 89224      826.1647    40      860.0000      822.8892  3633396    4.32%
 106680 91620      853.0000    16      860.0000      823.0000  3699957    4.30%
 108967 93603      840.0000    30      860.0000      823.0000  3763289    4.30%
 111119 95448      832.3778    26      860.0000      823.2259  3825242    4.28%
 113770 97760      823.6898    35      860.0000      823.3607  3885068    4.26%
Elapsed time = 171.35 sec. (211984.67 ticks, tree = 700.99 MB, solutions = 10)
 115996 99710      826.1445    38      860.0000      823.3607  3946332    4.26%
 118800 102225        cutoff            860.0000      823.4125  4012921    4.25%
 121268 104414      840.5156    28      860.0000      823.5284  4077317    4.24%
 123717 106539      842.2124    31      860.0000      823.7143  4140742    4.22%
 125876 108450      844.0956    26      860.0000      823.9219  4201284    4.20%
 128648 110861      841.6880    25      860.0000      823.9887  4266852    4.19%
 130997 112890      857.4658    26      860.0000      824.1361  4330758    4.17%
 133463 114980      827.0260    32      860.0000      824.3734  4396285    4.14%
 135840 117027      826.4170    27      860.0000      824.4399  4460756    4.13%
 138019 118916      843.3333    15      860.0000      824.4796  4524493    4.13%
Elapsed time = 201.28 sec. (250158.60 ticks, tree = 891.40 MB, solutions = 10)
 140019 120643      843.3333    21      860.0000      824.6147  4590022    4.11%
 142426 122743      851.0000    47      860.0000      824.6845  4649583    4.11%
 145531 125525      844.2239    23      860.0000      824.7634  4710302    4.10%
 147791 127456      833.6609    25      860.0000      824.9115  4771316    4.08%
 150160 129492      840.5674    26      860.0000      824.9915  4837810    4.07%
 152330 131374      839.6191    22      860.0000      825.0521  4902608    4.06%
 154365 133154      832.4783    42      860.0000      825.0521  4964624    4.06%
 156546 135063        cutoff            860.0000      825.1256  5033194    4.06%
 158717 136971      847.1106    22      860.0000      825.2582  5095351    4.04%
 161713 139530      842.8858    20      860.0000      825.3968  5157424    4.02%
Elapsed time = 231.87 sec. (288336.46 ticks, tree = 1053.79 MB, solutions = 10)
 164124 141587      840.2373    18      860.0000      825.4484  5221636    4.02%
 166739 143927      858.1835    27      860.0000      825.5000  5282253    4.01%
 169083 145951      842.8858    32      860.0000      825.5000  5349627    4.01%
 171191 147746      836.9477    26      860.0000      825.5000  5412315    4.01%
 173628 149882      840.0000    26      860.0000      825.5000  5477705    4.01%
 175926 151950      849.6791    20      860.0000      825.5000  5540946    4.01%
 178337 154096      838.1232    41      860.0000      825.5000  5601229    4.01%
 180754 156199      844.7370    18      860.0000      825.5000  5666208    4.01%
 183174 158295      836.7097    19      860.0000      825.5000  5731381    4.01%
 185567 160403      838.1878    31      860.0000      825.5000  5795413    4.01%
Elapsed time = 264.27 sec. (326516.22 ticks, tree = 1229.93 MB, solutions = 10)
 187594 162169      840.0000    29      860.0000      825.5000  5857745    4.01%
 190022 164263      840.8695    33      860.0000      825.5893  5924189    4.00%
 192513 166461      838.3950    18      860.0000      825.6645  5988450    3.99%
 194463 168159      841.8839    29      860.0000      825.7040  6048736    3.99%
 196876 170206      857.9114    23      860.0000      825.8357  6113482    3.97%
 199110 172159      846.8720    31      860.0000      825.8858  6176585    3.97%
 202043 174734      850.4724    22      860.0000      825.9248  6242105    3.96%
 204205 176573      850.7350    19      860.0000      826.0056  6299073    3.95%
 206694 178771      829.2411    44      860.0000      826.0638  6365006    3.95%
 209001 180752      842.9042    27      860.0000      826.1128  6427014    3.94%
Elapsed time = 294.81 sec. (364707.10 ticks, tree = 1399.05 MB, solutions = 10)
 211196 182612      850.0000    21      860.0000      826.1647  6489022    3.93%
 213658 184731      856.5637    30      860.0000      826.1749  6548885    3.93%
 216168 186884      838.8889    24      860.0000      826.3333  6614115    3.91%
 218513 188875      837.7870    20      860.0000      826.4170  6675952    3.91%
 221187 191202      855.0889    22      860.0000      826.4872  6739505    3.90%
 223378 193108      837.4014    21      860.0000      826.5516  6800303    3.89%
 225875 195271      826.5570    37      860.0000      826.5570  6863887    3.89%
 228635 197700      831.0655    22      860.0000      826.5570  6924336    3.89%
 231043 199800      856.6667    21      860.0000      826.6066  6988901    3.88%
 233131 201495      850.5338    19      860.0000      826.6790  7050818    3.87%
Elapsed time = 324.91 sec. (403003.60 ticks, tree = 1590.15 MB, solutions = 10)
 235513 203479      837.5948    28      860.0000      826.7502  7110509    3.87%
 238193 205774        cutoff            860.0000      826.8035  7176043    3.86%
 240729 207941      857.6469    28      860.0000      826.9764  7237724    3.84%
 242656 209616      842.2250    21      860.0000      827.1330  7299725    3.82%
 245261 211840      856.4010    17      860.0000      827.2572  7365401    3.81%
 247566 213736      830.7856    38      860.0000      827.4179  7424807    3.79%
 249660 215488      840.5649    38      860.0000      827.5513  7486668    3.77%
 252202 217693        cutoff            860.0000      827.6073  7551592    3.77%
 254321 219509      838.4225    23      860.0000      827.7537  7610748    3.75%
 256513 221398      843.5733    35      860.0000      827.8689  7674459    3.74%
Elapsed time = 354.91 sec. (441326.63 ticks, tree = 1757.91 MB, solutions = 10)
 258822 223349      840.7254    24      860.0000      828.0000  7736790    3.72%
 261318 225537      846.6667    19      860.0000      828.0094  7803468    3.72%
 263736 227617      844.6735    35      860.0000      828.2805  7862444    3.69%
 266313 229810      853.3333    45      860.0000      828.3209  7928201    3.68%
 268823 232020      837.2057    31      860.0000      828.3728  7986931    3.68%
 271150 234051      850.7078    20      860.0000      828.4304  8046259    3.67%
 273617 236178      857.2596    34      860.0000      828.5629  8110942    3.66%
 275663 237908      832.9357    38      860.0000      828.5790  8174058    3.65%
 277832 239782      855.2279    30      860.0000      828.6236  8237032    3.65%
 280079 241696      846.7940    35      860.0000      828.7493  8297594    3.63%
Elapsed time = 384.97 sec. (479503.31 ticks, tree = 1923.91 MB, solutions = 10)
 282307 243594      846.6667    14      860.0000      828.8355  8354538    3.62%
 284902 245774      843.3333    34      860.0000      828.9902  8428601    3.61%
 286800 247326      837.8076    26      860.0000      829.1368  8491280    3.59%
 289042 249215      849.6696    30      860.0000      829.2785  8556538    3.57%
 291131 250976      846.2669    20      860.0000      829.4399  8616034    3.55%
 294002 253428      847.9792    39      860.0000      829.5135  8679691    3.54%
 296615 255694      841.1585    15      860.0000      829.5702  8738779    3.54%
 299113 257868      853.6246    13      860.0000      829.6414  8800130    3.53%
 301648 260045      856.7168    18      860.0000      829.6751  8859671    3.53%
 303737 261827      850.6095    34      860.0000      829.7276  8918336    3.52%
Elapsed time = 416.65 sec. (517675.86 ticks, tree = 2094.02 MB, solutions = 10)
Nodefile size = 46.07 MB (29.02 MB after compression)
 306063 263792      856.7327    23      860.0000      829.8663  8976384    3.50%
 308584 265959      850.0000    23      860.0000      830.0510  9038367    3.48%
 310637 267722      843.3333    28      860.0000      830.1190  9098758    3.47%
 312757 269552      852.4952    39      860.0000      830.1569  9154563    3.47%
 315154 271598      847.3185    28      860.0000      830.3129  9213161    3.45%
 317488 273578      842.4460    27      860.0000      830.4177  9268140    3.44%
 319719 275449      847.1279    13      860.0000      830.5000  9331026    3.43%
 322063 277461      841.0917    32      860.0000      830.5000  9392006    3.43%
 324018 279153      847.0828    34      860.0000      830.5000  9453917    3.43%
 326123 280968      840.0979    30      860.0000      830.5000  9515995    3.43%
Elapsed time = 451.26 sec. (555854.52 ticks, tree = 2238.04 MB, solutions = 10)
Nodefile size = 190.48 MB (119.79 MB after compression)
 328270 282824        cutoff            860.0000      830.5000  9572566    3.43%
 330418 284684      854.2604    20      860.0000      830.5000  9632853    3.43%
 332517 286508      840.0000    31      860.0000      830.5000  9689312    3.43%
 335048 288688      854.5311    14      860.0000      830.5000  9748279    3.43%
 337295 290622      840.1147    27      860.0000      830.5000  9806924    3.43%
 339490 292505      841.4764    28      860.0000      830.5146  9865600    3.43%
 341497 294122      840.5707    15      860.0000      830.5881  9926639    3.42%
 343401 295721        cutoff            860.0000      830.6680  9985553    3.41%
 345799 297808      840.8428    23      860.0000      830.7110 10039832    3.41%
 348355 300044      837.2706    19      860.0000      830.7376 10101553    3.40%
Elapsed time = 487.05 sec. (594028.45 ticks, tree = 2411.97 MB, solutions = 10)
Nodefile size = 364.98 MB (228.35 MB after compression)
 350868 302303      836.8052    23      860.0000      830.7557 10157597    3.40%
 353352 304438      831.0871    34      860.0000      830.7709 10216464    3.40%
 355513 306280      842.1503    27      860.0000      830.8342 10270094    3.39%
 358113 308518      848.7277    23      860.0000      830.9080 10328524    3.38%
 361178 311216      843.5299    25      860.0000      830.9340 10385908    3.38%
 363566 313326      840.3318    32      860.0000      830.9644 10439185    3.38%
 365991 315427        cutoff            860.0000      830.9966 10500610    3.37%
 367930 317135      831.7150    22      860.0000      831.0000 10559451    3.37%
 369380 318404      833.6385    41      860.0000      831.0000 10615499    3.37%
 370961 319790        cutoff            860.0000      831.0000 10672467    3.37%
Elapsed time = 522.98 sec. (632258.77 ticks, tree = 2590.00 MB, solutions = 10)
Nodefile size = 542.88 MB (337.39 MB after compression)
 372464 321096      840.8764    41      860.0000      831.0000 10731661    3.37%
 373871 322344      832.2951    40      860.0000      831.0000 10786243    3.37%
 375307 323610      843.9300    23      860.0000      831.0000 10846797    3.37%
 377463 325464      846.6667    19      860.0000      831.0423 10898465    3.37%
 379896 327538      840.6554    19      860.0000      831.0655 10957114    3.36%
 380913 328388      846.7920    23      860.0000      831.0655 10983742    3.36%
 381770 329129      840.8390    25      860.0000      831.0655 11005071    3.36%
 382213 329507      840.5961    15      860.0000      831.0655 11015240    3.36%
 383013 330174      850.9576    24      860.0000      831.0655 11036623    3.36%
 383613 330677      856.7780    18      860.0000      831.0655 11051066    3.36%
Elapsed time = 558.59 sec. (671704.68 ticks, tree = 2677.08 MB, solutions = 10)
Nodefile size = 629.78 MB (390.67 MB after compression)
 384313 331297      847.9697    15      860.0000      831.0702 11064675    3.36%
 385113 331974      831.4078    33      860.0000      831.0714 11081758    3.36%
 385713 332479      847.2523    13      860.0000      831.0727 11096442    3.36%
 386313 333000      844.1301    29      860.0000      831.0764 11112688    3.36%
 387113 333671      846.6667    21      860.0000      831.0798 11129355    3.36%
 387945 334395      852.2110    24      860.0000      831.0798 11145129    3.36%
 388613 334972      855.0904    19      860.0000      831.0798 11158499    3.36%
 389485 335737      846.9917    15      860.0000      831.0798 11175872    3.36%
 390159 336317      840.5667    15      860.0000      831.0798 11187344    3.36%
 390813 336913      840.8311    25      860.0000      831.0798 11201091    3.36%
Elapsed time = 597.00 sec. (713329.49 ticks, tree = 2738.87 MB, solutions = 10)
Nodefile size = 691.79 MB (428.86 MB after compression)

GUB cover cuts applied:  2
Cover cuts applied:  39
Implied bound cuts applied:  68
Flow cuts applied:  154
Mixed integer rounding cuts applied:  48
Zero-half cuts applied:  5
Lift and project cuts applied:  35

Root node processing (before b&c):
  Real time             =    1.09 sec. (1213.14 ticks)
Sequential b&c:
  Real time             =  598.91 sec. (715164.62 ticks)
                          ------------
Total (root+branch&cut) =  600.00 sec. (716377.76 ticks)
