Tried aggregator 2 times.
MIP Presolve eliminated 474 rows and 82 columns.
MIP Presolve modified 205 coefficients.
Aggregator did 25 substitutions.
Reduced MIP has 519 rows, 870 columns, and 3059 nonzeros.
Reduced MIP has 452 binaries, 2 generals, 0 SOSs, and 0 indicators.
Presolve time = 0.00 sec. (4.08 ticks)
Found incumbent of value 2550.000000 after 0.01 sec. (8.92 ticks)
Probing time = 0.01 sec. (4.32 ticks)
Cover probing fixed 0 vars, tightened 191 bounds.
Tried aggregator 2 times.
MIP Presolve eliminated 1 rows and 1 columns.
MIP Presolve modified 171 coefficients.
Aggregator did 1 substitutions.
Reduced MIP has 517 rows, 868 columns, and 3055 nonzeros.
Reduced MIP has 451 binaries, 13 generals, 0 SOSs, and 0 indicators.
Presolve time = 0.00 sec. (2.80 ticks)
Probing fixed 0 vars, tightened 4 bounds.
Probing time = 0.01 sec. (3.99 ticks)
Clique table members: 1085.
MIP emphasis: balance optimality and feasibility.
MIP search method: dynamic search.
Parallel mode: none, using 1 thread.
Root relaxation solution time = 0.01 sec. (8.13 ticks)

        Nodes                                         Cuts/
   Node  Left     Objective  IInf  Best Integer    Best Bound    ItCnt     Gap

*     0+    0                         2550.0000        0.0000      292  100.00%
      0     0      104.2616    80     2550.0000      104.2616      292   95.91%
      0     0      106.1847    82     2550.0000      Cuts: 28      491   95.84%
      0     0      160.1836    83     2550.0000      Cuts: 58      847   93.72%
      0     0      191.1890    79     2550.0000      Cuts: 53     1176   92.50%
      0     0      191.4041    76     2550.0000      Cuts: 34     1258   92.49%
      0     0      191.4298    74     2550.0000      Cuts: 23     1451   92.49%
      0     0      191.4298    75     2550.0000      Cuts: 20     1484   92.49%
      0     0      191.5107    74     2550.0000      Cuts: 14     1510   92.49%
      0     0      191.5107    73     2550.0000      Cuts: 15     1520   92.49%
*     0+    0                         1380.0000      191.5107     1520   86.12%
*     0+    0                         1366.0000      191.5107     1520   85.98%
*     0+    0                          920.0000      191.5107     1520   79.18%
*     0+    0                          730.0000      191.5107     1520   73.77%
*     0+    0                          620.0000      191.5107     1520   69.11%
      0     2      191.5107    73      620.0000      191.5107     1520   69.11%
Elapsed time = 0.88 sec. (932.92 ticks, tree = 0.00 MB, solutions = 6)
     51    53      532.9085    18      620.0000      191.5107     5109   69.11%
    128   117      212.4769    60      620.0000      191.5109    11863   69.11%
    240   218      261.0948    52      620.0000      191.8304    17880   69.06%
    445   416      579.3807    21      620.0000      191.8304    23631   69.06%
*   529+  329                          600.0000      399.6078    31698   33.40%
*   529+  218                          590.0000      478.0762    37288   18.97%
*   529+  145                          560.0000      478.0762    37288   14.63%
    529   146      478.0762    74      560.0000      478.3504    37288   14.58%
    535   145      480.2551    64      560.0000      479.0000    38039   14.46%
    540   147      493.4811    61      560.0000      479.0000    38971   14.46%
    553   150      488.0000    54      560.0000      479.0000    40435   14.46%
    577   156      492.0000    50      560.0000      479.0000    43446   14.46%
    743   196      486.8054    57      560.0000      481.0000    61651   14.11%
Elapsed time = 6.89 sec. (8038.43 ticks, tree = 0.92 MB, solutions = 9)
   1178   526      556.0271    24      560.0000      481.5101    78720   14.02%
   1779  1053      540.7112    19      560.0000      482.5940    97863   13.82%
   2292  1508      550.9008    24      560.0000      483.4650   114297   13.67%
   2817  1964      527.5234    31      560.0000      484.7175   131040   13.44%
   3302  2380      532.2220    29      560.0000      485.0794   145582   13.38%
   3903  2898      527.5000    23      560.0000      485.6813   164148   13.27%
   4517  3442      548.7679    19      560.0000      486.1794   183921   13.18%
   5150  4015      540.0000    22      560.0000      487.0000   199758   13.04%
   5636  4435      543.4332    26      560.0000      487.2858   213798   12.98%
   6252  4966      493.5896    40      560.0000      488.0000   230179   12.86%
Elapsed time = 14.49 sec. (17594.05 ticks, tree = 37.82 MB, solutions = 9)
   6811  5443      533.6521    19      560.0000      488.1489   247752   12.83%
   7501  6024        cutoff            560.0000      488.4468   267400   12.78%
   8139  6597      545.4403    29      560.0000      488.9601   285124   12.69%
   8810  7182      551.1358    25      560.0000      489.2842   303184   12.63%
   9499  7784      515.3369    28      560.0000      489.4654   318407   12.60%
*  9529+ 3949                          540.0000      489.4654   318919    9.36%
  10193  4454      530.1365    18      540.0000      490.7690   335795    9.12%
  10892  5012      530.0000    26      540.0000      491.2297   355107    9.03%
  11109  5162      533.3105    20      540.0000      491.4940   361056    8.98%
  11586  5557      532.7725    23      540.0000      492.0000   374540    8.89%
  12097  5944      527.6537    26      540.0000      492.2921   393210    8.83%
Elapsed time = 23.17 sec. (28036.92 ticks, tree = 44.09 MB, solutions = 10)
  12761  6468      526.9991    35      540.0000      493.0495   409048    8.69%
  13431  6979      503.9444    37      540.0000      493.6306   425775    8.59%
  14140  7470      528.4567    19      540.0000      494.4488   442952    8.44%
  14768  7989      527.4840    29      540.0000      494.6190   460173    8.40%
  15399  8469      531.2399    19      540.0000      495.1034   479084    8.31%
  15896  8859      532.2499    25      540.0000      495.3117   497712    8.28%
  16468  9295      530.0000    23      540.0000      495.6548   518861    8.21%
  16809  9537      530.7979    25      540.0000      495.9302   533258    8.16%
  17404 10027      527.8947    13      540.0000      496.0000   552860    8.15%
  17859 10412      532.5000    24      540.0000      496.0689   571939    8.14%
Elapsed time = 30.94 sec. (37606.66 ticks, tree = 79.92 MB, solutions = 10)
  18452 10904      517.0000    26      540.0000      496.1600   591041    8.12%
  18929 11273        cutoff            540.0000      496.4129   611209    8.07%
  19509 11721      537.5000    13      540.0000      496.4746   630258    8.06%
  20089 12161      530.1562    20      540.0000      496.5952   650662    8.04%
  20599 12569      530.8008    20      540.0000      496.7411   665768    8.01%
  21348 13136      530.9039    16      540.0000      497.1752   685421    7.93%
  21821 13483      530.7977    15      540.0000      497.2247   699918    7.92%
  22469 14006    infeasible            540.0000      497.5759   720450    7.86%
  23134 14563      530.8480    21      540.0000      497.5759   738379    7.86%
  23755 15081      521.8368    35      540.0000      497.5856   755387    7.85%
Elapsed time = 38.78 sec. (47177.80 ticks, tree = 121.03 MB, solutions = 10)
  24192 15375      506.4717    24      540.0000      497.7482   774021    7.82%
  24687 15717      517.9974    28      540.0000      498.0000   789501    7.78%
  25029 15916      531.0000    15      540.0000      498.1824   808650    7.74%
  25529 16277      513.7323    24      540.0000      498.3562   827721    7.71%
  26058 16643      537.0407    31      540.0000      498.5381   846716    7.68%
  26561 16981      507.0809    35      540.0000      498.7242   866864    7.64%
  27030 17270      523.4956    32      540.0000      498.8835   887074    7.61%
  27518 17601    infeasible            540.0000      499.0468   906256    7.58%
  27991 17948      531.7639    34      540.0000      499.3731   924881    7.52%
  28460 18273      535.3697    14      540.0000      499.5037   944798    7.50%
Elapsed time = 46.92 sec. (56945.84 ticks, tree = 147.52 MB, solutions = 10)
  28822 18552      504.0113    39      540.0000      499.5876   961211    7.48%
  29325 18889      536.9839    32      540.0000      499.7570   979643    7.45%
  29674 19139      532.6694    18      540.0000      499.8571   992930    7.43%
  30167 19520      505.6917    42      540.0000      499.9908  1012163    7.41%
  30644 19910      530.7992    19      540.0000      500.1892  1028587    7.37%
  31101 20268      531.0000    18      540.0000      500.2100  1048469    7.37%
  31566 20618      519.1003    17      540.0000      500.4430  1066707    7.33%
  32154 21058      530.2194    31      540.0000      500.4430  1086157    7.33%
  32545 21355      532.5000    23      540.0000      500.4430  1101439    7.33%
  33081 21766      501.9434    33      540.0000      500.4430  1122133    7.33%
Elapsed time = 54.93 sec. (66523.67 ticks, tree = 176.68 MB, solutions = 10)
  33597 22167      532.6125    20      540.0000      500.4897  1141556    7.32%
  34053 22486      523.8786    30      540.0000      500.5768  1161204    7.30%
  34529 22842      533.2066    35      540.0000      500.7021  1179530    7.28%
  35096 23272      532.5000    23      540.0000      500.7562  1199042    7.27%
  35613 23667      517.0000    27      540.0000      500.8954  1216619    7.24%
  36135 24072      537.5000    20      540.0000      501.0000  1235189    7.22%
  36732 24531      532.5000    11      540.0000      501.0144  1252557    7.22%
  37331 24957      520.5048    32      540.0000      501.0791  1271047    7.21%
  37808 25312      503.6931    34      540.0000      501.1972  1285507    7.19%
  38319 25670      537.5000    17      540.0000      501.3023  1304995    7.17%
Elapsed time = 62.89 sec. (76122.31 ticks, tree = 208.74 MB, solutions = 10)
  38913 26113      537.5425    34      540.0000      501.4868  1324514    7.13%
  39428 26479      520.5048    30      540.0000      501.6703  1344247    7.10%
  40090 26990      538.2164    23      540.0000      501.9084  1362851    7.05%
  40529 27323      522.6000    28      540.0000      501.9187  1378938    7.05%
  41064 27752      520.7500    32      540.0000      501.9434  1399048    7.05%
  41590 28111      530.1693    30      540.0000      502.1971  1418712    7.00%
  42159 28556      532.5000    23      540.0000      502.2967  1440098    6.98%
  42713 28923      504.7812    32      540.0000      502.4757  1458249    6.95%
  43243 29255        cutoff            540.0000      502.5953  1476491    6.93%
  43915 29789      518.8428    27      540.0000      502.5953  1494438    6.93%
Elapsed time = 70.78 sec. (85716.84 ticks, tree = 243.51 MB, solutions = 10)
  44529 30265      511.0000    31      540.0000      502.5953  1510907    6.93%
  45110 30727    infeasible            540.0000      502.6269  1529412    6.92%
  45539 31007      531.6208    23      540.0000      502.8060  1550094    6.89%
  45987 31267      539.0000    35      540.0000      502.9297  1569339    6.86%
  46498 31638      538.3512    26      540.0000      503.0655  1589601    6.84%
  46896 31935      533.0000    32      540.0000      503.0748  1606945    6.84%
  47501 32385      539.0000    19      540.0000      503.2319  1626318    6.81%
  47999 32721      535.0000    31      540.0000      503.3869  1645471    6.78%
  48469 33050      537.5000    21      540.0000      503.3944  1665475    6.78%
  50474 34394      535.0000    14      540.0000      503.9784  1737993    6.67%
Elapsed time = 81.10 sec. (98392.49 ticks, tree = 281.95 MB, solutions = 10)
  52350 35602      506.4717    28      540.0000      504.6611  1809538    6.54%
  54180 36809      516.0000    35      540.0000      505.6429  1882226    6.36%
  56059 38144      530.0000    16      540.0000      505.9900  1959372    6.30%
  57821 39521      535.6301    21      540.0000      506.1789  2039813    6.26%
  59593 40819      531.6078    30      540.0000      506.5253  2113957    6.20%
  61358 42185      530.0000    30      540.0000      506.5253  2191135    6.20%
  63276 43682      537.6848    22      540.0000      506.5253  2269619    6.20%
  65165 45026      530.2075    18      540.0000      506.6525  2345627    6.18%
  67276 46567      533.0000    21      540.0000      506.8661  2421167    6.14%
  69004 47836      530.0000    20      540.0000      506.8705  2493339    6.14%
Elapsed time = 112.29 sec. (136571.05 ticks, tree = 393.53 MB, solutions = 10)
  70784 49105        cutoff            540.0000      507.0937  2565655    6.09%
  72826 50566      537.5000    16      540.0000      507.4612  2644879    6.03%
  74831 52071      531.8402    27      540.0000      507.5439  2721959    6.01%
  76860 53586      508.1984    34      540.0000      507.5747  2795541    6.00%
  79072 55223      525.4494    38      540.0000      507.6667  2871560    5.99%
  80795 56528      529.1813    20      540.0000      507.7548  2946116    5.97%
  82579 57817      538.3074    17      540.0000      507.8162  3024169    5.96%
  84822 59440      536.6471    22      540.0000      508.0913  3100403    5.91%
  87162 61228      538.3435    19      540.0000      508.1984  3168327    5.89%
  89256 62695      518.6000    21      540.0000      508.3223  3241724    5.87%
Elapsed time = 143.48 sec. (174736.57 ticks, tree = 521.15 MB, solutions = 10)
  91378 64243      521.4523    24      540.0000      508.4869  3311551    5.84%
  93645 65964      531.7330    34      540.0000      508.5950  3384350    5.82%
  96052 67769      521.6371    20      540.0000      508.6326  3459408    5.81%
  97986 69182      537.1168    34      540.0000      508.7992  3529459    5.78%
 100044 70554      509.2090    28      540.0000      508.9988  3600706    5.74%
 102090 71943      537.5000    18      540.0000      509.1703  3668476    5.71%
 104280 73561      536.4119    20      540.0000      509.2734  3738262    5.69%
 106381 74968      535.0000    14      540.0000      509.3333  3811371    5.68%
 108261 76317      521.4727    28      540.0000      509.3333  3885311    5.68%
 110521 78037      519.4531    24      540.0000      509.3720  3958157    5.67%
Elapsed time = 174.48 sec. (212898.80 ticks, tree = 646.44 MB, solutions = 10)
 112540 79435      537.5094    19      540.0000      509.4654  4024000    5.65%
 114810 81077      538.0000    19      540.0000      509.5945  4097408    5.63%
 116843 82417      536.7062    24      540.0000      509.7618  4163799    5.60%
 118936 83810      537.5000    21      540.0000      509.8716  4235237    5.58%
 121274 85479      537.5000    21      540.0000      509.9645  4305140    5.56%
 123529 87118      534.1275    20      540.0000      510.1695  4378575    5.52%
 125659 88506      523.6373    39      540.0000      510.4012  4444447    5.48%
 127793 89903      536.1297    25      540.0000      510.7526  4517923    5.42%
 129757 91121      537.5000    22      540.0000      510.8856  4588762    5.39%
 131910 92590    infeasible            540.0000      511.0000  4659564    5.37%
Elapsed time = 205.28 sec. (251108.95 ticks, tree = 767.30 MB, solutions = 10)
 133968 94063      537.5000    24      540.0000      511.0000  4736785    5.37%
 135975 95549      535.0000    17      540.0000      511.0000  4837433    5.37%
 138003 96972      534.2462    19      540.0000      511.1007  4910551    5.35%
 140007 98226      535.2012    24      540.0000      511.3680  4982589    5.30%
 142191 99757      535.0000    21      540.0000      511.5053  5054581    5.28%
 144096 100763        cutoff            540.0000      511.8244  5126910    5.22%
 146456 102362      515.1379    30      540.0000      512.5064  5200211    5.09%
 148269 103466      523.6545    23      540.0000      512.7266  5273957    5.05%
 150281 104711      537.5000    17      540.0000      513.3762  5341369    4.93%
 152402 106247      536.1368    28      540.0000      513.7323  5408563    4.86%
Elapsed time = 236.34 sec. (289286.33 ticks, tree = 845.42 MB, solutions = 10)
 154069 107315      533.0063    25      540.0000      514.2957  5484358    4.76%
 155698 108367      530.1381    30      540.0000      514.6000  5560437    4.70%
 157546 109764      532.9522    31      540.0000      514.7565  5639239    4.67%
 159308 110937      534.3862    39      540.0000      514.9888  5715499    4.63%
 161207 112345      529.0820    20      540.0000      515.1897  5789760    4.59%
 163222 113815      538.7997    30      540.0000      515.2710  5859323    4.58%
 165175 115298        cutoff            540.0000      515.3369  5933709    4.57%
 167321 116906      531.7150    44      540.0000      515.3554  6009506    4.56%
 169115 118178      530.0000    30      540.0000      515.4688  6082618    4.54%
 170786 119328      528.2602    22      540.0000      515.5154  6157295    4.53%
Elapsed time = 267.20 sec. (327459.01 ticks, tree = 958.39 MB, solutions = 10)
 172653 120572      531.8640    34      540.0000      515.6569  6231893    4.51%
 174529 121966      534.1939    24      540.0000      515.7015  6301777    4.50%
 176377 123234      537.5173    34      540.0000      515.7938  6375879    4.48%
 178387 124588      530.0000    24      540.0000      515.8984  6440483    4.46%
 180476 126254      531.8640    35      540.0000      515.8984  6514550    4.46%
 182521 127877      528.3144    25      540.0000      515.9172  6586741    4.46%
 184242 129167      530.0000    16      540.0000      515.9728  6665273    4.45%
 186009 130492    infeasible            540.0000      516.0000  6739935    4.44%
 187868 131751      535.0000    23      540.0000      516.0229  6811318    4.44%
 189760 133051      532.0085    33      540.0000      516.2476  6883637    4.40%
Elapsed time = 298.14 sec. (365724.76 ticks, tree = 1082.84 MB, solutions = 10)
 191461 134144      529.8472    29      540.0000      516.4697  6952844    4.36%
 193554 135547      534.1729    23      540.0000      516.6000  7022235    4.33%
 195529 136871      537.7416    18      540.0000      516.6760  7097877    4.32%
 197529 138048      537.5000    20      540.0000      516.8252  7170305    4.29%
 199645 139584      536.8595    13      540.0000      516.8627  7247809    4.28%
 201530 140952      532.5000    22      540.0000      516.9884  7316914    4.26%
 203720 142692      527.0000    14      540.0000      517.0000  7393087    4.26%
 205699 144269      527.8947    35      540.0000      517.0000  7464994    4.26%
 207888 145976        cutoff            540.0000      517.0432  7534765    4.25%
 209713 147259      538.4286    27      540.0000      517.1695  7606479    4.23%
Elapsed time = 329.22 sec. (404251.40 ticks, tree = 1206.19 MB, solutions = 10)
 211893 148790      535.0000    20      540.0000      517.1960  7678885    4.22%
 214124 150388      527.6738    34      540.0000      517.2393  7748704    4.21%
 216157 151923      532.5000    19      540.0000      517.2411  7822954    4.21%
 218053 153379      532.5000    28      540.0000      517.2411  7886530    4.21%
 220036 154867      535.0000    18      540.0000      517.2804  7957979    4.21%
 222228 156412      521.0380    32      540.0000      517.3665  8023523    4.19%
 224461 158019        cutoff            540.0000      517.3783  8094255    4.19%
 226793 159722      533.1726    37      540.0000      517.4300  8157161    4.18%
 229234 161471      537.9664    39      540.0000      517.6522  8227819    4.14%
 231329 162701      536.9053    23      540.0000      517.6912  8294490    4.13%
Elapsed time = 360.65 sec. (442421.17 ticks, tree = 1339.41 MB, solutions = 10)
 233607 164301      531.6078    24      540.0000      517.7956  8364318    4.11%
 235475 165698      530.0849    18      540.0000      517.8328  8441485    4.11%
 237428 167156        cutoff            540.0000      517.9319  8509639    4.09%
 239586 168776      531.6016    18      540.0000      517.9319  8577631    4.09%
 241529 170194      519.0664    30      540.0000      517.9319  8646324    4.09%
 243709 171804      535.7947    24      540.0000      517.9326  8717938    4.09%
 246072 173588      528.2910    18      540.0000      517.9974  8786885    4.07%
 248870 175747      537.5000    17      540.0000      517.9974  8853601    4.07%
 251390 177777      533.0000    17      540.0000      517.9974  8919360    4.07%
 253903 179759      532.5295    26      540.0000      517.9974  8992199    4.07%
Elapsed time = 391.51 sec. (480666.97 ticks, tree = 1495.66 MB, solutions = 10)
 256360 181683      533.1700    24      540.0000      517.9974  9060815    4.07%
 258960 183774      529.0882    18      540.0000      517.9974  9124745    4.07%
 261529 185765      530.7977    23      540.0000      517.9974  9191564    4.07%
 264048 187585        cutoff            540.0000      518.0275  9256764    4.07%
 266242 189158      533.4626    23      540.0000      518.1036  9322622    4.05%
 268931 191240      537.5000    21      540.0000      518.1505  9391189    4.05%
 270882 192586      529.1394    21      540.0000      518.2250  9456719    4.03%
 273351 194333      532.9029    27      540.0000      518.2817  9525450    4.02%
 275705 196118      520.8888    31      540.0000      518.3339  9592203    4.01%
 277565 197195      533.0000    38      540.0000      518.3768  9658753    4.00%
Elapsed time = 422.03 sec. (518851.06 ticks, tree = 1650.26 MB, solutions = 10)
 279599 198679      535.0311    23      540.0000      518.4094  9730630    4.00%
 281490 200131      530.3988    22      540.0000      518.4094  9805284    4.00%
 283349 201383      534.1211    21      540.0000      518.4784  9872160    3.99%
 285667 203044      535.0000    18      540.0000      518.6000  9943256    3.96%
 287486 204289      537.5138    25      540.0000      518.6000 10013194    3.96%
 289551 205787      537.5000    23      540.0000      518.6000 10083947    3.96%
 291620 207316      532.5000    20      540.0000      518.6000 10159865    3.96%
 293416 208670      524.6000    35      540.0000      518.6000 10230654    3.96%
 295365 210121      530.0000    21      540.0000      518.6082 10301703    3.96%
 297374 211590        cutoff            540.0000      518.6145 10368564    3.96%
Elapsed time = 453.30 sec. (557033.34 ticks, tree = 1770.82 MB, solutions = 10)
 299451 213002      534.7299    25      540.0000      518.6549 10437751    3.95%
 301352 214073      535.1096    22      540.0000      518.7229 10504496    3.94%
 303071 215252      519.8978    25      540.0000      518.8140 10568911    3.92%
 305060 216703      538.0815    22      540.0000      518.8948 10633835    3.91%
 307212 218210      537.5000    16      540.0000      518.9304 10700951    3.90%
 309300 219698        cutoff            540.0000      518.9304 10772098    3.90%
 311503 221166      529.0882    18      540.0000      519.0052 10835907    3.89%
 314069 223063      535.0000    24      540.0000      519.1003 10901237    3.87%
 316366 224673        cutoff            540.0000      519.1842 10969913    3.85%
 318442 226139      537.5000    20      540.0000      519.2022 11035835    3.85%
Elapsed time = 484.25 sec. (595197.59 ticks, tree = 1899.36 MB, solutions = 10)
 320743 227665      538.9000    31      540.0000      519.2770 11099331    3.84%
 322980 229308      534.6131    42      540.0000      519.2897 11162448    3.84%
 325469 231188        cutoff            540.0000      519.3091 11231668    3.83%
 328047 233146      535.3125    21      540.0000      519.3091 11295664    3.83%
 330781 235250      535.0000    18      540.0000      519.3091 11357449    3.83%
 332876 236561      538.1698    25      540.0000      519.3333 11425228    3.83%
 335006 238015      521.1471    21      540.0000      519.4186 11488874    3.81%
 337370 239692      525.5962    28      540.0000      519.4414 11553151    3.81%
 339359 240900      535.4235    33      540.0000      519.4623 11618060    3.80%
 341218 242095      523.9744    27      540.0000      519.5373 11680769    3.79%
Elapsed time = 515.04 sec. (633370.86 ticks, tree = 2026.91 MB, solutions = 10)
 343129 243325      529.3459    32      540.0000      519.6461 11745862    3.77%
 345370 244839      529.9845    32      540.0000      519.7273 11810178    3.75%
 347144 246184      532.5000    24      540.0000      519.7273 11876287    3.75%
 349066 247400        cutoff            540.0000      519.8062 11941619    3.74%
 351320 248978      537.5000    18      540.0000      519.8197 12004426    3.74%
 353022 250037      535.0000    14      540.0000      519.9119 12070504    3.72%
 354727 251062      537.1682    24      540.0000      519.9654 12132617    3.71%
 356373 252187      537.5000    20      540.0000      519.9654 12182487    3.71%
 357029 252656      537.5000    21      540.0000      519.9654 12206905    3.71%
 357573 253014      532.5000    18      540.0000      519.9744 12226307    3.71%
Elapsed time = 548.93 sec. (671613.76 ticks, tree = 2111.99 MB, solutions = 10)
Nodefile size = 64.40 MB (41.34 MB after compression)
 358262 253498      520.4854    29      540.0000      519.9861 12249816    3.71%
 358917 253954      537.5000    25      540.0000      520.0109 12272992    3.70%
 359628 254454      537.5000    22      540.0000      520.0566 12297265    3.69%
 360329 254922      537.5000    25      540.0000      520.0566 12325519    3.69%
 361229 255458      536.6471    27      540.0000      520.1410 12355562    3.68%
 361829 255879      537.5871    21      540.0000      520.1848 12375704    3.67%
 362329 256254      535.3786    31      540.0000      520.1912 12393215    3.67%
 362729 256521      531.6078    15      540.0000      520.2164 12404737    3.66%
 363124 256835      530.7977    26      540.0000      520.2164 12414126    3.66%
 363529 257156      529.0882    20      540.0000      520.2187 12423722    3.66%
Elapsed time = 584.29 sec. (711476.60 ticks, tree = 2142.60 MB, solutions = 10)
Nodefile size = 94.63 MB (60.12 MB after compression)
 364029 257528      532.5000    28      540.0000      520.2187 12436816    3.66%
 364629 257976      532.5000    10      540.0000      520.2187 12454486    3.66%
 365529 258677      529.0882    25      540.0000      520.2187 12478165    3.66%
 366665 259568      532.5000    17      540.0000      520.2187 12507722    3.66%

Clique cuts applied:  2
Cover cuts applied:  27
Implied bound cuts applied:  76
Flow cuts applied:  118
Mixed integer rounding cuts applied:  36
Zero-half cuts applied:  1
Lift and project cuts applied:  31

Root node processing (before b&c):
  Real time             =    0.88 sec. (932.95 ticks)
Sequential b&c:
  Real time             =  599.15 sec. (727578.39 ticks)
                          ------------
Total (root+branch&cut) =  600.03 sec. (728511.33 ticks)
