Tried aggregator 2 times.
MIP Presolve eliminated 1740 rows and 153 columns.
MIP Presolve modified 758 coefficients.
Aggregator did 50 substitutions.
Reduced MIP has 1833 rows, 3335 columns, and 12115 nonzeros.
Reduced MIP has 1697 binaries, 2 generals, 0 SOSs, and 0 indicators.
Presolve time = 0.01 sec. (14.17 ticks)
Found incumbent of value 5450.000000 after 0.03 sec. (32.56 ticks)
Probing fixed 0 vars, tightened 2 bounds.
Probing time = 0.02 sec. (16.12 ticks)
Tried aggregator 2 times.
MIP Presolve eliminated 3 rows and 3 columns.
Aggregator did 1 substitutions.
Reduced MIP has 1829 rows, 3331 columns, and 12107 nonzeros.
Reduced MIP has 1694 binaries, 30 generals, 0 SOSs, and 0 indicators.
Presolve time = 0.01 sec. (9.86 ticks)
Probing time = 0.00 sec. (3.62 ticks)
Clique table members: 3110.
MIP emphasis: balance optimality and feasibility.
MIP search method: dynamic search.
Parallel mode: none, using 1 thread.
Root relaxation solution time = 0.06 sec. (94.16 ticks)

        Nodes                                         Cuts/
   Node  Left     Objective  IInf  Best Integer    Best Bound    ItCnt     Gap

*     0+    0                         5450.0000        0.0000     1082  100.00%
      0     0      113.4880   170     5450.0000      113.4880     1082   97.92%
      0     0      114.9528   165     5450.0000      Cuts: 62     1264   97.89%
      0     0      114.9528   169     5450.0000      Cuts: 50     1431   97.89%
      0     0      114.9528   165     5450.0000      Cuts: 61     1692   97.89%
      0     0      114.9528   156     5450.0000      Cuts: 68     1876   97.89%
      0     0      114.9528   157     5450.0000      Cuts: 52     2065   97.89%
      0     2      114.9528   157     5450.0000      114.9528     2065   97.89%
Elapsed time = 1.80 sec. (2433.55 ticks, tree = 0.00 MB, solutions = 1)
     21    21      137.4869   132     5450.0000      114.9528     4328   97.89%
     31    31      143.6750   122     5450.0000      114.9528     6865   97.89%
     51    51      154.8592   112     5450.0000      114.9528     9117   97.89%
     65    65      220.1101   130     5450.0000      114.9528    17348   97.89%
     78    78      180.6193   107     5450.0000      114.9528    20624   97.89%
     92    92      210.0000    97     5450.0000      114.9528    23540   97.89%
    100   100      221.4796    96     5450.0000      114.9528    28323   97.89%
    121   121      370.0000    80     5450.0000      114.9528    36250   97.89%
    140   140      334.3082    57     5450.0000      114.9528    42262   97.89%
    202   202      484.9809    38     5450.0000      114.9528    63775   97.89%
Elapsed time = 4.78 sec. (6254.13 ticks, tree = 0.69 MB, solutions = 1)
*   220+  218                         2200.0000      114.9528    67099   94.77%
    276   273      124.3127   137     2200.0000      114.9528    78188   94.77%
    315   312      210.0000   162     2200.0000      114.9528    84036   94.77%
    404   401      234.9399   102     2200.0000      114.9528    98937   94.77%
    442   439      321.3616    66     2200.0000      114.9528   114300   94.77%
*   509+  504                         1970.0000      114.9528   127548   94.16%
*   509+  498                         1550.0000      114.9528   127548   92.58%
*   509+  498                         1470.0000      114.9528   127548   92.18%
*   510+  497                         1380.0000      114.9528   127817   91.67%
*   510+  495                         1290.0000      114.9528   127817   91.09%
    510   497      117.9139   147     1290.0000      114.9528   127817   91.09%
    511   498      546.8034   155     1290.0000      548.2614   148058   57.50%
    516   500      552.7798   164     1290.0000      549.8834   150544   57.37%
    521   502      558.9352   155     1290.0000      549.8834   154522   57.37%
    527   506      731.8580   120     1290.0000      549.8834   159148   57.37%
    537   511      659.3344   112     1290.0000      549.8834   162768   57.37%
Elapsed time = 18.12 sec. (24263.09 ticks, tree = 1.32 MB, solutions = 7)
    561   523      919.4700   102     1290.0000      549.8834   167273   57.37%
    574   528      810.6247    96     1290.0000      549.8834   173776   57.37%
    591   528      849.0000   112     1290.0000      549.8834   180141   57.37%
    600   528      891.0000    88     1290.0000      549.8834   187513   57.37%
*   611+  381                         1230.0000      549.8834   190654   55.29%
    627   389     1201.0000    62     1230.0000      549.8834   192581   55.29%
    676   413     1201.0000    38     1230.0000      549.8834   199761   55.29%
    730   426      551.8573   149     1230.0000      551.1269   220742   55.19%
    751   439     1103.8750    79     1230.0000      551.1269   236445   55.19%
    785   459     1108.0000    82     1230.0000      551.1269   245338   55.19%
    811   470     1181.0000    79     1230.0000      551.1269   250415   55.19%
Elapsed time = 28.53 sec. (35852.49 ticks, tree = 1.07 MB, solutions = 8)
    892   511     1185.6708    29     1230.0000      551.1269   264276   55.19%
    950   533     1207.0000    23     1230.0000      551.1269   290130   55.19%
    975   533      553.4138   155     1230.0000      551.8573   301076   55.13%
    991   542     1103.9367    99     1230.0000      551.8573   310636   55.13%
   1041   571     1151.0000    71     1230.0000      551.8573   315458   55.13%
   1114   613      613.4036   131     1230.0000      552.5862   324451   55.07%
   1209   671     1151.0000    58     1230.0000      552.5862   335335   55.07%
   1318   737     1007.8818    85     1230.0000      552.8615   355062   55.05%
   1354   773     1038.5715    93     1230.0000      552.8615   371529   55.05%
   1423   839     1201.0000    54     1230.0000      552.8615   382114   55.05%
Elapsed time = 36.46 sec. (46002.72 ticks, tree = 1.67 MB, solutions = 8)
   1514   927      904.7406    91     1230.0000      553.9653   402423   54.96%
   1551   963     1098.3900    97     1230.0000      553.9653   416920   54.96%
   1623  1035     1193.0000    81     1230.0000      553.9653   424023   54.96%
   1735  1143      671.9071   118     1230.0000      554.1992   438069   54.94%
   1909  1311     1177.5000    23     1230.0000      554.1992   455542   54.94%
   1975  1376     1121.7194    84     1230.0000      554.3281   475441   54.93%
   2113  1509      669.1596   126     1230.0000      555.6129   487221   54.83%
   2190  1586     1188.0000    84     1230.0000      555.6129   502613   54.83%
   2317  1712      562.9869   151     1230.0000      556.7044   517939   54.74%
   2335  1729     1003.7253    82     1230.0000      556.7044   530120   54.74%
Elapsed time = 44.12 sec. (55847.82 ticks, tree = 3.38 MB, solutions = 8)
   2410  1802     1153.0000    52     1230.0000      556.7044   545654   54.74%
   2513  1898      726.9476    87     1230.0000      557.8920   566095   54.64%
   2551  1936     1157.4989    84     1230.0000      557.8920   579428   54.64%
   2611  1996     1163.0000    75     1230.0000      557.8920   582828   54.64%
   2724  2109     1007.3351    95     1230.0000      558.5112   599831   54.59%
   2759  2143     1149.0000    91     1230.0000      558.5112   610347   54.59%
   2920  2303      721.7414   101     1230.0000      559.2486   626587   54.53%
   2959  2341     1153.0000    83     1230.0000      559.2486   638485   54.53%
   3130  2510     1010.4050    90     1230.0000      559.5097   656583   54.51%
   3205  2581     1160.0000    52     1230.0000      559.5097   668218   54.51%
Elapsed time = 51.89 sec. (65743.04 ticks, tree = 5.03 MB, solutions = 8)
   3321  2696     1141.8311    98     1230.0000      560.3571   680151   54.44%
   3401  2776     1188.0000    53     1230.0000      560.3571   693055   54.44%
   3526  2898      724.4973   108     1230.0000      561.0226   716112   54.39%
   3626  2996     1161.0000    69     1230.0000      561.0226   732305   54.39%
   3715  3084      725.0000   106     1230.0000      561.2234   746101   54.37%
   3804  3173     1153.0000    64     1230.0000      561.2234   759356   54.37%
   3923  3292     1104.6288    84     1230.0000      563.6957   773659   54.17%
   4079  3446     1174.0000    44     1230.0000      563.6957   790724   54.17%
   4133  3498      761.0277   110     1230.0000      565.7277   804940   54.01%
   4311  3669     1170.0000    49     1230.0000      565.7277   820487   54.01%
Elapsed time = 59.49 sec. (75378.44 ticks, tree = 7.09 MB, solutions = 8)
   4338  3695     1110.6067    84     1230.0000      567.1139   833712   53.89%
   4441  3786     1173.0000    37     1230.0000      567.1139   849939   53.89%
   4522  3856      735.7329   106     1230.0000      569.5270   870150   53.70%
   4617  3946     1159.0000    74     1230.0000      569.5270   881366   53.70%
   4739  4068      820.3845   115     1230.0000      572.1136   897633   53.49%
   4911  4238     1161.0000    51     1230.0000      572.1136   908101   53.49%
   4981  4305     1156.0000    74     1230.0000      572.7404   922879   53.44%
   5129  4451      756.9748   102     1230.0000      575.2425   941287   53.23%
   5258  4579     1154.0000    47     1230.0000      575.2425   950907   53.23%
   5333  4649      730.2022    95     1230.0000      576.1995   969690   53.15%
Elapsed time = 67.03 sec. (85119.51 ticks, tree = 9.10 MB, solutions = 8)
   5431  4746     1153.0403    48     1230.0000      576.1995   986085   53.15%
   5538  4843     1033.1648    95     1230.0000      579.5656  1009076   52.88%
   5681  4985     1156.4979    49     1230.0000      579.5656  1025453   52.88%
   5803  5104     1163.0087    67     1230.0000      580.2470  1043843   52.83%
   5940  5238     1183.0000    93     1230.0000      582.8206  1062422   52.62%
   6122  5420      636.6264   125     1230.0000      582.8206  1077091   52.62%
   6214  5510     1192.0000    64     1230.0000      582.8206  1089094   52.62%
   6336  5632     1019.5602    80     1230.0000      583.9810  1108572   52.52%
   6467  5755     1175.2979    18     1230.0000      583.9810  1135299   52.52%
   6575  5862     1184.0000    73     1230.0000      587.1192  1160173   52.27%
Elapsed time = 74.77 sec. (94732.23 ticks, tree = 11.44 MB, solutions = 8)
   6767  6053     1156.0000    71     1230.0000      588.3294  1179722   52.17%
   6917  6201      618.7606   134     1230.0000      591.7188  1193081   51.89%
   7006  6287     1209.0000    63     1230.0000      591.7188  1205246   51.89%
   7117  6398      730.4428   101     1230.0000      592.0976  1216322   51.86%
   7205  6484     1157.9260    58     1230.0000      592.0976  1229897   51.86%
   7313  6589      729.0205    98     1230.0000      596.4339  1244175   51.51%
   7350  6626     1156.0000    97     1230.0000      596.4339  1257538   51.51%
   7449  6718     1174.1334    58     1230.0000      596.4339  1271764   51.51%
   7526  6791      983.0000   104     1230.0000      596.8129  1287991   51.48%
   7967  7224     1163.0000    53     1230.0000      600.7530  1337201   51.16%
Elapsed time = 84.72 sec. (107409.13 ticks, tree = 13.97 MB, solutions = 8)
   8357  7595     1208.3997    75     1230.0000      602.2212  1401743   51.04%
   8728  7955      971.0662    94     1230.0000      606.2037  1472547   50.72%
   9309  8526     1174.0000    62     1230.0000      607.0000  1532644   50.65%
   9810  9006     1208.0000    61     1230.0000      612.1569  1608295   50.23%
  10397  9572     1161.0000    80     1230.0000      613.4036  1689712   50.13%
* 10411+ 9326                         1220.0000      613.4036  1690468   49.72%
* 10611+ 8733                         1210.0000      613.4036  1720381   49.31%
  10768  8889     1203.0000    77     1210.0000      616.9711  1749242   49.01%
  11191  9275     1205.4339    53     1210.0000      619.7498  1822085   48.78%
  11764  9811      955.8631   114     1210.0000      624.0803  1906158   48.42%
  11929  9953     1155.0000    81     1210.0000      628.1841  1958144   48.08%
  12524 10503     1203.1388    20     1210.0000      631.9220  2039596   47.78%
Elapsed time = 115.76 sec. (145654.93 ticks, tree = 20.14 MB, solutions = 10)
  12784 10737     1208.0000    67     1210.0000      636.6264  2096986   47.39%
  13272 11184      646.4604   130     1210.0000      643.5727  2169660   46.81%
  13726 11603     1156.0000    47     1210.0000      647.4835  2244714   46.49%
  14296 12116     1185.0000    27     1210.0000      650.7961  2348575   46.22%
  14619 12402      970.2110    97     1210.0000      657.8796  2439185   45.63%
  15123 12844      741.1633   101     1210.0000      658.3859  2542373   45.59%
  15795 13458     1199.0000    50     1210.0000      658.7587  2623527   45.56%
* 16111+11807                         1200.0000      659.3344  2696171   45.06%
  16158 11854     1152.0000    58     1200.0000      659.3344  2700497   45.06%
  16560 12218     1195.7182    63     1200.0000      661.7766  2766934   44.85%
  16811 12432     1184.0000   105     1200.0000      662.3448  2832833   44.80%
Elapsed time = 147.50 sec. (184671.85 ticks, tree = 23.61 MB, solutions = 11)
  17375 12942      689.3590   109     1200.0000      664.5059  2909039   44.62%
  17574 13111     1169.9362   106     1200.0000      671.0275  2987415   44.08%
  18111 13603     1153.0000    75     1200.0000      674.5401  3065950   43.79%
  18622 14043     1193.0000    51     1200.0000      686.1723  3157663   42.82%
  19321 14685     1156.0000    64     1200.0000      688.7563  3250669   42.60%
  19720 15012    infeasible           1200.0000      696.4689  3364797   41.96%
  20367 15605     1155.2687    66     1200.0000      704.8615  3444531   41.26%
  20824 15995     1175.2899    98     1200.0000      718.1859  3535363   40.15%
  21214 16351     1151.0000    89     1200.0000      718.9740  3599180   40.09%
  21699 16795     1156.0000    93     1200.0000      718.9742  3675231   40.09%
Elapsed time = 178.97 sec. (223188.59 ticks, tree = 32.10 MB, solutions = 11)
  22099 17158     1174.0000    43     1200.0000      719.0956  3752091   40.08%
  22511 17533     1147.0000    87     1200.0000      719.0956  3820371   40.08%
  23077 18059     1005.0488    99     1200.0000      719.0956  3903277   40.08%
  23490 18437    infeasible           1200.0000      719.0956  3998705   40.08%
  23902 18821     1167.0000    51     1200.0000      719.0956  4073457   40.08%
  24461 19340     1153.0000   106     1200.0000      719.0956  4172305   40.08%
  25020 19851     1013.7034   104     1200.0000      719.0956  4276560   40.08%
  25565 20359     1156.0000    71     1200.0000      719.0956  4363712   40.08%
  26090 20836     1156.1415    38     1200.0000      719.5094  4470962   40.04%
  26623 21316     1154.0000    38     1200.0000      719.5094  4548745   40.04%
Elapsed time = 211.58 sec. (261443.30 ticks, tree = 40.59 MB, solutions = 11)
  27000 21661     1151.0000    70     1200.0000      719.5094  4622230   40.04%
  27346 21983     1111.9998   104     1200.0000      719.5094  4702540   40.04%
  27849 22451     1160.0000    38     1200.0000      719.5094  4766727   40.04%
  28206 22768     1114.3844    96     1200.0000      719.5094  4844555   40.04%
  28580 23104     1154.0000    69     1200.0000      719.5236  4919805   40.04%
  29035 23514     1007.8818    72     1200.0000      719.7778  4992872   40.02%
  29656 24076     1004.8924    93     1200.0000      719.9887  5084525   40.00%
  30066 24450     1007.3140    89     1200.0000      720.4837  5182425   39.96%
  30416 24777     1015.0528    92     1200.0000      720.4837  5259337   39.96%
  30871 25195     1070.6507    99     1200.0000      720.6920  5367275   39.94%
Elapsed time = 242.75 sec. (299794.32 ticks, tree = 47.91 MB, solutions = 11)
  31411 25722     1154.0000    77     1200.0000      720.6920  5451068   39.94%
  31980 26265     1005.0488    91     1200.0000      720.6920  5520842   39.94%
  32390 26643     1156.0000    85     1200.0000      720.8336  5632920   39.93%
  32832 27047     1160.0000    67     1200.0000      720.8336  5701753   39.93%
  33257 27444     1110.3451    83     1200.0000      721.0115  5784008   39.92%
  33678 27819      740.8646   103     1200.0000      721.2276  5867606   39.90%
  34166 28281     1180.0000    33     1200.0000      721.4481  5928484   39.88%
  34511 28583     1113.6667    83     1200.0000      721.7414  6006192   39.85%
  34958 28980     1180.5855    40     1200.0000      721.7414  6088360   39.85%
  35497 29474     1169.0000    48     1200.0000      721.7414  6168732   39.85%
Elapsed time = 274.12 sec. (338245.88 ticks, tree = 55.78 MB, solutions = 11)
  35934 29868     1178.0238    24     1200.0000      721.7414  6250260   39.85%
  36406 30295     1173.0000    42     1200.0000      721.7414  6326783   39.85%
  37066 30916     1018.7772    87     1200.0000      721.7414  6428174   39.85%
  37581 31377      755.8730   106     1200.0000      721.7414  6520451   39.85%
  38214 31966     1152.0000    72     1200.0000      721.7414  6609541   39.85%
  38691 32404     1156.1519    44     1200.0000      721.7914  6714772   39.85%
  39296 32969     1188.0000    65     1200.0000      722.0602  6795745   39.83%
  39697 33336     1166.0000    59     1200.0000      722.1185  6885781   39.82%
  40111 33731     1152.0000    84     1200.0000      722.8251  6956527   39.76%
  40567 34129     1009.7764    86     1200.0000      723.1369  7050320   39.74%
Elapsed time = 306.05 sec. (376929.41 ticks, tree = 65.41 MB, solutions = 11)
  40871 34412     1099.0316    84     1200.0000      723.2538  7115808   39.73%
  41274 34785     1160.0000    65     1200.0000      723.4898  7189716   39.71%
  41621 35100     1151.0000    87     1200.0000      723.9197  7267399   39.67%
  42163 35605     1007.4591    84     1200.0000      723.9198  7340519   39.67%
  42643 36056     1168.3830    32     1200.0000      723.9201  7405184   39.67%
  43030 36416     1162.0000    81     1200.0000      724.4973  7490507   39.63%
  43659 37000     1149.0000    85     1200.0000      724.4973  7589269   39.63%
  44118 37401     1032.6336    92     1200.0000      724.7300  7686826   39.61%
  44786 38034     1188.0000    79     1200.0000      725.0000  7766515   39.58%
  45224 38452     1158.0000    60     1200.0000      725.2412  7844058   39.56%
Elapsed time = 337.62 sec. (415180.47 ticks, tree = 73.34 MB, solutions = 11)
  45696 38903     1157.0000    57     1200.0000      725.2412  7932660   39.56%
  46117 39293     1015.0528    84     1200.0000      725.2412  8031017   39.56%
  46536 39667     1157.0000    31     1200.0000      725.2412  8130150   39.56%
  47071 40151     1004.1321   118     1200.0000      725.2412  8228622   39.56%
  47517 40570     1006.7320    96     1200.0000      725.3033  8316303   39.56%
  47929 40962     1033.0393    92     1200.0000      725.3090  8387765   39.56%
  48375 41382     1154.0000    64     1200.0000      725.3090  8456629   39.56%
  48683 41675     1172.6829    61     1200.0000      725.3090  8528571   39.56%
  49049 42013     1051.5895    76     1200.0000      725.5248  8611321   39.54%
  49433 42373     1178.0000    42     1200.0000      725.7939  8671999   39.52%
Elapsed time = 369.02 sec. (453529.25 ticks, tree = 80.55 MB, solutions = 11)
  49918 42826     1011.7698    98     1200.0000      725.8517  8753720   39.51%
  50284 43164     1166.4786    32     1200.0000      725.8546  8834092   39.51%
  50836 43668     1010.1575    81     1200.0000      725.9365  8928158   39.51%
  51317 44127     1100.2996    84     1200.0000      725.9365  8996223   39.51%
  51725 44515     1153.7356    89     1200.0000      726.0311  9086039   39.50%
  52346 45092     1152.7248    81     1200.0000      726.3172  9180205   39.47%
  52916 45637     1023.9952   103     1200.0000      726.5363  9275774   39.46%
  53349 46014      756.3475   107     1200.0000      726.9476  9375163   39.42%
  53945 46570     1153.0000    79     1200.0000      726.9476  9464992   39.42%
  54450 47051     1161.0000    52     1200.0000      726.9476  9561536   39.42%
Elapsed time = 400.60 sec. (491802.16 ticks, tree = 89.20 MB, solutions = 11)
  54933 47507     1045.2867    88     1200.0000      726.9844  9656858   39.42%
  55394 47946     1165.0000    61     1200.0000      727.0526  9743299   39.41%
  55893 48424     1175.2521    48     1200.0000      727.5290  9823643   39.37%
  56338 48858     1035.1923   101     1200.0000      727.5290  9908204   39.37%
  56715 49207     1008.5826    72     1200.0000      727.5290  9987287   39.37%
  57121 49587     1101.3734    81     1200.0000      727.6924 10051192   39.36%
  57525 49952     1021.1397    97     1200.0000      727.6924 10137573   39.36%
  57930 50336     1044.5631   110     1200.0000      727.6924 10200757   39.36%
  58334 50706     1150.3336    88     1200.0000      727.6924 10269436   39.36%
  58720 51062     1017.4177    90     1200.0000      727.6924 10355648   39.36%
Elapsed time = 432.30 sec. (530031.03 ticks, tree = 96.52 MB, solutions = 11)
  59202 51524     1155.7867    66     1200.0000      727.8705 10431409   39.34%
  59570 51875     1156.0000    68     1200.0000      727.8711 10500700   39.34%
  59919 52192     1018.1210    85     1200.0000      728.2662 10530393   39.31%
  60380 52643     1153.0000    68     1200.0000      728.3641 10560339   39.30%
  60649 52902     1163.0000    55     1200.0000      728.3641 10594234   39.30%
  60997 53232     1158.0000    70     1200.0000      728.5688 10625627   39.29%
  61331 53548     1108.9259    87     1200.0000      729.0205 10662103   39.25%
  61441 53645     1157.3271    41     1200.0000      729.0205 10694731   39.25%
  61790 53976     1157.5000    63     1200.0000      729.0214 10728629   39.25%
  62350 54521     1151.0000    71     1200.0000      729.0959 10758699   39.24%
Elapsed time = 462.26 sec. (568443.98 ticks, tree = 147.47 MB, solutions = 11)
  62558 54711     1148.0000    57     1200.0000      729.3582 10793441   39.22%
  63141 55276     1151.0000    77     1200.0000      729.3582 10822924   39.22%
  63454 55565     1159.0000    48     1200.0000      729.3582 10856727   39.22%
  63801 55899     1159.0000    70     1200.0000      729.3685 10889618   39.22%
  64353 56435     1151.0000    76     1200.0000      729.4823 10921914   39.21%
  64471 56541     1163.3042    44     1200.0000      729.4823 10959201   39.21%
  64825 56883     1168.0000    61     1200.0000      729.8905 10991655   39.18%
  65286 57338     1157.0000    56     1200.0000      729.8905 11023540   39.18%
  65445 57485     1156.2981    70     1200.0000      729.8905 11056369   39.18%
  65648 57675     1168.3442    64     1200.0000      729.8905 11088903   39.18%
Elapsed time = 491.94 sec. (606777.31 ticks, tree = 221.87 MB, solutions = 11)
  66218 58229     1158.0000    60     1200.0000      730.0596 11119513   39.16%
  66463 58452     1190.0458    48     1200.0000      730.0596 11155133   39.16%
  67133 59114     1017.0661    96     1200.0000      730.0596 11183639   39.16%
  67456 59421     1175.0000    56     1200.0000      730.0596 11218524   39.16%
  67814 59770     1157.0000    64     1200.0000      730.1773 11248023   39.15%
  68389 60334     1161.0000    67     1200.0000      730.1782 11278536   39.15%
  68582 60512     1151.2087    61     1200.0000      730.1782 11314239   39.15%
  68869 60782     1006.0357    72     1200.0000      730.2022 11344155   39.15%
  69341 61238     1156.0000    71     1200.0000      730.3546 11374389   39.14%
  69691 61569     1163.3069    54     1200.0000      730.4428 11413067   39.13%
Elapsed time = 521.61 sec. (645194.72 ticks, tree = 316.19 MB, solutions = 11)
  70102 61972     1163.3664    55     1200.0000      730.5333 11443194   39.12%
  70401 62260     1153.0000    68     1200.0000      730.6042 11473739   39.12%
  70666 62521     1161.0000    60     1200.0000      731.2213 11505258   39.06%
  71058 62906     1156.0000    56     1200.0000      731.2603 11530256   39.06%
  71386 63226     1160.0365    66     1200.0000      731.3451 11557274   39.05%
  71700 63521     1161.0000    47     1200.0000      731.3737 11588756   39.05%
  72184 63984     1153.0000    58     1200.0000      731.8580 11621813   39.01%
  72505 64287     1008.5826    96     1200.0000      732.0155 11653919   39.00%
  72611 64391     1161.0000    81     1200.0000      732.0155 11659684   39.00%
  72929 64698     1008.4888    79     1200.0000      732.6674 11678346   38.94%
Elapsed time = 551.60 sec. (683777.59 ticks, tree = 378.92 MB, solutions = 11)
  73099 64856     1175.4769    61     1200.0000      732.6674 11705870   38.94%
  73378 65102     1161.0000    65     1200.0000      732.6674 11744072   38.94%
  73803 65518     1161.0000    43     1200.0000      732.6674 11765844   38.94%
  74111 65824     1161.0000    40     1200.0000      732.6674 11776012   38.94%
  74282 65981     1172.8317    26     1200.0000      732.6674 11805746   38.94%
  74511 66181     1157.0000    70     1200.0000      732.6674 11837147   38.94%
  75211 66875     1156.0000    61     1200.0000      732.6691 11863639   38.94%
  75499 67146     1181.0000    36     1200.0000      732.6691 11898440   38.94%
  75711 67357     1161.0000    63     1200.0000      732.6691 11915062   38.94%
  76075 67716     1159.4019    58     1200.0000      733.0000 11932637   38.92%
Elapsed time = 583.64 sec. (724377.79 ticks, tree = 457.58 MB, solutions = 11)
  76285 67907     1161.2588    50     1200.0000      733.0603 11957584   38.91%
  76386 67996     1173.0000    49     1200.0000      733.0603 11983919   38.91%
  76668 68246     1157.0000    56     1200.0000      733.0603 12017325   38.91%
  76911 68479     1155.0000    61     1200.0000      733.1390 12028622   38.91%
  77341 68907     1155.0000    61     1200.0000      733.1617 12046323   38.90%

GUB cover cuts applied:  1
Implied bound cuts applied:  89
Flow cuts applied:  171
Mixed integer rounding cuts applied:  82
Zero-half cuts applied:  2
Lift and project cuts applied:  14

Root node processing (before b&c):
  Real time             =    1.79 sec. (2422.23 ticks)
Sequential b&c:
  Real time             =  598.21 sec. (742495.24 ticks)
                          ------------
Total (root+branch&cut) =  600.00 sec. (744917.48 ticks)
