Tried aggregator 2 times.
MIP Presolve eliminated 1800 rows and 264 columns.
MIP Presolve modified 395 coefficients.
Aggregator did 48 substitutions.
Reduced MIP has 1925 rows, 3430 columns, and 12404 nonzeros.
Reduced MIP has 1788 binaries, 2 generals, 0 SOSs, and 0 indicators.
Presolve time = 0.01 sec. (13.80 ticks)
Found incumbent of value 5850.000000 after 0.03 sec. (32.72 ticks)
Probing fixed 0 vars, tightened 1 bounds.
Probing time = 0.01 sec. (7.32 ticks)
Tried aggregator 1 time.
Reduced MIP has 1925 rows, 3430 columns, and 12404 nonzeros.
Reduced MIP has 1788 binaries, 25 generals, 0 SOSs, and 0 indicators.
Presolve time = 0.01 sec. (6.43 ticks)
Probing time = 0.00 sec. (3.58 ticks)
Clique table members: 8209.
MIP emphasis: balance optimality and feasibility.
MIP search method: dynamic search.
Parallel mode: none, using 1 thread.
Root relaxation solution time = 0.05 sec. (79.67 ticks)

        Nodes                                         Cuts/
   Node  Left     Objective  IInf  Best Integer    Best Bound    ItCnt     Gap

*     0+    0                         5850.0000        0.0000      981  100.00%
      0     0      107.1578   206     5850.0000      107.1578      981   98.17%
      0     0      109.4609   163     5850.0000      Cuts: 23     1190   98.13%
      0     0      203.8142   184     5850.0000      Cuts: 96     2428   96.52%
      0     0      205.3141   156     5850.0000      Cuts: 86     3179   96.49%
*     0+    0                         2200.0000      205.3141     3179   90.67%
      0     0      205.5696   178     2200.0000      Cuts: 42     3803   90.66%
      0     0      206.5885   158     2200.0000      Cuts: 98     4011   90.61%
      0     0      206.5885   172     2200.0000      Cuts: 38     4201   90.61%
      0     0      206.5885   154     2200.0000       Cuts: 8     4333   90.61%
      0     0      206.5885   163     2200.0000      Cuts: 20     4484   90.61%
*     0+    0                         1840.0000      206.5885     4484   88.77%
      0     2      206.5885   144     1840.0000      206.5885     4484   88.77%
Elapsed time = 1.53 sec. (2033.31 ticks, tree = 0.00 MB, solutions = 3)
     20    22      206.5885   141     1840.0000      206.5885     5313   88.77%
     50    52      206.5885   142     1840.0000      206.5885     6919   88.77%
     67    69      209.1119   145     1840.0000      206.5885     9408   88.77%
     80    82      214.5571   139     1840.0000      206.5885    11074   88.77%
     91    93      351.5810    84     1840.0000      206.5885    14377   88.77%
    108   110      390.0000   100     1840.0000      206.5885    17855   88.77%
    120   122      359.7057    62     1840.0000      206.5885    19971   88.77%
    143   145      360.6643    55     1840.0000      206.5885    23023   88.77%
    156   158      362.6747    53     1840.0000      206.5885    26135   88.77%
    215   217      418.3848    41     1840.0000      206.5885    40583   88.77%
Elapsed time = 4.68 sec. (6125.27 ticks, tree = 2.21 MB, solutions = 3)
    259   261      459.7045    49     1840.0000      206.5885    69834   88.77%
    310   310      506.1877    50     1840.0000      206.5885    82753   88.77%
*   380+  357                         1590.0000      206.5885    94037   87.01%
*   380+  356                         1310.0000      206.5885    94037   84.23%
*   380+  355                         1240.0000      206.5885    94037   83.34%
*   380+  355                         1210.0000      206.5885    94037   82.93%
    380   357      209.1119   142     1210.0000      206.5885    94037   82.93%
    406   383      210.2896   172     1210.0000      206.5885   109527   82.93%
*   490+  464                         1040.0000      206.5885   113283   80.14%
    490   466      216.1786   141     1040.0000      206.5885   113283   80.14%
*   491+  464                         1020.0000      206.5885   113385   79.75%
*   492+  310                          970.0000      571.3769   130514   41.10%
    492   311      572.0000   147      970.0000      572.0000   130514   41.03%
    497   315      572.0000   198      970.0000      572.0000   132474   41.03%
    502   317      575.0000   164      970.0000      572.0000   133785   41.03%
    508   318      579.1221   161      970.0000      572.0000   136750   41.03%
    514   322      589.5100   143      970.0000      572.0000   139428   41.03%
Elapsed time = 17.83 sec. (22526.58 ticks, tree = 1.93 MB, solutions = 10)
    524   323      607.9780   137      970.0000      572.0000   142508   41.03%
    544   331      611.0000   123      970.0000      572.0000   147387   41.03%
    565   339      726.6757    78      970.0000      572.0000   152819   41.03%
    592   352      672.0000    83      970.0000      572.0000   157107   41.03%
    632   367      707.0000    66      970.0000      572.0000   164760   41.03%
    666   380      708.1077    67      970.0000      572.0000   179823   41.03%
    689   385      709.0000    64      970.0000      572.0000   191236   41.03%
    715   390      810.2824    49      970.0000      572.0000   202654   41.03%
    738   399      902.0000    59      970.0000      572.0000   212650   41.03%
    760   407      936.0000    52      970.0000      572.0000   222598   41.03%
Elapsed time = 26.55 sec. (33294.98 ticks, tree = 5.20 MB, solutions = 10)
    775   409      965.7162    43      970.0000      572.0000   229663   41.03%
    792   412      575.4287   163      970.0000      572.0000   233730   41.03%
    855   445      803.0000    62      970.0000      572.0000   239187   41.03%
*   892+  389                          920.0000      572.0000   244203   37.83%
    909   399      846.1060    36      920.0000      572.0000   247760   37.83%
    946   410      847.0000    36      920.0000      572.0000   257424   37.83%
    971   417      599.3712   129      920.0000      572.0348   264173   37.82%
    992   428      661.0772   127      920.0000      572.0348   266135   37.82%
   1092   484      823.1951    77      920.0000      572.0348   269429   37.82%
   1151   530      572.6598   185      920.0000      572.6596   274554   37.75%
*  1192+  565                          910.0000      572.6596   280437   37.07%
   1193   568      881.0000    57      910.0000      572.6596   280454   37.07%
Elapsed time = 34.36 sec. (43213.71 ticks, tree = 12.74 MB, solutions = 12)
   1237   609      881.0000    51      910.0000      572.6596   288296   37.07%
   1270   634      572.6596   185      910.0000      572.6596   294372   37.07%
   1352   712      907.0000    65      910.0000      572.6596   296884   37.07%
   1437   790      602.6287   165      910.0000      572.6596   303649   37.07%
   1475   822      645.0804    97      910.0000      572.6597   304944   37.07%
   1654   985        cutoff            910.0000      572.6597   314208   37.07%
   1675  1006      831.7065    72      910.0000      572.6597   319834   37.07%
   1709  1038      881.0000    89      910.0000      572.6597   324927   37.07%
   1772  1101      881.0000    52      910.0000      572.6597   332270   37.07%
   1833  1159      884.1083    46      910.0000      572.6597   342165   37.07%
Elapsed time = 41.99 sec. (53090.88 ticks, tree = 28.93 MB, solutions = 12)
   1868  1192      888.4096    31      910.0000      572.6597   350712   37.07%
   1909  1213      645.0804   103      910.0000      572.6598   359587   37.07%
   1987  1281      645.0804   106      910.0000      574.0000   364834   36.92%
   2032  1322      734.1103    93      910.0000      574.0000   370876   36.92%
   2089  1369      902.8278    85      910.0000      574.0154   376376   36.92%
   2133  1398      705.8060   101      910.0000      574.0154   379867   36.92%
   2177  1436      755.9869   103      910.0000      574.0154   385482   36.92%
   2273  1527      874.0000    39      910.0000      574.0155   392299   36.92%
   2331  1582      896.0000    45      910.0000      574.0155   399701   36.92%
   2376  1622      700.9653    96      910.0000      574.0646   407742   36.92%
Elapsed time = 49.54 sec. (62806.68 ticks, tree = 40.68 MB, solutions = 12)
   2492  1737      896.0877    34      910.0000      574.0646   413989   36.92%
   2553  1789      869.3563    65      910.0000      574.2673   423330   36.89%
   2608  1841      871.0000    46      910.0000      574.2673   430471   36.89%
   2656  1888      876.0111    34      910.0000      574.2673   439279   36.89%
   2704  1931      874.4850    35      910.0000      574.2673   451001   36.89%
   2754  1961      670.9365   101      910.0000      575.3904   464631   36.77%
   2880  2086      903.0000    67      910.0000      575.3904   468759   36.77%
   2940  2131      599.2945   154      910.0000      575.3904   476034   36.77%
   3025  2209      891.0000    61      910.0000      575.3904   481931   36.77%
   3110  2294      891.0000    52      910.0000      575.3904   489656   36.77%
Elapsed time = 57.23 sec. (72540.22 ticks, tree = 50.66 MB, solutions = 12)
   3245  2422      896.0000    45      910.0000      575.3990   497109   36.77%
   3329  2497      704.1642    95      910.0000      575.3990   503943   36.77%
   3483  2646      893.0000    52      910.0000      575.3990   511201   36.77%
   3575  2729      906.0174    53      910.0000      575.4287   517882   36.77%
   3637  2775      645.0804    84      910.0000      575.4488   529364   36.76%
   3716  2853      893.0000    62      910.0000      575.4488   535074   36.76%
   3825  2961      897.0000    48      910.0000      575.4488   540919   36.76%
   3888  3008      731.8304    99      910.0000      575.4505   547358   36.76%
   4031  3150      893.0000    64      910.0000      575.4505   554590   36.76%
   4093  3205      646.7685    83      910.0000      575.4505   560482   36.76%
Elapsed time = 64.80 sec. (82287.32 ticks, tree = 74.92 MB, solutions = 12)
   4216  3328      896.3512    41      910.0000      575.4505   567996   36.76%
   4338  3443      893.0000    67      910.0000      575.4505   574003   36.76%
   4492  3589      645.0804   122      910.0000      575.4506   583299   36.76%
   4568  3661      886.5927    58      910.0000      575.4506   590200   36.76%
   4617  3692      645.0804    86      910.0000      575.6201   598108   36.75%
   4741  3814      900.0000    44      910.0000      575.6201   603925   36.75%
   4833  3894      902.0587    51      910.0000      575.6731   611863   36.74%
   5051  4103      903.0000    52      910.0000      576.0948   618727   36.69%
   5132  4176      645.2005    89      910.0000      576.7612   626184   36.62%
   5242  4285      893.0000    66      910.0000      576.7612   631297   36.62%
Elapsed time = 72.93 sec. (92827.25 ticks, tree = 104.88 MB, solutions = 12)
   5344  4375      786.8773    81      910.0000      576.8747   638619   36.61%
   5432  4459      888.2373    48      910.0000      576.8747   643126   36.61%
   5486  4503      700.2519    81      910.0000      576.9079   650968   36.60%
   5611  4622      884.0000    40      910.0000      576.9079   656156   36.60%
   5692  4700      906.0000    17      910.0000      576.9079   664720   36.60%
   5732  4736      891.3587    70      910.0000      576.9079   672763   36.60%
   5889  4890      898.0000    51      910.0000      576.9079   679452   36.60%
   5958  4945      673.8753   101      910.0000      576.9081   687496   36.60%
   6105  5088      897.0000    53      910.0000      576.9081   691457   36.60%
   6301  5257      645.4144    96      910.0000      576.9750   720890   36.60%
Elapsed time = 82.73 sec. (105369.15 ticks, tree = 120.50 MB, solutions = 12)
   6752  5681      897.0000    37      910.0000      576.9750   747409   36.60%
   7170  6071      880.0888    53      910.0000      578.0000   773063   36.48%
   7484  6371      904.0000    39      910.0000      578.0957   799524   36.47%
   7730  6584      645.2005    94      910.0000      578.5198   825607   36.43%
   8206  7045      872.0000    54      910.0000      578.5980   848873   36.42%
   8562  7358      891.3587    78      910.0000      578.5981   877300   36.42%
   8924  7697      881.1138    67      910.0000      579.0802   904154   36.36%
   9464  8221      871.2000    34      910.0000      579.8677   929818   36.28%
   9831  8550      670.9663    97      910.0000      579.9857   962452   36.27%
   9972  8686      796.1102    83      910.0000      580.2347   970999   36.24%
Elapsed time = 120.39 sec. (152505.33 ticks, tree = 207.79 MB, solutions = 12)
  10372  9059      730.8366   105      910.0000      580.2904  1000542   36.23%
  11040  9682      902.0000    20      910.0000      580.3257  1034185   36.23%
  11709 10294      906.0000    39      910.0000      580.4035  1068802   36.22%
  12261 10811      888.3248    43      910.0000      581.1742  1099077   36.13%
  12934 11443      684.8839    97      910.0000      582.0627  1126934   36.04%
  13310 11784      584.0237   146      910.0000      582.0633  1157636   36.04%
  13831 12284      645.4140   105      910.0000      582.0754  1180556   36.04%
  14214 12637      893.1390    57      910.0000      582.1275  1209735   36.03%
  14770 13153      756.1386    90      910.0000      582.1671  1237282   36.03%
  15329 13670      900.0000    27      910.0000      582.2728  1266356   36.01%
Elapsed time = 149.77 sec. (190906.12 ticks, tree = 329.01 MB, solutions = 12)
  15804 14096      896.0000    34      910.0000      583.3740  1296121   35.89%
  16265 14510      645.2005   104      910.0000      584.0371  1331323   35.82%
  16955 15169        cutoff            910.0000      584.0779  1359204   35.82%
  17627 15800      900.0000    55      910.0000      584.1065  1384046   35.81%
  18351 16491      645.9505    84      910.0000      584.1625  1415012   35.81%
  18962 17075      907.7458    37      910.0000      584.8450  1447352   35.73%
  19473 17551      896.0000    63      910.0000      585.3526  1476362   35.68%
  20099 18139      655.7362   105      910.0000      586.1098  1505969   35.59%
  20594 18600      872.5395    64      910.0000      586.1395  1542977   35.59%
  21116 19092      645.0804    71      910.0000      586.1489  1573102   35.59%
Elapsed time = 179.74 sec. (229444.61 ticks, tree = 445.96 MB, solutions = 12)
  21568 19516      645.2550    96      910.0000      586.1811  1606387   35.58%
  22271 20190      873.0000    56      910.0000      586.7036  1632627   35.53%
  22649 20546      902.1338    60      910.0000      587.1397  1664660   35.48%
  23058 20927      904.0000    56      910.0000      587.3453  1692370   35.46%
  23521 21359      891.0000    45      910.0000      587.9476  1726388   35.39%
  24092 21901      900.6423    68      910.0000      588.3652  1756126   35.34%
  24443 22217      687.7304   111      910.0000      588.3980  1791193   35.34%
  24878 22629      880.6560    68      910.0000      588.4041  1817115   35.34%
  25335 23068      888.0000    37      910.0000      588.4217  1845585   35.34%
  25837 23538      894.0000    57      910.0000      588.4230  1880302   35.34%
Elapsed time = 209.85 sec. (268049.82 ticks, tree = 512.64 MB, solutions = 12)
  26426 24095      901.0000    70      910.0000      588.4546  1909331   35.33%
  26799 24435      893.0000    46      910.0000      588.7598  1939904   35.30%
  27356 24971      654.9726   104      910.0000      588.9728  1970743   35.28%
  27583 25163      749.1726    80      910.0000      589.5100  2003588   35.22%
  27952 25496      903.0000    72      910.0000      589.7247  2030548   35.20%
  28368 25900      897.0000    74      910.0000      589.7601  2059232   35.19%
  28870 26379      885.0000    89      910.0000      590.5978  2085687   35.10%
  29282 26764      594.3546   124      910.0000      590.7746  2118836   35.08%
  29767 27228      751.0904    94      910.0000      590.7746  2149213   35.08%
  30318 27744      646.4726    91      910.0000      590.8517  2179995   35.07%
Elapsed time = 240.00 sec. (306522.25 ticks, tree = 594.61 MB, solutions = 12)
  30932 28330      906.0000    63      910.0000      590.8883  2208724   35.07%
  31453 28815      902.5417    73      910.0000      590.8914  2238267   35.07%
  31882 29211      885.0000    73      910.0000      591.4033  2265048   35.01%
  32274 29560      907.5951    77      910.0000      591.7605  2295502   34.97%
  32766 30013      907.0000    47      910.0000      591.9611  2323008   34.95%
  33223 30446      907.0000    57      910.0000      592.1994  2348460   34.92%
  33524 30709      671.8837    96      910.0000      593.1094  2380236   34.82%
  33805 30969      884.0000    54      910.0000      594.0322  2403704   34.72%
  34091 31203      739.6838    88      910.0000      594.4164  2438480   34.68%
  34512 31578      903.2854    69      910.0000      595.6023  2464056   34.55%
Elapsed time = 269.89 sec. (344867.17 ticks, tree = 685.71 MB, solutions = 12)
  35068 32117      893.0000    72      910.0000      595.6383  2494279   34.55%
  35545 32553      894.0000    57      910.0000      595.6447  2526221   34.54%
  36066 33041      681.1471   109      910.0000      595.9114  2559953   34.52%
  36413 33354      897.0000    69      910.0000      596.2324  2588380   34.48%
  37120 34032      886.4343    35      910.0000      596.2972  2620428   34.47%
  37607 34487      878.0000    59      910.0000      596.7760  2652816   34.42%
  38175 35033      907.1497    49      910.0000      596.8133  2687827   34.42%
  38537 35350      699.8369    93      910.0000      597.1794  2719593   34.38%
  38962 35749      795.5165    78      910.0000      597.2220  2750273   34.37%
  39414 36157      925.4060    66      910.0000      597.9296  2781606   34.29%
Elapsed time = 299.61 sec. (383176.90 ticks, tree = 791.27 MB, solutions = 12)
  39856 36577      893.0000    60      910.0000      598.3343  2811500   34.25%
  40454 37135      888.4524    39      910.0000      598.6495  2842355   34.21%
  40986 37651      904.0000    60      910.0000      598.6912  2874319   34.21%
  41451 38077      872.0000    57      910.0000      598.9004  2905916   34.19%
  41862 38453      882.0000    65      910.0000      599.2587  2942710   34.15%
  42213 38777      894.5249    84      910.0000      599.3602  2974751   34.14%
  42497 39026      896.0000    13      910.0000      599.4409  3007281   34.13%
  42887 39382      647.3039    93      910.0000      599.9682  3038649   34.07%
  43384 39845      823.4668    67      910.0000      600.5625  3070757   34.00%
  43676 40100      908.0000    49      910.0000      600.7639  3101783   33.98%
Elapsed time = 329.87 sec. (421556.37 ticks, tree = 884.59 MB, solutions = 12)
  43932 40327      900.2936    40      910.0000      601.2167  3131321   33.93%
  44299 40655      769.9577    89      910.0000      601.8550  3164004   33.86%
  44499 40828      875.0000    52      910.0000      602.0665  3194134   33.84%
  44867 41151      770.8723    56      910.0000      602.5263  3223000   33.79%
  45286 41539      900.7839    73      910.0000      602.6301  3253224   33.78%
  45645 41877      900.3253    32      910.0000      602.6717  3283982   33.77%
  46101 42300        cutoff            910.0000      602.9930  3312067   33.74%
  46520 42693      902.0000    50      910.0000      603.2516  3341706   33.71%
  46870 42999      701.6754    93      910.0000      603.8579  3374737   33.64%
  47272 43364      750.8157    59      910.0000      604.5760  3405492   33.56%
Elapsed time = 359.78 sec. (459935.02 ticks, tree = 959.70 MB, solutions = 12)
  47482 43548      875.0000    46      910.0000      604.9042  3434911   33.53%
  47792 43830      908.0000    31      910.0000      605.0605  3469609   33.51%
  48190 44204      900.5322    29      910.0000      605.5685  3501309   33.45%
  48716 44693      807.5248    73      910.0000      605.8497  3530386   33.42%
  49116 45060      876.0000    66      910.0000      606.2474  3565655   33.38%
  49439 45354        cutoff            910.0000      606.3756  3602584   33.37%
  49967 45827      902.0000    55      910.0000      606.5253  3634769   33.35%
  50326 46136      731.2606    91      910.0000      607.9385  3666826   33.19%
  50616 46394      899.0000    41      910.0000      607.9780  3693291   33.19%
  51017 46755      832.9567    74      910.0000      608.5486  3719889   33.13%
Elapsed time = 389.94 sec. (498255.28 ticks, tree = 1050.25 MB, solutions = 12)
  51361 47059      760.1512    84      910.0000      608.8135  3752617   33.10%
  51702 47378      878.0812    38      910.0000      608.9690  3785059   33.08%
  51992 47626      856.4679    67      910.0000      609.3066  3817284   33.04%
  52402 47998      903.0000    34      910.0000      609.4740  3848376   33.02%
  52733 48259      830.4610    78      910.0000      610.2295  3878989   32.94%
  53013 48503      807.1433    82      910.0000      610.6131  3906916   32.90%
  53378 48833      902.0000    39      910.0000      611.0000  3934107   32.86%
  53707 49132    infeasible            910.0000      611.0000  3963345   32.86%
  54049 49433      896.0000    57      910.0000      611.5363  3992701   32.80%
  54398 49738      907.2699    52      910.0000      612.1818  4021149   32.73%
Elapsed time = 419.89 sec. (536629.74 ticks, tree = 1108.22 MB, solutions = 12)
  54642 49930      903.0000    33      910.0000      612.3371  4052094   32.71%
  54921 50166      871.0000    45      910.0000      612.9423  4081530   32.64%
  55220 50449      876.0000    56      910.0000      612.9423  4115029   32.64%
  55696 50909      892.6478    51      910.0000      612.9710  4145547   32.64%
  56040 51218      791.5738    68      910.0000      613.0692  4181867   32.63%
  56512 51641      655.8494    95      910.0000      613.4035  4208402   32.59%
  57091 52187        cutoff            910.0000      613.6633  4242092   32.56%
  57619 52660      902.0000    60      910.0000      613.8225  4278019   32.55%
  58047 53037      665.8250    96      910.0000      613.9677  4309443   32.53%
  58452 53407      894.0000    57      910.0000      614.1270  4339192   32.51%
Elapsed time = 449.99 sec. (574952.90 ticks, tree = 1206.39 MB, solutions = 12)
  58886 53793      864.2024    78      910.0000      615.0080  4370559   32.42%
  59260 54112      700.6131    90      910.0000      616.3632  4407370   32.27%
  59664 54478        cutoff            910.0000      616.7582  4435579   32.22%
  60122 54920      903.0000    72      910.0000      616.9042  4467545   32.21%
  60404 55170      898.2810    19      910.0000      616.9214  4503524   32.21%
  60742 55471      872.0000    58      910.0000      617.7187  4536041   32.12%
  61168 55853      902.0000    54      910.0000      617.7439  4571826   32.12%
  61517 56160      876.1929    79      910.0000      618.0924  4607237   32.08%
  61995 56611      906.0000    50      910.0000      618.2025  4640290   32.07%
  62498 57074      903.9706    67      910.0000      618.6025  4669195   32.02%
Elapsed time = 480.26 sec. (613235.99 ticks, tree = 1302.67 MB, solutions = 12)
  62938 57476        cutoff            910.0000      618.7746  4700119   32.00%
  63290 57798      907.0000    37      910.0000      619.2602  4730822   31.95%
  63724 58184      896.5449    62      910.0000      619.8771  4766166   31.88%
  64050 58479      894.0000    82      910.0000      621.2575  4797608   31.73%
  64394 58783      881.0000    57      910.0000      621.9816  4826605   31.65%
  64784 59135      876.0000    60      910.0000      622.4712  4861148   31.60%
  65292 59614      894.0000    64      910.0000      622.8196  4890858   31.56%
  65698 59996      902.0997    53      910.0000      622.9881  4921606   31.54%
  66151 60402      905.3100    62      910.0000      623.0103  4953893   31.54%
  66482 60703      898.0000    24      910.0000      623.0505  4987845   31.53%
Elapsed time = 510.63 sec. (651558.37 ticks, tree = 1380.59 MB, solutions = 12)
  66988 61155      891.0000    59      910.0000      623.1291  5012995   31.52%
  67431 61554      896.2649    68      910.0000      623.5520  5041575   31.48%
  67873 61965      876.0000    65      910.0000      623.6346  5075462   31.47%
  68310 62370      900.0000    42      910.0000      623.7606  5104779   31.45%
  68636 62653      836.1498    69      910.0000      624.8046  5136637   31.34%
  69122 63082      770.4036    69      910.0000      625.5021  5168556   31.26%
  69664 63569      882.0000    60      910.0000      626.0000  5198960   31.21%
  69921 63794      753.5469    49      910.0000      626.2443  5228046   31.18%
  70391 64214      904.0000    71      910.0000      626.6833  5262626   31.13%
  70984 64752        cutoff            910.0000      627.0233  5292961   31.10%
Elapsed time = 540.83 sec. (689867.70 ticks, tree = 1472.96 MB, solutions = 12)
  71292 65030      701.3872    66      910.0000      627.6138  5316634   31.03%
  71609 65331      875.0000    53      910.0000      628.0000  5331254   30.99%
  71881 65584      886.0000    23      910.0000      628.1316  5362563   30.97%
  72092 65773      893.0000    38      910.0000      628.6686  5384892   30.92%
  72392 66038      891.0000    53      910.0000      628.8157  5415033   30.90%
  72700 66324        cutoff            910.0000      628.8157  5440600   30.90%
  73097 66701      902.0000    63      910.0000      628.8157  5462013   30.90%
  73433 67028      886.0000    51      910.0000      628.8157  5484366   30.90%
  73827 67388      903.3391    73      910.0000      628.8896  5518257   30.89%
  74192 67741      872.0000    46      910.0000      628.8932  5533934   30.89%
Elapsed time = 574.72 sec. (731047.82 ticks, tree = 1551.24 MB, solutions = 12)
  74451 67957        cutoff            910.0000      628.8932  5563614   30.89%
  74739 68222      892.1133    22      910.0000      629.5455  5576278   30.82%
  75092 68549      900.0000    46      910.0000      629.9304  5597535   30.78%
  75451 68888      906.0000    40      910.0000      629.9921  5619054   30.77%
  75992 69374      788.3693    78      910.0000      630.3626  5657294   30.73%
  76244 69609      775.8796    67      910.0000      631.0000  5667746   30.66%
  76475 69817      721.5000    70      910.0000      631.6888  5692002   30.58%

GUB cover cuts applied:  1
Implied bound cuts applied:  111
Flow cuts applied:  204
Mixed integer rounding cuts applied:  55
Lift and project cuts applied:  22

Root node processing (before b&c):
  Real time             =    1.51 sec. (2010.23 ticks)
Sequential b&c:
  Real time             =  598.49 sec. (760059.52 ticks)
                          ------------
Total (root+branch&cut) =  600.00 sec. (762069.74 ticks)
