Tried aggregator 2 times.
MIP Presolve eliminated 3639 rows and 1432 columns.
MIP Presolve modified 377 coefficients.
Aggregator did 54 substitutions.
Reduced MIP has 3336 rows, 5700 columns, and 21118 nonzeros.
Reduced MIP has 3148 binaries, 2 generals, 0 SOSs, and 0 indicators.
Presolve time = 0.02 sec. (24.88 ticks)
Found incumbent of value 7100.000000 after 0.06 sec. (65.02 ticks)
Probing time = 0.01 sec. (4.81 ticks)
Tried aggregator 1 time.
Reduced MIP has 3336 rows, 5700 columns, and 21118 nonzeros.
Reduced MIP has 3148 binaries, 19 generals, 0 SOSs, and 0 indicators.
Presolve time = 0.01 sec. (11.53 ticks)
Probing time = 0.01 sec. (4.70 ticks)
Clique table members: 8175.
MIP emphasis: balance optimality and feasibility.
MIP search method: dynamic search.
Parallel mode: none, using 1 thread.
Root relaxation solution time = 0.16 sec. (239.79 ticks)

        Nodes                                         Cuts/
   Node  Left     Objective  IInf  Best Integer    Best Bound    ItCnt     Gap

*     0+    0                         7100.0000        0.0000     1959  100.00%
      0     0       90.3511   346     7100.0000       90.3511     1959   98.73%
      0     0       93.1956   298     7100.0000      Cuts: 58     2600   98.69%
      0     0      159.4664   322     7100.0000     Cuts: 156     5318   97.75%
      0     0      178.0077   320     7100.0000     Cuts: 140     6719   97.49%
      0     0      178.5043   301     7100.0000      Cuts: 99     7359   97.49%
      0     0      178.5544   289     7100.0000      Cuts: 73     7943   97.49%
      0     0      178.5899   300     7100.0000      Cuts: 88     8602   97.48%
      0     0      178.5954   299     7100.0000      Cuts: 68     9062   97.48%
      0     0      178.6069   272     7100.0000      Cuts: 20     9392   97.48%
      0     0      178.6124   310     7100.0000      Cuts: 65     9863   97.48%
*     0+    0                         7099.0000      178.6124     9863   97.48%
      0     2      178.6124   262     7099.0000      178.6124     9863   97.48%
Elapsed time = 3.15 sec. (4315.95 ticks, tree = 0.00 MB, solutions = 2)
      6     8      179.9500   240     7099.0000      179.9500    11532   97.47%
     15    17      181.7156   220     7099.0000      179.9500    12998   97.47%
     25    27      179.9502   242     7099.0000      179.9500    14596   97.47%
     75    75      186.0415   198     7099.0000      179.9500    15557   97.47%
    120   120      183.5602   204     7099.0000      179.9500    16533   97.47%
    160   160      188.7776   184     7099.0000      179.9500    17598   97.47%
    174   174      490.0000   190     7099.0000      179.9500    19157   97.47%
    202   202      210.0000   189     7099.0000      179.9500    20531   97.47%
    223   223      203.1126   174     7099.0000      179.9500    21719   97.47%
    336   336      218.6561   161     7099.0000      179.9500    23624   97.47%
Elapsed time = 5.56 sec. (7855.67 ticks, tree = 13.60 MB, solutions = 2)
    368   368      976.4544    79     7099.0000      179.9500    31794   97.47%
    422   422      244.9097   133     7099.0000      179.9500    38239   97.47%
    441   441     1187.8465    40     7099.0000      179.9500    45761   97.47%
    466   466      276.4565   130     7099.0000      179.9500    54423   97.47%
    479   479      311.7533   120     7099.0000      179.9500    63438   97.47%
*   480+  478                         1620.0000      179.9500    63651   88.89%
*   490+  488                         1470.0000      179.9500    67244   87.76%
    492   490     1150.0000    64     1470.0000      179.9500    70368   87.76%
    504   502      352.5310    99     1470.0000      179.9500    76234   87.76%
    532   528     1067.6667    25     1470.0000      179.9500    83740   87.76%
    580   576      491.3272    64     1470.0000      179.9500    92011   87.76%
    599   595     1169.6727    24     1470.0000      179.9500   102186   87.76%
Elapsed time = 13.02 sec. (18187.44 ticks, tree = 22.70 MB, solutions = 4)
*   600+  396                         1310.0000      255.4678   110473   80.50%
*   600+  264                         1230.0000      255.4678   110473   79.23%
    600   265      494.0000   223     1230.0000      494.0000   133762   59.84%
    604   266      496.0000   289     1230.0000      494.0000   137409   59.84%
    608   265      497.5468   265     1230.0000      494.0000   138841   59.84%
    609   264      500.8578   267     1230.0000      494.0000   143181   59.84%
    612   264      501.8440   266     1230.0000      494.0000   147627   59.84%
    618   264      503.0000   262     1230.0000      494.0000   152215   59.84%
    620   262      510.5110   245     1230.0000      494.0000   157199   59.84%
    623   261      510.5120   245     1230.0000      494.0000   161503   59.84%
    631   261      509.6369   233     1230.0000      494.0000   168560   59.84%
    639   260      515.0787   236     1230.0000      494.0000   170800   59.84%
Elapsed time = 34.53 sec. (46247.07 ticks, tree = 9.50 MB, solutions = 6)
    644   263      522.5217   231     1230.0000      494.0000   174960   59.84%
    651   262      656.9946   122     1230.0000      494.0000   180564   59.84%
    659   263      542.6781   168     1230.0000      494.0000   186710   59.84%
    660   264      537.4369   186     1230.0000      494.0000   187792   59.84%
    687   265      740.0000   114     1230.0000      494.0000   192833   59.84%
    701   269      917.9510    72     1230.0000      494.0000   199942   59.84%
    720   274      786.9596    84     1230.0000      494.0000   212723   59.84%
    735   274      877.2074    96     1230.0000      494.0000   224889   59.84%
    744   276      934.1297    92     1230.0000      494.0000   229835   59.84%
    775   286     1053.0000    80     1230.0000      494.0000   241130   59.84%
Elapsed time = 42.88 sec. (56643.48 ticks, tree = 10.55 MB, solutions = 6)
    837   323     1053.0000    48     1230.0000      494.0000   247657   59.84%
    874   339     1056.0660    33     1230.0000      494.0000   255510   59.84%
    912   347     1147.5000    24     1230.0000      494.0000   271965   59.84%
    960   361     1060.0000    13     1230.0000      494.0000   294225   59.84%
*   976+  327                         1190.0000      494.0000   302425   58.49%
*   976+  304                         1160.0000      494.0000   302425   57.41%
*   976+  290                         1150.0000      494.0000   302425   57.04%
*   976+  277                         1080.0000      494.0000   302425   54.26%
    978   278      494.4535   254     1080.0000      494.4535   302930   54.22%
    985   281      499.5655   262     1080.0000      495.0000   308139   54.17%
    995   283      507.4823   263     1080.0000      495.0000   317850   54.17%
   1001   286      583.3514   154     1080.0000      495.0000   329882   54.17%
   1010   291      583.4530   168     1080.0000      495.0000   339405   54.17%
   1017   297      535.3583   241     1080.0000      495.0000   349425   54.17%
Elapsed time = 50.85 sec. (66804.84 ticks, tree = 9.13 MB, solutions = 10)
   1024   304      623.7054   163     1080.0000      495.0000   359898   54.17%
   1033   308      636.6555   154     1080.0000      495.0000   371144   54.17%
   1043   313      592.0000   207     1080.0000      495.0000   378677   54.17%
   1053   317      649.7012   184     1080.0000      495.0000   388411   54.17%
   1063   320      669.4315   176     1080.0000      495.0000   397850   54.17%
   1072   324      696.9628   141     1080.0000      495.0000   408230   54.17%
   1080   326      757.8479   143     1080.0000      495.0000   422486   54.17%
   1096   333      951.0000   115     1080.0000      495.0000   435137   54.17%
   1116   338     1058.1670   106     1080.0000      495.0000   446155   54.17%
   1124   341      496.7216   262     1080.0000      495.6468   451286   54.11%
Elapsed time = 60.01 sec. (77533.11 ticks, tree = 10.48 MB, solutions = 10)
   1133   350      519.6005   221     1080.0000      495.6468   461125   54.11%
   1143   360      561.2658   198     1080.0000      495.6468   470248   54.11%
   1153   370      610.5771   197     1080.0000      495.6468   479738   54.11%
   1160   377      713.3277   209     1080.0000      495.6468   484812   54.11%
   1168   384      958.4420   161     1080.0000      495.6468   494123   54.11%
   1200   407     1077.0000    89     1080.0000      495.6468   500800   54.11%
   1209   416      514.2135   234     1080.0000      495.6468   508233   54.11%
   1217   424      543.1462   204     1080.0000      495.6468   518170   54.11%
   1226   433      584.0094   195     1080.0000      495.6468   527162   54.11%
   1233   440      629.4417   174     1080.0000      495.6468   536838   54.11%
Elapsed time = 68.66 sec. (87734.20 ticks, tree = 10.73 MB, solutions = 10)
   1241   448      757.4268   165     1080.0000      495.6468   545190   54.11%
   1253   454     1010.7462   122     1080.0000      495.6468   556582   54.11%
   1276   468     1025.0627   114     1080.0000      495.6468   567508   54.11%
   1312   500     1069.0000    77     1080.0000      495.6468   574621   54.11%
   1343   531     1069.0000    66     1080.0000      495.6468   575408   54.11%
   1406   594      500.9934   264     1080.0000      495.6468   580485   54.11%
   1419   607      527.1395   236     1080.0000      495.6468   592587   54.11%
   1428   616      572.3921   207     1080.0000      495.6468   604851   54.11%
   1436   624      629.3393   201     1080.0000      495.6468   615500   54.11%
   1444   632      719.8017   177     1080.0000      495.6468   627410   54.11%
Elapsed time = 77.46 sec. (97899.15 ticks, tree = 11.19 MB, solutions = 10)
   1451   639      901.8964   169     1080.0000      495.6468   644542   54.11%
   1457   642     1010.7462   159     1080.0000      495.6468   656514   54.11%
   1469   649      942.2417   152     1080.0000      495.6468   666018   54.11%
   1480   654     1066.4766   119     1080.0000      495.6468   677003   54.11%
   1495   657      505.5171   212     1080.0000      495.6468   691920   54.11%
   1505   667      531.1435   204     1080.0000      495.6468   701599   54.11%
   1513   675      555.0243   206     1080.0000      495.6468   709434   54.11%
   1522   684      582.1785   196     1080.0000      495.6468   715120   54.11%
   1530   692      647.0849   180     1080.0000      495.6468   723606   54.11%
   1536   698      817.9502   143     1080.0000      495.6468   731545   54.11%
Elapsed time = 86.95 sec. (108731.82 ticks, tree = 13.63 MB, solutions = 10)
   1553   711      998.2681    97     1080.0000      495.6468   744393   54.11%
   1585   733     1064.2889    84     1080.0000      495.6468   755360   54.11%
   1600   748     1065.0000    77     1080.0000      495.6468   756292   54.11%
   1660   806     1065.0000    74     1080.0000      495.6468   759886   54.11%
   1764   907     1077.0000    65     1080.0000      495.6468   765059   54.11%
   1794   934      515.1429   252     1080.0000      495.6659   772027   54.11%
   1801   941      557.0158   210     1080.0000      495.6659   781654   54.11%
   1810   950      585.9397   191     1080.0000      495.6659   793852   54.11%
   1820   960      683.0564   187     1080.0000      495.6659   808413   54.11%
   2016  1150      754.3810   164     1080.0000      496.0000   859253   54.07%
Elapsed time = 98.51 sec. (121847.07 ticks, tree = 25.61 MB, solutions = 10)
   2131  1253     1001.0000    75     1080.0000      496.0000   897669   54.07%
   2228  1346      552.5926   243     1080.0000      496.2454   926635   54.05%
   2311  1416     1015.0000    68     1080.0000      496.2454   958415   54.05%
   2427  1526      528.3211   236     1080.0000      496.2454   988401   54.05%
   2456  1554      833.5805   146     1080.0000      496.2454  1021986   54.05%
*  2600+ 1165                         1040.0000      496.2454  1056267   52.28%
*  2600+ 1157                         1030.0000      496.2454  1056267   51.82%
   2604  1163      507.5171   240     1030.0000      496.7353  1059924   51.77%
   2632  1191      597.6245   206     1030.0000      496.7353  1093853   51.77%
   2676  1226      754.5941   165     1030.0000      496.8936  1151227   51.76%
   2724  1266     1027.0000   111     1030.0000      496.8936  1193575   51.76%
   2769  1307      853.3142   148     1030.0000      496.8936  1234982   51.76%
Elapsed time = 131.95 sec. (160454.93 ticks, tree = 34.45 MB, solutions = 12)
   2980  1492     1018.0186    23     1030.0000      496.8936  1280698   51.76%
   3075  1578      793.2552   157     1030.0000      496.8945  1345139   51.76%
   3305  1783      520.7082   188     1030.0000      496.9051  1397997   51.76%
   3358  1826      769.2676   136     1030.0000      496.9051  1447634   51.76%
   3473  1929     1024.2749    41     1030.0000      496.9051  1487223   51.76%
   3620  2051      540.6654   239     1030.0000      496.9118  1528733   51.76%
   3695  2102      947.8033   147     1030.0000      497.3983  1571270   51.71%
   3926  2319      820.3601   156     1030.0000      497.4904  1612529   51.70%
   4005  2391     1003.0000    63     1030.0000      497.4904  1644081   51.70%
   4213  2590      514.6872   256     1030.0000      497.4952  1693096   51.70%
Elapsed time = 165.63 sec. (199128.16 ticks, tree = 62.78 MB, solutions = 12)
   4252  2627     1003.0000   119     1030.0000      497.4952  1729694   51.70%
   4431  2793      665.4822   175     1030.0000      497.5195  1773572   51.70%
   4473  2822      529.3059   232     1030.0000      497.5195  1825753   51.70%
   4600  2942     1003.0000    94     1030.0000      497.5195  1863655   51.70%
   4821  3159      542.5955   230     1030.0000      497.5195  1893500   51.70%
   4876  3201      513.7924   258     1030.0000      497.8870  1930686   51.66%
   5000  3319      997.0000    61     1030.0000      497.8870  1975290   51.66%
   5309  3588      997.0000    55     1030.0000      498.1975  2047571   51.63%
   5442  3716      575.8835   214     1030.0000      498.1975  2105507   51.63%
   5570  3837      980.0000    29     1030.0000      498.1975  2175271   51.63%
Elapsed time = 200.86 sec. (237919.44 ticks, tree = 87.66 MB, solutions = 12)
   5629  3895      595.6657   211     1030.0000      498.1985  2216049   51.63%
   5805  4060      525.1306   222     1030.0000      498.2106  2258162   51.63%
   5843  4097      963.9562    93     1030.0000      498.2106  2298223   51.63%
   6013  4256      547.5250   205     1030.0000      498.2149  2340545   51.63%
   6144  4379      981.0000    59     1030.0000      498.2149  2376737   51.63%
   6227  4460      882.0447   169     1030.0000      498.3168  2428420   51.62%
   6403  4623      501.1053   264     1030.0000      498.3856  2482383   51.61%
   6452  4670      812.8792   156     1030.0000      498.3856  2527331   51.61%
   6612  4815      514.1346   260     1030.0000      498.3856  2575587   51.61%
   6660  4856      502.3593   262     1030.0000      498.3864  2603441   51.61%
Elapsed time = 235.21 sec. (276664.34 ticks, tree = 112.66 MB, solutions = 12)
   6711  4900      569.2871   168     1030.0000      498.7183  2640551   51.58%
   6768  4951      500.0049   259     1030.0000      498.7217  2694422   51.58%
   6812  4993      974.8736   124     1030.0000      498.7217  2735563   51.58%
   6861  5037      975.2445   108     1030.0000      498.7243  2804652   51.58%
   6922  5092     1002.2034    67     1030.0000      498.8526  2887122   51.57%
   7299  5437      526.6153   197     1030.0000      498.8659  2949038   51.57%
   7561  5680    infeasible           1030.0000      498.8659  3014912   51.57%
   7600  5716      701.6539   150     1030.0000      499.0000  3052754   51.55%
   7863  5955     1012.0000    30     1030.0000      499.0000  3104917   51.55%
   7916  5997      585.6303   169     1030.0000      499.0000  3145147   51.55%
Elapsed time = 271.97 sec. (316273.44 ticks, tree = 134.29 MB, solutions = 12)
   8149  6212     1017.0000    70     1030.0000      499.0000  3192019   51.55%
   8314  6350      610.6967   162     1030.0000      499.3885  3247734   51.52%
   8503  6515      987.0000    42     1030.0000      499.3885  3294302   51.52%
   8625  6626      882.2695   150     1030.0000      499.5627  3366267   51.50%
   8736  6732     1003.0000    63     1030.0000      499.5627  3433865   51.50%
   8845  6833      823.8473   157     1030.0000      499.5627  3480466   51.50%
   9016  7000      531.9738   265     1030.0000      499.5627  3520650   51.50%
   9207  7183      509.4405   282     1030.0000      499.5636  3565732   51.50%
   9402  7374      536.6888   217     1030.0000      499.5909  3609801   51.50%
   9450  7419      767.2615   171     1030.0000      499.5909  3669264   51.50%
Elapsed time = 307.54 sec. (354807.32 ticks, tree = 161.20 MB, solutions = 12)
   9617  7567      553.3008   219     1030.0000      499.6532  3735942   51.49%
   9815  7761      631.5509   173     1030.0000      499.6532  3789664   51.49%
   9954  7892     1015.0000    57     1030.0000      499.6532  3844424   51.49%
  10050  7987     1005.3830   103     1030.0000      499.6638  3900607   51.49%
  10230  8164      656.1179   172     1030.0000      499.8489  3940247   51.47%
  10285  8210      569.3420   175     1030.0000      499.9997  3991466   51.46%
  10324  8248      972.4211   110     1030.0000      499.9997  4041404   51.46%
* 10600+ 7608                         1020.0000      499.9997  4096548   50.98%
* 10600+ 3824                          990.0000      499.9997  4096548   49.49%
  10600  3823     1000.5020    27      990.0000      499.9997  4096548   49.49%
  10601  3824      500.0020   246      990.0000      500.0020  4097634   49.49%
  10640  3863      750.3575   156      990.0000      500.0020  4149327   49.49%
Elapsed time = 359.26 sec. (409945.66 ticks, tree = 111.93 MB, solutions = 14)
  10683  3900      676.5265   204      990.0000      500.0049  4182393   49.49%
  10723  3934      668.2707   154      990.0000      500.0071  4244606   49.49%
  10770  3976      667.5458   161      990.0000      500.2490  4302978   49.47%
  10859  4052      959.0000    73      990.0000      500.2490  4369629   49.47%
  11059  4233      552.5415   216      990.0000      500.2490  4428883   49.47%
  11111  4275      521.5645   256      990.0000      500.2490  4472906   49.47%
  11155  4311      538.4961   221      990.0000      500.2490  4518566   49.47%
  11385  4529      504.8697   277      990.0000      500.2571  4576237   49.47%
  11436  4579      883.4265   111      990.0000      500.2571  4631301   49.47%
  11696  4803      550.5701   234      990.0000      500.7300  4707514   49.42%
Elapsed time = 395.11 sec. (448655.93 ticks, tree = 132.25 MB, solutions = 14)
  12053  5136      767.1834   176      990.0000      500.9763  4762063   49.40%
  12100  5178      506.9182   276      990.0000      500.9763  4832582   49.40%
  12161  5233      631.9163   169      990.0000      500.9763  4890221   49.40%
  12213  5279      830.4061   177      990.0000      500.9883  4941732   49.40%
  12253  5307      631.3117   162      990.0000      500.9934  4990495   49.39%
  12290  5340      536.5842   194      990.0000      500.9943  5043032   49.39%
  12332  5379      921.2729   151      990.0000      500.9943  5089940   49.39%
  12375  5412      600.4985   210      990.0000      500.9980  5132351   49.39%
  12421  5453      788.4845   162      990.0000      501.0000  5181749   49.39%
  12457  5483      524.8771   255      990.0000      501.0000  5219106   49.39%
Elapsed time = 431.77 sec. (488075.31 ticks, tree = 144.76 MB, solutions = 14)
  12501  5519      662.5625   145      990.0000      501.0068  5252994   49.39%
  12578  5592      711.5249   160      990.0000      501.1053  5294353   49.38%
  12656  5653        cutoff            990.0000      501.1053  5320353   49.38%
  12749  5734      776.0449   121      990.0000      501.1552  5340715   49.38%
  12979  5938      984.0000    25      990.0000      501.1552  5362850   49.38%
  13109  6053      781.3396   136      990.0000      501.3384  5375249   49.36%
  13300  6236      988.0000    52      990.0000      501.3384  5394875   49.36%
  13441  6358      930.0068   123      990.0000      501.3442  5411417   49.36%
  13510  6400      638.3922   176      990.0000      501.3582  5430134   49.36%
  13614  6492      949.4267   142      990.0000      501.7132  5444794   49.32%
Elapsed time = 461.40 sec. (526798.77 ticks, tree = 189.96 MB, solutions = 14)
  13672  6539      530.9018   206      990.0000      501.7132  5462387   49.32%
  13813  6654      973.0000    42      990.0000      501.7132  5483246   49.32%
  13944  6763      644.5452   170      990.0000      501.7132  5510233   49.32%
  14032  6840      727.4631   138      990.0000      501.7486  5528896   49.32%
  14180  6962      979.0000    56      990.0000      502.2864  5547721   49.26%
  14306  7068      981.0000    23      990.0000      502.2864  5573472   49.26%
  14405  7154      790.8630   167      990.0000      502.3593  5595119   49.26%
  14529  7259      937.4375   113      990.0000      502.3593  5614822   49.26%
  14569  7295      644.2418   156      990.0000      502.3593  5633430   49.26%
  14609  7320      631.3005   165      990.0000      502.3729  5646220   49.26%
Elapsed time = 490.16 sec. (565620.04 ticks, tree = 211.55 MB, solutions = 14)
  14732  7431      731.6559   159      990.0000      502.4955  5664072   49.24%
  14864  7539      536.5842   178      990.0000      502.6498  5683909   49.23%
  14952  7619      550.7711   176      990.0000      502.7441  5703929   49.22%
  15064  7700      643.7325   181      990.0000      502.7454  5723646   49.22%
  15177  7799      504.5679   236      990.0000      502.7513  5742781   49.22%
  15239  7854      837.3074   136      990.0000      503.2504  5763591   49.17%
  15310  7908      674.5919   188      990.0000      503.2504  5782028   49.17%
  15480  8065      961.0000    60      990.0000      503.2525  5798378   49.17%
  15644  8222      570.8341   181      990.0000      503.2560  5818256   49.17%
  15740  8308      969.0000    52      990.0000      503.2560  5836165   49.17%
Elapsed time = 518.04 sec. (604698.96 ticks, tree = 233.03 MB, solutions = 14)
  15895  8438      529.1659   210      990.0000      503.2560  5857917   49.17%
  15965  8504      740.3905   175      990.0000      503.6842  5877869   49.12%
  16063  8588      830.4061   176      990.0000      503.8195  5896749   49.11%
  16222  8709      647.9472   170      990.0000      503.8815  5914377   49.10%
  16277  8761      818.8616   162      990.0000      504.0887  5934288   49.08%
  16454  8908      607.2333   182      990.0000      504.2032  5951916   49.07%
  16590  9018      611.2988   200      990.0000      504.2068  5971134   49.07%
  16701  9120        cutoff            990.0000      504.2089  5982220   49.07%
  16870  9281      977.0000    21      990.0000      504.2089  5996444   49.07%
  17000  9394      736.6030   136      990.0000      504.2121  6015050   49.07%
Elapsed time = 549.66 sec. (647227.49 ticks, tree = 281.60 MB, solutions = 14)
  17094  9458      671.2517   147      990.0000      504.8661  6033640   49.00%
  17130  9489      576.4530   185      990.0000      504.8661  6043879   49.00%
  17174  9527      599.8023   170      990.0000      504.8694  6061846   49.00%
  17200  9550      544.8105   173      990.0000      504.8697  6066224   49.00%
  17272  9619      889.4560   109      990.0000      504.8842  6084087   49.00%
  17400  9730      539.6321   167      990.0000      505.0000  6097034   48.99%
  17486  9807      681.5000    95      990.0000      505.1633  6114218   48.97%
  17507  9828      947.1826    89      990.0000      505.1633  6120976   48.97%
  17600  9904      642.3153   154      990.0000      505.3229  6135015   48.96%
  17700  9997      978.1282   133      990.0000      505.4535  6152583   48.94%
Elapsed time = 587.28 sec. (693712.30 ticks, tree = 305.91 MB, solutions = 14)
  17796 10071    infeasible            990.0000      505.6541  6174106   48.92%
  17803 10078      664.0000    91      990.0000      505.7419  6175065   48.91%
  17902 10163      661.9665   133      990.0000      505.7488  6191099   48.91%

Clique cuts applied:  2
Implied bound cuts applied:  78
Flow cuts applied:  278
Mixed integer rounding cuts applied:  111
Zero-half cuts applied:  1
Lift and project cuts applied:  16

Root node processing (before b&c):
  Real time             =    3.08 sec. (4237.52 ticks)
Sequential b&c:
  Real time             =  596.93 sec. (706287.28 ticks)
                          ------------
Total (root+branch&cut) =  600.00 sec. (710524.80 ticks)
