Tried aggregator 2 times.
MIP Presolve eliminated 2700 rows and 259 columns.
MIP Presolve modified 708 coefficients.
Aggregator did 61 substitutions.
Reduced MIP has 2878 rows, 5259 columns, and 19349 nonzeros.
Reduced MIP has 2708 binaries, 2 generals, 0 SOSs, and 0 indicators.
Presolve time = 0.02 sec. (21.16 ticks)
Found incumbent of value 7300.000000 after 0.06 sec. (55.76 ticks)
Probing fixed 0 vars, tightened 2 bounds.
Probing time = 0.01 sec. (10.45 ticks)
Tried aggregator 2 times.
MIP Presolve eliminated 16 rows and 16 columns.
MIP Presolve modified 3 coefficients.
Aggregator did 5 substitutions.
Reduced MIP has 2857 rows, 5238 columns, and 19275 nonzeros.
Reduced MIP has 2690 binaries, 25 generals, 0 SOSs, and 0 indicators.
Presolve time = 0.01 sec. (14.50 ticks)
Probing fixed 0 vars, tightened 2 bounds.
Probing time = 0.04 sec. (18.74 ticks)
Clique table members: 10916.
MIP emphasis: balance optimality and feasibility.
MIP search method: dynamic search.
Parallel mode: none, using 1 thread.
Root relaxation solution time = 0.14 sec. (212.90 ticks)

        Nodes                                         Cuts/
   Node  Left     Objective  IInf  Best Integer    Best Bound    ItCnt     Gap

*     0+    0                         7300.0000        0.0000     1723  100.00%
      0     0       96.8167   239     7300.0000       96.8167     1723   98.67%
      0     0       99.8184   210     7300.0000      Cuts: 47     1983   98.63%
      0     0      175.7230   232     7300.0000     Cuts: 130     3880   97.59%
      0     0      191.5444   237     7300.0000     Cuts: 123     4776   97.38%
      0     0      191.8716   235     7300.0000      Cuts: 65     5238   97.37%
      0     0      191.8716   232     7300.0000      Cuts: 70     5828   97.37%
      0     0      191.8716   218     7300.0000      Cuts: 18     6169   97.37%
      0     0      191.8716   231     7300.0000      Cuts: 59     6626   97.37%
      0     2      191.8716   191     7300.0000      191.8716     6626   97.37%
Elapsed time = 3.41 sec. (4746.15 ticks, tree = 0.00 MB, solutions = 1)
     10    12      193.8784   192     7300.0000      191.8716     8149   97.37%
     18    20      193.7613   193     7300.0000      191.8716     9588   97.37%
     28    30      193.7613   199     7300.0000      191.8716    11537   97.37%
     40    42      191.8716   195     7300.0000      191.8716    12902   97.37%
     46    48      193.7613   197     7300.0000      191.8716    14477   97.37%
     65    67      210.0000   193     7300.0000      191.8716    16495   97.37%
     70    72      204.6417   168     7300.0000      191.8716    18203   97.37%
     83    85      320.0000   174     7300.0000      191.8716    22017   97.37%
     89    91      420.0000   176     7300.0000      191.8716    24962   97.37%
    109   111      280.0000   174     7300.0000      191.8716    33098   97.37%
Elapsed time = 6.29 sec. (8732.21 ticks, tree = 2.10 MB, solutions = 1)
    130   132      450.0000   156     7300.0000      191.8716    41779   97.37%
    160   162      450.0000   182     7300.0000      191.8716    54960   97.37%
*   180+  180                         2330.0000      191.8716    60632   91.77%
    217   219      330.0000    98     2330.0000      191.8716    71827   91.77%
    269   271      356.4685    78     2330.0000      191.8716    96756   91.77%
    310   310      445.3172    64     2330.0000      191.8716   120342   91.77%
    356   356      595.8188    55     2330.0000      191.8716   153807   91.77%
*   360+  358                         1960.0000      191.8716   155555   90.21%
    385   385     1377.8705    27     1960.0000      191.8716   185481   90.21%
    422   406      193.7613   195     1960.0000      191.8716   209918   90.21%
    440   424      209.4135   186     1960.0000      191.8716   215198   90.21%
*   460+  442                         1930.0000      191.8716   216361   90.06%
*   460+  438                         1790.0000      191.8716   216361   89.28%
*   460+  430                         1570.0000      191.8716   216361   87.78%
    460   432      221.5771   174     1570.0000      191.8716   216361   87.78%
Elapsed time = 15.77 sec. (20331.46 ticks, tree = 4.11 MB, solutions = 6)
    522   494      269.8763   131     1570.0000      191.8716   224089   87.78%
*   571+  541                         1540.0000      191.8716   229645   87.54%
*   571+  535                         1440.0000      191.8716   229645   86.68%
    571   537      193.7613   188     1440.0000      191.8716   229645   86.68%
*   572+  357                         1330.0000      572.4817   258349   56.96%
    572   358      573.0000   196     1330.0000      573.0000   258349   56.92%
    576   359      575.0000   215     1330.0000      573.0000   262193   56.92%
    581   360      577.1467   205     1330.0000      573.0000   264544   56.92%
    582   359      579.2215   202     1330.0000      573.0000   265074   56.92%
    589   361      579.9615   201     1330.0000      573.0000   267701   56.92%
    594   361      582.3307   194     1330.0000      573.0000   272535   56.92%
    600   361      583.9302   194     1330.0000      573.0000   275287   56.92%
    607   362      626.8769   139     1330.0000      573.0000   285046   56.92%
Elapsed time = 35.08 sec. (44915.33 ticks, tree = 5.31 MB, solutions = 9)
    618   364      727.4515   107     1330.0000      573.0000   294682   56.92%
    626   367      689.4314   102     1330.0000      573.0000   300152   56.92%
    645   376      765.1519    97     1330.0000      573.0000   308583   56.92%
    657   384      802.5035    83     1330.0000      573.0000   323953   56.92%
    672   390      901.4852    90     1330.0000      573.0000   338280   56.92%
    693   399      961.5962    81     1330.0000      573.0000   349910   56.92%
    709   407      941.8391    85     1330.0000      573.0000   368727   56.92%
    716   411      938.0000    71     1330.0000      573.0000   373629   56.92%
    752   408     1308.0000    54     1330.0000      573.0000   395219   56.92%
    766   412      588.8694   184     1330.0000      574.0000   401807   56.84%
Elapsed time = 44.97 sec. (56326.12 ticks, tree = 4.53 MB, solutions = 9)
    777   419      632.1426   134     1330.0000      574.0000   412698   56.84%
    790   425      615.7377   168     1330.0000      574.0000   416241   56.84%
    792   427      630.7163   151     1330.0000      574.0000   417195   56.84%
    829   448      677.9565   106     1330.0000      574.0000   421280   56.84%
    852   455      695.7274   100     1330.0000      574.0000   425846   56.84%
    872   467      717.0000    96     1330.0000      574.0000   430673   56.84%
    881   473      719.1199    99     1330.0000      574.0000   436336   56.84%
    893   480      742.5153    81     1330.0000      574.0000   444676   56.84%
    908   488      737.4759    97     1330.0000      574.0000   452756   56.84%
    922   493      738.0000   103     1330.0000      574.0000   458676   56.84%
Elapsed time = 54.29 sec. (68600.79 ticks, tree = 7.90 MB, solutions = 9)
    932   499      738.1642    93     1330.0000      574.0000   462946   56.84%
    944   503      743.0000    95     1330.0000      574.0000   470932   56.84%
    962   509      771.4127    82     1330.0000      574.0000   482644   56.84%
    975   514      876.5877    69     1330.0000      574.0000   491757   56.84%
   1026   528     1197.9640    43     1330.0000      574.0000   514907   56.84%
   1032   526      623.6901   149     1330.0000      575.0000   521231   56.77%
   1043   531      643.3087   162     1330.0000      575.0000   531719   56.77%
   1054   539     1101.2168   100     1330.0000      575.0000   540963   56.77%
   1085   557     1101.8438    99     1330.0000      575.0000   549257   56.77%
   1107   567     1125.9210   113     1330.0000      575.0000   554792   56.77%
Elapsed time = 62.67 sec. (79088.12 ticks, tree = 11.06 MB, solutions = 9)
   1132   582     1125.9210   118     1330.0000      575.0000   557767   56.77%
   1165   604     1259.0000    92     1330.0000      575.0000   561626   56.77%
   1174   610      579.0826   222     1330.0000      575.0000   564197   56.77%
   1187   618      633.4301   163     1330.0000      575.0000   570906   56.77%
   1210   631      862.6177   109     1330.0000      575.0000   579091   56.77%
   1226   640      880.6038   105     1330.0000      575.0000   584803   56.77%
   1252   653      959.6902   111     1330.0000      575.0000   591285   56.77%
   1275   662     1295.5746    65     1330.0000      575.0000   597272   56.77%
   1329   688     1296.0000    69     1330.0000      575.0000   599987   56.77%
   1372   714     1298.0000    48     1330.0000      575.0000   604188   56.77%
Elapsed time = 70.91 sec. (89290.54 ticks, tree = 16.92 MB, solutions = 9)
   1379   721      745.3764   114     1330.0000      575.9974   610449   56.69%
   1411   753     1176.8660    73     1330.0000      575.9974   624556   56.69%
   1437   778     1246.0000    50     1330.0000      575.9974   632221   56.69%
   1472   809     1246.0000    45     1330.0000      575.9974   641915   56.69%
   1515   848     1252.9424    33     1330.0000      575.9974   656046   56.69%
   1556   876     1252.7951    35     1330.0000      575.9974   669771   56.69%
   1577   894      661.7259   142     1330.0000      576.2590   677117   56.67%
   1606   923      776.4438   105     1330.0000      576.2590   684338   56.67%
   1646   963      827.3347   112     1330.0000      576.2590   690624   56.67%
   1672   989      890.2026   115     1330.0000      576.2590   695708   56.67%
Elapsed time = 79.36 sec. (99439.07 ticks, tree = 23.46 MB, solutions = 9)
   1709  1026     1244.9225    87     1330.0000      576.2590   702641   56.67%
   1763  1076     1276.0000   103     1330.0000      576.2590   708477   56.67%
   1781  1094      635.5248   151     1330.0000      576.9651   713088   56.62%
   1813  1126      844.7148   121     1330.0000      576.9651   720779   56.62%
   1844  1157      939.6339   109     1330.0000      576.9651   730974   56.62%
   1868  1179     1239.0779    90     1330.0000      576.9651   741653   56.62%
   1903  1213     1240.0000    87     1330.0000      576.9651   743624   56.62%
   1955  1264     1244.7417    74     1330.0000      576.9651   748977   56.62%
   1980  1287      686.3219   117     1330.0000      577.7477   756138   56.56%
   2025  1332      831.9297    91     1330.0000      577.7477   765775   56.56%
Elapsed time = 87.78 sec. (109695.18 ticks, tree = 30.89 MB, solutions = 9)
   2058  1365     1126.6279    64     1330.0000      577.7477   774118   56.56%
   2080  1387     1230.1874    94     1330.0000      577.7477   779233   56.56%
   2097  1403     1231.0000    92     1330.0000      577.7477   780535   56.56%
   2150  1453     1286.0000    92     1330.0000      577.7477   785999   56.56%
   2180  1483      674.6226   130     1330.0000      577.7477   790701   56.56%
   2225  1528      838.1580   102     1330.0000      577.7477   801485   56.56%
   2259  1562     1128.2445    96     1330.0000      577.7477   812861   56.56%
   2297  1600     1204.7724    77     1330.0000      577.7477   821915   56.56%
   2347  1643     1283.0000    67     1330.0000      577.7477   828219   56.56%
   2445  1738     1285.8125    70     1330.0000      577.7477   862621   56.56%
Elapsed time = 98.34 sec. (122422.46 ticks, tree = 40.34 MB, solutions = 9)
   2574  1860      592.5162   184     1330.0000      577.7482   896529   56.56%
   2658  1944      913.4315   119     1330.0000      577.7482   924682   56.56%
   2764  2040      617.9851   188     1330.0000      577.7482   948718   56.56%
*  2772+ 2046                         1310.0000      577.7482   951759   55.90%
   2845  2121     1119.9629   122     1310.0000      577.7482   972587   55.90%
   2969  2231      859.5477   139     1310.0000      577.9841   999639   55.88%
   3043  2294      699.7230   119     1310.0000      578.0000  1017188   55.88%
   3176  2414     1277.2381   104     1310.0000      578.0000  1044244   55.88%
   3240  2466     1258.4997    55     1310.0000      578.4060  1071152   55.85%
   3413  2629     1273.7500    21     1310.0000      578.4060  1109497   55.85%
   3494  2690      634.1535   199     1310.0000      578.6444  1144124   55.83%
Elapsed time = 128.55 sec. (161061.82 ticks, tree = 62.71 MB, solutions = 10)
   3567  2756      764.9185   117     1310.0000      578.6780  1169146   55.83%
   3658  2843     1046.1824    90     1310.0000      579.0000  1202634   55.80%
   3865  3044     1277.5000    26     1310.0000      579.0000  1238964   55.80%
   3960  3129      579.0000   236     1310.0000      579.0000  1275438   55.80%
   4020  3189     1252.7018    63     1310.0000      579.0000  1311355   55.80%
   4199  3350      633.9497   164     1310.0000      579.0826  1366073   55.80%
   4273  3420      862.4243   100     1310.0000      579.3059  1401671   55.78%
   4332  3470      613.9373   187     1310.0000      579.3059  1436029   55.78%
   4398  3531      620.9305   171     1310.0000      579.3078  1465855   55.78%
   4434  3566     1298.3905   108     1310.0000      579.3078  1494941   55.78%
Elapsed time = 159.66 sec. (200025.57 ticks, tree = 84.83 MB, solutions = 10)
   4634  3757     1309.0000    74     1310.0000      579.3078  1512177   55.78%
   4771  3883     1289.1167    54     1310.0000      579.6534  1548866   55.75%
   4919  4024      943.7123   117     1310.0000      579.9615  1587178   55.73%
   4974  4071      678.0309   147     1310.0000      579.9615  1619158   55.73%
   5125  4216     1301.0000    72     1310.0000      579.9615  1646424   55.73%
   5371  4419      605.3332   169     1310.0000      579.9639  1702246   55.73%
   5428  4473      668.7831   180     1310.0000      579.9788  1736904   55.73%
   5591  4632     1301.0000    71     1310.0000      579.9788  1761149   55.73%
   5874  4867     1043.8162    97     1310.0000      580.0000  1824177   55.73%
   6047  5035     1260.0000    36     1310.0000      580.0000  1861383   55.73%
Elapsed time = 190.92 sec. (238367.34 ticks, tree = 115.48 MB, solutions = 10)
   6182  5160     1299.0000    81     1310.0000      580.0000  1914729   55.73%
   6489  5458      978.1196   117     1310.0000      580.1978  1951603   55.71%
   6574  5540     1245.3495   118     1310.0000      580.4929  1999226   55.69%
   6849  5810     1296.0000    40     1310.0000      580.4929  2025098   55.69%
   7076  6031     1298.0000    56     1310.0000      580.5254  2078081   55.69%
   7256  6188     1150.7192    83     1310.0000      580.5254  2133901   55.69%
   7461  6376      589.2019   210     1310.0000      580.5254  2176138   55.69%
   7604  6511     1300.0000    76     1310.0000      580.6516  2213018   55.68%
   7752  6654     1282.9480    72     1310.0000      580.6575  2258294   55.68%
   8008  6900      731.6947   122     1310.0000      580.9386  2294649   55.65%
Elapsed time = 223.37 sec. (277038.63 ticks, tree = 141.44 MB, solutions = 10)
   8063  6951      940.3522    89     1310.0000      580.9386  2323722   55.65%
   8211  7087     1287.0000    52     1310.0000      580.9386  2355384   55.65%
   8398  7237      723.7146   138     1310.0000      580.9386  2429139   55.65%
   8479  7315     1285.0000    71     1310.0000      580.9386  2453165   55.65%
   8761  7577      599.4732   188     1310.0000      580.9420  2494207   55.65%
   8974  7786      582.6637   220     1310.0000      580.9420  2533290   55.65%
   9120  7931     1308.9795    78     1310.0000      580.9420  2558757   55.65%
   9252  8057     1287.0000    76     1310.0000      580.9573  2590630   55.65%
   9476  8278     1246.0000    32     1310.0000      581.2187  2624344   55.63%
   9608  8404     1004.1538   106     1310.0000      581.5922  2676937   55.60%
Elapsed time = 255.13 sec. (315905.05 ticks, tree = 170.39 MB, solutions = 10)
   9679  8465      888.0714    89     1310.0000      581.6453  2715626   55.60%
  10023  8798      758.6713    99     1310.0000      581.7996  2773501   55.59%
  10097  8856     1130.6844    86     1310.0000      581.7996  2816030   55.59%
  10152  8910     1290.0000    74     1310.0000      581.7996  2836787   55.59%
  10214  8968      822.3396   109     1310.0000      581.8948  2888121   55.58%
  10506  9258     1278.1345    48     1310.0000      581.8948  2928348   55.58%
  10791  9524     1297.0000    78     1310.0000      581.8948  2979869   55.58%
  11082  9772      921.5675   108     1310.0000      581.8948  3043450   55.58%
  11103  9793      624.6689   183     1310.0000      581.8948  3067269   55.58%
  11132  9822      963.2045   123     1310.0000      581.8948  3090864   55.58%
Elapsed time = 311.45 sec. (382962.36 ticks, tree = 191.14 MB, solutions = 10)
  11293  9973     1304.2386    57     1310.0000      581.8948  3126342   55.58%
  11424 10082      981.6315   119     1310.0000      582.0972  3178700   55.57%
  11789 10431      830.5247   115     1310.0000      582.1031  3231388   55.56%
  12227 10860     1307.0000    22     1310.0000      582.1031  3278766   55.56%
  12330 10951     1305.1797    55     1310.0000      582.1034  3314687   55.56%
  12494 11092     1041.3506   107     1310.0000      582.3515  3357046   55.55%
  12560 11144      665.4466   131     1310.0000      582.5020  3392477   55.53%
  12805 11386     1245.5485    49     1310.0000      582.5020  3426475   55.53%
  13063 11629     1308.0153   102     1310.0000      582.7024  3468643   55.52%
  13133 11683     1272.0000    97     1310.0000      582.7067  3505239   55.52%
Elapsed time = 344.13 sec. (421701.21 ticks, tree = 212.94 MB, solutions = 10)
  13344 11861      762.7018   109     1310.0000      582.7106  3563801   55.52%
  13597 12111     1285.0000    69     1310.0000      582.7106  3590786   55.52%
  13786 12282     1282.9480    80     1310.0000      582.7106  3651136   55.52%
  14017 12505      674.8770   123     1310.0000      582.9016  3696962   55.50%
  14104 12588     1271.2550   103     1310.0000      583.0000  3745181   55.50%
  14335 12800      633.8684   159     1310.0000      583.0000  3804355   55.50%
  14651 13113     1274.0000    58     1310.0000      583.0000  3842358   55.50%
  14950 13408     1259.0000    81     1310.0000      583.0005  3894962   55.50%
  15181 13637      722.2151   134     1310.0000      583.2993  3929329   55.47%
  15418 13871     1250.3046    56     1310.0000      583.3029  3969694   55.47%
Elapsed time = 377.35 sec. (460191.29 ticks, tree = 245.40 MB, solutions = 10)
  15632 14079     1259.0000    75     1310.0000      583.4903  4035628   55.46%
  15849 14290     1201.2151   112     1310.0000      583.5360  4076759   55.46%
  16205 14645     1157.3692   111     1310.0000      583.5360  4117620   55.46%
  16448 14858     1303.6483    32     1310.0000      583.5814  4182946   55.45%
  16774 15147      627.8028   153     1310.0000      583.7290  4225151   55.44%
  16987 15358      620.3139   161     1310.0000      583.7542  4263721   55.44%
  17221 15589     1297.0000   104     1310.0000      583.7542  4304306   55.44%
  17555 15906    infeasible           1310.0000      583.7570  4356822   55.44%
  17661 15999      989.4550   115     1310.0000      584.0000  4420251   55.42%
  18176 16502      646.1256   155     1310.0000      584.0193  4465023   55.42%
Elapsed time = 410.97 sec. (498584.52 ticks, tree = 270.14 MB, solutions = 10)
  18381 16702      643.1525   147     1310.0000      584.1277  4505045   55.41%
  18533 16846     1261.0000    42     1310.0000      584.1277  4559319   55.41%
  18704 17008     1259.0000    76     1310.0000      584.1334  4596251   55.41%
  18882 17184     1244.0000    68     1310.0000      584.1334  4633141   55.41%
  19015 17316     1244.0000    84     1310.0000      584.1917  4664134   55.41%
  19374 17671      660.8154   120     1310.0000      584.4527  4695452   55.39%
  19583 17871      607.9569   194     1310.0000      584.5621  4736706   55.38%
  19787 18074      859.6551   124     1310.0000      584.7795  4767822   55.36%
  19983 18267      736.9606   124     1310.0000      584.7795  4798310   55.36%
  20190 18472      814.5176   119     1310.0000      585.0899  4835686   55.34%
Elapsed time = 443.46 sec. (537521.60 ticks, tree = 291.76 MB, solutions = 10)
  20438 18713     1305.2311    67     1310.0000      585.0987  4869354   55.34%
  20639 18899     1300.0000    79     1310.0000      585.1327  4911980   55.33%
  20861 19121     1244.0000    80     1310.0000      585.1597  4949136   55.33%
  21068 19326     1271.0000    59     1310.0000      585.2521  4982840   55.32%
  21330 19576     1297.0000    82     1310.0000      585.2549  5020092   55.32%
  21539 19784     1296.0000    44     1310.0000      585.2552  5061612   55.32%
  21774 20010      762.1093   109     1310.0000      585.4837  5111140   55.31%
  21854 20083      987.6386   137     1310.0000      585.4840  5157075   55.31%
  22179 20402      862.9973   104     1310.0000      585.4841  5196700   55.31%
  22382 20603      922.0084    97     1310.0000      585.4841  5234824   55.31%
Elapsed time = 477.29 sec. (576734.31 ticks, tree = 321.02 MB, solutions = 10)
  22568 20772      861.9089    91     1310.0000      585.4845  5288001   55.31%
  22775 20963      861.9089   106     1310.0000      586.0000  5317118   55.27%
* 22872+17923                         1300.0000      586.0000  5346506   54.92%
  22974 18027      654.9201   139     1300.0000      586.0088  5351733   54.92%
  23218 18268     1245.0000    69     1300.0000      586.0110  5411732   54.92%
  23399 18449     1243.0027    62     1300.0000      586.0117  5441269   54.92%
  23638 18666     1245.0000    93     1300.0000      586.0253  5511142   54.92%
  23875 18901     1245.0000    71     1300.0000      586.0323  5548095   54.92%
  24172 19196     1245.0000    62     1300.0000      586.0323  5584362   54.92%
  24405 19427     1259.7297    66     1300.0000      586.1665  5631337   54.91%
  24622 19621      624.0513   181     1300.0000      586.3622  5688325   54.90%
Elapsed time = 512.11 sec. (616372.13 ticks, tree = 303.18 MB, solutions = 11)
  24927 19924     1293.1989    29     1300.0000      586.3622  5719008   54.90%
  25176 20171      592.3240   199     1300.0000      586.6499  5764452   54.87%
  25389 20382      758.5409   126     1300.0000      586.6501  5799527   54.87%
  25597 20584      964.7508    97     1300.0000      586.6663  5852388   54.87%
  25872 20856     1259.0000    75     1300.0000      586.6709  5892450   54.87%
  26182 21166     1100.9033    94     1300.0000      587.0425  5948700   54.84%
  26379 21362     1125.3749   111     1300.0000      587.0572  5981043   54.84%
  26562 21532     1223.8866   108     1300.0000      587.0576  6029389   54.84%
* 26772+17297                         1290.0000      587.0740  6064606   54.49%
  26784 17308      867.9107   115     1290.0000      587.1325  6073114   54.49%
  26841 17360     1102.8217   119     1290.0000      587.1894  6114186   54.48%
Elapsed time = 545.93 sec. (655185.75 ticks, tree = 266.47 MB, solutions = 12)
  27072 17591     1273.0000    75     1290.0000      587.1894  6125010   54.48%
  27356 17853      676.3174   120     1290.0000      587.3340  6162187   54.47%
  27492 17978     1274.0000    43     1290.0000      587.3340  6201228   54.47%
  27616 18084      861.7707   101     1290.0000      587.7047  6245978   54.44%
  27677 18136      946.1038   101     1290.0000      587.9816  6281086   54.42%
  27749 18193     1272.0000    91     1290.0000      587.9840  6316234   54.42%
  27972 18415     1278.0000    57     1290.0000      587.9840  6325976   54.42%
  28220 18652     1177.6024    73     1290.0000      587.9865  6360091   54.42%
  28382 18796     1275.0000    39     1290.0000      587.9865  6401209   54.42%
  28531 18922     1284.0000    95     1290.0000      587.9865  6448741   54.42%
Elapsed time = 586.17 sec. (696092.72 ticks, tree = 287.29 MB, solutions = 12)
  28826 19210     1244.0000    65     1290.0000      587.9914  6482458   54.42%
  29109 19491     1244.0000    72     1290.0000      587.9914  6519308   54.42%
  29342 19723     1244.0000    84     1290.0000      588.1499  6556880   54.41%

Implied bound cuts applied:  92
Flow cuts applied:  172
Mixed integer rounding cuts applied:  83
Zero-half cuts applied:  1
Lift and project cuts applied:  7
Gomory fractional cuts applied:  1

Root node processing (before b&c):
  Real time             =    3.36 sec. (4693.58 ticks)
Sequential b&c:
  Real time             =  596.64 sec. (706518.70 ticks)
                          ------------
Total (root+branch&cut) =  600.00 sec. (711212.27 ticks)
