Tried aggregator 2 times.
MIP Presolve eliminated 2779 rows and 395 columns.
MIP Presolve modified 582 coefficients.
Aggregator did 58 substitutions.
Reduced MIP has 3011 rows, 5387 columns, and 19671 nonzeros.
Reduced MIP has 2835 binaries, 2 generals, 0 SOSs, and 0 indicators.
Presolve time = 0.02 sec. (22.12 ticks)
Found incumbent of value 6950.000000 after 0.06 sec. (58.50 ticks)
Probing time = 0.01 sec. (4.57 ticks)
Tried aggregator 1 time.
Reduced MIP has 3011 rows, 5387 columns, and 19671 nonzeros.
Reduced MIP has 2835 binaries, 21 generals, 0 SOSs, and 0 indicators.
Presolve time = 0.01 sec. (10.34 ticks)
Probing time = 0.01 sec. (4.46 ticks)
Clique table members: 8289.
MIP emphasis: balance optimality and feasibility.
MIP search method: dynamic search.
Parallel mode: none, using 1 thread.
Root relaxation solution time = 0.13 sec. (200.55 ticks)

        Nodes                                         Cuts/
   Node  Left     Objective  IInf  Best Integer    Best Bound    ItCnt     Gap

*     0+    0                         6950.0000        0.0000     1641  100.00%
      0     0       95.2301   271     6950.0000       95.2301     1641   98.63%
      0     0       98.5812   262     6950.0000      Cuts: 42     2084   98.58%
      0     0      184.8792   281     6950.0000     Cuts: 126     3597   97.34%
      0     0      189.3356   246     6950.0000     Cuts: 134     4009   97.28%
      0     0      189.6503   251     6950.0000      Cuts: 93     4307   97.27%
      0     0      189.6855   263     6950.0000      Cuts: 78     4618   97.27%
      0     0      189.7140   221     6950.0000      Cuts: 80     4942   97.27%
      0     0      189.7301   219     6950.0000      Cuts: 57     5106   97.27%
      0     0      189.7323   226     6950.0000      Cuts: 60     5292   97.27%
      0     0      189.7323   224     6950.0000       Cuts: 2     5397   97.27%
*     0+    0                         2180.0000      189.7323     5397   91.30%
      0     2      189.7323   224     2180.0000      189.7323     5397   91.30%
Elapsed time = 2.26 sec. (3134.96 ticks, tree = 0.00 MB, solutions = 2)
     12    14      196.5645   196     2180.0000      190.0182     7153   91.28%
     17    19      196.5645   209     2180.0000      190.0182     9012   91.28%
     24    26      198.6980   208     2180.0000      190.0182    12179   91.28%
     30    32      198.6975   202     2180.0000      190.0182    13150   91.28%
     36    38      200.9258   193     2180.0000      190.0182    16098   91.28%
     43    45      203.2561   191     2180.0000      190.0182    19498   91.28%
     50    52      208.4467   196     2180.0000      190.0182    21813   91.28%
     60    60      210.9461   199     2180.0000      190.0182    22799   91.28%
*    70+   68                         2110.0000      190.0182    23344   90.99%
     70    70      216.7370   182     2110.0000      190.0182    23344   90.99%
    117   117      230.5467   174     2110.0000      190.0182    31017   90.99%
Elapsed time = 4.73 sec. (6638.52 ticks, tree = 0.44 MB, solutions = 3)
    127   127      242.9893   163     2110.0000      190.0182    35099   90.99%
    151   151      258.7595   149     2110.0000      190.0182    43335   90.99%
    189   189     1237.9790    69     2110.0000      190.0182    54217   90.99%
    200   200      331.5361   142     2110.0000      190.0182    57887   90.99%
    219   219     1310.0000    95     2110.0000      190.0182    72219   90.99%
    250   250     1599.7502    41     2110.0000      190.0182    83199   90.99%
    320   320      515.6968    80     2110.0000      190.0182    95238   90.99%
    402   402      920.9992    31     2110.0000      190.0182   108533   90.99%
    438   432     1929.1092    17     2110.0000      190.0182   120495   90.99%
*   441+  419                         1810.0000      190.0182   120754   89.50%
*   441+  397                         1450.0000      190.0182   120754   86.90%
*   441+  397                         1390.0000      190.0182   120754   86.33%
    443   401      210.0000   237     1390.0000      190.1813   121585   86.32%
Elapsed time = 12.59 sec. (16873.11 ticks, tree = 1.50 MB, solutions = 6)
    480   438      205.5453   222     1390.0000      190.1813   130358   86.32%
    551   509      546.0000   203     1390.0000      546.0000   158746   60.72%
    552   509      548.0000   264     1390.0000      546.0000   160858   60.72%
    558   510      550.0000   249     1390.0000      546.0000   164369   60.72%
    563   515      550.8060   234     1390.0000      546.0000   167273   60.72%
    569   517      556.7223   221     1390.0000      546.0000   168551   60.72%
    571   518      557.0000   219     1390.0000      546.0000   169813   60.72%
    579   519      672.2455   123     1390.0000      546.0000   175821   60.72%
    590   522      570.0000   191     1390.0000      546.0000   181616   60.72%
    598   525      573.9211   174     1390.0000      546.0000   187870   60.72%
Elapsed time = 30.11 sec. (40016.15 ticks, tree = 1.93 MB, solutions = 6)
    611   528      581.9605   160     1390.0000      546.0000   193727   60.72%
    628   533      594.9611   147     1390.0000      546.0000   200726   60.72%
    641   537      657.2260   123     1390.0000      546.0000   205794   60.72%
    656   538      657.2683   122     1390.0000      546.0000   214697   60.72%
    670   541      655.0274   133     1390.0000      546.0000   224603   60.72%
    687   550      736.8619   104     1390.0000      546.0000   230866   60.72%
    705   554      849.8885    96     1390.0000      546.0000   240634   60.72%
    735   563     1117.0392    88     1390.0000      546.0000   252074   60.72%
    778   587     1363.0000    60     1390.0000      546.0000   260816   60.72%
    851   605     1384.0000    12     1390.0000      546.0000   274994   60.72%
Elapsed time = 38.07 sec. (50607.44 ticks, tree = 4.01 MB, solutions = 6)
    868   594      578.6191   131     1390.0000      546.3262   286802   60.70%
    874   598      912.4857    83     1390.0000      546.3262   293052   60.70%
    902   617      828.3840    82     1390.0000      546.3262   300364   60.70%
    928   630      966.2685    87     1390.0000      546.3262   312523   60.70%
    943   637      982.0939    70     1390.0000      546.3262   325031   60.70%
    960   643     1096.4060    84     1390.0000      546.3262   334839   60.70%
    975   650      996.9050    81     1390.0000      546.3262   342035   60.70%
   1003   659     1156.9226    62     1390.0000      546.3262   356557   60.70%
   1046   676     1308.2573    48     1390.0000      546.3262   368853   60.70%
   1121   710     1294.0000    37     1390.0000      546.3262   384743   60.70%
Elapsed time = 45.46 sec. (60528.16 ticks, tree = 4.48 MB, solutions = 6)
   1172   730     1295.0000    25     1390.0000      546.3262   402515   60.70%
   1224   733     1307.0509    18     1390.0000      546.3262   426026   60.70%
   1251   728      567.5489   149     1390.0000      548.0000   444996   60.58%
   1259   733      585.9998   150     1390.0000      548.0000   449678   60.58%
   1271   738      626.0936   120     1390.0000      548.0000   460538   60.58%
   1284   745      754.6790   109     1390.0000      548.0000   471002   60.58%
   1298   753      771.7290   102     1390.0000      548.0000   481926   60.58%
   1316   762      834.4147   113     1390.0000      548.0000   490771   60.58%
   1330   770      894.4812   100     1390.0000      548.0000   497693   60.58%
   1346   779      926.6177   116     1390.0000      548.0000   505049   60.58%
Elapsed time = 53.24 sec. (71353.32 ticks, tree = 4.57 MB, solutions = 6)
   1353   781      548.0000   243     1390.0000      548.0000   507434   60.58%
   1356   782      550.8060   250     1390.0000      548.0000   513749   60.58%
   1378   796     1016.7006    89     1390.0000      548.0000   520681   60.58%
   1404   813     1142.7177    69     1390.0000      548.0000   534613   60.58%
   1422   824      918.9473   115     1390.0000      548.0000   543862   60.58%
   1456   844     1069.7813    94     1390.0000      548.0000   557672   60.58%
   1507   877     1323.1795    64     1390.0000      548.0000   571441   60.58%
   1529   881      550.7963   230     1390.0000      548.0000   580313   60.58%
   1547   893      627.6930   160     1390.0000      548.0000   592909   60.58%
   1556   898      655.0000   149     1390.0000      548.0000   596440   60.58%
Elapsed time = 60.92 sec. (81427.36 ticks, tree = 4.67 MB, solutions = 6)
   1572   905      902.1913   106     1390.0000      548.0000   606415   60.58%
   1580   908      968.6487   106     1390.0000      548.0000   617341   60.58%
   1596   915     1188.9135    94     1390.0000      548.0000   627593   60.58%
   1617   923     1273.8485    87     1390.0000      548.0000   637487   60.58%
   1647   945     1319.0000    65     1390.0000      548.0000   643142   60.58%
   1705  1003     1319.0000    54     1390.0000      548.0000   646314   60.58%
   1753  1047      549.3551   237     1390.0000      548.0000   654079   60.58%
   1775  1069      592.4476   184     1390.0000      548.0000   664214   60.58%
   1789  1083      605.3244   176     1390.0000      548.0000   675344   60.58%
   1814  1108      658.8843   157     1390.0000      548.0000   685805   60.58%
Elapsed time = 68.62 sec. (91565.76 ticks, tree = 5.19 MB, solutions = 6)
   1850  1144      669.3420   172     1390.0000      548.0000   690421   60.58%
   1887  1181     1062.0674    91     1390.0000      548.0000   699629   60.58%
   1911  1204     1361.0000    79     1390.0000      548.0000   706846   60.58%
   1959  1252      559.0567   229     1390.0000      548.0000   716945   60.58%
   1973  1266      576.8221   204     1390.0000      548.0000   725435   60.58%
   1991  1284      601.7779   183     1390.0000      548.0000   732393   60.58%
   2024  1317      695.8402   156     1390.0000      548.0000   738997   60.58%
   2061  1354     1057.8134   107     1390.0000      548.0000   747039   60.58%
   2131  1417     1321.0000    86     1390.0000      548.0000   754087   60.58%
   2153  1438      549.7144   233     1390.0000      549.0814   758582   60.50%
Elapsed time = 76.82 sec. (102216.69 ticks, tree = 5.97 MB, solutions = 6)
   2176  1461      601.3565   195     1390.0000      549.0814   767870   60.50%
   2204  1489      628.9868   189     1390.0000      549.0814   775817   60.50%
   2218  1503      643.3655   171     1390.0000      549.0814   784046   60.50%
   2239  1524     1004.5056   117     1390.0000      549.0814   794602   60.50%
   2250  1535     1164.9120   114     1390.0000      549.0814   803800   60.50%
   2264  1549     1290.8672    81     1390.0000      549.0814   813766   60.50%
   2291  1574     1336.0000   101     1390.0000      549.0814   822395   60.50%
   2361  1644      623.4082   131     1390.0000      549.0814   832351   60.50%
   2372  1655      626.8426   152     1390.0000      549.0814   841932   60.50%
   2433  1715     1246.8776    94     1390.0000      549.0814   878614   60.50%
Elapsed time = 86.47 sec. (115128.29 ticks, tree = 6.85 MB, solutions = 6)
*  2551+ 1676                         1340.0000      549.0814   896388   59.02%
   2594  1721      757.9039   148     1340.0000      549.0814   914887   59.02%
   2671  1768      598.0922   152     1340.0000      549.3551   954838   59.00%
   2783  1879     1269.0000    60     1340.0000      549.3551  1000200   59.00%
   2991  2083      967.7795   107     1340.0000      549.3551  1055006   59.00%
   3181  2262      914.5810   113     1340.0000      549.3624  1081507   59.00%
   3363  2437     1124.2733    94     1340.0000      549.7144  1100241   58.98%
   3539  2608     1280.0000    24     1340.0000      549.7144  1123538   58.98%
   3641  2699      571.8837   197     1340.0000      550.0000  1142400   58.96%
   3821  2876     1278.0000    68     1340.0000      550.0000  1156812   58.96%
   4004  3051     1225.0000    70     1340.0000      550.0000  1179037   58.96%
Elapsed time = 115.81 sec. (153664.94 ticks, tree = 37.55 MB, solutions = 7)
   4163  3209      893.0000    77     1340.0000      550.0000  1195577   58.96%
   4372  3389     1280.4200    82     1340.0000      550.5792  1212379   58.91%
*  4551+ 3149                         1330.0000      550.5792  1233752   58.60%
   4566  3166      751.8300   126     1330.0000      550.5792  1235437   58.60%
   4815  3400      893.0000   100     1330.0000      550.8060  1251922   58.59%
   4958  3528     1265.4523    70     1330.0000      550.8381  1267761   58.58%
   5118  3671     1290.0000    38     1330.0000      550.8381  1291670   58.58%
   5310  3841     1266.0000    54     1330.0000      550.8478  1313350   58.58%
   5476  3988      897.5045   113     1330.0000      550.8478  1337343   58.58%
*  5551+ 3994                         1320.0000      550.8478  1341561   58.27%
   5706  4139     1315.6353    22     1320.0000      550.8478  1360096   58.27%
   5943  4365     1313.8875    41     1320.0000      551.2033  1381459   58.24%
Elapsed time = 144.53 sec. (192034.11 ticks, tree = 71.10 MB, solutions = 9)
   6237  4639    infeasible           1320.0000      551.5530  1403286   58.22%
   6367  4749     1302.0000    40     1320.0000      552.0068  1433109   58.18%
   6490  4851      893.0000    71     1320.0000      552.0483  1458422   58.18%
   6577  4937     1307.0000    65     1320.0000      552.0483  1471403   58.18%
   6811  5160     1224.1513    93     1320.0000      552.2969  1490711   58.16%
   7077  5414     1313.6184    52     1320.0000      552.2969  1510200   58.16%
   7284  5590    infeasible           1320.0000      552.2969  1541703   58.16%
   7431  5720     1281.0000    50     1320.0000      552.3037  1561964   58.16%
   7539  5802      893.0000    79     1320.0000      552.3037  1593125   58.16%
   7761  6017      893.0000   105     1320.0000      552.3037  1613911   58.16%
Elapsed time = 178.82 sec. (230473.54 ticks, tree = 121.17 MB, solutions = 9)
   7992  6247     1008.4617   103     1320.0000      552.3463  1633314   58.16%
   8348  6599     1281.0000    66     1320.0000      552.7054  1652301   58.13%
   8522  6769     1287.0000    60     1320.0000      553.0000  1673553   58.11%
   8840  7081     1308.0000    78     1320.0000      553.5814  1691898   58.06%
   9237  7474     1308.0000    66     1320.0000      553.7735  1712941   58.05%
   9450  7684        cutoff           1320.0000      553.7883  1732853   58.05%
   9595  7827     1283.6888    70     1320.0000      553.7883  1760414   58.05%
   9952  8171     1303.0000    49     1320.0000      553.7883  1782545   58.05%
  10360  8575      893.0000   104     1320.0000      553.8690  1803174   58.04%
  10516  8724     1281.0000    32     1320.0000      553.8690  1826612   58.04%
Elapsed time = 207.75 sec. (269000.67 ticks, tree = 222.70 MB, solutions = 9)
* 10551+ 5881                         1290.0000      553.8690  1836474   57.06%
  10753  6081      893.0000    96     1290.0000      553.9231  1850425   57.06%
  10791  6119     1026.3257   110     1290.0000      553.9231  1854130   57.06%
  11025  6349     1273.0000    38     1290.0000      554.2318  1873773   57.04%
  11207  6516     1282.0000    29     1290.0000      555.1246  1896198   56.97%
  11411  6695     1281.0000    56     1290.0000      555.1734  1918015   56.96%
  11588  6850     1092.5106   109     1290.0000      555.4062  1943342   56.95%
  11797  7036      905.4600    96     1290.0000      555.4067  1967568   56.95%
  11948  7167      751.8300   122     1290.0000      555.5099  1995791   56.94%
  12145  7360     1288.0000    39     1290.0000      555.5099  2012993   56.94%
  12475  7661     1288.8479    83     1290.0000      555.5178  2037902   56.94%
Elapsed time = 252.04 sec. (323879.99 ticks, tree = 179.52 MB, solutions = 10)
  12615  7785     1281.0000    30     1290.0000      555.5622  2050106   56.93%
  12760  7894     1265.9109    45     1290.0000      557.1287  2081807   56.81%
  13044  8160     1265.9109    28     1290.0000      557.2007  2106540   56.81%
  13271  8354      911.9026   129     1290.0000      557.2336  2131740   56.80%
  13598  8671     1265.4523    51     1290.0000      557.2451  2152780   56.80%
  13742  8805     1281.3352    32     1290.0000      557.2451  2179672   56.80%
  14035  9084     1270.0000    25     1290.0000      557.2451  2197418   56.80%
  14399  9437     1281.4121    31     1290.0000      557.2568  2219261   56.80%
  14601  9609     1281.0000    22     1290.0000      557.3174  2247941   56.80%
  14854  9837     1287.0000    12     1290.0000      557.3649  2272913   56.79%
Elapsed time = 281.33 sec. (362202.56 ticks, tree = 228.57 MB, solutions = 10)
  15086 10050      966.3591   104     1290.0000      558.7815  2294625   56.68%
  15281 10230     1047.4119    77     1290.0000      558.9809  2318322   56.67%
  15551 10475     1265.9109    32     1290.0000      559.0445  2341172   56.66%
  15850 10752      753.1527   109     1290.0000      559.0567  2366768   56.66%
  16127 11017     1142.7177   123     1290.0000      559.0567  2391980   56.66%
  16291 11173     1267.1776    22     1290.0000      559.0567  2416187   56.66%
  16551 11418      893.0000   104     1290.0000      559.2044  2437819   56.65%
  16786 11639      764.7190   120     1290.0000      559.2658  2459623   56.65%
  17049 11892     1232.9762    63     1290.0000      559.2802  2478985   56.64%
  17295 12118     1278.7592    22     1290.0000      559.8710  2496737   56.60%
Elapsed time = 314.37 sec. (400759.69 ticks, tree = 300.34 MB, solutions = 10)
  17477 12278     1130.0137    94     1290.0000      559.8710  2517889   56.60%
  17761 12549     1280.0000    28     1290.0000      559.9071  2534975   56.60%
  17930 12706     1267.0000    52     1290.0000      560.4358  2561166   56.56%
  18087 12836      669.1403   126     1290.0000      560.6145  2583433   56.54%
  18299 13039     1280.5660    27     1290.0000      560.6785  2601718   56.54%
  18521 13245     1288.0000    20     1290.0000      560.8178  2619489   56.53%
  18678 13387     1281.0000    32     1290.0000      560.9461  2644723   56.52%
  18775 13464     1281.0000    22     1290.0000      560.9461  2676337   56.52%
  18951 13612      963.4473    88     1290.0000      560.9590  2690918   56.51%
  19041 13695      968.8079    90     1290.0000      561.0000  2708595   56.51%
Elapsed time = 344.53 sec. (439794.01 ticks, tree = 347.02 MB, solutions = 10)
  19352 13972     1278.0000    22     1290.0000      561.1176  2728469   56.50%
  19495 14099     1286.7908    44     1290.0000      561.2032  2747511   56.50%
  19660 14255     1242.0000    59     1290.0000      561.4424  2765134   56.48%
  19980 14566     1264.3251    44     1290.0000      561.5661  2786430   56.47%
  20151 14701      905.5074    78     1290.0000      562.0916  2803102   56.43%
  20438 14962     1129.2088   101     1290.0000      562.6515  2824598   56.38%
  20725 15238     1272.5063    27     1290.0000      562.7102  2845328   56.38%
  20990 15484     1289.0000    26     1290.0000      562.8103  2868295   56.37%
  21340 15814     1288.0000    25     1290.0000      562.8865  2888945   56.37%
* 21551+12309                         1280.0000      562.9453  2906374   56.02%
  21604 12363     1267.0000    48     1280.0000      562.9453  2908313   56.02%
Elapsed time = 373.41 sec. (478486.69 ticks, tree = 323.71 MB, solutions = 11)
  21899 12643     1276.6334    38     1280.0000      563.0000  2928466   56.02%
  22142 12866      791.3362   102     1280.0000      563.1569  2947792   56.00%
  22357 13064     1073.5760    98     1280.0000      563.3276  2968579   55.99%
  22652 13316     1265.3576    91     1280.0000      563.6283  2986186   55.97%
  22993 13626     1196.0000    87     1280.0000      564.2643  3006813   55.92%
  23216 13819     1265.9109    52     1280.0000      564.7408  3023615   55.88%
  23478 14066     1265.4523    38     1280.0000      564.8933  3038390   55.87%
  23619 14195      953.0000   112     1280.0000      564.9571  3058907   55.86%
  23955 14518     1266.0000    52     1280.0000      565.0355  3076739   55.86%
  24151 14689      577.0523   179     1280.0000      565.0355  3095418   55.86%
Elapsed time = 407.96 sec. (517192.26 ticks, tree = 391.70 MB, solutions = 11)
  24387 14915      926.2801    93     1280.0000      565.0497  3115710   55.86%
  24661 15166     1266.8164    42     1280.0000      565.1048  3141089   55.85%
  25042 15520     1278.3974    44     1280.0000      565.2046  3165407   55.84%
  25317 15768     1246.8245    83     1280.0000      565.5502  3186946   55.82%
  25623 16043     1150.6324    66     1280.0000      566.0256  3207405   55.78%
  25819 16205      953.3169   114     1280.0000      566.9530  3228329   55.71%
  26054 16419     1255.4738    59     1280.0000      567.1030  3244947   55.70%
  26371 16721      606.9150   171     1280.0000      567.1538  3268265   55.69%
  26686 17016     1278.4604    43     1280.0000      567.3188  3291369   55.68%
  26962 17265     1170.5398   108     1280.0000      567.5280  3312185   55.66%
Elapsed time = 436.49 sec. (555838.72 ticks, tree = 476.26 MB, solutions = 11)
  27177 17463     1249.0000    26     1280.0000      567.6705  3332861   55.65%
  27439 17703     1276.6780    39     1280.0000      568.0041  3357713   55.62%
  27783 18020    infeasible           1280.0000      568.2465  3375656   55.61%
  28072 18278     1003.0000    78     1280.0000      568.5690  3395007   55.58%
  28331 18501     1277.9253    63     1280.0000      569.1082  3412741   55.54%
  28604 18749     1270.0000    32     1280.0000      569.3287  3429963   55.52%
  28814 18939     1277.9253    27     1280.0000      569.4210  3450320   55.51%
  29069 19156    infeasible           1280.0000      569.4714  3470867   55.51%
  29346 19411     1043.0000    76     1280.0000      569.6457  3488830   55.50%
  29498 19545      943.5428    92     1280.0000      569.7316  3508741   55.49%
Elapsed time = 464.81 sec. (594403.37 ticks, tree = 548.88 MB, solutions = 11)
  29767 19780     1255.1002    82     1280.0000      570.1143  3525086   55.46%
  30043 20042     1258.0000    57     1280.0000      570.1291  3541909   55.46%
  30374 20367     1260.0218    23     1280.0000      570.4937  3562703   55.43%
  30533 20499     1008.7709   107     1280.0000      570.7344  3583405   55.41%
  30759 20716     1279.0000    39     1280.0000      570.7503  3598722   55.41%
  31118 21060     1266.7668    45     1280.0000      570.9215  3617643   55.40%
  31351 21254      574.0806   183     1280.0000      571.4947  3634263   55.35%
  31565 21461     1267.0000    56     1280.0000      571.5293  3653518   55.35%
  31756 21622        cutoff           1280.0000      571.7162  3682247   55.33%
  31997 21848      893.0000    97     1280.0000      571.7861  3707002   55.33%
Elapsed time = 493.65 sec. (633231.73 ticks, tree = 588.23 MB, solutions = 11)
  32308 22148     1272.5000    69     1280.0000      571.7882  3726823   55.33%
  32534 22337     1267.2248    36     1280.0000      571.8670  3749959   55.32%
  32726 22499      893.0000   100     1280.0000      571.9386  3773709   55.32%
  33015 22775     1278.4513    36     1280.0000      572.0868  3794025   55.31%
  33296 23021     1271.8569    56     1280.0000      572.7520  3813815   55.25%
  33551 23251     1223.1050    83     1280.0000      572.9528  3836162   55.24%
  33804 23482     1260.3333    78     1280.0000      573.4069  3859088   55.20%
  34145 23787      699.7796   101     1280.0000      573.9211  3878594   55.16%
  34364 23968     1265.7941    98     1280.0000      574.0516  3897297   55.15%
  34669 24253      893.0000   121     1280.0000      574.3152  3916109   55.13%
Elapsed time = 522.75 sec. (672587.11 ticks, tree = 663.08 MB, solutions = 11)
  34951 24519      893.0000    72     1280.0000      574.3320  3939925   55.13%
  35315 24853     1272.5000    45     1280.0000      574.3698  3957991   55.13%
  35642 25166     1277.9792    46     1280.0000      574.3948  3978081   55.13%
  35917 25412     1265.9065    34     1280.0000      574.5623  3998825   55.11%
  36211 25661      575.1575   153     1280.0000      575.1575  4019908   55.07%
  36533 25966     1264.0000    45     1280.0000      575.4280  4039455   55.04%
  36651 26071      850.0083    94     1280.0000      575.5188  4059298   55.04%
  36847 26254     1268.6806    18     1280.0000      575.7612  4078236   55.02%
  36951 26337      956.3365    67     1280.0000      576.1382  4096333   54.99%
  37198 26568      953.0000    99     1280.0000      576.4887  4119385   54.96%
Elapsed time = 555.81 sec. (715703.81 ticks, tree = 731.63 MB, solutions = 11)
  37267 26622     1104.3181    86     1280.0000      576.5377  4129321   54.96%
  37370 26706     1236.6204    80     1280.0000      576.8005  4140160   54.94%
  37549 26878     1277.9253    88     1280.0000      576.8111  4148071   54.94%
  37727 27014      576.8221   192     1280.0000      576.8221  4166978   54.94%
  37784 27068     1022.8910   109     1280.0000      576.8221  4173270   54.94%
  37951 27218     1278.4925    52     1280.0000      576.8621  4183909   54.93%
  38051 27305     1218.8482    96     1280.0000      576.8781  4195371   54.93%
  38232 27468     1200.5686    93     1280.0000      576.9144  4213271   54.93%
  38401 27623     1271.0559    47     1280.0000      577.0269  4224092   54.92%
  38553 27759     1266.8277    61     1280.0000      577.0523  4236674   54.92%
Elapsed time = 588.14 sec. (756415.51 ticks, tree = 765.06 MB, solutions = 11)
  38740 27930     1107.9720    78     1280.0000      577.1085  4253537   54.91%
  38864 28033        cutoff           1280.0000      577.1272  4269225   54.91%
  38951 28107      943.0000    88     1280.0000      577.2226  4281152   54.90%

Clique cuts applied:  1
Implied bound cuts applied:  124
Flow cuts applied:  268
Mixed integer rounding cuts applied:  162
Zero-half cuts applied:  2
Lift and project cuts applied:  9

Root node processing (before b&c):
  Real time             =    2.22 sec. (3092.97 ticks)
Sequential b&c:
  Real time             =  597.78 sec. (768214.35 ticks)
                          ------------
Total (root+branch&cut) =  600.00 sec. (771307.32 ticks)
